Started by user ha:////4JOcU/mh09pZZJlvzRwyRDL5asP0q+2w4YitO56NODBaAAAAnB+LCAAAAAAAAP9b85aBtbiIQTGjNKU4P08vOT+vOD8nVc83PyU1x6OyILUoJzMv2y+/JJUBAhiZGBgqihhk0NSjKDWzXb3RdlLBUSYGJk8GtpzUvPSSDB8G5tKinBIGIZ+sxLJE/ZzEvHT94JKizLx0a6BxUmjGOUNodHsLgAz+EgYB/dLi1CL9lKL8lKLM9NLUKgADuwiHxQAAAA==David Rodriguez
Running as SYSTEM
Building remotely on ha:////4N7jZd0v26BNtfkgVTccwYPZazKEYoYHMdZc8nDsDbHwAAAAqR+LCAAAAAAAAP9b85aBtbiIQTGjNKU4P08vOT+vOD8nVc83PyU1x6OyILUoJzMv2y+/JJUBAhiZGBgqihhk0NSjKDWzXb3RdlLBUSYGJk8GtpzUvPSSDB8G5tKinBIGIZ+sxLJE/ZzEvHT94JKizLx0a6BxUmjGOUNodHsLgAzhEgZZ/eT83ILSktQi/azUvOzMvGLd4pzEslTdktTiEkMAXjaCdtIAAAA=jenkins-slave-test1 in workspace /data/jenkins_home/workspace/admin-ui-4.2
Executor number at runtime: 0
(p4):cmd:... p4 login -s
p4 login -s

User compil ticket expires in 27777 hours 43 minutes.

(p4):stop:3
(p4):cmd:... p4 client -o jenkins-jenkins-slave-test1-admin-ui-4.2-0
p4 client -o jenkins-jenkins-slave-test1-admin-ui-4.2-0

(p4):stop:4
(p4):cmd:... p4 info
p4 info

(p4):stop:5
(p4):cmd:... p4 info
p4 info

(p4):stop:6
(p4):cmd:... p4 client -o jenkins-jenkins-slave-test1-admin-ui-4.2-0
p4 client -o jenkins-jenkins-slave-test1-admin-ui-4.2-0

(p4):stop:7
(p4):cmd:... p4 counter change
p4 counter change

(p4):stop:8
(p4):cmd:... p4 changes -m1 -ssubmitted //jenkins-jenkins-slave-test1-admin-ui-4.2-0/...
p4 changes -m1 -ssubmitted //jenkins-jenkins-slave-test1-admin-ui-4.2-0/...

Change 290033 on 2018/11/16 by davidt@FR-NBSPT6 '<admin-ui-4.2*SCH> IT test fail'
(p4):stop:9
(p4):cmd:... p4 counter change
p4 counter change

(p4):stop:10
(p4):cmd:... p4 changes -m1 -ssubmitted //jenkins-jenkins-slave-test1-admin-ui-4.2-0/...@289033,___
p4 changes -m1 -ssubmitted //jenkins-jenkins-slave-test1-admin-ui-4.2-0/...@289033,290033

Change 290033 on 2018/11/16 by davidt@FR-NBSPT6 '<admin-ui-4.2*SCH> IT test fail'
(p4):stop:11
P4: builds: 290033 
(p4):cmd:... p4 login -s
p4 login -s

User compil ticket expires in 27777 hours 43 minutes.

(p4):stop:3
(p4):cmd:... p4 client -o jenkins-jenkins-slave-test1-admin-ui-4.2-0
p4 client -o jenkins-jenkins-slave-test1-admin-ui-4.2-0

(p4):stop:4
(p4):cmd:... p4 info
p4 info

(p4):stop:5
(p4):cmd:... p4 info
p4 info

(p4):stop:6
(p4):cmd:... p4 client -o jenkins-jenkins-slave-test1-admin-ui-4.2-0
p4 client -o jenkins-jenkins-slave-test1-admin-ui-4.2-0

(p4):stop:7

P4 Task: establishing connection.
... server: 10.21.2.205:1667
... node: ip-10-21-2-84
Building on Node: jenkins-slave-test1
(p4):cmd:... p4 login -s
p4 login -s

User compil ticket expires in 27777 hours 43 minutes.

(p4):stop:3
(p4):cmd:... p4 client -o jenkins-jenkins-slave-test1-admin-ui-4.2-0
p4 client -o jenkins-jenkins-slave-test1-admin-ui-4.2-0

(p4):stop:4
(p4):cmd:... p4 info
p4 info

(p4):stop:5
(p4):cmd:... p4 info
p4 info

(p4):stop:6
(p4):cmd:... p4 client -o jenkins-jenkins-slave-test1-admin-ui-4.2-0
p4 client -o jenkins-jenkins-slave-test1-admin-ui-4.2-0

(p4):stop:7

P4 Task: establishing connection.
... server: 10.21.2.205:1667
... node: ip-10-21-2-84

P4 Task: reverting all pending and shelved revisions.
(p4):cmd:... p4 revert /data/jenkins_home/workspace/admin-ui-4.2/...
p4 revert /data/jenkins_home/workspace/admin-ui-4.2/...

/data/jenkins_home/workspace/admin-ui-4.2/... - file(s) not opened on this client.

(p4):stop:8
... rm [abandoned files]
duration: (841ms)

P4 Task: cleaning workspace to match have list.
(p4):cmd:... p4 reconcile -f -w /data/jenkins_home/workspace/admin-ui-4.2/...
p4 reconcile -f -w /data/jenkins_home/workspace/admin-ui-4.2/...

/data/jenkins_home/workspace/admin-ui-4.2/... - no file(s) to reconcile.

(p4):stop:9
duration: 0m 1s

P4 Task: syncing files at change: 290033
(p4):cmd:... p4 sync -q /data/jenkins_home/workspace/admin-ui-4.2/...@290033
p4 sync -q /data/jenkins_home/workspace/admin-ui-4.2/...@290033

(p4):stop:10
duration: (848ms)

P4: saving built changes.
Found last change 290033 on syncID jenkins-NODE_NAME-admin-ui-4.2-EXECUTOR_NUMBER
(p4):cmd:... p4 login -s
p4 login -s

User compil ticket expires in 27777 hours 42 minutes.

(p4):stop:3
(p4):cmd:... p4 client -o jenkins-jenkins-slave-test1-admin-ui-4.2-0
p4 client -o jenkins-jenkins-slave-test1-admin-ui-4.2-0

(p4):stop:4
(p4):cmd:... p4 info
p4 info

(p4):stop:5
(p4):cmd:... p4 info
p4 info

(p4):stop:6
(p4):cmd:... p4 client -o jenkins-jenkins-slave-test1-admin-ui-4.2-0
p4 client -o jenkins-jenkins-slave-test1-admin-ui-4.2-0

(p4):stop:7
(p4):cmd:... p4 login -s
p4 login -s

User compil ticket expires in 27777 hours 42 minutes.

(p4):stop:3
(p4):cmd:... p4 client -o jenkins-jenkins-slave-test1-admin-ui-4.2-0
p4 client -o jenkins-jenkins-slave-test1-admin-ui-4.2-0

(p4):stop:4
(p4):cmd:... p4 info
p4 info

(p4):stop:5
(p4):cmd:... p4 info
p4 info

(p4):stop:6
(p4):cmd:... p4 client -o jenkins-jenkins-slave-test1-admin-ui-4.2-0
p4 client -o jenkins-jenkins-slave-test1-admin-ui-4.2-0

(p4):stop:7
... done

[admin-ui-4.2] $ /data/jenkins_home/tools/apache-maven-3.6.3/bin/mvn -s /data/jenkins_home/maven_repository/settings.xml -Pmycomci clean deploy -B -U -Dit.skip=true
Java HotSpot(TM) 64-Bit Server VM warning: ignoring option MaxPermSize=2024m; support was removed in 8.0
[INFO] Scanning for projects...
[INFO] Downloading from mycomosi: https://repositories.mycom-osi.com/repository/mycomosi/com/mycom/kernel/nova-webapp-parent/4.2.2-SNAPSHOT/maven-metadata.xml
[INFO] Downloaded from mycomosi: https://repositories.mycom-osi.com/repository/mycomosi/com/mycom/kernel/nova-webapp-parent/4.2.2-SNAPSHOT/maven-metadata.xml (615 B at 302 B/s)
[INFO] Downloading from mycomosi: https://repositories.mycom-osi.com/repository/mycomosi/com/mycom/kernel/nova-parent/4.2.2-SNAPSHOT/maven-metadata.xml
[INFO] Downloaded from mycomosi: https://repositories.mycom-osi.com/repository/mycomosi/com/mycom/kernel/nova-parent/4.2.2-SNAPSHOT/maven-metadata.xml (608 B at 32 kB/s)
[INFO] Downloading from mycomosi: https://repositories.mycom-osi.com/repository/mycomosi/com/mycom/kernel/kernel-lineup/4.2.2-SNAPSHOT/maven-metadata.xml
[INFO] Downloaded from mycomosi: https://repositories.mycom-osi.com/repository/mycomosi/com/mycom/kernel/kernel-lineup/4.2.2-SNAPSHOT/maven-metadata.xml (608 B at 34 kB/s)
[INFO] 
[INFO] ---------------------< com.mycom.kernel:admin.ui >----------------------
[INFO] Building admin.ui 4.2-SNAPSHOT
[INFO] --------------------------------[ war ]---------------------------------
[INFO] Downloading from mycomosi: https://repositories.mycom-osi.com/repository/mycomosi/com/mycom/kernel/admin-api/4.2-SNAPSHOT/maven-metadata.xml
[INFO] Downloaded from mycomosi: https://repositories.mycom-osi.com/repository/mycomosi/com/mycom/kernel/admin-api/4.2-SNAPSHOT/maven-metadata.xml (775 B at 20 kB/s)
[INFO] Downloading from mycomosi: https://repositories.mycom-osi.com/repository/mycomosi/com/mycom/kernel/xlgeo-conf/4.2-SNAPSHOT/maven-metadata.xml
[INFO] Downloaded from mycomosi: https://repositories.mycom-osi.com/repository/mycomosi/com/mycom/kernel/xlgeo-conf/4.2-SNAPSHOT/maven-metadata.xml (776 B at 22 kB/s)
[INFO] Downloading from mycomosi: https://repositories.mycom-osi.com/repository/mycomosi/com/mycom/kernel/nova.oauth-agent/4.2-SNAPSHOT/maven-metadata.xml
[INFO] Downloaded from mycomosi: https://repositories.mycom-osi.com/repository/mycomosi/com/mycom/kernel/nova.oauth-agent/4.2-SNAPSHOT/maven-metadata.xml (782 B at 60 kB/s)
[INFO] Downloading from mycomosi: https://repositories.mycom-osi.com/repository/mycomosi/com/mycom/kernel/mdds-roles/4.2-SNAPSHOT/maven-metadata.xml
[INFO] Downloaded from mycomosi: https://repositories.mycom-osi.com/repository/mycomosi/com/mycom/kernel/mdds-roles/4.2-SNAPSHOT/maven-metadata.xml (990 B at 82 kB/s)
[INFO] Downloading from mycomosi: https://repositories.mycom-osi.com/repository/mycomosi/com/mycom/kernel/legacy-parent/4.2.2-SNAPSHOT/maven-metadata.xml
[INFO] Downloaded from mycomosi: https://repositories.mycom-osi.com/repository/mycomosi/com/mycom/kernel/legacy-parent/4.2.2-SNAPSHOT/maven-metadata.xml (608 B at 51 kB/s)
[INFO] Downloading from mycomosi: https://repositories.mycom-osi.com/repository/mycomosi/com/mycom/kernel/nims-auth-api/4.2-SNAPSHOT/maven-metadata.xml
[INFO] Downloaded from mycomosi: https://repositories.mycom-osi.com/repository/mycomosi/com/mycom/kernel/nims-auth-api/4.2-SNAPSHOT/maven-metadata.xml (985 B at 90 kB/s)
[INFO] Downloading from mycomosi: https://repositories.mycom-osi.com/repository/mycomosi/com/mycom/mycom-junit-filecmp/1.0-SNAPSHOT/maven-metadata.xml
[INFO] Downloaded from mycomosi: https://repositories.mycom-osi.com/repository/mycomosi/com/mycom/mycom-junit-filecmp/1.0-SNAPSHOT/maven-metadata.xml (772 B at 55 kB/s)
[INFO] 
ha:////4G9Q6ADaTqspaSm5jv5ujv1oNOop6vLQD1c8O/vlcCa0AAAAYB+LCAAAAAAAAP9b85aBtbiIQSmjNKU4P0+vJLE4u1gvPjexLDVPzxdEGvvmZ+X75ZekLlOVfvTjc8FPJgaGiiIGKaiG5Py84vycVD1nCA1SyAABjCCFBQCV27OjYAAAAA==[INFO] --- maven-clean-plugin:2.5:clean (default-clean) @ admin.ui ---
[INFO] 
ha:////4G9Q6ADaTqspaSm5jv5ujv1oNOop6vLQD1c8O/vlcCa0AAAAYB+LCAAAAAAAAP9b85aBtbiIQSmjNKU4P0+vJLE4u1gvPjexLDVPzxdEGvvmZ+X75ZekLlOVfvTjc8FPJgaGiiIGKaiG5Py84vycVD1nCA1SyAABjCCFBQCV27OjYAAAAA==[INFO] --- maven-enforcer-plugin:1.0.1:enforce (enforce-versions) @ admin.ui ---
[INFO] 
ha:////4G9Q6ADaTqspaSm5jv5ujv1oNOop6vLQD1c8O/vlcCa0AAAAYB+LCAAAAAAAAP9b85aBtbiIQSmjNKU4P0+vJLE4u1gvPjexLDVPzxdEGvvmZ+X75ZekLlOVfvTjc8FPJgaGiiIGKaiG5Py84vycVD1nCA1SyAABjCCFBQCV27OjYAAAAA==[INFO] --- build-helper-maven-plugin:1.5:parse-version (parse-version) @ admin.ui ---
[INFO] 
ha:////4G9Q6ADaTqspaSm5jv5ujv1oNOop6vLQD1c8O/vlcCa0AAAAYB+LCAAAAAAAAP9b85aBtbiIQSmjNKU4P0+vJLE4u1gvPjexLDVPzxdEGvvmZ+X75ZekLlOVfvTjc8FPJgaGiiIGKaiG5Py84vycVD1nCA1SyAABjCCFBQCV27OjYAAAAA==[INFO] --- properties-maven-plugin:2.0.1:read-project-properties (default) @ admin.ui ---
[INFO] 
ha:////4G9Q6ADaTqspaSm5jv5ujv1oNOop6vLQD1c8O/vlcCa0AAAAYB+LCAAAAAAAAP9b85aBtbiIQSmjNKU4P0+vJLE4u1gvPjexLDVPzxdEGvvmZ+X75ZekLlOVfvTjc8FPJgaGiiIGKaiG5Py84vycVD1nCA1SyAABjCCFBQCV27OjYAAAAA==[INFO] --- mycom-build-info-plugin:1.0.14:create (vernum) @ admin.ui ---
[INFO] executing command `/bin/sh -c p4 -d /data/jenkins_home/workspace/admin-ui-4.2 changes -m1 ...`
[INFO] ------------------------------------------------------------------------
[INFO] BUILD FAILURE
[INFO] ------------------------------------------------------------------------
[INFO] Total time:  5.102 s
[INFO] Finished at: 2020-04-17T00:14:06Z
[INFO] ------------------------------------------------------------------------
ha:////4Lo+a7u/lzaTkq1HGH3U8JSMfSgah36g77z15FvpSvDYAAAAYB+LCAAAAAAAAP9b85aBtbiIQSmjNKU4P0+vJLE4u1gvPjexLDVPzxdEuhYV5Rf55ZekOlc7RKnPKH7IxMBQUcQgBdWQnJ9XnJ+TqucMoUEKGSCAEaSwAACsNFCqYAAAAA==[ERROR] Failed to execute goal com.mycom:mycom-build-info-plugin:1.0.14:create (vernum) on project admin.ui: Unable to fetch p4 head version for path/data/jenkins_home/workspace/admin-ui-4.2: P4 process `/bin/sh -c p4 -d /data/jenkins_home/workspace/admin-ui-4.2 changes -m1 ...` returned error code;rc;1;Error message;... - must create client 'ip-10-21-2-84' to access local files. -> [Help 1]
ha:////4Lo+a7u/lzaTkq1HGH3U8JSMfSgah36g77z15FvpSvDYAAAAYB+LCAAAAAAAAP9b85aBtbiIQSmjNKU4P0+vJLE4u1gvPjexLDVPzxdEuhYV5Rf55ZekOlc7RKnPKH7IxMBQUcQgBdWQnJ9XnJ+TqucMoUEKGSCAEaSwAACsNFCqYAAAAA==[ERROR] 
ha:////4Lo+a7u/lzaTkq1HGH3U8JSMfSgah36g77z15FvpSvDYAAAAYB+LCAAAAAAAAP9b85aBtbiIQSmjNKU4P0+vJLE4u1gvPjexLDVPzxdEuhYV5Rf55ZekOlc7RKnPKH7IxMBQUcQgBdWQnJ9XnJ+TqucMoUEKGSCAEaSwAACsNFCqYAAAAA==[ERROR] To see the full stack trace of the errors, re-run Maven with the -e switch.
ha:////4Lo+a7u/lzaTkq1HGH3U8JSMfSgah36g77z15FvpSvDYAAAAYB+LCAAAAAAAAP9b85aBtbiIQSmjNKU4P0+vJLE4u1gvPjexLDVPzxdEuhYV5Rf55ZekOlc7RKnPKH7IxMBQUcQgBdWQnJ9XnJ+TqucMoUEKGSCAEaSwAACsNFCqYAAAAA==[ERROR] Re-run Maven using the -X switch to enable full debug logging.
ha:////4Lo+a7u/lzaTkq1HGH3U8JSMfSgah36g77z15FvpSvDYAAAAYB+LCAAAAAAAAP9b85aBtbiIQSmjNKU4P0+vJLE4u1gvPjexLDVPzxdEuhYV5Rf55ZekOlc7RKnPKH7IxMBQUcQgBdWQnJ9XnJ+TqucMoUEKGSCAEaSwAACsNFCqYAAAAA==[ERROR] 
ha:////4Lo+a7u/lzaTkq1HGH3U8JSMfSgah36g77z15FvpSvDYAAAAYB+LCAAAAAAAAP9b85aBtbiIQSmjNKU4P0+vJLE4u1gvPjexLDVPzxdEuhYV5Rf55ZekOlc7RKnPKH7IxMBQUcQgBdWQnJ9XnJ+TqucMoUEKGSCAEaSwAACsNFCqYAAAAA==[ERROR] For more information about the errors and possible solutions, please read the following articles:
ha:////4Lo+a7u/lzaTkq1HGH3U8JSMfSgah36g77z15FvpSvDYAAAAYB+LCAAAAAAAAP9b85aBtbiIQSmjNKU4P0+vJLE4u1gvPjexLDVPzxdEuhYV5Rf55ZekOlc7RKnPKH7IxMBQUcQgBdWQnJ9XnJ+TqucMoUEKGSCAEaSwAACsNFCqYAAAAA==[ERROR] [Help 1] http://cwiki.apache.org/confluence/display/MAVEN/MojoExecutionException
Build step 'Invoke top-level Maven targets' marked build as failure
An attempt to send an e-mail to empty list of recipients, ignored.
Recording test results
ERROR: Step ‘Publish JUnit test result report’ failed: No test report files were found. Configuration error?
Finished: FAILURE

