<?xml version="1.0" encoding="UTF-8"?>
<testsuites>
   <testsuite name="ZuulSetUPTests" tests="1" failures="0" errors="0" skipped=""
              time="0.335927"
              timestamp="">
      <testcase classname="ZuulSetUPTests" name="testSiteInformation" time="0.335927"
                assertions="0"/>
   </testsuite>
   <testsuite name="ZuulDimmerTest" tests="14" failures="2" errors="0" skipped=""
              time="0.366082"
              timestamp="">
      <testcase classname="ZuulDimmerTest" name="testDimmerDataProvider" time="0.012597"
                assertions="0"/>
      <testcase classname="ZuulDimmerTest" name="testDimmerPowerDataProvider" time="0.004875"
                assertions="0"/>
      <testcase classname="ZuulDimmerTest" name="testDimmerDimLevelDataProvider"
                time="0.004648"
                assertions="0"/>
      <testcase classname="ZuulDimmerTest" name="testSiteInformation" time="0.326285"
                assertions="0"/>
   </testsuite>
   <testsuite name="ZuulDimmerTest::testDimmerGetStatus" tests="2" failures="0" errors="0"
              skipped=""
              time="0.010961"
              timestamp="">
      <testcase name="testDimmerGetStatus with data set #0" time="0.010158" assertions="8"/>
      <testcase name="testDimmerGetStatus with data set #1" time="0.000803" assertions="8"/>
   </testsuite>
   <testsuite name="ZuulDimmerTest::testDimmerPowerModes" tests="4" failures="0" errors="0"
              skipped=""
              time="0.002505"
              timestamp="">
      <testcase name="testDimmerPowerModes with data set #0" time="0.000642" assertions="1"/>
      <testcase name="testDimmerPowerModes with data set #1" time="0.000642" assertions="1"/>
      <testcase name="testDimmerPowerModes with data set #2" time="0.000613" assertions="1"/>
      <testcase name="testDimmerPowerModes with data set #3" time="0.000608" assertions="1"/>
   </testsuite>
   <testsuite name="ZuulDimmerTest::testDimmerDimLevels" tests="4" failures="2" errors="0"
              skipped=""
              time="0.004210"
              timestamp="">
      <testcase name="testDimmerDimLevels with data set #0" time="0.001849" assertions="1">
         <failure message="" type="PHPUnit_Framework_ExpectationFailedException">ZuulDimmerTest::testDimmerDimLevels with data set #0 ('10.38.0.126', 'FSm3cLFP1Akrv8dMOSvl', stdClass)
The Dimmer [FSm3cLFP1Akrv8dMOSvl] failed to respond to the action [DIM_RELATIVE]. Expected response [25]
Array
(
    [0] =&gt; Array
        (
            [0] =&gt; stdClass Object
                (
                    [DeviceCD] =&gt; FSm3cLFP1Akrv8dMOSvl
                    [OnlineState] =&gt; 1
                    [OnlineLast] =&gt; 1367252891
                    [DimLevel] =&gt; 29
                    [ChangeTime] =&gt; 1367252891
                )

        )

)

Failed asserting that false is true.

/var/lib/jenkins/jobs/SVN-repository/workspace/Candi-UnitTest/Zuul/devices/zuulDimmerTest.php:89
/var/lib/jenkins/jobs/SVN-repository/workspace/Candi-UnitTest/VisualPHPUnit/app/lib/VPU.php:483
</failure>
      </testcase>
      <testcase name="testDimmerDimLevels with data set #1" time="0.000769" assertions="1"/>
      <testcase name="testDimmerDimLevels with data set #2" time="0.000946" assertions="1">
         <failure message="" type="PHPUnit_Framework_ExpectationFailedException">ZuulDimmerTest::testDimmerDimLevels with data set #2 ('10.38.0.126', 'jlTmqtsv5lZ2OlOLbZIY', stdClass)
The Dimmer [jlTmqtsv5lZ2OlOLbZIY] failed to respond to the action [DIM_RELATIVE]. Expected response [25]
Array
(
    [0] =&gt; Array
        (
            [0] =&gt; stdClass Object
                (
                    [DeviceCD] =&gt; jlTmqtsv5lZ2OlOLbZIY
                    [OnlineState] =&gt; 1
                    [OnlineLast] =&gt; 1367252933
                    [DimLevel] =&gt; 29
                    [ChangeTime] =&gt; 1367252932
                )

        )

)

Failed asserting that false is true.

/var/lib/jenkins/jobs/SVN-repository/workspace/Candi-UnitTest/Zuul/devices/zuulDimmerTest.php:89
/var/lib/jenkins/jobs/SVN-repository/workspace/Candi-UnitTest/VisualPHPUnit/app/lib/VPU.php:483
</failure>
      </testcase>
      <testcase name="testDimmerDimLevels with data set #3" time="0.000646" assertions="1"/>
   </testsuite>
</testsuites>