<?xml version="1.0" encoding="UTF-8" ?>
<testsuite errors="0" failures="0" name="org.jboss.test.cluster.test.ScopedTestCase(Default-TCP)" tests="10" time="14.999">
  <properties>
     <!-- .... bazillions of properties .... -->
  </properties>
  <testcase classname="org.jboss.test.cluster.test.ScopedTestCase" name="testNonPrimitiveGet" time="1.227"></testcase>
  <testcase classname="org.jboss.test.cluster.test.ScopedTestCase" name="testNonPrimitiveModify" time="0.643"></testcase>
  <system-out><![CDATA[]]></system-out>
  <system-err><![CDATA[]]></system-err>
</testsuite>

