<?xml version="1.0" encoding="UTF-8"?>
<testsuite xmlns:xsi="http://www.w3.org/2001/XMLSchema-instance" xsi:schemaLocation="https://maven.apache.org/surefire/maven-surefire-plugin/xsd/surefire-test-report.xsd" name="InjectedTest" time="19.782" tests="5" errors="5" skipped="0" failures="0">
  <properties>
[...]
</properties>
  <testcase name="org.jvnet.hudson.test.JellyTestSuiteBuilder$JellyTestSuite" classname="org.jvnet.hudson.test.junit.FailedTest" time="0.009">
    <error message="java.lang.Error: java.lang.reflect.InvocationTargetException" type="org.jvnet.hudson.reactor.ReactorException"><![CDATA[org.jvnet.hudson.reactor.ReactorException: java.lang.Error: java.lang.reflect.InvocationTargetException
	at org.jvnet.hudson.reactor.Reactor.execute(Reactor.java:269)
	at jenkins.InitReactorRunner.run(InitReactorRunner.java:45)
	at jenkins.model.Jenkins.executeReactor(Jenkins.java:1009)
	at jenkins.model.Jenkins.<init>(Jenkins.java:877)
	at hudson.model.Hudson.<init>(Hudson.java:85)
	at org.jvnet.hudson.test.HudsonTestCase.newHudson(HudsonTestCase.java:494)
	at org.jvnet.hudson.test.HudsonTestCase.setUp(HudsonTestCase.java:325)
	at org.jvnet.hudson.test.JellyTestSuiteBuilder$JellyTestSuite.setUp(JellyTestSuiteBuilder.java:143)
	at org.jvnet.hudson.test.junit.GroupedTest.run(GroupedTest.java:49)
	at junit.framework.TestSuite.runTest(TestSuite.java:252)
	at junit.framework.TestSuite.run(TestSuite.java:247)
	at org.junit.internal.runners.JUnit38ClassRunner.run(JUnit38ClassRunner.java:86)
	at org.apache.maven.surefire.junit4.JUnit4Provider.execute(JUnit4Provider.java:367)
	at org.apache.maven.surefire.junit4.JUnit4Provider.executeWithRerun(JUnit4Provider.java:274)
	at org.apache.maven.surefire.junit4.JUnit4Provider.executeTestSet(JUnit4Provider.java:238)
	at org.apache.maven.surefire.junit4.JUnit4Provider.invoke(JUnit4Provider.java:161)
	at org.apache.maven.surefire.booter.ForkedBooter.invokeProviderInSameClassLoader(ForkedBooter.java:290)
	at org.apache.maven.surefire.booter.ForkedBooter.runSuitesInProcess(ForkedBooter.java:242)
	at org.apache.maven.surefire.booter.ForkedBooter.main(ForkedBooter.java:121)
Caused by: java.lang.Error: java.lang.reflect.InvocationTargetException
	at hudson.init.TaskMethodFinder.invoke(TaskMethodFinder.java:110)
	at hudson.init.TaskMethodFinder$TaskImpl.run(TaskMethodFinder.java:175)
	at org.jvnet.hudson.reactor.Reactor.runTask(Reactor.java:282)
	at jenkins.model.Jenkins$7.runTask(Jenkins.java:998)
	at org.jvnet.hudson.reactor.Reactor$2.run(Reactor.java:210)
	at org.jvnet.hudson.reactor.Reactor$Node.run(Reactor.java:117)
	at java.util.concurrent.ThreadPoolExecutor.runWorker(ThreadPoolExecutor.java:1142)
	at java.util.concurrent.ThreadPoolExecutor$Worker.run(ThreadPoolExecutor.java:617)
	at java.lang.Thread.run(Thread.java:745)
Caused by: java.lang.reflect.InvocationTargetException
	at sun.reflect.NativeMethodAccessorImpl.invoke0(Native Method)
	at sun.reflect.NativeMethodAccessorImpl.invoke(NativeMethodAccessorImpl.java:62)
	at sun.reflect.DelegatingMethodAccessorImpl.invoke(DelegatingMethodAccessorImpl.java:43)
	at java.lang.reflect.Method.invoke(Method.java:498)
	at hudson.init.TaskMethodFinder.invoke(TaskMethodFinder.java:104)
	... 8 more
Caused by: java.lang.IndexOutOfBoundsException: Index: 0, Size: 0
	at java.util.ArrayList.rangeCheck(ArrayList.java:653)
	at java.util.ArrayList.get(ArrayList.java:429)
	at hudson.ExtensionList.get(ExtensionList.java:171)
	at hudson.PluginManager$PluginUpdateMonitor.getInstance(PluginManager.java:1906)
	at hudson.maven.PluginImpl.init(PluginImpl.java:58)
	... 13 more
]]></error>
    <system-out><![CDATA[Exploding /Users/wguan/.m2/repository/org/jenkins-ci/main/jenkins-war/2.7.3/jenkins-war-2.7.3-war-for-test.jar into /Users/wguan/Desktop/sourceCode/blueOcean/test-blue/target/jenkins-for-test
]]></system-out>
    <system-err><![CDATA[Apr 12, 2017 2:31:10 PM org.eclipse.jetty.util.log.Log initialized
INFO: Logging initialized @522ms
Apr 12, 2017 2:31:15 PM org.eclipse.jetty.server.handler.ContextHandler setContextPath
WARNING: Empty contextPath
Apr 12, 2017 2:31:15 PM org.eclipse.jetty.server.Server doStart
INFO: jetty-9.2.12.v20150709
Apr 12, 2017 2:31:15 PM org.eclipse.jetty.webapp.StandardDescriptorProcessor visitServlet
INFO: NO JSP Support for /, did not find org.eclipse.jetty.jsp.JettyJspServlet
Apr 12, 2017 2:31:15 PM org.eclipse.jetty.server.handler.ContextHandler doStart
INFO: Started o.e.j.w.WebAppContext@12ffd1de{/,file:/Users/wguan/Desktop/sourceCode/blueOcean/test-blue/target/jenkins-for-test/,AVAILABLE}{/Users/wguan/Desktop/sourceCode/blueOcean/test-blue/target/jenkins-for-test}
Apr 12, 2017 2:31:15 PM org.eclipse.jetty.server.AbstractConnector doStart
INFO: Started ServerConnector@4dc8c0ea{HTTP/1.1}{localhost:64698}
Apr 12, 2017 2:31:15 PM org.eclipse.jetty.server.Server doStart
INFO: Started @5695ms
Apr 12, 2017 2:31:15 PM jenkins.InitReactorRunner$1 onAttained
INFO: Started initialization
Apr 12, 2017 2:31:27 PM jenkins.InitReactorRunner$1 onAttained
INFO: Listed all plugins
Apr 12, 2017 2:31:29 PM hudson.ExtensionFinder$GuiceFinder$SezpozModule configure
WARNING: Failed to load org.jenkinsci.plugins.workflow.cps.steps.LoadStep$DescriptorImpl
java.lang.NoClassDefFoundError: org/jenkinsci/plugins/structs/describable/UninstantiatedDescribable
	at java.lang.Class.getDeclaredMethods0(Native Method)
	at java.lang.Class.privateGetDeclaredMethods(Class.java:2701)
	at java.lang.Class.privateGetPublicMethods(Class.java:2902)
	at java.lang.Class.privateGetPublicMethods(Class.java:2917)
	at java.lang.Class.privateGetPublicMethods(Class.java:2917)
	at java.lang.Class.getMethods(Class.java:1615)
	at hudson.ExtensionFinder$GuiceFinder$SezpozModule.resolve(ExtensionFinder.java:477)
	at hudson.ExtensionFinder$GuiceFinder$SezpozModule.configure(ExtensionFinder.java:506)
	at com.google.inject.AbstractModule.configure(AbstractModule.java:62)
	at com.google.inject.spi.Elements$RecordingBinder.install(Elements.java:230)
	at com.google.inject.spi.Elements.getElements(Elements.java:103)
	at com.google.inject.internal.InjectorShell$Builder.build(InjectorShell.java:136)
	at com.google.inject.internal.InternalInjectorCreator.build(InternalInjectorCreator.java:104)
	at com.google.inject.Guice.createInjector(Guice.java:96)
	at com.google.inject.Guice.createInjector(Guice.java:73)
	at hudson.ExtensionFinder$GuiceFinder.<init>(ExtensionFinder.java:280)
	at sun.reflect.NativeConstructorAccessorImpl.newInstance0(Native Method)
	at sun.reflect.NativeConstructorAccessorImpl.newInstance(NativeConstructorAccessorImpl.java:62)
	at sun.reflect.DelegatingConstructorAccessorImpl.newInstance(DelegatingConstructorAccessorImpl.java:45)
	at java.lang.reflect.Constructor.newInstance(Constructor.java:423)
	at java.lang.Class.newInstance(Class.java:442)
	at net.java.sezpoz.IndexItem.instance(IndexItem.java:181)
	at hudson.ExtensionFinder$Sezpoz._find(ExtensionFinder.java:634)
	at hudson.ExtensionFinder$Sezpoz.find(ExtensionFinder.java:609)
	at hudson.ClassicPluginStrategy.findComponents(ClassicPluginStrategy.java:477)
	at hudson.ExtensionList.load(ExtensionList.java:349)
	at hudson.ExtensionList.ensureLoaded(ExtensionList.java:287)
	at hudson.ExtensionList.getComponents(ExtensionList.java:167)
	at jenkins.model.Jenkins$8.onInitMilestoneAttained(Jenkins.java:1016)
	at jenkins.InitReactorRunner$1.onAttained(InitReactorRunner.java:80)
	at org.jvnet.hudson.reactor.ReactorListener$Aggregator.onAttained(ReactorListener.java:104)
	at org.jvnet.hudson.reactor.Reactor$1.run(Reactor.java:176)
	at org.jvnet.hudson.reactor.Reactor$Node.run(Reactor.java:117)
	at java.util.concurrent.ThreadPoolExecutor.runWorker(ThreadPoolExecutor.java:1142)
	at java.util.concurrent.ThreadPoolExecutor$Worker.run(ThreadPoolExecutor.java:617)
	at java.lang.Thread.run(Thread.java:745)
Caused by: java.lang.ClassNotFoundException: org.jenkinsci.plugins.structs.describable.UninstantiatedDescribable
	at java.net.URLClassLoader.findClass(URLClassLoader.java:381)
	at java.lang.ClassLoader.loadClass(ClassLoader.java:424)
	at sun.misc.Launcher$AppClassLoader.loadClass(Launcher.java:331)
	at java.lang.ClassLoader.loadClass(ClassLoader.java:357)
	... 36 more

Apr 12, 2017 2:31:29 PM hudson.ExtensionFinder$GuiceFinder$SezpozModule configure
WARNING: Failed to load org.jenkinsci.plugins.workflow.cps.steps.ParallelStep$DescriptorImpl
java.lang.NoClassDefFoundError: org/jenkinsci/plugins/structs/describable/UninstantiatedDescribable
	at java.lang.Class.getDeclaredMethods0(Native Method)
	at java.lang.Class.privateGetDeclaredMethods(Class.java:2701)
	at java.lang.Class.privateGetPublicMethods(Class.java:2902)
	at java.lang.Class.privateGetPublicMethods(Class.java:2917)
	at java.lang.Class.getMethods(Class.java:1615)
	at hudson.ExtensionFinder$GuiceFinder$SezpozModule.resolve(ExtensionFinder.java:477)
	at hudson.ExtensionFinder$GuiceFinder$SezpozModule.configure(ExtensionFinder.java:506)
	at com.google.inject.AbstractModule.configure(AbstractModule.java:62)
	at com.google.inject.spi.Elements$RecordingBinder.install(Elements.java:230)
	at com.google.inject.spi.Elements.getElements(Elements.java:103)
	at com.google.inject.internal.InjectorShell$Builder.build(InjectorShell.java:136)
	at com.google.inject.internal.InternalInjectorCreator.build(InternalInjectorCreator.java:104)
	at com.google.inject.Guice.createInjector(Guice.java:96)
	at com.google.inject.Guice.createInjector(Guice.java:73)
	at hudson.ExtensionFinder$GuiceFinder.<init>(ExtensionFinder.java:280)
	at sun.reflect.NativeConstructorAccessorImpl.newInstance0(Native Method)
	at sun.reflect.NativeConstructorAccessorImpl.newInstance(NativeConstructorAccessorImpl.java:62)
	at sun.reflect.DelegatingConstructorAccessorImpl.newInstance(DelegatingConstructorAccessorImpl.java:45)
	at java.lang.reflect.Constructor.newInstance(Constructor.java:423)
	at java.lang.Class.newInstance(Class.java:442)
	at net.java.sezpoz.IndexItem.instance(IndexItem.java:181)
	at hudson.ExtensionFinder$Sezpoz._find(ExtensionFinder.java:634)
	at hudson.ExtensionFinder$Sezpoz.find(ExtensionFinder.java:609)
	at hudson.ClassicPluginStrategy.findComponents(ClassicPluginStrategy.java:477)
	at hudson.ExtensionList.load(ExtensionList.java:349)
	at hudson.ExtensionList.ensureLoaded(ExtensionList.java:287)
	at hudson.ExtensionList.getComponents(ExtensionList.java:167)
	at jenkins.model.Jenkins$8.onInitMilestoneAttained(Jenkins.java:1016)
	at jenkins.InitReactorRunner$1.onAttained(InitReactorRunner.java:80)
	at org.jvnet.hudson.reactor.ReactorListener$Aggregator.onAttained(ReactorListener.java:104)
	at org.jvnet.hudson.reactor.Reactor$1.run(Reactor.java:176)
	at org.jvnet.hudson.reactor.Reactor$Node.run(Reactor.java:117)
	at java.util.concurrent.ThreadPoolExecutor.runWorker(ThreadPoolExecutor.java:1142)
	at java.util.concurrent.ThreadPoolExecutor$Worker.run(ThreadPoolExecutor.java:617)
	at java.lang.Thread.run(Thread.java:745)
Caused by: java.lang.ClassNotFoundException: org.jenkinsci.plugins.structs.describable.UninstantiatedDescribable
	at java.net.URLClassLoader.findClass(URLClassLoader.java:381)
	at java.lang.ClassLoader.loadClass(ClassLoader.java:424)
	at sun.misc.Launcher$AppClassLoader.loadClass(Launcher.java:331)
	at java.lang.ClassLoader.loadClass(ClassLoader.java:357)
	... 35 more

Apr 12, 2017 2:31:29 PM hudson.ExtensionFinder$GuiceFinder$SezpozModule configure
WARNING: Failed to load org.jenkinsci.plugins.workflow.steps.scm.GenericSCMStep$DescriptorImpl
java.lang.NoClassDefFoundError: org/jenkinsci/plugins/structs/describable/UninstantiatedDescribable
	at java.lang.Class.getDeclaredMethods0(Native Method)
	at java.lang.Class.privateGetDeclaredMethods(Class.java:2701)
	at java.lang.Class.privateGetPublicMethods(Class.java:2902)
	at java.lang.Class.privateGetPublicMethods(Class.java:2917)
	at java.lang.Class.privateGetPublicMethods(Class.java:2917)
	at java.lang.Class.privateGetPublicMethods(Class.java:2917)
	at java.lang.Class.getMethods(Class.java:1615)
	at hudson.ExtensionFinder$GuiceFinder$SezpozModule.resolve(ExtensionFinder.java:477)
	at hudson.ExtensionFinder$GuiceFinder$SezpozModule.configure(ExtensionFinder.java:506)
	at com.google.inject.AbstractModule.configure(AbstractModule.java:62)
	at com.google.inject.spi.Elements$RecordingBinder.install(Elements.java:230)
	at com.google.inject.spi.Elements.getElements(Elements.java:103)
	at com.google.inject.internal.InjectorShell$Builder.build(InjectorShell.java:136)
	at com.google.inject.internal.InternalInjectorCreator.build(InternalInjectorCreator.java:104)
	at com.google.inject.Guice.createInjector(Guice.java:96)
	at com.google.inject.Guice.createInjector(Guice.java:73)
	at hudson.ExtensionFinder$GuiceFinder.<init>(ExtensionFinder.java:280)
	at sun.reflect.NativeConstructorAccessorImpl.newInstance0(Native Method)
	at sun.reflect.NativeConstructorAccessorImpl.newInstance(NativeConstructorAccessorImpl.java:62)
	at sun.reflect.DelegatingConstructorAccessorImpl.newInstance(DelegatingConstructorAccessorImpl.java:45)
	at java.lang.reflect.Constructor.newInstance(Constructor.java:423)
	at java.lang.Class.newInstance(Class.java:442)
	at net.java.sezpoz.IndexItem.instance(IndexItem.java:181)
	at hudson.ExtensionFinder$Sezpoz._find(ExtensionFinder.java:634)
	at hudson.ExtensionFinder$Sezpoz.find(ExtensionFinder.java:609)
	at hudson.ClassicPluginStrategy.findComponents(ClassicPluginStrategy.java:477)
	at hudson.ExtensionList.load(ExtensionList.java:349)
	at hudson.ExtensionList.ensureLoaded(ExtensionList.java:287)
	at hudson.ExtensionList.getComponents(ExtensionList.java:167)
	at jenkins.model.Jenkins$8.onInitMilestoneAttained(Jenkins.java:1016)
	at jenkins.InitReactorRunner$1.onAttained(InitReactorRunner.java:80)
	at org.jvnet.hudson.reactor.ReactorListener$Aggregator.onAttained(ReactorListener.java:104)
	at org.jvnet.hudson.reactor.Reactor$1.run(Reactor.java:176)
	at org.jvnet.hudson.reactor.Reactor$Node.run(Reactor.java:117)
	at java.util.concurrent.ThreadPoolExecutor.runWorker(ThreadPoolExecutor.java:1142)
	at java.util.concurrent.ThreadPoolExecutor$Worker.run(ThreadPoolExecutor.java:617)
	at java.lang.Thread.run(Thread.java:745)
Caused by: java.lang.ClassNotFoundException: org.jenkinsci.plugins.structs.describable.UninstantiatedDescribable
	at java.net.URLClassLoader.findClass(URLClassLoader.java:381)
	at java.lang.ClassLoader.loadClass(ClassLoader.java:424)
	at sun.misc.Launcher$AppClassLoader.loadClass(Launcher.java:331)
	at java.lang.ClassLoader.loadClass(ClassLoader.java:357)
	... 37 more

Apr 12, 2017 2:31:29 PM hudson.ExtensionFinder$GuiceFinder$SezpozModule configure
WARNING: Failed to load org.jenkinsci.plugins.workflow.multibranch.JobPropertyStep$DescriptorImpl
java.lang.NoClassDefFoundError: org/jenkinsci/plugins/structs/describable/UninstantiatedDescribable
	at java.lang.Class.getDeclaredMethods0(Native Method)
	at java.lang.Class.privateGetDeclaredMethods(Class.java:2701)
	at java.lang.Class.privateGetPublicMethods(Class.java:2902)
	at java.lang.Class.privateGetPublicMethods(Class.java:2917)
	at java.lang.Class.privateGetPublicMethods(Class.java:2917)
	at java.lang.Class.getMethods(Class.java:1615)
	at hudson.ExtensionFinder$GuiceFinder$SezpozModule.resolve(ExtensionFinder.java:477)
	at hudson.ExtensionFinder$GuiceFinder$SezpozModule.configure(ExtensionFinder.java:506)
	at com.google.inject.AbstractModule.configure(AbstractModule.java:62)
	at com.google.inject.spi.Elements$RecordingBinder.install(Elements.java:230)
	at com.google.inject.spi.Elements.getElements(Elements.java:103)
	at com.google.inject.internal.InjectorShell$Builder.build(InjectorShell.java:136)
	at com.google.inject.internal.InternalInjectorCreator.build(InternalInjectorCreator.java:104)
	at com.google.inject.Guice.createInjector(Guice.java:96)
	at com.google.inject.Guice.createInjector(Guice.java:73)
	at hudson.ExtensionFinder$GuiceFinder.<init>(ExtensionFinder.java:280)
	at sun.reflect.NativeConstructorAccessorImpl.newInstance0(Native Method)
	at sun.reflect.NativeConstructorAccessorImpl.newInstance(NativeConstructorAccessorImpl.java:62)
	at sun.reflect.DelegatingConstructorAccessorImpl.newInstance(DelegatingConstructorAccessorImpl.java:45)
	at java.lang.reflect.Constructor.newInstance(Constructor.java:423)
	at java.lang.Class.newInstance(Class.java:442)
	at net.java.sezpoz.IndexItem.instance(IndexItem.java:181)
	at hudson.ExtensionFinder$Sezpoz._find(ExtensionFinder.java:634)
	at hudson.ExtensionFinder$Sezpoz.find(ExtensionFinder.java:609)
	at hudson.ClassicPluginStrategy.findComponents(ClassicPluginStrategy.java:477)
	at hudson.ExtensionList.load(ExtensionList.java:349)
	at hudson.ExtensionList.ensureLoaded(ExtensionList.java:287)
	at hudson.ExtensionList.getComponents(ExtensionList.java:167)
	at jenkins.model.Jenkins$8.onInitMilestoneAttained(Jenkins.java:1016)
	at jenkins.InitReactorRunner$1.onAttained(InitReactorRunner.java:80)
	at org.jvnet.hudson.reactor.ReactorListener$Aggregator.onAttained(ReactorListener.java:104)
	at org.jvnet.hudson.reactor.Reactor$1.run(Reactor.java:176)
	at org.jvnet.hudson.reactor.Reactor$Node.run(Reactor.java:117)
	at java.util.concurrent.ThreadPoolExecutor.runWorker(ThreadPoolExecutor.java:1142)
	at java.util.concurrent.ThreadPoolExecutor$Worker.run(ThreadPoolExecutor.java:617)
	at java.lang.Thread.run(Thread.java:745)
Caused by: java.lang.ClassNotFoundException: org.jenkinsci.plugins.structs.describable.UninstantiatedDescribable
	at java.net.URLClassLoader.findClass(URLClassLoader.java:381)
	at java.lang.ClassLoader.loadClass(ClassLoader.java:424)
	at sun.misc.Launcher$AppClassLoader.loadClass(Launcher.java:331)
	at java.lang.ClassLoader.loadClass(ClassLoader.java:357)
	... 36 more

Apr 12, 2017 2:31:29 PM hudson.ExtensionFinder$GuiceFinder$SezpozModule configure
WARNING: Failed to load org.jenkinsci.plugins.workflow.multibranch.ReadTrustedStep$DescriptorImpl
java.lang.NoClassDefFoundError: org/jenkinsci/plugins/structs/describable/UninstantiatedDescribable
	at java.lang.Class.getDeclaredMethods0(Native Method)
	at java.lang.Class.privateGetDeclaredMethods(Class.java:2701)
	at java.lang.Class.privateGetPublicMethods(Class.java:2902)
	at java.lang.Class.privateGetPublicMethods(Class.java:2917)
	at java.lang.Class.privateGetPublicMethods(Class.java:2917)
	at java.lang.Class.getMethods(Class.java:1615)
	at hudson.ExtensionFinder$GuiceFinder$SezpozModule.resolve(ExtensionFinder.java:477)
	at hudson.ExtensionFinder$GuiceFinder$SezpozModule.configure(ExtensionFinder.java:506)
	at com.google.inject.AbstractModule.configure(AbstractModule.java:62)
	at com.google.inject.spi.Elements$RecordingBinder.install(Elements.java:230)
	at com.google.inject.spi.Elements.getElements(Elements.java:103)
	at com.google.inject.internal.InjectorShell$Builder.build(InjectorShell.java:136)
	at com.google.inject.internal.InternalInjectorCreator.build(InternalInjectorCreator.java:104)
	at com.google.inject.Guice.createInjector(Guice.java:96)
	at com.google.inject.Guice.createInjector(Guice.java:73)
	at hudson.ExtensionFinder$GuiceFinder.<init>(ExtensionFinder.java:280)
	at sun.reflect.NativeConstructorAccessorImpl.newInstance0(Native Method)
	at sun.reflect.NativeConstructorAccessorImpl.newInstance(NativeConstructorAccessorImpl.java:62)
	at sun.reflect.DelegatingConstructorAccessorImpl.newInstance(DelegatingConstructorAccessorImpl.java:45)
	at java.lang.reflect.Constructor.newInstance(Constructor.java:423)
	at java.lang.Class.newInstance(Class.java:442)
	at net.java.sezpoz.IndexItem.instance(IndexItem.java:181)
	at hudson.ExtensionFinder$Sezpoz._find(ExtensionFinder.java:634)
	at hudson.ExtensionFinder$Sezpoz.find(ExtensionFinder.java:609)
	at hudson.ClassicPluginStrategy.findComponents(ClassicPluginStrategy.java:477)
	at hudson.ExtensionList.load(ExtensionList.java:349)
	at hudson.ExtensionList.ensureLoaded(ExtensionList.java:287)
	at hudson.ExtensionList.getComponents(ExtensionList.java:167)
	at jenkins.model.Jenkins$8.onInitMilestoneAttained(Jenkins.java:1016)
	at jenkins.InitReactorRunner$1.onAttained(InitReactorRunner.java:80)
	at org.jvnet.hudson.reactor.ReactorListener$Aggregator.onAttained(ReactorListener.java:104)
	at org.jvnet.hudson.reactor.Reactor$1.run(Reactor.java:176)
	at org.jvnet.hudson.reactor.Reactor$Node.run(Reactor.java:117)
	at java.util.concurrent.ThreadPoolExecutor.runWorker(ThreadPoolExecutor.java:1142)
	at java.util.concurrent.ThreadPoolExecutor$Worker.run(ThreadPoolExecutor.java:617)
	at java.lang.Thread.run(Thread.java:745)
Caused by: java.lang.ClassNotFoundException: org.jenkinsci.plugins.structs.describable.UninstantiatedDescribable
	at java.net.URLClassLoader.findClass(URLClassLoader.java:381)
	at java.lang.ClassLoader.loadClass(ClassLoader.java:424)
	at sun.misc.Launcher$AppClassLoader.loadClass(Launcher.java:331)
	at java.lang.ClassLoader.loadClass(ClassLoader.java:357)
	... 36 more

Apr 12, 2017 2:31:29 PM hudson.ExtensionFinder$GuiceFinder$SezpozModule configure
WARNING: Failed to load org.jenkinsci.plugins.workflow.multibranch.ResolveScmStep$DescriptorImpl
java.lang.NoClassDefFoundError: org/jenkinsci/plugins/structs/describable/UninstantiatedDescribable
	at java.lang.Class.getDeclaredMethods0(Native Method)
	at java.lang.Class.privateGetDeclaredMethods(Class.java:2701)
	at java.lang.Class.privateGetPublicMethods(Class.java:2902)
	at java.lang.Class.privateGetPublicMethods(Class.java:2917)
	at java.lang.Class.getMethods(Class.java:1615)
	at hudson.ExtensionFinder$GuiceFinder$SezpozModule.resolve(ExtensionFinder.java:477)
	at hudson.ExtensionFinder$GuiceFinder$SezpozModule.configure(ExtensionFinder.java:506)
	at com.google.inject.AbstractModule.configure(AbstractModule.java:62)
	at com.google.inject.spi.Elements$RecordingBinder.install(Elements.java:230)
	at com.google.inject.spi.Elements.getElements(Elements.java:103)
	at com.google.inject.internal.InjectorShell$Builder.build(InjectorShell.java:136)
	at com.google.inject.internal.InternalInjectorCreator.build(InternalInjectorCreator.java:104)
	at com.google.inject.Guice.createInjector(Guice.java:96)
	at com.google.inject.Guice.createInjector(Guice.java:73)
	at hudson.ExtensionFinder$GuiceFinder.<init>(ExtensionFinder.java:280)
	at sun.reflect.NativeConstructorAccessorImpl.newInstance0(Native Method)
	at sun.reflect.NativeConstructorAccessorImpl.newInstance(NativeConstructorAccessorImpl.java:62)
	at sun.reflect.DelegatingConstructorAccessorImpl.newInstance(DelegatingConstructorAccessorImpl.java:45)
	at java.lang.reflect.Constructor.newInstance(Constructor.java:423)
	at java.lang.Class.newInstance(Class.java:442)
	at net.java.sezpoz.IndexItem.instance(IndexItem.java:181)
	at hudson.ExtensionFinder$Sezpoz._find(ExtensionFinder.java:634)
	at hudson.ExtensionFinder$Sezpoz.find(ExtensionFinder.java:609)
	at hudson.ClassicPluginStrategy.findComponents(ClassicPluginStrategy.java:477)
	at hudson.ExtensionList.load(ExtensionList.java:349)
	at hudson.ExtensionList.ensureLoaded(ExtensionList.java:287)
	at hudson.ExtensionList.getComponents(ExtensionList.java:167)
	at jenkins.model.Jenkins$8.onInitMilestoneAttained(Jenkins.java:1016)
	at jenkins.InitReactorRunner$1.onAttained(InitReactorRunner.java:80)
	at org.jvnet.hudson.reactor.ReactorListener$Aggregator.onAttained(ReactorListener.java:104)
	at org.jvnet.hudson.reactor.Reactor$1.run(Reactor.java:176)
	at org.jvnet.hudson.reactor.Reactor$Node.run(Reactor.java:117)
	at java.util.concurrent.ThreadPoolExecutor.runWorker(ThreadPoolExecutor.java:1142)
	at java.util.concurrent.ThreadPoolExecutor$Worker.run(ThreadPoolExecutor.java:617)
	at java.lang.Thread.run(Thread.java:745)
Caused by: java.lang.ClassNotFoundException: org.jenkinsci.plugins.structs.describable.UninstantiatedDescribable
	at java.net.URLClassLoader.findClass(URLClassLoader.java:381)
	at java.lang.ClassLoader.loadClass(ClassLoader.java:424)
	at sun.misc.Launcher$AppClassLoader.loadClass(Launcher.java:331)
	at java.lang.ClassLoader.loadClass(ClassLoader.java:357)
	... 35 more

Apr 12, 2017 2:31:29 PM hudson.ExtensionFinder$GuiceFinder$SezpozModule configure
WARNING: Failed to load jenkins.plugins.git.GitStep$DescriptorImpl
java.lang.NoClassDefFoundError: org/jenkinsci/plugins/structs/describable/UninstantiatedDescribable
	at java.lang.Class.getDeclaredMethods0(Native Method)
	at java.lang.Class.privateGetDeclaredMethods(Class.java:2701)
	at java.lang.Class.privateGetPublicMethods(Class.java:2902)
	at java.lang.Class.privateGetPublicMethods(Class.java:2917)
	at java.lang.Class.privateGetPublicMethods(Class.java:2917)
	at java.lang.Class.privateGetPublicMethods(Class.java:2917)
	at java.lang.Class.getMethods(Class.java:1615)
	at hudson.ExtensionFinder$GuiceFinder$SezpozModule.resolve(ExtensionFinder.java:477)
	at hudson.ExtensionFinder$GuiceFinder$SezpozModule.configure(ExtensionFinder.java:506)
	at com.google.inject.AbstractModule.configure(AbstractModule.java:62)
	at com.google.inject.spi.Elements$RecordingBinder.install(Elements.java:230)
	at com.google.inject.spi.Elements.getElements(Elements.java:103)
	at com.google.inject.internal.InjectorShell$Builder.build(InjectorShell.java:136)
	at com.google.inject.internal.InternalInjectorCreator.build(InternalInjectorCreator.java:104)
	at com.google.inject.Guice.createInjector(Guice.java:96)
	at com.google.inject.Guice.createInjector(Guice.java:73)
	at hudson.ExtensionFinder$GuiceFinder.<init>(ExtensionFinder.java:280)
	at sun.reflect.NativeConstructorAccessorImpl.newInstance0(Native Method)
	at sun.reflect.NativeConstructorAccessorImpl.newInstance(NativeConstructorAccessorImpl.java:62)
	at sun.reflect.DelegatingConstructorAccessorImpl.newInstance(DelegatingConstructorAccessorImpl.java:45)
	at java.lang.reflect.Constructor.newInstance(Constructor.java:423)
	at java.lang.Class.newInstance(Class.java:442)
	at net.java.sezpoz.IndexItem.instance(IndexItem.java:181)
	at hudson.ExtensionFinder$Sezpoz._find(ExtensionFinder.java:634)
	at hudson.ExtensionFinder$Sezpoz.find(ExtensionFinder.java:609)
	at hudson.ClassicPluginStrategy.findComponents(ClassicPluginStrategy.java:477)
	at hudson.ExtensionList.load(ExtensionList.java:349)
	at hudson.ExtensionList.ensureLoaded(ExtensionList.java:287)
	at hudson.ExtensionList.getComponents(ExtensionList.java:167)
	at jenkins.model.Jenkins$8.onInitMilestoneAttained(Jenkins.java:1016)
	at jenkins.InitReactorRunner$1.onAttained(InitReactorRunner.java:80)
	at org.jvnet.hudson.reactor.ReactorListener$Aggregator.onAttained(ReactorListener.java:104)
	at org.jvnet.hudson.reactor.Reactor$1.run(Reactor.java:176)
	at org.jvnet.hudson.reactor.Reactor$Node.run(Reactor.java:117)
	at java.util.concurrent.ThreadPoolExecutor.runWorker(ThreadPoolExecutor.java:1142)
	at java.util.concurrent.ThreadPoolExecutor$Worker.run(ThreadPoolExecutor.java:617)
	at java.lang.Thread.run(Thread.java:745)
Caused by: java.lang.ClassNotFoundException: org.jenkinsci.plugins.structs.describable.UninstantiatedDescribable
	at java.net.URLClassLoader.findClass(URLClassLoader.java:381)
	at java.lang.ClassLoader.loadClass(ClassLoader.java:424)
	at sun.misc.Launcher$AppClassLoader.loadClass(Launcher.java:331)
	at java.lang.ClassLoader.loadClass(ClassLoader.java:357)
	... 37 more

Apr 12, 2017 2:31:29 PM hudson.ExtensionFinder$GuiceFinder$SezpozModule configure
WARNING: Failed to load org.jenkinsci.plugins.workflow.steps.durable_task.BatchScriptStep$DescriptorImpl
java.lang.NoClassDefFoundError: org/jenkinsci/plugins/structs/describable/UninstantiatedDescribable
	at java.lang.Class.getDeclaredMethods0(Native Method)
	at java.lang.Class.privateGetDeclaredMethods(Class.java:2701)
	at java.lang.Class.privateGetPublicMethods(Class.java:2902)
	at java.lang.Class.privateGetPublicMethods(Class.java:2917)
	at java.lang.Class.privateGetPublicMethods(Class.java:2917)
	at java.lang.Class.getMethods(Class.java:1615)
	at hudson.ExtensionFinder$GuiceFinder$SezpozModule.resolve(ExtensionFinder.java:477)
	at hudson.ExtensionFinder$GuiceFinder$SezpozModule.configure(ExtensionFinder.java:506)
	at com.google.inject.AbstractModule.configure(AbstractModule.java:62)
	at com.google.inject.spi.Elements$RecordingBinder.install(Elements.java:230)
	at com.google.inject.spi.Elements.getElements(Elements.java:103)
	at com.google.inject.internal.InjectorShell$Builder.build(InjectorShell.java:136)
	at com.google.inject.internal.InternalInjectorCreator.build(InternalInjectorCreator.java:104)
	at com.google.inject.Guice.createInjector(Guice.java:96)
	at com.google.inject.Guice.createInjector(Guice.java:73)
	at hudson.ExtensionFinder$GuiceFinder.<init>(ExtensionFinder.java:280)
	at sun.reflect.NativeConstructorAccessorImpl.newInstance0(Native Method)
	at sun.reflect.NativeConstructorAccessorImpl.newInstance(NativeConstructorAccessorImpl.java:62)
	at sun.reflect.DelegatingConstructorAccessorImpl.newInstance(DelegatingConstructorAccessorImpl.java:45)
	at java.lang.reflect.Constructor.newInstance(Constructor.java:423)
	at java.lang.Class.newInstance(Class.java:442)
	at net.java.sezpoz.IndexItem.instance(IndexItem.java:181)
	at hudson.ExtensionFinder$Sezpoz._find(ExtensionFinder.java:634)
	at hudson.ExtensionFinder$Sezpoz.find(ExtensionFinder.java:609)
	at hudson.ClassicPluginStrategy.findComponents(ClassicPluginStrategy.java:477)
	at hudson.ExtensionList.load(ExtensionList.java:349)
	at hudson.ExtensionList.ensureLoaded(ExtensionList.java:287)
	at hudson.ExtensionList.getComponents(ExtensionList.java:167)
	at jenkins.model.Jenkins$8.onInitMilestoneAttained(Jenkins.java:1016)
	at jenkins.InitReactorRunner$1.onAttained(InitReactorRunner.java:80)
	at org.jvnet.hudson.reactor.ReactorListener$Aggregator.onAttained(ReactorListener.java:104)
	at org.jvnet.hudson.reactor.Reactor$1.run(Reactor.java:176)
	at org.jvnet.hudson.reactor.Reactor$Node.run(Reactor.java:117)
	at java.util.concurrent.ThreadPoolExecutor.runWorker(ThreadPoolExecutor.java:1142)
	at java.util.concurrent.ThreadPoolExecutor$Worker.run(ThreadPoolExecutor.java:617)
	at java.lang.Thread.run(Thread.java:745)
Caused by: java.lang.ClassNotFoundException: org.jenkinsci.plugins.structs.describable.UninstantiatedDescribable
	at java.net.URLClassLoader.findClass(URLClassLoader.java:381)
	at java.lang.ClassLoader.loadClass(ClassLoader.java:424)
	at sun.misc.Launcher$AppClassLoader.loadClass(Launcher.java:331)
	at java.lang.ClassLoader.loadClass(ClassLoader.java:357)
	... 36 more

Apr 12, 2017 2:31:29 PM hudson.ExtensionFinder$GuiceFinder$SezpozModule configure
WARNING: Failed to load org.jenkinsci.plugins.workflow.steps.durable_task.ShellStep$DescriptorImpl
java.lang.NoClassDefFoundError: org/jenkinsci/plugins/structs/describable/UninstantiatedDescribable
	at java.lang.Class.getDeclaredMethods0(Native Method)
	at java.lang.Class.privateGetDeclaredMethods(Class.java:2701)
	at java.lang.Class.privateGetPublicMethods(Class.java:2902)
	at java.lang.Class.privateGetPublicMethods(Class.java:2917)
	at java.lang.Class.privateGetPublicMethods(Class.java:2917)
	at java.lang.Class.getMethods(Class.java:1615)
	at hudson.ExtensionFinder$GuiceFinder$SezpozModule.resolve(ExtensionFinder.java:477)
	at hudson.ExtensionFinder$GuiceFinder$SezpozModule.configure(ExtensionFinder.java:506)
	at com.google.inject.AbstractModule.configure(AbstractModule.java:62)
	at com.google.inject.spi.Elements$RecordingBinder.install(Elements.java:230)
	at com.google.inject.spi.Elements.getElements(Elements.java:103)
	at com.google.inject.internal.InjectorShell$Builder.build(InjectorShell.java:136)
	at com.google.inject.internal.InternalInjectorCreator.build(InternalInjectorCreator.java:104)
	at com.google.inject.Guice.createInjector(Guice.java:96)
	at com.google.inject.Guice.createInjector(Guice.java:73)
	at hudson.ExtensionFinder$GuiceFinder.<init>(ExtensionFinder.java:280)
	at sun.reflect.NativeConstructorAccessorImpl.newInstance0(Native Method)
	at sun.reflect.NativeConstructorAccessorImpl.newInstance(NativeConstructorAccessorImpl.java:62)
	at sun.reflect.DelegatingConstructorAccessorImpl.newInstance(DelegatingConstructorAccessorImpl.java:45)
	at java.lang.reflect.Constructor.newInstance(Constructor.java:423)
	at java.lang.Class.newInstance(Class.java:442)
	at net.java.sezpoz.IndexItem.instance(IndexItem.java:181)
	at hudson.ExtensionFinder$Sezpoz._find(ExtensionFinder.java:634)
	at hudson.ExtensionFinder$Sezpoz.find(ExtensionFinder.java:609)
	at hudson.ClassicPluginStrategy.findComponents(ClassicPluginStrategy.java:477)
	at hudson.ExtensionList.load(ExtensionList.java:349)
	at hudson.ExtensionList.ensureLoaded(ExtensionList.java:287)
	at hudson.ExtensionList.getComponents(ExtensionList.java:167)
	at jenkins.model.Jenkins$8.onInitMilestoneAttained(Jenkins.java:1016)
	at jenkins.InitReactorRunner$1.onAttained(InitReactorRunner.java:80)
	at org.jvnet.hudson.reactor.ReactorListener$Aggregator.onAttained(ReactorListener.java:104)
	at org.jvnet.hudson.reactor.Reactor$1.run(Reactor.java:176)
	at org.jvnet.hudson.reactor.Reactor$Node.run(Reactor.java:117)
	at java.util.concurrent.ThreadPoolExecutor.runWorker(ThreadPoolExecutor.java:1142)
	at java.util.concurrent.ThreadPoolExecutor$Worker.run(ThreadPoolExecutor.java:617)
	at java.lang.Thread.run(Thread.java:745)
Caused by: java.lang.ClassNotFoundException: org.jenkinsci.plugins.structs.describable.UninstantiatedDescribable
	at java.net.URLClassLoader.findClass(URLClassLoader.java:381)
	at java.lang.ClassLoader.loadClass(ClassLoader.java:424)
	at sun.misc.Launcher$AppClassLoader.loadClass(Launcher.java:331)
	at java.lang.ClassLoader.loadClass(ClassLoader.java:357)
	... 36 more

Apr 12, 2017 2:31:29 PM hudson.ExtensionFinder$GuiceFinder$SezpozModule configure
WARNING: Failed to load org.jenkinsci.plugins.workflow.support.steps.ExecutorStep$DescriptorImpl
java.lang.NoClassDefFoundError: org/jenkinsci/plugins/structs/describable/UninstantiatedDescribable
	at java.lang.Class.getDeclaredMethods0(Native Method)
	at java.lang.Class.privateGetDeclaredMethods(Class.java:2701)
	at java.lang.Class.privateGetPublicMethods(Class.java:2902)
	at java.lang.Class.privateGetPublicMethods(Class.java:2917)
	at java.lang.Class.privateGetPublicMethods(Class.java:2917)
	at java.lang.Class.getMethods(Class.java:1615)
	at hudson.ExtensionFinder$GuiceFinder$SezpozModule.resolve(ExtensionFinder.java:477)
	at hudson.ExtensionFinder$GuiceFinder$SezpozModule.configure(ExtensionFinder.java:506)
	at com.google.inject.AbstractModule.configure(AbstractModule.java:62)
	at com.google.inject.spi.Elements$RecordingBinder.install(Elements.java:230)
	at com.google.inject.spi.Elements.getElements(Elements.java:103)
	at com.google.inject.internal.InjectorShell$Builder.build(InjectorShell.java:136)
	at com.google.inject.internal.InternalInjectorCreator.build(InternalInjectorCreator.java:104)
	at com.google.inject.Guice.createInjector(Guice.java:96)
	at com.google.inject.Guice.createInjector(Guice.java:73)
	at hudson.ExtensionFinder$GuiceFinder.<init>(ExtensionFinder.java:280)
	at sun.reflect.NativeConstructorAccessorImpl.newInstance0(Native Method)
	at sun.reflect.NativeConstructorAccessorImpl.newInstance(NativeConstructorAccessorImpl.java:62)
	at sun.reflect.DelegatingConstructorAccessorImpl.newInstance(DelegatingConstructorAccessorImpl.java:45)
	at java.lang.reflect.Constructor.newInstance(Constructor.java:423)
	at java.lang.Class.newInstance(Class.java:442)
	at net.java.sezpoz.IndexItem.instance(IndexItem.java:181)
	at hudson.ExtensionFinder$Sezpoz._find(ExtensionFinder.java:634)
	at hudson.ExtensionFinder$Sezpoz.find(ExtensionFinder.java:609)
	at hudson.ClassicPluginStrategy.findComponents(ClassicPluginStrategy.java:477)
	at hudson.ExtensionList.load(ExtensionList.java:349)
	at hudson.ExtensionList.ensureLoaded(ExtensionList.java:287)
	at hudson.ExtensionList.getComponents(ExtensionList.java:167)
	at jenkins.model.Jenkins$8.onInitMilestoneAttained(Jenkins.java:1016)
	at jenkins.InitReactorRunner$1.onAttained(InitReactorRunner.java:80)
	at org.jvnet.hudson.reactor.ReactorListener$Aggregator.onAttained(ReactorListener.java:104)
	at org.jvnet.hudson.reactor.Reactor$1.run(Reactor.java:176)
	at org.jvnet.hudson.reactor.Reactor$Node.run(Reactor.java:117)
	at java.util.concurrent.ThreadPoolExecutor.runWorker(ThreadPoolExecutor.java:1142)
	at java.util.concurrent.ThreadPoolExecutor$Worker.run(ThreadPoolExecutor.java:617)
	at java.lang.Thread.run(Thread.java:745)
Caused by: java.lang.ClassNotFoundException: org.jenkinsci.plugins.structs.describable.UninstantiatedDescribable
	at java.net.URLClassLoader.findClass(URLClassLoader.java:381)
	at java.lang.ClassLoader.loadClass(ClassLoader.java:424)
	at sun.misc.Launcher$AppClassLoader.loadClass(Launcher.java:331)
	at java.lang.ClassLoader.loadClass(ClassLoader.java:357)
	... 36 more

Apr 12, 2017 2:31:29 PM hudson.ExtensionFinder$GuiceFinder$SezpozModule configure
WARNING: Failed to load org.jenkinsci.plugins.workflow.support.steps.WorkspaceStep$DescriptorImpl
java.lang.NoClassDefFoundError: org/jenkinsci/plugins/structs/describable/UninstantiatedDescribable
	at java.lang.Class.getDeclaredMethods0(Native Method)
	at java.lang.Class.privateGetDeclaredMethods(Class.java:2701)
	at java.lang.Class.privateGetPublicMethods(Class.java:2902)
	at java.lang.Class.privateGetPublicMethods(Class.java:2917)
	at java.lang.Class.privateGetPublicMethods(Class.java:2917)
	at java.lang.Class.getMethods(Class.java:1615)
	at hudson.ExtensionFinder$GuiceFinder$SezpozModule.resolve(ExtensionFinder.java:477)
	at hudson.ExtensionFinder$GuiceFinder$SezpozModule.configure(ExtensionFinder.java:506)
	at com.google.inject.AbstractModule.configure(AbstractModule.java:62)
	at com.google.inject.spi.Elements$RecordingBinder.install(Elements.java:230)
	at com.google.inject.spi.Elements.getElements(Elements.java:103)
	at com.google.inject.internal.InjectorShell$Builder.build(InjectorShell.java:136)
	at com.google.inject.internal.InternalInjectorCreator.build(InternalInjectorCreator.java:104)
	at com.google.inject.Guice.createInjector(Guice.java:96)
	at com.google.inject.Guice.createInjector(Guice.java:73)
	at hudson.ExtensionFinder$GuiceFinder.<init>(ExtensionFinder.java:280)
	at sun.reflect.NativeConstructorAccessorImpl.newInstance0(Native Method)
	at sun.reflect.NativeConstructorAccessorImpl.newInstance(NativeConstructorAccessorImpl.java:62)
	at sun.reflect.DelegatingConstructorAccessorImpl.newInstance(DelegatingConstructorAccessorImpl.java:45)
	at java.lang.reflect.Constructor.newInstance(Constructor.java:423)
	at java.lang.Class.newInstance(Class.java:442)
	at net.java.sezpoz.IndexItem.instance(IndexItem.java:181)
	at hudson.ExtensionFinder$Sezpoz._find(ExtensionFinder.java:634)
	at hudson.ExtensionFinder$Sezpoz.find(ExtensionFinder.java:609)
	at hudson.ClassicPluginStrategy.findComponents(ClassicPluginStrategy.java:477)
	at hudson.ExtensionList.load(ExtensionList.java:349)
	at hudson.ExtensionList.ensureLoaded(ExtensionList.java:287)
	at hudson.ExtensionList.getComponents(ExtensionList.java:167)
	at jenkins.model.Jenkins$8.onInitMilestoneAttained(Jenkins.java:1016)
	at jenkins.InitReactorRunner$1.onAttained(InitReactorRunner.java:80)
	at org.jvnet.hudson.reactor.ReactorListener$Aggregator.onAttained(ReactorListener.java:104)
	at org.jvnet.hudson.reactor.Reactor$1.run(Reactor.java:176)
	at org.jvnet.hudson.reactor.Reactor$Node.run(Reactor.java:117)
	at java.util.concurrent.ThreadPoolExecutor.runWorker(ThreadPoolExecutor.java:1142)
	at java.util.concurrent.ThreadPoolExecutor$Worker.run(ThreadPoolExecutor.java:617)
	at java.lang.Thread.run(Thread.java:745)
Caused by: java.lang.ClassNotFoundException: org.jenkinsci.plugins.structs.describable.UninstantiatedDescribable
	at java.net.URLClassLoader.findClass(URLClassLoader.java:381)
	at java.lang.ClassLoader.loadClass(ClassLoader.java:424)
	at sun.misc.Launcher$AppClassLoader.loadClass(Launcher.java:331)
	at java.lang.ClassLoader.loadClass(ClassLoader.java:357)
	... 36 more

Apr 12, 2017 2:31:29 PM hudson.ExtensionFinder$GuiceFinder$SezpozModule configure
WARNING: Failed to load org.jenkinsci.plugins.workflow.support.steps.input.InputStep$DescriptorImpl
java.lang.NoClassDefFoundError: org/jenkinsci/plugins/structs/describable/UninstantiatedDescribable
	at java.lang.Class.getDeclaredMethods0(Native Method)
	at java.lang.Class.privateGetDeclaredMethods(Class.java:2701)
	at java.lang.Class.privateGetPublicMethods(Class.java:2902)
	at java.lang.Class.privateGetPublicMethods(Class.java:2917)
	at java.lang.Class.privateGetPublicMethods(Class.java:2917)
	at java.lang.Class.getMethods(Class.java:1615)
	at hudson.ExtensionFinder$GuiceFinder$SezpozModule.resolve(ExtensionFinder.java:477)
	at hudson.ExtensionFinder$GuiceFinder$SezpozModule.configure(ExtensionFinder.java:506)
	at com.google.inject.AbstractModule.configure(AbstractModule.java:62)
	at com.google.inject.spi.Elements$RecordingBinder.install(Elements.java:230)
	at com.google.inject.spi.Elements.getElements(Elements.java:103)
	at com.google.inject.internal.InjectorShell$Builder.build(InjectorShell.java:136)
	at com.google.inject.internal.InternalInjectorCreator.build(InternalInjectorCreator.java:104)
	at com.google.inject.Guice.createInjector(Guice.java:96)
	at com.google.inject.Guice.createInjector(Guice.java:73)
	at hudson.ExtensionFinder$GuiceFinder.<init>(ExtensionFinder.java:280)
	at sun.reflect.NativeConstructorAccessorImpl.newInstance0(Native Method)
	at sun.reflect.NativeConstructorAccessorImpl.newInstance(NativeConstructorAccessorImpl.java:62)
	at sun.reflect.DelegatingConstructorAccessorImpl.newInstance(DelegatingConstructorAccessorImpl.java:45)
	at java.lang.reflect.Constructor.newInstance(Constructor.java:423)
	at java.lang.Class.newInstance(Class.java:442)
	at net.java.sezpoz.IndexItem.instance(IndexItem.java:181)
	at hudson.ExtensionFinder$Sezpoz._find(ExtensionFinder.java:634)
	at hudson.ExtensionFinder$Sezpoz.find(ExtensionFinder.java:609)
	at hudson.ClassicPluginStrategy.findComponents(ClassicPluginStrategy.java:477)
	at hudson.ExtensionList.load(ExtensionList.java:349)
	at hudson.ExtensionList.ensureLoaded(ExtensionList.java:287)
	at hudson.ExtensionList.getComponents(ExtensionList.java:167)
	at jenkins.model.Jenkins$8.onInitMilestoneAttained(Jenkins.java:1016)
	at jenkins.InitReactorRunner$1.onAttained(InitReactorRunner.java:80)
	at org.jvnet.hudson.reactor.ReactorListener$Aggregator.onAttained(ReactorListener.java:104)
	at org.jvnet.hudson.reactor.Reactor$1.run(Reactor.java:176)
	at org.jvnet.hudson.reactor.Reactor$Node.run(Reactor.java:117)
	at java.util.concurrent.ThreadPoolExecutor.runWorker(ThreadPoolExecutor.java:1142)
	at java.util.concurrent.ThreadPoolExecutor$Worker.run(ThreadPoolExecutor.java:617)
	at java.lang.Thread.run(Thread.java:745)
Caused by: java.lang.ClassNotFoundException: org.jenkinsci.plugins.structs.describable.UninstantiatedDescribable
	at java.net.URLClassLoader.findClass(URLClassLoader.java:381)
	at java.lang.ClassLoader.loadClass(ClassLoader.java:424)
	at sun.misc.Launcher$AppClassLoader.loadClass(Launcher.java:331)
	at java.lang.ClassLoader.loadClass(ClassLoader.java:357)
	... 36 more

Apr 12, 2017 2:31:29 PM hudson.ExtensionFinder$GuiceFinder$SezpozModule configure
WARNING: Failed to load org.jenkinsci.plugins.pipeline.modeldefinition.steps.EnvVarsForToolStep$DescriptorImpl
java.lang.NoClassDefFoundError: org/jenkinsci/plugins/structs/describable/UninstantiatedDescribable
	at java.lang.Class.getDeclaredMethods0(Native Method)
	at java.lang.Class.privateGetDeclaredMethods(Class.java:2701)
	at java.lang.Class.privateGetPublicMethods(Class.java:2902)
	at java.lang.Class.privateGetPublicMethods(Class.java:2917)
	at java.lang.Class.privateGetPublicMethods(Class.java:2917)
	at java.lang.Class.getMethods(Class.java:1615)
	at hudson.ExtensionFinder$GuiceFinder$SezpozModule.resolve(ExtensionFinder.java:477)
	at hudson.ExtensionFinder$GuiceFinder$SezpozModule.configure(ExtensionFinder.java:506)
	at com.google.inject.AbstractModule.configure(AbstractModule.java:62)
	at com.google.inject.spi.Elements$RecordingBinder.install(Elements.java:230)
	at com.google.inject.spi.Elements.getElements(Elements.java:103)
	at com.google.inject.internal.InjectorShell$Builder.build(InjectorShell.java:136)
	at com.google.inject.internal.InternalInjectorCreator.build(InternalInjectorCreator.java:104)
	at com.google.inject.Guice.createInjector(Guice.java:96)
	at com.google.inject.Guice.createInjector(Guice.java:73)
	at hudson.ExtensionFinder$GuiceFinder.<init>(ExtensionFinder.java:280)
	at sun.reflect.NativeConstructorAccessorImpl.newInstance0(Native Method)
	at sun.reflect.NativeConstructorAccessorImpl.newInstance(NativeConstructorAccessorImpl.java:62)
	at sun.reflect.DelegatingConstructorAccessorImpl.newInstance(DelegatingConstructorAccessorImpl.java:45)
	at java.lang.reflect.Constructor.newInstance(Constructor.java:423)
	at java.lang.Class.newInstance(Class.java:442)
	at net.java.sezpoz.IndexItem.instance(IndexItem.java:181)
	at hudson.ExtensionFinder$Sezpoz._find(ExtensionFinder.java:634)
	at hudson.ExtensionFinder$Sezpoz.find(ExtensionFinder.java:609)
	at hudson.ClassicPluginStrategy.findComponents(ClassicPluginStrategy.java:477)
	at hudson.ExtensionList.load(ExtensionList.java:349)
	at hudson.ExtensionList.ensureLoaded(ExtensionList.java:287)
	at hudson.ExtensionList.getComponents(ExtensionList.java:167)
	at jenkins.model.Jenkins$8.onInitMilestoneAttained(Jenkins.java:1016)
	at jenkins.InitReactorRunner$1.onAttained(InitReactorRunner.java:80)
	at org.jvnet.hudson.reactor.ReactorListener$Aggregator.onAttained(ReactorListener.java:104)
	at org.jvnet.hudson.reactor.Reactor$1.run(Reactor.java:176)
	at org.jvnet.hudson.reactor.Reactor$Node.run(Reactor.java:117)
	at java.util.concurrent.ThreadPoolExecutor.runWorker(ThreadPoolExecutor.java:1142)
	at java.util.concurrent.ThreadPoolExecutor$Worker.run(ThreadPoolExecutor.java:617)
	at java.lang.Thread.run(Thread.java:745)
Caused by: java.lang.ClassNotFoundException: org.jenkinsci.plugins.structs.describable.UninstantiatedDescribable
	at java.net.URLClassLoader.findClass(URLClassLoader.java:381)
	at java.lang.ClassLoader.loadClass(ClassLoader.java:424)
	at sun.misc.Launcher$AppClassLoader.loadClass(Launcher.java:331)
	at java.lang.ClassLoader.loadClass(ClassLoader.java:357)
	... 36 more

Apr 12, 2017 2:31:29 PM hudson.ExtensionFinder$GuiceFinder$SezpozModule configure
WARNING: Failed to load org.jenkinsci.plugins.pipeline.modeldefinition.steps.ScriptStep$DescriptorImpl
java.lang.NoClassDefFoundError: org/jenkinsci/plugins/structs/describable/UninstantiatedDescribable
	at java.lang.Class.getDeclaredMethods0(Native Method)
	at java.lang.Class.privateGetDeclaredMethods(Class.java:2701)
	at java.lang.Class.privateGetPublicMethods(Class.java:2902)
	at java.lang.Class.privateGetPublicMethods(Class.java:2917)
	at java.lang.Class.privateGetPublicMethods(Class.java:2917)
	at java.lang.Class.getMethods(Class.java:1615)
	at hudson.ExtensionFinder$GuiceFinder$SezpozModule.resolve(ExtensionFinder.java:477)
	at hudson.ExtensionFinder$GuiceFinder$SezpozModule.configure(ExtensionFinder.java:506)
	at com.google.inject.AbstractModule.configure(AbstractModule.java:62)
	at com.google.inject.spi.Elements$RecordingBinder.install(Elements.java:230)
	at com.google.inject.spi.Elements.getElements(Elements.java:103)
	at com.google.inject.internal.InjectorShell$Builder.build(InjectorShell.java:136)
	at com.google.inject.internal.InternalInjectorCreator.build(InternalInjectorCreator.java:104)
	at com.google.inject.Guice.createInjector(Guice.java:96)
	at com.google.inject.Guice.createInjector(Guice.java:73)
	at hudson.ExtensionFinder$GuiceFinder.<init>(ExtensionFinder.java:280)
	at sun.reflect.NativeConstructorAccessorImpl.newInstance0(Native Method)
	at sun.reflect.NativeConstructorAccessorImpl.newInstance(NativeConstructorAccessorImpl.java:62)
	at sun.reflect.DelegatingConstructorAccessorImpl.newInstance(DelegatingConstructorAccessorImpl.java:45)
	at java.lang.reflect.Constructor.newInstance(Constructor.java:423)
	at java.lang.Class.newInstance(Class.java:442)
	at net.java.sezpoz.IndexItem.instance(IndexItem.java:181)
	at hudson.ExtensionFinder$Sezpoz._find(ExtensionFinder.java:634)
	at hudson.ExtensionFinder$Sezpoz.find(ExtensionFinder.java:609)
	at hudson.ClassicPluginStrategy.findComponents(ClassicPluginStrategy.java:477)
	at hudson.ExtensionList.load(ExtensionList.java:349)
	at hudson.ExtensionList.ensureLoaded(ExtensionList.java:287)
	at hudson.ExtensionList.getComponents(ExtensionList.java:167)
	at jenkins.model.Jenkins$8.onInitMilestoneAttained(Jenkins.java:1016)
	at jenkins.InitReactorRunner$1.onAttained(InitReactorRunner.java:80)
	at org.jvnet.hudson.reactor.ReactorListener$Aggregator.onAttained(ReactorListener.java:104)
	at org.jvnet.hudson.reactor.Reactor$1.run(Reactor.java:176)
	at org.jvnet.hudson.reactor.Reactor$Node.run(Reactor.java:117)
	at java.util.concurrent.ThreadPoolExecutor.runWorker(ThreadPoolExecutor.java:1142)
	at java.util.concurrent.ThreadPoolExecutor$Worker.run(ThreadPoolExecutor.java:617)
	at java.lang.Thread.run(Thread.java:745)
Caused by: java.lang.ClassNotFoundException: org.jenkinsci.plugins.structs.describable.UninstantiatedDescribable
	at java.net.URLClassLoader.findClass(URLClassLoader.java:381)
	at java.lang.ClassLoader.loadClass(ClassLoader.java:424)
	at sun.misc.Launcher$AppClassLoader.loadClass(Launcher.java:331)
	at java.lang.ClassLoader.loadClass(ClassLoader.java:357)
	... 36 more

Apr 12, 2017 2:31:29 PM hudson.ExtensionFinder$GuiceFinder$SezpozModule configure
WARNING: Failed to load org.jenkinsci.plugins.workflow.steps.PwdStep$DescriptorImpl
java.lang.NoClassDefFoundError: org/jenkinsci/plugins/structs/describable/UninstantiatedDescribable
	at java.lang.Class.getDeclaredMethods0(Native Method)
	at java.lang.Class.privateGetDeclaredMethods(Class.java:2701)
	at java.lang.Class.privateGetPublicMethods(Class.java:2902)
	at java.lang.Class.privateGetPublicMethods(Class.java:2917)
	at java.lang.Class.privateGetPublicMethods(Class.java:2917)
	at java.lang.Class.getMethods(Class.java:1615)
	at hudson.ExtensionFinder$GuiceFinder$SezpozModule.resolve(ExtensionFinder.java:477)
	at hudson.ExtensionFinder$GuiceFinder$SezpozModule.configure(ExtensionFinder.java:506)
	at com.google.inject.AbstractModule.configure(AbstractModule.java:62)
	at com.google.inject.spi.Elements$RecordingBinder.install(Elements.java:230)
	at com.google.inject.spi.Elements.getElements(Elements.java:103)
	at com.google.inject.internal.InjectorShell$Builder.build(InjectorShell.java:136)
	at com.google.inject.internal.InternalInjectorCreator.build(InternalInjectorCreator.java:104)
	at com.google.inject.Guice.createInjector(Guice.java:96)
	at com.google.inject.Guice.createInjector(Guice.java:73)
	at hudson.ExtensionFinder$GuiceFinder.<init>(ExtensionFinder.java:280)
	at sun.reflect.NativeConstructorAccessorImpl.newInstance0(Native Method)
	at sun.reflect.NativeConstructorAccessorImpl.newInstance(NativeConstructorAccessorImpl.java:62)
	at sun.reflect.DelegatingConstructorAccessorImpl.newInstance(DelegatingConstructorAccessorImpl.java:45)
	at java.lang.reflect.Constructor.newInstance(Constructor.java:423)
	at java.lang.Class.newInstance(Class.java:442)
	at net.java.sezpoz.IndexItem.instance(IndexItem.java:181)
	at hudson.ExtensionFinder$Sezpoz._find(ExtensionFinder.java:634)
	at hudson.ExtensionFinder$Sezpoz.find(ExtensionFinder.java:609)
	at hudson.ClassicPluginStrategy.findComponents(ClassicPluginStrategy.java:477)
	at hudson.ExtensionList.load(ExtensionList.java:349)
	at hudson.ExtensionList.ensureLoaded(ExtensionList.java:287)
	at hudson.ExtensionList.getComponents(ExtensionList.java:167)
	at jenkins.model.Jenkins$8.onInitMilestoneAttained(Jenkins.java:1016)
	at jenkins.InitReactorRunner$1.onAttained(InitReactorRunner.java:80)
	at org.jvnet.hudson.reactor.ReactorListener$Aggregator.onAttained(ReactorListener.java:104)
	at org.jvnet.hudson.reactor.Reactor$1.run(Reactor.java:176)
	at org.jvnet.hudson.reactor.Reactor$Node.run(Reactor.java:117)
	at java.util.concurrent.ThreadPoolExecutor.runWorker(ThreadPoolExecutor.java:1142)
	at java.util.concurrent.ThreadPoolExecutor$Worker.run(ThreadPoolExecutor.java:617)
	at java.lang.Thread.run(Thread.java:745)
Caused by: java.lang.ClassNotFoundException: org.jenkinsci.plugins.structs.describable.UninstantiatedDescribable
	at java.net.URLClassLoader.findClass(URLClassLoader.java:381)
	at java.lang.ClassLoader.loadClass(ClassLoader.java:424)
	at sun.misc.Launcher$AppClassLoader.loadClass(Launcher.java:331)
	at java.lang.ClassLoader.loadClass(ClassLoader.java:357)
	... 36 more

Apr 12, 2017 2:31:29 PM hudson.ExtensionFinder$GuiceFinder$SezpozModule configure
WARNING: Failed to load org.jenkinsci.plugins.workflow.steps.TimeoutStep$DescriptorImpl
java.lang.NoClassDefFoundError: org/jenkinsci/plugins/structs/describable/UninstantiatedDescribable
	at java.lang.Class.getDeclaredMethods0(Native Method)
	at java.lang.Class.privateGetDeclaredMethods(Class.java:2701)
	at java.lang.Class.privateGetPublicMethods(Class.java:2902)
	at java.lang.Class.privateGetPublicMethods(Class.java:2917)
	at java.lang.Class.privateGetPublicMethods(Class.java:2917)
	at java.lang.Class.getMethods(Class.java:1615)
	at hudson.ExtensionFinder$GuiceFinder$SezpozModule.resolve(ExtensionFinder.java:477)
	at hudson.ExtensionFinder$GuiceFinder$SezpozModule.configure(ExtensionFinder.java:506)
	at com.google.inject.AbstractModule.configure(AbstractModule.java:62)
	at com.google.inject.spi.Elements$RecordingBinder.install(Elements.java:230)
	at com.google.inject.spi.Elements.getElements(Elements.java:103)
	at com.google.inject.internal.InjectorShell$Builder.build(InjectorShell.java:136)
	at com.google.inject.internal.InternalInjectorCreator.build(InternalInjectorCreator.java:104)
	at com.google.inject.Guice.createInjector(Guice.java:96)
	at com.google.inject.Guice.createInjector(Guice.java:73)
	at hudson.ExtensionFinder$GuiceFinder.<init>(ExtensionFinder.java:280)
	at sun.reflect.NativeConstructorAccessorImpl.newInstance0(Native Method)
	at sun.reflect.NativeConstructorAccessorImpl.newInstance(NativeConstructorAccessorImpl.java:62)
	at sun.reflect.DelegatingConstructorAccessorImpl.newInstance(DelegatingConstructorAccessorImpl.java:45)
	at java.lang.reflect.Constructor.newInstance(Constructor.java:423)
	at java.lang.Class.newInstance(Class.java:442)
	at net.java.sezpoz.IndexItem.instance(IndexItem.java:181)
	at hudson.ExtensionFinder$Sezpoz._find(ExtensionFinder.java:634)
	at hudson.ExtensionFinder$Sezpoz.find(ExtensionFinder.java:609)
	at hudson.ClassicPluginStrategy.findComponents(ClassicPluginStrategy.java:477)
	at hudson.ExtensionList.load(ExtensionList.java:349)
	at hudson.ExtensionList.ensureLoaded(ExtensionList.java:287)
	at hudson.ExtensionList.getComponents(ExtensionList.java:167)
	at jenkins.model.Jenkins$8.onInitMilestoneAttained(Jenkins.java:1016)
	at jenkins.InitReactorRunner$1.onAttained(InitReactorRunner.java:80)
	at org.jvnet.hudson.reactor.ReactorListener$Aggregator.onAttained(ReactorListener.java:104)
	at org.jvnet.hudson.reactor.Reactor$1.run(Reactor.java:176)
	at org.jvnet.hudson.reactor.Reactor$Node.run(Reactor.java:117)
	at java.util.concurrent.ThreadPoolExecutor.runWorker(ThreadPoolExecutor.java:1142)
	at java.util.concurrent.ThreadPoolExecutor$Worker.run(ThreadPoolExecutor.java:617)
	at java.lang.Thread.run(Thread.java:745)
Caused by: java.lang.ClassNotFoundException: org.jenkinsci.plugins.structs.describable.UninstantiatedDescribable
	at java.net.URLClassLoader.findClass(URLClassLoader.java:381)
	at java.lang.ClassLoader.loadClass(ClassLoader.java:424)
	at sun.misc.Launcher$AppClassLoader.loadClass(Launcher.java:331)
	at java.lang.ClassLoader.loadClass(ClassLoader.java:357)
	... 36 more

Apr 12, 2017 2:31:29 PM hudson.ExtensionFinder$GuiceFinder$SezpozModule configure
WARNING: Failed to load org.jenkinsci.plugins.workflow.steps.WriteFileStep$DescriptorImpl
java.lang.NoClassDefFoundError: org/jenkinsci/plugins/structs/describable/UninstantiatedDescribable
	at java.lang.Class.getDeclaredMethods0(Native Method)
	at java.lang.Class.privateGetDeclaredMethods(Class.java:2701)
	at java.lang.Class.privateGetPublicMethods(Class.java:2902)
	at java.lang.Class.privateGetPublicMethods(Class.java:2917)
	at java.lang.Class.privateGetPublicMethods(Class.java:2917)
	at java.lang.Class.getMethods(Class.java:1615)
	at hudson.ExtensionFinder$GuiceFinder$SezpozModule.resolve(ExtensionFinder.java:477)
	at hudson.ExtensionFinder$GuiceFinder$SezpozModule.configure(ExtensionFinder.java:506)
	at com.google.inject.AbstractModule.configure(AbstractModule.java:62)
	at com.google.inject.spi.Elements$RecordingBinder.install(Elements.java:230)
	at com.google.inject.spi.Elements.getElements(Elements.java:103)
	at com.google.inject.internal.InjectorShell$Builder.build(InjectorShell.java:136)
	at com.google.inject.internal.InternalInjectorCreator.build(InternalInjectorCreator.java:104)
	at com.google.inject.Guice.createInjector(Guice.java:96)
	at com.google.inject.Guice.createInjector(Guice.java:73)
	at hudson.ExtensionFinder$GuiceFinder.<init>(ExtensionFinder.java:280)
	at sun.reflect.NativeConstructorAccessorImpl.newInstance0(Native Method)
	at sun.reflect.NativeConstructorAccessorImpl.newInstance(NativeConstructorAccessorImpl.java:62)
	at sun.reflect.DelegatingConstructorAccessorImpl.newInstance(DelegatingConstructorAccessorImpl.java:45)
	at java.lang.reflect.Constructor.newInstance(Constructor.java:423)
	at java.lang.Class.newInstance(Class.java:442)
	at net.java.sezpoz.IndexItem.instance(IndexItem.java:181)
	at hudson.ExtensionFinder$Sezpoz._find(ExtensionFinder.java:634)
	at hudson.ExtensionFinder$Sezpoz.find(ExtensionFinder.java:609)
	at hudson.ClassicPluginStrategy.findComponents(ClassicPluginStrategy.java:477)
	at hudson.ExtensionList.load(ExtensionList.java:349)
	at hudson.ExtensionList.ensureLoaded(ExtensionList.java:287)
	at hudson.ExtensionList.getComponents(ExtensionList.java:167)
	at jenkins.model.Jenkins$8.onInitMilestoneAttained(Jenkins.java:1016)
	at jenkins.InitReactorRunner$1.onAttained(InitReactorRunner.java:80)
	at org.jvnet.hudson.reactor.ReactorListener$Aggregator.onAttained(ReactorListener.java:104)
	at org.jvnet.hudson.reactor.Reactor$1.run(Reactor.java:176)
	at org.jvnet.hudson.reactor.Reactor$Node.run(Reactor.java:117)
	at java.util.concurrent.ThreadPoolExecutor.runWorker(ThreadPoolExecutor.java:1142)
	at java.util.concurrent.ThreadPoolExecutor$Worker.run(ThreadPoolExecutor.java:617)
	at java.lang.Thread.run(Thread.java:745)
Caused by: java.lang.ClassNotFoundException: org.jenkinsci.plugins.structs.describable.UninstantiatedDescribable
	at java.net.URLClassLoader.findClass(URLClassLoader.java:381)
	at java.lang.ClassLoader.loadClass(ClassLoader.java:424)
	at sun.misc.Launcher$AppClassLoader.loadClass(Launcher.java:331)
	at java.lang.ClassLoader.loadClass(ClassLoader.java:357)
	... 36 more

Apr 12, 2017 2:31:29 PM hudson.ExtensionFinder$GuiceFinder$SezpozModule configure
WARNING: Failed to load org.jenkinsci.plugins.workflow.steps.ArtifactArchiverStep$DescriptorImpl
java.lang.NoClassDefFoundError: org/jenkinsci/plugins/structs/describable/UninstantiatedDescribable
	at java.lang.Class.getDeclaredMethods0(Native Method)
	at java.lang.Class.privateGetDeclaredMethods(Class.java:2701)
	at java.lang.Class.privateGetPublicMethods(Class.java:2902)
	at java.lang.Class.privateGetPublicMethods(Class.java:2917)
	at java.lang.Class.privateGetPublicMethods(Class.java:2917)
	at java.lang.Class.getMethods(Class.java:1615)
	at hudson.ExtensionFinder$GuiceFinder$SezpozModule.resolve(ExtensionFinder.java:477)
	at hudson.ExtensionFinder$GuiceFinder$SezpozModule.configure(ExtensionFinder.java:506)
	at com.google.inject.AbstractModule.configure(AbstractModule.java:62)
	at com.google.inject.spi.Elements$RecordingBinder.install(Elements.java:230)
	at com.google.inject.spi.Elements.getElements(Elements.java:103)
	at com.google.inject.internal.InjectorShell$Builder.build(InjectorShell.java:136)
	at com.google.inject.internal.InternalInjectorCreator.build(InternalInjectorCreator.java:104)
	at com.google.inject.Guice.createInjector(Guice.java:96)
	at com.google.inject.Guice.createInjector(Guice.java:73)
	at hudson.ExtensionFinder$GuiceFinder.<init>(ExtensionFinder.java:280)
	at sun.reflect.NativeConstructorAccessorImpl.newInstance0(Native Method)
	at sun.reflect.NativeConstructorAccessorImpl.newInstance(NativeConstructorAccessorImpl.java:62)
	at sun.reflect.DelegatingConstructorAccessorImpl.newInstance(DelegatingConstructorAccessorImpl.java:45)
	at java.lang.reflect.Constructor.newInstance(Constructor.java:423)
	at java.lang.Class.newInstance(Class.java:442)
	at net.java.sezpoz.IndexItem.instance(IndexItem.java:181)
	at hudson.ExtensionFinder$Sezpoz._find(ExtensionFinder.java:634)
	at hudson.ExtensionFinder$Sezpoz.find(ExtensionFinder.java:609)
	at hudson.ClassicPluginStrategy.findComponents(ClassicPluginStrategy.java:477)
	at hudson.ExtensionList.load(ExtensionList.java:349)
	at hudson.ExtensionList.ensureLoaded(ExtensionList.java:287)
	at hudson.ExtensionList.getComponents(ExtensionList.java:167)
	at jenkins.model.Jenkins$8.onInitMilestoneAttained(Jenkins.java:1016)
	at jenkins.InitReactorRunner$1.onAttained(InitReactorRunner.java:80)
	at org.jvnet.hudson.reactor.ReactorListener$Aggregator.onAttained(ReactorListener.java:104)
	at org.jvnet.hudson.reactor.Reactor$1.run(Reactor.java:176)
	at org.jvnet.hudson.reactor.Reactor$Node.run(Reactor.java:117)
	at java.util.concurrent.ThreadPoolExecutor.runWorker(ThreadPoolExecutor.java:1142)
	at java.util.concurrent.ThreadPoolExecutor$Worker.run(ThreadPoolExecutor.java:617)
	at java.lang.Thread.run(Thread.java:745)
Caused by: java.lang.ClassNotFoundException: org.jenkinsci.plugins.structs.describable.UninstantiatedDescribable
	at java.net.URLClassLoader.findClass(URLClassLoader.java:381)
	at java.lang.ClassLoader.loadClass(ClassLoader.java:424)
	at sun.misc.Launcher$AppClassLoader.loadClass(Launcher.java:331)
	at java.lang.ClassLoader.loadClass(ClassLoader.java:357)
	... 36 more

Apr 12, 2017 2:31:29 PM hudson.ExtensionFinder$GuiceFinder$SezpozModule configure
WARNING: Failed to load org.jenkinsci.plugins.workflow.steps.FileExistsStep$DescriptorImpl
java.lang.NoClassDefFoundError: org/jenkinsci/plugins/structs/describable/UninstantiatedDescribable
	at java.lang.Class.getDeclaredMethods0(Native Method)
	at java.lang.Class.privateGetDeclaredMethods(Class.java:2701)
	at java.lang.Class.privateGetPublicMethods(Class.java:2902)
	at java.lang.Class.privateGetPublicMethods(Class.java:2917)
	at java.lang.Class.privateGetPublicMethods(Class.java:2917)
	at java.lang.Class.getMethods(Class.java:1615)
	at hudson.ExtensionFinder$GuiceFinder$SezpozModule.resolve(ExtensionFinder.java:477)
	at hudson.ExtensionFinder$GuiceFinder$SezpozModule.configure(ExtensionFinder.java:506)
	at com.google.inject.AbstractModule.configure(AbstractModule.java:62)
	at com.google.inject.spi.Elements$RecordingBinder.install(Elements.java:230)
	at com.google.inject.spi.Elements.getElements(Elements.java:103)
	at com.google.inject.internal.InjectorShell$Builder.build(InjectorShell.java:136)
	at com.google.inject.internal.InternalInjectorCreator.build(InternalInjectorCreator.java:104)
	at com.google.inject.Guice.createInjector(Guice.java:96)
	at com.google.inject.Guice.createInjector(Guice.java:73)
	at hudson.ExtensionFinder$GuiceFinder.<init>(ExtensionFinder.java:280)
	at sun.reflect.NativeConstructorAccessorImpl.newInstance0(Native Method)
	at sun.reflect.NativeConstructorAccessorImpl.newInstance(NativeConstructorAccessorImpl.java:62)
	at sun.reflect.DelegatingConstructorAccessorImpl.newInstance(DelegatingConstructorAccessorImpl.java:45)
	at java.lang.reflect.Constructor.newInstance(Constructor.java:423)
	at java.lang.Class.newInstance(Class.java:442)
	at net.java.sezpoz.IndexItem.instance(IndexItem.java:181)
	at hudson.ExtensionFinder$Sezpoz._find(ExtensionFinder.java:634)
	at hudson.ExtensionFinder$Sezpoz.find(ExtensionFinder.java:609)
	at hudson.ClassicPluginStrategy.findComponents(ClassicPluginStrategy.java:477)
	at hudson.ExtensionList.load(ExtensionList.java:349)
	at hudson.ExtensionList.ensureLoaded(ExtensionList.java:287)
	at hudson.ExtensionList.getComponents(ExtensionList.java:167)
	at jenkins.model.Jenkins$8.onInitMilestoneAttained(Jenkins.java:1016)
	at jenkins.InitReactorRunner$1.onAttained(InitReactorRunner.java:80)
	at org.jvnet.hudson.reactor.ReactorListener$Aggregator.onAttained(ReactorListener.java:104)
	at org.jvnet.hudson.reactor.Reactor$1.run(Reactor.java:176)
	at org.jvnet.hudson.reactor.Reactor$Node.run(Reactor.java:117)
	at java.util.concurrent.ThreadPoolExecutor.runWorker(ThreadPoolExecutor.java:1142)
	at java.util.concurrent.ThreadPoolExecutor$Worker.run(ThreadPoolExecutor.java:617)
	at java.lang.Thread.run(Thread.java:745)
Caused by: java.lang.ClassNotFoundException: org.jenkinsci.plugins.structs.describable.UninstantiatedDescribable
	at java.net.URLClassLoader.findClass(URLClassLoader.java:381)
	at java.lang.ClassLoader.loadClass(ClassLoader.java:424)
	at sun.misc.Launcher$AppClassLoader.loadClass(Launcher.java:331)
	at java.lang.ClassLoader.loadClass(ClassLoader.java:357)
	... 36 more

Apr 12, 2017 2:31:29 PM hudson.ExtensionFinder$GuiceFinder$SezpozModule configure
WARNING: Failed to load org.jenkinsci.plugins.workflow.steps.CoreStep$DescriptorImpl
java.lang.NoClassDefFoundError: org/jenkinsci/plugins/structs/describable/UninstantiatedDescribable
	at java.lang.Class.getDeclaredMethods0(Native Method)
	at java.lang.Class.privateGetDeclaredMethods(Class.java:2701)
	at java.lang.Class.privateGetPublicMethods(Class.java:2902)
	at java.lang.Class.privateGetPublicMethods(Class.java:2917)
	at java.lang.Class.privateGetPublicMethods(Class.java:2917)
	at java.lang.Class.getMethods(Class.java:1615)
	at hudson.ExtensionFinder$GuiceFinder$SezpozModule.resolve(ExtensionFinder.java:477)
	at hudson.ExtensionFinder$GuiceFinder$SezpozModule.configure(ExtensionFinder.java:506)
	at com.google.inject.AbstractModule.configure(AbstractModule.java:62)
	at com.google.inject.spi.Elements$RecordingBinder.install(Elements.java:230)
	at com.google.inject.spi.Elements.getElements(Elements.java:103)
	at com.google.inject.internal.InjectorShell$Builder.build(InjectorShell.java:136)
	at com.google.inject.internal.InternalInjectorCreator.build(InternalInjectorCreator.java:104)
	at com.google.inject.Guice.createInjector(Guice.java:96)
	at com.google.inject.Guice.createInjector(Guice.java:73)
	at hudson.ExtensionFinder$GuiceFinder.<init>(ExtensionFinder.java:280)
	at sun.reflect.NativeConstructorAccessorImpl.newInstance0(Native Method)
	at sun.reflect.NativeConstructorAccessorImpl.newInstance(NativeConstructorAccessorImpl.java:62)
	at sun.reflect.DelegatingConstructorAccessorImpl.newInstance(DelegatingConstructorAccessorImpl.java:45)
	at java.lang.reflect.Constructor.newInstance(Constructor.java:423)
	at java.lang.Class.newInstance(Class.java:442)
	at net.java.sezpoz.IndexItem.instance(IndexItem.java:181)
	at hudson.ExtensionFinder$Sezpoz._find(ExtensionFinder.java:634)
	at hudson.ExtensionFinder$Sezpoz.find(ExtensionFinder.java:609)
	at hudson.ClassicPluginStrategy.findComponents(ClassicPluginStrategy.java:477)
	at hudson.ExtensionList.load(ExtensionList.java:349)
	at hudson.ExtensionList.ensureLoaded(ExtensionList.java:287)
	at hudson.ExtensionList.getComponents(ExtensionList.java:167)
	at jenkins.model.Jenkins$8.onInitMilestoneAttained(Jenkins.java:1016)
	at jenkins.InitReactorRunner$1.onAttained(InitReactorRunner.java:80)
	at org.jvnet.hudson.reactor.ReactorListener$Aggregator.onAttained(ReactorListener.java:104)
	at org.jvnet.hudson.reactor.Reactor$1.run(Reactor.java:176)
	at org.jvnet.hudson.reactor.Reactor$Node.run(Reactor.java:117)
	at java.util.concurrent.ThreadPoolExecutor.runWorker(ThreadPoolExecutor.java:1142)
	at java.util.concurrent.ThreadPoolExecutor$Worker.run(ThreadPoolExecutor.java:617)
	at java.lang.Thread.run(Thread.java:745)
Caused by: java.lang.ClassNotFoundException: org.jenkinsci.plugins.structs.describable.UninstantiatedDescribable
	at java.net.URLClassLoader.findClass(URLClassLoader.java:381)
	at java.lang.ClassLoader.loadClass(ClassLoader.java:424)
	at sun.misc.Launcher$AppClassLoader.loadClass(Launcher.java:331)
	at java.lang.ClassLoader.loadClass(ClassLoader.java:357)
	... 36 more

Apr 12, 2017 2:31:29 PM hudson.ExtensionFinder$GuiceFinder$SezpozModule configure
WARNING: Failed to load org.jenkinsci.plugins.workflow.steps.IsUnixStep$DescriptorImpl
java.lang.NoClassDefFoundError: org/jenkinsci/plugins/structs/describable/UninstantiatedDescribable
	at java.lang.Class.getDeclaredMethods0(Native Method)
	at java.lang.Class.privateGetDeclaredMethods(Class.java:2701)
	at java.lang.Class.privateGetPublicMethods(Class.java:2902)
	at java.lang.Class.privateGetPublicMethods(Class.java:2917)
	at java.lang.Class.privateGetPublicMethods(Class.java:2917)
	at java.lang.Class.getMethods(Class.java:1615)
	at hudson.ExtensionFinder$GuiceFinder$SezpozModule.resolve(ExtensionFinder.java:477)
	at hudson.ExtensionFinder$GuiceFinder$SezpozModule.configure(ExtensionFinder.java:506)
	at com.google.inject.AbstractModule.configure(AbstractModule.java:62)
	at com.google.inject.spi.Elements$RecordingBinder.install(Elements.java:230)
	at com.google.inject.spi.Elements.getElements(Elements.java:103)
	at com.google.inject.internal.InjectorShell$Builder.build(InjectorShell.java:136)
	at com.google.inject.internal.InternalInjectorCreator.build(InternalInjectorCreator.java:104)
	at com.google.inject.Guice.createInjector(Guice.java:96)
	at com.google.inject.Guice.createInjector(Guice.java:73)
	at hudson.ExtensionFinder$GuiceFinder.<init>(ExtensionFinder.java:280)
	at sun.reflect.NativeConstructorAccessorImpl.newInstance0(Native Method)
	at sun.reflect.NativeConstructorAccessorImpl.newInstance(NativeConstructorAccessorImpl.java:62)
	at sun.reflect.DelegatingConstructorAccessorImpl.newInstance(DelegatingConstructorAccessorImpl.java:45)
	at java.lang.reflect.Constructor.newInstance(Constructor.java:423)
	at java.lang.Class.newInstance(Class.java:442)
	at net.java.sezpoz.IndexItem.instance(IndexItem.java:181)
	at hudson.ExtensionFinder$Sezpoz._find(ExtensionFinder.java:634)
	at hudson.ExtensionFinder$Sezpoz.find(ExtensionFinder.java:609)
	at hudson.ClassicPluginStrategy.findComponents(ClassicPluginStrategy.java:477)
	at hudson.ExtensionList.load(ExtensionList.java:349)
	at hudson.ExtensionList.ensureLoaded(ExtensionList.java:287)
	at hudson.ExtensionList.getComponents(ExtensionList.java:167)
	at jenkins.model.Jenkins$8.onInitMilestoneAttained(Jenkins.java:1016)
	at jenkins.InitReactorRunner$1.onAttained(InitReactorRunner.java:80)
	at org.jvnet.hudson.reactor.ReactorListener$Aggregator.onAttained(ReactorListener.java:104)
	at org.jvnet.hudson.reactor.Reactor$1.run(Reactor.java:176)
	at org.jvnet.hudson.reactor.Reactor$Node.run(Reactor.java:117)
	at java.util.concurrent.ThreadPoolExecutor.runWorker(ThreadPoolExecutor.java:1142)
	at java.util.concurrent.ThreadPoolExecutor$Worker.run(ThreadPoolExecutor.java:617)
	at java.lang.Thread.run(Thread.java:745)
Caused by: java.lang.ClassNotFoundException: org.jenkinsci.plugins.structs.describable.UninstantiatedDescribable
	at java.net.URLClassLoader.findClass(URLClassLoader.java:381)
	at java.lang.ClassLoader.loadClass(ClassLoader.java:424)
	at sun.misc.Launcher$AppClassLoader.loadClass(Launcher.java:331)
	at java.lang.ClassLoader.loadClass(ClassLoader.java:357)
	... 36 more

Apr 12, 2017 2:31:29 PM hudson.ExtensionFinder$GuiceFinder$SezpozModule configure
WARNING: Failed to load org.jenkinsci.plugins.workflow.steps.EnvStep$DescriptorImpl
java.lang.NoClassDefFoundError: org/jenkinsci/plugins/structs/describable/UninstantiatedDescribable
	at java.lang.Class.getDeclaredMethods0(Native Method)
	at java.lang.Class.privateGetDeclaredMethods(Class.java:2701)
	at java.lang.Class.privateGetPublicMethods(Class.java:2902)
	at java.lang.Class.privateGetPublicMethods(Class.java:2917)
	at java.lang.Class.privateGetPublicMethods(Class.java:2917)
	at java.lang.Class.getMethods(Class.java:1615)
	at hudson.ExtensionFinder$GuiceFinder$SezpozModule.resolve(ExtensionFinder.java:477)
	at hudson.ExtensionFinder$GuiceFinder$SezpozModule.configure(ExtensionFinder.java:506)
	at com.google.inject.AbstractModule.configure(AbstractModule.java:62)
	at com.google.inject.spi.Elements$RecordingBinder.install(Elements.java:230)
	at com.google.inject.spi.Elements.getElements(Elements.java:103)
	at com.google.inject.internal.InjectorShell$Builder.build(InjectorShell.java:136)
	at com.google.inject.internal.InternalInjectorCreator.build(InternalInjectorCreator.java:104)
	at com.google.inject.Guice.createInjector(Guice.java:96)
	at com.google.inject.Guice.createInjector(Guice.java:73)
	at hudson.ExtensionFinder$GuiceFinder.<init>(ExtensionFinder.java:280)
	at sun.reflect.NativeConstructorAccessorImpl.newInstance0(Native Method)
	at sun.reflect.NativeConstructorAccessorImpl.newInstance(NativeConstructorAccessorImpl.java:62)
	at sun.reflect.DelegatingConstructorAccessorImpl.newInstance(DelegatingConstructorAccessorImpl.java:45)
	at java.lang.reflect.Constructor.newInstance(Constructor.java:423)
	at java.lang.Class.newInstance(Class.java:442)
	at net.java.sezpoz.IndexItem.instance(IndexItem.java:181)
	at hudson.ExtensionFinder$Sezpoz._find(ExtensionFinder.java:634)
	at hudson.ExtensionFinder$Sezpoz.find(ExtensionFinder.java:609)
	at hudson.ClassicPluginStrategy.findComponents(ClassicPluginStrategy.java:477)
	at hudson.ExtensionList.load(ExtensionList.java:349)
	at hudson.ExtensionList.ensureLoaded(ExtensionList.java:287)
	at hudson.ExtensionList.getComponents(ExtensionList.java:167)
	at jenkins.model.Jenkins$8.onInitMilestoneAttained(Jenkins.java:1016)
	at jenkins.InitReactorRunner$1.onAttained(InitReactorRunner.java:80)
	at org.jvnet.hudson.reactor.ReactorListener$Aggregator.onAttained(ReactorListener.java:104)
	at org.jvnet.hudson.reactor.Reactor$1.run(Reactor.java:176)
	at org.jvnet.hudson.reactor.Reactor$Node.run(Reactor.java:117)
	at java.util.concurrent.ThreadPoolExecutor.runWorker(ThreadPoolExecutor.java:1142)
	at java.util.concurrent.ThreadPoolExecutor$Worker.run(ThreadPoolExecutor.java:617)
	at java.lang.Thread.run(Thread.java:745)
Caused by: java.lang.ClassNotFoundException: org.jenkinsci.plugins.structs.describable.UninstantiatedDescribable
	at java.net.URLClassLoader.findClass(URLClassLoader.java:381)
	at java.lang.ClassLoader.loadClass(ClassLoader.java:424)
	at sun.misc.Launcher$AppClassLoader.loadClass(Launcher.java:331)
	at java.lang.ClassLoader.loadClass(ClassLoader.java:357)
	... 36 more

Apr 12, 2017 2:31:29 PM hudson.ExtensionFinder$GuiceFinder$SezpozModule configure
WARNING: Failed to load org.jenkinsci.plugins.workflow.steps.SleepStep$DescriptorImpl
java.lang.NoClassDefFoundError: org/jenkinsci/plugins/structs/describable/UninstantiatedDescribable
	at java.lang.Class.getDeclaredMethods0(Native Method)
	at java.lang.Class.privateGetDeclaredMethods(Class.java:2701)
	at java.lang.Class.privateGetPublicMethods(Class.java:2902)
	at java.lang.Class.privateGetPublicMethods(Class.java:2917)
	at java.lang.Class.privateGetPublicMethods(Class.java:2917)
	at java.lang.Class.getMethods(Class.java:1615)
	at hudson.ExtensionFinder$GuiceFinder$SezpozModule.resolve(ExtensionFinder.java:477)
	at hudson.ExtensionFinder$GuiceFinder$SezpozModule.configure(ExtensionFinder.java:506)
	at com.google.inject.AbstractModule.configure(AbstractModule.java:62)
	at com.google.inject.spi.Elements$RecordingBinder.install(Elements.java:230)
	at com.google.inject.spi.Elements.getElements(Elements.java:103)
	at com.google.inject.internal.InjectorShell$Builder.build(InjectorShell.java:136)
	at com.google.inject.internal.InternalInjectorCreator.build(InternalInjectorCreator.java:104)
	at com.google.inject.Guice.createInjector(Guice.java:96)
	at com.google.inject.Guice.createInjector(Guice.java:73)
	at hudson.ExtensionFinder$GuiceFinder.<init>(ExtensionFinder.java:280)
	at sun.reflect.NativeConstructorAccessorImpl.newInstance0(Native Method)
	at sun.reflect.NativeConstructorAccessorImpl.newInstance(NativeConstructorAccessorImpl.java:62)
	at sun.reflect.DelegatingConstructorAccessorImpl.newInstance(DelegatingConstructorAccessorImpl.java:45)
	at java.lang.reflect.Constructor.newInstance(Constructor.java:423)
	at java.lang.Class.newInstance(Class.java:442)
	at net.java.sezpoz.IndexItem.instance(IndexItem.java:181)
	at hudson.ExtensionFinder$Sezpoz._find(ExtensionFinder.java:634)
	at hudson.ExtensionFinder$Sezpoz.find(ExtensionFinder.java:609)
	at hudson.ClassicPluginStrategy.findComponents(ClassicPluginStrategy.java:477)
	at hudson.ExtensionList.load(ExtensionList.java:349)
	at hudson.ExtensionList.ensureLoaded(ExtensionList.java:287)
	at hudson.ExtensionList.getComponents(ExtensionList.java:167)
	at jenkins.model.Jenkins$8.onInitMilestoneAttained(Jenkins.java:1016)
	at jenkins.InitReactorRunner$1.onAttained(InitReactorRunner.java:80)
	at org.jvnet.hudson.reactor.ReactorListener$Aggregator.onAttained(ReactorListener.java:104)
	at org.jvnet.hudson.reactor.Reactor$1.run(Reactor.java:176)
	at org.jvnet.hudson.reactor.Reactor$Node.run(Reactor.java:117)
	at java.util.concurrent.ThreadPoolExecutor.runWorker(ThreadPoolExecutor.java:1142)
	at java.util.concurrent.ThreadPoolExecutor$Worker.run(ThreadPoolExecutor.java:617)
	at java.lang.Thread.run(Thread.java:745)
Caused by: java.lang.ClassNotFoundException: org.jenkinsci.plugins.structs.describable.UninstantiatedDescribable
	at java.net.URLClassLoader.findClass(URLClassLoader.java:381)
	at java.lang.ClassLoader.loadClass(ClassLoader.java:424)
	at sun.misc.Launcher$AppClassLoader.loadClass(Launcher.java:331)
	at java.lang.ClassLoader.loadClass(ClassLoader.java:357)
	... 36 more

Apr 12, 2017 2:31:29 PM hudson.ExtensionFinder$GuiceFinder$SezpozModule configure
WARNING: Failed to load org.jenkinsci.plugins.workflow.support.steps.stash.StashStep$DescriptorImpl
java.lang.NoClassDefFoundError: org/jenkinsci/plugins/structs/describable/UninstantiatedDescribable
	at java.lang.Class.getDeclaredMethods0(Native Method)
	at java.lang.Class.privateGetDeclaredMethods(Class.java:2701)
	at java.lang.Class.privateGetPublicMethods(Class.java:2902)
	at java.lang.Class.privateGetPublicMethods(Class.java:2917)
	at java.lang.Class.privateGetPublicMethods(Class.java:2917)
	at java.lang.Class.getMethods(Class.java:1615)
	at hudson.ExtensionFinder$GuiceFinder$SezpozModule.resolve(ExtensionFinder.java:477)
	at hudson.ExtensionFinder$GuiceFinder$SezpozModule.configure(ExtensionFinder.java:506)
	at com.google.inject.AbstractModule.configure(AbstractModule.java:62)
	at com.google.inject.spi.Elements$RecordingBinder.install(Elements.java:230)
	at com.google.inject.spi.Elements.getElements(Elements.java:103)
	at com.google.inject.internal.InjectorShell$Builder.build(InjectorShell.java:136)
	at com.google.inject.internal.InternalInjectorCreator.build(InternalInjectorCreator.java:104)
	at com.google.inject.Guice.createInjector(Guice.java:96)
	at com.google.inject.Guice.createInjector(Guice.java:73)
	at hudson.ExtensionFinder$GuiceFinder.<init>(ExtensionFinder.java:280)
	at sun.reflect.NativeConstructorAccessorImpl.newInstance0(Native Method)
	at sun.reflect.NativeConstructorAccessorImpl.newInstance(NativeConstructorAccessorImpl.java:62)
	at sun.reflect.DelegatingConstructorAccessorImpl.newInstance(DelegatingConstructorAccessorImpl.java:45)
	at java.lang.reflect.Constructor.newInstance(Constructor.java:423)
	at java.lang.Class.newInstance(Class.java:442)
	at net.java.sezpoz.IndexItem.instance(IndexItem.java:181)
	at hudson.ExtensionFinder$Sezpoz._find(ExtensionFinder.java:634)
	at hudson.ExtensionFinder$Sezpoz.find(ExtensionFinder.java:609)
	at hudson.ClassicPluginStrategy.findComponents(ClassicPluginStrategy.java:477)
	at hudson.ExtensionList.load(ExtensionList.java:349)
	at hudson.ExtensionList.ensureLoaded(ExtensionList.java:287)
	at hudson.ExtensionList.getComponents(ExtensionList.java:167)
[...]
java.lang.NoClassDefFoundError: org/jenkinsci/plugins/structs/describable/UninstantiatedDescribable
	at java.lang.Class.getDeclaredMethods0(Native Method)
	at java.lang.Class.privateGetDeclaredMethods(Class.java:2701)
	at java.lang.Class.privateGetPublicMethods(Class.java:2902)
	at java.lang.Class.privateGetPublicMethods(Class.java:2917)
	at java.lang.Class.privateGetPublicMethods(Class.java:2917)
	at java.lang.Class.getMethods(Class.java:1615)
	at hudson.ExtensionFinder$GuiceFinder$SezpozModule.resolve(ExtensionFinder.java:477)
	at hudson.ExtensionFinder$GuiceFinder$SezpozModule.configure(ExtensionFinder.java:506)
	at com.google.inject.AbstractModule.configure(AbstractModule.java:62)
	at com.google.inject.spi.Elements$RecordingBinder.install(Elements.java:230)
	at com.google.inject.spi.Elements.getElements(Elements.java:103)
	at com.google.inject.internal.InjectorShell$Builder.build(InjectorShell.java:136)
	at com.google.inject.internal.InternalInjectorCreator.build(InternalInjectorCreator.java:104)
	at com.google.inject.Guice.createInjector(Guice.java:96)
	at com.google.inject.Guice.createInjector(Guice.java:73)
	at com.google.inject.Guice.createInjector(Guice.java:62)
	at hudson.ExtensionFinder$GuiceFinder.<init>(ExtensionFinder.java:285)
	at sun.reflect.NativeConstructorAccessorImpl.newInstance0(Native Method)
	at sun.reflect.NativeConstructorAccessorImpl.newInstance(NativeConstructorAccessorImpl.java:62)
	at sun.reflect.DelegatingConstructorAccessorImpl.newInstance(DelegatingConstructorAccessorImpl.java:45)
	at java.lang.reflect.Constructor.newInstance(Constructor.java:423)
	at java.lang.Class.newInstance(Class.java:442)
	at net.java.sezpoz.IndexItem.instance(IndexItem.java:181)
	at hudson.ExtensionFinder$Sezpoz._find(ExtensionFinder.java:634)
	at hudson.ExtensionFinder$Sezpoz.find(ExtensionFinder.java:609)
	at hudson.ClassicPluginStrategy.findComponents(ClassicPluginStrategy.java:477)
	at hudson.ExtensionList.load(ExtensionList.java:349)
	at hudson.ExtensionList.ensureLoaded(ExtensionList.java:287)
	at hudson.ExtensionList.getComponents(ExtensionList.java:167)
	at jenkins.model.Jenkins$8.onInitMilestoneAttained(Jenkins.java:1016)
	at jenkins.InitReactorRunner$1.onAttained(InitReactorRunner.java:80)
	at org.jvnet.hudson.reactor.ReactorListener$Aggregator.onAttained(ReactorListener.java:104)
	at org.jvnet.hudson.reactor.Reactor$1.run(Reactor.java:176)
	at org.jvnet.hudson.reactor.Reactor$Node.run(Reactor.java:117)
	at java.util.concurrent.ThreadPoolExecutor.runWorker(ThreadPoolExecutor.java:1142)
	at java.util.concurrent.ThreadPoolExecutor$Worker.run(ThreadPoolExecutor.java:617)
	at java.lang.Thread.run(Thread.java:745)
Caused by: java.lang.ClassNotFoundException: org.jenkinsci.plugins.structs.describable.UninstantiatedDescribable
	at java.net.URLClassLoader.findClass(URLClassLoader.java:381)
	at java.lang.ClassLoader.loadClass(ClassLoader.java:424)
	at sun.misc.Launcher$AppClassLoader.loadClass(Launcher.java:331)
	at java.lang.ClassLoader.loadClass(ClassLoader.java:357)
	... 37 more

Apr 12, 2017 2:31:29 PM hudson.ExtensionFinder$Sezpoz _find
WARNING: Failed to load hudson.ExtensionFinder$GuiceFinder
java.lang.InstantiationException: com.google.inject.internal.guava.collect.$ComputationException: java.lang.NoClassDefFoundError: org/jenkinsci/plugins/structs/describable/UninstantiatedDescribable
	at net.java.sezpoz.IndexItem.instance(IndexItem.java:191)
	at hudson.ExtensionFinder$Sezpoz._find(ExtensionFinder.java:634)
	at hudson.ExtensionFinder$Sezpoz.find(ExtensionFinder.java:609)
	at hudson.ClassicPluginStrategy.findComponents(ClassicPluginStrategy.java:477)
	at hudson.ExtensionList.load(ExtensionList.java:349)
	at hudson.ExtensionList.ensureLoaded(ExtensionList.java:287)
	at hudson.ExtensionList.getComponents(ExtensionList.java:167)
	at jenkins.model.Jenkins$8.onInitMilestoneAttained(Jenkins.java:1016)
	at jenkins.InitReactorRunner$1.onAttained(InitReactorRunner.java:80)
	at org.jvnet.hudson.reactor.ReactorListener$Aggregator.onAttained(ReactorListener.java:104)
	at org.jvnet.hudson.reactor.Reactor$1.run(Reactor.java:176)
	at org.jvnet.hudson.reactor.Reactor$Node.run(Reactor.java:117)
	at java.util.concurrent.ThreadPoolExecutor.runWorker(ThreadPoolExecutor.java:1142)
	at java.util.concurrent.ThreadPoolExecutor$Worker.run(ThreadPoolExecutor.java:617)
	at java.lang.Thread.run(Thread.java:745)
Caused by: com.google.inject.internal.guava.collect.$ComputationException: java.lang.NoClassDefFoundError: org/jenkinsci/plugins/structs/describable/UninstantiatedDescribable
	at com.google.inject.internal.guava.collect.$ComputingConcurrentHashMap$ComputingMapAdapter.get(ComputingConcurrentHashMap.java:397)
	at com.google.inject.internal.FailableCache.get(FailableCache.java:49)
	at com.google.inject.internal.MembersInjectorStore.get(MembersInjectorStore.java:66)
	at com.google.inject.internal.ConstructorInjectorStore.createConstructor(ConstructorInjectorStore.java:74)
	at com.google.inject.internal.ConstructorInjectorStore.access$000(ConstructorInjectorStore.java:29)
	at com.google.inject.internal.ConstructorInjectorStore$1.create(ConstructorInjectorStore.java:37)
	at com.google.inject.internal.ConstructorInjectorStore$1.create(ConstructorInjectorStore.java:33)
	at com.google.inject.internal.FailableCache$1.apply(FailableCache.java:38)
	at com.google.inject.internal.guava.collect.$ComputingConcurrentHashMap$ComputingValueReference.compute(ComputingConcurrentHashMap.java:355)
	at com.google.inject.internal.guava.collect.$ComputingConcurrentHashMap$ComputingSegment.compute(ComputingConcurrentHashMap.java:184)
	at com.google.inject.internal.guava.collect.$ComputingConcurrentHashMap$ComputingSegment.getOrCompute(ComputingConcurrentHashMap.java:153)
	at com.google.inject.internal.guava.collect.$ComputingConcurrentHashMap.getOrCompute(ComputingConcurrentHashMap.java:69)
	at com.google.inject.internal.guava.collect.$ComputingConcurrentHashMap$ComputingMapAdapter.get(ComputingConcurrentHashMap.java:393)
	at com.google.inject.internal.FailableCache.get(FailableCache.java:49)
	at com.google.inject.internal.ConstructorInjectorStore.get(ConstructorInjectorStore.java:50)
	at com.google.inject.internal.ConstructorBindingImpl.initialize(ConstructorBindingImpl.java:137)
	at com.google.inject.internal.InjectorImpl.initializeBinding(InjectorImpl.java:537)
	at com.google.inject.internal.AbstractBindingProcessor$Processor$1.run(AbstractBindingProcessor.java:160)
	at com.google.inject.internal.ProcessedBindingData.initializeBindings(ProcessedBindingData.java:44)
	at com.google.inject.internal.InternalInjectorCreator.initializeStatically(InternalInjectorCreator.java:123)
	at com.google.inject.internal.InternalInjectorCreator.build(InternalInjectorCreator.java:107)
	at com.google.inject.Guice.createInjector(Guice.java:96)
	at com.google.inject.Guice.createInjector(Guice.java:73)
	at com.google.inject.Guice.createInjector(Guice.java:62)
	at hudson.ExtensionFinder$GuiceFinder.<init>(ExtensionFinder.java:285)
	at sun.reflect.NativeConstructorAccessorImpl.newInstance0(Native Method)
	at sun.reflect.NativeConstructorAccessorImpl.newInstance(NativeConstructorAccessorImpl.java:62)
	at sun.reflect.DelegatingConstructorAccessorImpl.newInstance(DelegatingConstructorAccessorImpl.java:45)
	at java.lang.reflect.Constructor.newInstance(Constructor.java:423)
	at java.lang.Class.newInstance(Class.java:442)
	at net.java.sezpoz.IndexItem.instance(IndexItem.java:181)
	... 14 more
Caused by: java.lang.NoClassDefFoundError: org/jenkinsci/plugins/structs/describable/UninstantiatedDescribable
	at java.lang.Class.getDeclaredMethods0(Native Method)
	at java.lang.Class.privateGetDeclaredMethods(Class.java:2701)
	at java.lang.Class.getDeclaredMethods(Class.java:1975)
	at com.google.inject.spi.InjectionPoint.getInjectionPoints(InjectionPoint.java:674)
	at com.google.inject.spi.InjectionPoint.forInstanceMethodsAndFields(InjectionPoint.java:366)
	at com.google.inject.internal.MembersInjectorStore.createWithListeners(MembersInjectorStore.java:91)
	at com.google.inject.internal.MembersInjectorStore.access$000(MembersInjectorStore.java:35)
	at com.google.inject.internal.MembersInjectorStore$1.create(MembersInjectorStore.java:43)
	at com.google.inject.internal.MembersInjectorStore$1.create(MembersInjectorStore.java:40)
	at com.google.inject.internal.FailableCache$1.apply(FailableCache.java:38)
	at com.google.inject.internal.guava.collect.$ComputingConcurrentHashMap$ComputingValueReference.compute(ComputingConcurrentHashMap.java:355)
	at com.google.inject.internal.guava.collect.$ComputingConcurrentHashMap$ComputingSegment.compute(ComputingConcurrentHashMap.java:184)
	at com.google.inject.internal.guava.collect.$ComputingConcurrentHashMap$ComputingSegment.getOrCompute(ComputingConcurrentHashMap.java:153)
	at com.google.inject.internal.guava.collect.$ComputingConcurrentHashMap.getOrCompute(ComputingConcurrentHashMap.java:69)
	at com.google.inject.internal.guava.collect.$ComputingConcurrentHashMap$ComputingMapAdapter.get(ComputingConcurrentHashMap.java:393)
	... 44 more
Caused by: java.lang.ClassNotFoundException: org.jenkinsci.plugins.structs.describable.UninstantiatedDescribable
	at java.net.URLClassLoader.findClass(URLClassLoader.java:381)
	at java.lang.ClassLoader.loadClass(ClassLoader.java:424)
	at sun.misc.Launcher$AppClassLoader.loadClass(Launcher.java:331)
	at java.lang.ClassLoader.loadClass(ClassLoader.java:357)
	... 59 more

Apr 12, 2017 2:31:29 PM jenkins.InitReactorRunner$1 onAttained
INFO: Prepared all plugins
Apr 12, 2017 2:31:29 PM jenkins.InitReactorRunner$1 onAttained
INFO: Started all plugins
Apr 12, 2017 2:31:29 PM jenkins.InitReactorRunner$1 onTaskFailed
SEVERE: Failed RekeySecretAdminMonitor.scanOnReboot
java.lang.IllegalArgumentException: Unable to inject class jenkins.security.RekeySecretAdminMonitor
	at hudson.init.TaskMethodFinder.lookUp(TaskMethodFinder.java:125)
	at hudson.init.TaskMethodFinder.invoke(TaskMethodFinder.java:104)
	at hudson.init.TaskMethodFinder$TaskImpl.run(TaskMethodFinder.java:175)
	at org.jvnet.hudson.reactor.Reactor.runTask(Reactor.java:282)
	at jenkins.model.Jenkins$7.runTask(Jenkins.java:998)
	at org.jvnet.hudson.reactor.Reactor$2.run(Reactor.java:210)
	at org.jvnet.hudson.reactor.Reactor$Node.run(Reactor.java:117)
	at java.util.concurrent.ThreadPoolExecutor.runWorker(ThreadPoolExecutor.java:1142)
	at java.util.concurrent.ThreadPoolExecutor$Worker.run(ThreadPoolExecutor.java:617)
	at java.lang.Thread.run(Thread.java:745)

Apr 12, 2017 2:31:29 PM jenkins.InitReactorRunner$1 onTaskFailed
SEVERE: Failed PluginImpl.init
java.lang.Error: java.lang.reflect.InvocationTargetException
	at hudson.init.TaskMethodFinder.invoke(TaskMethodFinder.java:110)
	at hudson.init.TaskMethodFinder$TaskImpl.run(TaskMethodFinder.java:175)
	at org.jvnet.hudson.reactor.Reactor.runTask(Reactor.java:282)
	at jenkins.model.Jenkins$7.runTask(Jenkins.java:998)
	at org.jvnet.hudson.reactor.Reactor$2.run(Reactor.java:210)
	at org.jvnet.hudson.reactor.Reactor$Node.run(Reactor.java:117)
	at java.util.concurrent.ThreadPoolExecutor.runWorker(ThreadPoolExecutor.java:1142)
	at java.util.concurrent.ThreadPoolExecutor$Worker.run(ThreadPoolExecutor.java:617)
	at java.lang.Thread.run(Thread.java:745)
Caused by: java.lang.reflect.InvocationTargetException
	at sun.reflect.NativeMethodAccessorImpl.invoke0(Native Method)
	at sun.reflect.NativeMethodAccessorImpl.invoke(NativeMethodAccessorImpl.java:62)
	at sun.reflect.DelegatingMethodAccessorImpl.invoke(DelegatingMethodAccessorImpl.java:43)
	at java.lang.reflect.Method.invoke(Method.java:498)
	at hudson.init.TaskMethodFinder.invoke(TaskMethodFinder.java:104)
	... 8 more
Caused by: java.lang.IndexOutOfBoundsException: Index: 0, Size: 0
	at java.util.ArrayList.rangeCheck(ArrayList.java:653)
	at java.util.ArrayList.get(ArrayList.java:429)
	at hudson.ExtensionList.get(ExtensionList.java:171)
	at hudson.PluginManager$PluginUpdateMonitor.getInstance(PluginManager.java:1906)
	at hudson.maven.PluginImpl.init(PluginImpl.java:58)
	... 13 more

Apr 12, 2017 2:31:29 PM jenkins.InitReactorRunner$1 onAttained
INFO: Augmented all extensions
Apr 12, 2017 2:31:29 PM jenkins.InitReactorRunner$1 onTaskFailed
SEVERE: Failed GitSCM.onLoaded
java.lang.Error: java.lang.reflect.InvocationTargetException
	at hudson.init.TaskMethodFinder.invoke(TaskMethodFinder.java:110)
	at hudson.init.TaskMethodFinder$TaskImpl.run(TaskMethodFinder.java:175)
	at org.jvnet.hudson.reactor.Reactor.runTask(Reactor.java:282)
	at jenkins.model.Jenkins$7.runTask(Jenkins.java:998)
	at org.jvnet.hudson.reactor.Reactor$2.run(Reactor.java:210)
	at org.jvnet.hudson.reactor.Reactor$Node.run(Reactor.java:117)
	at java.util.concurrent.ThreadPoolExecutor.runWorker(ThreadPoolExecutor.java:1142)
	at java.util.concurrent.ThreadPoolExecutor$Worker.run(ThreadPoolExecutor.java:617)
	at java.lang.Thread.run(Thread.java:745)
Caused by: java.lang.reflect.InvocationTargetException
	at sun.reflect.NativeMethodAccessorImpl.invoke0(Native Method)
	at sun.reflect.NativeMethodAccessorImpl.invoke(NativeMethodAccessorImpl.java:62)
	at sun.reflect.DelegatingMethodAccessorImpl.invoke(DelegatingMethodAccessorImpl.java:43)
	at java.lang.reflect.Method.invoke(Method.java:498)
	at hudson.init.TaskMethodFinder.invoke(TaskMethodFinder.java:104)
	... 8 more
Caused by: java.lang.NullPointerException
	at hudson.plugins.git.GitSCM.onLoaded(GitSCM.java:1763)
	... 13 more

]]></system-err>
  </testcase>
  <testcase name="initializationError" classname="org.junit.runner.manipulation.Filter" time="0.001">
    <error message="No tests found matching Method org.jvnet.hudson.test.JellyTestSuiteBuilder$JellyTestSuite(org.jvnet.hudson.test.junit.FailedTest) from org.junit.internal.requests.ClassRequest@ae2db25" type="java.lang.Exception">java.lang.Exception: No tests found matching Method org.jvnet.hudson.test.JellyTestSuiteBuilder$JellyTestSuite(org.jvnet.hudson.test.junit.FailedTest) from org.junit.internal.requests.ClassRequest@ae2db25
	at org.junit.internal.requests.FilterRequest.getRunner(FilterRequest.java:40)
	at org.apache.maven.surefire.junit4.JUnit4Provider.executeFailedMethod(JUnit4Provider.java:381)
	at org.apache.maven.surefire.junit4.JUnit4Provider.executeWithRerun(JUnit4Provider.java:292)
	at org.apache.maven.surefire.junit4.JUnit4Provider.executeTestSet(JUnit4Provider.java:238)
	at org.apache.maven.surefire.junit4.JUnit4Provider.invoke(JUnit4Provider.java:161)
	at org.apache.maven.surefire.booter.ForkedBooter.invokeProviderInSameClassLoader(ForkedBooter.java:290)
	at org.apache.maven.surefire.booter.ForkedBooter.runSuitesInProcess(ForkedBooter.java:242)
	at org.apache.maven.surefire.booter.ForkedBooter.main(ForkedBooter.java:121)
</error>
    <rerunError message="No runnable methods" type="java.lang.Exception"><![CDATA[java.lang.Exception: No runnable methods
	at org.junit.runners.BlockJUnit4ClassRunner.validateInstanceMethods(BlockJUnit4ClassRunner.java:191)
	at org.junit.runners.BlockJUnit4ClassRunner.collectInitializationErrors(BlockJUnit4ClassRunner.java:128)
	at org.junit.runners.ParentRunner.validate(ParentRunner.java:416)
	at org.junit.runners.ParentRunner.<init>(ParentRunner.java:84)
	at org.junit.runners.BlockJUnit4ClassRunner.<init>(BlockJUnit4ClassRunner.java:65)
	at org.junit.internal.builders.JUnit4Builder.runnerForClass(JUnit4Builder.java:10)
	at org.junit.runners.model.RunnerBuilder.safeRunnerForClass(RunnerBuilder.java:59)
	at org.junit.internal.builders.AllDefaultPossibilitiesBuilder.runnerForClass(AllDefaultPossibilitiesBuilder.java:26)
	at org.junit.runners.model.RunnerBuilder.safeRunnerForClass(RunnerBuilder.java:59)
	at org.junit.internal.requests.ClassRequest.getRunner(ClassRequest.java:33)
	at org.junit.internal.requests.FilterRequest.getRunner(FilterRequest.java:36)
	at org.apache.maven.surefire.junit4.JUnit4Provider.executeFailedMethod(JUnit4Provider.java:381)
	at org.apache.maven.surefire.junit4.JUnit4Provider.executeWithRerun(JUnit4Provider.java:292)
	at org.apache.maven.surefire.junit4.JUnit4Provider.executeTestSet(JUnit4Provider.java:238)
	at org.apache.maven.surefire.junit4.JUnit4Provider.invoke(JUnit4Provider.java:161)
	at org.apache.maven.surefire.booter.ForkedBooter.invokeProviderInSameClassLoader(ForkedBooter.java:290)
	at org.apache.maven.surefire.booter.ForkedBooter.runSuitesInProcess(ForkedBooter.java:242)
	at org.apache.maven.surefire.booter.ForkedBooter.main(ForkedBooter.java:121)
]]></rerunError>
    <rerunError message="No runnable methods" type="java.lang.Exception"><![CDATA[java.lang.Exception: No runnable methods
	at org.junit.runners.BlockJUnit4ClassRunner.validateInstanceMethods(BlockJUnit4ClassRunner.java:191)
	at org.junit.runners.BlockJUnit4ClassRunner.collectInitializationErrors(BlockJUnit4ClassRunner.java:128)
	at org.junit.runners.ParentRunner.validate(ParentRunner.java:416)
	at org.junit.runners.ParentRunner.<init>(ParentRunner.java:84)
	at org.junit.runners.BlockJUnit4ClassRunner.<init>(BlockJUnit4ClassRunner.java:65)
	at org.junit.internal.builders.JUnit4Builder.runnerForClass(JUnit4Builder.java:10)
	at org.junit.runners.model.RunnerBuilder.safeRunnerForClass(RunnerBuilder.java:59)
	at org.junit.internal.builders.AllDefaultPossibilitiesBuilder.runnerForClass(AllDefaultPossibilitiesBuilder.java:26)
	at org.junit.runners.model.RunnerBuilder.safeRunnerForClass(RunnerBuilder.java:59)
	at org.junit.internal.requests.ClassRequest.getRunner(ClassRequest.java:33)
	at org.junit.internal.requests.FilterRequest.getRunner(FilterRequest.java:36)
	at org.apache.maven.surefire.junit4.JUnit4Provider.executeFailedMethod(JUnit4Provider.java:381)
	at org.apache.maven.surefire.junit4.JUnit4Provider.executeWithRerun(JUnit4Provider.java:292)
	at org.apache.maven.surefire.junit4.JUnit4Provider.executeTestSet(JUnit4Provider.java:238)
	at org.apache.maven.surefire.junit4.JUnit4Provider.invoke(JUnit4Provider.java:161)
	at org.apache.maven.surefire.booter.ForkedBooter.invokeProviderInSameClassLoader(ForkedBooter.java:290)
	at org.apache.maven.surefire.booter.ForkedBooter.runSuitesInProcess(ForkedBooter.java:242)
	at org.apache.maven.surefire.booter.ForkedBooter.main(ForkedBooter.java:121)
]]></rerunError>
    <rerunError message="No runnable methods" type="java.lang.Exception"><![CDATA[java.lang.Exception: No runnable methods
	at org.junit.runners.BlockJUnit4ClassRunner.validateInstanceMethods(BlockJUnit4ClassRunner.java:191)
	at org.junit.runners.BlockJUnit4ClassRunner.collectInitializationErrors(BlockJUnit4ClassRunner.java:128)
	at org.junit.runners.ParentRunner.validate(ParentRunner.java:416)
	at org.junit.runners.ParentRunner.<init>(ParentRunner.java:84)
	at org.junit.runners.BlockJUnit4ClassRunner.<init>(BlockJUnit4ClassRunner.java:65)
	at org.junit.internal.builders.JUnit4Builder.runnerForClass(JUnit4Builder.java:10)
	at org.junit.runners.model.RunnerBuilder.safeRunnerForClass(RunnerBuilder.java:59)
	at org.junit.internal.builders.AllDefaultPossibilitiesBuilder.runnerForClass(AllDefaultPossibilitiesBuilder.java:26)
	at org.junit.runners.model.RunnerBuilder.safeRunnerForClass(RunnerBuilder.java:59)
	at org.junit.internal.requests.ClassRequest.getRunner(ClassRequest.java:33)
	at org.junit.internal.requests.FilterRequest.getRunner(FilterRequest.java:36)
	at org.apache.maven.surefire.junit4.JUnit4Provider.executeFailedMethod(JUnit4Provider.java:381)
	at org.apache.maven.surefire.junit4.JUnit4Provider.executeWithRerun(JUnit4Provider.java:292)
	at org.apache.maven.surefire.junit4.JUnit4Provider.executeTestSet(JUnit4Provider.java:238)
	at org.apache.maven.surefire.junit4.JUnit4Provider.invoke(JUnit4Provider.java:161)
	at org.apache.maven.surefire.booter.ForkedBooter.invokeProviderInSameClassLoader(ForkedBooter.java:290)
	at org.apache.maven.surefire.booter.ForkedBooter.runSuitesInProcess(ForkedBooter.java:242)
	at org.apache.maven.surefire.booter.ForkedBooter.main(ForkedBooter.java:121)
]]></rerunError>
  </testcase>
</testsuite>