INFORMACIÓN: Listed all plugins
jul 08, 2019 3:51:18 PM hudson.ExtensionFinder$GuiceFinder <init>
GRAVE: Failed to create Guice container from all the plugins
com.google.common.util.concurrent.ExecutionError: com.google.common.util.concurrent.ExecutionError: java.lang.NoClassDefFoundError: org/jenkinsci/plugins/workflow/actions/WarningAction
	at com.google.common.cache.LocalCache$Segment.get(LocalCache.java:2232)
	at com.google.common.cache.LocalCache.get(LocalCache.java:3965)
	at com.google.common.cache.LocalCache.getOrLoad(LocalCache.java:3969)
	at com.google.common.cache.LocalCache$LocalManualCache.get(LocalCache.java:4829)
	at com.google.common.cache.LocalCache$LocalManualCache.getUnchecked(LocalCache.java:4834)
	at com.google.inject.internal.FailableCache.get(FailableCache.java:48)
	at com.google.inject.internal.ConstructorInjectorStore.get(ConstructorInjectorStore.java:50)
	at com.google.inject.internal.ConstructorBindingImpl.initialize(ConstructorBindingImpl.java:136)
	at com.google.inject.internal.InjectorImpl.initializeBinding(InjectorImpl.java:533)
	at com.google.inject.internal.AbstractBindingProcessor$Processor$1.run(AbstractBindingProcessor.java:160)
	at com.google.inject.internal.ProcessedBindingData.initializeBindings(ProcessedBindingData.java:44)
	at com.google.inject.internal.InternalInjectorCreator.initializeStatically(InternalInjectorCreator.java:123)
	at com.google.inject.internal.InternalInjectorCreator.build(InternalInjectorCreator.java:107)
	at com.google.inject.Guice.createInjector(Guice.java:96)
	at com.google.inject.Guice.createInjector(Guice.java:73)
	at hudson.ExtensionFinder$GuiceFinder.<init>(ExtensionFinder.java:284)
	at sun.reflect.NativeConstructorAccessorImpl.newInstance0(Native Method)
	at sun.reflect.NativeConstructorAccessorImpl.newInstance(NativeConstructorAccessorImpl.java:62)
	at sun.reflect.DelegatingConstructorAccessorImpl.newInstance(DelegatingConstructorAccessorImpl.java:45)
	at java.lang.reflect.Constructor.newInstance(Constructor.java:423)
	at java.lang.Class.newInstance(Class.java:442)
	at net.java.sezpoz.IndexItem.instance(IndexItem.java:181)
	at hudson.ExtensionFinder$Sezpoz._find(ExtensionFinder.java:714)
	at hudson.ExtensionFinder$Sezpoz.find(ExtensionFinder.java:689)
	at hudson.ClassicPluginStrategy.findComponents(ClassicPluginStrategy.java:335)
	at hudson.ExtensionList.load(ExtensionList.java:381)
	at hudson.ExtensionList.ensureLoaded(ExtensionList.java:317)
	at hudson.ExtensionList.iterator(ExtensionList.java:172)
	at hudson.ClassicPluginStrategy.findComponents(ClassicPluginStrategy.java:328)
	at hudson.ExtensionList.load(ExtensionList.java:381)
	at hudson.ExtensionList.ensureLoaded(ExtensionList.java:317)
	at hudson.ExtensionList.size(ExtensionList.java:191)
	at hudson.ExtensionList.lookupSingleton(ExtensionList.java:450)
	at com.cloudbees.jenkins.support.filter.DataFaker.get(DataFaker.java:52)
	at com.cloudbees.jenkins.support.filter.NameProvider.<clinit>(NameProvider.java:98)
	at java.lang.Class.forName0(Native Method)
	at java.lang.Class.forName(Class.java:348)
	at hudson.ExtensionFinder$Sezpoz.scout(ExtensionFinder.java:749)
	at hudson.ClassicPluginStrategy.findComponents(ClassicPluginStrategy.java:329)
	at hudson.ExtensionList.load(ExtensionList.java:381)
	at hudson.ExtensionList.ensureLoaded(ExtensionList.java:317)
	at hudson.ExtensionList.getComponents(ExtensionList.java:183)
	at jenkins.model.Jenkins$6.onInitMilestoneAttained(Jenkins.java:1122)
	at jenkins.InitReactorRunner$1.onAttained(InitReactorRunner.java:83)
	at org.jvnet.hudson.reactor.ReactorListener$Aggregator.lambda$onAttained$3(ReactorListener.java:102)
	at org.jvnet.hudson.reactor.ReactorListener$Aggregator.run(ReactorListener.java:109)
	at org.jvnet.hudson.reactor.ReactorListener$Aggregator.onAttained(ReactorListener.java:102)
	at org.jvnet.hudson.reactor.Reactor$1.run(Reactor.java:177)
	at org.jvnet.hudson.reactor.Reactor$Node.run(Reactor.java:117)
	at java.util.concurrent.ThreadPoolExecutor.runWorker(ThreadPoolExecutor.java:1149)
	at java.util.concurrent.ThreadPoolExecutor$Worker.run(ThreadPoolExecutor.java:624)
	at java.lang.Thread.run(Thread.java:748)
Caused by: com.google.common.util.concurrent.ExecutionError: java.lang.NoClassDefFoundError: org/jenkinsci/plugins/workflow/actions/WarningAction
	at com.google.common.cache.LocalCache$Segment.get(LocalCache.java:2232)
	at com.google.common.cache.LocalCache.get(LocalCache.java:3965)
	at com.google.common.cache.LocalCache.getOrLoad(LocalCache.java:3969)
	at com.google.common.cache.LocalCache$LocalManualCache.get(LocalCache.java:4829)
	at com.google.common.cache.LocalCache$LocalManualCache.getUnchecked(LocalCache.java:4834)
	at com.google.inject.internal.FailableCache.get(FailableCache.java:48)
	at com.google.inject.internal.MembersInjectorStore.get(MembersInjectorStore.java:68)
	at com.google.inject.internal.ConstructorInjectorStore.createConstructor(ConstructorInjectorStore.java:74)
	at com.google.inject.internal.ConstructorInjectorStore.access$000(ConstructorInjectorStore.java:29)
	at com.google.inject.internal.ConstructorInjectorStore$1.create(ConstructorInjectorStore.java:37)
	at com.google.inject.internal.ConstructorInjectorStore$1.create(ConstructorInjectorStore.java:33)
	at com.google.inject.internal.FailableCache$1.load(FailableCache.java:37)
	at com.google.common.cache.LocalCache$LoadingValueReference.loadFuture(LocalCache.java:3568)
	at com.google.common.cache.LocalCache$Segment.loadSync(LocalCache.java:2350)
	at com.google.common.cache.LocalCache$Segment.lockedGetOrLoad(LocalCache.java:2313)
	at com.google.common.cache.LocalCache$Segment.get(LocalCache.java:2228)
	... 51 more
Caused by: java.lang.NoClassDefFoundError: org/jenkinsci/plugins/workflow/actions/WarningAction
	at java.lang.Class.getDeclaredMethods0(Native Method)
	at java.lang.Class.privateGetDeclaredMethods(Class.java:2701)
	at java.lang.Class.getDeclaredMethods(Class.java:1975)
	at com.google.inject.spi.InjectionPoint.getInjectionPoints(InjectionPoint.java:688)
	at com.google.inject.spi.InjectionPoint.forInstanceMethodsAndFields(InjectionPoint.java:380)
	at com.google.inject.internal.MembersInjectorStore.createWithListeners(MembersInjectorStore.java:93)
	at com.google.inject.internal.MembersInjectorStore.access$000(MembersInjectorStore.java:37)
	at com.google.inject.internal.MembersInjectorStore$1.create(MembersInjectorStore.java:45)
	at com.google.inject.internal.MembersInjectorStore$1.create(MembersInjectorStore.java:42)
	at com.google.inject.internal.FailableCache$1.load(FailableCache.java:37)
	at com.google.common.cache.LocalCache$LoadingValueReference.loadFuture(LocalCache.java:3568)
	at com.google.common.cache.LocalCache$Segment.loadSync(LocalCache.java:2350)
	at com.google.common.cache.LocalCache$Segment.lockedGetOrLoad(LocalCache.java:2313)
	at com.google.common.cache.LocalCache$Segment.get(LocalCache.java:2228)
	... 66 more
Caused by: java.lang.ClassNotFoundException: org.jenkinsci.plugins.workflow.actions.WarningAction
	at jenkins.util.AntClassLoader.findClassInComponents(AntClassLoader.java:1373)
	at jenkins.util.AntClassLoader.findClass(AntClassLoader.java:1326)
	at jenkins.util.AntClassLoader.loadClass(AntClassLoader.java:1079)
	at java.lang.ClassLoader.loadClass(ClassLoader.java:357)
	... 80 more

jul 08, 2019 3:51:18 PM hudson.ExtensionFinder$Sezpoz _find
ADVERTENCIA: Failed to load hudson.ExtensionFinder$GuiceFinder
java.lang.InstantiationException: com.google.inject.CreationException: Unable to create injector, see the following errors:

1) Could not find a suitable constructor in jenkins.model.Jenkins. Classes must have either one (and only one) constructor annotated with @Inject or a zero-argument constructor that is not private.
  at jenkins.model.Jenkins.class(Jenkins.java:308)
  while locating jenkins.model.Jenkins
    for field at jenkins.model.Jenkins$EnforceSlaveAgentPortAdministrativeMonitor.j(Jenkins.java:1282)
  at hudson.ExtensionFinder$GuiceFinder$SezpozModule.configure(ExtensionFinder.java:528)

2) Could not find a suitable constructor in jenkins.model.Jenkins. Classes must have either one (and only one) constructor annotated with @Inject or a zero-argument constructor that is not private.
  at jenkins.model.Jenkins.class(Jenkins.java:308)
  while locating jenkins.model.Jenkins
    for field at jenkins.security.s2m.AdminCallableMonitor.jenkins(AdminCallableMonitor.java:33)
  at hudson.ExtensionFinder$GuiceFinder$SezpozModule.configure(ExtensionFinder.java:528)

3) Could not find a suitable constructor in jenkins.model.Jenkins. Classes must have either one (and only one) constructor annotated with @Inject or a zero-argument constructor that is not private.
  at jenkins.model.Jenkins.class(Jenkins.java:308)
  while locating jenkins.model.Jenkins
    for field at jenkins.security.s2m.MasterKillSwitchConfiguration.jenkins(MasterKillSwitchConfiguration.java:20)
  at hudson.ExtensionFinder$GuiceFinder$SezpozModule.configure(ExtensionFinder.java:528)

3 errors
	at net.java.sezpoz.IndexItem.instance(IndexItem.java:191)
	at hudson.ExtensionFinder$Sezpoz._find(ExtensionFinder.java:714)
	at hudson.ExtensionFinder$Sezpoz.find(ExtensionFinder.java:689)
	at hudson.ClassicPluginStrategy.findComponents(ClassicPluginStrategy.java:335)
	at hudson.ExtensionList.load(ExtensionList.java:381)
	at hudson.ExtensionList.ensureLoaded(ExtensionList.java:317)
	at hudson.ExtensionList.iterator(ExtensionList.java:172)
	at hudson.ClassicPluginStrategy.findComponents(ClassicPluginStrategy.java:328)
	at hudson.ExtensionList.load(ExtensionList.java:381)
	at hudson.ExtensionList.ensureLoaded(ExtensionList.java:317)
	at hudson.ExtensionList.size(ExtensionList.java:191)
	at hudson.ExtensionList.lookupSingleton(ExtensionList.java:450)
	at com.cloudbees.jenkins.support.filter.DataFaker.get(DataFaker.java:52)
	at com.cloudbees.jenkins.support.filter.NameProvider.<clinit>(NameProvider.java:98)
	at java.lang.Class.forName0(Native Method)
	at java.lang.Class.forName(Class.java:348)
	at hudson.ExtensionFinder$Sezpoz.scout(ExtensionFinder.java:749)
	at hudson.ClassicPluginStrategy.findComponents(ClassicPluginStrategy.java:329)
	at hudson.ExtensionList.load(ExtensionList.java:381)
	at hudson.ExtensionList.ensureLoaded(ExtensionList.java:317)
	at hudson.ExtensionList.getComponents(ExtensionList.java:183)
	at jenkins.model.Jenkins$6.onInitMilestoneAttained(Jenkins.java:1122)
	at jenkins.InitReactorRunner$1.onAttained(InitReactorRunner.java:83)
	at org.jvnet.hudson.reactor.ReactorListener$Aggregator.lambda$onAttained$3(ReactorListener.java:102)
	at org.jvnet.hudson.reactor.ReactorListener$Aggregator.run(ReactorListener.java:109)
	at org.jvnet.hudson.reactor.ReactorListener$Aggregator.onAttained(ReactorListener.java:102)
	at org.jvnet.hudson.reactor.Reactor$1.run(Reactor.java:177)
	at org.jvnet.hudson.reactor.Reactor$Node.run(Reactor.java:117)
	at java.util.concurrent.ThreadPoolExecutor.runWorker(ThreadPoolExecutor.java:1149)
	at java.util.concurrent.ThreadPoolExecutor$Worker.run(ThreadPoolExecutor.java:624)
	at java.lang.Thread.run(Thread.java:748)
Caused by: com.google.inject.CreationException: Unable to create injector, see the following errors:

1) Could not find a suitable constructor in jenkins.model.Jenkins. Classes must have either one (and only one) constructor annotated with @Inject or a zero-argument constructor that is not private.
  at jenkins.model.Jenkins.class(Jenkins.java:308)
  while locating jenkins.model.Jenkins
    for field at jenkins.model.Jenkins$EnforceSlaveAgentPortAdministrativeMonitor.j(Jenkins.java:1282)
  at hudson.ExtensionFinder$GuiceFinder$SezpozModule.configure(ExtensionFinder.java:528)

2) Could not find a suitable constructor in jenkins.model.Jenkins. Classes must have either one (and only one) constructor annotated with @Inject or a zero-argument constructor that is not private.
  at jenkins.model.Jenkins.class(Jenkins.java:308)
  while locating jenkins.model.Jenkins
    for field at jenkins.security.s2m.AdminCallableMonitor.jenkins(AdminCallableMonitor.java:33)
  at hudson.ExtensionFinder$GuiceFinder$SezpozModule.configure(ExtensionFinder.java:528)

3) Could not find a suitable constructor in jenkins.model.Jenkins. Classes must have either one (and only one) constructor annotated with @Inject or a zero-argument constructor that is not private.
  at jenkins.model.Jenkins.class(Jenkins.java:308)
  while locating jenkins.model.Jenkins
    for field at jenkins.security.s2m.MasterKillSwitchConfiguration.jenkins(MasterKillSwitchConfiguration.java:20)
  at hudson.ExtensionFinder$GuiceFinder$SezpozModule.configure(ExtensionFinder.java:528)

3 errors
	at com.google.inject.internal.Errors.throwCreationExceptionIfErrorsExist(Errors.java:466)
	at com.google.inject.internal.InternalInjectorCreator.initializeStatically(InternalInjectorCreator.java:155)
	at com.google.inject.internal.InternalInjectorCreator.build(InternalInjectorCreator.java:107)
	at com.google.inject.Guice.createInjector(Guice.java:96)
	at com.google.inject.Guice.createInjector(Guice.java:73)
	at com.google.inject.Guice.createInjector(Guice.java:62)
	at hudson.ExtensionFinder$GuiceFinder.<init>(ExtensionFinder.java:290)
	at sun.reflect.NativeConstructorAccessorImpl.newInstance0(Native Method)
	at sun.reflect.NativeConstructorAccessorImpl.newInstance(NativeConstructorAccessorImpl.java:62)
	at sun.reflect.DelegatingConstructorAccessorImpl.newInstance(DelegatingConstructorAccessorImpl.java:45)
	at java.lang.reflect.Constructor.newInstance(Constructor.java:423)
	at java.lang.Class.newInstance(Class.java:442)
	at net.java.sezpoz.IndexItem.instance(IndexItem.java:181)
	... 30 more

jul 08, 2019 3:51:18 PM hudson.ExtensionFinder$Sezpoz scout
ADVERTENCIA: Failed to scout com.cloudbees.jenkins.support.filter.NameProvider
java.lang.ExceptionInInitializerError
	at java.lang.Class.forName0(Native Method)
	at java.lang.Class.forName(Class.java:348)
	at hudson.ExtensionFinder$Sezpoz.scout(ExtensionFinder.java:749)
	at hudson.ClassicPluginStrategy.findComponents(ClassicPluginStrategy.java:329)
	at hudson.ExtensionList.load(ExtensionList.java:381)
	at hudson.ExtensionList.ensureLoaded(ExtensionList.java:317)
	at hudson.ExtensionList.getComponents(ExtensionList.java:183)
	at jenkins.model.Jenkins$6.onInitMilestoneAttained(Jenkins.java:1122)
	at jenkins.InitReactorRunner$1.onAttained(InitReactorRunner.java:83)
	at org.jvnet.hudson.reactor.ReactorListener$Aggregator.lambda$onAttained$3(ReactorListener.java:102)
	at org.jvnet.hudson.reactor.ReactorListener$Aggregator.run(ReactorListener.java:109)
	at org.jvnet.hudson.reactor.ReactorListener$Aggregator.onAttained(ReactorListener.java:102)
	at org.jvnet.hudson.reactor.Reactor$1.run(Reactor.java:177)
	at org.jvnet.hudson.reactor.Reactor$Node.run(Reactor.java:117)
	at java.util.concurrent.ThreadPoolExecutor.runWorker(ThreadPoolExecutor.java:1149)
	at java.util.concurrent.ThreadPoolExecutor$Worker.run(ThreadPoolExecutor.java:624)
	at java.lang.Thread.run(Thread.java:748)
Caused by: java.lang.IllegalStateException: Expected 1 instance of com.cloudbees.jenkins.support.filter.DataFaker but got 0
	at hudson.ExtensionList.lookupSingleton(ExtensionList.java:451)
	at com.cloudbees.jenkins.support.filter.DataFaker.get(DataFaker.java:52)
	at com.cloudbees.jenkins.support.filter.NameProvider.<clinit>(NameProvider.java:98)
	... 17 more

jul 08, 2019 3:51:18 PM hudson.ExtensionFinder$Sezpoz scout
ADVERTENCIA: Failed to scout com.cloudbees.jenkins.support.filter.NameProvider
java.lang.NoClassDefFoundError: Could not initialize class com.cloudbees.jenkins.support.filter.NameProvider
	at java.lang.Class.forName0(Native Method)
	at java.lang.Class.forName(Class.java:348)
	at hudson.ExtensionFinder$Sezpoz.scout(ExtensionFinder.java:749)
	at hudson.ClassicPluginStrategy.findComponents(ClassicPluginStrategy.java:329)
	at hudson.ExtensionList.load(ExtensionList.java:381)
	at hudson.ExtensionList.ensureLoaded(ExtensionList.java:317)
	at hudson.ExtensionList.getComponents(ExtensionList.java:183)
	at jenkins.model.Jenkins$6.onInitMilestoneAttained(Jenkins.java:1122)
	at jenkins.InitReactorRunner$1.onAttained(InitReactorRunner.java:83)
	at org.jvnet.hudson.reactor.ReactorListener$Aggregator.lambda$onAttained$3(ReactorListener.java:102)
	at org.jvnet.hudson.reactor.ReactorListener$Aggregator.run(ReactorListener.java:109)
	at org.jvnet.hudson.reactor.ReactorListener$Aggregator.onAttained(ReactorListener.java:102)
	at org.jvnet.hudson.reactor.Reactor$1.run(Reactor.java:177)
	at org.jvnet.hudson.reactor.Reactor$Node.run(Reactor.java:117)
	at java.util.concurrent.ThreadPoolExecutor.runWorker(ThreadPoolExecutor.java:1149)
	at java.util.concurrent.ThreadPoolExecutor$Worker.run(ThreadPoolExecutor.java:624)
	at java.lang.Thread.run(Thread.java:748)

jul 08, 2019 3:51:18 PM hudson.ExtensionFinder$Sezpoz scout
ADVERTENCIA: Failed to scout com.cloudbees.jenkins.support.filter.NameProvider
java.lang.NoClassDefFoundError: Could not initialize class com.cloudbees.jenkins.support.filter.NameProvider
	at java.lang.Class.forName0(Native Method)
	at java.lang.Class.forName(Class.java:348)
	at hudson.ExtensionFinder$Sezpoz.scout(ExtensionFinder.java:749)
	at hudson.ClassicPluginStrategy.findComponents(ClassicPluginStrategy.java:329)
	at hudson.ExtensionList.load(ExtensionList.java:381)
	at hudson.ExtensionList.ensureLoaded(ExtensionList.java:317)
	at hudson.ExtensionList.getComponents(ExtensionList.java:183)
	at jenkins.model.Jenkins$6.onInitMilestoneAttained(Jenkins.java:1122)
	at jenkins.InitReactorRunner$1.onAttained(InitReactorRunner.java:83)
	at org.jvnet.hudson.reactor.ReactorListener$Aggregator.lambda$onAttained$3(ReactorListener.java:102)
	at org.jvnet.hudson.reactor.ReactorListener$Aggregator.run(ReactorListener.java:109)
	at org.jvnet.hudson.reactor.ReactorListener$Aggregator.onAttained(ReactorListener.java:102)
	at org.jvnet.hudson.reactor.Reactor$1.run(Reactor.java:177)
	at org.jvnet.hudson.reactor.Reactor$Node.run(Reactor.java:117)
	at java.util.concurrent.ThreadPoolExecutor.runWorker(ThreadPoolExecutor.java:1149)
	at java.util.concurrent.ThreadPoolExecutor$Worker.run(ThreadPoolExecutor.java:624)
	at java.lang.Thread.run(Thread.java:748)

jul 08, 2019 3:51:18 PM hudson.ExtensionFinder$Sezpoz scout
ADVERTENCIA: Failed to scout com.cloudbees.jenkins.support.filter.NameProvider
java.lang.NoClassDefFoundError: Could not initialize class com.cloudbees.jenkins.support.filter.NameProvider
	at java.lang.Class.forName0(Native Method)
	at java.lang.Class.forName(Class.java:348)
	at hudson.ExtensionFinder$Sezpoz.scout(ExtensionFinder.java:749)
	at hudson.ClassicPluginStrategy.findComponents(ClassicPluginStrategy.java:329)
	at hudson.ExtensionList.load(ExtensionList.java:381)
	at hudson.ExtensionList.ensureLoaded(ExtensionList.java:317)
	at hudson.ExtensionList.getComponents(ExtensionList.java:183)
	at jenkins.model.Jenkins$6.onInitMilestoneAttained(Jenkins.java:1122)
	at jenkins.InitReactorRunner$1.onAttained(InitReactorRunner.java:83)
	at org.jvnet.hudson.reactor.ReactorListener$Aggregator.lambda$onAttained$3(ReactorListener.java:102)
	at org.jvnet.hudson.reactor.ReactorListener$Aggregator.run(ReactorListener.java:109)
	at org.jvnet.hudson.reactor.ReactorListener$Aggregator.onAttained(ReactorListener.java:102)
	at org.jvnet.hudson.reactor.Reactor$1.run(Reactor.java:177)
	at org.jvnet.hudson.reactor.Reactor$Node.run(Reactor.java:117)
	at java.util.concurrent.ThreadPoolExecutor.runWorker(ThreadPoolExecutor.java:1149)
	at java.util.concurrent.ThreadPoolExecutor$Worker.run(ThreadPoolExecutor.java:624)
	at java.lang.Thread.run(Thread.java:748)

jul 08, 2019 3:51:18 PM hudson.ExtensionFinder$Sezpoz scout
ADVERTENCIA: Failed to scout com.cloudbees.jenkins.support.filter.NameProvider
java.lang.NoClassDefFoundError: Could not initialize class com.cloudbees.jenkins.support.filter.NameProvider
	at java.lang.Class.forName0(Native Method)
	at java.lang.Class.forName(Class.java:348)
	at hudson.ExtensionFinder$Sezpoz.scout(ExtensionFinder.java:749)
	at hudson.ClassicPluginStrategy.findComponents(ClassicPluginStrategy.java:329)
	at hudson.ExtensionList.load(ExtensionList.java:381)
	at hudson.ExtensionList.ensureLoaded(ExtensionList.java:317)
	at hudson.ExtensionList.getComponents(ExtensionList.java:183)
	at jenkins.model.Jenkins$6.onInitMilestoneAttained(Jenkins.java:1122)
	at jenkins.InitReactorRunner$1.onAttained(InitReactorRunner.java:83)
	at org.jvnet.hudson.reactor.ReactorListener$Aggregator.lambda$onAttained$3(ReactorListener.java:102)
	at org.jvnet.hudson.reactor.ReactorListener$Aggregator.run(ReactorListener.java:109)
	at org.jvnet.hudson.reactor.ReactorListener$Aggregator.onAttained(ReactorListener.java:102)
	at org.jvnet.hudson.reactor.Reactor$1.run(Reactor.java:177)
	at org.jvnet.hudson.reactor.Reactor$Node.run(Reactor.java:117)
	at java.util.concurrent.ThreadPoolExecutor.runWorker(ThreadPoolExecutor.java:1149)
	at java.util.concurrent.ThreadPoolExecutor$Worker.run(ThreadPoolExecutor.java:624)
	at java.lang.Thread.run(Thread.java:748)

jul 08, 2019 3:51:18 PM hudson.ExtensionFinder$Sezpoz scout
ADVERTENCIA: Failed to scout com.cloudbees.jenkins.support.filter.NameProvider
java.lang.NoClassDefFoundError: Could not initialize class com.cloudbees.jenkins.support.filter.NameProvider
	at java.lang.Class.forName0(Native Method)
	at java.lang.Class.forName(Class.java:348)
	at hudson.ExtensionFinder$Sezpoz.scout(ExtensionFinder.java:749)
	at hudson.ClassicPluginStrategy.findComponents(ClassicPluginStrategy.java:329)
	at hudson.ExtensionList.load(ExtensionList.java:381)
	at hudson.ExtensionList.ensureLoaded(ExtensionList.java:317)
	at hudson.ExtensionList.getComponents(ExtensionList.java:183)
	at jenkins.model.Jenkins$6.onInitMilestoneAttained(Jenkins.java:1122)
	at jenkins.InitReactorRunner$1.onAttained(InitReactorRunner.java:83)
	at org.jvnet.hudson.reactor.ReactorListener$Aggregator.lambda$onAttained$3(ReactorListener.java:102)
	at org.jvnet.hudson.reactor.ReactorListener$Aggregator.run(ReactorListener.java:109)
	at org.jvnet.hudson.reactor.ReactorListener$Aggregator.onAttained(ReactorListener.java:102)
	at org.jvnet.hudson.reactor.Reactor$1.run(Reactor.java:177)
	at org.jvnet.hudson.reactor.Reactor$Node.run(Reactor.java:117)
	at java.util.concurrent.ThreadPoolExecutor.runWorker(ThreadPoolExecutor.java:1149)
	at java.util.concurrent.ThreadPoolExecutor$Worker.run(ThreadPoolExecutor.java:624)
	at java.lang.Thread.run(Thread.java:748)

jul 08, 2019 3:51:19 PM hudson.ExtensionFinder$GuiceFinder <init>
GRAVE: Failed to create Guice container from all the plugins
com.google.common.util.concurrent.ExecutionError: com.google.common.util.concurrent.ExecutionError: java.lang.NoClassDefFoundError: org/jenkinsci/plugins/workflow/actions/WarningAction
	at com.google.common.cache.LocalCache$Segment.get(LocalCache.java:2232)
	at com.google.common.cache.LocalCache.get(LocalCache.java:3965)
	at com.google.common.cache.LocalCache.getOrLoad(LocalCache.java:3969)
	at com.google.common.cache.LocalCache$LocalManualCache.get(LocalCache.java:4829)
	at com.google.common.cache.LocalCache$LocalManualCache.getUnchecked(LocalCache.java:4834)
	at com.google.inject.internal.FailableCache.get(FailableCache.java:48)
	at com.google.inject.internal.ConstructorInjectorStore.get(ConstructorInjectorStore.java:50)
	at com.google.inject.internal.ConstructorBindingImpl.initialize(ConstructorBindingImpl.java:136)
	at com.google.inject.internal.InjectorImpl.initializeBinding(InjectorImpl.java:533)
	at com.google.inject.internal.AbstractBindingProcessor$Processor$1.run(AbstractBindingProcessor.java:160)
	at com.google.inject.internal.ProcessedBindingData.initializeBindings(ProcessedBindingData.java:44)
	at com.google.inject.internal.InternalInjectorCreator.initializeStatically(InternalInjectorCreator.java:123)
	at com.google.inject.internal.InternalInjectorCreator.build(InternalInjectorCreator.java:107)
	at com.google.inject.Guice.createInjector(Guice.java:96)
	at com.google.inject.Guice.createInjector(Guice.java:73)
	at hudson.ExtensionFinder$GuiceFinder.<init>(ExtensionFinder.java:284)
	at sun.reflect.NativeConstructorAccessorImpl.newInstance0(Native Method)
	at sun.reflect.NativeConstructorAccessorImpl.newInstance(NativeConstructorAccessorImpl.java:62)
	at sun.reflect.DelegatingConstructorAccessorImpl.newInstance(DelegatingConstructorAccessorImpl.java:45)
	at java.lang.reflect.Constructor.newInstance(Constructor.java:423)
	at java.lang.Class.newInstance(Class.java:442)
	at net.java.sezpoz.IndexItem.instance(IndexItem.java:181)
	at hudson.ExtensionFinder$Sezpoz._find(ExtensionFinder.java:714)
	at hudson.ExtensionFinder$Sezpoz.find(ExtensionFinder.java:689)
	at hudson.ClassicPluginStrategy.findComponents(ClassicPluginStrategy.java:335)
	at hudson.ExtensionList.load(ExtensionList.java:381)
	at hudson.ExtensionList.ensureLoaded(ExtensionList.java:317)
	at hudson.ExtensionList.getComponents(ExtensionList.java:183)
	at jenkins.model.Jenkins$6.onInitMilestoneAttained(Jenkins.java:1122)
	at jenkins.InitReactorRunner$1.onAttained(InitReactorRunner.java:83)
	at org.jvnet.hudson.reactor.ReactorListener$Aggregator.lambda$onAttained$3(ReactorListener.java:102)
	at org.jvnet.hudson.reactor.ReactorListener$Aggregator.run(ReactorListener.java:109)
	at org.jvnet.hudson.reactor.ReactorListener$Aggregator.onAttained(ReactorListener.java:102)
	at org.jvnet.hudson.reactor.Reactor$1.run(Reactor.java:177)
	at org.jvnet.hudson.reactor.Reactor$Node.run(Reactor.java:117)
	at java.util.concurrent.ThreadPoolExecutor.runWorker(ThreadPoolExecutor.java:1149)
	at java.util.concurrent.ThreadPoolExecutor$Worker.run(ThreadPoolExecutor.java:624)
	at java.lang.Thread.run(Thread.java:748)
Caused by: com.google.common.util.concurrent.ExecutionError: java.lang.NoClassDefFoundError: org/jenkinsci/plugins/workflow/actions/WarningAction
	at com.google.common.cache.LocalCache$Segment.get(LocalCache.java:2232)
	at com.google.common.cache.LocalCache.get(LocalCache.java:3965)
	at com.google.common.cache.LocalCache.getOrLoad(LocalCache.java:3969)
	at com.google.common.cache.LocalCache$LocalManualCache.get(LocalCache.java:4829)
	at com.google.common.cache.LocalCache$LocalManualCache.getUnchecked(LocalCache.java:4834)
	at com.google.inject.internal.FailableCache.get(FailableCache.java:48)
	at com.google.inject.internal.MembersInjectorStore.get(MembersInjectorStore.java:68)
	at com.google.inject.internal.ConstructorInjectorStore.createConstructor(ConstructorInjectorStore.java:74)
	at com.google.inject.internal.ConstructorInjectorStore.access$000(ConstructorInjectorStore.java:29)
	at com.google.inject.internal.ConstructorInjectorStore$1.create(ConstructorInjectorStore.java:37)
	at com.google.inject.internal.ConstructorInjectorStore$1.create(ConstructorInjectorStore.java:33)
	at com.google.inject.internal.FailableCache$1.load(FailableCache.java:37)
	at com.google.common.cache.LocalCache$LoadingValueReference.loadFuture(LocalCache.java:3568)
	at com.google.common.cache.LocalCache$Segment.loadSync(LocalCache.java:2350)
	at com.google.common.cache.LocalCache$Segment.lockedGetOrLoad(LocalCache.java:2313)
	at com.google.common.cache.LocalCache$Segment.get(LocalCache.java:2228)
	... 37 more
Caused by: java.lang.NoClassDefFoundError: org/jenkinsci/plugins/workflow/actions/WarningAction
	at java.lang.Class.getDeclaredMethods0(Native Method)
	at java.lang.Class.privateGetDeclaredMethods(Class.java:2701)
	at java.lang.Class.getDeclaredMethods(Class.java:1975)
	at com.google.inject.spi.InjectionPoint.getInjectionPoints(InjectionPoint.java:688)
	at com.google.inject.spi.InjectionPoint.forInstanceMethodsAndFields(InjectionPoint.java:380)
	at com.google.inject.internal.MembersInjectorStore.createWithListeners(MembersInjectorStore.java:93)
	at com.google.inject.internal.MembersInjectorStore.access$000(MembersInjectorStore.java:37)
	at com.google.inject.internal.MembersInjectorStore$1.create(MembersInjectorStore.java:45)
	at com.google.inject.internal.MembersInjectorStore$1.create(MembersInjectorStore.java:42)
	at com.google.inject.internal.FailableCache$1.load(FailableCache.java:37)
	at com.google.common.cache.LocalCache$LoadingValueReference.loadFuture(LocalCache.java:3568)
	at com.google.common.cache.LocalCache$Segment.loadSync(LocalCache.java:2350)
	at com.google.common.cache.LocalCache$Segment.lockedGetOrLoad(LocalCache.java:2313)
	at com.google.common.cache.LocalCache$Segment.get(LocalCache.java:2228)
	... 52 more
Caused by: java.lang.ClassNotFoundException: org.jenkinsci.plugins.workflow.actions.WarningAction
	at jenkins.util.AntClassLoader.findClassInComponents(AntClassLoader.java:1373)
	at jenkins.util.AntClassLoader.findClass(AntClassLoader.java:1326)
	at jenkins.util.AntClassLoader.loadClass(AntClassLoader.java:1079)
	at java.lang.ClassLoader.loadClass(ClassLoader.java:357)
	... 66 more

jul 08, 2019 3:51:19 PM hudson.ExtensionFinder$Sezpoz _find
ADVERTENCIA: Failed to load hudson.ExtensionFinder$GuiceFinder
java.lang.InstantiationException: com.google.inject.CreationException: Unable to create injector, see the following errors:

1) Could not find a suitable constructor in jenkins.model.Jenkins. Classes must have either one (and only one) constructor annotated with @Inject or a zero-argument constructor that is not private.
  at jenkins.model.Jenkins.class(Jenkins.java:308)
  while locating jenkins.model.Jenkins
    for field at jenkins.model.Jenkins$EnforceSlaveAgentPortAdministrativeMonitor.j(Jenkins.java:1282)
  at hudson.ExtensionFinder$GuiceFinder$SezpozModule.configure(ExtensionFinder.java:528)

2) Could not find a suitable constructor in jenkins.model.Jenkins. Classes must have either one (and only one) constructor annotated with @Inject or a zero-argument constructor that is not private.
  at jenkins.model.Jenkins.class(Jenkins.java:308)
  while locating jenkins.model.Jenkins
    for field at jenkins.security.s2m.AdminCallableMonitor.jenkins(AdminCallableMonitor.java:33)
  at hudson.ExtensionFinder$GuiceFinder$SezpozModule.configure(ExtensionFinder.java:528)

3) Could not find a suitable constructor in jenkins.model.Jenkins. Classes must have either one (and only one) constructor annotated with @Inject or a zero-argument constructor that is not private.
  at jenkins.model.Jenkins.class(Jenkins.java:308)
  while locating jenkins.model.Jenkins
    for field at jenkins.security.s2m.MasterKillSwitchConfiguration.jenkins(MasterKillSwitchConfiguration.java:20)
  at hudson.ExtensionFinder$GuiceFinder$SezpozModule.configure(ExtensionFinder.java:528)

3 errors
	at net.java.sezpoz.IndexItem.instance(IndexItem.java:191)
	at hudson.ExtensionFinder$Sezpoz._find(ExtensionFinder.java:714)
	at hudson.ExtensionFinder$Sezpoz.find(ExtensionFinder.java:689)
	at hudson.ClassicPluginStrategy.findComponents(ClassicPluginStrategy.java:335)
	at hudson.ExtensionList.load(ExtensionList.java:381)
	at hudson.ExtensionList.ensureLoaded(ExtensionList.java:317)
	at hudson.ExtensionList.getComponents(ExtensionList.java:183)
	at jenkins.model.Jenkins$6.onInitMilestoneAttained(Jenkins.java:1122)
	at jenkins.InitReactorRunner$1.onAttained(InitReactorRunner.java:83)
	at org.jvnet.hudson.reactor.ReactorListener$Aggregator.lambda$onAttained$3(ReactorListener.java:102)
	at org.jvnet.hudson.reactor.ReactorListener$Aggregator.run(ReactorListener.java:109)
	at org.jvnet.hudson.reactor.ReactorListener$Aggregator.onAttained(ReactorListener.java:102)
	at org.jvnet.hudson.reactor.Reactor$1.run(Reactor.java:177)
	at org.jvnet.hudson.reactor.Reactor$Node.run(Reactor.java:117)
	at java.util.concurrent.ThreadPoolExecutor.runWorker(ThreadPoolExecutor.java:1149)
	at java.util.concurrent.ThreadPoolExecutor$Worker.run(ThreadPoolExecutor.java:624)
	at java.lang.Thread.run(Thread.java:748)
Caused by: com.google.inject.CreationException: Unable to create injector, see the following errors:

1) Could not find a suitable constructor in jenkins.model.Jenkins. Classes must have either one (and only one) constructor annotated with @Inject or a zero-argument constructor that is not private.
  at jenkins.model.Jenkins.class(Jenkins.java:308)
  while locating jenkins.model.Jenkins
    for field at jenkins.model.Jenkins$EnforceSlaveAgentPortAdministrativeMonitor.j(Jenkins.java:1282)
  at hudson.ExtensionFinder$GuiceFinder$SezpozModule.configure(ExtensionFinder.java:528)

2) Could not find a suitable constructor in jenkins.model.Jenkins. Classes must have either one (and only one) constructor annotated with @Inject or a zero-argument constructor that is not private.
  at jenkins.model.Jenkins.class(Jenkins.java:308)
  while locating jenkins.model.Jenkins
    for field at jenkins.security.s2m.AdminCallableMonitor.jenkins(AdminCallableMonitor.java:33)
  at hudson.ExtensionFinder$GuiceFinder$SezpozModule.configure(ExtensionFinder.java:528)

3) Could not find a suitable constructor in jenkins.model.Jenkins. Classes must have either one (and only one) constructor annotated with @Inject or a zero-argument constructor that is not private.
  at jenkins.model.Jenkins.class(Jenkins.java:308)
  while locating jenkins.model.Jenkins
    for field at jenkins.security.s2m.MasterKillSwitchConfiguration.jenkins(MasterKillSwitchConfiguration.java:20)
  at hudson.ExtensionFinder$GuiceFinder$SezpozModule.configure(ExtensionFinder.java:528)

3 errors
	at com.google.inject.internal.Errors.throwCreationExceptionIfErrorsExist(Errors.java:466)
	at com.google.inject.internal.InternalInjectorCreator.initializeStatically(InternalInjectorCreator.java:155)
	at com.google.inject.internal.InternalInjectorCreator.build(InternalInjectorCreator.java:107)
	at com.google.inject.Guice.createInjector(Guice.java:96)
	at com.google.inject.Guice.createInjector(Guice.java:73)
	at com.google.inject.Guice.createInjector(Guice.java:62)
	at hudson.ExtensionFinder$GuiceFinder.<init>(ExtensionFinder.java:290)
	at sun.reflect.NativeConstructorAccessorImpl.newInstance0(Native Method)
	at sun.reflect.NativeConstructorAccessorImpl.newInstance(NativeConstructorAccessorImpl.java:62)
	at sun.reflect.DelegatingConstructorAccessorImpl.newInstance(DelegatingConstructorAccessorImpl.java:45)
	at java.lang.reflect.Constructor.newInstance(Constructor.java:423)
	at java.lang.Class.newInstance(Class.java:442)
	at net.java.sezpoz.IndexItem.instance(IndexItem.java:181)
	... 16 more

jul 08, 2019 3:51:19 PM jenkins.InitReactorRunner$1 onAttained
INFORMACIÓN: Prepared all plugins
jul 08, 2019 3:51:19 PM jenkins.InitReactorRunner$1 onTaskFailed
GRAVE: Failed Contributed.load
java.lang.Error: java.lang.reflect.InvocationTargetException
	at hudson.init.TaskMethodFinder.invoke(TaskMethodFinder.java:110)
	at hudson.init.TaskMethodFinder$TaskImpl.run(TaskMethodFinder.java:175)
	at org.jvnet.hudson.reactor.Reactor.runTask(Reactor.java:296)
	at jenkins.model.Jenkins$5.runTask(Jenkins.java:1091)
	at org.jvnet.hudson.reactor.Reactor$2.run(Reactor.java:214)
	at org.jvnet.hudson.reactor.Reactor$Node.run(Reactor.java:117)
	at java.util.concurrent.ThreadPoolExecutor.runWorker(ThreadPoolExecutor.java:1149)
	at java.util.concurrent.ThreadPoolExecutor$Worker.run(ThreadPoolExecutor.java:624)
	at java.lang.Thread.run(Thread.java:748)
Caused by: java.lang.reflect.InvocationTargetException
	at sun.reflect.NativeMethodAccessorImpl.invoke0(Native Method)
	at sun.reflect.NativeMethodAccessorImpl.invoke(NativeMethodAccessorImpl.java:62)
	at sun.reflect.DelegatingMethodAccessorImpl.invoke(DelegatingMethodAccessorImpl.java:43)
	at java.lang.reflect.Method.invoke(Method.java:498)
	at hudson.init.TaskMethodFinder.invoke(TaskMethodFinder.java:104)
	... 8 more
Caused by: java.lang.NullPointerException
	at jenkins.security.CustomClassFilter$Contributed.load(CustomClassFilter.java:155)
	... 13 more

jul 08, 2019 3:51:20 PM jenkins.InitReactorRunner$1 onAttained
INFORMACIÓN: Started all plugins
jul 08, 2019 3:51:20 PM jenkins.InitReactorRunner$1 onTaskFailed
GRAVE: Failed UserIdMapper.init
java.lang.IllegalArgumentException: Unable to inject class hudson.model.UserIdMapper
	at hudson.init.TaskMethodFinder.lookUp(TaskMethodFinder.java:125)
	at hudson.init.TaskMethodFinder.invoke(TaskMethodFinder.java:105)
	at hudson.init.TaskMethodFinder$TaskImpl.run(TaskMethodFinder.java:175)
	at org.jvnet.hudson.reactor.Reactor.runTask(Reactor.java:296)
	at jenkins.model.Jenkins$5.runTask(Jenkins.java:1091)
	at org.jvnet.hudson.reactor.Reactor$2.run(Reactor.java:214)
	at org.jvnet.hudson.reactor.Reactor$Node.run(Reactor.java:117)
	at java.util.concurrent.ThreadPoolExecutor.runWorker(ThreadPoolExecutor.java:1149)
	at java.util.concurrent.ThreadPoolExecutor$Worker.run(ThreadPoolExecutor.java:624)
	at java.lang.Thread.run(Thread.java:748)

jul 08, 2019 3:51:20 PM jenkins.InitReactorRunner$1 onTaskFailed
GRAVE: Failed GitSCM.onLoaded
java.lang.Error: java.lang.reflect.InvocationTargetException
	at hudson.init.TaskMethodFinder.invoke(TaskMethodFinder.java:110)
	at hudson.init.TaskMethodFinder$TaskImpl.run(TaskMethodFinder.java:175)
	at org.jvnet.hudson.reactor.Reactor.runTask(Reactor.java:296)
	at jenkins.model.Jenkins$5.runTask(Jenkins.java:1091)
	at org.jvnet.hudson.reactor.Reactor$2.run(Reactor.java:214)
	at org.jvnet.hudson.reactor.Reactor$Node.run(Reactor.java:117)
	at java.util.concurrent.ThreadPoolExecutor.runWorker(ThreadPoolExecutor.java:1149)
	at java.util.concurrent.ThreadPoolExecutor$Worker.run(ThreadPoolExecutor.java:624)
	at java.lang.Thread.run(Thread.java:748)
Caused by: java.lang.reflect.InvocationTargetException
	at sun.reflect.NativeMethodAccessorImpl.invoke0(Native Method)
	at sun.reflect.NativeMethodAccessorImpl.invoke(NativeMethodAccessorImpl.java:62)
	at sun.reflect.DelegatingMethodAccessorImpl.invoke(DelegatingMethodAccessorImpl.java:43)
	at java.lang.reflect.Method.invoke(Method.java:498)
	at hudson.init.TaskMethodFinder.invoke(TaskMethodFinder.java:104)
	... 8 more
Caused by: java.lang.NullPointerException
	at hudson.plugins.git.GitSCM.onLoaded(GitSCM.java:1895)
	... 13 more

jul 08, 2019 3:51:20 PM jenkins.InitReactorRunner$1 onTaskFailed
GRAVE: Failed RekeySecretAdminMonitor.scanOnReboot
java.lang.IllegalArgumentException: Unable to inject class jenkins.security.RekeySecretAdminMonitor
	at hudson.init.TaskMethodFinder.lookUp(TaskMethodFinder.java:125)
	at hudson.init.TaskMethodFinder.invoke(TaskMethodFinder.java:105)
	at hudson.init.TaskMethodFinder$TaskImpl.run(TaskMethodFinder.java:175)
	at org.jvnet.hudson.reactor.Reactor.runTask(Reactor.java:296)
	at jenkins.model.Jenkins$5.runTask(Jenkins.java:1091)
	at org.jvnet.hudson.reactor.Reactor$2.run(Reactor.java:214)
	at org.jvnet.hudson.reactor.Reactor$Node.run(Reactor.java:117)
	at java.util.concurrent.ThreadPoolExecutor.runWorker(ThreadPoolExecutor.java:1149)
	at java.util.concurrent.ThreadPoolExecutor$Worker.run(ThreadPoolExecutor.java:624)
	at java.lang.Thread.run(Thread.java:748)

jul 08, 2019 3:51:20 PM hudson.model.UpdateCenter load
ADVERTENCIA: Failed to load /Users/arodriguezmartin/cbsupporthome/cases/77289/clean-last-core/jenkins-home/hudson.model.UpdateCenter.xml
java.io.IOException: Unable to read /Users/arodriguezmartin/cbsupporthome/cases/77289/clean-last-core/jenkins-home/hudson.model.UpdateCenter.xml
	at hudson.XmlFile.unmarshal(XmlFile.java:181)
	at hudson.XmlFile.unmarshal(XmlFile.java:161)
	at hudson.model.UpdateCenter.load(UpdateCenter.java:885)
	at hudson.model.UpdateCenter.init(UpdateCenter.java:2350)
	at sun.reflect.NativeMethodAccessorImpl.invoke0(Native Method)
	at sun.reflect.NativeMethodAccessorImpl.invoke(NativeMethodAccessorImpl.java:62)
	at sun.reflect.DelegatingMethodAccessorImpl.invoke(DelegatingMethodAccessorImpl.java:43)
	at java.lang.reflect.Method.invoke(Method.java:498)
	at hudson.init.TaskMethodFinder.invoke(TaskMethodFinder.java:104)
	at hudson.init.TaskMethodFinder$TaskImpl.run(TaskMethodFinder.java:175)
	at org.jvnet.hudson.reactor.Reactor.runTask(Reactor.java:296)
	at jenkins.model.Jenkins$5.runTask(Jenkins.java:1091)
	at org.jvnet.hudson.reactor.Reactor$2.run(Reactor.java:214)
	at org.jvnet.hudson.reactor.Reactor$Node.run(Reactor.java:117)
	at java.util.concurrent.ThreadPoolExecutor.runWorker(ThreadPoolExecutor.java:1149)
	at java.util.concurrent.ThreadPoolExecutor$Worker.run(ThreadPoolExecutor.java:624)
	at java.lang.Thread.run(Thread.java:748)
Caused by: com.thoughtworks.xstream.io.StreamException:  : null
	at com.thoughtworks.xstream.io.xml.AbstractXppDriver.createReader(AbstractXppDriver.java:69)
	at hudson.XmlFile.unmarshal(XmlFile.java:178)
	... 16 more
Caused by: java.nio.channels.ClosedByInterruptException
	at java.nio.channels.spi.AbstractInterruptibleChannel.end(AbstractInterruptibleChannel.java:202)
	at sun.nio.ch.FileChannelImpl.read(FileChannelImpl.java:164)
	at sun.nio.ch.ChannelInputStream.read(ChannelInputStream.java:65)
	at sun.nio.ch.ChannelInputStream.read(ChannelInputStream.java:109)
	at sun.nio.ch.ChannelInputStream.read(ChannelInputStream.java:103)
	at java.io.BufferedInputStream.fill(BufferedInputStream.java:246)
	at java.io.BufferedInputStream.read(BufferedInputStream.java:265)
	at java.io.FilterInputStream.read(FilterInputStream.java:83)
	at java.io.PushbackInputStream.read(PushbackInputStream.java:139)
	at com.thoughtworks.xstream.core.util.XmlHeaderAwareReader.getHeader(XmlHeaderAwareReader.java:79)
	at com.thoughtworks.xstream.core.util.XmlHeaderAwareReader.<init>(XmlHeaderAwareReader.java:61)
	at com.thoughtworks.xstream.io.xml.AbstractXppDriver.createReader(AbstractXppDriver.java:65)
	... 17 more

jul 08, 2019 3:51:20 PM hudson.util.BootFailure publish
GRAVE: Failed to initialize Jenkins
hudson.util.HudsonFailedToLoad: org.jvnet.hudson.reactor.ReactorException: java.lang.IllegalArgumentException: Unable to inject class hudson.model.UserIdMapper
	at hudson.WebAppMain$3.run(WebAppMain.java:250)
Caused by: org.jvnet.hudson.reactor.ReactorException: java.lang.IllegalArgumentException: Unable to inject class hudson.model.UserIdMapper
	at org.jvnet.hudson.reactor.Reactor.execute(Reactor.java:282)
	at jenkins.InitReactorRunner.run(InitReactorRunner.java:48)
	at jenkins.model.Jenkins.executeReactor(Jenkins.java:1125)
	at jenkins.model.Jenkins.<init>(Jenkins.java:932)
	at hudson.model.Hudson.<init>(Hudson.java:85)
	at hudson.model.Hudson.<init>(Hudson.java:81)
	at hudson.WebAppMain$3.run(WebAppMain.java:233)
Caused by: java.lang.IllegalArgumentException: Unable to inject class hudson.model.UserIdMapper
	at hudson.init.TaskMethodFinder.lookUp(TaskMethodFinder.java:125)
	at hudson.init.TaskMethodFinder.invoke(TaskMethodFinder.java:105)
	at hudson.init.TaskMethodFinder$TaskImpl.run(TaskMethodFinder.java:175)
	at org.jvnet.hudson.reactor.Reactor.runTask(Reactor.java:296)
	at jenkins.model.Jenkins$5.runTask(Jenkins.java:1091)
	at org.jvnet.hudson.reactor.Reactor$2.run(Reactor.java:214)
	at org.jvnet.hudson.reactor.Reactor$Node.run(Reactor.java:117)
	at java.util.concurrent.ThreadPoolExecutor.runWorker(ThreadPoolExecutor.java:1149)
	at java.util.concurrent.ThreadPoolExecutor$Worker.run(ThreadPoolExecutor.java:624)
	at java.lang.Thread.run(Thread.java:748)

jul 08, 2019 3:51:20 PM hudson.model.UpdateCenter save
ADVERTENCIA: Failed to save /Users/arodriguezmartin/cbsupporthome/cases/77289/clean-last-core/jenkins-home/hudson.model.UpdateCenter.xml
java.nio.channels.ClosedByInterruptException
	at java.nio.channels.spi.AbstractInterruptibleChannel.end(AbstractInterruptibleChannel.java:202)
	at sun.nio.ch.FileChannelImpl.write(FileChannelImpl.java:216)
	at hudson.util.FileChannelWriter.write(FileChannelWriter.java:72)
	at java.io.Writer.write(Writer.java:192)
	at hudson.util.AtomicFileWriter.write(AtomicFileWriter.java:162)
	at java.io.Writer.write(Writer.java:157)
	at hudson.XmlFile.write(XmlFile.java:189)
	at hudson.model.UpdateCenter.save(UpdateCenter.java:871)
	at hudson.util.PersistedList.onModified(PersistedList.java:173)
	at hudson.util.PersistedList._onModified(PersistedList.java:181)
	at hudson.util.PersistedList.add(PersistedList.java:72)
	at hudson.model.UpdateCenter.load(UpdateCenter.java:899)
	at hudson.model.UpdateCenter.init(UpdateCenter.java:2350)
	at sun.reflect.NativeMethodAccessorImpl.invoke0(Native Method)
	at sun.reflect.NativeMethodAccessorImpl.invoke(NativeMethodAccessorImpl.java:62)
	at sun.reflect.DelegatingMethodAccessorImpl.invoke(DelegatingMethodAccessorImpl.java:43)
	at java.lang.reflect.Method.invoke(Method.java:498)
	at hudson.init.TaskMethodFinder.invoke(TaskMethodFinder.java:104)
	at hudson.init.TaskMethodFinder$TaskImpl.run(TaskMethodFinder.java:175)
	at org.jvnet.hudson.reactor.Reactor.runTask(Reactor.java:296)
	at jenkins.model.Jenkins$5.runTask(Jenkins.java:1091)
	at org.jvnet.hudson.reactor.Reactor$2.run(Reactor.java:214)
	at org.jvnet.hudson.reactor.Reactor$Node.run(Reactor.java:117)
	at java.util.concurrent.ThreadPoolExecutor.runWorker(ThreadPoolExecutor.java:1149)
	at java.util.concurrent.ThreadPoolExecutor$Worker.run(ThreadPoolExecutor.java:624)
	at java.lang.Thread.run(Thread.java:748)

jul 08, 2019 3:51:20 PM jenkins.model.Jenkins cleanUp
INFORMACIÓN: Stopping Jenkins
jul 08, 2019 3:51:20 PM jenkins.model.Jenkins$18 onAttained
INFORMACIÓN: Started termination
jul 08, 2019 3:51:20 PM jenkins.model.Jenkins$18 onTaskFailed
GRAVE: Failed IOHubProvider.cleanUp
java.lang.IllegalArgumentException: Unable to inject class jenkins.slaves.IOHubProvider
	at hudson.init.TaskMethodFinder.lookUp(TaskMethodFinder.java:125)
	at hudson.init.TaskMethodFinder.invoke(TaskMethodFinder.java:105)
	at hudson.init.TaskMethodFinder$TaskImpl.run(TaskMethodFinder.java:175)
	at org.jvnet.hudson.reactor.Reactor.runTask(Reactor.java:296)
	at org.jvnet.hudson.reactor.Reactor$2.run(Reactor.java:214)
	at org.jvnet.hudson.reactor.Reactor$Node.run(Reactor.java:117)
	at jenkins.model.Jenkins$17.execute(Jenkins.java:3375)
	at org.jvnet.hudson.reactor.Reactor$Node.runIfPossible(Reactor.java:139)
	at org.jvnet.hudson.reactor.Reactor$Node.run(Reactor.java:128)
	at jenkins.model.Jenkins$17.execute(Jenkins.java:3375)
	at org.jvnet.hudson.reactor.Reactor$Node.runIfPossible(Reactor.java:139)
	at org.jvnet.hudson.reactor.Reactor.execute(Reactor.java:276)
	at jenkins.model.Jenkins._cleanUpRunTerminators(Jenkins.java:3372)
	at jenkins.model.Jenkins.cleanUp(Jenkins.java:3293)
	at hudson.WebAppMain$3.run(WebAppMain.java:254)

jul 08, 2019 3:51:20 PM jenkins.model.Jenkins$18 onTaskFailed
GRAVE: Failed Messaging.beforeShutdown
java.lang.Error: java.lang.reflect.InvocationTargetException
	at hudson.init.TaskMethodFinder.invoke(TaskMethodFinder.java:110)
	at hudson.init.TaskMethodFinder$TaskImpl.run(TaskMethodFinder.java:175)
	at org.jvnet.hudson.reactor.Reactor.runTask(Reactor.java:296)
	at org.jvnet.hudson.reactor.Reactor$2.run(Reactor.java:214)
	at org.jvnet.hudson.reactor.Reactor$Node.run(Reactor.java:117)
	at jenkins.model.Jenkins$17.execute(Jenkins.java:3375)
	at org.jvnet.hudson.reactor.Reactor$Node.runIfPossible(Reactor.java:139)
	at org.jvnet.hudson.reactor.Reactor$Node.run(Reactor.java:128)
	at jenkins.model.Jenkins$17.execute(Jenkins.java:3375)
	at org.jvnet.hudson.reactor.Reactor$Node.runIfPossible(Reactor.java:139)
	at org.jvnet.hudson.reactor.Reactor.execute(Reactor.java:276)
	at jenkins.model.Jenkins._cleanUpRunTerminators(Jenkins.java:3372)
	at jenkins.model.Jenkins.cleanUp(Jenkins.java:3293)
	at hudson.WebAppMain$3.run(WebAppMain.java:254)
Caused by: java.lang.reflect.InvocationTargetException
	at sun.reflect.NativeMethodAccessorImpl.invoke0(Native Method)
	at sun.reflect.NativeMethodAccessorImpl.invoke(NativeMethodAccessorImpl.java:62)
	at sun.reflect.DelegatingMethodAccessorImpl.invoke(DelegatingMethodAccessorImpl.java:43)
	at java.lang.reflect.Method.invoke(Method.java:498)
	at hudson.init.TaskMethodFinder.invoke(TaskMethodFinder.java:104)
	... 13 more
Caused by: java.lang.AssertionError: com.cloudbees.opscenter.context.Messaging is not available until after all jobs are loaded
	at com.cloudbees.opscenter.context.Messaging.getInstance(Messaging.java:408)
	at com.cloudbees.opscenter.context.Messaging.close(Messaging.java:481)
	at com.cloudbees.opscenter.context.Messaging.beforeShutdown(Messaging.java:65)
	... 18 more

jul 08, 2019 3:51:20 PM jenkins.model.Jenkins$18 onTaskFailed
GRAVE: Failed NioChannelSelector.cleanUp
java.lang.IllegalArgumentException: Unable to inject class jenkins.slaves.NioChannelSelector
	at hudson.init.TaskMethodFinder.lookUp(TaskMethodFinder.java:125)
	at hudson.init.TaskMethodFinder.invoke(TaskMethodFinder.java:105)
	at hudson.init.TaskMethodFinder$TaskImpl.run(TaskMethodFinder.java:175)
	at org.jvnet.hudson.reactor.Reactor.runTask(Reactor.java:296)
	at org.jvnet.hudson.reactor.Reactor$2.run(Reactor.java:214)
	at org.jvnet.hudson.reactor.Reactor$Node.run(Reactor.java:117)
	at jenkins.model.Jenkins$17.execute(Jenkins.java:3375)
	at org.jvnet.hudson.reactor.Reactor$Node.runIfPossible(Reactor.java:139)
	at org.jvnet.hudson.reactor.Reactor$Node.run(Reactor.java:128)
	at jenkins.model.Jenkins$17.execute(Jenkins.java:3375)
	at org.jvnet.hudson.reactor.Reactor$Node.runIfPossible(Reactor.java:139)
	at org.jvnet.hudson.reactor.Reactor.execute(Reactor.java:276)
	at jenkins.model.Jenkins._cleanUpRunTerminators(Jenkins.java:3372)
	at jenkins.model.Jenkins.cleanUp(Jenkins.java:3293)
	at hudson.WebAppMain$3.run(WebAppMain.java:254)

jul 08, 2019 3:51:20 PM jenkins.model.Jenkins$18 onAttained
INFORMACIÓN: Completed termination
