# JRE version: OpenJDK Runtime Environment (8.0_111-b15) (build 1.8.0_111-b15)
# Java VM: OpenJDK 64-Bit Server VM (25.111-b15 mixed mode linux-amd64 compressed oops)
Heap:
 PSYoungGen      total 135680K, used 3154K [0x000000076d400000, 0x0000000778f00000, 0x00000007c0000000)
  eden space 134656K, 1% used [0x000000076d400000,0x000000076d68c878,0x0000000775780000)
  from space 1024K, 53% used [0x0000000778e00000,0x0000000778e88000,0x0000000778f00000)
  to   space 6656K, 0% used [0x0000000778200000,0x0000000778200000,0x0000000778880000)
 ParOldGen       total 465408K, used 336863K [0x00000006c7c00000, 0x00000006e4280000, 0x000000076d400000)
  object space 465408K, 72% used [0x00000006c7c00000,0x00000006dc4f7e18,0x00000006e4280000)
 Metaspace       used 155889K, capacity 184560K, committed 192128K, reserved 1212416K
  class space    used 18861K, capacity 26783K, committed 28288K, reserved 1048576K
GC Heap History (10 events):
Event: 326068.663 GC heap before
{Heap before GC invocations=20878 (full 307):
 PSYoungGen      total 146944K, used 146688K [0x000000076d400000, 0x000000077a200000, 0x00000007c0000000)
  eden space 145920K, 100% used [0x000000076d400000,0x0000000776280000,0x0000000776280000)
  from space 1024K, 75% used [0x0000000779380000,0x0000000779440000,0x0000000779480000)
  to   space 7680K, 0% used [0x0000000779a80000,0x0000000779a80000,0x000000077a200000)
 ParOldGen       total 465408K, used 333607K [0x00000006c7c00000, 0x00000006e4280000, 0x000000076d400000)
  object space 465408K, 71% used [0x00000006c7c00000,0x00000006dc1c9dd8,0x00000006e4280000)
 Metaspace       used 155889K, capacity 184560K, committed 192128K, reserved 1212416K
  class space    used 18861K, capacity 26783K, committed 28288K, reserved 1048576K
Event: 326068.681 GC heap after
Heap after GC invocations=20878 (full 307):
 PSYoungGen      total 143872K, used 512K [0x000000076d400000, 0x0000000779b00000, 0x00000007c0000000)
  eden space 143360K, 0% used [0x000000076d400000,0x000000076d400000,0x0000000776000000)
  from space 512K, 100% used [0x0000000779a80000,0x0000000779b00000,0x0000000779b00000)
  to   space 7168K, 0% used [0x0000000778d00000,0x0000000778d00000,0x0000000779400000)
 ParOldGen       total 465408K, used 334455K [0x00000006c7c00000, 0x00000006e4280000, 0x000000076d400000)
  object space 465408K, 71% used [0x00000006c7c00000,0x00000006dc29dde8,0x00000006e4280000)
 Metaspace       used 155889K, capacity 184560K, committed 192128K, reserved 1212416K
  class space    used 18861K, capacity 26783K, committed 28288K, reserved 1048576K
}
Event: 326069.902 GC heap before
{Heap before GC invocations=20879 (full 307):
 PSYoungGen      total 143872K, used 143872K [0x000000076d400000, 0x0000000779b00000, 0x00000007c0000000)
  eden space 143360K, 100% used [0x000000076d400000,0x0000000776000000,0x0000000776000000)
  from space 512K, 100% used [0x0000000779a80000,0x0000000779b00000,0x0000000779b00000)
  to   space 7168K, 0% used [0x0000000778d00000,0x0000000778d00000,0x0000000779400000)
 ParOldGen       total 465408K, used 334455K [0x00000006c7c00000, 0x00000006e4280000, 0x000000076d400000)
  object space 465408K, 71% used [0x00000006c7c00000,0x00000006dc29dde8,0x00000006e4280000)
 Metaspace       used 155889K, capacity 184560K, committed 192128K, reserved 1212416K
  class space    used 18861K, capacity 26783K, committed 28288K, reserved 1048576K
Event: 326069.910 GC heap after
Heap after GC invocations=20879 (full 307):
 PSYoungGen      total 147968K, used 642K [0x000000076d400000, 0x0000000779b00000, 0x00000007c0000000)
  eden space 140800K, 0% used [0x000000076d400000,0x000000076d400000,0x0000000775d80000)
  from space 7168K, 8% used [0x0000000778d00000,0x0000000778da08c0,0x0000000779400000)
  to   space 7168K, 0% used [0x0000000779400000,0x0000000779400000,0x0000000779b00000)
 ParOldGen       total 465408K, used 335047K [0x00000006c7c00000, 0x00000006e4280000, 0x000000076d400000)
  object space 465408K, 71% used [0x00000006c7c00000,0x00000006dc331de8,0x00000006e4280000)
 Metaspace       used 155889K, capacity 184560K, committed 192128K, reserved 1212416K
  class space    used 18861K, capacity 26783K, committed 28288K, reserved 1048576K
}
Event: 326071.186 GC heap before
{Heap before GC invocations=20880 (full 307):
 PSYoungGen      total 147968K, used 141442K [0x000000076d400000, 0x0000000779b00000, 0x00000007c0000000)
  eden space 140800K, 100% used [0x000000076d400000,0x0000000775d80000,0x0000000775d80000)
  from space 7168K, 8% used [0x0000000778d00000,0x0000000778da08c0,0x0000000779400000)
  to   space 7168K, 0% used [0x0000000779400000,0x0000000779400000,0x0000000779b00000)
 ParOldGen       total 465408K, used 335047K [0x00000006c7c00000, 0x00000006e4280000, 0x000000076d400000)
  object space 465408K, 71% used [0x00000006c7c00000,0x00000006dc331de8,0x00000006e4280000)
 Metaspace       used 155889K, capacity 184560K, committed 192128K, reserved 1212416K
  class space    used 18861K, capacity 26783K, committed 28288K, reserved 1048576K
Event: 326071.196 GC heap after
Heap after GC invocations=20880 (full 307):
 PSYoungGen      total 139776K, used 608K [0x000000076d400000, 0x0000000779500000, 0x00000007c0000000)
  eden space 138752K, 0% used [0x000000076d400000,0x000000076d400000,0x0000000775b80000)
  from space 1024K, 59% used [0x0000000779400000,0x0000000779498000,0x0000000779500000)
  to   space 6656K, 0% used [0x0000000778800000,0x0000000778800000,0x0000000778e80000)
 ParOldGen       total 465408K, used 335663K [0x00000006c7c00000, 0x00000006e4280000, 0x000000076d400000)
  object space 465408K, 72% used [0x00000006c7c00000,0x00000006dc3cbe08,0x00000006e4280000)
 Metaspace       used 155889K, capacity 184560K, committed 192128K, reserved 1212416K
  class space    used 18861K, capacity 26783K, committed 28288K, reserved 1048576K
}
Event: 326072.447 GC heap before
{Heap before GC invocations=20881 (full 307):
 PSYoungGen      total 139776K, used 139360K [0x000000076d400000, 0x0000000779500000, 0x00000007c0000000)
  eden space 138752K, 100% used [0x000000076d400000,0x0000000775b80000,0x0000000775b80000)
  from space 1024K, 59% used [0x0000000779400000,0x0000000779498000,0x0000000779500000)
  to   space 6656K, 0% used [0x0000000778800000,0x0000000778800000,0x0000000778e80000)
 ParOldGen       total 465408K, used 335663K [0x00000006c7c00000, 0x00000006e4280000, 0x000000076d400000)
  object space 465408K, 72% used [0x00000006c7c00000,0x00000006dc3cbe08,0x00000006e4280000)
 Metaspace       used 155889K, capacity 184560K, committed 192128K, reserved 1212416K
  class space    used 18861K, capacity 26783K, committed 28288K, reserved 1048576K
Event: 326072.454 GC heap after
Heap after GC invocations=20881 (full 307):
 PSYoungGen      total 137728K, used 544K [0x000000076d400000, 0x0000000779480000, 0x00000007c0000000)
  eden space 136704K, 0% used [0x000000076d400000,0x000000076d400000,0x0000000775980000)
  from space 1024K, 53% used [0x0000000778800000,0x0000000778888000,0x0000000778900000)
  to   space 6656K, 0% used [0x0000000778e00000,0x0000000778e00000,0x0000000779480000)
 ParOldGen       total 465408K, used 336295K [0x00000006c7c00000, 0x00000006e4280000, 0x000000076d400000)
  object space 465408K, 72% used [0x00000006c7c00000,0x00000006dc469e18,0x00000006e4280000)
 Metaspace       used 155889K, capacity 184560K, committed 192128K, reserved 1212416K
  class space    used 18861K, capacity 26783K, committed 28288K, reserved 1048576K
}
Event: 326073.690 GC heap before
{Heap before GC invocations=20882 (full 307):
 PSYoungGen      total 137728K, used 137248K [0x000000076d400000, 0x0000000779480000, 0x00000007c0000000)
  eden space 136704K, 100% used [0x000000076d400000,0x0000000775980000,0x0000000775980000)
  from space 1024K, 53% used [0x0000000778800000,0x0000000778888000,0x0000000778900000)
  to   space 6656K, 0% used [0x0000000778e00000,0x0000000778e00000,0x0000000779480000)
 ParOldGen       total 465408K, used 336295K [0x00000006c7c00000, 0x00000006e4280000, 0x000000076d400000)
  object space 465408K, 72% used [0x00000006c7c00000,0x00000006dc469e18,0x00000006e4280000)
 Metaspace       used 155889K, capacity 184560K, committed 192128K, reserved 1212416K
  class space    used 18861K, capacity 26783K, committed 28288K, reserved 1048576K
Event: 326073.700 GC heap after
Heap after GC invocations=20882 (full 307):
 PSYoungGen      total 135680K, used 544K [0x000000076d400000, 0x0000000778f00000, 0x00000007c0000000)
  eden space 134656K, 0% used [0x000000076d400000,0x000000076d400000,0x0000000775780000)
  from space 1024K, 53% used [0x0000000778e00000,0x0000000778e88000,0x0000000778f00000)
  to   space 6656K, 0% used [0x0000000778200000,0x0000000778200000,0x0000000778880000)
 ParOldGen       total 465408K, used 336863K [0x00000006c7c00000, 0x00000006e4280000, 0x000000076d400000)
  object space 465408K, 72% used [0x00000006c7c00000,0x00000006dc4f7e18,0x00000006e4280000)
 Metaspace       used 155889K, capacity 184560K, committed 192128K, reserved 1212416K
  class space    used 18861K, capacity 26783K, committed 28288K, reserved 1048576K
}

