<?xml version="1.0" encoding="UTF-8"?><testsuite name="tl001" tests="3" errors="0" failures="2" time="0.203"><testcase classname="tl001.test_224" name="" time="0.000"/><testcase classname="tl001.test_225" name="" time="0.000"><failure type="exceptions.AssertionError"><![CDATA[Traceback (most recent call last):
  File "D:\ext\Python27\lib\unittest\case.py", line 327, in run
    testMethod()
  File "D:\ext\Python27\lib\site-packages\nose\case.py", line 197, in runTest
    self.test(*self.arg)
  File "D:\ext\Jenkins\jobs\TestLink SandBox\workspace\tl001.py", line 7, in test_225
    assert 2*2 == 5
AssertionError]]></failure></testcase><testcase classname="tl001.test_223" name="" time="0.000"><failure type="exceptions.AssertionError"><![CDATA[Traceback (most recent call last):
  File "D:\ext\Python27\lib\unittest\case.py", line 327, in run
    testMethod()
  File "D:\ext\Python27\lib\site-packages\nose\case.py", line 197, in runTest
    self.test(*self.arg)
  File "D:\ext\Jenkins\jobs\TestLink SandBox\workspace\tl001.py", line 11, in test_223
    assert 2*2 == 3
AssertionError]]></failure></testcase><system-out><![CDATA[test_224
test_225
test_223
]]></system-out><system-err><![CDATA[]]></system-err></testsuite>