<?xml version="1.0" encoding="utf-8" standalone="no"?>
<test-run id="2" testcasecount="205" result="Passed" total="17" passed="17" failed="0" inconclusive="0" skipped="0" asserts="62" engine-version="3.6.1.0" clr-version="4.0.30319.42000" start-time="2018-01-17 02:24:28Z" end-time="2018-01-17 02:46:38Z" duration="1330.289557">
  <command-line><![CDATA["c:\Program Files (x86)\NUnit.org\nunit-console\nunit3-console.exe" --x86 --verbose --labels=All --timeout=300000 --trace=Verbose --agents=1 Genesyslab.Lync.Test.dll --testlist=UK-SFB-QA183_testlist.txt --result=C:\Jenkins\workspace\WPLync-Regression-Runner\\nunit-result-QA183.xml;format=nunit3]]></command-line>
  <filter>
    <or>
      <test>Genesyslab.Lync.Test.ErrorScenariosTestGroup.T004_Voice_SSC_ToTestAgent_AgentNoAnswer_Ringing_Timeout</test>
      <test>Genesyslab.Lync.Test.ImTranscriptTestGroup.T003_AnswerImCall_Conf</test>
      <test>Genesyslab.Lync.Test.LyncAutoAnswerGroup.T002_AutoAnswerImCall</test>
      <test>Genesyslab.Lync.Test.LyncImTestGroup.T002_MakeImCall_To_LyncClient</test>
      <test>Genesyslab.Lync.Test.LyncImTestGroup.T009_EscalationImToVoiceFromLocal</test>
      <test>Genesyslab.Lync.Test.LyncImTestGroup.T020_EscalationImToVoiceFromLocal_OneStepConference</test>
      <test>Genesyslab.Lync.Test.LyncImTestGroup.T029_AnswerImCall_From_UnmMonitoredLyncClient</test>
      <test>Genesyslab.Lync.Test.LyncImTestGroup.T043_MakeCallCheckCannotSSTIMCall</test>
      <test>Genesyslab.Lync.Test.LyncVoiceTestGroup.T005_TLIBVoiceTestAgentToMonLyncClient_SSC_TestAgent_To_MonLyncClient</test>
      <test>Genesyslab.Lync.Test.LyncVoiceTestGroup.T011_TLIBVoiceMonLyncClient_To_MonLyncClient_2StepT_MonLyncClient_To_TestAgent</test>
      <test>Genesyslab.Lync.Test.LyncVoiceTestGroup.T017_TLIBVoiceMonLyncClient_To_TestAgent_2StepT_TestAgent_To_MonLyncClient</test>
      <test>Genesyslab.Lync.Test.LyncVoiceTestGroup.T024_TLIBVoiceMonLyncClient_To_TestAgent_2StepT_TestAgent_To_UnMonLyncClient</test>
      <test>Genesyslab.Lync.Test.LyncVoiceTestGroup.T031_LyncVoiceMonLyncClient_To_TestAgent_Via_RoutePoint_Hold_Retrieve</test>
      <test>Genesyslab.Lync.Test.LyncVoiceTestGroup.T046_MakeCallCheckCannotMakeCallDirectDial</test>
      <test>Genesyslab.Lync.Test.MultipleCallsTestGroup.T003_UnmDN1_IM_TestAgent_UnmDN2_IM_TestAgent</test>
      <test>Genesyslab.Lync.Test.MultipleCallsTestGroup.T010_Multiple_Voice_calls_to_Agent_SST_first_call_and_2ST_second_call_to_different_agents</test>
      <test>Genesyslab.Lync.Test.SupervisorTestGroup.T008_SupervisorCoachingAgent_Check_Buttons</test>
    </or>
  </filter>
  <test-suite type="Assembly" id="0-1221" name="Genesyslab.Lync.Test.dll" fullname="C:\MSLync\IWS\Genesyslab.Lync.Test.dll" runstate="Runnable" testcasecount="205" result="Passed" start-time="2018-01-17 02:24:33Z" end-time="2018-01-17 02:46:37Z" duration="1324.278113" total="17" passed="17" failed="0" warnings="0" inconclusive="0" skipped="0" asserts="62">
    <environment framework-version="3.7.1.0" clr-version="4.0.30319.42000" os-version="Microsoft Windows NT 10.0.16299.0" platform="Win32NT" cwd="C:\MSLync\IWS" machine-name="UK-SFB-QA183" user="Administrator" user-domain="UKSFB" culture="en-GB" uiculture="en-GB" os-architecture="x86" />
    <settings>
      <setting name="RunAsX86" value="True" />
      <setting name="DisposeRunners" value="True" />
      <setting name="DefaultTimeout" value="300000" />
      <setting name="InternalTraceLevel" value="Verbose" />
      <setting name="WorkDirectory" value="C:\MSLync\IWS" />
      <setting name="MaxAgents" value="1" />
      <setting name="ImageRuntimeVersion" value="4.0.30319" />
      <setting name="ImageTargetFrameworkName" value=".NETFramework,Version=v4.5" />
      <setting name="ImageRequiresX86" value="False" />
      <setting name="ImageRequiresDefaultAppDomainAssemblyResolver" value="False" />
      <setting name="NumberOfTestWorkers" value="4" />
    </settings>
    <properties>
      <property name="_PID" value="8688" />
      <property name="_APPDOMAIN" value="domain-" />
    </properties>
    <test-suite type="TestSuite" id="0-1222" name="Genesyslab" fullname="Genesyslab" runstate="Runnable" testcasecount="205" result="Passed" start-time="2018-01-17 02:24:33Z" end-time="2018-01-17 02:46:37Z" duration="1324.258054" total="17" passed="17" failed="0" warnings="0" inconclusive="0" skipped="0" asserts="62">
      <test-suite type="TestSuite" id="0-1223" name="Lync" fullname="Genesyslab.Lync" runstate="Runnable" testcasecount="205" result="Passed" start-time="2018-01-17 02:24:33Z" end-time="2018-01-17 02:46:37Z" duration="1324.254047" total="17" passed="17" failed="0" warnings="0" inconclusive="0" skipped="0" asserts="62">
        <test-suite type="TestSuite" id="0-1224" name="Test" fullname="Genesyslab.Lync.Test" runstate="Runnable" testcasecount="205" result="Passed" start-time="2018-01-17 02:24:33Z" end-time="2018-01-17 02:46:37Z" duration="1324.250063" total="17" passed="17" failed="0" warnings="0" inconclusive="0" skipped="0" asserts="62">
          <test-suite type="TestFixture" id="0-1000" name="ErrorScenariosTestGroup" fullname="Genesyslab.Lync.Test.ErrorScenariosTestGroup" classname="Genesyslab.Lync.Test.ErrorScenariosTestGroup" runstate="Runnable" testcasecount="4" result="Passed" start-time="2018-01-17 02:24:33Z" end-time="2018-01-17 02:26:24Z" duration="111.048894" total="1" passed="1" failed="0" warnings="0" inconclusive="0" skipped="0" asserts="4">
            <test-case id="0-1004" name="T004_Voice_SSC_ToTestAgent_AgentNoAnswer_Ringing_Timeout" fullname="Genesyslab.Lync.Test.ErrorScenariosTestGroup.T004_Voice_SSC_ToTestAgent_AgentNoAnswer_Ringing_Timeout" methodname="T004_Voice_SSC_ToTestAgent_AgentNoAnswer_Ringing_Timeout" classname="Genesyslab.Lync.Test.ErrorScenariosTestGroup" runstate="Runnable" seed="1540866038" result="Passed" start-time="2018-01-17 02:25:29Z" end-time="2018-01-17 02:26:09Z" duration="40.214960" asserts="0">
              <properties>
                <property name="Category" value="ErrorScenarios" />
                <property name="Description" value="WPLYNC-523 - SingleStepConference to the TestAgent, noAnswer,Ringing should timeout" />
                <property name="Timeout" value="300000" />
              </properties>
            </test-case>
          </test-suite>
          <test-suite type="TestFixture" id="0-1017" name="ImTranscriptTestGroup" fullname="Genesyslab.Lync.Test.ImTranscriptTestGroup" classname="Genesyslab.Lync.Test.ImTranscriptTestGroup" runstate="Runnable" testcasecount="32" result="Passed" start-time="2018-01-17 02:26:24Z" end-time="2018-01-17 02:29:13Z" duration="168.877586" total="1" passed="1" failed="0" warnings="0" inconclusive="0" skipped="0" asserts="15">
            <test-case id="0-1020" name="T003_AnswerImCall_Conf" fullname="Genesyslab.Lync.Test.ImTranscriptTestGroup.T003_AnswerImCall_Conf" methodname="T003_AnswerImCall_Conf" classname="Genesyslab.Lync.Test.ImTranscriptTestGroup" runstate="Runnable" seed="1382314873" result="Passed" start-time="2018-01-17 02:27:13Z" end-time="2018-01-17 02:28:36Z" duration="82.491162" asserts="10">
              <properties>
                <property name="Category" value="IMTransactions" />
                <property name="Category" value="IMCall" />
                <property name="Timeout" value="300000" />
              </properties>
            </test-case>
          </test-suite>
          <test-suite type="TestFixture" id="0-1050" name="LyncAutoAnswerGroup" fullname="Genesyslab.Lync.Test.LyncAutoAnswerGroup" classname="Genesyslab.Lync.Test.LyncAutoAnswerGroup" runstate="Runnable" testcasecount="2" result="Passed" start-time="2018-01-17 02:29:13Z" end-time="2018-01-17 02:30:32Z" duration="79.638772" total="1" passed="1" failed="0" warnings="0" inconclusive="0" skipped="0" asserts="4">
            <test-case id="0-1052" name="T002_AutoAnswerImCall" fullname="Genesyslab.Lync.Test.LyncAutoAnswerGroup.T002_AutoAnswerImCall" methodname="T002_AutoAnswerImCall" classname="Genesyslab.Lync.Test.LyncAutoAnswerGroup" runstate="Runnable" seed="1888406381" result="Passed" start-time="2018-01-17 02:30:01Z" end-time="2018-01-17 02:30:18Z" duration="17.463075" asserts="0">
              <properties>
                <property name="Timeout" value="300000" />
                <property name="Category" value="IMCall" />
              </properties>
            </test-case>
          </test-suite>
          <test-suite type="TestFixture" id="0-1066" name="LyncImTestGroup" fullname="Genesyslab.Lync.Test.LyncImTestGroup" classname="Genesyslab.Lync.Test.LyncImTestGroup" runstate="Runnable" testcasecount="41" result="Passed" start-time="2018-01-17 02:30:32Z" end-time="2018-01-17 02:34:59Z" duration="266.620688" total="5" passed="5" failed="0" warnings="0" inconclusive="0" skipped="0" asserts="15">
            <test-case id="0-1068" name="T002_MakeImCall_To_LyncClient" fullname="Genesyslab.Lync.Test.LyncImTestGroup.T002_MakeImCall_To_LyncClient" methodname="T002_MakeImCall_To_LyncClient" classname="Genesyslab.Lync.Test.LyncImTestGroup" runstate="Runnable" seed="1403965534" result="Passed" start-time="2018-01-17 02:31:11Z" end-time="2018-01-17 02:31:40Z" duration="28.997344" asserts="0">
              <properties>
                <property name="Timeout" value="300000" />
                <property name="Category" value="IMCall" />
              </properties>
            </test-case>
            <test-case id="0-1075" name="T009_EscalationImToVoiceFromLocal" fullname="Genesyslab.Lync.Test.LyncImTestGroup.T009_EscalationImToVoiceFromLocal" methodname="T009_EscalationImToVoiceFromLocal" classname="Genesyslab.Lync.Test.LyncImTestGroup" runstate="Runnable" seed="634209293" result="Passed" start-time="2018-01-17 02:31:40Z" end-time="2018-01-17 02:32:03Z" duration="23.480460" asserts="3">
              <properties>
                <property name="Category" value="VoiceIM" />
                <property name="Timeout" value="300000" />
              </properties>
            </test-case>
            <test-case id="0-1083" name="T020_EscalationImToVoiceFromLocal_OneStepConference" fullname="Genesyslab.Lync.Test.LyncImTestGroup.T020_EscalationImToVoiceFromLocal_OneStepConference" methodname="T020_EscalationImToVoiceFromLocal_OneStepConference" classname="Genesyslab.Lync.Test.LyncImTestGroup" runstate="Runnable" seed="622558969" result="Passed" start-time="2018-01-17 02:32:03Z" end-time="2018-01-17 02:32:37Z" duration="33.835501" asserts="3">
              <properties>
                <property name="Timeout" value="300000" />
                <property name="Description" value="WPLYNC-385 - IMtoVoice Escalation, OneStepConference, Check InteractionPartyState" />
                <property name="Category" value="VoiceIM" />
              </properties>
            </test-case>
            <test-case id="0-1092" name="T029_AnswerImCall_From_UnmMonitoredLyncClient" fullname="Genesyslab.Lync.Test.LyncImTestGroup.T029_AnswerImCall_From_UnmMonitoredLyncClient" methodname="T029_AnswerImCall_From_UnmMonitoredLyncClient" classname="Genesyslab.Lync.Test.LyncImTestGroup" runstate="Runnable" seed="352770754" result="Passed" start-time="2018-01-17 02:32:37Z" end-time="2018-01-17 02:32:55Z" duration="18.350813" asserts="0">
              <properties>
                <property name="Timeout" value="300000" />
                <property name="Category" value="IMCall" />
              </properties>
            </test-case>
            <test-case id="0-1106" name="T043_MakeCallCheckCannotSSTIMCall" fullname="Genesyslab.Lync.Test.LyncImTestGroup.T043_MakeCallCheckCannotSSTIMCall" methodname="T043_MakeCallCheckCannotSSTIMCall" classname="Genesyslab.Lync.Test.LyncImTestGroup" runstate="Runnable" seed="668272184" result="Passed" start-time="2018-01-17 02:32:55Z" end-time="2018-01-17 02:34:47Z" duration="111.484817" asserts="5">
              <properties>
                <property name="Timeout" value="300000" />
                <property name="Category" value="ErrorScenarios" />
                <property name="Category" value="DialBarring" />
                <property name="Author" value="Sunil" />
                <property name="Description" value="WPLYNC-1165: Call on WDE, check cannot IM SST to barred number." />
              </properties>
            </test-case>
          </test-suite>
          <test-suite type="TestFixture" id="0-1135" name="LyncVoiceTestGroup" fullname="Genesyslab.Lync.Test.LyncVoiceTestGroup" classname="Genesyslab.Lync.Test.LyncVoiceTestGroup" runstate="Runnable" testcasecount="52" result="Passed" start-time="2018-01-17 02:34:59Z" end-time="2018-01-17 02:40:45Z" duration="346.140446" total="6" passed="6" failed="0" warnings="0" inconclusive="0" skipped="0" asserts="12">
            <test-case id="0-1140" name="T005_TLIBVoiceTestAgentToMonLyncClient_SSC_TestAgent_To_MonLyncClient" fullname="Genesyslab.Lync.Test.LyncVoiceTestGroup.T005_TLIBVoiceTestAgentToMonLyncClient_SSC_TestAgent_To_MonLyncClient" methodname="T005_TLIBVoiceTestAgentToMonLyncClient_SSC_TestAgent_To_MonLyncClient" classname="Genesyslab.Lync.Test.LyncVoiceTestGroup" runstate="Runnable" seed="1277960013" result="Passed" start-time="2018-01-17 02:35:37Z" end-time="2018-01-17 02:36:14Z" duration="37.632880" asserts="0">
              <properties>
                <property name="Timeout" value="300000" />
                <property name="Description" value="TLIB Voice call from Test Agent to monitored Lync Client 1. Single Step Conference from Test Agent to monitored Lync Client 2." />
                <property name="Category" value="VoiceOneStepConference" />
              </properties>
            </test-case>
            <test-case id="0-1146" name="T011_TLIBVoiceMonLyncClient_To_MonLyncClient_2StepT_MonLyncClient_To_TestAgent" fullname="Genesyslab.Lync.Test.LyncVoiceTestGroup.T011_TLIBVoiceMonLyncClient_To_MonLyncClient_2StepT_MonLyncClient_To_TestAgent" methodname="T011_TLIBVoiceMonLyncClient_To_MonLyncClient_2StepT_MonLyncClient_To_TestAgent" classname="Genesyslab.Lync.Test.LyncVoiceTestGroup" runstate="Runnable" seed="915773693" result="Passed" start-time="2018-01-17 02:36:14Z" end-time="2018-01-17 02:36:38Z" duration="23.690242" asserts="0">
              <properties>
                <property name="Timeout" value="300000" />
                <property name="Category" value="VoiceTwoStepTransfer" />
                <property name="Description" value="TLIB Voice call from monitored Lync Client 1 to monitored Lync Client 2. Two Step Transfer from monitored Lync Client 2." />
              </properties>
            </test-case>
            <test-case id="0-1152" name="T017_TLIBVoiceMonLyncClient_To_TestAgent_2StepT_TestAgent_To_MonLyncClient" fullname="Genesyslab.Lync.Test.LyncVoiceTestGroup.T017_TLIBVoiceMonLyncClient_To_TestAgent_2StepT_TestAgent_To_MonLyncClient" methodname="T017_TLIBVoiceMonLyncClient_To_TestAgent_2StepT_TestAgent_To_MonLyncClient" classname="Genesyslab.Lync.Test.LyncVoiceTestGroup" runstate="Runnable" seed="1271968221" result="Passed" start-time="2018-01-17 02:36:38Z" end-time="2018-01-17 02:37:11Z" duration="32.955021" asserts="0">
              <properties>
                <property name="Description" value="TLIB Voice call from monitored Lync Client 1 to Test Agent, two Step Transfer from TestAgent to Lync Client 2." />
                <property name="Timeout" value="300000" />
                <property name="Category" value="VoiceTwoStepTransfer" />
              </properties>
            </test-case>
            <test-case id="0-1159" name="T024_TLIBVoiceMonLyncClient_To_TestAgent_2StepT_TestAgent_To_UnMonLyncClient" fullname="Genesyslab.Lync.Test.LyncVoiceTestGroup.T024_TLIBVoiceMonLyncClient_To_TestAgent_2StepT_TestAgent_To_UnMonLyncClient" methodname="T024_TLIBVoiceMonLyncClient_To_TestAgent_2StepT_TestAgent_To_UnMonLyncClient" classname="Genesyslab.Lync.Test.LyncVoiceTestGroup" runstate="Runnable" seed="1584995770" result="Passed" start-time="2018-01-17 02:37:11Z" end-time="2018-01-17 02:38:10Z" duration="59.497507" asserts="0">
              <properties>
                <property name="Category" value="VoiceTwoStepTransfer" />
                <property name="Timeout" value="300000" />
                <property name="Description" value="TLIB Voice call from monitored Lync Client 1 to Test Agent, two Step Transfer from TestAgent to Lync Client 2 which is unmonitored." />
              </properties>
            </test-case>
            <test-case id="0-1166" name="T031_LyncVoiceMonLyncClient_To_TestAgent_Via_RoutePoint_Hold_Retrieve" fullname="Genesyslab.Lync.Test.LyncVoiceTestGroup.T031_LyncVoiceMonLyncClient_To_TestAgent_Via_RoutePoint_Hold_Retrieve" methodname="T031_LyncVoiceMonLyncClient_To_TestAgent_Via_RoutePoint_Hold_Retrieve" classname="Genesyslab.Lync.Test.LyncVoiceTestGroup" runstate="Runnable" seed="2139078705" result="Passed" start-time="2018-01-17 02:38:10Z" end-time="2018-01-17 02:38:48Z" duration="37.917202" asserts="3">
              <properties>
                <property name="Timeout" value="300000" />
                <property name="Category" value="VoiceHold" />
                <property name="Description" value="TLIB Voice call from monitored Lync Client to Test Agent via monitored Route Point. Press Hold and waiting for corresponding Event. Press Resume and waiting for corresponding Event." />
              </properties>
            </test-case>
            <test-case id="0-1181" name="T046_MakeCallCheckCannotMakeCallDirectDial" fullname="Genesyslab.Lync.Test.LyncVoiceTestGroup.T046_MakeCallCheckCannotMakeCallDirectDial" methodname="T046_MakeCallCheckCannotMakeCallDirectDial" classname="Genesyslab.Lync.Test.LyncVoiceTestGroup" runstate="Runnable" seed="26325850" result="Passed" start-time="2018-01-17 02:38:48Z" end-time="2018-01-17 02:40:34Z" duration="105.495853" asserts="5">
              <properties>
                <property name="Category" value="DialBarring" />
                <property name="Category" value="ErrorScenarios" />
                <property name="Description" value="WPLYNC-1165: If WDE tries to dial a barred number, then create exception window. Direct dial." />
                <property name="Author" value="Sunil" />
                <property name="Timeout" value="300000" />
              </properties>
            </test-case>
          </test-suite>
          <test-suite type="TestFixture" id="0-1192" name="MultipleCallsTestGroup" fullname="Genesyslab.Lync.Test.MultipleCallsTestGroup" classname="Genesyslab.Lync.Test.MultipleCallsTestGroup" runstate="Runnable" testcasecount="9" result="Passed" start-time="2018-01-17 02:40:45Z" end-time="2018-01-17 02:45:08Z" duration="262.697281" total="2" passed="2" failed="0" warnings="0" inconclusive="0" skipped="0" asserts="8">
            <test-case id="0-1195" name="T003_UnmDN1_IM_TestAgent_UnmDN2_IM_TestAgent" fullname="Genesyslab.Lync.Test.MultipleCallsTestGroup.T003_UnmDN1_IM_TestAgent_UnmDN2_IM_TestAgent" methodname="T003_UnmDN1_IM_TestAgent_UnmDN2_IM_TestAgent" classname="Genesyslab.Lync.Test.MultipleCallsTestGroup" runstate="Runnable" seed="984633076" result="Passed" start-time="2018-01-17 02:41:25Z" end-time="2018-01-17 02:42:09Z" duration="44.328489" asserts="0">
              <properties>
                <property name="Description" value="WPLYNC-804 UnmDN1 IM call TestAgent, UnmDN2 IM call TestAgent" />
                <property name="Author" value="Hema" />
                <property name="Timeout" value="300000" />
                <property name="Category" value="MultipleCalls" />
              </properties>
            </test-case>
            <test-case id="0-1201" name="T010_Multiple_Voice_calls_to_Agent_SST_first_call_and_2ST_second_call_to_different_agents" fullname="Genesyslab.Lync.Test.MultipleCallsTestGroup.T010_Multiple_Voice_calls_to_Agent_SST_first_call_and_2ST_second_call_to_different_agents" methodname="T010_Multiple_Voice_calls_to_Agent_SST_first_call_and_2ST_second_call_to_different_agents" classname="Genesyslab.Lync.Test.MultipleCallsTestGroup" runstate="Runnable" seed="1967287048" result="Passed" start-time="2018-01-17 02:42:09Z" end-time="2018-01-17 02:44:55Z" duration="166.010406" asserts="4">
              <properties>
                <property name="Author" value="Tim" />
                <property name="Timeout" value="300000" />
                <property name="Category" value="MultipleCalls" />
                <property name="Description" value="WPLYNC-942 UnmDN1 make Voice call to TestAgent, answer, UnmDN2 make Voice call to TestAgent, answer, SST first call to Agent2, 2ST second call to Agent3 and ensure both calls transfer correctly" />
              </properties>
            </test-case>
          </test-suite>
          <test-suite type="TestFixture" id="0-1202" name="SupervisorTestGroup" fullname="Genesyslab.Lync.Test.SupervisorTestGroup" classname="Genesyslab.Lync.Test.SupervisorTestGroup" runstate="Runnable" testcasecount="13" result="Passed" start-time="2018-01-17 02:45:08Z" end-time="2018-01-17 02:46:37Z" duration="89.197803" total="1" passed="1" failed="0" warnings="0" inconclusive="0" skipped="0" asserts="4">
            <test-case id="0-1210" name="T008_SupervisorCoachingAgent_Check_Buttons" fullname="Genesyslab.Lync.Test.SupervisorTestGroup.T008_SupervisorCoachingAgent_Check_Buttons" methodname="T008_SupervisorCoachingAgent_Check_Buttons" classname="Genesyslab.Lync.Test.SupervisorTestGroup" runstate="Runnable" seed="843399785" result="Passed" start-time="2018-01-17 02:46:00Z" end-time="2018-01-17 02:46:24Z" duration="24.059364" asserts="0">
              <properties>
                <property name="Description" value="WPLYNC-349 - SupervisorCoachingAgent-Check-Buttons" />
                <property name="Timeout" value="300000" />
                <property name="Category" value="VoiceSupervision" />
              </properties>
            </test-case>
          </test-suite>
        </test-suite>
      </test-suite>
    </test-suite>
  </test-suite>
</test-run>