<?xml version="1.0" encoding="utf-8" standalone="no"?>
<test-run id="2" testcasecount="26" result="Passed" total="26" passed="26" failed="0" inconclusive="0" skipped="0" asserts="330" engine-version="3.2.0.0" clr-version="4.0.30319.42000" start-time="2016-03-08 13:26:26Z" end-time="2016-03-08 13:26:29Z" duration="2.735928">
  <command-line><![CDATA["D:\Jenkins\jobs\ZAPS_Run_all_tests\workspace\packages\NUnit.ConsoleRunner.3.2.0\tools\nunit3-console.exe"  "--result=TestResults.xml;format=nunit3" "D:\Jenkins\jobs\ZAPS_Run_all_tests\workspace/ZAPS_Tests/bin/Debug/ZAPS_Tests.dll" ]]></command-line>
  <test-suite type="Assembly" id="0-1029" name="ZAPS_Tests.dll" fullname="D:\Jenkins\jobs\ZAPS_Run_all_tests\workspace\ZAPS_Tests\bin\Debug\ZAPS_Tests.dll" runstate="Runnable" testcasecount="26" result="Passed" start-time="2016-03-08 13:26:26Z" end-time="2016-03-08 13:26:29Z" duration="2.675599" total="26" passed="26" failed="0" inconclusive="0" skipped="0" asserts="330">
    <environment framework-version="3.2.0.0" clr-version="4.0.30319.42000" os-version="Microsoft Windows NT 6.1.7601 Service Pack 1" platform="Win32NT" cwd="C:\Users\kwaterme\Desktop" machine-name="CPT-KWATERM-M" user="kwaterme" user-domain="ITRON" culture="en-ZA" uiculture="en-US" os-architecture="x64" />
    <settings>
      <setting name="WorkDirectory" value="C:\Users\kwaterme\Desktop" />
      <setting name="ImageRuntimeVersion" value="4.0.30319" />
      <setting name="ImageTargetFrameworkName" value=".NETFramework,Version=v4.5.2" />
      <setting name="ImageRequiresX86" value="False" />
      <setting name="ImageRequiresDefaultAppDomainAssemblyResolver" value="False" />
      <setting name="NumberOfTestWorkers" value="4" />
    </settings>
    <properties>
      <property name="_PID" value="6676" />
      <property name="_APPDOMAIN" value="test-domain-" />
    </properties>
    <test-suite type="SetUpFixture" id="0-1002" name="ZAPS_Tests" fullname="ZAPS_Tests.TestFixtureSetup" classname="ZAPS_Tests.TestFixtureSetup" runstate="Runnable" testcasecount="26" result="Passed" start-time="2016-03-08 13:26:26Z" end-time="2016-03-08 13:26:29Z" duration="2.662450" total="26" passed="26" failed="0" inconclusive="0" skipped="0" asserts="330">
      <test-suite type="TestFixture" id="0-1000" name="DLLVersionTest" fullname="ZAPS_Tests.DLLVersionTest" classname="ZAPS_Tests.DLLVersionTest" runstate="Runnable" testcasecount="1" result="Passed" start-time="2016-03-08 13:26:28Z" end-time="2016-03-08 13:26:28Z" duration="0.024437" total="1" passed="1" failed="0" inconclusive="0" skipped="0" asserts="1">
        <test-case id="0-1001" name="DLLVersion_CheckThatDLLVersionIsCorrect" fullname="ZAPS_Tests.DLLVersionTest.DLLVersion_CheckThatDLLVersionIsCorrect" methodname="DLLVersion_CheckThatDLLVersionIsCorrect" classname="ZAPS_Tests.DLLVersionTest" runstate="Runnable" seed="798259755" result="Passed" start-time="2016-03-08 13:26:28Z" end-time="2016-03-08 13:26:28Z" duration="0.013150" asserts="1">
          <properties>
            <property name="Category" value="DLL Version" />
          </properties>
        </test-case>
      </test-suite>
      <test-suite type="TestFixture" id="0-1003" name="ZigBeeDataTypeTests" fullname="ZAPS_Tests.ZigBeeDataTypeTests" classname="ZAPS_Tests.ZigBeeDataTypeTests" runstate="Runnable" testcasecount="25" result="Passed" start-time="2016-03-08 13:26:28Z" end-time="2016-03-08 13:26:29Z" duration="0.090239" total="25" passed="25" failed="0" inconclusive="0" skipped="0" asserts="329">
        <test-case id="0-1011" name="CharacterString_CheckThatCopyConstructorWorksOK" fullname="ZAPS_Tests.ZigBeeDataTypeTests.CharacterString_CheckThatCopyConstructorWorksOK" methodname="CharacterString_CheckThatCopyConstructorWorksOK" classname="ZAPS_Tests.ZigBeeDataTypeTests" runstate="Runnable" seed="961503095" result="Passed" start-time="2016-03-08 13:26:28Z" end-time="2016-03-08 13:26:28Z" duration="0.021527" asserts="6">
          <properties>
            <property name="Category" value="ZigBee Data Type" />
          </properties>
        </test-case>
        <test-case id="0-1010" name="OctetString_CheckThatCopyConstructorWorksOK" fullname="ZAPS_Tests.ZigBeeDataTypeTests.OctetString_CheckThatCopyConstructorWorksOK" methodname="OctetString_CheckThatCopyConstructorWorksOK" classname="ZAPS_Tests.ZigBeeDataTypeTests" runstate="Runnable" seed="211985103" result="Passed" start-time="2016-03-08 13:26:28Z" end-time="2016-03-08 13:26:28Z" duration="0.002321" asserts="6">
          <properties>
            <property name="Category" value="ZigBee Data Type" />
          </properties>
        </test-case>
        <test-case id="0-1014" name="ReadAttributeResponse_CheckSeveralHappyPathCases" fullname="ZAPS_Tests.ZigBeeDataTypeTests.ReadAttributeResponse_CheckSeveralHappyPathCases" methodname="ReadAttributeResponse_CheckSeveralHappyPathCases" classname="ZAPS_Tests.ZigBeeDataTypeTests" runstate="Runnable" seed="1838194091" result="Passed" start-time="2016-03-08 13:26:28Z" end-time="2016-03-08 13:26:28Z" duration="0.011967" asserts="15">
          <properties>
            <property name="Category" value="ZigBee Data Type" />
          </properties>
        </test-case>
        <test-case id="0-1012" name="ReadAttributeResponse_CheckThatShortInputDataThowsException" fullname="ZAPS_Tests.ZigBeeDataTypeTests.ReadAttributeResponse_CheckThatShortInputDataThowsException" methodname="ReadAttributeResponse_CheckThatShortInputDataThowsException" classname="ZAPS_Tests.ZigBeeDataTypeTests" runstate="Runnable" seed="173340171" result="Passed" start-time="2016-03-08 13:26:28Z" end-time="2016-03-08 13:26:28Z" duration="0.002406" asserts="1">
          <properties>
            <property name="Category" value="ZigBee Data Type" />
          </properties>
        </test-case>
        <test-case id="0-1013" name="ReadAttributeResponse_CheckThatUnecognizedStatusValueThowsException" fullname="ZAPS_Tests.ZigBeeDataTypeTests.ReadAttributeResponse_CheckThatUnecognizedStatusValueThowsException" methodname="ReadAttributeResponse_CheckThatUnecognizedStatusValueThowsException" classname="ZAPS_Tests.ZigBeeDataTypeTests" runstate="Runnable" seed="1554169190" result="Passed" start-time="2016-03-08 13:26:28Z" end-time="2016-03-08 13:26:28Z" duration="0.000617" asserts="1">
          <properties>
            <property name="Category" value="ZigBee Data Type" />
          </properties>
        </test-case>
        <test-case id="0-1004" name="ZigBeeType_BasicChecksOnDataTypeMethods" fullname="ZAPS_Tests.ZigBeeDataTypeTests.ZigBeeType_BasicChecksOnDataTypeMethods" methodname="ZigBeeType_BasicChecksOnDataTypeMethods" classname="ZAPS_Tests.ZigBeeDataTypeTests" runstate="Runnable" seed="1801850340" result="Passed" start-time="2016-03-08 13:26:28Z" end-time="2016-03-08 13:26:28Z" duration="0.006538" asserts="182">
          <properties>
            <property name="Category" value="ZigBee Data Type" />
          </properties>
        </test-case>
        <test-case id="0-1018" name="ZigBeeType_Boolean_CheckThatBasicSetValueFunctionalityWorks" fullname="ZAPS_Tests.ZigBeeDataTypeTests.ZigBeeType_Boolean_CheckThatBasicSetValueFunctionalityWorks" methodname="ZigBeeType_Boolean_CheckThatBasicSetValueFunctionalityWorks" classname="ZAPS_Tests.ZigBeeDataTypeTests" runstate="Runnable" seed="787650010" result="Passed" start-time="2016-03-08 13:26:28Z" end-time="2016-03-08 13:26:28Z" duration="0.000622" asserts="1">
          <properties>
            <property name="Category" value="ZigBee Data Type" />
          </properties>
        </test-case>
        <test-case id="0-1023" name="ZigBeeType_CharacterString_CheckThatSettingStringValueWithLengthFieldTooLargeThrowsException" fullname="ZAPS_Tests.ZigBeeDataTypeTests.ZigBeeType_CharacterString_CheckThatSettingStringValueWithLengthFieldTooLargeThrowsException" methodname="ZigBeeType_CharacterString_CheckThatSettingStringValueWithLengthFieldTooLargeThrowsException" classname="ZAPS_Tests.ZigBeeDataTypeTests" runstate="Runnable" seed="1448988997" result="Passed" start-time="2016-03-08 13:26:28Z" end-time="2016-03-08 13:26:28Z" duration="0.000728" asserts="1">
          <properties>
            <property name="Category" value="ZigBee Data Type" />
          </properties>
        </test-case>
        <test-case id="0-1021" name="ZigBeeType_CharacterString_CheckThatTryingToSetLengthFieldToReservedValueThrowsException" fullname="ZAPS_Tests.ZigBeeDataTypeTests.ZigBeeType_CharacterString_CheckThatTryingToSetLengthFieldToReservedValueThrowsException" methodname="ZigBeeType_CharacterString_CheckThatTryingToSetLengthFieldToReservedValueThrowsException" classname="ZAPS_Tests.ZigBeeDataTypeTests" runstate="Runnable" seed="1923791459" result="Passed" start-time="2016-03-08 13:26:28Z" end-time="2016-03-08 13:26:28Z" duration="0.000481" asserts="1">
          <properties>
            <property name="Category" value="ZigBee Data Type" />
          </properties>
        </test-case>
        <test-case id="0-1028" name="ZigBeeType_CheckHappyPathCasesForDataTypeCopyConstructor" fullname="ZAPS_Tests.ZigBeeDataTypeTests.ZigBeeType_CheckHappyPathCasesForDataTypeCopyConstructor" methodname="ZigBeeType_CheckHappyPathCasesForDataTypeCopyConstructor" classname="ZAPS_Tests.ZigBeeDataTypeTests" runstate="Runnable" seed="591934172" result="Passed" start-time="2016-03-08 13:26:28Z" end-time="2016-03-08 13:26:28Z" duration="0.001134" asserts="1">
          <properties>
            <property name="Category" value="ZigBee Data Type" />
          </properties>
        </test-case>
        <test-case id="0-1005" name="ZigBeeType_CheckThatBitmapMinAndMaxValuesAreSetCorrectlyForDefaultConstructor" fullname="ZAPS_Tests.ZigBeeDataTypeTests.ZigBeeType_CheckThatBitmapMinAndMaxValuesAreSetCorrectlyForDefaultConstructor" methodname="ZigBeeType_CheckThatBitmapMinAndMaxValuesAreSetCorrectlyForDefaultConstructor" classname="ZAPS_Tests.ZigBeeDataTypeTests" runstate="Runnable" seed="17143493" result="Passed" start-time="2016-03-08 13:26:28Z" end-time="2016-03-08 13:26:28Z" duration="0.001348" asserts="6">
          <properties>
            <property name="Category" value="ZigBee Data Type" />
          </properties>
        </test-case>
        <test-case id="0-1009" name="ZigBeeType_CheckThatHumanFriendlyToStringMethodWorks" fullname="ZAPS_Tests.ZigBeeDataTypeTests.ZigBeeType_CheckThatHumanFriendlyToStringMethodWorks" methodname="ZigBeeType_CheckThatHumanFriendlyToStringMethodWorks" classname="ZAPS_Tests.ZigBeeDataTypeTests" runstate="Runnable" seed="963478164" result="Passed" start-time="2016-03-08 13:26:28Z" end-time="2016-03-08 13:26:29Z" duration="0.004956" asserts="28">
          <properties>
            <property name="Category" value="ZigBee Data Type" />
          </properties>
        </test-case>
        <test-case id="0-1027" name="ZigBeeType_CheckThatIncorrectObjectTypesInDataTypeCopyConstructorsThrowExceptions" fullname="ZAPS_Tests.ZigBeeDataTypeTests.ZigBeeType_CheckThatIncorrectObjectTypesInDataTypeCopyConstructorsThrowExceptions" methodname="ZigBeeType_CheckThatIncorrectObjectTypesInDataTypeCopyConstructorsThrowExceptions" classname="ZAPS_Tests.ZigBeeDataTypeTests" runstate="Runnable" seed="546864238" result="Passed" start-time="2016-03-08 13:26:29Z" end-time="2016-03-08 13:26:29Z" duration="0.002818" asserts="6">
          <properties>
            <property name="Category" value="ZigBee Data Type" />
          </properties>
        </test-case>
        <test-case id="0-1017" name="ZigBeeType_CheckThatSettingEnumWithBadValueThrowsException" fullname="ZAPS_Tests.ZigBeeDataTypeTests.ZigBeeType_CheckThatSettingEnumWithBadValueThrowsException" methodname="ZigBeeType_CheckThatSettingEnumWithBadValueThrowsException" classname="ZAPS_Tests.ZigBeeDataTypeTests" runstate="Runnable" seed="596653663" result="Passed" start-time="2016-03-08 13:26:29Z" end-time="2016-03-08 13:26:29Z" duration="0.002441" asserts="1">
          <properties>
            <property name="Category" value="ZigBee Data Type" />
          </properties>
        </test-case>
        <test-case id="0-1026" name="ZigBeeType_CheckThatSettingValueToAReservedValueThrowsAnException" fullname="ZAPS_Tests.ZigBeeDataTypeTests.ZigBeeType_CheckThatSettingValueToAReservedValueThrowsAnException" methodname="ZigBeeType_CheckThatSettingValueToAReservedValueThrowsAnException" classname="ZAPS_Tests.ZigBeeDataTypeTests" runstate="Runnable" seed="953557922" result="Passed" start-time="2016-03-08 13:26:29Z" end-time="2016-03-08 13:26:29Z" duration="0.001258" asserts="3">
          <properties>
            <property name="Category" value="ZigBee Data Type" />
          </properties>
        </test-case>
        <test-case id="0-1016" name="ZigBeeType_CheckThatSetValueWithIncorrectLengthThrowsException" fullname="ZAPS_Tests.ZigBeeDataTypeTests.ZigBeeType_CheckThatSetValueWithIncorrectLengthThrowsException" methodname="ZigBeeType_CheckThatSetValueWithIncorrectLengthThrowsException" classname="ZAPS_Tests.ZigBeeDataTypeTests" runstate="Runnable" seed="1542415269" result="Passed" start-time="2016-03-08 13:26:29Z" end-time="2016-03-08 13:26:29Z" duration="0.000512" asserts="1">
          <properties>
            <property name="Category" value="ZigBee Data Type" />
          </properties>
        </test-case>
        <test-case id="0-1006" name="ZigBeeType_HappyPathChecksForBitmapAttributeXMLConstructor" fullname="ZAPS_Tests.ZigBeeDataTypeTests.ZigBeeType_HappyPathChecksForBitmapAttributeXMLConstructor" methodname="ZigBeeType_HappyPathChecksForBitmapAttributeXMLConstructor" classname="ZAPS_Tests.ZigBeeDataTypeTests" runstate="Runnable" seed="458445963" result="Passed" start-time="2016-03-08 13:26:29Z" end-time="2016-03-08 13:26:29Z" duration="0.001505" asserts="15">
          <properties>
            <property name="Category" value="ZigBee Data Type" />
          </properties>
        </test-case>
        <test-case id="0-1007" name="ZigBeeType_HappyPathChecksForEnumAttributeXMLConstructor" fullname="ZAPS_Tests.ZigBeeDataTypeTests.ZigBeeType_HappyPathChecksForEnumAttributeXMLConstructor" methodname="ZigBeeType_HappyPathChecksForEnumAttributeXMLConstructor" classname="ZAPS_Tests.ZigBeeDataTypeTests" runstate="Runnable" seed="1323870426" result="Passed" start-time="2016-03-08 13:26:29Z" end-time="2016-03-08 13:26:29Z" duration="0.001406" asserts="15">
          <properties>
            <property name="Category" value="ZigBee Data Type" />
          </properties>
        </test-case>
        <test-case id="0-1008" name="ZigBeeType_HappyPathChecksForOctetStringAttributeXMLConstructor" fullname="ZAPS_Tests.ZigBeeDataTypeTests.ZigBeeType_HappyPathChecksForOctetStringAttributeXMLConstructor" methodname="ZigBeeType_HappyPathChecksForOctetStringAttributeXMLConstructor" classname="ZAPS_Tests.ZigBeeDataTypeTests" runstate="Runnable" seed="1355097167" result="Passed" start-time="2016-03-08 13:26:29Z" end-time="2016-03-08 13:26:29Z" duration="0.000504" asserts="4">
          <properties>
            <property name="Category" value="ZigBee Data Type" />
          </properties>
        </test-case>
        <test-case id="0-1022" name="ZigBeeType_OctetString_CheckThatSettingStringValueWithLengthFieldTooLargeThrowsException" fullname="ZAPS_Tests.ZigBeeDataTypeTests.ZigBeeType_OctetString_CheckThatSettingStringValueWithLengthFieldTooLargeThrowsException" methodname="ZigBeeType_OctetString_CheckThatSettingStringValueWithLengthFieldTooLargeThrowsException" classname="ZAPS_Tests.ZigBeeDataTypeTests" runstate="Runnable" seed="1069402004" result="Passed" start-time="2016-03-08 13:26:29Z" end-time="2016-03-08 13:26:29Z" duration="0.000510" asserts="1">
          <properties>
            <property name="Category" value="ZigBee Data Type" />
          </properties>
        </test-case>
        <test-case id="0-1020" name="ZigBeeType_OctetString_CheckThatTryingToSetLengthFieldToReservedValueThrowsException" fullname="ZAPS_Tests.ZigBeeDataTypeTests.ZigBeeType_OctetString_CheckThatTryingToSetLengthFieldToReservedValueThrowsException" methodname="ZigBeeType_OctetString_CheckThatTryingToSetLengthFieldToReservedValueThrowsException" classname="ZAPS_Tests.ZigBeeDataTypeTests" runstate="Runnable" seed="1231727827" result="Passed" start-time="2016-03-08 13:26:29Z" end-time="2016-03-08 13:26:29Z" duration="0.000659" asserts="1">
          <properties>
            <property name="Category" value="ZigBee Data Type" />
          </properties>
        </test-case>
        <test-case id="0-1015" name="ZigBeeType_SetValueUpdatesInternalValue" fullname="ZAPS_Tests.ZigBeeDataTypeTests.ZigBeeType_SetValueUpdatesInternalValue" methodname="ZigBeeType_SetValueUpdatesInternalValue" classname="ZAPS_Tests.ZigBeeDataTypeTests" runstate="Runnable" seed="1580158007" result="Passed" start-time="2016-03-08 13:26:29Z" end-time="2016-03-08 13:26:29Z" duration="0.000654" asserts="2">
          <properties>
            <property name="Category" value="ZigBee Data Type" />
          </properties>
        </test-case>
        <test-case id="0-1019" name="ZigBeeType_StringTypes_CheckThatBasicSetValueFunctionalityWorks" fullname="ZAPS_Tests.ZigBeeDataTypeTests.ZigBeeType_StringTypes_CheckThatBasicSetValueFunctionalityWorks" methodname="ZigBeeType_StringTypes_CheckThatBasicSetValueFunctionalityWorks" classname="ZAPS_Tests.ZigBeeDataTypeTests" runstate="Runnable" seed="1390597427" result="Passed" start-time="2016-03-08 13:26:29Z" end-time="2016-03-08 13:26:29Z" duration="0.002357" asserts="16">
          <properties>
            <property name="Category" value="ZigBee Data Type" />
          </properties>
        </test-case>
        <test-case id="0-1025" name="ZigBeeType_WriteAttributeRecord_CheckConstructorWithVariousAttributeParameters" fullname="ZAPS_Tests.ZigBeeDataTypeTests.ZigBeeType_WriteAttributeRecord_CheckConstructorWithVariousAttributeParameters" methodname="ZigBeeType_WriteAttributeRecord_CheckConstructorWithVariousAttributeParameters" classname="ZAPS_Tests.ZigBeeDataTypeTests" runstate="Runnable" seed="674926834" result="Passed" start-time="2016-03-08 13:26:29Z" end-time="2016-03-08 13:26:29Z" duration="0.002009" asserts="10">
          <properties>
            <property name="Category" value="ZigBee Data Type" />
          </properties>
        </test-case>
        <test-case id="0-1024" name="ZigBeeType_WriteAttributeRecord_CheckDefaultContructorWorks" fullname="ZAPS_Tests.ZigBeeDataTypeTests.ZigBeeType_WriteAttributeRecord_CheckDefaultContructorWorks" methodname="ZigBeeType_WriteAttributeRecord_CheckDefaultContructorWorks" classname="ZAPS_Tests.ZigBeeDataTypeTests" runstate="Runnable" seed="392352118" result="Passed" start-time="2016-03-08 13:26:29Z" end-time="2016-03-08 13:26:29Z" duration="0.000929" asserts="5">
          <properties>
            <property name="Category" value="ZigBee Data Type" />
          </properties>
        </test-case>
      </test-suite>
    </test-suite>
  </test-suite>
</test-run>