Started on Dec 17, 2013 10:41:48 AM
Using strategy: Default
[poll] Last Built Revision: Revision 746a11c7cd9ce666d9bd1d8b00edf185db078530 (origin/master)
ERROR: Failed to record SCM polling for hudson.maven.MavenModuleSet@40180fb0[Web_Web]
java.lang.RuntimeException: Unable to determine Maven version
    at org.jfrog.hudson.maven3.extractor.MavenExtractorEnvironment.isMavenVersionValid(MavenExtractorEnvironment.java:157)
    at org.jfrog.hudson.maven3.extractor.MavenExtractorEnvironment.buildEnvVars(MavenExtractorEnvironment.java:110)
    at hudson.model.AbstractBuild.getEnvironment(AbstractBuild.java:918)
    at hudson.maven.AbstractMavenBuild.getEnvironment(AbstractMavenBuild.java:59)
    at hudson.maven.MavenModuleSetBuild.getEnvironment(MavenModuleSetBuild.java:165)
    at hudson.model.Run.getEnvironment(Run.java:2068)
    at hudson.plugins.git.GitSCM.compareRemoteRevisionWithImpl(GitSCM.java:649)
    at hudson.plugins.git.GitSCM.compareRemoteRevisionWith(GitSCM.java:626)
    at hudson.scm.SCM._compareRemoteRevisionWith(SCM.java:356)
    at hudson.scm.SCM.poll(SCM.java:373)
    at hudson.model.AbstractProject.pollWithWorkspace(AbstractProject.java:1549)
    at hudson.model.AbstractProject._poll(AbstractProject.java:1521)
    at hudson.model.AbstractProject.poll(AbstractProject.java:1455)
    at hudson.triggers.SCMTrigger$Runner.runPolling(SCMTrigger.java:439)
    at hudson.triggers.SCMTrigger$Runner.run(SCMTrigger.java:468)
    at hudson.util.SequentialExecutionQueue$QueueEntry.run(SequentialExecutionQueue.java:118)
    at java.util.concurrent.Executors$RunnableAdapter.call(Executors.java:439)
    at java.util.concurrent.FutureTask$Sync.innerRun(FutureTask.java:303)
    at java.util.concurrent.FutureTask.run(FutureTask.java:138)
    at java.util.concurrent.ThreadPoolExecutor$Worker.runTask(ThreadPoolExecutor.java:895)
    at java.util.concurrent.ThreadPoolExecutor$Worker.run(ThreadPoolExecutor.java:918)
    at java.lang.Thread.run(Thread.java:662)
Caused by: java.lang.IllegalArgumentException: mavenHome '/usr/share/tomcat6/.jenkins/tools/hudson.tasks.Maven_MavenInstallation/maven3' doesn't seem to exist on this node (or you don't have sufficient rights to access it)
    at hudson.maven.MavenEmbedderUtils.buildClassRealm(MavenEmbedderUtils.java:76)
    at hudson.maven.MavenEmbedderUtils.getMavenVersion(MavenEmbedderUtils.java:188)
    at hudson.maven.MavenEmbedderUtils.isAtLeastMavenVersion(MavenEmbedderUtils.java:215)
    at org.jfrog.hudson.maven3.MavenVersionCallable.call(MavenVersionCallable.java:45)
    at org.jfrog.hudson.maven3.MavenVersionCallable.call(MavenVersionCallable.java:33)
    at hudson.remoting.UserRequest.perform(UserRequest.java:118)
    at hudson.remoting.UserRequest.perform(UserRequest.java:48)
    at hudson.remoting.Request$2.run(Request.java:326)
    at hudson.remoting.InterceptingExecutorService$1.call(InterceptingExecutorService.java:72)
    ... 5 more