Replayed #291
[Pipeline] Start of Pipeline
[Pipeline] node
Running on builder-03 in /home/jenkins/jenkins_worker/workspace/External package build
[Pipeline] {
[Pipeline] stage
[Pipeline] { (Declarative: Checkout SCM)
[Pipeline] checkout
Selected Git installation does not exist. Using Default
The recommended git tool is: NONE
No credentials specified
Fetching changes from the remote Git repository
Checking out Revision 7d1a9d6b947fae4d0c06f49bf38024116c09b4e8 (refs/remotes/origin/master)
Commit message: "REDACTED"
 > git rev-parse --resolve-git-dir /home/jenkins/jenkins_worker/workspace/External package build/.git # timeout=10
 > git config remote.origin.url https://example.com/repo/jenkinsfiles.git # timeout=10
Fetching upstream changes from https://example.com/repo/jenkinsfiles.git
 > git --version # timeout=10
 > git --version # 'git version 2.18.1'
Setting http proxy: proxy.example.com:8080
 > git fetch --tags --progress -- https://example.com/repo/jenkinsfiles.git +refs/heads/*:refs/remotes/origin/* # timeout=10
 > git rev-parse refs/remotes/origin/master^{commit} # timeout=10
 > git config core.sparsecheckout # timeout=10
 > git checkout -f 7d1a9d6b947fae4d0c06f49bf38024116c09b4e8 # timeout=10
 > git rev-list --no-walk 7d1a9d6b947fae4d0c06f49bf38024116c09b4e8 # timeout=10
[Pipeline] }
[Pipeline] // stage
[Pipeline] withEnv
[Pipeline] {
[Pipeline] error
[Pipeline] }
[Pipeline] // withEnv
[Pipeline] }
[Pipeline] // node
[Pipeline] stage
[Pipeline] { (Declarative: Post Actions)
[Pipeline] script
[Pipeline] {
[Pipeline] echo
Run Post for Ubuntu22
[Pipeline] }
[Pipeline] // script
Error when executing always post condition:
groovy.lang.MissingPropertyException: No such property: PODMAN_CMD for class: groovy.lang.Binding
	at groovy.lang.Binding.getVariable(Binding.java:63)
	at org.jenkinsci.plugins.scriptsecurity.sandbox.groovy.SandboxInterceptor.onGetProperty(SandboxInterceptor.java:285)
	at org.kohsuke.groovy.sandbox.impl.Checker$7.call(Checker.java:375)
	at org.kohsuke.groovy.sandbox.impl.Checker.checkedGetProperty(Checker.java:379)
	at org.kohsuke.groovy.sandbox.impl.Checker.checkedGetProperty(Checker.java:355)
	at org.kohsuke.groovy.sandbox.impl.Checker.checkedGetProperty(Checker.java:355)
	at org.kohsuke.groovy.sandbox.impl.Checker.checkedGetProperty(Checker.java:355)
	at com.cloudbees.groovy.cps.sandbox.SandboxInvoker.getProperty(SandboxInvoker.java:29)
	at com.cloudbees.groovy.cps.impl.PropertyAccessBlock.rawGet(PropertyAccessBlock.java:20)
	at WorkflowScript.run(WorkflowScript:404)
	at ___cps.transform___(Native Method)
	at com.cloudbees.groovy.cps.impl.PropertyishBlock$ContinuationImpl.get(PropertyishBlock.java:73)
	at com.cloudbees.groovy.cps.LValueBlock$GetAdapter.receive(LValueBlock.java:30)
	at com.cloudbees.groovy.cps.impl.PropertyishBlock$ContinuationImpl.fixName(PropertyishBlock.java:65)
	at sun.reflect.GeneratedMethodAccessor451.invoke(Unknown Source)
	at sun.reflect.DelegatingMethodAccessorImpl.invoke(DelegatingMethodAccessorImpl.java:43)
	at java.lang.reflect.Method.invoke(Method.java:498)
	at com.cloudbees.groovy.cps.impl.ContinuationPtr$ContinuationImpl.receive(ContinuationPtr.java:72)
	at com.cloudbees.groovy.cps.impl.ConstantBlock.eval(ConstantBlock.java:21)
	at com.cloudbees.groovy.cps.Next.step(Next.java:83)
	at com.cloudbees.groovy.cps.Continuable$1.call(Continuable.java:158)
	at com.cloudbees.groovy.cps.Continuable$1.call(Continuable.java:152)
	at org.codehaus.groovy.runtime.GroovyCategorySupport$ThreadCategoryInfo.use(GroovyCategorySupport.java:136)
	at org.codehaus.groovy.runtime.GroovyCategorySupport.use(GroovyCategorySupport.java:275)
	at com.cloudbees.groovy.cps.Continuable.run0(Continuable.java:152)
	at org.jenkinsci.plugins.workflow.cps.SandboxContinuable.access$001(SandboxContinuable.java:18)
	at org.jenkinsci.plugins.workflow.cps.SandboxContinuable.run0(SandboxContinuable.java:51)
	at org.jenkinsci.plugins.workflow.cps.CpsThread.runNextChunk(CpsThread.java:187)
	at org.jenkinsci.plugins.workflow.cps.CpsThreadGroup.run(CpsThreadGroup.java:420)
	at org.jenkinsci.plugins.workflow.cps.CpsThreadGroup.access$400(CpsThreadGroup.java:95)
	at org.jenkinsci.plugins.workflow.cps.CpsThreadGroup$2.call(CpsThreadGroup.java:330)
	at org.jenkinsci.plugins.workflow.cps.CpsThreadGroup$2.call(CpsThreadGroup.java:294)
	at org.jenkinsci.plugins.workflow.cps.CpsVmExecutorService$2.call(CpsVmExecutorService.java:67)
	at java.util.concurrent.FutureTask.run(FutureTask.java:266)
	at hudson.remoting.SingleLaneExecutorService$1.run(SingleLaneExecutorService.java:139)
	at jenkins.util.ContextResettingExecutorService$1.run(ContextResettingExecutorService.java:28)
	at jenkins.security.ImpersonatingExecutorService$1.run(ImpersonatingExecutorService.java:68)
	at java.util.concurrent.Executors$RunnableAdapter.call(Executors.java:511)
	at java.util.concurrent.FutureTask.run(FutureTask.java:266)
	at java.util.concurrent.ThreadPoolExecutor.runWorker(ThreadPoolExecutor.java:1149)
	at java.util.concurrent.ThreadPoolExecutor$Worker.run(ThreadPoolExecutor.java:624)
	at java.lang.Thread.run(Thread.java:750)

[Pipeline] }
[Pipeline] // stage
[Pipeline] End of Pipeline
ERROR: null
Finished: FAILURE
