# JRE version: Java(TM) SE Runtime Environment (7.0_51-b13) (build 1.7.0_51-b13)
# Java VM: Java HotSpot(TM) 64-Bit Server VM (24.51-b03 mixed mode windows-amd64 compressed oops)
Heap
 PSYoungGen      total 1045504K, used 1445K [0x00000007c0000000, 0x0000000800000000, 0x0000000800000000)
  eden space 1042432K, 0% used [0x00000007c0000000,0x00000007c0169560,0x00000007ffa00000)
  from space 3072K, 0% used [0x00000007ffd00000,0x00000007ffd00000,0x0000000800000000)
  to   space 3072K, 0% used [0x00000007ffa00000,0x00000007ffa00000,0x00000007ffd00000)
 ParOldGen       total 131072K, used 8822K [0x0000000740000000, 0x0000000748000000, 0x00000007c0000000)
  object space 131072K, 6% used [0x0000000740000000,0x000000074089d9a0,0x0000000748000000)
 PSPermGen       total 34304K, used 14883K [0x000000073ae00000, 0x000000073cf80000, 0x0000000740000000)
  object space 34304K, 43% used [0x000000073ae00000,0x000000073bc88fd8,0x000000073cf80000)
GC Heap History (10 events):
Event: 301630.767 GC heap before
{Heap before GC invocations=122 (full 0):
 PSYoungGen      total 1036288K, used 1034080K [0x00000007c0000000, 0x0000000800000000, 0x0000000800000000)
  eden space 1033728K, 100% used [0x00000007c0000000,0x00000007ff180000,0x00000007ff180000)
  from space 2560K, 13% used [0x00000007ff180000,0x00000007ff1d8000,0x00000007ff400000)
  to   space 3072K, 0% used [0x00000007ffd00000,0x00000007ffd00000,0x0000000800000000)
 ParOldGen       total 131072K, used 47086K [0x0000000740000000, 0x0000000748000000, 0x00000007c0000000)
  object space 131072K, 35% used [0x0000000740000000,0x0000000742dfb8f0,0x0000000748000000)
 PSPermGen       total 21504K, used 15443K [0x000000073ae00000, 0x000000073c300000, 0x0000000740000000)
  object space 21504K, 71% used [0x000000073ae00000,0x000000073bd14c80,0x000000073c300000)
Event: 301630.785 GC heap after
Heap after GC invocations=122 (full 0):
 PSYoungGen      total 1045504K, used 2116K [0x00000007c0000000, 0x0000000800000000, 0x0000000800000000)
  eden space 1042432K, 0% used [0x00000007c0000000,0x00000007c0000000,0x00000007ffa00000)
  from space 3072K, 68% used [0x00000007ffd00000,0x00000007fff11278,0x0000000800000000)
  to   space 3072K, 0% used [0x00000007ffa00000,0x00000007ffa00000,0x00000007ffd00000)
 ParOldGen       total 131072K, used 47294K [0x0000000740000000, 0x0000000748000000, 0x00000007c0000000)
  object space 131072K, 36% used [0x0000000740000000,0x0000000742e2f8f0,0x0000000748000000)
 PSPermGen       total 21504K, used 15443K [0x000000073ae00000, 0x000000073c300000, 0x0000000740000000)
  object space 21504K, 71% used [0x000000073ae00000,0x000000073bd14c80,0x000000073c300000)
}
Event: 309114.817 GC heap before
{Heap before GC invocations=123 (full 0):
 PSYoungGen      total 1045504K, used 343114K [0x00000007c0000000, 0x0000000800000000, 0x0000000800000000)
  eden space 1042432K, 32% used [0x00000007c0000000,0x00000007d4d01810,0x00000007ffa00000)
  from space 3072K, 68% used [0x00000007ffd00000,0x00000007fff11278,0x0000000800000000)
  to   space 3072K, 0% used [0x00000007ffa00000,0x00000007ffa00000,0x00000007ffd00000)
 ParOldGen       total 131072K, used 47294K [0x0000000740000000, 0x0000000748000000, 0x00000007c0000000)
  object space 131072K, 36% used [0x0000000740000000,0x0000000742e2f8f0,0x0000000748000000)
 PSPermGen       total 21504K, used 15554K [0x000000073ae00000, 0x000000073c300000, 0x0000000740000000)
  object space 21504K, 72% used [0x000000073ae00000,0x000000073bd30bd0,0x000000073c300000)
Event: 309114.828 GC heap after
Heap after GC invocations=123 (full 0):
 PSYoungGen      total 1045504K, used 640K [0x00000007c0000000, 0x0000000800000000, 0x0000000800000000)
  eden space 1042432K, 0% used [0x00000007c0000000,0x00000007c0000000,0x00000007ffa00000)
  from space 3072K, 20% used [0x00000007ffa00000,0x00000007ffaa0000,0x00000007ffd00000)
  to   space 3072K, 0% used [0x00000007ffd00000,0x00000007ffd00000,0x0000000800000000)
 ParOldGen       total 131072K, used 48150K [0x0000000740000000, 0x0000000748000000, 0x00000007c0000000)
  object space 131072K, 36% used [0x0000000740000000,0x0000000742f05960,0x0000000748000000)
 PSPermGen       total 21504K, used 15554K [0x000000073ae00000, 0x000000073c300000, 0x0000000740000000)
  object space 21504K, 72% used [0x000000073ae00000,0x000000073bd30bd0,0x000000073c300000)
}
Event: 309114.832 GC heap before
{Heap before GC invocations=124 (full 1):
 PSYoungGen      total 1045504K, used 640K [0x00000007c0000000, 0x0000000800000000, 0x0000000800000000)
  eden space 1042432K, 0% used [0x00000007c0000000,0x00000007c0000000,0x00000007ffa00000)
  from space 3072K, 20% used [0x00000007ffa00000,0x00000007ffaa0000,0x00000007ffd00000)
  to   space 3072K, 0% used [0x00000007ffd00000,0x00000007ffd00000,0x0000000800000000)
 ParOldGen       total 131072K, used 48150K [0x0000000740000000, 0x0000000748000000, 0x00000007c0000000)
  object space 131072K, 36% used [0x0000000740000000,0x0000000742f05960,0x0000000748000000)
 PSPermGen       total 21504K, used 15554K [0x000000073ae00000, 0x000000073c300000, 0x0000000740000000)
  object space 21504K, 72% used [0x000000073ae00000,0x000000073bd30bd0,0x000000073c300000)
Event: 309116.195 GC heap after
Heap after GC invocations=124 (full 1):
 PSYoungGen      total 1045504K, used 0K [0x00000007c0000000, 0x0000000800000000, 0x0000000800000000)
  eden space 1042432K, 0% used [0x00000007c0000000,0x00000007c0000000,0x00000007ffa00000)
  from space 3072K, 0% used [0x00000007ffa00000,0x00000007ffa00000,0x00000007ffd00000)
  to   space 3072K, 0% used [0x00000007ffd00000,0x00000007ffd00000,0x0000000800000000)
 ParOldGen       total 131072K, used 8866K [0x0000000740000000, 0x0000000748000000, 0x00000007c0000000)
  object space 131072K, 6% used [0x0000000740000000,0x00000007408a8948,0x0000000748000000)
 PSPermGen       total 30720K, used 14850K [0x000000073ae00000, 0x000000073cc00000, 0x0000000740000000)
  object space 30720K, 48% used [0x000000073ae00000,0x000000073bc80a18,0x000000073cc00000)
}
Event: 309116.195 GC heap before
{Heap before GC invocations=125 (full 1):
 PSYoungGen      total 1045504K, used 0K [0x00000007c0000000, 0x0000000800000000, 0x0000000800000000)
  eden space 1042432K, 0% used [0x00000007c0000000,0x00000007c0000000,0x00000007ffa00000)
  from space 3072K, 0% used [0x00000007ffa00000,0x00000007ffa00000,0x00000007ffd00000)
  to   space 3072K, 0% used [0x00000007ffd00000,0x00000007ffd00000,0x0000000800000000)
 ParOldGen       total 131072K, used 8866K [0x0000000740000000, 0x0000000748000000, 0x00000007c0000000)
  object space 131072K, 6% used [0x0000000740000000,0x00000007408a8948,0x0000000748000000)
 PSPermGen       total 30720K, used 14850K [0x000000073ae00000, 0x000000073cc00000, 0x0000000740000000)
  object space 30720K, 48% used [0x000000073ae00000,0x000000073bc80a18,0x000000073cc00000)
Event: 309116.197 GC heap after
Heap after GC invocations=125 (full 1):
 PSYoungGen      total 1045504K, used 0K [0x00000007c0000000, 0x0000000800000000, 0x0000000800000000)
  eden space 1042432K, 0% used [0x00000007c0000000,0x00000007c0000000,0x00000007ffa00000)
  from space 3072K, 0% used [0x00000007ffd00000,0x00000007ffd00000,0x0000000800000000)
  to   space 3072K, 0% used [0x00000007ffa00000,0x00000007ffa00000,0x00000007ffd00000)
 ParOldGen       total 131072K, used 8866K [0x0000000740000000, 0x0000000748000000, 0x00000007c0000000)
  object space 131072K, 6% used [0x0000000740000000,0x00000007408a8948,0x0000000748000000)
 PSPermGen       total 30720K, used 14850K [0x000000073ae00000, 0x000000073cc00000, 0x0000000740000000)
  object space 30720K, 48% used [0x000000073ae00000,0x000000073bc80a18,0x000000073cc00000)
}
Event: 309116.197 GC heap before
{Heap before GC invocations=126 (full 2):
 PSYoungGen      total 1045504K, used 0K [0x00000007c0000000, 0x0000000800000000, 0x0000000800000000)
  eden space 1042432K, 0% used [0x00000007c0000000,0x00000007c0000000,0x00000007ffa00000)
  from space 3072K, 0% used [0x00000007ffd00000,0x00000007ffd00000,0x0000000800000000)
  to   space 3072K, 0% used [0x00000007ffa00000,0x00000007ffa00000,0x00000007ffd00000)
 ParOldGen       total 131072K, used 8866K [0x0000000740000000, 0x0000000748000000, 0x00000007c0000000)
  object space 131072K, 6% used [0x0000000740000000,0x00000007408a8948,0x0000000748000000)
 PSPermGen       total 30720K, used 14850K [0x000000073ae00000, 0x000000073cc00000, 0x0000000740000000)
  object space 30720K, 48% used [0x000000073ae00000,0x000000073bc80a18,0x000000073cc00000)
Event: 309116.242 GC heap after
Heap after GC invocations=126 (full 2):
 PSYoungGen      total 1045504K, used 0K [0x00000007c0000000, 0x0000000800000000, 0x0000000800000000)
  eden space 1042432K, 0% used [0x00000007c0000000,0x00000007c0000000,0x00000007ffa00000)
  from space 3072K, 0% used [0x00000007ffd00000,0x00000007ffd00000,0x0000000800000000)
  to   space 3072K, 0% used [0x00000007ffa00000,0x00000007ffa00000,0x00000007ffd00000)
 ParOldGen       total 131072K, used 8822K [0x0000000740000000, 0x0000000748000000, 0x00000007c0000000)
  object space 131072K, 6% used [0x0000000740000000,0x000000074089d9a0,0x0000000748000000)
 PSPermGen       total 34304K, used 14841K [0x000000073ae00000, 0x000000073cf80000, 0x0000000740000000)
  object space 34304K, 43% used [0x000000073ae00000,0x000000073bc7e438,0x000000073cf80000)
}

