Started by user unknown or anonymous
Running as SYSTEM
Building in workspace C:\ProgramData\Jenkins\.jenkins\workspace\test YT
The recommended git tool is: NONE
No credentials specified
 > git.exe rev-parse --resolve-git-dir C:\ProgramData\Jenkins\.jenkins\workspace\test YT\.git # timeout=10
Fetching changes from the remote Git repository
 > git.exe config remote.origin.url https://github.com/Subzer0570/data-tables-api-plugin # timeout=10
Fetching upstream changes from https://github.com/Subzer0570/data-tables-api-plugin
 > git.exe --version # timeout=10
 > git --version # 'git version 2.38.1.windows.1'
 > git.exe fetch --tags --force --progress -- https://github.com/Subzer0570/data-tables-api-plugin +refs/heads/*:refs/remotes/origin/* # timeout=10
 > git.exe rev-parse "refs/remotes/origin/UditD^{commit}" # timeout=10
Checking out Revision 7f392e4f58cc4e27040939e013a0d4de33c6a585 (refs/remotes/origin/UditD)
 > git.exe config core.sparsecheckout # timeout=10
 > git.exe checkout -f 7f392e4f58cc4e27040939e013a0d4de33c6a585 # timeout=10
Commit message: "JENKINS-70409 | Luxon changes"
 > git.exe rev-list --no-walk 7f392e4f58cc4e27040939e013a0d4de33c6a585 # timeout=10
[test YT] $ cmd /c call C:\Users\Admin\AppData\Local\Temp\jenkins14930308920516218894.bat

C:\ProgramData\Jenkins\.jenkins\workspace\test YT>npm i 
npm WARN old lockfile 
npm WARN old lockfile The package-lock.json file was created with an old version of npm,
npm WARN old lockfile so supplemental metadata must be fetched from the registry.
npm WARN old lockfile 
npm WARN old lockfile This is a one-time fix-up, please be patient...
npm WARN old lockfile 

up to date, audited 201 packages in 2s

92 packages are looking for funding
  run `npm fund` for details

found 0 vulnerabilities
[test YT] $ sh -xe C:\Users\Admin\AppData\Local\Temp\jenkins9296537539844323704.sh
+ mvn clean verify
[INFO] Scanning for projects...
[WARNING] The POM for org.jenkins-ci.tools:maven-hpi-plugin:jar:3.38 is missing, no dependency information available
[WARNING] Failed to build parent project for org.jvnet.hudson.plugins:analysis-pom:pom:6.1.0
[WARNING] Failed to build parent project for io.jenkins.plugins:data-tables-api:hpi:1.12.1-5-SNAPSHOT
[INFO] 
[INFO] -----------------< io.jenkins.plugins:data-tables-api >-----------------
[INFO] Building DataTables.net API Plugin 1.12.1-5-SNAPSHOT
[INFO] --------------------------------[ hpi ]---------------------------------
[INFO] 
[INFO] --- maven-clean-plugin:3.2.0:clean (default-clean) @ data-tables-api ---
[INFO] Deleting C:\ProgramData\Jenkins\.jenkins\workspace\test YT\target
[INFO] 
[INFO] --- maven-hpi-plugin:3.38:validate (default-validate) @ data-tables-api ---
[INFO] 
[INFO] --- maven-hpi-plugin:3.38:validate-hpi (default-validate-hpi) @ data-tables-api ---
[INFO] 
[INFO] --- maven-enforcer-plugin:3.1.0:display-info (display-info) @ data-tables-api ---
[INFO] Maven Version: 3.8.6
[INFO] JDK Version: 17.0.6 normalized as: 17.0.6
[INFO] Java Vendor: Oracle Corporation
[INFO] OS Info: Arch: amd64 Family: windows Name: windows 10 Version: 10.0
[INFO] 
[INFO] --- maven-enforcer-plugin:3.1.0:enforce (display-info) @ data-tables-api ---
[INFO] 
[INFO] --- maven-enforcer-plugin:3.1.0:enforce (no-snapshots-in-release) @ data-tables-api ---
[INFO] 
[INFO] --- gmavenplus-plugin:2.1.0:addTestSources (test-in-groovy) @ data-tables-api ---
[INFO] 
[INFO] --- localizer-maven-plugin:1.31:generate (default) @ data-tables-api ---
[INFO] 
[INFO] >>> maven-javadoc-plugin:3.4.1:javadoc (default) > generate-sources @ data-tables-api >>>
[INFO] 
[INFO] --- maven-hpi-plugin:3.38:validate (default-validate) @ data-tables-api ---
[INFO] 
[INFO] --- maven-hpi-plugin:3.38:validate-hpi (default-validate-hpi) @ data-tables-api ---
[INFO] 
[INFO] --- maven-enforcer-plugin:3.1.0:display-info (display-info) @ data-tables-api ---
[INFO] Maven Version: 3.8.6
[INFO] JDK Version: 17.0.6 normalized as: 17.0.6
[INFO] Java Vendor: Oracle Corporation
[INFO] OS Info: Arch: amd64 Family: windows Name: windows 10 Version: 10.0
[INFO] 
[INFO] --- maven-enforcer-plugin:3.1.0:enforce (display-info) @ data-tables-api ---
[INFO] 
[INFO] --- maven-enforcer-plugin:3.1.0:enforce (no-snapshots-in-release) @ data-tables-api ---
[INFO] 
[INFO] --- gmavenplus-plugin:2.1.0:addTestSources (test-in-groovy) @ data-tables-api ---
[INFO] 
[INFO] --- localizer-maven-plugin:1.31:generate (default) @ data-tables-api ---
[INFO] 
[INFO] <<< maven-javadoc-plugin:3.4.1:javadoc (default) < generate-sources @ data-tables-api <<<
[INFO] 
[INFO] 
[INFO] --- maven-javadoc-plugin:3.4.1:javadoc (default) @ data-tables-api ---
[INFO] No previous run data found, generating javadoc.
[INFO] 
[INFO] --- frontend-maven-plugin:1.12.1:install-node-and-npm (install node and npm) @ data-tables-api ---
[INFO] Node v14.16.1 is already installed.
[INFO] 
[INFO] --- frontend-maven-plugin:1.12.1:npm (npm install) @ data-tables-api ---
[INFO] Running 'npm install' in C:\ProgramData\Jenkins\.jenkins\workspace\test YT
[INFO] npm WARN read-shrinkwrap This version of npm is compatible with lockfileVersion@1, but package-lock.json was generated for lockfileVersion@3. I'll try to do my best with it!
[INFO] npm WARN optional SKIPPING OPTIONAL DEPENDENCY: fsevents@~2.3.2 (node_modules\chokidar\node_modules\fsevents):
[INFO] npm WARN notsup SKIPPING OPTIONAL DEPENDENCY: Unsupported platform for fsevents@2.3.2: wanted {"os":"darwin","arch":"any"} (current: {"os":"win32","arch":"x64"})
[INFO] 
[INFO] updated 1 package and audited 202 packages in 1.568s
[INFO] 
[INFO] 92 packages are looking for funding
[INFO]   run `npm fund` for details
[INFO] 
[INFO] found 0 vulnerabilities
[INFO] 
[INFO] 
[INFO] --- maven-resources-plugin:3.3.0:resources (default-resources) @ data-tables-api ---
[INFO] Copying 9 resources
[INFO] 
[INFO] --- maven-resources-plugin:3.3.0:copy-resources (copy-js-resources) @ data-tables-api ---
[INFO] Copying 2 resources
[INFO] Copying 4 resources
[INFO] Copying 18 resources
[INFO] Copying 4 resources
[INFO] Copying 4 resources
[INFO] Copying 4 resources
[INFO] Copying 4 resources
[INFO] Copying 4 resources
[INFO] Copying 4 resources
[INFO] Copying 4 resources
[INFO] Copying 2 resources
[INFO] Copying 4 resources
[INFO] 
[INFO] --- maven-resources-plugin:3.3.0:copy-resources (copy-css-resources) @ data-tables-api ---
[INFO] Copying 2 resources
[INFO] Copying 2 resources
[INFO] Copying 2 resources
[INFO] Copying 2 resources
[INFO] Copying 2 resources
[INFO] 
[INFO] --- flatten-maven-plugin:1.3.0:flatten (flatten) @ data-tables-api ---
[INFO] Generating flattened POM of project io.jenkins.plugins:data-tables-api:hpi:1.12.1-5-SNAPSHOT...
[INFO] 
[INFO] --- maven-compiler-plugin:3.10.1:compile (default-compile) @ data-tables-api ---
[INFO] Changes detected - recompiling the module!
[INFO] Compiling 6 source files to C:\ProgramData\Jenkins\.jenkins\workspace\test YT\target\classes
[INFO] 
[INFO] --- access-modifier-checker:1.30:enforce (default-enforce) @ data-tables-api ---
[INFO] 
[INFO] --- maven-hpi-plugin:3.38:insert-test (default-insert-test) @ data-tables-api ---
[INFO] 
[INFO] --- assertj-assertions-generator-maven-plugin:2.2.0:generate-assertions (default) @ data-tables-api ---
[INFO] 
[INFO] --- gmavenplus-plugin:2.1.0:generateTestStubs (test-in-groovy) @ data-tables-api ---
[INFO] No sources specified for stub generation. Skipping.
[INFO] Generated 0 stubs.
[INFO] 
[INFO] --- maven-antrun-plugin:3.1.0:run (createTempDir) @ data-tables-api ---
[INFO] Executing tasks
[INFO]     [mkdir] Created dir: C:\ProgramData\Jenkins\.jenkins\workspace\test YT\target\tmp
[INFO] Executed tasks
[INFO] 
[INFO] --- maven-resources-plugin:3.3.0:testResources (default-testResources) @ data-tables-api ---
[INFO] skip non existing resourceDirectory C:\ProgramData\Jenkins\.jenkins\workspace\test YT\src\test\resources
[INFO] 
[INFO] --- maven-compiler-plugin:3.10.1:testCompile (default-testCompile) @ data-tables-api ---
[INFO] Changes detected - recompiling the module!
[INFO] Compiling 16 source files to C:\ProgramData\Jenkins\.jenkins\workspace\test YT\target\test-classes
[WARNING] C:\ProgramData\Jenkins\.jenkins\workspace\test YT\target\generated-test-sources\assertj-assertions\io\jenkins\plugins\datatables\assertions\Assertions.java:[117,138] [deprecation] DetailedColumnDefinition in TableModel has been deprecated
[WARNING] C:\ProgramData\Jenkins\.jenkins\workspace\test YT\target\generated-test-sources\assertj-assertions\io\jenkins\plugins\datatables\assertions\Assertions.java:[117,138] [deprecation] DetailedColumnDefinition in TableModel has been deprecated
[WARNING] C:\ProgramData\Jenkins\.jenkins\workspace\test YT\target\generated-test-sources\assertj-assertions\io\jenkins\plugins\datatables\assertions\Assertions.java:[117,138] [deprecation] DetailedColumnDefinition in TableModel has been deprecated
[WARNING] C:\ProgramData\Jenkins\.jenkins\workspace\test YT\target\generated-test-sources\assertj-assertions\io\jenkins\plugins\datatables\TableColumnAssert.java:[117,28] [deprecation] getWidth() in TableColumn has been deprecated
[WARNING] C:\ProgramData\Jenkins\.jenkins\workspace\test YT\target\generated-test-sources\assertj-assertions\io\jenkins\plugins\datatables\TableModelDetailedColumnDefinitionAssert.java:[10,135] [deprecation] DetailedColumnDefinition in TableModel has been deprecated
[WARNING] C:\ProgramData\Jenkins\.jenkins\workspace\test YT\target\generated-test-sources\assertj-assertions\io\jenkins\plugins\datatables\TableModelDetailedColumnDefinitionAssert.java:[10,135] [deprecation] DetailedColumnDefinition in TableModel has been deprecated
[WARNING] C:\ProgramData\Jenkins\.jenkins\workspace\test YT\target\generated-test-sources\assertj-assertions\io\jenkins\plugins\datatables\TableModelDetailedColumnDefinitionAssert.java:[10,135] [deprecation] DetailedColumnDefinition in TableModel has been deprecated
[WARNING] C:\ProgramData\Jenkins\.jenkins\workspace\test YT\target\generated-test-sources\assertj-assertions\io\jenkins\plugins\datatables\TableModelDetailedColumnDefinitionAssert.java:[16,60] [deprecation] DetailedColumnDefinition in TableModel has been deprecated
[WARNING] C:\ProgramData\Jenkins\.jenkins\workspace\test YT\target\generated-test-sources\assertj-assertions\io\jenkins\plugins\datatables\TableModelDetailedColumnDefinitionAssert.java:[16,60] [deprecation] DetailedColumnDefinition in TableModel has been deprecated
[WARNING] C:\ProgramData\Jenkins\.jenkins\workspace\test YT\target\generated-test-sources\assertj-assertions\io\jenkins\plugins\datatables\TableModelDetailedColumnDefinitionAssert.java:[16,60] [deprecation] DetailedColumnDefinition in TableModel has been deprecated
[WARNING] C:\ProgramData\Jenkins\.jenkins\workspace\test YT\target\generated-test-sources\assertj-assertions\io\jenkins\plugins\datatables\TableModelDetailedColumnDefinitionAssert.java:[27,78] [deprecation] DetailedColumnDefinition in TableModel has been deprecated
[WARNING] C:\ProgramData\Jenkins\.jenkins\workspace\test YT\target\generated-test-sources\assertj-assertions\io\jenkins\plugins\datatables\TableModelDetailedColumnDefinitionAssert.java:[27,78] [deprecation] DetailedColumnDefinition in TableModel has been deprecated
[WARNING] C:\ProgramData\Jenkins\.jenkins\workspace\test YT\target\generated-test-sources\assertj-assertions\io\jenkins\plugins\datatables\TableModelDetailedColumnDefinitionAssert.java:[27,78] [deprecation] DetailedColumnDefinition in TableModel has been deprecated
[WARNING] C:\ProgramData\Jenkins\.jenkins\workspace\test YT\target\generated-test-sources\assertj-assertions\io\jenkins\plugins\datatables\assertions\SoftAssertions.java:[116,131] [deprecation] DetailedColumnDefinition in TableModel has been deprecated
[WARNING] C:\ProgramData\Jenkins\.jenkins\workspace\test YT\target\generated-test-sources\assertj-assertions\io\jenkins\plugins\datatables\assertions\SoftAssertions.java:[116,131] [deprecation] DetailedColumnDefinition in TableModel has been deprecated
[WARNING] C:\ProgramData\Jenkins\.jenkins\workspace\test YT\target\generated-test-sources\assertj-assertions\io\jenkins\plugins\datatables\assertions\SoftAssertions.java:[116,131] [deprecation] DetailedColumnDefinition in TableModel has been deprecated
[WARNING] C:\ProgramData\Jenkins\.jenkins\workspace\test YT\target\generated-test-sources\assertj-assertions\io\jenkins\plugins\datatables\assertions\SoftAssertions.java:[117,135] [deprecation] DetailedColumnDefinition in TableModel has been deprecated
[INFO] 
[INFO] --- maven-hpi-plugin:3.38:test-hpl (default-test-hpl) @ data-tables-api ---
[INFO] Generating C:\ProgramData\Jenkins\.jenkins\workspace\test YT\target\test-classes\the.hpl
[INFO] 
[INFO] --- maven-hpi-plugin:3.38:resolve-test-dependencies (default-resolve-test-dependencies) @ data-tables-api ---
[INFO] 
[INFO] --- gmavenplus-plugin:2.1.0:compileTests (test-in-groovy) @ data-tables-api ---
[INFO] No sources specified for compilation. Skipping.
[INFO] 
[INFO] --- maven-hpi-plugin:3.38:test-runtime (default-test-runtime) @ data-tables-api ---
[INFO] Setting jenkins.addOpens to --add-opens java.base/java.lang=ALL-UNNAMED --add-opens java.base/java.io=ALL-UNNAMED --add-opens java.base/java.util=ALL-UNNAMED --add-opens java.desktop/com.sun.beans.introspect=ALL-UNNAMED
[INFO] Setting jenkins.insaneHook to --patch-module=java.base=C:\ProgramData\Jenkins\.jenkins\workspace\test YT\target\patch-modules\org-netbeans-insane-hook.jar --add-exports=java.base/org.netbeans.insane.hook=ALL-UNNAMED
[INFO] 
[INFO] --- jacoco-maven-plugin:0.8.8:prepare-agent (default) @ data-tables-api ---
[INFO] argLine set to "-javaagent:C:\\Users\\Admin\\.m2\\repository\\org\\jacoco\\org.jacoco.agent\\0.8.8\\org.jacoco.agent-0.8.8-runtime.jar=destfile=C:\\ProgramData\\Jenkins\\.jenkins\\workspace\\test YT\\target\\jacoco.exec,includes=io/jenkins/plugins/**/*" -Xms768M -Xmx768M -XX:+HeapDumpOnOutOfMemoryError -XX:+TieredCompilation -XX:TieredStopAtLevel=1 @{jenkins.addOpens} @{jenkins.insaneHook}
[INFO] 
[INFO] --- maven-surefire-plugin:3.0.0-M7:test (default-test) @ data-tables-api ---
[INFO] Using auto detected provider org.apache.maven.surefire.junitplatform.JUnitPlatformProvider
[INFO] 
[INFO] -------------------------------------------------------
[INFO]  T E S T S
[INFO] -------------------------------------------------------
Error: Could not find or load main class YT\target\patch-modules\org-netbeans-insane-hook.jar
Caused by: java.lang.ClassNotFoundException: YT\target\patch-modules\org-netbeans-insane-hook.jar
Error: Could not find or load main class YT\target\patch-modules\org-netbeans-insane-hook.jar
Caused by: java.lang.ClassNotFoundException: YT\target\patch-modules\org-netbeans-insane-hook.jar
Error: Could not find or load main class YT\target\patch-modules\org-netbeans-insane-hook.jar
Caused by: java.lang.ClassNotFoundException: YT\target\patch-modules\org-netbeans-insane-hook.jar
[INFO] 
[INFO] Results:
[INFO] 
[INFO] Tests run: 0, Failures: 0, Errors: 0, Skipped: 0
[INFO] 
[INFO] ------------------------------------------------------------------------
[INFO] BUILD FAILURE
[INFO] ------------------------------------------------------------------------
[INFO] Total time:  27.170 s
[INFO] Finished at: 2023-02-07T07:45:09+05:30
[INFO] ------------------------------------------------------------------------
[ERROR] Failed to execute goal org.apache.maven.plugins:maven-surefire-plugin:3.0.0-M7:test (default-test) on project data-tables-api: 
[ERROR] 
[ERROR] Please refer to C:\ProgramData\Jenkins\.jenkins\workspace\test YT\target\surefire-reports for the individual test results.
[ERROR] Please refer to dump files (if any exist) [date].dump, [date]-jvmRun[N].dump and [date].dumpstream.
[ERROR] ExecutionException The forked VM terminated without properly saying goodbye. VM crash or System.exit called?
[ERROR] Command was cmd.exe /X /C ""C:\Program Files\Java\jdk-17\bin\java" "-javaagent:C:\\Users\\Admin\\.m2\\repository\\org\\jacoco\\org.jacoco.agent\\0.8.8\\org.jacoco.agent-0.8.8-runtime.jar=destfile=C:\\ProgramData\\Jenkins\\.jenkins\\workspace\\test YT\\target\\jacoco.exec,includes=io/jenkins/plugins/**/*" -Xms768M -Xmx768M -XX:+HeapDumpOnOutOfMemoryError -XX:+TieredCompilation -XX:TieredStopAtLevel=1 --add-opens java.base/java.lang=ALL-UNNAMED --add-opens java.base/java.io=ALL-UNNAMED --add-opens java.base/java.util=ALL-UNNAMED --add-opens java.desktop/com.sun.beans.introspect=ALL-UNNAMED --patch-module=java.base=C:\ProgramData\Jenkins\.jenkins\workspace\test YT\target\patch-modules\org-netbeans-insane-hook.jar --add-exports=java.base/org.netbeans.insane.hook=ALL-UNNAMED -jar C:\Users\Admin\AppData\Local\Temp\surefire6758835139015680550\surefirebooter-20230207074508026_3.jar C:\Users\Admin\AppData\Local\Temp\surefire6758835139015680550 2023-02-07T07-45-06_867-jvmRun1 surefire-20230207074508026_1tmp surefire_0-20230207074508026_2tmp"
[ERROR] Error occurred in starting fork, check output in log
[ERROR] Process Exit Code: 1
[ERROR] ExecutionException The forked VM terminated without properly saying goodbye. VM crash or System.exit called?
[ERROR] Command was cmd.exe /X /C ""C:\Program Files\Java\jdk-17\bin\java" "-javaagent:C:\\Users\\Admin\\.m2\\repository\\org\\jacoco\\org.jacoco.agent\\0.8.8\\org.jacoco.agent-0.8.8-runtime.jar=destfile=C:\\ProgramData\\Jenkins\\.jenkins\\workspace\\test YT\\target\\jacoco.exec,includes=io/jenkins/plugins/**/*" -Xms768M -Xmx768M -XX:+HeapDumpOnOutOfMemoryError -XX:+TieredCompilation -XX:TieredStopAtLevel=1 --add-opens java.base/java.lang=ALL-UNNAMED --add-opens java.base/java.io=ALL-UNNAMED --add-opens java.base/java.util=ALL-UNNAMED --add-opens java.desktop/com.sun.beans.introspect=ALL-UNNAMED --patch-module=java.base=C:\ProgramData\Jenkins\.jenkins\workspace\test YT\target\patch-modules\org-netbeans-insane-hook.jar --add-exports=java.base/org.netbeans.insane.hook=ALL-UNNAMED -jar C:\Users\Admin\AppData\Local\Temp\surefire6758835139015680550\surefirebooter-20230207074508026_6.jar C:\Users\Admin\AppData\Local\Temp\surefire6758835139015680550 2023-02-07T07-45-06_867-jvmRun1 surefire-20230207074508026_4tmp surefire_1-20230207074508026_5tmp"
[ERROR] Error occurred in starting fork, check output in log
[ERROR] Process Exit Code: 1
[ERROR] ExecutionException The forked VM terminated without properly saying goodbye. VM crash or System.exit called?
[ERROR] Command was cmd.exe /X /C ""C:\Program Files\Java\jdk-17\bin\java" "-javaagent:C:\\Users\\Admin\\.m2\\repository\\org\\jacoco\\org.jacoco.agent\\0.8.8\\org.jacoco.agent-0.8.8-runtime.jar=destfile=C:\\ProgramData\\Jenkins\\.jenkins\\workspace\\test YT\\target\\jacoco.exec,includes=io/jenkins/plugins/**/*" -Xms768M -Xmx768M -XX:+HeapDumpOnOutOfMemoryError -XX:+TieredCompilation -XX:TieredStopAtLevel=1 --add-opens java.base/java.lang=ALL-UNNAMED --add-opens java.base/java.io=ALL-UNNAMED --add-opens java.base/java.util=ALL-UNNAMED --add-opens java.desktop/com.sun.beans.introspect=ALL-UNNAMED --patch-module=java.base=C:\ProgramData\Jenkins\.jenkins\workspace\test YT\target\patch-modules\org-netbeans-insane-hook.jar --add-exports=java.base/org.netbeans.insane.hook=ALL-UNNAMED -jar C:\Users\Admin\AppData\Local\Temp\surefire6758835139015680550\surefirebooter-20230207074508026_9.jar C:\Users\Admin\AppData\Local\Temp\surefire6758835139015680550 2023-02-07T07-45-06_867-jvmRun1 surefire-20230207074508026_7tmp surefire_2-20230207074508026_8tmp"
[ERROR] Error occurred in starting fork, check output in log
[ERROR] Process Exit Code: 1
[ERROR] org.apache.maven.surefire.booter.SurefireBooterForkException: ExecutionException The forked VM terminated without properly saying goodbye. VM crash or System.exit called?
[ERROR] Command was cmd.exe /X /C ""C:\Program Files\Java\jdk-17\bin\java" "-javaagent:C:\\Users\\Admin\\.m2\\repository\\org\\jacoco\\org.jacoco.agent\\0.8.8\\org.jacoco.agent-0.8.8-runtime.jar=destfile=C:\\ProgramData\\Jenkins\\.jenkins\\workspace\\test YT\\target\\jacoco.exec,includes=io/jenkins/plugins/**/*" -Xms768M -Xmx768M -XX:+HeapDumpOnOutOfMemoryError -XX:+TieredCompilation -XX:TieredStopAtLevel=1 --add-opens java.base/java.lang=ALL-UNNAMED --add-opens java.base/java.io=ALL-UNNAMED --add-opens java.base/java.util=ALL-UNNAMED --add-opens java.desktop/com.sun.beans.introspect=ALL-UNNAMED --patch-module=java.base=C:\ProgramData\Jenkins\.jenkins\workspace\test YT\target\patch-modules\org-netbeans-insane-hook.jar --add-exports=java.base/org.netbeans.insane.hook=ALL-UNNAMED -jar C:\Users\Admin\AppData\Local\Temp\surefire6758835139015680550\surefirebooter-20230207074508026_3.jar C:\Users\Admin\AppData\Local\Temp\surefire6758835139015680550 2023-02-07T07-45-06_867-jvmRun1 surefire-20230207074508026_1tmp surefire_0-20230207074508026_2tmp"
[ERROR] Error occurred in starting fork, check output in log
[ERROR] Process Exit Code: 1
[ERROR] ExecutionException The forked VM terminated without properly saying goodbye. VM crash or System.exit called?
[ERROR] Command was cmd.exe /X /C ""C:\Program Files\Java\jdk-17\bin\java" "-javaagent:C:\\Users\\Admin\\.m2\\repository\\org\\jacoco\\org.jacoco.agent\\0.8.8\\org.jacoco.agent-0.8.8-runtime.jar=destfile=C:\\ProgramData\\Jenkins\\.jenkins\\workspace\\test YT\\target\\jacoco.exec,includes=io/jenkins/plugins/**/*" -Xms768M -Xmx768M -XX:+HeapDumpOnOutOfMemoryError -XX:+TieredCompilation -XX:TieredStopAtLevel=1 --add-opens java.base/java.lang=ALL-UNNAMED --add-opens java.base/java.io=ALL-UNNAMED --add-opens java.base/java.util=ALL-UNNAMED --add-opens java.desktop/com.sun.beans.introspect=ALL-UNNAMED --patch-module=java.base=C:\ProgramData\Jenkins\.jenkins\workspace\test YT\target\patch-modules\org-netbeans-insane-hook.jar --add-exports=java.base/org.netbeans.insane.hook=ALL-UNNAMED -jar C:\Users\Admin\AppData\Local\Temp\surefire6758835139015680550\surefirebooter-20230207074508026_6.jar C:\Users\Admin\AppData\Local\Temp\surefire6758835139015680550 2023-02-07T07-45-06_867-jvmRun1 surefire-20230207074508026_4tmp surefire_1-20230207074508026_5tmp"
[ERROR] Error occurred in starting fork, check output in log
[ERROR] Process Exit Code: 1
[ERROR] ExecutionException The forked VM terminated without properly saying goodbye. VM crash or System.exit called?
[ERROR] Command was cmd.exe /X /C ""C:\Program Files\Java\jdk-17\bin\java" "-javaagent:C:\\Users\\Admin\\.m2\\repository\\org\\jacoco\\org.jacoco.agent\\0.8.8\\org.jacoco.agent-0.8.8-runtime.jar=destfile=C:\\ProgramData\\Jenkins\\.jenkins\\workspace\\test YT\\target\\jacoco.exec,includes=io/jenkins/plugins/**/*" -Xms768M -Xmx768M -XX:+HeapDumpOnOutOfMemoryError -XX:+TieredCompilation -XX:TieredStopAtLevel=1 --add-opens java.base/java.lang=ALL-UNNAMED --add-opens java.base/java.io=ALL-UNNAMED --add-opens java.base/java.util=ALL-UNNAMED --add-opens java.desktop/com.sun.beans.introspect=ALL-UNNAMED --patch-module=java.base=C:\ProgramData\Jenkins\.jenkins\workspace\test YT\target\patch-modules\org-netbeans-insane-hook.jar --add-exports=java.base/org.netbeans.insane.hook=ALL-UNNAMED -jar C:\Users\Admin\AppData\Local\Temp\surefire6758835139015680550\surefirebooter-20230207074508026_9.jar C:\Users\Admin\AppData\Local\Temp\surefire6758835139015680550 2023-02-07T07-45-06_867-jvmRun1 surefire-20230207074508026_7tmp surefire_2-20230207074508026_8tmp"
[ERROR] Error occurred in starting fork, check output in log
[ERROR] Process Exit Code: 1
[ERROR] 	at org.apache.maven.plugin.surefire.booterclient.ForkStarter.awaitResultsDone(ForkStarter.java:513)
[ERROR] 	at org.apache.maven.plugin.surefire.booterclient.ForkStarter.runSuitesForkPerTestSet(ForkStarter.java:460)
[ERROR] 	at org.apache.maven.plugin.surefire.booterclient.ForkStarter.run(ForkStarter.java:327)
[ERROR] 	at org.apache.maven.plugin.surefire.booterclient.ForkStarter.run(ForkStarter.java:269)
[ERROR] 	at org.apache.maven.plugin.surefire.AbstractSurefireMojo.executeProvider(AbstractSurefireMojo.java:1334)
[ERROR] 	at org.apache.maven.plugin.surefire.AbstractSurefireMojo.executeAfterPreconditionsChecked(AbstractSurefireMojo.java:1167)
[ERROR] 	at org.apache.maven.plugin.surefire.AbstractSurefireMojo.execute(AbstractSurefireMojo.java:931)
[ERROR] 	at org.apache.maven.plugin.DefaultBuildPluginManager.executeMojo(DefaultBuildPluginManager.java:137)
[ERROR] 	at org.apache.maven.lifecycle.internal.MojoExecutor.doExecute2(MojoExecutor.java:370)
[ERROR] 	at org.apache.maven.lifecycle.internal.MojoExecutor.doExecute(MojoExecutor.java:351)
[ERROR] 	at org.apache.maven.lifecycle.internal.MojoExecutor.execute(MojoExecutor.java:215)
[ERROR] 	at org.apache.maven.lifecycle.internal.MojoExecutor.execute(MojoExecutor.java:171)
[ERROR] 	at org.apache.maven.lifecycle.internal.MojoExecutor.execute(MojoExecutor.java:163)
[ERROR] 	at org.apache.maven.lifecycle.internal.LifecycleModuleBuilder.buildProject(LifecycleModuleBuilder.java:117)
[ERROR] 	at org.apache.maven.lifecycle.internal.LifecycleModuleBuilder.buildProject(LifecycleModuleBuilder.java:81)
[ERROR] 	at org.apache.maven.lifecycle.internal.builder.singlethreaded.SingleThreadedBuilder.build(SingleThreadedBuilder.java:56)
[ERROR] 	at org.apache.maven.lifecycle.internal.LifecycleStarter.execute(LifecycleStarter.java:128)
[ERROR] 	at org.apache.maven.DefaultMaven.doExecute(DefaultMaven.java:294)
[ERROR] 	at org.apache.maven.DefaultMaven.doExecute(DefaultMaven.java:192)
[ERROR] 	at org.apache.maven.DefaultMaven.execute(DefaultMaven.java:105)
[ERROR] 	at org.apache.maven.cli.MavenCli.execute(MavenCli.java:960)
[ERROR] 	at org.apache.maven.cli.MavenCli.doMain(MavenCli.java:293)
[ERROR] 	at org.apache.maven.cli.MavenCli.main(MavenCli.java:196)
[ERROR] 	at java.base/jdk.internal.reflect.NativeMethodAccessorImpl.invoke0(Native Method)
[ERROR] 	at java.base/jdk.internal.reflect.NativeMethodAccessorImpl.invoke(NativeMethodAccessorImpl.java:77)
[ERROR] 	at java.base/jdk.internal.reflect.DelegatingMethodAccessorImpl.invoke(DelegatingMethodAccessorImpl.java:43)
[ERROR] 	at java.base/java.lang.reflect.Method.invoke(Method.java:568)
[ERROR] 	at org.codehaus.plexus.classworlds.launcher.Launcher.launchEnhanced(Launcher.java:282)
[ERROR] 	at org.codehaus.plexus.classworlds.launcher.Launcher.launch(Launcher.java:225)
[ERROR] 	at org.codehaus.plexus.classworlds.launcher.Launcher.mainWithExitCode(Launcher.java:406)
[ERROR] 	at org.codehaus.plexus.classworlds.launcher.Launcher.main(Launcher.java:347)
[ERROR] Caused by: org.apache.maven.surefire.booter.SurefireBooterForkException: The forked VM terminated without properly saying goodbye. VM crash or System.exit called?
[ERROR] Command was cmd.exe /X /C ""C:\Program Files\Java\jdk-17\bin\java" "-javaagent:C:\\Users\\Admin\\.m2\\repository\\org\\jacoco\\org.jacoco.agent\\0.8.8\\org.jacoco.agent-0.8.8-runtime.jar=destfile=C:\\ProgramData\\Jenkins\\.jenkins\\workspace\\test YT\\target\\jacoco.exec,includes=io/jenkins/plugins/**/*" -Xms768M -Xmx768M -XX:+HeapDumpOnOutOfMemoryError -XX:+TieredCompilation -XX:TieredStopAtLevel=1 --add-opens java.base/java.lang=ALL-UNNAMED --add-opens java.base/java.io=ALL-UNNAMED --add-opens java.base/java.util=ALL-UNNAMED --add-opens java.desktop/com.sun.beans.introspect=ALL-UNNAMED --patch-module=java.base=C:\ProgramData\Jenkins\.jenkins\workspace\test YT\target\patch-modules\org-netbeans-insane-hook.jar --add-exports=java.base/org.netbeans.insane.hook=ALL-UNNAMED -jar C:\Users\Admin\AppData\Local\Temp\surefire6758835139015680550\surefirebooter-20230207074508026_9.jar C:\Users\Admin\AppData\Local\Temp\surefire6758835139015680550 2023-02-07T07-45-06_867-jvmRun1 surefire-20230207074508026_7tmp surefire_2-20230207074508026_8tmp"
[ERROR] Error occurred in starting fork, check output in log
[ERROR] Process Exit Code: 1
[ERROR] 	at org.apache.maven.plugin.surefire.booterclient.ForkStarter.fork(ForkStarter.java:714)
[ERROR] 	at org.apache.maven.plugin.surefire.booterclient.ForkStarter.lambda$runSuitesForkPerTestSet$7(ForkStarter.java:449)
[ERROR] 	at java.base/java.util.concurrent.FutureTask.run(FutureTask.java:264)
[ERROR] 	at java.base/java.util.concurrent.ThreadPoolExecutor.runWorker(ThreadPoolExecutor.java:1136)
[ERROR] 	at java.base/java.util.concurrent.ThreadPoolExecutor$Worker.run(ThreadPoolExecutor.java:635)
[ERROR] 	at java.base/java.lang.Thread.run(Thread.java:833)
[ERROR] 
[ERROR] -> [Help 1]
[ERROR] 
[ERROR] To see the full stack trace of the errors, re-run Maven with the -e switch.
[ERROR] Re-run Maven using the -X switch to enable full debug logging.
[ERROR] 
[ERROR] For more information about the errors and possible solutions, please read the following articles:
[ERROR] [Help 1] http://cwiki.apache.org/confluence/display/MAVEN/MojoExecutionException
Build step 'Execute shell' marked build as failure
Finished: FAILURE
