<?xml version="1.0" encoding="utf-8"?>
<test-results name="Merged results" total="358" errors="0" failures="0" not-run="12" inconclusive="0" skipped="0" invalid="0" date="2012-12-20" time="14:44:29">
  <test-suite type="Test Project" name="" executed="True" result="Success" time="85.75" asserts="0">
    <results>
      <test-suite name="D:\JenkinsHome\workspace\EastPoint-FieldComm-22c9b84ed81a40d9de963d2afa7801e5\build\BuildArtifacts\FieldComm.API.DTO.Tests.Unit.dll" success="True" time="3.327">
        <results>
          <test-suite name="FieldComm.API.DTO.Tests.Unit.InvoiceDTOTest" success="True" time="2.136">
            <results>
              <test-case name="FieldComm.API.DTO.Tests.Unit.InvoiceDTOTest.InvoiceDTOTest_ConvertFromInvoiceToDTO" executed="True" success="True" time="2.136" />
            </results>
          </test-suite>
          <test-suite name="FieldComm.API.DTO.Tests.Unit.OrderDTOTest" success="True" time="1.191">
            <results>
              <test-case name="FieldComm.API.DTO.Tests.Unit.OrderDTOTest.OrderDTOTest_ConvertFromOrderToDTO" executed="True" success="True" time="0.282" />
              <test-case name="FieldComm.API.DTO.Tests.Unit.OrderDTOTest.OrderDTO_Seralizes_AndDeserializes" executed="True" success="True" time="0.909" />
            </results>
          </test-suite>
        </results>
      </test-suite>
      <test-suite name="D:\JenkinsHome\workspace\EastPoint-FieldComm-22c9b84ed81a40d9de963d2afa7801e5\build\BuildArtifacts\FieldComm.API.Legacy.Tests.Integration.dll" success="True" time="17.437">
        <results>
          <test-suite name="FieldComm.API.Server.Tests.Accounting.VendorPaymentDSTest" success="True" time="10.667">
            <results>
              <test-case name="FieldComm.API.Server.Tests.Accounting.VendorPaymentDSTest.VendorPaymentDS_LegacyPopulateSameAsApiPopulate" executed="True" success="True" time="10.667" />
            </results>
          </test-suite>
          <test-suite name="FieldComm.API.Legacy.Tests.Integration.DataCacheServer.DataCacheServerTests" success="True" time="0.116">
            <results>
              <test-case name="FieldComm.API.Legacy.Tests.Integration.DataCacheServer.DataCacheServerTests.LoadItemFromStoredProc_ApiReturnsSameObjectAsStoredProcedure" executed="True" success="True" time="0.116" />
            </results>
          </test-suite>
          <test-suite name="FieldComm.API.Server.Tests.Orders.JobDSTest" success="True" time="3.719">
            <results>
              <test-case name="FieldComm.API.Server.Tests.Orders.JobDSTest.JobDS_ApiReturnsSameAsLegacy" executed="True" success="True" time="3.719" />
            </results>
          </test-suite>
          <test-suite name="FieldComm.API.Server.Tests.Orders.OrderSearchDSTest" success="True" time="2.643">
            <results>
              <test-case name="FieldComm.API.Server.Tests.Orders.OrderSearchDSTest.OrderSearchDS_LegacyPopulateIsSameAsApiPopulate_WithTestData" executed="True" success="True" time="1.896" />
              <test-case name="FieldComm.API.Server.Tests.Orders.OrderSearchDSTest.OrderSearchDS_LegacyPopulateIsSameAsApiPopulate" executed="True" success="True" time="0.747" />
            </results>
          </test-suite>
          <test-suite name="FieldComm.API.Server.Tests.Property.PropertyDSExtensionsSqlTest" success="True" time="0.292">
            <results>
              <test-case name="FieldComm.API.Server.Tests.Property.PropertyDSExtensionsSqlTest.PropertyDSExtensions_ToDS_ReturnsSameAsLegacy" executed="True" success="True" time="0.292" />
            </results>
          </test-suite>
        </results>
      </test-suite>
      <test-suite name="D:\JenkinsHome\workspace\EastPoint-FieldComm-22c9b84ed81a40d9de963d2afa7801e5\build\BuildArtifacts\FieldComm.API.Legacy.Tests.Unit.dll" success="True" time="8.617">
        <results>
          <test-suite name="FieldComm.API.Legacy.Tests.Unit.Accounting.InvoiceExtensionsTest" success="True" time="3.846">
            <results>
              <test-case name="FieldComm.API.Legacy.Tests.Unit.Accounting.InvoiceExtensionsTest.Conversion_ReturnsSameObject" executed="True" success="True" time="3.846" />
            </results>
          </test-suite>
          <test-suite name="FieldComm.API.Legacy.Tests.Unit.Clients.ClientExtensionsTest" success="True" time="0.337">
            <results>
              <test-case name="FieldComm.API.Legacy.Tests.Unit.Clients.ClientExtensionsTest.ClientExtensions_ToDataSet_MapsAllFields" executed="True" success="True" time="0.123" />
              <test-case name="FieldComm.API.Legacy.Tests.Unit.Clients.ClientExtensionsTest.ClientExtensions_ToClientDS_ReturnsSameObject" executed="True" success="True" time="0.044" />
              <test-case name="FieldComm.API.Legacy.Tests.Unit.Clients.ClientExtensionsTest.ClientExtensions_DefaultClientRow_ConvertsCorrectly" executed="True" success="True" time="0.045" />
              <test-case name="FieldComm.API.Legacy.Tests.Unit.Clients.ClientExtensionsTest.ClientExtensions_ToApiObject_MapsAllFields" executed="True" success="True" time="0.038" />
              <test-case name="FieldComm.API.Legacy.Tests.Unit.Clients.ClientExtensionsTest.ClientExtensions_ToDS_MapsCaptionLockedIndFields" executed="True" success="True" time="0.056" />
              <test-case name="FieldComm.API.Legacy.Tests.Unit.Clients.ClientExtensionsTest.ClientExtensions_ToApiObject_HandlesNullPropertiesWhenMinimumDataEntered" executed="True" success="True" time="0.031" />
            </results>
          </test-suite>
          <test-suite name="FieldComm.API.Legacy.Tests.Unit.Company.CompanyExtensionsTest" success="True" time="0.287">
            <results>
              <test-case name="FieldComm.API.Legacy.Tests.Unit.Company.CompanyExtensionsTest.ToAPIObject_HandlesNullByteArray" executed="True" success="True" time="0.070" />
              <test-case name="FieldComm.API.Legacy.Tests.Unit.Company.CompanyExtensionsTest.ToDataSet_HandlesNullImage" executed="True" success="True" time="0.039" />
              <test-case name="FieldComm.API.Legacy.Tests.Unit.Company.CompanyExtensionsTest.ToAPIObject_MapsAllFields" executed="True" success="True" time="0.105" />
              <test-case name="FieldComm.API.Legacy.Tests.Unit.Company.CompanyExtensionsTest.ToDataSet_MapsAllFields" executed="True" success="True" time="0.073" />
            </results>
          </test-suite>
          <test-suite name="FieldComm.API.Legacy.Tests.Unit.Orders.JobDSExtensionsTest" success="True" time="2.194">
            <results>
              <test-case name="FieldComm.API.Legacy.Tests.Unit.Orders.JobDSExtensionsTest.JobDS_MapsWithoutErro_WithMinimalData" executed="True" success="True" time="0.121" />
              <test-case name="FieldComm.API.Legacy.Tests.Unit.Orders.JobDSExtensionsTest.JobDS_OrderMapsToJobDSAndBack" executed="True" success="True" time="1.444" />
              <test-case name="FieldComm.API.Legacy.Tests.Unit.Orders.JobDSExtensionsTest.JobDS_BidLineDataMapsToWol" executed="True" success="True" time="0.109" />
              <test-case name="FieldComm.API.Legacy.Tests.Unit.Orders.JobDSExtensionsTest.JobDS_JobDSMapsToOrderAndBack" executed="True" success="True" time="0.520" />
            </results>
          </test-suite>
          <test-suite name="FieldComm.API.Legacy.Tests.Unit.Orders.OrderExtensionsTest" success="True" time="1.531">
            <results>
              <test-case name="FieldComm.API.Legacy.Tests.Unit.Orders.OrderExtensionsTest.OrderExtensions_OrderSearchDSConversion_ReturnsSameObject" executed="True" success="True" time="1.531" />
            </results>
          </test-suite>
          <test-suite name="FieldComm.API.DTO.Tests.Unit.Property.PropertyDSExtensionsTest" success="True" time="0.276">
            <results>
              <test-case name="FieldComm.API.DTO.Tests.Unit.Property.PropertyDSExtensionsTest.PropertyDS_ToApi_MapsToAPIAndBack" executed="True" success="True" time="0.169" />
              <test-case name="FieldComm.API.DTO.Tests.Unit.Property.PropertyDSExtensionsTest.PropertyDS_ToDS_MapsNullMarketingStep" executed="True" success="True" time="0.037" />
              <test-case name="FieldComm.API.DTO.Tests.Unit.Property.PropertyDSExtensionsTest.PropertyDS_ToApi_DefaultsInvalidUtilityStatus" executed="True" success="True" time="0.035" />
              <test-case name="FieldComm.API.DTO.Tests.Unit.Property.PropertyDSExtensionsTest.PropertyDS_ToApi_MapsWithMinimalData" executed="True" success="True" time="0.035" />
            </results>
          </test-suite>
          <test-suite name="FieldComm.API.Legacy.Tests.Unit.Vendors.VendorExtensionsTest" success="True" time="0.146">
            <results>
              <test-case name="FieldComm.API.Legacy.Tests.Unit.Vendors.VendorExtensionsTest.VendorExtensionsTest_DefaultRow_MapsAllFields" executed="True" success="True" time="0.054" />
              <test-case name="FieldComm.API.Legacy.Tests.Unit.Vendors.VendorExtensionsTest.VendorExtensionsTest_ToApi_MapsFields" executed="True" success="True" time="0.044" />
              <test-case name="FieldComm.API.Legacy.Tests.Unit.Vendors.VendorExtensionsTest.VendorExtensionsTest_ToDS_MapsFields" executed="True" success="True" time="0.048" />
            </results>
          </test-suite>
        </results>
      </test-suite>
      <test-suite name="D:\JenkinsHome\workspace\EastPoint-FieldComm-22c9b84ed81a40d9de963d2afa7801e5\build\BuildArtifacts\FieldComm.API.Server.Tests.Integration.dll" success="True" time="41.193">
        <results>
          <test-suite name="FieldComm.API.Server.Tests.Integration.Accounting.CheckRepositorySqlTest" success="True" time="1.772">
            <results>
              <test-case name="FieldComm.API.Server.Tests.Integration.Accounting.CheckRepositorySqlTest.Insert_CorrectlyReturnsObject" executed="True" success="True" time="1.743" />
              <test-case name="FieldComm.API.Server.Tests.Integration.Accounting.CheckRepositorySqlTest.Delete_CorrectlyRemovesObject" executed="True" success="True" time="0.011" />
              <test-case name="FieldComm.API.Server.Tests.Integration.Accounting.CheckRepositorySqlTest.Update_CorrectlyUpdatesObject" executed="True" success="True" time="0.018" />
            </results>
          </test-suite>
          <test-suite name="FieldComm.API.Server.Tests.Integration.Accounting.InvoiceApiSqlTest" success="True" time="6.657">
            <results>
              <test-case name="FieldComm.API.Server.Tests.Integration.Accounting.InvoiceApiSqlTest.InvoiceApi_Save_CorrectlyUpdatesObjects" executed="True" success="True" time="4.350" />
              <test-case name="FieldComm.API.Server.Tests.Integration.Accounting.InvoiceApiSqlTest.InvoiceApi_Save_CorrectlyInsertsObjects" executed="True" success="True" time="0.539" />
              <test-case name="FieldComm.API.Server.Tests.Integration.Accounting.InvoiceApiSqlTest.InvoiceApi_Balance_CalculatesCorrectly" executed="True" success="True" time="0.022" />
              <test-case name="FieldComm.API.Server.Tests.Integration.Accounting.InvoiceApiSqlTest.InvoiceApi_Save_DeletesObjectsCorrectly" executed="True" success="True" time="1.207" />
              <test-case name="FieldComm.API.Server.Tests.Integration.Accounting.InvoiceApiSqlTest.InvoiceApi_SaveWithNulls_CorrectlyInsertsObjects" executed="True" success="True" time="0.539" />
            </results>
          </test-suite>
          <test-suite name="FieldComm.API.Server.Tests.Integration.Accounting.VendorPaymentsServiceTest" success="True" time="5.486">
            <results>
              <test-case name="FieldComm.API.Server.Tests.Integration.Accounting.VendorPaymentsServiceTest.VendorPaymentService_CanGetVendorPayments" executed="True" success="True" time="5.486" />
            </results>
          </test-suite>
          <test-suite name="FieldComm.API.Server.Tests.Integration.Clients.ClientApiRedisTest" success="True" time="1.437">
            <results>
              <test-case name="FieldComm.API.Server.Tests.Integration.Clients.ClientApiRedisTest.ClientApi_DeleteClient_CorrectlyDeletesClient" executed="True" success="True" time="0.588" />
              <test-case name="FieldComm.API.Server.Tests.Integration.Clients.ClientApiRedisTest.ClientApi_GetClient_CorrectlyReturnsClient" executed="True" success="True" time="0.086" />
              <test-case name="FieldComm.API.Server.Tests.Integration.Clients.ClientApiRedisTest.ClientApi_PersistMany_HandlesInsertAndUpdate" executed="True" success="True" time="0.290" />
              <test-case name="FieldComm.API.Server.Tests.Integration.Clients.ClientApiRedisTest.ClientApi_UpdateClient_CorrectlyUpdatesClient" executed="True" success="True" time="0.085" />
              <test-case name="FieldComm.API.Server.Tests.Integration.Clients.ClientApiRedisTest.ClientApi_InsertClient_CorrectlyAddsClient" executed="True" success="True" time="0.062" />
              <test-case name="FieldComm.API.Server.Tests.Integration.Clients.ClientApiRedisTest.ClientApi_GetAll_ReturnsSameNumber" executed="True" success="True" time="0.326" />
            </results>
          </test-suite>
          <test-suite name="FieldComm.API.Server.Tests.Integration.Clients.ClientApiSqlTest" success="True" time="0.565">
            <results>
              <test-case name="FieldComm.API.Server.Tests.Integration.Clients.ClientApiSqlTest.ClientApi_GetAll_ReturnsSameNumber" executed="True" success="True" time="0.125" />
              <test-case name="FieldComm.API.Server.Tests.Integration.Clients.ClientApiSqlTest.ClientApi_PersistMany_HandlesInsertAndUpdate" executed="True" success="True" time="0.233" />
              <test-case name="FieldComm.API.Server.Tests.Integration.Clients.ClientApiSqlTest.ClientApi_InsertClient_CorrectlyAddsClient" executed="True" success="True" time="0.063" />
              <test-case name="FieldComm.API.Server.Tests.Integration.Clients.ClientApiSqlTest.ClientApi_UpdateClient_CorrectlyUpdatesClient" executed="True" success="True" time="0.043" />
              <test-case name="FieldComm.API.Server.Tests.Integration.Clients.ClientApiSqlTest.ClientApi_GetClient_CorrectlyReturnsClient" executed="True" success="True" time="0.063" />
              <test-case name="FieldComm.API.Server.Tests.Integration.Clients.ClientApiSqlTest.ClientApi_DeleteClient_CorrectlyDeletesClient" executed="True" success="True" time="0.038" />
            </results>
          </test-suite>
          <test-suite name="FieldComm.API.Server.Tests.Integration.Clients.ClientServiceTest" success="True" time="0.843">
            <results>
              <test-case name="FieldComm.API.Server.Tests.Integration.Clients.ClientServiceTest.ClientApi_GetAll_ReturnsSameNumber" executed="True" success="True" time="0.355" />
              <test-case name="FieldComm.API.Server.Tests.Integration.Clients.ClientServiceTest.ClientApi_InsertClient_CorrectlyAddsClient" executed="True" success="True" time="0.046" />
              <test-case name="FieldComm.API.Server.Tests.Integration.Clients.ClientServiceTest.ClientApi_GetClient_CorrectlyReturnsClient" executed="True" success="True" time="0.051" />
              <test-case name="FieldComm.API.Server.Tests.Integration.Clients.ClientServiceTest.ClientApi_UpdateClient_CorrectlyUpdatesClient" executed="True" success="True" time="0.068" />
              <test-case name="FieldComm.API.Server.Tests.Integration.Clients.ClientServiceTest.ClientApi_DeleteClient_CorrectlyDeletesClient" executed="True" success="True" time="0.070" />
              <test-case name="FieldComm.API.Server.Tests.Integration.Clients.ClientServiceTest.ClientApi_PersistMany_HandlesInsertAndUpdate" executed="True" success="True" time="0.253" />
            </results>
          </test-suite>
          <test-suite name="FieldComm.API.Server.Tests.Integration.Company.CompanyClientSQLTest" success="True" time="0.140">
            <results>
              <test-case name="FieldComm.API.Server.Tests.Integration.Company.CompanyClientSQLTest.UpdateCompanyPreference_ReturnsSameObject" executed="True" success="True" time="0.140" />
            </results>
          </test-suite>
          <test-suite name="FieldComm.API.Server.Tests.Integration.Company.CompanyRepositorySQLTest" success="True" time="0.040">
            <results>
              <test-case name="FieldComm.API.Server.Tests.Integration.Company.CompanyRepositorySQLTest.UpdateCompanyPreference_ReturnsSameObject" executed="True" success="True" time="0.040" />
            </results>
          </test-suite>
          <test-suite name="FieldComm.API.Server.Tests.Integration.FilingCabinet.FileCabinetFileRepositorySqlTest" success="True" time="0.191">
            <results>
              <test-case name="FieldComm.API.Server.Tests.Integration.FilingCabinet.FileCabinetFileRepositorySqlTest.Update_UpdatesObjectCorrectly" executed="True" success="True" time="0.125" />
              <test-case name="FieldComm.API.Server.Tests.Integration.FilingCabinet.FileCabinetFileRepositorySqlTest.GetForHashing_ReturnsCorrectObjects" executed="True" success="True" time="0.000" />
              <test-case name="FieldComm.API.Server.Tests.Integration.FilingCabinet.FileCabinetFileRepositorySqlTest.Delete_CorrectlyRemovesObject" executed="True" success="True" time="0.012" />
              <test-case name="FieldComm.API.Server.Tests.Integration.FilingCabinet.FileCabinetFileRepositorySqlTest.InsertGet_CorrectlyInsertsAndReturnsObject" executed="True" success="True" time="0.017" />
              <test-case name="FieldComm.API.Server.Tests.Integration.FilingCabinet.FileCabinetFileRepositorySqlTest.GetByOrder_ReturnsCorrectObject" executed="True" success="True" time="0.037" />
            </results>
          </test-suite>
          <test-suite name="FieldComm.API.Server.Tests.Integration.FileCabinetRepositorySqlTest" success="True" time="0.027">
            <results>
              <test-case name="FieldComm.API.Server.Tests.Integration.FileCabinetRepositorySqlTest.InsertAndGet_ReturnsCorrectObject" executed="True" success="True" time="0.013" />
              <test-case name="FieldComm.API.Server.Tests.Integration.FileCabinetRepositorySqlTest.Update_CorrectlyUpdatesObject" executed="True" success="True" time="0.009" />
              <test-case name="FieldComm.API.Server.Tests.Integration.FileCabinetRepositorySqlTest.Delete_CorrectlyRemovesObject" executed="True" success="True" time="0.005" />
            </results>
          </test-suite>
          <test-suite name="FieldComm.API.Server.Tests.Integration.FilingCabinet.FormApiSqlTest" success="True" time="9.929">
            <results>
              <test-case name="FieldComm.API.Server.Tests.Integration.FilingCabinet.FormApiSqlTest.FormApiTestBase_InsertForm_ReturnsSameObject" executed="True" success="True" time="9.264" />
              <test-case name="FieldComm.API.Server.Tests.Integration.FilingCabinet.FormApiSqlTest.FormApiTestBase_MigrateFormTemplate_MovesAllFormsToNewFormId" executed="True" success="True" time="0.302" />
              <test-case name="FieldComm.API.Server.Tests.Integration.FilingCabinet.FormApiSqlTest.FormApiTestBase_Persist_AddsMultipleFormsForInputOrderNumbers" executed="True" success="True" time="0.363" />
            </results>
          </test-suite>
          <test-suite name="FieldComm.API.Server.Tests.Integration.FilingCabinet.FormRepositorySqlTest" success="True" time="0.196">
            <results>
              <test-case name="FieldComm.API.Server.Tests.Integration.FilingCabinet.FormRepositorySqlTest.FormRepositoryTestBase_MigrateFormTemplate_MovesAllFormsToNewFormId" executed="True" success="True" time="0.159" />
              <test-case name="FieldComm.API.Server.Tests.Integration.FilingCabinet.FormRepositorySqlTest.FormRepositoryTestBase_InsertForm_ReturnsSameObject" executed="True" success="True" time="0.037" />
            </results>
          </test-suite>
          <test-suite name="FieldComm.API.Server.Tests.Integration.FilingCabinet.FormTemlateServiceTest" success="True" time="0.513">
            <results>
              <test-case name="FieldComm.API.Server.Tests.Integration.FilingCabinet.FormTemlateServiceTest.FormTemplateServiceTest_SyncFormsWithHub_CallsService" executed="True" success="True" time="0.513" />
            </results>
          </test-suite>
          <test-suite name="FieldComm.API.Server.Tests.Integration.FormTemplateApiSqlTest" success="True" time="0.482">
            <results>
              <test-case name="FieldComm.API.Server.Tests.Integration.FormTemplateApiSqlTest.FormTemplateApiTestBase_GetFormsByClientIds_ReturnsCorrectForms" executed="True" success="True" time="0.048" />
              <test-case name="FieldComm.API.Server.Tests.Integration.FormTemplateApiSqlTest.FormTemplateApiTestBase_SyncFormsWithHub_MigratesDuplicateFormTemplateFormsToSingleRemaining" executed="True" success="True" time="0.180" />
              <test-case name="FieldComm.API.Server.Tests.Integration.FormTemplateApiSqlTest.FormTemplateApiTestBase_InsertFormTemplate_HandlesFormsWithSameTemplateGuid" executed="True" success="True" time="0.021" />
              <test-case name="FieldComm.API.Server.Tests.Integration.FormTemplateApiSqlTest.FormTemplateApiTestBase_DeleteFormTemplate_DeletesFormTemplate" executed="True" success="True" time="0.017" />
              <test-case name="FieldComm.API.Server.Tests.Integration.FormTemplateApiSqlTest.FormTemplateApiTestBase_SyncFormsWithHub_UpdatesExistingForms" executed="True" success="True" time="0.025" />
              <test-case name="FieldComm.API.Server.Tests.Integration.FormTemplateApiSqlTest.FormTemplateApiTestBase_CreateFormTemplate_ReturnsSameObject" executed="True" success="True" time="0.027" />
              <test-case name="FieldComm.API.Server.Tests.Integration.FormTemplateApiSqlTest.FormTemplateApiTestBase_UpdateFormTemplate_HandlesFormsWithSameTemplateGuid" executed="True" success="True" time="0.047" />
              <test-case name="FieldComm.API.Server.Tests.Integration.FormTemplateApiSqlTest.FormTemplateApiTestBase_GetFormsForSyncing_ReturnsAllObjects" executed="True" success="True" time="0.020" />
              <test-case name="FieldComm.API.Server.Tests.Integration.FormTemplateApiSqlTest.FormTemplateApiTestBase_SyncFormsWithHub_InsertsNewForms" executed="True" success="True" time="0.016" />
              <test-case name="FieldComm.API.Server.Tests.Integration.FormTemplateApiSqlTest.FormTemplateApiTestBase_GetMaxUpdatedDate_ReturnsMostRecentUpdatedDate" executed="True" success="True" time="0.028" />
              <test-case name="FieldComm.API.Server.Tests.Integration.FormTemplateApiSqlTest.FormTemplateApiTestBase_GetFormByFormId_ReturnsCorrectForm" executed="True" success="True" time="0.031" />
              <test-case name="FieldComm.API.Server.Tests.Integration.FormTemplateApiSqlTest.FormTemplateApiTestBase_SyncFormsWithHub_RemovesDuplicateFormsAndUpdatesSingleRemaining" executed="True" success="True" time="0.022" />
            </results>
          </test-suite>
          <test-suite name="FieldComm.API.Server.Tests.Integration.FormTemplateRepositorySqlTest" success="True" time="0.056">
            <results>
              <test-case name="FieldComm.API.Server.Tests.Integration.FormTemplateRepositorySqlTest.DeleteFormTemplate_DeletesFormTemplate" executed="True" success="True" time="0.006" />
              <test-case name="FieldComm.API.Server.Tests.Integration.FormTemplateRepositorySqlTest.GetFormsForSyncing_ReturnsAllObjects" executed="True" success="True" time="0.008" />
              <test-case name="FieldComm.API.Server.Tests.Integration.FormTemplateRepositorySqlTest.GetFormByFormId_ReturnsSameObject" executed="True" success="True" time="0.012" />
              <test-case name="FieldComm.API.Server.Tests.Integration.FormTemplateRepositorySqlTest.UpdateFormTemplate_UpdatesFormTemplate" executed="True" success="True" time="0.020" />
              <test-case name="FieldComm.API.Server.Tests.Integration.FormTemplateRepositorySqlTest.CreateFormTemplate_ReturnsSameObject" executed="True" success="True" time="0.006" />
              <test-case name="FieldComm.API.Server.Tests.Integration.FormTemplateRepositorySqlTest.GetMaxUpdatedDate_ReturnsMostRecentUpdatedDate" executed="True" success="True" time="0.004" />
            </results>
          </test-suite>
          <test-suite name="FieldComm.API.Server.Tests.Integration.Locking.LockApiRedisTest" success="True" time="0.376">
            <results>
              <test-case name="FieldComm.API.Server.Tests.Integration.Locking.LockApiRedisTest.LockApi_CannotUnlockEntityLockedByOtherUser" executed="True" success="True" time="0.074" />
              <test-case name="FieldComm.API.Server.Tests.Integration.Locking.LockApiRedisTest.LockApi_MultipleUnlocks_FailWithWrongUser" executed="True" success="True" time="0.037" />
              <test-case name="FieldComm.API.Server.Tests.Integration.Locking.LockApiRedisTest.LockApi_Unlock_NonExistingLock_DoesNotThrowError" executed="True" success="True" time="0.026" />
              <test-case name="FieldComm.API.Server.Tests.Integration.Locking.LockApiRedisTest.LockApi_AfterLocking_EntityIsLocked" executed="True" success="True" time="0.036" />
              <test-case name="FieldComm.API.Server.Tests.Integration.Locking.LockApiRedisTest.LockApi_CannotLockEntityLockedByOtherUser" executed="True" success="True" time="0.024" />
              <test-case name="FieldComm.API.Server.Tests.Integration.Locking.LockApiRedisTest.LockApi_ForceUnlock_WorksWithDifferentUser" executed="True" success="True" time="0.048" />
              <test-case name="FieldComm.API.Server.Tests.Integration.Locking.LockApiRedisTest.LockApi_UnlockMultiple_UnlocksMultipleLocks" executed="True" success="True" time="0.034" />
              <test-case name="FieldComm.API.Server.Tests.Integration.Locking.LockApiRedisTest.LockApi_EntityIsUnlocked_AfterForceUnlock" executed="True" success="True" time="0.025" />
              <test-case name="FieldComm.API.Server.Tests.Integration.Locking.LockApiRedisTest.LockApi_AfterUnlocking_EntityIsUnlocked" executed="True" success="True" time="0.026" />
              <test-case name="FieldComm.API.Server.Tests.Integration.Locking.LockApiRedisTest.LockApi_GetAllLocks_ReturnsAllLocks" executed="True" success="True" time="0.046" />
            </results>
          </test-suite>
          <test-suite name="FieldComm.API.Server.Tests.Integration.Locking.LockApiSqlTest" success="True" time="0.147">
            <results>
              <test-case name="FieldComm.API.Server.Tests.Integration.Locking.LockApiSqlTest.LockApi_GetAllLocks_ReturnsAllLocks" executed="True" success="True" time="0.024" />
              <test-case name="FieldComm.API.Server.Tests.Integration.Locking.LockApiSqlTest.LockApi_AfterUnlocking_EntityIsUnlocked" executed="True" success="True" time="0.012" />
              <test-case name="FieldComm.API.Server.Tests.Integration.Locking.LockApiSqlTest.LockApi_CannotLockEntityLockedByOtherUser" executed="True" success="True" time="0.013" />
              <test-case name="FieldComm.API.Server.Tests.Integration.Locking.LockApiSqlTest.LockApi_Unlock_NonExistingLock_DoesNotThrowError" executed="True" success="True" time="0.009" />
              <test-case name="FieldComm.API.Server.Tests.Integration.Locking.LockApiSqlTest.LockApi_AfterLocking_EntityIsLocked" executed="True" success="True" time="0.011" />
              <test-case name="FieldComm.API.Server.Tests.Integration.Locking.LockApiSqlTest.LockApi_CannotUnlockEntityLockedByOtherUser" executed="True" success="True" time="0.012" />
              <test-case name="FieldComm.API.Server.Tests.Integration.Locking.LockApiSqlTest.LockApi_ForceUnlock_WorksWithDifferentUser" executed="True" success="True" time="0.017" />
              <test-case name="FieldComm.API.Server.Tests.Integration.Locking.LockApiSqlTest.LockApi_UnlockMultiple_UnlocksMultipleLocks" executed="True" success="True" time="0.014" />
              <test-case name="FieldComm.API.Server.Tests.Integration.Locking.LockApiSqlTest.LockApi_MultipleUnlocks_FailWithWrongUser" executed="True" success="True" time="0.014" />
              <test-case name="FieldComm.API.Server.Tests.Integration.Locking.LockApiSqlTest.LockApi_EntityIsUnlocked_AfterForceUnlock" executed="True" success="True" time="0.021" />
            </results>
          </test-suite>
          <test-suite name="FieldComm.API.Server.Tests.Integration.Locking.LockingServiceTest" success="True" time="0.325">
            <results>
              <test-case name="FieldComm.API.Server.Tests.Integration.Locking.LockingServiceTest.LockApi_MultipleUnlocks_FailWithWrongUser" executed="True" success="True" time="0.091" />
              <test-case name="FieldComm.API.Server.Tests.Integration.Locking.LockingServiceTest.LockApi_EntityIsUnlocked_AfterForceUnlock" executed="True" success="True" time="0.024" />
              <test-case name="FieldComm.API.Server.Tests.Integration.Locking.LockingServiceTest.LockApi_AfterUnlocking_EntityIsUnlocked" executed="True" success="True" time="0.015" />
              <test-case name="FieldComm.API.Server.Tests.Integration.Locking.LockingServiceTest.LockApi_CannotUnlockEntityLockedByOtherUser" executed="True" success="True" time="0.015" />
              <test-case name="FieldComm.API.Server.Tests.Integration.Locking.LockingServiceTest.LockApi_GetAllLocks_ReturnsAllLocks" executed="True" success="True" time="0.065" />
              <test-case name="FieldComm.API.Server.Tests.Integration.Locking.LockingServiceTest.LockApi_ForceUnlock_WorksWithDifferentUser" executed="True" success="True" time="0.026" />
              <test-case name="FieldComm.API.Server.Tests.Integration.Locking.LockingServiceTest.LockApi_UnlockMultiple_UnlocksMultipleLocks" executed="True" success="True" time="0.042" />
              <test-case name="FieldComm.API.Server.Tests.Integration.Locking.LockingServiceTest.LockApi_Unlock_NonExistingLock_DoesNotThrowError" executed="True" success="True" time="0.012" />
              <test-case name="FieldComm.API.Server.Tests.Integration.Locking.LockingServiceTest.LockApi_CannotLockEntityLockedByOtherUser" executed="True" success="True" time="0.015" />
              <test-case name="FieldComm.API.Server.Tests.Integration.Locking.LockingServiceTest.LockApi_AfterLocking_EntityIsLocked" executed="True" success="True" time="0.020" />
            </results>
          </test-suite>
          <test-suite name="FieldComm.API.Server.Tests.Integration.Materials.MaterialApiSQLTest" success="True" time="0.058">
            <results>
              <test-case name="FieldComm.API.Server.Tests.Integration.Materials.MaterialApiSQLTest.DeleteMaterial_CorrectlyDeletesMaterial" executed="True" success="True" time="0.039" />
              <test-case name="FieldComm.API.Server.Tests.Integration.Materials.MaterialApiSQLTest.UpdateMaterial_CorrectlyUpdatesMaterial" executed="True" success="True" time="0.015" />
              <test-case name="FieldComm.API.Server.Tests.Integration.Materials.MaterialApiSQLTest.InsertMaterial_CorrectlyAddsMaterial" executed="True" success="True" time="0.004" />
            </results>
          </test-suite>
          <test-suite name="FieldComm.API.Server.Tests.Integration.Orders.OrderApiRedisTest" success="True" time="3.200">
            <results>
              <test-case name="FieldComm.API.Server.Tests.Integration.Orders.OrderApiRedisTest.OrderApi_WhenOrderCached_ReturnsCachedOrder" executed="True" success="True" time="0.316" />
              <test-case name="FieldComm.API.Server.Tests.Integration.Orders.OrderApiRedisTest.OrderApi_Reassign_WhenOrdersLocked_DoesNotReassign" executed="True" success="True" time="0.341" />
              <test-case name="FieldComm.API.Server.Tests.Integration.Orders.OrderApiRedisTest.OrderApi_ConstructorThrowsNullOnNullOrderRepository" executed="True" success="True" time="0.053" />
              <test-case name="FieldComm.API.Server.Tests.Integration.Orders.OrderApiRedisTest.OrderApi_Reassign_Creates_OrderCancellation" executed="False" />
              <test-case name="FieldComm.API.Server.Tests.Integration.Orders.OrderApiRedisTest.OrderApi_GetMany_ReturnsExpectedOrders" executed="True" success="True" time="0.727" />
              <test-case name="FieldComm.API.Server.Tests.Integration.Orders.OrderApiRedisTest.OrderApi_Update_OnUpdateReturnsAndMapsAllOrderFields" executed="True" success="True" time="0.208" />
              <test-case name="FieldComm.API.Server.Tests.Integration.Orders.OrderApiRedisTest.Redis_TypedClientsStoreTypesSeparately" executed="True" success="True" time="0.058" />
              <test-case name="FieldComm.API.Server.Tests.Integration.Orders.OrderApiRedisTest.OrderApi_Insert_MapsOrderAndAssignsID" executed="True" success="True" time="0.191" />
              <test-case name="FieldComm.API.Server.Tests.Integration.Orders.OrderApiRedisTest.OrderApi_GetIdentifier_ReturnsExpectedValueForExistingOrder" executed="True" success="True" time="0.111" />
              <test-case name="FieldComm.API.Server.Tests.Integration.Orders.OrderApiRedisTest.OrderApi_Insert_MapsOrderContacts" executed="True" success="True" time="0.194" />
              <test-case name="FieldComm.API.Server.Tests.Integration.Orders.OrderApiRedisTest.OrderApi_Order_CanInsertClientWol" executed="True" success="True" time="0.211" />
              <test-case name="FieldComm.API.Server.Tests.Integration.Orders.OrderApiRedisTest.OrderApi_Insert_MapsOrderClients" executed="True" success="True" time="0.203" />
              <test-case name="FieldComm.API.Server.Tests.Integration.Orders.OrderApiRedisTest.OrderApi_Reassign_ReassignsOrderAndAllWols" executed="True" success="True" time="0.122" />
              <test-case name="FieldComm.API.Server.Tests.Integration.Orders.OrderApiRedisTest.OrderApi_Get_ReturnsSameOrderWhenCalledTwice" executed="True" success="True" time="0.203" />
              <test-case name="FieldComm.API.Server.Tests.Integration.Orders.OrderApiRedisTest.OrderApi_ConstructorThrowsNullOnNullLockApi" executed="True" success="True" time="0.026" />
              <test-case name="FieldComm.API.Server.Tests.Integration.Orders.OrderApiRedisTest.OrderApi_Reassign_CreatesAudit" executed="False" />
              <test-case name="FieldComm.API.Server.Tests.Integration.Orders.OrderApiRedisTest.Order_Clone_CanCloneAndInsert" executed="True" success="True" time="0.211" />
              <test-case name="FieldComm.API.Server.Tests.Integration.Orders.OrderApiRedisTest.OrderApi_ConstructorThrowsNullOnNullPropertyApi" executed="True" success="True" time="0.025" />
            </results>
          </test-suite>
          <test-suite name="FieldComm.API.Server.Tests.Orders.OrderApiSqlTest" success="True" time="3.748">
            <results>
              <test-case name="FieldComm.API.Server.Tests.Orders.OrderApiSqlTest.OrderApi_ConstructorThrowsNullOnNullOrderRepository" executed="True" success="True" time="0.010" />
              <test-case name="FieldComm.API.Server.Tests.Orders.OrderApiSqlTest.Order_Clone_CanCloneAndInsert" executed="True" success="True" time="0.573" />
              <test-case name="FieldComm.API.Server.Tests.Orders.OrderApiSqlTest.OrderApi_Insert_MapsUserDefinedColumnValues" executed="True" success="True" time="0.495" />
              <test-case name="FieldComm.API.Server.Tests.Orders.OrderApiSqlTest.OrderApi_Reassign_ReassignsOrderAndAllWols" executed="True" success="True" time="0.163" />
              <test-case name="FieldComm.API.Server.Tests.Orders.OrderApiSqlTest.OrderApi_Insert_MapsOrderContacts" executed="True" success="True" time="0.221" />
              <test-case name="FieldComm.API.Server.Tests.Orders.OrderApiSqlTest.OrderApi_GetMany_ReturnsExpectedOrders" executed="True" success="True" time="0.744" />
              <test-case name="FieldComm.API.Server.Tests.Orders.OrderApiSqlTest.OrderApi_Insert_MapsOrderAndAssignsID" executed="True" success="True" time="0.219" />
              <test-case name="FieldComm.API.Server.Tests.Orders.OrderApiSqlTest.OrderApi_Update_OnUpdateReturnsAndMapsAllOrderFields" executed="True" success="True" time="0.229" />
              <test-case name="FieldComm.API.Server.Tests.Orders.OrderApiSqlTest.OrderApi_ConstructorThrowsNullOnNullLockApi" executed="True" success="True" time="0.016" />
              <test-case name="FieldComm.API.Server.Tests.Orders.OrderApiSqlTest.OrderApi_Get_ReturnsUdcValues_WhenAtLeastOneUdcPresent" executed="True" success="True" time="0.108" />
              <test-case name="FieldComm.API.Server.Tests.Orders.OrderApiSqlTest.OrderApi_Reassign_CreatesAudit" executed="False" />
              <test-case name="FieldComm.API.Server.Tests.Orders.OrderApiSqlTest.OrderApi_GetIdentifier_ReturnsExpectedValueForExistingOrder" executed="True" success="True" time="0.121" />
              <test-case name="FieldComm.API.Server.Tests.Orders.OrderApiSqlTest.OrderApi_Reassign_Creates_OrderCancellation" executed="False" />
              <test-case name="FieldComm.API.Server.Tests.Orders.OrderApiSqlTest.OrderApi_Order_CanInsertClientWol" executed="True" success="True" time="0.220" />
              <test-case name="FieldComm.API.Server.Tests.Orders.OrderApiSqlTest.OrderApi_ConstructorThrowsNullOnNullPropertyApi" executed="True" success="True" time="0.013" />
              <test-case name="FieldComm.API.Server.Tests.Orders.OrderApiSqlTest.OrderApi_Get_ReturnsSameOrderWhenCalledTwice" executed="True" success="True" time="0.202" />
              <test-case name="FieldComm.API.Server.Tests.Orders.OrderApiSqlTest.OrderApi_Reassign_WhenOrdersLocked_DoesNotReassign" executed="True" success="True" time="0.195" />
              <test-case name="FieldComm.API.Server.Tests.Orders.OrderApiSqlTest.OrderApi_Insert_MapsOrderClients" executed="True" success="True" time="0.219" />
            </results>
          </test-suite>
          <test-suite name="FieldComm.API.Server.Tests.Integration.Orders.OrderContextRepositorySQLTest" success="True" time="0.037">
            <results>
              <test-case name="FieldComm.API.Server.Tests.Integration.Orders.OrderContextRepositorySQLTest.OrderContextRepo_ReturnsExistingContextWhenInsertingExistingValues" executed="True" success="True" time="0.037" />
            </results>
          </test-suite>
          <test-suite name="FieldComm.API.Server.Tests.Integration.Orders.OrderRepositorySQLTest" success="True" time="0.075">
            <results>
              <test-case name="FieldComm.API.Server.Tests.Integration.Orders.OrderRepositorySQLTest.OrderRepo_Query_SupportsOpenOrders" executed="False" />
              <test-case name="FieldComm.API.Server.Tests.Integration.Orders.OrderRepositorySQLTest.OrderRepo_Query_SupportsNewOrders" executed="False" />
              <test-case name="FieldComm.API.Server.Tests.Integration.Orders.OrderRepositorySQLTest.OrderRepo_UpdateOrder_ReturnsIDOnInsert" executed="True" success="True" time="0.075" />
            </results>
          </test-suite>
          <test-suite name="FieldComm.API.Server.Tests.Integration.Orders.OrdersServiceTest" success="True" time="3.341">
            <results>
              <test-case name="FieldComm.API.Server.Tests.Integration.Orders.OrdersServiceTest.OrderApi_GetIdentifier_ReturnsExpectedValueForExistingOrder" executed="True" success="True" time="0.247" />
              <test-case name="FieldComm.API.Server.Tests.Integration.Orders.OrdersServiceTest.OrderApi_ConstructorThrowsNullOnNullPropertyApi" executed="True" success="True" time="0.009" />
              <test-case name="FieldComm.API.Server.Tests.Integration.Orders.OrdersServiceTest.OrderApi_ConstructorThrowsNullOnNullOrderRepository" executed="True" success="True" time="0.012" />
              <test-case name="FieldComm.API.Server.Tests.Integration.Orders.OrdersServiceTest.Order_Clone_CanCloneAndInsert" executed="True" success="True" time="0.326" />
              <test-case name="FieldComm.API.Server.Tests.Integration.Orders.OrdersServiceTest.OrderApi_Reassign_CreatesAudit" executed="False" />
              <test-case name="FieldComm.API.Server.Tests.Integration.Orders.OrdersServiceTest.OrderApi_Get_ReturnsSameOrderWhenCalledTwice" executed="True" success="True" time="0.275" />
              <test-case name="FieldComm.API.Server.Tests.Integration.Orders.OrdersServiceTest.OrderApi_Reassign_WhenOrdersLocked_DoesNotReassign" executed="True" success="True" time="0.235" />
              <test-case name="FieldComm.API.Server.Tests.Integration.Orders.OrdersServiceTest.OrderApi_Insert_MapsOrderContacts" executed="True" success="True" time="0.226" />
              <test-case name="FieldComm.API.Server.Tests.Integration.Orders.OrdersServiceTest.OrderApi_Order_CanInsertClientWol" executed="True" success="True" time="0.233" />
              <test-case name="FieldComm.API.Server.Tests.Integration.Orders.OrdersServiceTest.OrderApi_Reassign_Creates_OrderCancellation" executed="False" />
              <test-case name="FieldComm.API.Server.Tests.Integration.Orders.OrdersServiceTest.OrderApi_GetMany_ReturnsExpectedOrders" executed="True" success="True" time="0.623" />
              <test-case name="FieldComm.API.Server.Tests.Integration.Orders.OrdersServiceTest.OrderApi_Reassign_ReassignsOrderAndAllWols" executed="True" success="True" time="0.273" />
              <test-case name="FieldComm.API.Server.Tests.Integration.Orders.OrdersServiceTest.OrderApi_Insert_MapsOrderClients" executed="True" success="True" time="0.240" />
              <test-case name="FieldComm.API.Server.Tests.Integration.Orders.OrdersServiceTest.OrderApi_Update_OnUpdateReturnsAndMapsAllOrderFields" executed="True" success="True" time="0.324" />
              <test-case name="FieldComm.API.Server.Tests.Integration.Orders.OrdersServiceTest.OrderApi_ConstructorThrowsNullOnNullLockApi" executed="True" success="True" time="0.014" />
              <test-case name="FieldComm.API.Server.Tests.Integration.Orders.OrdersServiceTest.OrderApi_Insert_MapsOrderAndAssignsID" executed="True" success="True" time="0.304" />
            </results>
          </test-suite>
          <test-suite name="FieldComm.API.Server.Tests.Integration.Property.PropertyApiSqlTest" success="True" time="0.128">
            <results>
              <test-case name="FieldComm.API.Server.Tests.Integration.Property.PropertyApiSqlTest.PropertyApi_Delete_DeletesObject" executed="True" success="True" time="0.034" />
              <test-case name="FieldComm.API.Server.Tests.Integration.Property.PropertyApiSqlTest.PropertyApi_Insert_ReturnsSameObject" executed="True" success="True" time="0.043" />
              <test-case name="FieldComm.API.Server.Tests.Integration.Property.PropertyApiSqlTest.PropertyApi_Update_UpdatesObject" executed="True" success="True" time="0.051" />
            </results>
          </test-suite>
          <test-suite name="FieldComm.API.Server.Tests.Integration.Property.PropertyRedisTest" success="True" time="0.171">
            <results>
              <test-case name="FieldComm.API.Server.Tests.Integration.Property.PropertyRedisTest.PropertyApi_Insert_ReturnsSameObject" executed="True" success="True" time="0.054" />
              <test-case name="FieldComm.API.Server.Tests.Integration.Property.PropertyRedisTest.PropertyApi_Delete_DeletesObject" executed="True" success="True" time="0.053" />
              <test-case name="FieldComm.API.Server.Tests.Integration.Property.PropertyRedisTest.PropertyApi_Update_UpdatesObject" executed="True" success="True" time="0.064" />
            </results>
          </test-suite>
          <test-suite name="FieldComm.API.Server.Tests.Integration.Service.ServiceClientREDISTest" success="True" time="0.074">
            <results>
              <test-case name="FieldComm.API.Server.Tests.Integration.Service.ServiceClientREDISTest.ServiceApi_ReturnsSameServiceMultipleTimes" executed="True" success="True" time="0.074" />
            </results>
          </test-suite>
          <test-suite name="FieldComm.API.Server.Tests.Integration.UserColumn.UserColumnApiSqlTest" success="True" time="0.076">
            <results>
              <test-case name="FieldComm.API.Server.Tests.Integration.UserColumn.UserColumnApiSqlTest.UserColumnApi_Persist_AssignsIDForNewCols" executed="True" success="True" time="0.014" />
              <test-case name="FieldComm.API.Server.Tests.Integration.UserColumn.UserColumnApiSqlTest.UserColumnApi_Delete_DeletesColumn" executed="True" success="True" time="0.018" />
              <test-case name="FieldComm.API.Server.Tests.Integration.UserColumn.UserColumnApiSqlTest.UserColumnApi_Persist_GetReturnsSameValue" executed="True" success="True" time="0.016" />
              <test-case name="FieldComm.API.Server.Tests.Integration.UserColumn.UserColumnApiSqlTest.UserColumnMapper_ReturnsSameObject" executed="True" success="True" time="0.011" />
              <test-case name="FieldComm.API.Server.Tests.Integration.UserColumn.UserColumnApiSqlTest.UserColumnApi_GetAll_ReturnsCorrectCount" executed="True" success="True" time="0.017" />
            </results>
          </test-suite>
          <test-suite name="FieldComm.API.Server.Tests.Integration.Users.UserApiRedisTest" success="True" time="0.435">
            <results>
              <test-case name="FieldComm.API.Server.Tests.Integration.Users.UserApiRedisTest.UserApiTestBase_Authenticate_ReturnsTrueOnValidPassword" executed="True" success="True" time="0.061" />
              <test-case name="FieldComm.API.Server.Tests.Integration.Users.UserApiRedisTest.UserApiTestBase_Insert_CorrectlyInsertsUser" executed="True" success="True" time="0.030" />
              <test-case name="FieldComm.API.Server.Tests.Integration.Users.UserApiRedisTest.UserApiTestBase_Deactivate_CorrectlyDeactivatesUser" executed="True" success="True" time="0.070" />
              <test-case name="FieldComm.API.Server.Tests.Integration.Users.UserApiRedisTest.UserApiTestBase_Authenticate_ReturnsFalseOnInvalidPassword" executed="True" success="True" time="0.043" />
              <test-case name="FieldComm.API.Server.Tests.Integration.Users.UserApiRedisTest.UserApiTestBase_Update_UpdatesUser" executed="True" success="True" time="0.050" />
              <test-case name="FieldComm.API.Server.Tests.Integration.Users.UserApiRedisTest.UserApiTestBase_Authenticate_ReturnsFalseOnNonExistentUser" executed="True" success="True" time="0.032" />
              <test-case name="FieldComm.API.Server.Tests.Integration.Users.UserApiRedisTest.UserApiTestBase_Authenticate_CorrectlyReturnsFalseOnEmptyInput" executed="True" success="True" time="0.009" />
              <test-case name="FieldComm.API.Server.Tests.Integration.Users.UserApiRedisTest.UserApiTestBase_Authenticate_ReturnsFalseOnDeactivatedUser" executed="True" success="True" time="0.069" />
              <test-case name="FieldComm.API.Server.Tests.Integration.Users.UserApiRedisTest.UserApiTestBase_GetByUserName_CorrectlyReturnsUser" executed="True" success="True" time="0.043" />
              <test-case name="FieldComm.API.Server.Tests.Integration.Users.UserApiRedisTest.UserApiTestBase_GetByUserName_CorrectlyReturnsNullOnNonExistentUser" executed="True" success="True" time="0.028" />
            </results>
          </test-suite>
          <test-suite name="FieldComm.API.Server.Tests.Integration.Users.UserApiSqlTest" success="True" time="0.129">
            <results>
              <test-case name="FieldComm.API.Server.Tests.Integration.Users.UserApiSqlTest.UserApiTestBase_Authenticate_ReturnsFalseOnInvalidPassword" executed="True" success="True" time="0.019" />
              <test-case name="FieldComm.API.Server.Tests.Integration.Users.UserApiSqlTest.UserApiTestBase_Deactivate_CorrectlyDeactivatesUser" executed="True" success="True" time="0.013" />
              <test-case name="FieldComm.API.Server.Tests.Integration.Users.UserApiSqlTest.UserApiTestBase_Update_UpdatesUser" executed="True" success="True" time="0.020" />
              <test-case name="FieldComm.API.Server.Tests.Integration.Users.UserApiSqlTest.UserApiTestBase_Authenticate_CorrectlyReturnsFalseOnEmptyInput" executed="True" success="True" time="0.009" />
              <test-case name="FieldComm.API.Server.Tests.Integration.Users.UserApiSqlTest.UserApiTestBase_GetByUserName_CorrectlyReturnsNullOnNonExistentUser" executed="True" success="True" time="0.008" />
              <test-case name="FieldComm.API.Server.Tests.Integration.Users.UserApiSqlTest.UserApiTestBase_Authenticate_ReturnsFalseOnDeactivatedUser" executed="True" success="True" time="0.011" />
              <test-case name="FieldComm.API.Server.Tests.Integration.Users.UserApiSqlTest.UserApiTestBase_Insert_CorrectlyInsertsUser" executed="True" success="True" time="0.013" />
              <test-case name="FieldComm.API.Server.Tests.Integration.Users.UserApiSqlTest.UserApiTestBase_GetByUserName_CorrectlyReturnsUser" executed="True" success="True" time="0.015" />
              <test-case name="FieldComm.API.Server.Tests.Integration.Users.UserApiSqlTest.UserApiTestBase_Authenticate_ReturnsFalseOnNonExistentUser" executed="True" success="True" time="0.009" />
              <test-case name="FieldComm.API.Server.Tests.Integration.Users.UserApiSqlTest.UserApiTestBase_Authenticate_ReturnsTrueOnValidPassword" executed="True" success="True" time="0.012" />
            </results>
          </test-suite>
          <test-suite name="FieldComm.API.Server.Tests.Integration.Vendors.VendorApiSqlTest" success="True" time="0.125">
            <results>
              <test-case name="FieldComm.API.Server.Tests.Integration.Vendors.VendorApiSqlTest.VendorApi_Persist_AssignsIdOnNew" executed="True" success="True" time="0.017" />
              <test-case name="FieldComm.API.Server.Tests.Integration.Vendors.VendorApiSqlTest.VendorApi_Persist_UpdatesCorrectly" executed="True" success="True" time="0.039" />
              <test-case name="FieldComm.API.Server.Tests.Integration.Vendors.VendorApiSqlTest.VendorApi_GetAll_ReturnsSameNumber" executed="True" success="True" time="0.046" />
              <test-case name="FieldComm.API.Server.Tests.Integration.Vendors.VendorApiSqlTest.VendorApi_DeleteClient_CorrectlyDeletesClient" executed="True" success="True" time="0.023" />
            </results>
          </test-suite>
          <test-suite name="FieldComm.API.Server.Tests.Integration.ZipCodes.ZipCodeApiRedisTest" success="True" time="0.331">
            <results>
              <test-case name="FieldComm.API.Server.Tests.Integration.ZipCodes.ZipCodeApiRedisTest.ZipCodeApiRedisTest_GetZipCodes_MaintainsRedisConsistency" executed="True" success="True" time="0.101" />
              <test-case name="FieldComm.API.Server.Tests.Integration.ZipCodes.ZipCodeApiRedisTest.ZipCodeApiTestBase_GetLocations_ReturnsCorrectLocation" executed="True" success="True" time="0.028" />
              <test-case name="FieldComm.API.Server.Tests.Integration.ZipCodes.ZipCodeApiRedisTest.ZipCodeApiTestBase_GetZipCodes_ReturnsCorrectZipCode" executed="True" success="True" time="0.038" />
              <test-case name="FieldComm.API.Server.Tests.Integration.ZipCodes.ZipCodeApiRedisTest.ZipCodeApiTestBase_GetZipCodes_ReturnsByCounty" executed="True" success="True" time="0.033" />
              <test-case name="FieldComm.API.Server.Tests.Integration.ZipCodes.ZipCodeApiRedisTest.ZipCodeApiTestBase_GetZipCodes_ReturnsByCity" executed="True" success="True" time="0.023" />
              <test-case name="FieldComm.API.Server.Tests.Integration.ZipCodes.ZipCodeApiRedisTest.ZipCodeApiTestBase_GetZipCodes_ReturnsByState" executed="True" success="True" time="0.031" />
              <test-case name="FieldComm.API.Server.Tests.Integration.ZipCodes.ZipCodeApiRedisTest.ZipCodeApiTestBase_Get_ReturnsAllObjects" executed="True" success="True" time="0.047" />
              <test-case name="FieldComm.API.Server.Tests.Integration.ZipCodes.ZipCodeApiRedisTest.ZipCodeApiTestBase_GetStates_ReturnsAllObjects" executed="True" success="True" time="0.030" />
            </results>
          </test-suite>
          <test-suite name="FieldComm.API.Server.Tests.Integration.ZipCodes.ZipCodeApiSqlTest" success="True" time="0.083">
            <results>
              <test-case name="FieldComm.API.Server.Tests.Integration.ZipCodes.ZipCodeApiSqlTest.ZipCodeApiTestBase_GetStates_ReturnsAllObjects" executed="True" success="True" time="0.011" />
              <test-case name="FieldComm.API.Server.Tests.Integration.ZipCodes.ZipCodeApiSqlTest.ZipCodeApiTestBase_GetZipCodes_ReturnsByState" executed="True" success="True" time="0.014" />
              <test-case name="FieldComm.API.Server.Tests.Integration.ZipCodes.ZipCodeApiSqlTest.ZipCodeApiTestBase_GetZipCodes_ReturnsCorrectZipCode" executed="True" success="True" time="0.010" />
              <test-case name="FieldComm.API.Server.Tests.Integration.ZipCodes.ZipCodeApiSqlTest.ZipCodeApiTestBase_GetZipCodes_ReturnsByCity" executed="True" success="True" time="0.011" />
              <test-case name="FieldComm.API.Server.Tests.Integration.ZipCodes.ZipCodeApiSqlTest.ZipCodeApiTestBase_GetZipCodes_ReturnsByCounty" executed="True" success="True" time="0.011" />
              <test-case name="FieldComm.API.Server.Tests.Integration.ZipCodes.ZipCodeApiSqlTest.ZipCodeApiTestBase_GetLocations_ReturnsCorrectLocation" executed="True" success="True" time="0.010" />
              <test-case name="FieldComm.API.Server.Tests.Integration.ZipCodes.ZipCodeApiSqlTest.ZipCodeApiTestBase_Get_ReturnsAllObjects" executed="True" success="True" time="0.016" />
            </results>
          </test-suite>
        </results>
      </test-suite>
      <test-suite name="D:\JenkinsHome\workspace\EastPoint-FieldComm-22c9b84ed81a40d9de963d2afa7801e5\build\BuildArtifacts\FieldComm.API.Server.Tests.Unit.dll" success="True" time="15.176">
        <results>
          <test-suite name="FieldComm.API.Server.Tests.Accounting.InMemoryCheckRepositoryTest" success="True" time="0.650">
            <results>
              <test-case name="FieldComm.API.Server.Tests.Accounting.InMemoryCheckRepositoryTest.Insert_CorrectlyReturnsObject" executed="True" success="True" time="0.640" />
              <test-case name="FieldComm.API.Server.Tests.Accounting.InMemoryCheckRepositoryTest.Delete_CorrectlyRemovesObject" executed="True" success="True" time="0.002" />
              <test-case name="FieldComm.API.Server.Tests.Accounting.InMemoryCheckRepositoryTest.Update_CorrectlyUpdatesObject" executed="True" success="True" time="0.008" />
            </results>
          </test-suite>
          <test-suite name="FieldComm.API.Server.Tests.Accounting.InvoiceApiInMemoryTest" success="True" time="3.629">
            <results>
              <test-case name="FieldComm.API.Server.Tests.Accounting.InvoiceApiInMemoryTest.InvoiceApi_SaveWithNulls_CorrectlyInsertsObjects" executed="True" success="True" time="2.131" />
              <test-case name="FieldComm.API.Server.Tests.Accounting.InvoiceApiInMemoryTest.InvoiceApi_Save_CorrectlyUpdatesObjects" executed="True" success="True" time="0.626" />
              <test-case name="FieldComm.API.Server.Tests.Accounting.InvoiceApiInMemoryTest.InvoiceApi_Save_CorrectlyInsertsObjects" executed="True" success="True" time="0.508" />
              <test-case name="FieldComm.API.Server.Tests.Accounting.InvoiceApiInMemoryTest.InvoiceApi_Save_DeletesObjectsCorrectly" executed="True" success="True" time="0.342" />
              <test-case name="FieldComm.API.Server.Tests.Accounting.InvoiceApiInMemoryTest.InvoiceApi_Balance_CalculatesCorrectly" executed="True" success="True" time="0.022" />
            </results>
          </test-suite>
          <test-suite name="FieldComm.API.Server.Tests.BankApiInMemoryTest" success="True" time="0.038">
            <results>
              <test-case name="FieldComm.API.Server.Tests.BankApiInMemoryTest.UpdateBank_ReturnsSameObject" executed="True" success="True" time="0.024" />
              <test-case name="FieldComm.API.Server.Tests.BankApiInMemoryTest.ConvertBank_ConversionReturnsSameObject" executed="True" success="True" time="0.014" />
            </results>
          </test-suite>
          <test-suite name="FieldComm.API.Server.Tests.Clients.ClientApiInMemoryTest" success="True" time="0.293">
            <results>
              <test-case name="FieldComm.API.Server.Tests.Clients.ClientApiInMemoryTest.ClientApi_InsertClient_CorrectlyAddsClient" executed="True" success="True" time="0.059" />
              <test-case name="FieldComm.API.Server.Tests.Clients.ClientApiInMemoryTest.ClientApi_GetAll_ReturnsSameNumber" executed="True" success="True" time="0.036" />
              <test-case name="FieldComm.API.Server.Tests.Clients.ClientApiInMemoryTest.ClientApi_UpdateClient_CorrectlyUpdatesClient" executed="True" success="True" time="0.030" />
              <test-case name="FieldComm.API.Server.Tests.Clients.ClientApiInMemoryTest.ClientApi_PersistMany_HandlesInsertAndUpdate" executed="True" success="True" time="0.119" />
              <test-case name="FieldComm.API.Server.Tests.Clients.ClientApiInMemoryTest.ClientApi_GetClient_CorrectlyReturnsClient" executed="True" success="True" time="0.032" />
              <test-case name="FieldComm.API.Server.Tests.Clients.ClientApiInMemoryTest.ClientApi_DeleteClient_CorrectlyDeletesClient" executed="True" success="True" time="0.017" />
            </results>
          </test-suite>
          <test-suite name="FieldComm.API.Server.Tests.Company.CompanyClientInMemoryTest" success="True" time="0.117">
            <results>
              <test-case name="FieldComm.API.Server.Tests.Company.CompanyClientInMemoryTest.UpdateCompanyPreference_ReturnsSameObject" executed="True" success="True" time="0.117" />
            </results>
          </test-suite>
          <test-suite name="FieldComm.API.Server.Tests.Company.InMemoryCompanyRepositoryTest" success="True" time="0.035">
            <results>
              <test-case name="FieldComm.API.Server.Tests.Company.InMemoryCompanyRepositoryTest.UpdateCompanyPreference_ReturnsSameObject" executed="True" success="True" time="0.035" />
            </results>
          </test-suite>
          <test-suite name="FieldComm.API.Server.Tests.Unit.DeepCloneTest" success="True" time="5.848">
            <results>
              <test-case name="FieldComm.API.Server.Tests.Unit.DeepCloneTest.Order_Clone_CanCloneWithNullWOL" executed="True" success="True" time="5.608" />
              <test-case name="FieldComm.API.Server.Tests.Unit.DeepCloneTest.Order_Clone_CanClone(order: FieldComm.API.Orders.Order)" executed="True" success="True" time="0.240" />
            </results>
          </test-suite>
          <test-suite name="FieldComm.API.Server.Tests.FilingCabinet.InMemoryFileCabinetFilesRepositoryTest" success="True" time="0.092">
            <results>
              <test-case name="FieldComm.API.Server.Tests.FilingCabinet.InMemoryFileCabinetFilesRepositoryTest.InsertGet_CorrectlyInsertsAndReturnsObject" executed="True" success="True" time="0.043" />
              <test-case name="FieldComm.API.Server.Tests.FilingCabinet.InMemoryFileCabinetFilesRepositoryTest.GetByOrder_ReturnsCorrectObject" executed="True" success="True" time="0.024" />
              <test-case name="FieldComm.API.Server.Tests.FilingCabinet.InMemoryFileCabinetFilesRepositoryTest.Update_UpdatesObjectCorrectly" executed="True" success="True" time="0.020" />
              <test-case name="FieldComm.API.Server.Tests.FilingCabinet.InMemoryFileCabinetFilesRepositoryTest.GetForHashing_ReturnsCorrectObjects" executed="True" success="True" time="0.000" />
              <test-case name="FieldComm.API.Server.Tests.FilingCabinet.InMemoryFileCabinetFilesRepositoryTest.Delete_CorrectlyRemovesObject" executed="True" success="True" time="0.005" />
            </results>
          </test-suite>
          <test-suite name="FieldComm.API.Server.Tests.FilingCabinet.InMemoryFileCabinetRepositoryTest" success="True" time="0.014">
            <results>
              <test-case name="FieldComm.API.Server.Tests.FilingCabinet.InMemoryFileCabinetRepositoryTest.Update_CorrectlyUpdatesObject" executed="True" success="True" time="0.008" />
              <test-case name="FieldComm.API.Server.Tests.FilingCabinet.InMemoryFileCabinetRepositoryTest.InsertAndGet_ReturnsCorrectObject" executed="True" success="True" time="0.001" />
              <test-case name="FieldComm.API.Server.Tests.FilingCabinet.InMemoryFileCabinetRepositoryTest.Delete_CorrectlyRemovesObject" executed="True" success="True" time="0.005" />
            </results>
          </test-suite>
          <test-suite name="FieldComm.API.Server.Tests.FilingCabinet.FormTemplateApiInMemoryTest" success="True" time="0.641">
            <results>
              <test-case name="FieldComm.API.Server.Tests.FilingCabinet.FormTemplateApiInMemoryTest.FormTemplateApiTestBase_SyncFormsWithHub_InsertsNewForms" executed="True" success="True" time="0.216" />
              <test-case name="FieldComm.API.Server.Tests.FilingCabinet.FormTemplateApiInMemoryTest.FormTemplateApiTestBase_SyncFormsWithHub_MigratesDuplicateFormTemplateFormsToSingleRemaining" executed="True" success="True" time="0.219" />
              <test-case name="FieldComm.API.Server.Tests.FilingCabinet.FormTemplateApiInMemoryTest.FormTemplateApiTestBase_GetFormsByClientIds_ReturnsCorrectForms" executed="True" success="True" time="0.026" />
              <test-case name="FieldComm.API.Server.Tests.FilingCabinet.FormTemplateApiInMemoryTest.FormTemplateApiTestBase_UpdateFormTemplate_HandlesFormsWithSameTemplateGuid" executed="True" success="True" time="0.018" />
              <test-case name="FieldComm.API.Server.Tests.FilingCabinet.FormTemplateApiInMemoryTest.FormTemplateApiTestBase_SyncFormsWithHub_UpdatesExistingForms" executed="True" success="True" time="0.018" />
              <test-case name="FieldComm.API.Server.Tests.FilingCabinet.FormTemplateApiInMemoryTest.FormTemplateApiTestBase_GetFormByFormId_ReturnsCorrectForm" executed="True" success="True" time="0.046" />
              <test-case name="FieldComm.API.Server.Tests.FilingCabinet.FormTemplateApiInMemoryTest.FormTemplateApiTestBase_SyncFormsWithHub_RemovesDuplicateFormsAndUpdatesSingleRemaining" executed="True" success="True" time="0.015" />
              <test-case name="FieldComm.API.Server.Tests.FilingCabinet.FormTemplateApiInMemoryTest.FormTemplateApiTestBase_InsertFormTemplate_HandlesFormsWithSameTemplateGuid" executed="True" success="True" time="0.016" />
              <test-case name="FieldComm.API.Server.Tests.FilingCabinet.FormTemplateApiInMemoryTest.FormTemplateApiTestBase_GetMaxUpdatedDate_ReturnsMostRecentUpdatedDate" executed="True" success="True" time="0.019" />
              <test-case name="FieldComm.API.Server.Tests.FilingCabinet.FormTemplateApiInMemoryTest.FormTemplateApiTestBase_DeleteFormTemplate_DeletesFormTemplate" executed="True" success="True" time="0.013" />
              <test-case name="FieldComm.API.Server.Tests.FilingCabinet.FormTemplateApiInMemoryTest.FormTemplateApiTestBase_GetFormsForSyncing_ReturnsAllObjects" executed="True" success="True" time="0.018" />
              <test-case name="FieldComm.API.Server.Tests.FilingCabinet.FormTemplateApiInMemoryTest.FormTemplateApiTestBase_CreateFormTemplate_ReturnsSameObject" executed="True" success="True" time="0.017" />
            </results>
          </test-suite>
          <test-suite name="FieldComm.API.Server.Tests.FilingCabinet.InMemoryFormApiTest" success="True" time="0.636">
            <results>
              <test-case name="FieldComm.API.Server.Tests.FilingCabinet.InMemoryFormApiTest.Get_CombinesFormDataProperlyForMultiPageForms" executed="True" success="True" time="0.066" />
              <test-case name="FieldComm.API.Server.Tests.FilingCabinet.InMemoryFormApiTest.FormApiTestBase_MigrateFormTemplate_MovesAllFormsToNewFormId" executed="True" success="True" time="0.053" />
              <test-case name="FieldComm.API.Server.Tests.FilingCabinet.InMemoryFormApiTest.FormApiTestBase_Persist_AddsMultipleFormsForInputOrderNumbers" executed="True" success="True" time="0.190" />
              <test-case name="FieldComm.API.Server.Tests.FilingCabinet.InMemoryFormApiTest.InsertForm_RemovesTemplateDataOnMultiPageForms" executed="True" success="True" time="0.031" />
              <test-case name="FieldComm.API.Server.Tests.FilingCabinet.InMemoryFormApiTest.InsertForm_RemovesTemplateData" executed="True" success="True" time="0.016" />
              <test-case name="FieldComm.API.Server.Tests.FilingCabinet.InMemoryFormApiTest.Get_CombinesFormDataProperly" executed="True" success="True" time="0.017" />
              <test-case name="FieldComm.API.Server.Tests.FilingCabinet.InMemoryFormApiTest.Get_CombinesFormDataProperlyForFormsWithSignaturesAndLogos" executed="True" success="True" time="0.122" />
              <test-case name="FieldComm.API.Server.Tests.FilingCabinet.InMemoryFormApiTest.FormApiTestBase_InsertForm_ReturnsSameObject" executed="True" success="True" time="0.025" />
              <test-case name="FieldComm.API.Server.Tests.FilingCabinet.InMemoryFormApiTest.InsertForm_RemovesTemplateDataAndLeavesLogoAndSignature" executed="True" success="True" time="0.116" />
            </results>
          </test-suite>
          <test-suite name="FieldComm.API.Server.Tests.FilingCabinet.InMemoryFormRepositoryTest" success="True" time="0.182">
            <results>
              <test-case name="FieldComm.API.Server.Tests.FilingCabinet.InMemoryFormRepositoryTest.FormRepositoryTestBase_InsertForm_ReturnsSameObject" executed="True" success="True" time="0.042" />
              <test-case name="FieldComm.API.Server.Tests.FilingCabinet.InMemoryFormRepositoryTest.FormRepositoryTestBase_MigrateFormTemplate_MovesAllFormsToNewFormId" executed="True" success="True" time="0.140" />
            </results>
          </test-suite>
          <test-suite name="FieldComm.API.Server.Tests.FilingCabinet.InMemoryFormTemplateRepositoryTest" success="True" time="0.027">
            <results>
              <test-case name="FieldComm.API.Server.Tests.FilingCabinet.InMemoryFormTemplateRepositoryTest.UpdateFormTemplate_UpdatesFormTemplate" executed="True" success="True" time="0.011" />
              <test-case name="FieldComm.API.Server.Tests.FilingCabinet.InMemoryFormTemplateRepositoryTest.CreateFormTemplate_ReturnsSameObject" executed="True" success="True" time="0.005" />
              <test-case name="FieldComm.API.Server.Tests.FilingCabinet.InMemoryFormTemplateRepositoryTest.GetFormByFormId_ReturnsSameObject" executed="True" success="True" time="0.004" />
              <test-case name="FieldComm.API.Server.Tests.FilingCabinet.InMemoryFormTemplateRepositoryTest.DeleteFormTemplate_DeletesFormTemplate" executed="True" success="True" time="0.001" />
              <test-case name="FieldComm.API.Server.Tests.FilingCabinet.InMemoryFormTemplateRepositoryTest.GetFormsForSyncing_ReturnsAllObjects" executed="True" success="True" time="0.004" />
              <test-case name="FieldComm.API.Server.Tests.FilingCabinet.InMemoryFormTemplateRepositoryTest.GetMaxUpdatedDate_ReturnsMostRecentUpdatedDate" executed="True" success="True" time="0.002" />
            </results>
          </test-suite>
          <test-suite name="FieldComm.API.Server.Tests.Locking.LockApiInMemoryTest" success="True" time="0.143">
            <results>
              <test-case name="FieldComm.API.Server.Tests.Locking.LockApiInMemoryTest.LockApi_AfterUnlocking_EntityIsUnlocked" executed="True" success="True" time="0.018" />
              <test-case name="FieldComm.API.Server.Tests.Locking.LockApiInMemoryTest.LockApi_Unlock_NonExistingLock_DoesNotThrowError" executed="True" success="True" time="0.013" />
              <test-case name="FieldComm.API.Server.Tests.Locking.LockApiInMemoryTest.LockApi_UnlockMultiple_UnlocksMultipleLocks" executed="True" success="True" time="0.017" />
              <test-case name="FieldComm.API.Server.Tests.Locking.LockApiInMemoryTest.LockApi_MultipleUnlocks_FailWithWrongUser" executed="True" success="True" time="0.022" />
              <test-case name="FieldComm.API.Server.Tests.Locking.LockApiInMemoryTest.LockApi_EntityIsUnlocked_AfterForceUnlock" executed="True" success="True" time="0.010" />
              <test-case name="FieldComm.API.Server.Tests.Locking.LockApiInMemoryTest.LockApi_CannotLockEntityLockedByOtherUser" executed="True" success="True" time="0.010" />
              <test-case name="FieldComm.API.Server.Tests.Locking.LockApiInMemoryTest.LockApi_AfterLocking_EntityIsLocked" executed="True" success="True" time="0.015" />
              <test-case name="FieldComm.API.Server.Tests.Locking.LockApiInMemoryTest.LockApi_GetAllLocks_ReturnsAllLocks" executed="True" success="True" time="0.017" />
              <test-case name="FieldComm.API.Server.Tests.Locking.LockApiInMemoryTest.LockApi_ForceUnlock_WorksWithDifferentUser" executed="True" success="True" time="0.012" />
              <test-case name="FieldComm.API.Server.Tests.Locking.LockApiInMemoryTest.LockApi_CannotUnlockEntityLockedByOtherUser" executed="True" success="True" time="0.009" />
            </results>
          </test-suite>
          <test-suite name="FieldComm.API.Server.Tests.Materials.MaterialApiInMemoryTest" success="True" time="0.022">
            <results>
              <test-case name="FieldComm.API.Server.Tests.Materials.MaterialApiInMemoryTest.InsertMaterial_CorrectlyAddsMaterial" executed="True" success="True" time="0.018" />
              <test-case name="FieldComm.API.Server.Tests.Materials.MaterialApiInMemoryTest.UpdateMaterial_CorrectlyUpdatesMaterial" executed="True" success="True" time="0.002" />
              <test-case name="FieldComm.API.Server.Tests.Materials.MaterialApiInMemoryTest.DeleteMaterial_CorrectlyDeletesMaterial" executed="True" success="True" time="0.002" />
            </results>
          </test-suite>
          <test-suite name="FieldComm.API.Server.Tests.Orders.InMemoryOrderContextTest" success="True" time="0.021">
            <results>
              <test-case name="FieldComm.API.Server.Tests.Orders.InMemoryOrderContextTest.OrderContextRepo_ReturnsExistingContextWhenInsertingExistingValues" executed="True" success="True" time="0.021" />
            </results>
          </test-suite>
          <test-suite name="FieldComm.API.Server.Tests.Orders.InMemoryOrderRepositoryTest" success="True" time="0.048">
            <results>
              <test-case name="FieldComm.API.Server.Tests.Orders.InMemoryOrderRepositoryTest.OrderRepo_UpdateOrder_ReturnsIDOnInsert" executed="True" success="True" time="0.048" />
              <test-case name="FieldComm.API.Server.Tests.Orders.InMemoryOrderRepositoryTest.OrderRepo_Query_SupportsNewOrders" executed="False" />
              <test-case name="FieldComm.API.Server.Tests.Orders.InMemoryOrderRepositoryTest.OrderRepo_Query_SupportsOpenOrders" executed="False" />
            </results>
          </test-suite>
          <test-suite name="FieldComm.API.Server.Tests.Orders.OrderApiInMemoryTest" success="True" time="2.219">
            <results>
              <test-case name="FieldComm.API.Server.Tests.Orders.OrderApiInMemoryTest.Order_Clone_CanCloneAndInsert" executed="True" success="True" time="0.230" />
              <test-case name="FieldComm.API.Server.Tests.Orders.OrderApiInMemoryTest.OrderApi_Insert_MapsOrderClients" executed="True" success="True" time="0.189" />
              <test-case name="FieldComm.API.Server.Tests.Orders.OrderApiInMemoryTest.OrderApi_ConstructorThrowsNullOnNullPropertyApi" executed="True" success="True" time="0.050" />
              <test-case name="FieldComm.API.Server.Tests.Orders.OrderApiInMemoryTest.OrderApi_GetIdentifier_ReturnsExpectedValueForExistingOrder" executed="True" success="True" time="0.092" />
              <test-case name="FieldComm.API.Server.Tests.Orders.OrderApiInMemoryTest.OrderApi_Reassign_WhenOrdersLocked_DoesNotReassign" executed="True" success="True" time="0.141" />
              <test-case name="FieldComm.API.Server.Tests.Orders.OrderApiInMemoryTest.OrderApi_Reassign_CreatesAudit" executed="False" />
              <test-case name="FieldComm.API.Server.Tests.Orders.OrderApiInMemoryTest.OrderApi_Insert_MapsOrderAndAssignsID" executed="True" success="True" time="0.174" />
              <test-case name="FieldComm.API.Server.Tests.Orders.OrderApiInMemoryTest.OrderApi_Order_CanInsertClientWol" executed="True" success="True" time="0.179" />
              <test-case name="FieldComm.API.Server.Tests.Orders.OrderApiInMemoryTest.OrderApi_Reassign_Creates_OrderCancellation" executed="False" />
              <test-case name="FieldComm.API.Server.Tests.Orders.OrderApiInMemoryTest.OrderApi_GetMany_ReturnsExpectedOrders" executed="True" success="True" time="0.479" />
              <test-case name="FieldComm.API.Server.Tests.Orders.OrderApiInMemoryTest.OrderApi_ConstructorThrowsNullOnNullLockApi" executed="True" success="True" time="0.024" />
              <test-case name="FieldComm.API.Server.Tests.Orders.OrderApiInMemoryTest.OrderApi_Update_OnUpdateReturnsAndMapsAllOrderFields" executed="True" success="True" time="0.180" />
              <test-case name="FieldComm.API.Server.Tests.Orders.OrderApiInMemoryTest.OrderApi_Get_ReturnsSameOrderWhenCalledTwice" executed="True" success="True" time="0.189" />
              <test-case name="FieldComm.API.Server.Tests.Orders.OrderApiInMemoryTest.OrderApi_ConstructorThrowsNullOnNullOrderRepository" executed="True" success="True" time="0.009" />
              <test-case name="FieldComm.API.Server.Tests.Orders.OrderApiInMemoryTest.OrderApi_Reassign_ReassignsOrderAndAllWols" executed="True" success="True" time="0.099" />
              <test-case name="FieldComm.API.Server.Tests.Orders.OrderApiInMemoryTest.OrderApi_Insert_MapsOrderContacts" executed="True" success="True" time="0.184" />
            </results>
          </test-suite>
          <test-suite name="FieldComm.API.Server.Tests.Property.PropertyApiInMemoryTest" success="True" time="0.103">
            <results>
              <test-case name="FieldComm.API.Server.Tests.Property.PropertyApiInMemoryTest.PropertyApi_Delete_DeletesObject" executed="True" success="True" time="0.021" />
              <test-case name="FieldComm.API.Server.Tests.Property.PropertyApiInMemoryTest.PropertyApi_Insert_ReturnsSameObject" executed="True" success="True" time="0.040" />
              <test-case name="FieldComm.API.Server.Tests.Property.PropertyApiInMemoryTest.PropertyApi_Update_UpdatesObject" executed="True" success="True" time="0.042" />
            </results>
          </test-suite>
          <test-suite name="FieldComm.API.Server.Tests.Unit.Service.ServiceClientInMemoryTest" success="True" time="0.044">
            <results>
              <test-case name="FieldComm.API.Server.Tests.Unit.Service.ServiceClientInMemoryTest.ServiceApi_ReturnsSameServiceMultipleTimes" executed="True" success="True" time="0.044" />
            </results>
          </test-suite>
          <test-suite name="FieldComm.API.Server.Tests.UserColumn.UserColumnApiInMemoryTest" success="True" time="0.078">
            <results>
              <test-case name="FieldComm.API.Server.Tests.UserColumn.UserColumnApiInMemoryTest.UserColumnApi_GetAll_ReturnsCorrectCount" executed="True" success="True" time="0.029" />
              <test-case name="FieldComm.API.Server.Tests.UserColumn.UserColumnApiInMemoryTest.UserColumnApi_Delete_DeletesColumn" executed="True" success="True" time="0.014" />
              <test-case name="FieldComm.API.Server.Tests.UserColumn.UserColumnApiInMemoryTest.UserColumnApi_Persist_AssignsIDForNewCols" executed="True" success="True" time="0.009" />
              <test-case name="FieldComm.API.Server.Tests.UserColumn.UserColumnApiInMemoryTest.UserColumnMapper_ReturnsSameObject" executed="True" success="True" time="0.014" />
              <test-case name="FieldComm.API.Server.Tests.UserColumn.UserColumnApiInMemoryTest.UserColumnApi_Persist_GetReturnsSameValue" executed="True" success="True" time="0.012" />
            </results>
          </test-suite>
          <test-suite name="FieldComm.API.Server.Tests.Users.InMemoryUserApiTest" success="True" time="0.109">
            <results>
              <test-case name="FieldComm.API.Server.Tests.Users.InMemoryUserApiTest.UserApiTestBase_Update_UpdatesUser" executed="True" success="True" time="0.020" />
              <test-case name="FieldComm.API.Server.Tests.Users.InMemoryUserApiTest.UserApiTestBase_Insert_CorrectlyInsertsUser" executed="True" success="True" time="0.013" />
              <test-case name="FieldComm.API.Server.Tests.Users.InMemoryUserApiTest.UserApiTestBase_Authenticate_CorrectlyReturnsFalseOnEmptyInput" executed="True" success="True" time="0.009" />
              <test-case name="FieldComm.API.Server.Tests.Users.InMemoryUserApiTest.UserApiTestBase_Authenticate_ReturnsTrueOnValidPassword" executed="True" success="True" time="0.010" />
              <test-case name="FieldComm.API.Server.Tests.Users.InMemoryUserApiTest.UserApiTestBase_Authenticate_ReturnsFalseOnInvalidPassword" executed="True" success="True" time="0.009" />
              <test-case name="FieldComm.API.Server.Tests.Users.InMemoryUserApiTest.UserApiTestBase_Authenticate_ReturnsFalseOnNonExistentUser" executed="True" success="True" time="0.008" />
              <test-case name="FieldComm.API.Server.Tests.Users.InMemoryUserApiTest.UserApiTestBase_Authenticate_ReturnsFalseOnDeactivatedUser" executed="True" success="True" time="0.010" />
              <test-case name="FieldComm.API.Server.Tests.Users.InMemoryUserApiTest.UserApiTestBase_GetByUserName_CorrectlyReturnsNullOnNonExistentUser" executed="True" success="True" time="0.008" />
              <test-case name="FieldComm.API.Server.Tests.Users.InMemoryUserApiTest.UserApiTestBase_GetByUserName_CorrectlyReturnsUser" executed="True" success="True" time="0.011" />
              <test-case name="FieldComm.API.Server.Tests.Users.InMemoryUserApiTest.UserApiTestBase_Deactivate_CorrectlyDeactivatesUser" executed="True" success="True" time="0.011" />
            </results>
          </test-suite>
          <test-suite name="FieldComm.API.Server.Tests.UtilitiesTest" success="True" time="0.005">
            <results>
              <test-case name="FieldComm.API.Server.Tests.UtilitiesTest.RemoveInvalidChars_RemovesKnownChars" executed="True" success="True" time="0.002" />
              <test-case name="FieldComm.API.Server.Tests.UtilitiesTest.RemoveInvalidChars_RemovesInvalidCharsTyped" executed="True" success="True" time="0.003" />
              <test-case name="FieldComm.API.Server.Tests.UtilitiesTest.RemoveInvalidChars_RemovesInvalidChars" executed="True" success="True" time="0.000" />
              <test-case name="FieldComm.API.Server.Tests.UtilitiesTest.RemoveInvalidChars_SuceedsOnNullInput" executed="True" success="True" time="0.000" />
              <test-case name="FieldComm.API.Server.Tests.UtilitiesTest.RemoveInvalidChars_DoesntRemoveValidChars(input: &quot;input1228d528-4e64-4d37-a10c-b7cf1bd43814&quot;)" executed="True" success="True" time="0.000" />
            </results>
          </test-suite>
          <test-suite name="FieldComm.API.Server.Tests.Vendors.VendorApiInMemoryTest" success="True" time="0.076">
            <results>
              <test-case name="FieldComm.API.Server.Tests.Vendors.VendorApiInMemoryTest.VendorApi_Persist_AssignsIdOnNew" executed="True" success="True" time="0.013" />
              <test-case name="FieldComm.API.Server.Tests.Vendors.VendorApiInMemoryTest.VendorApi_Persist_UpdatesCorrectly" executed="True" success="True" time="0.030" />
              <test-case name="FieldComm.API.Server.Tests.Vendors.VendorApiInMemoryTest.VendorApi_GetAll_ReturnsSameNumber" executed="True" success="True" time="0.020" />
              <test-case name="FieldComm.API.Server.Tests.Vendors.VendorApiInMemoryTest.VendorApi_DeleteClient_CorrectlyDeletesClient" executed="True" success="True" time="0.013" />
            </results>
          </test-suite>
          <test-suite name="FieldComm.API.Server.Tests.ZipCodes.InMemoryZipCodeApiTest" success="True" time="0.106">
            <results>
              <test-case name="FieldComm.API.Server.Tests.ZipCodes.InMemoryZipCodeApiTest.ZipCodeApiTestBase_GetZipCodes_ReturnsByCity" executed="True" success="True" time="0.024" />
              <test-case name="FieldComm.API.Server.Tests.ZipCodes.InMemoryZipCodeApiTest.ZipCodeApiTestBase_GetLocations_ReturnsCorrectLocation" executed="True" success="True" time="0.013" />
              <test-case name="FieldComm.API.Server.Tests.ZipCodes.InMemoryZipCodeApiTest.ZipCodeApiTestBase_GetZipCodes_ReturnsCorrectZipCode" executed="True" success="True" time="0.010" />
              <test-case name="FieldComm.API.Server.Tests.ZipCodes.InMemoryZipCodeApiTest.ZipCodeApiTestBase_GetZipCodes_ReturnsByCounty" executed="True" success="True" time="0.013" />
              <test-case name="FieldComm.API.Server.Tests.ZipCodes.InMemoryZipCodeApiTest.ZipCodeApiTestBase_Get_ReturnsAllObjects" executed="True" success="True" time="0.021" />
              <test-case name="FieldComm.API.Server.Tests.ZipCodes.InMemoryZipCodeApiTest.ZipCodeApiTestBase_GetZipCodes_ReturnsByState" executed="True" success="True" time="0.011" />
              <test-case name="FieldComm.API.Server.Tests.ZipCodes.InMemoryZipCodeApiTest.ZipCodeApiTestBase_GetStates_ReturnsAllObjects" executed="True" success="True" time="0.014" />
            </results>
          </test-suite>
        </results>
      </test-suite>
    </results>
  </test-suite>
</test-results>