Started by user anonymous
[EnvInject] - Loading node environment variables.
Building remotely on GPAJenkins (loadrunner) in workspace C:\jenkins\workspace\Performance_Testing_CI_Proof_of_Concept_Unified_User_Component
[Performance_Testing_CI_Proof_of_Concept_Unified_User_Component] $ C:\jenkins\workspace\Performance_Testing_CI_Proof_of_Concept_Unified_User_Component\HpToolsLauncher.exe -paramfile props06112014002014058.txt
"Started..."
1 tests found:
ControllerScenarios\UUC_Mixed_Use_Cases_SLA_10092014.lrs
============================================================================
06/11/2014 00:20:14 Running: ControllerScenarios\UUC_Mixed_Use_Cases_SLA_10092014.lrs
Cleaning up the environment...
Preparing scenario ControllerScenarios\UUC_Mixed_Use_Cases_SLA_10092014.lrs for execution.
Test result: Error
06/11/2014 00:20:32 Test complete: 
-------------------------------------------------------------------------------------------------------
Cleaning up the environment...
================================================
Run status: Job failed, total tests: 1, succeeded: 0, failures: 0, errors: 1
Error  : 
================================================
Build step 'Execute HP tests from file system' changed build result to FAILURE
Report archiving mode is set to: ONLY_ARCHIVE_FAILED_TESTS_REPORT
Finished: FAILURE
