<?xml version="1.0" encoding="utf-8"?>
<test-results name="Test results" date="2016-08-16" time="14:40:53" total="33" failures="0" not-run="0">
  <test-suite name="xUnit.net Tests" success="True" time="0.652">
    <results>
      <test-suite name="C:\git\RP.IPT2\src\Install\__temp_unittestspackage__\UnitTests.DLL" success="True" time="0.652">
        <results>
          <test-suite name="Test collection for UnitTests.Convensions.TestJobParametersConvensions" success="True" time="0.001">
            <results>
              <test-case name="UnitTests.Convensions.TestJobParametersConvensions.TestReferencedParameterIdExists(plannedJobType: typeof(BackgroundService.PlannedJobs.ExtractAndUploadPlannedJob), parameter: PropertyAndAttribute`1 { Attribute = JobParameterAttribute { Info = JobParameterInfo { ... }, ParameterId = &quot;FtpImportProfilePath&quot;, TypeId = typeof(Model.Job.JobParameterAttribute) }, Property = System.String FtpImportProfilePath })" executed="True" success="True" time="0.000802" />
              <test-case name="UnitTests.Convensions.TestJobParametersConvensions.TestReferencedParameterIdExists(plannedJobType: typeof(BackgroundService.PlannedJobs.ExtractAndUploadPlannedJob), parameter: PropertyAndAttribute`1 { Attribute = JobParameterAttribute { Info = JobParameterInfo { ... }, ParameterId = &quot;FtpArchiveImportingProfilePath&quot;, TypeId = typeof(Model.Job.JobParameterAttribute) }, Property = System.String FtpArchiveImportingProfilePath })" executed="True" success="True" time="0.0000295" />
              <test-case name="UnitTests.Convensions.TestJobParametersConvensions.TestReferencedParameterIdExists(plannedJobType: typeof(BackgroundService.PlannedJobs.ExtractAndUploadPlannedJob), parameter: PropertyAndAttribute`1 { Attribute = JobParameterAttribute { Info = JobParameterInfo { ... }, ParameterId = &quot;FtpImportProfileServerConnectionName&quot;, TypeId = typeof(Model.Job.JobParameterAttribute) }, Property = Model.SeverConnectionName FtpImportProfileServerConnectionName })" executed="True" success="True" time="0.0000132" />
              <test-case name="UnitTests.Convensions.TestJobParametersConvensions.TestReferencedParameterIdExists(plannedJobType: typeof(BackgroundService.PlannedJobs.ExtractAndUploadPlannedJob), parameter: PropertyAndAttribute`1 { Attribute = JobParameterAttribute { Info = JobParameterInfo { ... }, ParameterId = &quot;ImportProfileShouldExist&quot;, TypeId = typeof(Model.Job.JobParameterAttribute) }, Property = Boolean ImportProfileShouldExist })" executed="True" success="True" time="0.0000105" />
              <test-case name="UnitTests.Convensions.TestJobParametersConvensions.TestReferencedParameterIdExists(plannedJobType: typeof(BackgroundService.PlannedJobs.ExtractAndUploadPlannedJob), parameter: PropertyAndAttribute`1 { Attribute = JobParameterAttribute { Info = JobParameterInfo { ... }, ParameterId = &quot;FtpUploadDataServerConnectionName&quot;, TypeId = typeof(Model.Job.JobParameterAttribute) }, Property = Model.SeverConnectionName FtpUploadDataServerConnectionName })" executed="True" success="True" time="0.0000094" />
              <test-case name="UnitTests.Convensions.TestJobParametersConvensions.TestReferencedParameterIdExists(plannedJobType: typeof(BackgroundService.PlannedJobs.ExtractAndUploadPlannedJob), parameter: PropertyAndAttribute`1 { Attribute = JobParameterAttribute { Info = JobParameterInfo { ... }, ParameterId = &quot;FtpUploadExtractedDataSetPath&quot;, TypeId = typeof(Model.Job.JobParameterAttribute) }, Property = System.String FtpUploadExtractedDataSetPath })" executed="True" success="True" time="0.0000083" />
              <test-case name="UnitTests.Convensions.TestJobParametersConvensions.TestReferencedParameterIdExists(plannedJobType: typeof(BackgroundService.PlannedJobs.ExtractAndUploadPlannedJob), parameter: PropertyAndAttribute`1 { Attribute = JobParameterAttribute { Info = JobParameterInfo { ... }, ParameterId = &quot;FtpUploadExtractedDataSetFileName&quot;, TypeId = typeof(Model.Job.JobParameterAttribute) }, Property = System.String FtpUploadExtractedDataSetFileName })" executed="True" success="True" time="0.000009" />
              <test-case name="UnitTests.Convensions.TestJobParametersConvensions.TestReferencedParameterIdExists(plannedJobType: typeof(BackgroundService.PlannedJobs.ExtractAndUploadPlannedJob), parameter: PropertyAndAttribute`1 { Attribute = JobParameterAttribute { Info = JobParameterInfo { ... }, ParameterId = &quot;MailOnError&quot;, TypeId = typeof(Model.Job.JobParameterAttribute) }, Property = System.String MailOnError })" executed="True" success="True" time="0.0000079" />
              <test-case name="UnitTests.Convensions.TestJobParametersConvensions.TestReferencedParameterIdExists(plannedJobType: typeof(BackgroundService.PlannedJobs.ExtractAndUploadPlannedJob), parameter: PropertyAndAttribute`1 { Attribute = JobParameterAttribute { Info = JobParameterInfo { ... }, ParameterId = &quot;MailOnOk&quot;, TypeId = typeof(Model.Job.JobParameterAttribute) }, Property = System.String MailOnOk })" executed="True" success="True" time="0.000009" />
              <test-case name="UnitTests.Convensions.TestJobParametersConvensions.TestReferencedParameterIdExists(plannedJobType: typeof(BackgroundService.PlannedJobs.TableCleanUpPlannedJob), parameter: PropertyAndAttribute`1 { Attribute = JobParameterAttribute { Info = JobParameterInfo { ... }, ParameterId = &quot;MaxLogAgeInDays&quot;, TypeId = typeof(Model.Job.JobParameterAttribute) }, Property = Int32 MaxLogAgeInDays })" executed="True" success="True" time="0.0000114" />
              <test-case name="UnitTests.Convensions.TestJobParametersConvensions.TestReferencedParameterIdExists(plannedJobType: typeof(BackgroundService.PlannedJobs.TableCleanUpPlannedJob), parameter: PropertyAndAttribute`1 { Attribute = JobParameterAttribute { Info = JobParameterInfo { ... }, ParameterId = &quot;MaxRecordCount&quot;, TypeId = typeof(Model.Job.JobParameterAttribute) }, Property = Int32 MaxRecordCount })" executed="True" success="True" time="0.0000079" />
              <test-case name="UnitTests.Convensions.TestJobParametersConvensions.TestReferencedParameterIdExists(plannedJobType: typeof(BackgroundService.PlannedJobs.TableCleanUpPlannedJob), parameter: PropertyAndAttribute`1 { Attribute = JobParameterAttribute { Info = JobParameterInfo { ... }, ParameterId = &quot;TableName&quot;, TypeId = typeof(Model.Job.JobParameterAttribute) }, Property = System.String TableName })" executed="True" success="True" time="0.0000079" />
            </results>
          </test-suite>
          <test-suite name="Test collection for UnitTests.IVUExtractLogFileParserTest" success="True" time="0.063">
            <results>
              <test-case name="UnitTests.IVUExtractLogFileParserTest.ReadLines_CanReadAllInfoLines" executed="True" success="True" time="0.0599413" />
              <test-case name="UnitTests.IVUExtractLogFileParserTest.ReadLines_CanReadFileNames" executed="True" success="True" time="0.0028342" />
              <test-case name="UnitTests.IVUExtractLogFileParserTest.ReadLines_CanReadAllWarningLines" executed="True" success="True" time="0.0004907" />
            </results>
          </test-suite>
          <test-suite name="Test collection for UnitTests.BackgroundService.TestTimeBasedRunConditionChecker" success="True" time="0.079">
            <results>
              <test-case name="UnitTests.BackgroundService.TestTimeBasedRunConditionChecker.IsSatisfied_WithMatchingDailyScheduleWithMargin_ReturnsTrue" executed="True" success="True" time="0.0713939" />
              <test-case name="UnitTests.BackgroundService.TestTimeBasedRunConditionChecker.IsSatisfied_WithNeverSchedule_ReturnsFalse" executed="True" success="True" time="0.0011719" />
              <test-case name="UnitTests.BackgroundService.TestTimeBasedRunConditionChecker.IsSatisfied_WithNotMatchingWeeklyScheduleWithMargin_ReturnsFalse" executed="True" success="True" time="0.0016143" />
              <test-case name="UnitTests.BackgroundService.TestTimeBasedRunConditionChecker.IsSatisfied_WithMatchingWeeklySchedule_ReturnsTrue" executed="True" success="True" time="0.0005199" />
              <test-case name="UnitTests.BackgroundService.TestTimeBasedRunConditionChecker.IsSatisfied_WithMatchingWeeklyScheduleWithMargin_ReturnsTrue" executed="True" success="True" time="0.0006309" />
              <test-case name="UnitTests.BackgroundService.TestTimeBasedRunConditionChecker.IsSatisfied_WithNotMatchingDailySchedule_ReturnsFalse" executed="True" success="True" time="0.0005169" />
              <test-case name="UnitTests.BackgroundService.TestTimeBasedRunConditionChecker.IsSatisfied_WithMatchingDailySchedule_ReturnsTrue" executed="True" success="True" time="0.0005093" />
              <test-case name="UnitTests.BackgroundService.TestTimeBasedRunConditionChecker.IsSatisfied_WithNotMatchingDailyScheduleWithMargin_ReturnsFalse" executed="True" success="True" time="0.0006347" />
              <test-case name="UnitTests.BackgroundService.TestTimeBasedRunConditionChecker.IsSatisfied_WithMatchingWeeklyScheduleWithMargin_ButHasAlreadyRun_ReturnsFalse" executed="True" success="True" time="0.0007046" />
              <test-case name="UnitTests.BackgroundService.TestTimeBasedRunConditionChecker.IsSatisfied_withMatchingDailyScheduleWithMargin_ButHasAlreadyRun_ReturnsFalse" executed="True" success="True" time="0.0006332" />
              <test-case name="UnitTests.BackgroundService.TestTimeBasedRunConditionChecker.IsSatisfied_WithNotMatchingWeeklySchedule_ReturnsFalse" executed="True" success="True" time="0.0004963" />
            </results>
          </test-suite>
          <test-suite name="Test collection for UnitTests.BackgroundService.TestContext" success="True" time="0.163">
            <results>
              <test-case name="UnitTests.BackgroundService.TestContext.Format_ReplacesMacros" executed="True" success="True" time="0.162225" />
              <test-case name="UnitTests.BackgroundService.TestContext.Format_NotRealMacro_NothingIsReplaced" executed="True" success="True" time="0.0002269" />
              <test-case name="UnitTests.BackgroundService.TestContext.Format_NoneExistingMacro_NothingIsReplaced" executed="True" success="True" time="0.0001911" />
            </results>
          </test-suite>
          <test-suite name="Test collection for UnitTests.BackgroundService.TestJobRunner" success="True" time="0.001">
            <results>
              <test-case name="UnitTests.BackgroundService.TestJobRunner.GivenAnEnumOfJobType_WhenCheckingImplementationCoverage_ThenAllValidEnumValuesHaveAJobRunnerImplementation(jobRunners: [DataSetJobRunner { ClassName = &quot;DataSetJobRunner&quot;, ErrorSleepTime = 00:00:10, HandlesJobType = DataSet, PoolInterval = 00:00:02 }, DistributionJobRunner { ClassName = &quot;DistributionJobRunner&quot;, ErrorSleepTime = 00:00:10, HandlesJobType = Distribution, PoolInterval = 00:00:02 }, TableCleanupJobRunner { ClassName = &quot;TableCleanupJobRunner&quot;, ErrorSleepTime = 00:00:10, HandlesJobType = TableCleanup, PoolInterval = 00:00:02 }, TransformationJobRunner { ClassName = &quot;TransformationJobRunner&quot;, ErrorSleepTime = 00:00:10, HandlesJobType = Transformation, PoolInterval = 00:00:02 }], jobType: DataSet)" executed="True" success="True" time="0.0004762" />
              <test-case name="UnitTests.BackgroundService.TestJobRunner.GivenAnEnumOfJobType_WhenCheckingImplementationCoverage_ThenAllValidEnumValuesHaveAJobRunnerImplementation(jobRunners: [DataSetJobRunner { ClassName = &quot;DataSetJobRunner&quot;, ErrorSleepTime = 00:00:10, HandlesJobType = DataSet, PoolInterval = 00:00:02 }, DistributionJobRunner { ClassName = &quot;DistributionJobRunner&quot;, ErrorSleepTime = 00:00:10, HandlesJobType = Distribution, PoolInterval = 00:00:02 }, TableCleanupJobRunner { ClassName = &quot;TableCleanupJobRunner&quot;, ErrorSleepTime = 00:00:10, HandlesJobType = TableCleanup, PoolInterval = 00:00:02 }, TransformationJobRunner { ClassName = &quot;TransformationJobRunner&quot;, ErrorSleepTime = 00:00:10, HandlesJobType = Transformation, PoolInterval = 00:00:02 }], jobType: Transformation)" executed="True" success="True" time="0.000049" />
              <test-case name="UnitTests.BackgroundService.TestJobRunner.GivenAnEnumOfJobType_WhenCheckingImplementationCoverage_ThenAllValidEnumValuesHaveAJobRunnerImplementation(jobRunners: [DataSetJobRunner { ClassName = &quot;DataSetJobRunner&quot;, ErrorSleepTime = 00:00:10, HandlesJobType = DataSet, PoolInterval = 00:00:02 }, DistributionJobRunner { ClassName = &quot;DistributionJobRunner&quot;, ErrorSleepTime = 00:00:10, HandlesJobType = Distribution, PoolInterval = 00:00:02 }, TableCleanupJobRunner { ClassName = &quot;TableCleanupJobRunner&quot;, ErrorSleepTime = 00:00:10, HandlesJobType = TableCleanup, PoolInterval = 00:00:02 }, TransformationJobRunner { ClassName = &quot;TransformationJobRunner&quot;, ErrorSleepTime = 00:00:10, HandlesJobType = Transformation, PoolInterval = 00:00:02 }], jobType: Distribution)" executed="True" success="True" time="0.000022" />
              <test-case name="UnitTests.BackgroundService.TestJobRunner.GivenAnEnumOfJobType_WhenCheckingImplementationCoverage_ThenAllValidEnumValuesHaveAJobRunnerImplementation(jobRunners: [DataSetJobRunner { ClassName = &quot;DataSetJobRunner&quot;, ErrorSleepTime = 00:00:10, HandlesJobType = DataSet, PoolInterval = 00:00:02 }, DistributionJobRunner { ClassName = &quot;DistributionJobRunner&quot;, ErrorSleepTime = 00:00:10, HandlesJobType = Distribution, PoolInterval = 00:00:02 }, TableCleanupJobRunner { ClassName = &quot;TableCleanupJobRunner&quot;, ErrorSleepTime = 00:00:10, HandlesJobType = TableCleanup, PoolInterval = 00:00:02 }, TransformationJobRunner { ClassName = &quot;TransformationJobRunner&quot;, ErrorSleepTime = 00:00:10, HandlesJobType = Transformation, PoolInterval = 00:00:02 }], jobType: TableCleanup)" executed="True" success="True" time="0.0000227" />
            </results>
          </test-suite>
        </results>
      </test-suite>
    </results>
  </test-suite>
</test-results>