<?xml version="1.0"?>
<!DOCTYPE coverage SYSTEM "http://cobertura.sourceforge.net/xml/coverage-04.dtd">

<coverage line-rate="1.0" branch-rate="1.0" lines-covered="6" lines-valid="6" branches-covered="0" branches-valid="0" complexity="1.0" version="1.9.4.1" timestamp="1337804527812">
	<sources>
		<source>/home/tomcat7/.jenkins/jobs/nonescaped-markup-plugin/workspace/target/generated-sources/localizer</source>
		<source>/home/tomcat7/.jenkins/jobs/nonescaped-markup-plugin/workspace/src/main/java</source>
		<source>--source</source>
	</sources>
	<packages>
		<package name="org.jenkinsci.plugins.nonescapedmarkup" line-rate="1.0" branch-rate="1.0" complexity="1.0">
			<classes>
				<class name="org.jenkinsci.plugins.nonescapedmarkup.NonEscapedMarkupFormatter" filename="org/jenkinsci/plugins/nonescapedmarkup/NonEscapedMarkupFormatter.java" line-rate="1.0" branch-rate="1.0" complexity="1.0">
					<methods>
						<method name="&lt;init&gt;" signature="()V" line-rate="1.0" branch-rate="1.0">
							<lines>
								<line number="41" hits="3" branch="false"/>
								<line number="42" hits="3" branch="false"/>
							</lines>
						</method>
						<method name="translate" signature="(Ljava/lang/String;Ljava/io/Writer;)V" line-rate="1.0" branch-rate="1.0">
							<lines>
								<line number="46" hits="2" branch="false"/>
								<line number="47" hits="2" branch="false"/>
							</lines>
						</method>
					</methods>
					<lines>
						<line number="41" hits="3" branch="false"/>
						<line number="42" hits="3" branch="false"/>
						<line number="46" hits="2" branch="false"/>
						<line number="47" hits="2" branch="false"/>
					</lines>
				</class>
				<class name="org.jenkinsci.plugins.nonescapedmarkup.NonEscapedMarkupFormatter$DescriptorImpl" filename="org/jenkinsci/plugins/nonescapedmarkup/NonEscapedMarkupFormatter.java" line-rate="1.0" branch-rate="1.0" complexity="1.0">
					<methods>
						<method name="&lt;init&gt;" signature="()V" line-rate="1.0" branch-rate="1.0">
							<lines>
								<line number="50" hits="3" branch="false"/>
							</lines>
						</method>
						<method name="getDisplayName" signature="()Ljava/lang/String;" line-rate="1.0" branch-rate="1.0">
							<lines>
								<line number="54" hits="39" branch="false"/>
							</lines>
						</method>
					</methods>
					<lines>
						<line number="50" hits="3" branch="false"/>
						<line number="54" hits="39" branch="false"/>
					</lines>
				</class>
			</classes>
		</package>
	</packages>
</coverage>
