Started by user Cruise Test System
Running as SYSTEM
[EnvInject] - Loading node environment variables.
Building remotely on nwb-sol11-test1 (Solaris_x86 ipv4 solaris11 ipv6 NONECORE WMQ 64 32) in workspace /x1/jenkins/workspace/VAPP_INTERNAL_ORBIX3_TEST
[WS-CLEANUP] Deleting project workspace...
[WS-CLEANUP] Deferred wipeout is used...
FATAL: java.io.IOException: Unexpected termination of the channel
java.io.EOFException
	at java.io.ObjectInputStream$PeekInputStream.readFully(ObjectInputStream.java:2759)
	at java.io.ObjectInputStream$BlockDataInputStream.readShort(ObjectInputStream.java:3234)
	at java.io.ObjectInputStream.readStreamHeader(ObjectInputStream.java:913)
	at java.io.ObjectInputStream.<init>(ObjectInputStream.java:375)
	at hudson.remoting.ObjectInputStreamEx.<init>(ObjectInputStreamEx.java:49)
	at hudson.remoting.Command.readFrom(Command.java:142)
	at hudson.remoting.Command.readFrom(Command.java:128)
	at hudson.remoting.AbstractSynchronousByteArrayCommandTransport.read(AbstractSynchronousByteArrayCommandTransport.java:35)
	at hudson.remoting.SynchronousCommandTransport$ReaderThread.run(SynchronousCommandTransport.java:63)
Caused: java.io.IOException: Unexpected termination of the channel
	at hudson.remoting.SynchronousCommandTransport$ReaderThread.run(SynchronousCommandTransport.java:77)
Also:   hudson.remoting.Channel$CallSiteStackTrace: Remote call to nwb-sol11-test1
		at hudson.remoting.Channel.attachCallSiteStackTrace(Channel.java:1800)
		at hudson.remoting.Request.call(Request.java:198)
		at hudson.remoting.Channel.call(Channel.java:1000)
		at hudson.FilePath.act(FilePath.java:1070)
		at hudson.FilePath.act(FilePath.java:1059)
		at hudson.scm.SubversionSCM.checkout(SubversionSCM.java:927)
		at hudson.scm.SubversionSCM.checkout(SubversionSCM.java:857)
		at hudson.scm.SCM.checkout(SCM.java:505)
		at hudson.model.AbstractProject.checkout(AbstractProject.java:1206)
		at hudson.model.AbstractBuild$AbstractBuildExecution.defaultCheckout(AbstractBuild.java:574)
		at jenkins.scm.SCMCheckoutStrategy.checkout(SCMCheckoutStrategy.java:86)
		at hudson.model.AbstractBuild$AbstractBuildExecution.run(AbstractBuild.java:499)
		at hudson.model.Run.execute(Run.java:1894)
		at hudson.model.FreeStyleBuild.run(FreeStyleBuild.java:43)
		at hudson.model.ResourceController.execute(ResourceController.java:97)
		at hudson.model.Executor.run(Executor.java:428)
Caused: hudson.remoting.RequestAbortedException
	at hudson.remoting.Request.abort(Request.java:344)
	at hudson.remoting.Channel.terminate(Channel.java:1085)
	at hudson.remoting.SynchronousCommandTransport$ReaderThread.run(SynchronousCommandTransport.java:94)
[Checks API] No suitable checks publisher found.
ERROR: Step ‘Delete workspace when build is done’ failed: no workspace for VAPP_INTERNAL_ORBIX3_TEST #1
Finished: FAILURE
