<?xml version="1.0" encoding="UTF-8"?>
<coverage generated="1515463459">
  <project timestamp="1515463459">
    <package name="AppBundle">
      <file name="C:\Apache24\htdocs\inew\src\AppBundle/AppBundle.php">
        <class name="AppBundle" namespace="AppBundle">
          <metrics complexity="0" methods="0" coveredmethods="0" conditionals="0" coveredconditionals="0" statements="0" coveredstatements="0" elements="0" coveredelements="0"/>
        </class>
        <metrics loc="9" ncloc="9" classes="0" methods="0" coveredmethods="0" conditionals="0" coveredconditionals="0" statements="0" coveredstatements="0" elements="0" coveredelements="0"/>
      </file>
    </package>
    <package name="AppBundle\Controller\Actions">
      <file name="C:\Apache24\htdocs\inew\src\AppBundle/Controller/Actions/OpenActionsController.php">
        <class name="OpenActionsController" namespace="AppBundle\Controller\Actions">
          <metrics complexity="1" methods="1" coveredmethods="1" conditionals="0" coveredconditionals="0" statements="5" coveredstatements="5" elements="6" coveredelements="6"/>
        </class>
        <line num="24" type="method" name="indexAction" visibility="public" complexity="1" crap="1" count="5"/>
        <line num="26" type="stmt" count="5"/>
        <line num="27" type="stmt" count="5"/>
        <line num="28" type="stmt" count="5"/>
        <line num="29" type="stmt" count="5"/>
        <line num="30" type="stmt" count="5"/>
        <metrics loc="32" ncloc="20" classes="1" methods="1" coveredmethods="1" conditionals="0" coveredconditionals="0" statements="5" coveredstatements="5" elements="6" coveredelements="6"/>
      </file>
    </package>
    <package name="AppBundle\Controller\Calendar">
      <file name="C:\Apache24\htdocs\inew\src\AppBundle/Controller/Calendar/CalendarController.php">
        <class name="CalendarController" namespace="AppBundle\Controller\Calendar">
          <metrics complexity="51" methods="17" coveredmethods="7" conditionals="0" coveredconditionals="0" statements="186" coveredstatements="106" elements="203" coveredelements="113"/>
        </class>
        <line num="20" type="method" name="saveAktionData" visibility="public" complexity="3" crap="3" count="7"/>
        <line num="22" type="stmt" count="7"/>
        <line num="25" type="stmt" count="7"/>
        <line num="26" type="stmt" count="7"/>
        <line num="27" type="stmt" count="5"/>
        <line num="28" type="stmt" count="5"/>
        <line num="29" type="stmt" count="5"/>
        <line num="31" type="stmt" count="7"/>
        <line num="34" type="stmt" count="7"/>
        <line num="36" type="stmt" count="7"/>
        <line num="37" type="stmt" count="7"/>
        <line num="39" type="stmt" count="7"/>
        <line num="40" type="stmt" count="7"/>
        <line num="41" type="stmt" count="7"/>
        <line num="44" type="stmt" count="7"/>
        <line num="45" type="stmt" count="7"/>
        <line num="46" type="stmt" count="7"/>
        <line num="48" type="stmt" count="7"/>
        <line num="49" type="stmt" count="7"/>
        <line num="50" type="stmt" count="7"/>
        <line num="52" type="stmt" count="7"/>
        <line num="53" type="stmt" count="7"/>
        <line num="54" type="stmt" count="7"/>
        <line num="60" type="method" name="deleteAktion" visibility="public" complexity="2" crap="2" count="1"/>
        <line num="62" type="stmt" count="1"/>
        <line num="63" type="stmt" count="1"/>
        <line num="65" type="stmt" count="1"/>
        <line num="66" type="stmt" count="1"/>
        <line num="67" type="stmt" count="1"/>
        <line num="68" type="stmt" count="1"/>
        <line num="70" type="stmt" count="1"/>
        <line num="71" type="stmt" count="1"/>
        <line num="77" type="method" name="indexAction" visibility="public" complexity="1" crap="1" count="5"/>
        <line num="79" type="stmt" count="5"/>
        <line num="80" type="stmt" count="5"/>
        <line num="81" type="stmt" count="5"/>
        <line num="82" type="stmt" count="5"/>
        <line num="83" type="stmt" count="5"/>
        <line num="84" type="stmt" count="5"/>
        <line num="93" type="method" name="uploadFileAction" visibility="public" complexity="3" crap="3.03" count="1"/>
        <line num="95" type="stmt" count="1"/>
        <line num="96" type="stmt" count="1"/>
        <line num="97" type="stmt" count="1"/>
        <line num="100" type="stmt" count="1"/>
        <line num="101" type="stmt" count="1"/>
        <line num="102" type="stmt" count="1"/>
        <line num="103" type="stmt" count="1"/>
        <line num="104" type="stmt" count="1"/>
        <line num="105" type="stmt" count="1"/>
        <line num="106" type="stmt" count="1"/>
        <line num="107" type="stmt" count="0"/>
        <line num="108" type="stmt" count="0"/>
        <line num="111" type="stmt" count="1"/>
        <line num="121" type="method" name="showFilesAction" visibility="public" complexity="4" crap="4.04" count="14"/>
        <line num="123" type="stmt" count="14"/>
        <line num="125" type="stmt" count="14"/>
        <line num="126" type="stmt" count="14"/>
        <line num="128" type="stmt" count="14"/>
        <line num="129" type="stmt" count="6"/>
        <line num="130" type="stmt" count="6"/>
        <line num="132" type="stmt" count="14"/>
        <line num="133" type="stmt" count="14"/>
        <line num="134" type="stmt" count="14"/>
        <line num="136" type="stmt" count="14"/>
        <line num="137" type="stmt" count="14"/>
        <line num="138" type="stmt" count="14"/>
        <line num="139" type="stmt" count="0"/>
        <line num="140" type="stmt" count="0"/>
        <line num="143" type="stmt" count="14"/>
        <line num="149" type="method" name="getActionOfDay" visibility="public" complexity="1" crap="1" count="5"/>
        <line num="151" type="stmt" count="5"/>
        <line num="153" type="stmt" count="5"/>
        <line num="154" type="stmt" count="5"/>
        <line num="155" type="stmt" count="5"/>
        <line num="156" type="stmt" count="5"/>
        <line num="157" type="stmt" count="5"/>
        <line num="158" type="stmt" count="5"/>
        <line num="159" type="stmt" count="5"/>
        <line num="160" type="stmt" count="5"/>
        <line num="161" type="stmt" count="5"/>
        <line num="164" type="stmt" count="5"/>
        <line num="165" type="stmt" count="5"/>
        <line num="167" type="stmt" count="5"/>
        <line num="173" type="method" name="getWorkTime" visibility="public" complexity="1" crap="1" count="5"/>
        <line num="175" type="stmt" count="5"/>
        <line num="176" type="stmt" count="5"/>
        <line num="177" type="stmt" count="5"/>
        <line num="178" type="stmt" count="5"/>
        <line num="180" type="stmt" count="5"/>
        <line num="187" type="method" name="getCallsFromActions" visibility="private" complexity="2" crap="2" count="5"/>
        <line num="189" type="stmt" count="5"/>
        <line num="190" type="stmt" count="5"/>
        <line num="191" type="stmt" count="1"/>
        <line num="192" type="stmt" count="5"/>
        <line num="194" type="stmt" count="5"/>
        <line num="195" type="stmt" count="5"/>
        <line num="203" type="method" name="fakeWorkTime" visibility="private" complexity="6" crap="42" count="0"/>
        <line num="205" type="stmt" count="0"/>
        <line num="206" type="stmt" count="0"/>
        <line num="207" type="stmt" count="0"/>
        <line num="208" type="stmt" count="0"/>
        <line num="209" type="stmt" count="0"/>
        <line num="210" type="stmt" count="0"/>
        <line num="211" type="stmt" count="0"/>
        <line num="213" type="stmt" count="0"/>
        <line num="214" type="stmt" count="0"/>
        <line num="215" type="stmt" count="0"/>
        <line num="216" type="stmt" count="0"/>
        <line num="217" type="stmt" count="0"/>
        <line num="218" type="stmt" count="0"/>
        <line num="219" type="stmt" count="0"/>
        <line num="220" type="stmt" count="0"/>
        <line num="222" type="stmt" count="0"/>
        <line num="225" type="method" name="getUserWorkTime" visibility="private" complexity="4" crap="4.13" count="5"/>
        <line num="227" type="stmt" count="5"/>
        <line num="230" type="stmt" count="5"/>
        <line num="231" type="stmt" count="5"/>
        <line num="232" type="stmt" count="5"/>
        <line num="234" type="stmt" count="5"/>
        <line num="235" type="stmt" count="0"/>
        <line num="236" type="stmt" count="5"/>
        <line num="237" type="stmt" count="5"/>
        <line num="238" type="stmt" count="0"/>
        <line num="240" type="stmt" count="5"/>
        <line num="248" type="method" name="rearrangeForCalendar" visibility="private" complexity="11" crap="132" count="0"/>
        <line num="252" type="stmt" count="0"/>
        <line num="253" type="stmt" count="0"/>
        <line num="254" type="stmt" count="0"/>
        <line num="255" type="stmt" count="0"/>
        <line num="257" type="stmt" count="0"/>
        <line num="259" type="stmt" count="0"/>
        <line num="260" type="stmt" count="0"/>
        <line num="261" type="stmt" count="0"/>
        <line num="262" type="stmt" count="0"/>
        <line num="263" type="stmt" count="0"/>
        <line num="264" type="stmt" count="0"/>
        <line num="265" type="stmt" count="0"/>
        <line num="266" type="stmt" count="0"/>
        <line num="270" type="stmt" count="0"/>
        <line num="271" type="stmt" count="0"/>
        <line num="272" type="stmt" count="0"/>
        <line num="274" type="stmt" count="0"/>
        <line num="275" type="stmt" count="0"/>
        <line num="276" type="stmt" count="0"/>
        <line num="280" type="stmt" count="0"/>
        <line num="281" type="stmt" count="0"/>
        <line num="282" type="stmt" count="0"/>
        <line num="284" type="stmt" count="0"/>
        <line num="285" type="stmt" count="0"/>
        <line num="286" type="stmt" count="0"/>
        <line num="287" type="stmt" count="0"/>
        <line num="288" type="stmt" count="0"/>
        <line num="289" type="stmt" count="0"/>
        <line num="290" type="stmt" count="0"/>
        <line num="293" type="method" name="makeWorkTimeEntry" visibility="private" complexity="7" crap="56" count="0"/>
        <line num="296" type="stmt" count="0"/>
        <line num="297" type="stmt" count="0"/>
        <line num="300" type="stmt" count="0"/>
        <line num="301" type="stmt" count="0"/>
        <line num="302" type="stmt" count="0"/>
        <line num="303" type="stmt" count="0"/>
        <line num="304" type="stmt" count="0"/>
        <line num="305" type="stmt" count="0"/>
        <line num="307" type="stmt" count="0"/>
        <line num="308" type="stmt" count="0"/>
        <line num="309" type="stmt" count="0"/>
        <line num="310" type="stmt" count="0"/>
        <line num="311" type="stmt" count="0"/>
        <line num="312" type="stmt" count="0"/>
        <line num="313" type="stmt" count="0"/>
        <line num="314" type="stmt" count="0"/>
        <line num="316" type="stmt" count="0"/>
        <line num="317" type="stmt" count="0"/>
        <line num="320" type="method" name="isTimeKey" visibility="private" complexity="1" crap="2" count="0"/>
        <line num="322" type="stmt" count="0"/>
        <line num="325" type="method" name="isCodeKey" visibility="private" complexity="1" crap="2" count="0"/>
        <line num="327" type="stmt" count="0"/>
        <line num="334" type="method" name="calculateDates" visibility="private" complexity="2" crap="2.01" count="5"/>
        <line num="336" type="stmt" count="5"/>
        <line num="337" type="stmt" count="5"/>
        <line num="338" type="stmt" count="5"/>
        <line num="339" type="stmt" count="0"/>
        <line num="341" type="stmt" count="5"/>
        <line num="343" type="stmt" count="5"/>
        <line num="345" type="stmt" count="5"/>
        <line num="348" type="method" name="getWeekWithCurrentDayAsLastDay" visibility="private" complexity="1" crap="1" count="5"/>
        <line num="350" type="stmt" count="5"/>
        <line num="352" type="stmt" count="5"/>
        <line num="354" type="stmt" count="5"/>
        <line num="355" type="stmt" count="5"/>
        <line num="356" type="stmt" count="5"/>
        <line num="357" type="stmt" count="5"/>
        <line num="359" type="stmt" count="5"/>
        <line num="360" type="stmt" count="5"/>
        <line num="363" type="method" name="getWeekWithSelectedDayAsCenter" visibility="private" complexity="1" crap="2" count="0"/>
        <line num="365" type="stmt" count="0"/>
        <line num="367" type="stmt" count="0"/>
        <line num="369" type="stmt" count="0"/>
        <line num="370" type="stmt" count="0"/>
        <line num="372" type="stmt" count="0"/>
        <line num="373" type="stmt" count="0"/>
        <line num="375" type="stmt" count="0"/>
        <line num="376" type="stmt" count="0"/>
        <metrics loc="378" ncloc="311" classes="1" methods="17" coveredmethods="7" conditionals="0" coveredconditionals="0" statements="186" coveredstatements="106" elements="203" coveredelements="113"/>
      </file>
      <file name="C:\Apache24\htdocs\inew\src\AppBundle/Controller/Calendar/FavListController.php">
        <class name="FavListController" namespace="AppBundle\Controller\Calendar">
          <metrics complexity="29" methods="17" coveredmethods="6" conditionals="0" coveredconditionals="0" statements="128" coveredstatements="60" elements="145" coveredelements="66"/>
        </class>
        <line num="16" type="method" name="sendCallInfo" visibility="public" complexity="2" crap="5.33" count="15"/>
        <line num="19" type="stmt" count="0"/>
        <line num="20" type="stmt" count="0"/>
        <line num="21" type="stmt" count="0"/>
        <line num="22" type="stmt" count="0"/>
        <line num="23" type="stmt" count="0"/>
        <line num="25" type="stmt" count="0"/>
        <line num="26" type="stmt" count="0"/>
        <line num="27" type="stmt" count="0"/>
        <line num="28" type="stmt" count="0"/>
        <line num="29" type="stmt" count="0"/>
        <line num="31" type="stmt" count="0"/>
        <line num="32" type="stmt" count="0"/>
        <line num="33" type="stmt" count="0"/>
        <line num="34" type="stmt" count="0"/>
        <line num="37" type="stmt" count="0"/>
        <line num="38" type="stmt" count="15"/>
        <line num="39" type="stmt" count="0"/>
        <line num="45" type="method" name="favListAction" visibility="public" complexity="1" crap="1" count="15"/>
        <line num="47" type="stmt" count="15"/>
        <line num="48" type="stmt" count="15"/>
        <line num="49" type="stmt" count="15"/>
        <line num="51" type="stmt" count="15"/>
        <line num="52" type="stmt" count="15"/>
        <line num="53" type="stmt" count="15"/>
        <line num="54" type="stmt" count="15"/>
        <line num="55" type="stmt" count="15"/>
        <line num="56" type="stmt" count="15"/>
        <line num="58" type="stmt" count="15"/>
        <line num="59" type="stmt" count="15"/>
        <line num="61" type="stmt" count="15"/>
        <line num="67" type="method" name="deleteFavListItem" visibility="public" complexity="3" crap="12" count="0"/>
        <line num="69" type="stmt" count="0"/>
        <line num="70" type="stmt" count="0"/>
        <line num="73" type="stmt" count="0"/>
        <line num="74" type="stmt" count="0"/>
        <line num="76" type="stmt" count="0"/>
        <line num="77" type="stmt" count="0"/>
        <line num="78" type="stmt" count="0"/>
        <line num="80" type="stmt" count="0"/>
        <line num="86" type="method" name="addFavListItem" visibility="public" complexity="3" crap="12" count="0"/>
        <line num="88" type="stmt" count="0"/>
        <line num="89" type="stmt" count="0"/>
        <line num="92" type="stmt" count="0"/>
        <line num="93" type="stmt" count="0"/>
        <line num="95" type="stmt" count="0"/>
        <line num="97" type="stmt" count="0"/>
        <line num="99" type="stmt" count="0"/>
        <line num="105" type="method" name="getAllCalls" visibility="public" complexity="1" crap="2" count="0"/>
        <line num="107" type="stmt" count="0"/>
        <line num="109" type="stmt" count="0"/>
        <line num="111" type="stmt" count="0"/>
        <line num="112" type="stmt" count="0"/>
        <line num="114" type="stmt" count="0"/>
        <line num="120" type="method" name="getMyCallsAction" visibility="public" complexity="1" crap="2" count="0"/>
        <line num="122" type="stmt" count="0"/>
        <line num="124" type="stmt" count="0"/>
        <line num="126" type="stmt" count="0"/>
        <line num="127" type="stmt" count="0"/>
        <line num="129" type="stmt" count="0"/>
        <line num="143" type="method" name="getAllCallsOfUser" visibility="private" complexity="1" crap="1" count="15"/>
        <line num="146" type="stmt" count="15"/>
        <line num="147" type="stmt" count="15"/>
        <line num="148" type="stmt" count="15"/>
        <line num="150" type="stmt" count="15"/>
        <line num="151" type="stmt" count="15"/>
        <line num="152" type="stmt" count="15"/>
        <line num="155" type="stmt" count="15"/>
        <line num="156" type="stmt" count="15"/>
        <line num="158" type="stmt" count="15"/>
        <line num="159" type="stmt" count="15"/>
        <line num="160" type="stmt" count="15"/>
        <line num="162" type="stmt" count="15"/>
        <line num="165" type="method" name="getUserCalls" visibility="private" complexity="1" crap="2" count="0"/>
        <line num="167" type="stmt" count="0"/>
        <line num="168" type="stmt" count="0"/>
        <line num="169" type="stmt" count="0"/>
        <line num="170" type="stmt" count="0"/>
        <line num="173" type="method" name="getIDsFromCall" visibility="private" complexity="2" crap="2.03" count="15"/>
        <line num="175" type="stmt" count="15"/>
        <line num="176" type="stmt" count="15"/>
        <line num="177" type="stmt" count="0"/>
        <line num="178" type="stmt" count="15"/>
        <line num="179" type="stmt" count="15"/>
        <line num="193" type="method" name="getAllCallsWithinTime" visibility="private" complexity="1" crap="2" count="0"/>
        <line num="195" type="stmt" count="0"/>
        <line num="196" type="stmt" count="0"/>
        <line num="197" type="stmt" count="0"/>
        <line num="198" type="stmt" count="0"/>
        <line num="201" type="stmt" count="0"/>
        <line num="202" type="stmt" count="0"/>
        <line num="212" type="method" name="getStartTime" visibility="private" complexity="2" crap="6" count="0"/>
        <line num="214" type="stmt" count="0"/>
        <line num="216" type="stmt" count="0"/>
        <line num="217" type="stmt" count="0"/>
        <line num="218" type="stmt" count="0"/>
        <line num="219" type="stmt" count="0"/>
        <line num="220" type="stmt" count="0"/>
        <line num="222" type="stmt" count="0"/>
        <line num="235" type="method" name="getEmailAdressFromUser" visibility="private" complexity="2" crap="6" count="0"/>
        <line num="237" type="stmt" count="0"/>
        <line num="238" type="stmt" count="0"/>
        <line num="239" type="stmt" count="0"/>
        <line num="242" type="stmt" count="0"/>
        <line num="243" type="stmt" count="0"/>
        <line num="245" type="stmt" count="0"/>
        <line num="254" type="method" name="replaceSpecialChars" visibility="private" complexity="1" crap="2" count="0"/>
        <line num="256" type="stmt" count="0"/>
        <line num="257" type="stmt" count="0"/>
        <line num="258" type="stmt" count="0"/>
        <line num="261" type="method" name="getUserShortNames" visibility="private" complexity="1" crap="1" count="15"/>
        <line num="263" type="stmt" count="15"/>
        <line num="264" type="stmt" count="15"/>
        <line num="266" type="stmt" count="15"/>
        <line num="267" type="stmt" count="15"/>
        <line num="268" type="stmt" count="15"/>
        <line num="269" type="stmt" count="15"/>
        <line num="270" type="stmt" count="15"/>
        <line num="271" type="stmt" count="15"/>
        <line num="273" type="stmt" count="15"/>
        <line num="276" type="method" name="getPoolUserShortNames" visibility="private" complexity="1" crap="1" count="15"/>
        <line num="278" type="stmt" count="15"/>
        <line num="279" type="stmt" count="15"/>
        <line num="281" type="stmt" count="15"/>
        <line num="282" type="stmt" count="15"/>
        <line num="283" type="stmt" count="15"/>
        <line num="284" type="stmt" count="15"/>
        <line num="285" type="stmt" count="15"/>
        <line num="286" type="stmt" count="15"/>
        <line num="287" type="stmt" count="15"/>
        <line num="289" type="stmt" count="15"/>
        <line num="292" type="method" name="getListOfUserShortNames" visibility="private" complexity="2" crap="2" count="15"/>
        <line num="295" type="stmt" count="15"/>
        <line num="296" type="stmt" count="15"/>
        <line num="297" type="stmt" count="15"/>
        <line num="299" type="stmt" count="15"/>
        <line num="301" type="stmt" count="15"/>
        <line num="304" type="method" name="filterClosedCalls" visibility="private" complexity="4" crap="4" count="15"/>
        <line num="306" type="stmt" count="15"/>
        <line num="307" type="stmt" count="15"/>
        <line num="308" type="stmt" count="15"/>
        <line num="309" type="stmt" count="15"/>
        <line num="310" type="stmt" count="15"/>
        <line num="311" type="stmt" count="15"/>
        <line num="312" type="stmt" count="15"/>
        <metrics loc="314" ncloc="243" classes="1" methods="17" coveredmethods="6" conditionals="0" coveredconditionals="0" statements="128" coveredstatements="60" elements="145" coveredelements="66"/>
      </file>
    </package>
    <package name="AppBundle\Controller\Calls">
      <file name="C:\Apache24\htdocs\inew\src\AppBundle/Controller/Calls/CallViewsCreationController.php">
        <class name="CallViewsCreationController" namespace="AppBundle\Controller\Calls">
          <metrics complexity="39" methods="13" coveredmethods="10" conditionals="0" coveredconditionals="0" statements="166" coveredstatements="160" elements="179" coveredelements="170"/>
        </class>
        <line num="16" type="method" name="indexAction" visibility="public" complexity="1" crap="1" count="10"/>
        <line num="18" type="stmt" count="10"/>
        <line num="19" type="stmt" count="10"/>
        <line num="21" type="stmt" count="10"/>
        <line num="27" type="method" name="saveCall" visibility="public" complexity="5" crap="5.01" count="3"/>
        <line num="29" type="stmt" count="3"/>
        <line num="30" type="stmt" count="3"/>
        <line num="31" type="stmt" count="3"/>
        <line num="32" type="stmt" count="3"/>
        <line num="33" type="stmt" count="3"/>
        <line num="34" type="stmt" count="3"/>
        <line num="35" type="stmt" count="3"/>
        <line num="36" type="stmt" count="2"/>
        <line num="37" type="stmt" count="2"/>
        <line num="38" type="stmt" count="1"/>
        <line num="41" type="stmt" count="3"/>
        <line num="42" type="stmt" count="3"/>
        <line num="48" type="stmt" count="3"/>
        <line num="49" type="stmt" count="3"/>
        <line num="50" type="stmt" count="1"/>
        <line num="51" type="stmt" count="3"/>
        <line num="52" type="stmt" count="0"/>
        <line num="53" type="stmt" count="0"/>
        <line num="54" type="stmt" count="3"/>
        <line num="56" type="stmt" count="3"/>
        <line num="57" type="stmt" count="3"/>
        <line num="60" type="stmt" count="3"/>
        <line num="61" type="stmt" count="3"/>
        <line num="63" type="stmt" count="3"/>
        <line num="64" type="stmt" count="3"/>
        <line num="65" type="stmt" count="3"/>
        <line num="66" type="stmt" count="3"/>
        <line num="67" type="stmt" count="3"/>
        <line num="69" type="stmt" count="3"/>
        <line num="71" type="stmt" count="3"/>
        <line num="72" type="stmt" count="3"/>
        <line num="73" type="stmt" count="3"/>
        <line num="79" type="method" name="getCallData" visibility="public" complexity="1" crap="1" count="10"/>
        <line num="81" type="stmt" count="10"/>
        <line num="82" type="stmt" count="10"/>
        <line num="83" type="stmt" count="10"/>
        <line num="85" type="stmt" count="10"/>
        <line num="86" type="stmt" count="10"/>
        <line num="88" type="stmt" count="10"/>
        <line num="89" type="stmt" count="10"/>
        <line num="90" type="stmt" count="10"/>
        <line num="91" type="stmt" count="10"/>
        <line num="92" type="stmt" count="10"/>
        <line num="93" type="stmt" count="10"/>
        <line num="95" type="stmt" count="10"/>
        <line num="96" type="stmt" count="10"/>
        <line num="97" type="stmt" count="10"/>
        <line num="99" type="stmt" count="10"/>
        <line num="105" type="method" name="getAllCallsOfProject" visibility="public" complexity="5" crap="5" count="8"/>
        <line num="107" type="stmt" count="8"/>
        <line num="108" type="stmt" count="8"/>
        <line num="109" type="stmt" count="8"/>
        <line num="111" type="stmt" count="8"/>
        <line num="112" type="stmt" count="8"/>
        <line num="113" type="stmt" count="8"/>
        <line num="114" type="stmt" count="8"/>
        <line num="116" type="stmt" count="8"/>
        <line num="117" type="stmt" count="8"/>
        <line num="118" type="stmt" count="8"/>
        <line num="120" type="stmt" count="8"/>
        <line num="121" type="stmt" count="8"/>
        <line num="122" type="stmt" count="8"/>
        <line num="123" type="stmt" count="8"/>
        <line num="124" type="stmt" count="8"/>
        <line num="125" type="stmt" count="8"/>
        <line num="127" type="stmt" count="8"/>
        <line num="128" type="stmt" count="8"/>
        <line num="129" type="stmt" count="8"/>
        <line num="131" type="stmt" count="8"/>
        <line num="136" type="method" name="getAllCallCategories" visibility="private" complexity="4" crap="4" count="10"/>
        <line num="138" type="stmt" count="10"/>
        <line num="139" type="stmt" count="10"/>
        <line num="140" type="stmt" count="10"/>
        <line num="142" type="stmt" count="10"/>
        <line num="144" type="stmt" count="10"/>
        <line num="145" type="stmt" count="10"/>
        <line num="146" type="stmt" count="10"/>
        <line num="148" type="stmt" count="10"/>
        <line num="149" type="stmt" count="10"/>
        <line num="150" type="stmt" count="10"/>
        <line num="152" type="stmt" count="10"/>
        <line num="153" type="stmt" count="10"/>
        <line num="155" type="stmt" count="10"/>
        <line num="158" type="method" name="getAllTicketways" visibility="private" complexity="2" crap="2" count="10"/>
        <line num="160" type="stmt" count="10"/>
        <line num="161" type="stmt" count="10"/>
        <line num="163" type="stmt" count="10"/>
        <line num="164" type="stmt" count="10"/>
        <line num="165" type="stmt" count="10"/>
        <line num="167" type="stmt" count="10"/>
        <line num="170" type="method" name="getAllTimestatus" visibility="private" complexity="2" crap="2" count="10"/>
        <line num="172" type="stmt" count="10"/>
        <line num="173" type="stmt" count="10"/>
        <line num="175" type="stmt" count="10"/>
        <line num="176" type="stmt" count="10"/>
        <line num="177" type="stmt" count="10"/>
        <line num="179" type="stmt" count="10"/>
        <line num="182" type="method" name="getAllProductNames" visibility="private" complexity="2" crap="2" count="10"/>
        <line num="184" type="stmt" count="10"/>
        <line num="185" type="stmt" count="10"/>
        <line num="187" type="stmt" count="10"/>
        <line num="188" type="stmt" count="10"/>
        <line num="189" type="stmt" count="10"/>
        <line num="191" type="stmt" count="10"/>
        <line num="199" type="method" name="findAllProjects" visibility="private" complexity="1" crap="2" count="0"/>
        <line num="201" type="stmt" count="0"/>
        <line num="202" type="stmt" count="0"/>
        <line num="210" type="method" name="findAllOpenUserGroupProjects" visibility="private" complexity="1" crap="1" count="10"/>
        <line num="212" type="stmt" count="10"/>
        <line num="214" type="stmt" count="10"/>
        <line num="215" type="stmt" count="10"/>
        <line num="216" type="stmt" count="10"/>
        <line num="217" type="stmt" count="10"/>
        <line num="218" type="stmt" count="10"/>
        <line num="219" type="stmt" count="10"/>
        <line num="220" type="stmt" count="10"/>
        <line num="221" type="stmt" count="10"/>
        <line num="222" type="stmt" count="10"/>
        <line num="223" type="stmt" count="10"/>
        <line num="225" type="stmt" count="10"/>
        <line num="237" type="method" name="getFirstLevelProjects" visibility="private" complexity="3" crap="3" count="10"/>
        <line num="239" type="stmt" count="10"/>
        <line num="240" type="stmt" count="10"/>
        <line num="242" type="stmt" count="10"/>
        <line num="243" type="stmt" count="10"/>
        <line num="244" type="stmt" count="10"/>
        <line num="245" type="stmt" count="10"/>
        <line num="246" type="stmt" count="10"/>
        <line num="247" type="stmt" count="10"/>
        <line num="248" type="stmt" count="10"/>
        <line num="249" type="stmt" count="10"/>
        <line num="252" type="method" name="getAllProjects" visibility="private" complexity="10" crap="10.02" count="10"/>
        <line num="254" type="stmt" count="10"/>
        <line num="255" type="stmt" count="10"/>
        <line num="257" type="stmt" count="0"/>
        <line num="258" type="stmt" count="0"/>
        <line num="259" type="stmt" count="10"/>
        <line num="262" type="stmt" count="10"/>
        <line num="264" type="stmt" count="10"/>
        <line num="265" type="stmt" count="10"/>
        <line num="266" type="stmt" count="10"/>
        <line num="267" type="stmt" count="10"/>
        <line num="268" type="stmt" count="10"/>
        <line num="269" type="stmt" count="10"/>
        <line num="271" type="stmt" count="10"/>
        <line num="272" type="stmt" count="10"/>
        <line num="274" type="stmt" count="10"/>
        <line num="275" type="stmt" count="10"/>
        <line num="277" type="stmt" count="10"/>
        <line num="278" type="stmt" count="10"/>
        <line num="279" type="stmt" count="10"/>
        <line num="280" type="stmt" count="10"/>
        <line num="282" type="stmt" count="10"/>
        <line num="283" type="stmt" count="10"/>
        <line num="284" type="stmt" count="10"/>
        <line num="285" type="stmt" count="10"/>
        <line num="287" type="stmt" count="10"/>
        <line num="288" type="stmt" count="10"/>
        <line num="289" type="stmt" count="10"/>
        <line num="290" type="stmt" count="10"/>
        <line num="291" type="stmt" count="10"/>
        <line num="292" type="stmt" count="10"/>
        <line num="293" type="stmt" count="10"/>
        <line num="295" type="stmt" count="10"/>
        <line num="297" type="stmt" count="10"/>
        <line num="306" type="method" name="sortProjectsSoThatSanitasComesFirst" visibility="private" complexity="2" crap="2" count="10"/>
        <line num="308" type="stmt" count="10"/>
        <line num="309" type="stmt" count="10"/>
        <line num="310" type="stmt" count="10"/>
        <line num="312" type="stmt" count="10"/>
        <line num="313" type="stmt" count="10"/>
        <line num="314" type="stmt" count="10"/>
        <line num="315" type="stmt" count="10"/>
        <line num="316" type="stmt" count="10"/>
        <metrics loc="317" ncloc="266" classes="1" methods="13" coveredmethods="10" conditionals="0" coveredconditionals="0" statements="166" coveredstatements="160" elements="179" coveredelements="170"/>
      </file>
      <file name="C:\Apache24\htdocs\inew\src\AppBundle/Controller/Calls/CallViewsLogController.php">
        <class name="CallViewsLogController" namespace="AppBundle\Controller\Calls">
          <metrics complexity="1" methods="1" coveredmethods="1" conditionals="0" coveredconditionals="0" statements="7" coveredstatements="7" elements="8" coveredelements="8"/>
        </class>
        <line num="16" type="method" name="getAktionData" visibility="public" complexity="1" crap="1" count="7"/>
        <line num="18" type="stmt" count="7"/>
        <line num="20" type="stmt" count="7"/>
        <line num="22" type="stmt" count="7"/>
        <line num="23" type="stmt" count="7"/>
        <line num="25" type="stmt" count="7"/>
        <line num="26" type="stmt" count="7"/>
        <line num="27" type="stmt" count="7"/>
        <metrics loc="29" ncloc="26" classes="1" methods="1" coveredmethods="1" conditionals="0" coveredconditionals="0" statements="7" coveredstatements="7" elements="8" coveredelements="8"/>
      </file>
    </package>
    <package name="AppBundle\Controller">
      <file name="C:\Apache24\htdocs\inew\src\AppBundle/Controller/DefaultController.php">
        <class name="DefaultController" namespace="AppBundle\Controller">
          <metrics complexity="2" methods="1" coveredmethods="0" conditionals="0" coveredconditionals="0" statements="5" coveredstatements="4" elements="6" coveredelements="4"/>
        </class>
        <line num="14" type="method" name="indexAction" visibility="public" complexity="2" crap="2.03" count="3"/>
        <line num="16" type="stmt" count="3"/>
        <line num="17" type="stmt" count="0"/>
        <line num="19" type="stmt" count="3"/>
        <line num="20" type="stmt" count="3"/>
        <line num="21" type="stmt" count="3"/>
        <metrics loc="24" ncloc="21" classes="1" methods="1" coveredmethods="0" conditionals="0" coveredconditionals="0" statements="5" coveredstatements="4" elements="6" coveredelements="4"/>
      </file>
      <file name="C:\Apache24\htdocs\inew\src\AppBundle/Controller/SecurityController.php">
        <class name="SecurityController" namespace="AppBundle\Controller">
          <metrics complexity="1" methods="1" coveredmethods="1" conditionals="0" coveredconditionals="0" statements="8" coveredstatements="8" elements="9" coveredelements="9"/>
        </class>
        <line num="14" type="method" name="loginAction" visibility="public" complexity="1" crap="1" count="2"/>
        <line num="16" type="stmt" count="2"/>
        <line num="19" type="stmt" count="2"/>
        <line num="22" type="stmt" count="2"/>
        <line num="24" type="stmt" count="2"/>
        <line num="25" type="stmt" count="2"/>
        <line num="27" type="stmt" count="2"/>
        <line num="28" type="stmt" count="2"/>
        <line num="30" type="stmt" count="2"/>
        <metrics loc="32" ncloc="25" classes="1" methods="1" coveredmethods="1" conditionals="0" coveredconditionals="0" statements="8" coveredstatements="8" elements="9" coveredelements="9"/>
      </file>
    </package>
    <package name="AppBundle\Controller\UserAdmin">
      <file name="C:\Apache24\htdocs\inew\src\AppBundle/Controller/UserAdmin/TimeTrackerController.php">
        <class name="TimeTrackerController" namespace="AppBundle\Controller\UserAdmin">
          <metrics complexity="6" methods="2" coveredmethods="0" conditionals="0" coveredconditionals="0" statements="33" coveredstatements="23" elements="35" coveredelements="23"/>
        </class>
        <line num="23" type="method" name="indexAction" visibility="public" complexity="3" crap="3.47" count="2"/>
        <line num="25" type="stmt" count="2"/>
        <line num="26" type="stmt" count="0"/>
        <line num="27" type="stmt" count="0"/>
        <line num="30" type="stmt" count="2"/>
        <line num="31" type="stmt" count="2"/>
        <line num="33" type="stmt" count="2"/>
        <line num="34" type="stmt" count="2"/>
        <line num="35" type="stmt" count="2"/>
        <line num="36" type="stmt" count="2"/>
        <line num="37" type="stmt" count="2"/>
        <line num="38" type="stmt" count="2"/>
        <line num="39" type="stmt" count="0"/>
        <line num="40" type="stmt" count="0"/>
        <line num="41" type="stmt" count="0"/>
        <line num="42" type="stmt" count="0"/>
        <line num="44" type="stmt" count="2"/>
        <line num="59" type="method" name="getTimetrackerAction" visibility="public" complexity="3" crap="3.12" count="2"/>
        <line num="61" type="stmt" count="2"/>
        <line num="62" type="stmt" count="0"/>
        <line num="63" type="stmt" count="0"/>
        <line num="66" type="stmt" count="2"/>
        <line num="67" type="stmt" count="2"/>
        <line num="69" type="stmt" count="2"/>
        <line num="70" type="stmt" count="2"/>
        <line num="71" type="stmt" count="2"/>
        <line num="72" type="stmt" count="2"/>
        <line num="73" type="stmt" count="2"/>
        <line num="74" type="stmt" count="2"/>
        <line num="75" type="stmt" count="2"/>
        <line num="76" type="stmt" count="2"/>
        <line num="77" type="stmt" count="2"/>
        <line num="78" type="stmt" count="0"/>
        <line num="79" type="stmt" count="0"/>
        <line num="81" type="stmt" count="2"/>
        <metrics loc="83" ncloc="58" classes="1" methods="2" coveredmethods="0" conditionals="0" coveredconditionals="0" statements="33" coveredstatements="23" elements="35" coveredelements="23"/>
      </file>
    </package>
    <package name="AppBundle\Service">
      <file name="C:\Apache24\htdocs\inew\src\AppBundle/Service/ActionHandlerService.php">
        <class name="ActionHandlerService" namespace="AppBundle\Service">
          <metrics complexity="19" methods="10" coveredmethods="8" conditionals="0" coveredconditionals="0" statements="73" coveredstatements="69" elements="83" coveredelements="77"/>
        </class>
        <line num="14" type="method" name="__construct" visibility="public" complexity="1" crap="1" count="12"/>
        <line num="16" type="stmt" count="12"/>
        <line num="17" type="stmt" count="12"/>
        <line num="19" type="method" name="getMetaDataForActionDay" visibility="public" complexity="1" crap="1" count="12"/>
        <line num="21" type="stmt" count="12"/>
        <line num="22" type="stmt" count="12"/>
        <line num="23" type="stmt" count="12"/>
        <line num="24" type="stmt" count="12"/>
        <line num="26" type="stmt" count="12"/>
        <line num="29" type="method" name="getOpenUserActions" visibility="public" complexity="2" crap="2.02" count="5"/>
        <line num="31" type="stmt" count="5"/>
        <line num="32" type="stmt" count="5"/>
        <line num="33" type="stmt" count="5"/>
        <line num="34" type="stmt" count="5"/>
        <line num="35" type="stmt" count="5"/>
        <line num="36" type="stmt" count="5"/>
        <line num="38" type="stmt" count="5"/>
        <line num="41" type="stmt" count="5"/>
        <line num="42" type="stmt" count="0"/>
        <line num="43" type="stmt" count="0"/>
        <line num="44" type="stmt" count="5"/>
        <line num="46" type="stmt" count="5"/>
        <line num="49" type="method" name="getUserActionsOfDay" visibility="public" complexity="1" crap="1" count="5"/>
        <line num="51" type="stmt" count="5"/>
        <line num="52" type="stmt" count="5"/>
        <line num="53" type="stmt" count="5"/>
        <line num="55" type="stmt" count="5"/>
        <line num="58" type="method" name="getUserActionWithinTime" visibility="public" complexity="2" crap="2.01" count="5"/>
        <line num="60" type="stmt" count="5"/>
        <line num="61" type="stmt" count="5"/>
        <line num="62" type="stmt" count="5"/>
        <line num="63" type="stmt" count="5"/>
        <line num="64" type="stmt" count="5"/>
        <line num="65" type="stmt" count="5"/>
        <line num="66" type="stmt" count="5"/>
        <line num="68" type="stmt" count="5"/>
        <line num="69" type="stmt" count="5"/>
        <line num="72" type="stmt" count="5"/>
        <line num="73" type="stmt" count="0"/>
        <line num="74" type="stmt" count="0"/>
        <line num="75" type="stmt" count="5"/>
        <line num="77" type="stmt" count="5"/>
        <line num="80" type="method" name="getCachedDefaktionsarts" visibility="public" complexity="3" crap="3" count="12"/>
        <line num="82" type="stmt" count="12"/>
        <line num="83" type="stmt" count="12"/>
        <line num="85" type="stmt" count="12"/>
        <line num="86" type="stmt" count="12"/>
        <line num="87" type="stmt" count="12"/>
        <line num="88" type="stmt" count="12"/>
        <line num="89" type="stmt" count="12"/>
        <line num="90" type="stmt" count="12"/>
        <line num="93" type="method" name="getCachedDefakstionskennzeichen" visibility="public" complexity="2" crap="2" count="12"/>
        <line num="95" type="stmt" count="12"/>
        <line num="97" type="stmt" count="12"/>
        <line num="99" type="stmt" count="12"/>
        <line num="100" type="stmt" count="12"/>
        <line num="101" type="stmt" count="12"/>
        <line num="102" type="stmt" count="12"/>
        <line num="105" type="method" name="getCachedDisabledDefakstionskennzeichen" visibility="public" complexity="3" crap="3" count="12"/>
        <line num="107" type="stmt" count="12"/>
        <line num="109" type="stmt" count="12"/>
        <line num="111" type="stmt" count="12"/>
        <line num="113" type="stmt" count="12"/>
        <line num="114" type="stmt" count="12"/>
        <line num="115" type="stmt" count="12"/>
        <line num="116" type="stmt" count="12"/>
        <line num="117" type="stmt" count="12"/>
        <line num="124" type="method" name="initDefakstionskennzeichenCache" visibility="private" complexity="2" crap="2" count="12"/>
        <line num="126" type="stmt" count="12"/>
        <line num="127" type="stmt" count="12"/>
        <line num="129" type="stmt" count="12"/>
        <line num="130" type="stmt" count="12"/>
        <line num="131" type="stmt" count="12"/>
        <line num="132" type="stmt" count="12"/>
        <line num="133" type="stmt" count="12"/>
        <line num="134" type="stmt" count="12"/>
        <line num="135" type="stmt" count="12"/>
        <line num="136" type="stmt" count="12"/>
        <line num="138" type="method" name="initDefaktionsartsCache" visibility="private" complexity="2" crap="2" count="12"/>
        <line num="140" type="stmt" count="12"/>
        <line num="141" type="stmt" count="12"/>
        <line num="142" type="stmt" count="12"/>
        <line num="143" type="stmt" count="12"/>
        <metrics loc="144" ncloc="132" classes="1" methods="10" coveredmethods="8" conditionals="0" coveredconditionals="0" statements="73" coveredstatements="69" elements="83" coveredelements="77"/>
      </file>
      <file name="C:\Apache24\htdocs\inew\src\AppBundle/Service/CallHandlerService.php">
        <class name="CallHandlerService" namespace="AppBundle\Service">
          <metrics complexity="33" methods="13" coveredmethods="9" conditionals="0" coveredconditionals="0" statements="118" coveredstatements="78" elements="131" coveredelements="87"/>
        </class>
        <line num="24" type="method" name="__construct" visibility="public" complexity="1" crap="1" count="16"/>
        <line num="26" type="stmt" count="16"/>
        <line num="27" type="stmt" count="16"/>
        <line num="28" type="stmt" count="16"/>
        <line num="36" type="method" name="getProjektIdsOfRoot42" visibility="public" complexity="2" crap="2" count="8"/>
        <line num="38" type="stmt" count="8"/>
        <line num="39" type="stmt" count="8"/>
        <line num="40" type="stmt" count="8"/>
        <line num="42" type="stmt" count="8"/>
        <line num="43" type="stmt" count="8"/>
        <line num="44" type="stmt" count="8"/>
        <line num="45" type="stmt" count="8"/>
        <line num="46" type="stmt" count="8"/>
        <line num="47" type="stmt" count="8"/>
        <line num="56" type="method" name="getProjektIdsFirstQueryPart" visibility="private" complexity="1" crap="1" count="8"/>
        <line num="58" type="stmt" count="8"/>
        <line num="59" type="stmt" count="8"/>
        <line num="60" type="stmt" count="8"/>
        <line num="61" type="stmt" count="8"/>
        <line num="63" type="stmt" count="8"/>
        <line num="75" type="method" name="addProjektIdsFirstDescendant" visibility="private" complexity="1" crap="1" count="8"/>
        <line num="77" type="stmt" count="8"/>
        <line num="78" type="stmt" count="8"/>
        <line num="79" type="stmt" count="8"/>
        <line num="80" type="stmt" count="8"/>
        <line num="81" type="stmt" count="8"/>
        <line num="83" type="stmt" count="8"/>
        <line num="95" type="method" name="addProjektIdsSecondDescendant" visibility="private" complexity="1" crap="1" count="8"/>
        <line num="97" type="stmt" count="8"/>
        <line num="98" type="stmt" count="8"/>
        <line num="99" type="stmt" count="8"/>
        <line num="100" type="stmt" count="8"/>
        <line num="101" type="stmt" count="8"/>
        <line num="102" type="stmt" count="8"/>
        <line num="104" type="stmt" count="8"/>
        <line num="107" type="method" name="getCallsByID" visibility="public" complexity="2" crap="2.00" count="15"/>
        <line num="109" type="stmt" count="15"/>
        <line num="110" type="stmt" count="0"/>
        <line num="113" type="stmt" count="15"/>
        <line num="114" type="stmt" count="15"/>
        <line num="115" type="stmt" count="15"/>
        <line num="116" type="stmt" count="15"/>
        <line num="117" type="stmt" count="15"/>
        <line num="118" type="stmt" count="15"/>
        <line num="119" type="stmt" count="15"/>
        <line num="120" type="stmt" count="15"/>
        <line num="121" type="stmt" count="15"/>
        <line num="122" type="stmt" count="15"/>
        <line num="125" type="method" name="getNewestCallTrackerEntryOfCalls" visibility="public" complexity="14" crap="72.07" count="15"/>
        <line num="127" type="stmt" count="15"/>
        <line num="128" type="stmt" count="15"/>
        <line num="130" type="stmt" count="15"/>
        <line num="132" type="stmt" count="15"/>
        <line num="133" type="stmt" count="15"/>
        <line num="134" type="stmt" count="15"/>
        <line num="135" type="stmt" count="15"/>
        <line num="136" type="stmt" count="15"/>
        <line num="137" type="stmt" count="15"/>
        <line num="138" type="stmt" count="15"/>
        <line num="139" type="stmt" count="0"/>
        <line num="140" type="stmt" count="0"/>
        <line num="141" type="stmt" count="15"/>
        <line num="143" type="stmt" count="15"/>
        <line num="144" type="stmt" count="15"/>
        <line num="149" type="stmt" count="0"/>
        <line num="150" type="stmt" count="0"/>
        <line num="151" type="stmt" count="0"/>
        <line num="152" type="stmt" count="0"/>
        <line num="153" type="stmt" count="0"/>
        <line num="154" type="stmt" count="0"/>
        <line num="155" type="stmt" count="0"/>
        <line num="156" type="stmt" count="0"/>
        <line num="157" type="stmt" count="0"/>
        <line num="158" type="stmt" count="0"/>
        <line num="159" type="stmt" count="0"/>
        <line num="160" type="stmt" count="0"/>
        <line num="162" type="stmt" count="0"/>
        <line num="163" type="stmt" count="0"/>
        <line num="164" type="stmt" count="0"/>
        <line num="165" type="stmt" count="0"/>
        <line num="166" type="stmt" count="0"/>
        <line num="167" type="stmt" count="0"/>
        <line num="168" type="stmt" count="0"/>
        <line num="170" type="stmt" count="0"/>
        <line num="171" type="stmt" count="0"/>
        <line num="172" type="stmt" count="0"/>
        <line num="173" type="stmt" count="0"/>
        <line num="175" type="stmt" count="0"/>
        <line num="178" type="method" name="getListOfCallTrackerEntriesOfUser" visibility="public" complexity="4" crap="4" count="15"/>
        <line num="180" type="stmt" count="15"/>
        <line num="181" type="stmt" count="15"/>
        <line num="184" type="stmt" count="15"/>
        <line num="185" type="stmt" count="15"/>
        <line num="186" type="stmt" count="15"/>
        <line num="188" type="stmt" count="15"/>
        <line num="190" type="stmt" count="15"/>
        <line num="191" type="stmt" count="15"/>
        <line num="193" type="stmt" count="15"/>
        <line num="194" type="stmt" count="15"/>
        <line num="195" type="stmt" count="15"/>
        <line num="196" type="stmt" count="15"/>
        <line num="198" type="stmt" count="15"/>
        <line num="200" type="stmt" count="15"/>
        <line num="203" type="method" name="getFavCallsOfUser" visibility="public" complexity="1" crap="1" count="15"/>
        <line num="205" type="stmt" count="15"/>
        <line num="206" type="stmt" count="15"/>
        <line num="209" type="method" name="getCallsOfUser" visibility="public" complexity="1" crap="1" count="15"/>
        <line num="211" type="stmt" count="15"/>
        <line num="212" type="stmt" count="15"/>
        <line num="213" type="stmt" count="15"/>
        <line num="227" type="method" name="getAllCallsWithinTime" visibility="public" complexity="1" crap="2" count="0"/>
        <line num="229" type="stmt" count="0"/>
        <line num="239" type="method" name="getCallsByDate" visibility="private" complexity="2" crap="6" count="0"/>
        <line num="241" type="stmt" count="0"/>
        <line num="242" type="stmt" count="0"/>
        <line num="243" type="stmt" count="0"/>
        <line num="244" type="stmt" count="0"/>
        <line num="245" type="stmt" count="0"/>
        <line num="246" type="stmt" count="0"/>
        <line num="247" type="stmt" count="0"/>
        <line num="248" type="stmt" count="0"/>
        <line num="249" type="stmt" count="0"/>
        <line num="250" type="stmt" count="0"/>
        <line num="251" type="stmt" count="0"/>
        <line num="253" type="stmt" count="0"/>
        <line num="256" type="method" name="getListOfCallIDsFromCallTracker" visibility="private" complexity="2" crap="2" count="15"/>
        <line num="258" type="stmt" count="15"/>
        <line num="259" type="stmt" count="15"/>
        <line num="260" type="stmt" count="15"/>
        <line num="261" type="stmt" count="15"/>
        <line num="263" type="stmt" count="15"/>
        <metrics loc="265" ncloc="199" classes="1" methods="13" coveredmethods="9" conditionals="0" coveredconditionals="0" statements="118" coveredstatements="78" elements="131" coveredelements="87"/>
      </file>
      <file name="C:\Apache24\htdocs\inew\src\AppBundle/Service/ODBCService.php">
        <class name="ODBCService" namespace="AppBundle\Service">
          <metrics complexity="6" methods="3" coveredmethods="3" conditionals="0" coveredconditionals="0" statements="13" coveredstatements="13" elements="16" coveredelements="16"/>
        </class>
        <line num="18" type="method" name="__construct" visibility="public" complexity="1" crap="1" count="9"/>
        <line num="20" type="stmt" count="9"/>
        <line num="21" type="stmt" count="9"/>
        <line num="26" type="method" name="__destruct" visibility="public" complexity="1" crap="1" count="2"/>
        <line num="28" type="stmt" count="2"/>
        <line num="29" type="stmt" count="2"/>
        <line num="39" type="method" name="getArray" visibility="public" complexity="4" crap="4" count="8"/>
        <line num="41" type="stmt" count="8"/>
        <line num="42" type="stmt" count="8"/>
        <line num="43" type="stmt" count="8"/>
        <line num="44" type="stmt" count="8"/>
        <line num="46" type="stmt" count="3"/>
        <line num="47" type="stmt" count="8"/>
        <line num="48" type="stmt" count="1"/>
        <line num="50" type="stmt" count="1"/>
        <line num="52" type="stmt" count="8"/>
        <metrics loc="54" ncloc="29" classes="1" methods="3" coveredmethods="3" conditionals="0" coveredconditionals="0" statements="13" coveredstatements="13" elements="16" coveredelements="16"/>
      </file>
      <file name="C:\Apache24\htdocs\inew\src\AppBundle/Service/PHPtoJSObjectConverterService.php">
        <class name="PHPtoJSObjectConverterService" namespace="AppBundle\Service">
          <metrics complexity="93" methods="22" coveredmethods="12" conditionals="0" coveredconditionals="0" statements="366" coveredstatements="336" elements="388" coveredelements="348"/>
        </class>
        <line num="16" type="method" name="__construct" visibility="public" complexity="1" crap="1" count="15"/>
        <line num="18" type="stmt" count="15"/>
        <line num="19" type="stmt" count="15"/>
        <line num="20" type="stmt" count="15"/>
        <line num="34" type="method" name="convertCallsToArrayStructure" visibility="public" complexity="11" crap="11.07" count="15"/>
        <line num="36" type="stmt" count="15"/>
        <line num="38" type="stmt" count="15"/>
        <line num="39" type="stmt" count="15"/>
        <line num="40" type="stmt" count="15"/>
        <line num="42" type="stmt" count="15"/>
        <line num="43" type="stmt" count="15"/>
        <line num="44" type="stmt" count="15"/>
        <line num="45" type="stmt" count="15"/>
        <line num="46" type="stmt" count="15"/>
        <line num="47" type="stmt" count="15"/>
        <line num="48" type="stmt" count="15"/>
        <line num="49" type="stmt" count="15"/>
        <line num="50" type="stmt" count="15"/>
        <line num="51" type="stmt" count="15"/>
        <line num="52" type="stmt" count="15"/>
        <line num="53" type="stmt" count="15"/>
        <line num="54" type="stmt" count="15"/>
        <line num="55" type="stmt" count="15"/>
        <line num="56" type="stmt" count="15"/>
        <line num="57" type="stmt" count="15"/>
        <line num="58" type="stmt" count="15"/>
        <line num="60" type="stmt" count="15"/>
        <line num="61" type="stmt" count="15"/>
        <line num="62" type="stmt" count="15"/>
        <line num="63" type="stmt" count="15"/>
        <line num="65" type="stmt" count="15"/>
        <line num="66" type="stmt" count="15"/>
        <line num="67" type="stmt" count="15"/>
        <line num="68" type="stmt" count="15"/>
        <line num="70" type="stmt" count="15"/>
        <line num="71" type="stmt" count="15"/>
        <line num="72" type="stmt" count="15"/>
        <line num="73" type="stmt" count="15"/>
        <line num="74" type="stmt" count="0"/>
        <line num="77" type="stmt" count="15"/>
        <line num="78" type="stmt" count="15"/>
        <line num="79" type="stmt" count="15"/>
        <line num="80" type="stmt" count="15"/>
        <line num="82" type="stmt" count="15"/>
        <line num="83" type="stmt" count="15"/>
        <line num="84" type="stmt" count="15"/>
        <line num="85" type="stmt" count="15"/>
        <line num="87" type="stmt" count="15"/>
        <line num="88" type="stmt" count="15"/>
        <line num="89" type="stmt" count="15"/>
        <line num="90" type="stmt" count="15"/>
        <line num="91" type="stmt" count="0"/>
        <line num="94" type="stmt" count="15"/>
        <line num="95" type="stmt" count="15"/>
        <line num="96" type="stmt" count="15"/>
        <line num="97" type="stmt" count="15"/>
        <line num="98" type="stmt" count="15"/>
        <line num="99" type="stmt" count="15"/>
        <line num="100" type="stmt" count="15"/>
        <line num="101" type="stmt" count="15"/>
        <line num="102" type="stmt" count="0"/>
        <line num="103" type="stmt" count="0"/>
        <line num="105" type="stmt" count="15"/>
        <line num="106" type="stmt" count="15"/>
        <line num="107" type="stmt" count="15"/>
        <line num="109" type="stmt" count="15"/>
        <line num="110" type="stmt" count="15"/>
        <line num="111" type="stmt" count="15"/>
        <line num="112" type="stmt" count="15"/>
        <line num="114" type="stmt" count="15"/>
        <line num="116" type="stmt" count="15"/>
        <line num="118" type="stmt" count="15"/>
        <line num="119" type="stmt" count="0"/>
        <line num="120" type="stmt" count="0"/>
        <line num="122" type="stmt" count="15"/>
        <line num="123" type="stmt" count="15"/>
        <line num="124" type="stmt" count="15"/>
        <line num="127" type="method" name="getCallFromJSON" visibility="public" complexity="2" crap="2" count="3"/>
        <line num="129" type="stmt" count="3"/>
        <line num="130" type="stmt" count="3"/>
        <line num="131" type="stmt" count="3"/>
        <line num="132" type="stmt" count="2"/>
        <line num="133" type="stmt" count="2"/>
        <line num="134" type="stmt" count="2"/>
        <line num="135" type="stmt" count="2"/>
        <line num="136" type="stmt" count="2"/>
        <line num="137" type="stmt" count="1"/>
        <line num="140" type="stmt" count="3"/>
        <line num="151" type="method" name="setCallTrackerInfo" visibility="private" complexity="2" crap="2" count="15"/>
        <line num="153" type="stmt" count="15"/>
        <line num="154" type="stmt" count="15"/>
        <line num="155" type="stmt" count="15"/>
        <line num="156" type="stmt" count="15"/>
        <line num="157" type="stmt" count="15"/>
        <line num="158" type="stmt" count="15"/>
        <line num="159" type="stmt" count="15"/>
        <line num="160" type="stmt" count="15"/>
        <line num="161" type="stmt" count="15"/>
        <line num="162" type="stmt" count="1"/>
        <line num="163" type="stmt" count="1"/>
        <line num="164" type="stmt" count="1"/>
        <line num="165" type="stmt" count="1"/>
        <line num="166" type="stmt" count="1"/>
        <line num="167" type="stmt" count="1"/>
        <line num="168" type="stmt" count="1"/>
        <line num="170" type="stmt" count="15"/>
        <line num="172" type="method" name="getCorrectCallTrackerEntry" visibility="private" complexity="3" crap="3" count="15"/>
        <line num="174" type="stmt" count="15"/>
        <line num="175" type="stmt" count="15"/>
        <line num="176" type="stmt" count="15"/>
        <line num="177" type="stmt" count="15"/>
        <line num="178" type="stmt" count="15"/>
        <line num="179" type="stmt" count="15"/>
        <line num="181" type="stmt" count="15"/>
        <line num="184" type="method" name="getUser" visibility="private" complexity="2" crap="2" count="15"/>
        <line num="186" type="stmt" count="15"/>
        <line num="187" type="stmt" count="15"/>
        <line num="188" type="stmt" count="15"/>
        <line num="189" type="stmt" count="15"/>
        <line num="190" type="stmt" count="1"/>
        <line num="193" type="stmt" count="15"/>
        <line num="196" type="method" name="getUserKurznameFromID" visibility="private" complexity="2" crap="2.06" count="15"/>
        <line num="198" type="stmt" count="15"/>
        <line num="200" type="stmt" count="15"/>
        <line num="202" type="stmt" count="0"/>
        <line num="205" type="stmt" count="15"/>
        <line num="208" type="method" name="getTimeStatusFromID" visibility="private" complexity="2" crap="2.06" count="15"/>
        <line num="210" type="stmt" count="15"/>
        <line num="212" type="stmt" count="15"/>
        <line num="213" type="stmt" count="0"/>
        <line num="216" type="stmt" count="15"/>
        <line num="219" type="method" name="updateCall" visibility="private" complexity="14" crap="14" count="10"/>
        <line num="222" type="stmt" count="3"/>
        <line num="223" type="stmt" count="3"/>
        <line num="225" type="stmt" count="3"/>
        <line num="226" type="stmt" count="3"/>
        <line num="227" type="stmt" count="3"/>
        <line num="228" type="stmt" count="3"/>
        <line num="229" type="stmt" count="3"/>
        <line num="230" type="stmt" count="1"/>
        <line num="231" type="stmt" count="1"/>
        <line num="232" type="stmt" count="3"/>
        <line num="233" type="stmt" count="3"/>
        <line num="235" type="stmt" count="3"/>
        <line num="236" type="stmt" count="10"/>
        <line num="237" type="stmt" count="3"/>
        <line num="239" type="stmt" count="3"/>
        <line num="240" type="stmt" count="3"/>
        <line num="241" type="stmt" count="2"/>
        <line num="242" type="stmt" count="2"/>
        <line num="243" type="stmt" count="3"/>
        <line num="245" type="stmt" count="3"/>
        <line num="246" type="stmt" count="3"/>
        <line num="247" type="stmt" count="2"/>
        <line num="248" type="stmt" count="2"/>
        <line num="249" type="stmt" count="3"/>
        <line num="251" type="stmt" count="3"/>
        <line num="252" type="stmt" count="3"/>
        <line num="253" type="stmt" count="3"/>
        <line num="254" type="stmt" count="3"/>
        <line num="256" type="stmt" count="3"/>
        <line num="257" type="stmt" count="3"/>
        <line num="258" type="stmt" count="3"/>
        <line num="259" type="stmt" count="3"/>
        <line num="261" type="stmt" count="3"/>
        <line num="262" type="stmt" count="3"/>
        <line num="263" type="stmt" count="3"/>
        <line num="264" type="stmt" count="3"/>
        <line num="267" type="stmt" count="3"/>
        <line num="268" type="stmt" count="3"/>
        <line num="270" type="stmt" count="3"/>
        <line num="271" type="stmt" count="3"/>
        <line num="272" type="stmt" count="3"/>
        <line num="273" type="stmt" count="3"/>
        <line num="275" type="stmt" count="3"/>
        <line num="276" type="stmt" count="3"/>
        <line num="277" type="stmt" count="3"/>
        <line num="278" type="stmt" count="3"/>
        <line num="280" type="stmt" count="3"/>
        <line num="281" type="stmt" count="3"/>
        <line num="282" type="stmt" count="3"/>
        <line num="283" type="stmt" count="3"/>
        <line num="284" type="stmt" count="3"/>
        <line num="286" type="stmt" count="3"/>
        <line num="287" type="stmt" count="2"/>
        <line num="288" type="stmt" count="2"/>
        <line num="289" type="stmt" count="1"/>
        <line num="290" type="stmt" count="1"/>
        <line num="291" type="stmt" count="1"/>
        <line num="293" type="stmt" count="2"/>
        <line num="295" type="stmt" count="3"/>
        <line num="296" type="stmt" count="3"/>
        <line num="298" type="stmt" count="3"/>
        <line num="299" type="stmt" count="3"/>
        <line num="300" type="stmt" count="3"/>
        <line num="301" type="stmt" count="3"/>
        <line num="313" type="method" name="isAvailable" visibility="private" complexity="3" crap="3" count="3"/>
        <line num="315" type="stmt" count="3"/>
        <line num="316" type="stmt" count="3"/>
        <line num="317" type="stmt" count="3"/>
        <line num="318" type="stmt" count="3"/>
        <line num="319" type="stmt" count="3"/>
        <line num="322" type="method" name="createCallTrackerEntry" visibility="private" complexity="25" crap="26.69" count="3"/>
        <line num="324" type="stmt" count="3"/>
        <line num="325" type="stmt" count="3"/>
        <line num="326" type="stmt" count="3"/>
        <line num="327" type="stmt" count="3"/>
        <line num="328" type="stmt" count="3"/>
        <line num="329" type="stmt" count="3"/>
        <line num="331" type="stmt" count="3"/>
        <line num="332" type="stmt" count="3"/>
        <line num="334" type="stmt" count="3"/>
        <line num="335" type="stmt" count="3"/>
        <line num="336" type="stmt" count="3"/>
        <line num="337" type="stmt" count="3"/>
        <line num="338" type="stmt" count="3"/>
        <line num="339" type="stmt" count="3"/>
        <line num="341" type="stmt" count="3"/>
        <line num="342" type="stmt" count="2"/>
        <line num="343" type="stmt" count="2"/>
        <line num="344" type="stmt" count="1"/>
        <line num="345" type="stmt" count="0"/>
        <line num="346" type="stmt" count="0"/>
        <line num="348" type="stmt" count="1"/>
        <line num="349" type="stmt" count="1"/>
        <line num="350" type="stmt" count="1"/>
        <line num="351" type="stmt" count="0"/>
        <line num="352" type="stmt" count="0"/>
        <line num="353" type="stmt" count="1"/>
        <line num="355" type="stmt" count="1"/>
        <line num="356" type="stmt" count="1"/>
        <line num="357" type="stmt" count="0"/>
        <line num="358" type="stmt" count="0"/>
        <line num="359" type="stmt" count="1"/>
        <line num="361" type="stmt" count="1"/>
        <line num="362" type="stmt" count="1"/>
        <line num="363" type="stmt" count="0"/>
        <line num="364" type="stmt" count="0"/>
        <line num="365" type="stmt" count="1"/>
        <line num="367" type="stmt" count="1"/>
        <line num="368" type="stmt" count="1"/>
        <line num="369" type="stmt" count="1"/>
        <line num="370" type="stmt" count="1"/>
        <line num="372" type="stmt" count="1"/>
        <line num="373" type="stmt" count="1"/>
        <line num="374" type="stmt" count="1"/>
        <line num="375" type="stmt" count="1"/>
        <line num="376" type="stmt" count="1"/>
        <line num="377" type="stmt" count="0"/>
        <line num="378" type="stmt" count="0"/>
        <line num="379" type="stmt" count="1"/>
        <line num="380" type="stmt" count="1"/>
        <line num="383" type="stmt" count="3"/>
        <line num="384" type="stmt" count="3"/>
        <line num="385" type="stmt" count="3"/>
        <line num="386" type="stmt" count="3"/>
        <line num="388" type="stmt" count="3"/>
        <line num="389" type="stmt" count="3"/>
        <line num="390" type="stmt" count="3"/>
        <line num="392" type="stmt" count="3"/>
        <line num="393" type="stmt" count="3"/>
        <line num="394" type="stmt" count="3"/>
        <line num="396" type="stmt" count="3"/>
        <line num="397" type="stmt" count="3"/>
        <line num="398" type="stmt" count="3"/>
        <line num="400" type="stmt" count="3"/>
        <line num="401" type="stmt" count="3"/>
        <line num="402" type="stmt" count="3"/>
        <line num="403" type="stmt" count="3"/>
        <line num="404" type="stmt" count="0"/>
        <line num="407" type="stmt" count="3"/>
        <line num="408" type="stmt" count="1"/>
        <line num="409" type="stmt" count="1"/>
        <line num="411" type="stmt" count="3"/>
        <line num="412" type="stmt" count="3"/>
        <line num="413" type="stmt" count="3"/>
        <line num="415" type="stmt" count="3"/>
        <line num="417" type="stmt" count="3"/>
        <line num="418" type="stmt" count="1"/>
        <line num="419" type="stmt" count="1"/>
        <line num="423" type="stmt" count="3"/>
        <line num="425" type="stmt" count="3"/>
        <line num="432" type="method" name="convertActionToArrayStructure" visibility="public" complexity="3" crap="3.05" count="12"/>
        <line num="434" type="stmt" count="12"/>
        <line num="436" type="stmt" count="12"/>
        <line num="437" type="stmt" count="9"/>
        <line num="438" type="stmt" count="9"/>
        <line num="439" type="stmt" count="9"/>
        <line num="440" type="stmt" count="9"/>
        <line num="441" type="stmt" count="9"/>
        <line num="444" type="stmt" count="9"/>
        <line num="445" type="stmt" count="9"/>
        <line num="446" type="stmt" count="0"/>
        <line num="447" type="stmt" count="0"/>
        <line num="448" type="stmt" count="0"/>
        <line num="449" type="stmt" count="0"/>
        <line num="450" type="stmt" count="0"/>
        <line num="451" type="stmt" count="9"/>
        <line num="452" type="stmt" count="9"/>
        <line num="455" type="stmt" count="9"/>
        <line num="456" type="stmt" count="9"/>
        <line num="457" type="stmt" count="9"/>
        <line num="460" type="stmt" count="9"/>
        <line num="462" type="stmt" count="9"/>
        <line num="463" type="stmt" count="9"/>
        <line num="464" type="stmt" count="9"/>
        <line num="465" type="stmt" count="9"/>
        <line num="466" type="stmt" count="9"/>
        <line num="468" type="stmt" count="9"/>
        <line num="469" type="stmt" count="12"/>
        <line num="471" type="stmt" count="12"/>
        <line num="474" type="method" name="getAktionFromJSON" visibility="public" complexity="2" crap="2" count="7"/>
        <line num="476" type="stmt" count="7"/>
        <line num="478" type="stmt" count="7"/>
        <line num="479" type="stmt" count="7"/>
        <line num="480" type="stmt" count="5"/>
        <line num="481" type="stmt" count="5"/>
        <line num="482" type="stmt" count="5"/>
        <line num="485" type="stmt" count="7"/>
        <line num="490" type="method" name="getDefaktionsartFromID" visibility="private" complexity="3" crap="3.33" count="9"/>
        <line num="492" type="stmt" count="9"/>
        <line num="495" type="stmt" count="9"/>
        <line num="496" type="stmt" count="9"/>
        <line num="497" type="stmt" count="9"/>
        <line num="499" type="stmt" count="0"/>
        <line num="500" type="stmt" count="0"/>
        <line num="502" type="method" name="getDefakstionskennzeichenByID" visibility="private" complexity="3" crap="3.04" count="9"/>
        <line num="504" type="stmt" count="9"/>
        <line num="506" type="stmt" count="9"/>
        <line num="507" type="stmt" count="9"/>
        <line num="508" type="stmt" count="9"/>
        <line num="510" type="stmt" count="9"/>
        <line num="511" type="stmt" count="0"/>
        <line num="513" type="method" name="getDuration" visibility="private" complexity="1" crap="1" count="9"/>
        <line num="515" type="stmt" count="9"/>
        <line num="518" type="method" name="getDateAsString" visibility="private" complexity="2" crap="2.15" count="9"/>
        <line num="520" type="stmt" count="9"/>
        <line num="521" type="stmt" count="0"/>
        <line num="523" type="stmt" count="9"/>
        <line num="526" type="method" name="createAktion" visibility="private" complexity="1" crap="1" count="5"/>
        <line num="528" type="stmt" count="5"/>
        <line num="530" type="stmt" count="5"/>
        <line num="531" type="stmt" count="5"/>
        <line num="532" type="stmt" count="5"/>
        <line num="534" type="stmt" count="5"/>
        <line num="537" type="method" name="updateAktion" visibility="private" complexity="1" crap="1" count="5"/>
        <line num="539" type="stmt" count="5"/>
        <line num="540" type="stmt" count="5"/>
        <line num="541" type="stmt" count="5"/>
        <line num="542" type="stmt" count="5"/>
        <line num="544" type="stmt" count="5"/>
        <line num="547" type="method" name="setValuesToAktion" visibility="private" complexity="6" crap="6" count="7"/>
        <line num="549" type="stmt" count="7"/>
        <line num="551" type="stmt" count="7"/>
        <line num="552" type="stmt" count="7"/>
        <line num="553" type="stmt" count="7"/>
        <line num="555" type="stmt" count="7"/>
        <line num="556" type="stmt" count="7"/>
        <line num="557" type="stmt" count="7"/>
        <line num="558" type="stmt" count="7"/>
        <line num="559" type="stmt" count="7"/>
        <line num="560" type="stmt" count="7"/>
        <line num="561" type="stmt" count="7"/>
        <line num="562" type="stmt" count="7"/>
        <line num="563" type="stmt" count="3"/>
        <line num="564" type="stmt" count="3"/>
        <line num="566" type="stmt" count="7"/>
        <line num="567" type="stmt" count="2"/>
        <line num="568" type="stmt" count="2"/>
        <line num="570" type="stmt" count="7"/>
        <line num="571" type="stmt" count="7"/>
        <line num="572" type="stmt" count="7"/>
        <line num="574" type="stmt" count="7"/>
        <line num="575" type="stmt" count="3"/>
        <line num="576" type="stmt" count="3"/>
        <line num="578" type="stmt" count="7"/>
        <line num="579" type="stmt" count="7"/>
        <line num="580" type="stmt" count="7"/>
        <line num="582" type="method" name="getIDFromPlaceString" visibility="private" complexity="2" crap="2.06" count="2"/>
        <line num="584" type="stmt" count="2"/>
        <line num="585" type="stmt" count="2"/>
        <line num="586" type="stmt" count="0"/>
        <line num="588" type="stmt" count="2"/>
        <line num="591" type="method" name="getIDFromAccStatusString" visibility="private" complexity="2" crap="2.06" count="7"/>
        <line num="593" type="stmt" count="7"/>
        <line num="594" type="stmt" count="7"/>
        <line num="595" type="stmt" count="0"/>
        <line num="597" type="stmt" count="7"/>
        <metrics loc="599" ncloc="540" classes="1" methods="22" coveredmethods="12" conditionals="0" coveredconditionals="0" statements="366" coveredstatements="336" elements="388" coveredelements="348"/>
      </file>
      <file name="C:\Apache24\htdocs\inew\src\AppBundle/Service/TimeTrackerService.php">
        <class name="TimeTrackerService" namespace="AppBundle\Service">
          <metrics complexity="119" methods="32" coveredmethods="23" conditionals="0" coveredconditionals="0" statements="329" coveredstatements="298" elements="361" coveredelements="321"/>
        </class>
        <line num="151" type="method" name="__construct" visibility="public" complexity="1" crap="1" count="7"/>
        <line num="153" type="stmt" count="7"/>
        <line num="154" type="stmt" count="7"/>
        <line num="155" type="stmt" count="7"/>
        <line num="156" type="stmt" count="7"/>
        <line num="165" type="method" name="getUserBookings" visibility="public" complexity="1" crap="1" count="7"/>
        <line num="167" type="stmt" count="7"/>
        <line num="168" type="stmt" count="7"/>
        <line num="171" type="stmt" count="7"/>
        <line num="172" type="stmt" count="7"/>
        <line num="175" type="stmt" count="7"/>
        <line num="176" type="stmt" count="7"/>
        <line num="177" type="stmt" count="7"/>
        <line num="178" type="stmt" count="7"/>
        <line num="179" type="stmt" count="7"/>
        <line num="180" type="stmt" count="7"/>
        <line num="189" type="method" name="getFirstYear" visibility="public" complexity="1" crap="1" count="2"/>
        <line num="192" type="stmt" count="2"/>
        <line num="193" type="stmt" count="2"/>
        <line num="195" type="stmt" count="2"/>
        <line num="196" type="stmt" count="2"/>
        <line num="197" type="stmt" count="2"/>
        <line num="198" type="stmt" count="2"/>
        <line num="199" type="stmt" count="2"/>
        <line num="201" type="stmt" count="2"/>
        <line num="211" type="method" name="getDocumentedMinutes" visibility="public" complexity="1" crap="1" count="2"/>
        <line num="213" type="stmt" count="2"/>
        <line num="214" type="stmt" count="2"/>
        <line num="215" type="stmt" count="2"/>
        <line num="216" type="stmt" count="2"/>
        <line num="217" type="stmt" count="2"/>
        <line num="218" type="stmt" count="2"/>
        <line num="219" type="stmt" count="2"/>
        <line num="220" type="stmt" count="2"/>
        <line num="222" type="stmt" count="2"/>
        <line num="230" type="method" name="getPreparedUserData" visibility="public" complexity="1" crap="1" count="2"/>
        <line num="232" type="stmt" count="2"/>
        <line num="242" type="method" name="prepareUserBookingData" visibility="public" complexity="16" crap="16.28" count="2"/>
        <line num="244" type="stmt" count="2"/>
        <line num="245" type="stmt" count="2"/>
        <line num="246" type="stmt" count="2"/>
        <line num="248" type="stmt" count="2"/>
        <line num="249" type="stmt" count="2"/>
        <line num="250" type="stmt" count="2"/>
        <line num="251" type="stmt" count="2"/>
        <line num="252" type="stmt" count="2"/>
        <line num="253" type="stmt" count="2"/>
        <line num="254" type="stmt" count="2"/>
        <line num="256" type="stmt" count="2"/>
        <line num="258" type="stmt" count="2"/>
        <line num="260" type="stmt" count="2"/>
        <line num="261" type="stmt" count="2"/>
        <line num="262" type="stmt" count="2"/>
        <line num="263" type="stmt" count="2"/>
        <line num="264" type="stmt" count="2"/>
        <line num="265" type="stmt" count="2"/>
        <line num="266" type="stmt" count="2"/>
        <line num="267" type="stmt" count="2"/>
        <line num="268" type="stmt" count="2"/>
        <line num="270" type="stmt" count="2"/>
        <line num="271" type="stmt" count="2"/>
        <line num="272" type="stmt" count="2"/>
        <line num="274" type="stmt" count="2"/>
        <line num="275" type="stmt" count="2"/>
        <line num="276" type="stmt" count="2"/>
        <line num="277" type="stmt" count="2"/>
        <line num="278" type="stmt" count="2"/>
        <line num="279" type="stmt" count="2"/>
        <line num="282" type="stmt" count="2"/>
        <line num="283" type="stmt" count="2"/>
        <line num="284" type="stmt" count="2"/>
        <line num="285" type="stmt" count="2"/>
        <line num="288" type="stmt" count="2"/>
        <line num="289" type="stmt" count="2"/>
        <line num="290" type="stmt" count="2"/>
        <line num="291" type="stmt" count="2"/>
        <line num="292" type="stmt" count="2"/>
        <line num="295" type="stmt" count="2"/>
        <line num="296" type="stmt" count="2"/>
        <line num="297" type="stmt" count="2"/>
        <line num="298" type="stmt" count="2"/>
        <line num="299" type="stmt" count="2"/>
        <line num="301" type="stmt" count="2"/>
        <line num="304" type="stmt" count="2"/>
        <line num="305" type="stmt" count="2"/>
        <line num="306" type="stmt" count="2"/>
        <line num="308" type="stmt" count="2"/>
[...]
        <line num="366" type="stmt" count="2"/>
        <line num="367" type="stmt" count="2"/>
        <line num="368" type="stmt" count="2"/>
        <line num="369" type="stmt" count="2"/>
        <line num="370" type="stmt" count="2"/>
        <line num="371" type="stmt" count="2"/>
        <line num="372" type="stmt" count="2"/>
        <line num="379" type="method" name="getLunchTimeImbalance" visibility="private" complexity="2" crap="2" count="2"/>
        <line num="381" type="stmt" count="2"/>
        <line num="382" type="stmt" count="2"/>
        <line num="383" type="stmt" count="2"/>
        <line num="384" type="stmt" count="2"/>
        <line num="385" type="stmt" count="2"/>
        <line num="386" type="stmt" count="2"/>
        <line num="387" type="stmt" count="2"/>
        <line num="393" type="method" name="correctCodeADoctorVisit" visibility="private" complexity="6" crap="7.33" count="2"/>
        <line num="395" type="stmt" count="2"/>
        <line num="396" type="stmt" count="2"/>
        <line num="397" type="stmt" count="2"/>
        <line num="398" type="stmt" count="0"/>
        <line num="399" type="stmt" count="2"/>
        <line num="400" type="stmt" count="0"/>
        <line num="401" type="stmt" count="0"/>
        <line num="402" type="stmt" count="2"/>
        <line num="403" type="stmt" count="2"/>
        <line num="411" type="method" name="correctCodeAForSpecialBooking" visibility="private" complexity="6" crap="6" count="2"/>
        <line num="413" type="stmt" count="2"/>
        <line num="414" type="stmt" count="2"/>
        <line num="415" type="stmt" count="2"/>
        <line num="416" type="stmt" count="2"/>
        <line num="417" type="stmt" count="2"/>
        <line num="418" type="stmt" count="2"/>
        <line num="419" type="stmt" count="2"/>
        <line num="420" type="stmt" count="2"/>
        <line num="431" type="method" name="setBookings" visibility="private" complexity="3" crap="3" count="2"/>
        <line num="433" type="stmt" count="2"/>
        <line num="434" type="stmt" count="2"/>
        <line num="435" type="stmt" count="2"/>
        <line num="436" type="stmt" count="2"/>
        <line num="437" type="stmt" count="2"/>
        <line num="438" type="stmt" count="2"/>
        <line num="439" type="stmt" count="2"/>
        <line num="440" type="stmt" count="2"/>
        <line num="449" type="method" name="getCodeIndexIncrement" visibility="private" complexity="3" crap="3.71" count="2"/>
        <line num="451" type="stmt" count="2"/>
        <line num="452" type="stmt" count="2"/>
        <line num="453" type="stmt" count="2"/>
        <line num="454" type="stmt" count="0"/>
        <line num="455" type="stmt" count="0"/>
        <line num="456" type="stmt" count="0"/>
        <line num="458" type="stmt" count="2"/>
        <line num="468" type="method" name="setCode" visibility="private" complexity="7" crap="7" count="2"/>
        <line num="470" type="stmt" count="2"/>
        <line num="471" type="stmt" count="2"/>
        <line num="472" type="stmt" count="2"/>
        <line num="473" type="stmt" count="2"/>
        <line num="474" type="stmt" count="2"/>
        <line num="475" type="stmt" count="2"/>
        <line num="476" type="stmt" count="2"/>
        <line num="477" type="stmt" count="2"/>
        <line num="478" type="stmt" count="2"/>
        <line num="479" type="stmt" count="2"/>
        <line num="480" type="stmt" count="2"/>
        <line num="481" type="stmt" count="2"/>
        <line num="482" type="stmt" count="2"/>
        <line num="483" type="stmt" count="2"/>
        <line num="484" type="stmt" count="2"/>
        <line num="485" type="stmt" count="2"/>
        <line num="486" type="stmt" count="2"/>
        <line num="498" type="method" name="anonymous function" complexity="1" crap="1" count="2"/>
        <line num="499" type="stmt" count="2"/>
        <line num="500" type="stmt" count="2"/>
        <line num="506" type="method" name="setComeAndGo" visibility="private" complexity="3" crap="3" count="2"/>
        <line num="508" type="stmt" count="2"/>
        <line num="509" type="stmt" count="2"/>
        <line num="510" type="stmt" count="2"/>
        <line num="511" type="stmt" count="2"/>
        <line num="512" type="stmt" count="2"/>
        <line num="513" type="stmt" count="2"/>
        <line num="514" type="stmt" count="2"/>
        <line num="516" type="stmt" count="2"/>
        <line num="518" type="stmt" count="2"/>
        <line num="519" type="stmt" count="2"/>
        <line num="520" type="stmt" count="2"/>
        <line num="525" type="method" name="setIsTimeConsistent" visibility="private" complexity="1" crap="1" count="2"/>
        <line num="527" type="stmt" count="2"/>
        <line num="528" type="stmt" count="2"/>
        <line num="537" type="method" name="getLunchTime" visibility="private" complexity="5" crap="5" count="2"/>
        <line num="539" type="stmt" count="2"/>
        <line num="540" type="stmt" count="2"/>
        <line num="541" type="stmt" count="2"/>
        <line num="542" type="stmt" count="2"/>
        <line num="544" type="stmt" count="2"/>
        <line num="545" type="stmt" count="2"/>
        <line num="546" type="stmt" count="2"/>
        <line num="547" type="stmt" count="2"/>
        <line num="548" type="stmt" count="2"/>
        <line num="556" type="method" name="getLunchTimeComings" visibility="private" complexity="1" crap="1" count="2"/>
        <line num="558" type="stmt" count="2"/>
        <line num="566" type="method" name="getLunchTimeGoings" visibility="private" complexity="1" crap="1" count="2"/>
        <line num="568" type="stmt" count="2"/>
        <line num="578" type="method" name="getTimesBetweenCoreTimes" visibility="private" complexity="4" crap="4" count="2"/>
        <line num="580" type="stmt" count="2"/>
        <line num="581" type="stmt" count="2"/>
        <line num="582" type="stmt" count="2"/>
        <line num="583" type="stmt" count="2"/>
        <line num="584" type="stmt" count="2"/>
        <line num="585" type="stmt" count="2"/>
        <line num="586" type="stmt" count="2"/>
        <line num="587" type="stmt" count="2"/>
        <line num="589" type="stmt" count="2"/>
        <line num="601" type="method" name="computeLunchTime" visibility="private" complexity="2" crap="2.03" count="2"/>
        <line num="603" type="stmt" count="2"/>
        <line num="604" type="stmt" count="2"/>
        <line num="605" type="stmt" count="2"/>
        <line num="606" type="stmt" count="0"/>
        <line num="608" type="stmt" count="2"/>
        <line num="621" type="method" name="diffTimesInCoreTime" visibility="private" complexity="5" crap="5.01" count="2"/>
        <line num="623" type="stmt" count="2"/>
        <line num="625" type="stmt" count="2"/>
        <line num="626" type="stmt" count="2"/>
        <line num="629" type="stmt" count="2"/>
        <line num="630" type="stmt" count="2"/>
        <line num="631" type="stmt" count="2"/>
        <line num="632" type="stmt" count="0"/>
        <line num="634" type="stmt" count="2"/>
        <line num="635" type="stmt" count="2"/>
        <line num="636" type="stmt" count="2"/>
        <line num="637" type="stmt" count="2"/>
        <line num="638" type="stmt" count="2"/>
        <line num="646" type="method" name="getHoursOfDay" visibility="private" complexity="4" crap="5.12" count="2"/>
        <line num="648" type="stmt" count="2"/>
        <line num="649" type="stmt" count="2"/>
        <line num="650" type="stmt" count="2"/>
        <line num="651" type="stmt" count="2"/>
        <line num="653" type="stmt" count="2"/>
        <line num="655" type="stmt" count="2"/>
        <line num="656" type="stmt" count="2"/>
        <line num="657" type="stmt" count="0"/>
        <line num="658" type="stmt" count="0"/>
        <line num="660" type="stmt" count="0"/>
        <line num="661" type="stmt" count="0"/>
        <line num="663" type="stmt" count="0"/>
        <line num="664" type="stmt" count="0"/>
        <line num="666" type="stmt" count="0"/>
        <line num="668" type="stmt" count="2"/>
        <line num="669" type="stmt" count="2"/>
        <line num="670" type="stmt" count="2"/>
        <line num="683" type="method" name="addPartialWorkingTimes" visibility="private" complexity="8" crap="8.02" count="2"/>
        <line num="685" type="stmt" count="2"/>
        <line num="686" type="stmt" count="2"/>
        <line num="687" type="stmt" count="2"/>
        <line num="688" type="stmt" count="0"/>
        <line num="691" type="stmt" count="2"/>
        <line num="692" type="stmt" count="2"/>
        <line num="693" type="stmt" count="2"/>
        <line num="695" type="stmt" count="2"/>
        <line num="697" type="stmt" count="2"/>
        <line num="698" type="stmt" count="2"/>
        <line num="699" type="stmt" count="2"/>
        <line num="700" type="stmt" count="2"/>
        <line num="701" type="stmt" count="2"/>
        <line num="703" type="stmt" count="2"/>
        <line num="705" type="stmt" count="2"/>
        <line num="717" type="method" name="getDailyBalance" visibility="private" complexity="7" crap="7.93" count="2"/>
        <line num="719" type="stmt" count="2"/>
        <line num="720" type="stmt" count="2"/>
        <line num="721" type="stmt" count="2"/>
        <line num="722" type="stmt" count="2"/>
        <line num="724" type="stmt" count="2"/>
        <line num="726" type="stmt" count="2"/>
        <line num="727" type="stmt" count="1"/>
        <line num="728" type="stmt" count="2"/>
        <line num="729" type="stmt" count="0"/>
        <line num="730" type="stmt" count="0"/>
        <line num="731" type="stmt" count="2"/>
        <line num="732" type="stmt" count="0"/>
        <line num="733" type="stmt" count="0"/>
        <line num="734" type="stmt" count="2"/>
        <line num="738" type="stmt" count="2"/>
        <line num="747" type="method" name="setSpecialDays" visibility="private" complexity="10" crap="10.80" count="2"/>
        <line num="749" type="stmt" count="2"/>
        <line num="750" type="stmt" count="2"/>
        <line num="751" type="stmt" count="2"/>
        <line num="752" type="stmt" count="2"/>
        <line num="753" type="stmt" count="2"/>
        <line num="754" type="stmt" count="0"/>
        <line num="755" type="stmt" count="0"/>
        <line num="756" type="stmt" count="2"/>
        <line num="757" type="stmt" count="2"/>
        <line num="758" type="stmt" count="0"/>
        <line num="760" type="stmt" count="2"/>
        <line num="761" type="stmt" count="2"/>
        <line num="762" type="stmt" count="2"/>
        <line num="764" type="stmt" count="2"/>
        <line num="765" type="stmt" count="2"/>
        <line num="773" type="method" name="setLeisureDays" visibility="private" complexity="4" crap="4" count="2"/>
        <line num="775" type="stmt" count="2"/>
        <line num="777" type="stmt" count="2"/>
        <line num="778" type="stmt" count="2"/>
        <line num="779" type="stmt" count="2"/>
        <line num="780" type="stmt" count="2"/>
        <line num="781" type="stmt" count="2"/>
        <line num="790" type="method" name="getBalanceAsTimeString" visibility="private" complexity="2" crap="2" count="2"/>
        <line num="792" type="stmt" count="2"/>
        <line num="793" type="stmt" count="2"/>
        <line num="794" type="stmt" count="2"/>
        <line num="795" type="stmt" count="2"/>
        <line num="796" type="stmt" count="2"/>
        <line num="806" type="method" name="getHolidays" visibility="private" complexity="2" crap="2" count="2"/>
        <line num="808" type="stmt" count="2"/>
        <line num="809" type="stmt" count="2"/>
        <line num="810" type="stmt" count="2"/>
        <line num="811" type="stmt" count="2"/>
        <line num="812" type="stmt" count="2"/>
        <line num="813" type="stmt" count="2"/>
        <line num="814" type="stmt" count="2"/>
        <line num="815" type="stmt" count="2"/>
        <line num="816" type="stmt" count="2"/>
        <line num="818" type="stmt" count="2"/>
        <line num="831" type="method" name="getDateAbbr" visibility="private" complexity="1" crap="1" count="2"/>
        <line num="833" type="stmt" count="2"/>
        <line num="834" type="stmt" count="2"/>
        <line num="835" type="stmt" count="2"/>
        <line num="847" type="method" name="getDateAddon" visibility="private" complexity="3" crap="3" count="7"/>
        <line num="849" type="stmt" count="7"/>
        <line num="850" type="stmt" count="7"/>
        <line num="851" type="stmt" count="7"/>
        <line num="852" type="stmt" count="7"/>
        <line num="853" type="stmt" count="7"/>
        <line num="854" type="stmt" count="5"/>
        <line num="855" type="stmt" count="5"/>
        <line num="856" type="stmt" count="7"/>
        <metrics loc="858" ncloc="527" classes="1" methods="32" coveredmethods="23" conditionals="0" coveredconditionals="0" statements="329" coveredstatements="298" elements="361" coveredelements="321"/>
      </file>
      <file name="C:\Apache24\htdocs\inew\src\AppBundle/Service/UserService.php">
        <class name="UserService" namespace="AppBundle\Service">
          <metrics complexity="4" methods="2" coveredmethods="1" conditionals="0" coveredconditionals="0" statements="9" coveredstatements="8" elements="11" coveredelements="9"/>
        </class>
        <line num="39" type="method" name="__construct" visibility="public" complexity="1" crap="1" count="17"/>
        <line num="41" type="stmt" count="17"/>
        <line num="42" type="stmt" count="17"/>
        <line num="43" type="stmt" count="17"/>
        <line num="51" type="method" name="getLoggedUser" visibility="public" complexity="3" crap="3.04" count="17"/>
        <line num="53" type="stmt" count="17"/>
        <line num="54" type="stmt" count="0"/>
        <line num="57" type="stmt" count="17"/>
        <line num="58" type="stmt" count="17"/>
        <line num="59" type="stmt" count="17"/>
        <line num="61" type="stmt" count="17"/>
        <metrics loc="63" ncloc="36" classes="1" methods="2" coveredmethods="1" conditionals="0" coveredconditionals="0" statements="9" coveredstatements="8" elements="11" coveredelements="9"/>
      </file>
    </package>
    <package name="AppBundle\Traits">
      <file name="C:\Apache24\htdocs\inew\src\AppBundle/Traits/FileHandlerTrait.php">
        <class name="FileHandlerTrait" namespace="AppBundle\Traits">
          <metrics complexity="3" methods="2" coveredmethods="2" conditionals="0" coveredconditionals="0" statements="11" coveredstatements="11" elements="13" coveredelements="13"/>
        </class>
        <line num="20" type="method" name="getFileList" visibility="public" complexity="2" crap="2" count="6"/>
        <line num="22" type="stmt" count="6"/>
        <line num="23" type="stmt" count="6"/>
        <line num="24" type="stmt" count="6"/>
        <line num="25" type="stmt" count="6"/>
        <line num="26" type="stmt" count="6"/>
        <line num="27" type="stmt" count="6"/>
        <line num="29" type="stmt" count="6"/>
        <line num="40" type="method" name="removeFileExceptions" visibility="private" complexity="1" crap="1" count="6"/>
        <line num="42" type="stmt" count="6"/>
        <line num="43" type="stmt" count="6"/>
        <line num="44" type="stmt" count="6"/>
        <line num="45" type="stmt" count="6"/>
        <metrics loc="47" ncloc="26" classes="1" methods="2" coveredmethods="2" conditionals="0" coveredconditionals="0" statements="11" coveredstatements="11" elements="13" coveredelements="13"/>
      </file>
      <file name="C:\Apache24\htdocs\inew\src\AppBundle/Traits/StringHandlerTrait.php">
        <class name="StringHandlerTrait" namespace="AppBundle\Traits">
          <metrics complexity="5" methods="1" coveredmethods="1" conditionals="0" coveredconditionals="0" statements="7" coveredstatements="7" elements="8" coveredelements="8"/>
        </class>
        <line num="18" type="method" name="utf8ize" visibility="public" complexity="5" crap="5" count="8"/>
        <line num="20" type="stmt" count="8"/>
        <line num="21" type="stmt" count="7"/>
        <line num="22" type="stmt" count="2"/>
        <line num="23" type="stmt" count="7"/>
        <line num="24" type="stmt" count="8"/>
        <line num="25" type="stmt" count="3"/>
        <line num="27" type="stmt" count="7"/>
        <metrics loc="29" ncloc="19" classes="1" methods="1" coveredmethods="1" conditionals="0" coveredconditionals="0" statements="7" coveredstatements="7" elements="8" coveredelements="8"/>
      </file>
    </package>
    <package name="AppBundle\Util">
      <file name="C:\Apache24\htdocs\inew\src\AppBundle/Util/ArrayHelper.php">
        <class name="ArrayHelper" namespace="AppBundle\Util">
          <metrics complexity="3" methods="2" coveredmethods="2" conditionals="0" coveredconditionals="0" statements="3" coveredstatements="3" elements="5" coveredelements="5"/>
        </class>
        <line num="16" type="method" name="uksortRecursive" visibility="public" complexity="2" crap="2" count="16"/>
        <line num="19" type="stmt" count="16"/>
        <line num="20" type="method" name="anonymous function" complexity="1" crap="1" count="16"/>
        <line num="21" type="stmt" count="16"/>
        <line num="22" type="stmt" count="16"/>
        <line num="23" type="stmt" count="16"/>
        <line num="24" type="stmt" count="16"/>
        <line num="25" type="stmt" count="16"/>
        <metrics loc="26" ncloc="16" classes="1" methods="2" coveredmethods="2" conditionals="0" coveredconditionals="0" statements="6" coveredstatements="6" elements="8" coveredelements="8"/>
      </file>
      <file name="C:\Apache24\htdocs\inew\src\AppBundle/Util/TimeConverter.php">
        <class name="TimeConverter" namespace="AppBundle\Util">
          <metrics complexity="3" methods="1" coveredmethods="1" conditionals="0" coveredconditionals="0" statements="8" coveredstatements="8" elements="9" coveredelements="9"/>
        </class>
        <line num="14" type="method" name="secondsToTime" visibility="public" complexity="3" crap="3" count="7"/>
        <line num="17" type="stmt" count="7"/>
        <line num="18" type="stmt" count="1"/>
        <line num="19" type="stmt" count="1"/>
        <line num="20" type="stmt" count="1"/>
        <line num="21" type="stmt" count="1"/>
        <line num="23" type="stmt" count="6"/>
        <line num="24" type="stmt" count="6"/>
        <line num="25" type="stmt" count="6"/>
        <metrics loc="27" ncloc="17" classes="1" methods="1" coveredmethods="1" conditionals="0" coveredconditionals="0" statements="8" coveredstatements="8" elements="9" coveredelements="9"/>
      </file>
      <file name="C:\Apache24\htdocs\inew\src\AppBundle/Util/TimeTrackerConstants.php">
        <class name="TimeTrackerConstants" namespace="AppBundle\Util">
          <metrics complexity="0" methods="0" coveredmethods="0" conditionals="0" coveredconditionals="0" statements="0" coveredstatements="0" elements="0" coveredelements="0"/>
        </class>
        <metrics loc="12" ncloc="12" classes="0" methods="0" coveredmethods="0" conditionals="0" coveredconditionals="0" statements="0" coveredstatements="0" elements="0" coveredelements="0"/>
      </file>
    </package>
    <metrics files="20" loc="3342" ncloc="2532" classes="18" methods="141" coveredmethods="88" conditionals="0" coveredconditionals="0" statements="1478" coveredstatements="1207" elements="1619" coveredelements="1295"/>
  </project>
</coverage>
