Recording NUnit tests results
ERROR: Publisher 'Publish NUnit test result report' aborted due to exception: 
java.io.IOException: remote file operation failed: d:\jenkins\workspace\DailyEyeDoc at hudson.remoting.Channel@89afa9:jg: hudson.util.IOException2: Could not transform the NUnit report. Please report this issue to the plugin author
	at hudson.FilePath.act(FilePath.java:987)
	at hudson.FilePath.act(FilePath.java:969)
	at hudson.plugins.nunit.NUnitPublisher.perform(NUnitPublisher.java:145)
	at hudson.tasks.BuildStepMonitor$1.perform(BuildStepMonitor.java:20)
	at hudson.model.AbstractBuild$AbstractBuildExecution.perform(AbstractBuild.java:779)
	at hudson.model.AbstractBuild$AbstractBuildExecution.performAllBuildSteps(AbstractBuild.java:726)
	at hudson.model.Build$BuildExecution.post2(Build.java:185)
	at hudson.model.AbstractBuild$AbstractBuildExecution.post(AbstractBuild.java:671)
	at hudson.model.Run.execute(Run.java:1766)
	at hudson.model.FreeStyleBuild.run(FreeStyleBuild.java:43)
	at hudson.model.ResourceController.execute(ResourceController.java:98)
	at hudson.model.Executor.run(Executor.java:408)
Caused by: hudson.util.IOException2: Could not transform the NUnit report. Please report this issue to the plugin author
	at hudson.plugins.nunit.NUnitArchiver.invoke(NUnitArchiver.java:68)
	at hudson.plugins.nunit.NUnitArchiver.invoke(NUnitArchiver.java:26)
	at hudson.FilePath$FileCallableWrapper.call(FilePath.java:2691)
	at hudson.remoting.UserRequest.perform(UserRequest.java:121)
	at hudson.remoting.UserRequest.perform(UserRequest.java:49)
	at hudson.remoting.Request$2.run(Request.java:326)
	at hudson.remoting.InterceptingExecutorService$1.call(InterceptingExecutorService.java:68)
	at java.util.concurrent.FutureTask.run(Unknown Source)
	at java.util.concurrent.ThreadPoolExecutor.runWorker(Unknown Source)
	at java.util.concurrent.ThreadPoolExecutor$Worker.run(Unknown Source)
	at hudson.remoting.Engine$1$1.run(Engine.java:69)
	at java.lang.Thread.run(Unknown Source)
	at ......remote call to jg(Native Method)
	at hudson.remoting.Channel.attachCallSiteStackTrace(Channel.java:1413)
	at hudson.remoting.UserResponse.retrieve(UserRequest.java:221)
	at hudson.remoting.Channel.call(Channel.java:778)
	at hudson.FilePath.act(FilePath.java:980)
	... 11 more
Caused by: org.xml.sax.SAXParseException; systemId: file:/d:/jenkins/workspace/DailyEyeDoc/temporary-junit-reports/temp-junit.xml; lineNumber: 3; columnNumber: 3; Content is not allowed in prolog.
	at com.sun.org.apache.xerces.internal.parsers.DOMParser.parse(Unknown Source)
	at com.sun.org.apache.xerces.internal.jaxp.DocumentBuilderImpl.parse(Unknown Source)
	at javax.xml.parsers.DocumentBuilder.parse(Unknown Source)
	at hudson.plugins.nunit.NUnitReportTransformer.splitJUnitFile(NUnitReportTransformer.java:102)
	at hudson.plugins.nunit.NUnitReportTransformer.transform(NUnitReportTransformer.java:72)
	at hudson.plugins.nunit.NUnitArchiver.invoke(NUnitArchiver.java:63)
	at hudson.plugins.nunit.NUnitArchiver.invoke(NUnitArchiver.java:26)
	at hudson.FilePath$FileCallableWrapper.call(FilePath.java:2691)
	at hudson.remoting.UserRequest.perform(UserRequest.java:121)
	at hudson.remoting.UserRequest.perform(UserRequest.java:49)
	at hudson.remoting.Request$2.run(Request.java:326)
	at hudson.remoting.InterceptingExecutorService$1.call(InterceptingExecutorService.java:68)
	at java.util.concurrent.FutureTask.run(Unknown Source)
	at java.util.concurrent.ThreadPoolExecutor.runWorker(Unknown Source)
	at java.util.concurrent.ThreadPoolExecutor$Worker.run(Unknown Source)
	at hudson.remoting.Engine$1$1.run(Engine.java:69)
	at java.lang.Thread.run(Unknown Source)
Finished: FAILURE