15:33:52 Started by user Ergün Altunbayrak
15:33:52 Building in workspace /var/lib/jenkins/workspace/sql
15:33:52 --------------------------------------------------------------------------
15:33:52 Getting ORACLE_HOME...
15:33:52 global ORACLE_HOME selected
15:33:52 --------------------------------------------------------------------------
15:33:52 Using global ORACLE_HOME
15:33:52 --------------------------------------------------------------------------
15:33:52 Using ORACLE_HOME =/home/oracle/app/oracle/product/11.2.0/dbhome_2
15:33:52 --------------------------------------------------------------------------
15:33:52 Getting SQLPlus version
15:33:52 ORACLE_HOME = /home/oracle/app/oracle/product/11.2.0/dbhome_2
15:33:52 LD_LIBRARY_PATH = /home/oracle/app/oracle/product/11.2.0/dbhome_2/lib
15:33:52 SQL*Plus exec file = sqlplus
15:33:52 found SQL*Plus on /home/oracle/app/oracle/product/11.2.0/dbhome_2/bin
15:33:52 --------------------------------------------------------------------------
15:33:52 Statement:
15:33:52 /home/oracle/app/oracle/product/11.2.0/dbhome_2/bin/sqlplus -v  
15:33:52 --------------------------------------------------------------------------
15:33:52 Process exited with status 0
15:33:52 --------------------------------------------------------------------------
15:33:52 testing directory /home/oracle/app/oracle/product/11.2.0/dbhome_2
15:33:52 --------------------------------------------------------------------------
15:33:52 Using ORACLE_HOME =/home/oracle/app/oracle/product/11.2.0/dbhome_2
15:33:52 --------------------------------------------------------------------------
15:33:52 Running defined script on agito/********@orcl
15:33:52 Temp script: /tmp/temp-script-15099716325571138102144880168542.sql
15:33:52 --------------------------------------------------------------------------
15:33:52 ORACLE_HOME = /home/oracle/app/oracle/product/11.2.0/dbhome_2
15:33:52 LD_LIBRARY_PATH = /home/oracle/app/oracle/product/11.2.0/dbhome_2/lib:/home/oracle/app/oracle/product/11.2.0/dbhome_2
15:33:52 
15:33:52 SQL*Plus: Release 11.2.0.2.0 Production
15:33:52 
15:33:52 found TNSNAMES.ORA on /home/oracle/app/oracle/product/11.2.0/dbhome_2/network/admin
15:33:52 TNS_ADMIN = /home/oracle/app/oracle/product/11.2.0/dbhome_2/network/admin
15:33:52 Work Directory = /var/lib/jenkins/workspace/sql
15:33:52 SQL*Plus exec file = sqlplus
15:33:53 found SQL*Plus on /home/oracle/app/oracle/product/11.2.0/dbhome_2/bin
15:33:53  Statement: 
15:33:53 --------------------------------------------------------------------------
15:33:53 /home/oracle/app/oracle/product/11.2.0/dbhome_2/bin/sqlplus -L agito/agito@orcl @/tmp/temp-script-15099716325571138102144880168542.sql --------------------------------------------------------------------------
15:33:53  
15:36:52 Build timed out (after 3 minutes). Marking the build as aborted.
15:36:52 Error:null
15:36:52 java.lang.RuntimeException: java.lang.InterruptedException
15:36:52 	at org.jenkinsci.plugins.sqlplusscriptrunner.SQLPlusRunner.invoke(SQLPlusRunner.java:307)
15:36:52 	at org.jenkinsci.plugins.sqlplusscriptrunner.SQLPlusRunner.invoke(SQLPlusRunner.java:16)
15:36:52 	at hudson.FilePath.act(FilePath.java:998)
15:36:52 	at hudson.FilePath.act(FilePath.java:976)
15:36:52 	at org.jenkinsci.plugins.sqlplusscriptrunner.SQLPlusRunnerBuilder.perform(SQLPlusRunnerBuilder.java:106)
15:36:52 	at hudson.tasks.BuildStepMonitor$1.perform(BuildStepMonitor.java:20)
15:36:52 	at hudson.model.AbstractBuild$AbstractBuildExecution.perform(AbstractBuild.java:736)
15:36:52 	at hudson.model.Build$BuildExecution.build(Build.java:206)
15:36:52 	at hudson.model.Build$BuildExecution.doRun(Build.java:163)
15:36:52 	at hudson.model.AbstractBuild$AbstractBuildExecution.run(AbstractBuild.java:496)
15:36:52 	at hudson.model.Run.execute(Run.java:1737)
15:36:52 	at hudson.model.FreeStyleBuild.run(FreeStyleBuild.java:43)
15:36:52 	at hudson.model.ResourceController.execute(ResourceController.java:97)
15:36:52 	at hudson.model.Executor.run(Executor.java:421)
15:36:52 Caused by: java.lang.InterruptedException
15:36:52 	at java.lang.Object.wait(Native Method)
15:36:52 	at java.lang.Object.wait(Unknown Source)
15:36:52 	at java.lang.UNIXProcess.waitFor(Unknown Source)
15:36:52 	at org.jenkinsci.plugins.sqlplusscriptrunner.SQLPlusRunner.invoke(SQLPlusRunner.java:294)
15:36:52 	... 13 more
15:36:52 ERROR: java.lang.InterruptedException
15:36:52 Finished: FAILURE