Started by user [8mha:////4GVHCZQdgMoAToekTKaPSTndMSYo9lnSXHfQOiZs7lDFAAAAlx+LCAAAAAAAAP9b85aBtbiIQTGjNKU4P08vOT+vOD8nVc83PyU1x6OyILUoJzMv2y+/JJUBAhiZGBgqihhk0NSjKDWzXb3RdlLBUSYGJk8GtpzUvPSSDB8G5tKinBIGIZ+sxLJE/ZzEvHT94JKizLx0a6BxUmjGOUNodHsLgAzWEgZu/dLi1CL9xJTczDwAj6GcLcAAAAA=[0madmin
Running as SYSTEM
Building remotely on [8mha:////4JfjGqI1GHpXIcrt5SR4/0W3pOIgbBRFUjUFWzvwZKSDAAAAoh+LCAAAAAAAAP9b85aBtbiIQTGjNKU4P08vOT+vOD8nVc83PyU1x6OyILUoJzMv2y+/JJUBAhiZGBgqihhk0NSjKDWzXb3RdlLBUSYGJk8GtpzUvPSSDB8G5tKinBIGIZ+sxLJE/ZzEvHT94JKizLx0a6BxUmjGOUNodHsLgAzeEgZx/eT83ILSktQifZ8goNKSovycnNQiIwA1Va8/zAAAAA==[0mLRController2 (Controller2) in workspace C:\Jenkins\workspace\Singapore Live
[Singapore Live] $ "C:\Jenkins\workspace\Singapore Live\HpToolsLauncher.exe" -paramfile props17022020071543837.txt
"Started..."
Run build tests
Launcher timeout is 10675199::02:48:05
Controller Polling Interval: 10 seconds
PerScenarioTimeout: 00::00:10:00 minutes
FileSystemTestRunner timeout is 10675199.02:48:05.4775807
UFT Mobile connection info is - UFT Mobile HostAddress: , Port: 8080, Username: , TenantId: , UseSSL: 0, UseProxy: 0, ProxyType: 0, ProxyAddress: , ProxyPort: 0, ProxyAuth: 0, ProxyUser: 
Results directory is: C:\Ddrive\Performance\Scripts\Live\Singapore
1 tests found:
C:\Ddrive\Performance\Scripts\Live\Singapore\Live.lrs
============================================================================
17/02/2020 10:45:43 Running: C:\Ddrive\Performance\Scripts\Live\Singapore\Live.lrs
Unable to delete report folder C:\Ddrive\Performance\Scripts\Live\.
C:\Ddrive\Performance\Scripts\Live\\Live.lrs
Cleaning up the environment...
Preparing scenario C:\Ddrive\Performance\Scripts\Live\Singapore\Live.lrs for execution.
Test result: Error
17/02/2020 10:45:58 Test complete: C:\Ddrive\Performance\Scripts\Live\Live.lrs
-------------------------------------------------------------------------------------------------------
Cleaning up the environment...
================================================
Run status: Job failed, total tests: 1, succeeded: 0, failures: 0, errors: 1, warnings: 0
Error  : C:\Ddrive\Performance\Scripts\Live\Live.lrs[1]
================================================
Build step 'Execute Micro Focus tests from file system' changed build result to FAILURE
Recording test results
Report archiving mode is set to: PUBLISH_HTML_REPORT
artifactsDir: archive C:\Program Files (x86)\Jenkins\jobs\Live\builds\11\archive
Finished: FAILURE
