> Task :compileJava NO-SOURCE
> Task :compileGroovy NO-SOURCE
> Task :processResources NO-SOURCE
> Task :classes UP-TO-DATE
> Task :resolveTestPlugins
> Task :compileTestJava NO-SOURCE
> Task :compileTestGroovy UP-TO-DATE
> Task :processTestResources NO-SOURCE
> Task :testClasses UP-TO-DATE
> Task :test
WARNING: An illegal reflective access operation has occurred
WARNING: Illegal reflective access by org.codehaus.groovy.vmplugin.v7.Java7$1 (file:/C:/Users/r.fuereder/.gradle/caches/modules-2/files-2.1/org.codehaus.groovy/groovy-all/2.4.21/8e4f4c30dbb9123fbf703f256cd721bbac5c902a/groovy-all-2.4.21.jar) to constructor java.lang.invoke.MethodHandles$Lookup(java.lang.Class,int)
WARNING: Please consider reporting this to the maintainers of org.codehaus.groovy.vmplugin.v7.Java7$1
WARNING: Use --illegal-access=warn to enable warnings of further illegal reflective access operations
WARNING: All illegal access operations will be denied in a future release
=== Starting com.xortex.tkqs.jenkins.jobdsl.JobScriptsSpec
   0.085 [id=19]	INFO	o.jvnet.hudson.test.WarExploder#explode: Picking up existing exploded jenkins.war at C:\Users\r.fuereder\Documents\TK-QS\jenkins\build\jenkins-for-test
   0.300 [id=19]	INFO	o.jvnet.hudson.test.JenkinsRule#createWebServer: Running on http://localhost:54036/jenkins/
   0.585 [id=33]	INFO	jenkins.InitReactorRunner$1#onAttained: Started initialization
   2.204 [id=36]	WARNING	hudson.ClassicPluginStrategy#createPluginWrapper: encountered C:\Users\R3FAB~1.FUE\AppData\Local\Temp\jenkins6597266646282931896\plugins\ace-editor-1.1.jpi under a nonstandard name; expected ace-editor.jpi
   2.242 [id=36]	INFO	hudson.PluginManager#considerDetachedPlugin: Loading a detached plugin as a dependency: C:\Users\R3FAB~1.FUE\AppData\Local\Temp\jenkins6597266646282931896\plugins\bouncycastle-api.jpi
   2.373 [id=36]	INFO	hudson.PluginManager#considerDetachedPlugin: Loading a detached plugin as a dependency: C:\Users\R3FAB~1.FUE\AppData\Local\Temp\jenkins6597266646282931896\plugins\sshd.jpi
   2.474 [id=36]	INFO	hudson.PluginManager#considerDetachedPlugin: Loading a detached plugin as a dependency: C:\Users\R3FAB~1.FUE\AppData\Local\Temp\jenkins6597266646282931896\plugins\javax-activation-api.jpi
   2.527 [id=36]	INFO	hudson.PluginManager#considerDetachedPlugin: Loading a detached plugin as a dependency: C:\Users\R3FAB~1.FUE\AppData\Local\Temp\jenkins6597266646282931896\plugins\javax-mail-api.jpi
   2.875 [id=36]	INFO	hudson.PluginManager#considerDetachedPlugin: Loading a detached plugin as a dependency: C:\Users\R3FAB~1.FUE\AppData\Local\Temp\jenkins6597266646282931896\plugins\command-launcher.jpi
   3.065 [id=36]	INFO	hudson.PluginManager#considerDetachedPlugin: Loading a detached plugin as a dependency: C:\Users\R3FAB~1.FUE\AppData\Local\Temp\jenkins6597266646282931896\plugins\jdk-tool.jpi
   3.112 [id=36]	INFO	hudson.PluginManager#considerDetachedPlugin: Loading a detached plugin as a dependency: C:\Users\R3FAB~1.FUE\AppData\Local\Temp\jenkins6597266646282931896\plugins\trilead-api.jpi
   3.328 [id=36]	INFO	hudson.PluginManager#considerDetachedPlugin: Loading a detached plugin as a dependency: C:\Users\R3FAB~1.FUE\AppData\Local\Temp\jenkins6597266646282931896\plugins\script-security.jpi
   3.507 [id=36]	INFO	hudson.PluginManager#considerDetachedPlugin: Loading a detached plugin as a dependency: C:\Users\R3FAB~1.FUE\AppData\Local\Temp\jenkins6597266646282931896\plugins\jaxb.jpi
   3.607 [id=36]	WARNING	hudson.ClassicPluginStrategy#createPluginWrapper: encountered C:\Users\R3FAB~1.FUE\AppData\Local\Temp\jenkins6597266646282931896\plugins\ansicolor-1.0.1.jpi under a nonstandard name; expected ansicolor.jpi
   3.645 [id=36]	WARNING	hudson.ClassicPluginStrategy#createPluginWrapper: encountered C:\Users\R3FAB~1.FUE\AppData\Local\Temp\jenkins6597266646282931896\plugins\antisamy-markup-formatter-2.7.jpi under a nonstandard name; expected antisamy-markup-formatter.jpi
   3.845 [id=36]	WARNING	hudson.ClassicPluginStrategy#createPluginWrapper: encountered C:\Users\R3FAB~1.FUE\AppData\Local\Temp\jenkins6597266646282931896\plugins\apache-httpcomponents-client-4-api-4.5.13-1.0.jpi under a nonstandard name; expected apache-httpcomponents-client-4-api.jpi
   4.243 [id=36]	WARNING	hudson.ClassicPluginStrategy#createPluginWrapper: encountered C:\Users\R3FAB~1.FUE\AppData\Local\Temp\jenkins6597266646282931896\plugins\authentication-tokens-1.4.jpi under a nonstandard name; expected authentication-tokens.jpi
   4.290 [id=42]	WARNING	hudson.ClassicPluginStrategy#createPluginWrapper: encountered C:\Users\R3FAB~1.FUE\AppData\Local\Temp\jenkins6597266646282931896\plugins\blueocean-1.25.3.jpi under a nonstandard name; expected blueocean.jpi
   4.359 [id=42]	WARNING	hudson.ClassicPluginStrategy#createPluginWrapper: encountered C:\Users\R3FAB~1.FUE\AppData\Local\Temp\jenkins6597266646282931896\plugins\blueocean-autofavorite-1.2.5.jpi under a nonstandard name; expected blueocean-autofavorite.jpi
   4.437 [id=42]	WARNING	hudson.ClassicPluginStrategy#createPluginWrapper: encountered C:\Users\R3FAB~1.FUE\AppData\Local\Temp\jenkins6597266646282931896\plugins\blueocean-bitbucket-pipeline-1.25.3.jpi under a nonstandard name; expected blueocean-bitbucket-pipeline.jpi
   4.475 [id=42]	WARNING	hudson.ClassicPluginStrategy#createPluginWrapper: encountered C:\Users\R3FAB~1.FUE\AppData\Local\Temp\jenkins6597266646282931896\plugins\blueocean-commons-1.25.3.jpi under a nonstandard name; expected blueocean-commons.jpi
   4.506 [id=42]	WARNING	hudson.ClassicPluginStrategy#createPluginWrapper: encountered C:\Users\R3FAB~1.FUE\AppData\Local\Temp\jenkins6597266646282931896\plugins\blueocean-config-1.25.3.jpi under a nonstandard name; expected blueocean-config.jpi
   4.559 [id=42]	WARNING	hudson.ClassicPluginStrategy#createPluginWrapper: encountered C:\Users\R3FAB~1.FUE\AppData\Local\Temp\jenkins6597266646282931896\plugins\blueocean-core-js-1.25.3.jpi under a nonstandard name; expected blueocean-core-js.jpi
   4.622 [id=42]	WARNING	hudson.ClassicPluginStrategy#createPluginWrapper: encountered C:\Users\R3FAB~1.FUE\AppData\Local\Temp\jenkins6597266646282931896\plugins\blueocean-dashboard-1.25.3.jpi under a nonstandard name; expected blueocean-dashboard.jpi
   4.691 [id=42]	WARNING	hudson.ClassicPluginStrategy#createPluginWrapper: encountered C:\Users\R3FAB~1.FUE\AppData\Local\Temp\jenkins6597266646282931896\plugins\blueocean-display-url-2.4.1.jpi under a nonstandard name; expected blueocean-display-url.jpi
   4.974 [id=42]	WARNING	hudson.ClassicPluginStrategy#createPluginWrapper: encountered C:\Users\R3FAB~1.FUE\AppData\Local\Temp\jenkins6597266646282931896\plugins\blueocean-events-1.25.3.jpi under a nonstandard name; expected blueocean-events.jpi
   5.043 [id=42]	WARNING	hudson.ClassicPluginStrategy#createPluginWrapper: encountered C:\Users\R3FAB~1.FUE\AppData\Local\Temp\jenkins6597266646282931896\plugins\blueocean-git-pipeline-1.25.3.jpi under a nonstandard name; expected blueocean-git-pipeline.jpi
   5.074 [id=42]	WARNING	hudson.ClassicPluginStrategy#createPluginWrapper: encountered C:\Users\R3FAB~1.FUE\AppData\Local\Temp\jenkins6597266646282931896\plugins\blueocean-github-pipeline-1.25.3.jpi under a nonstandard name; expected blueocean-github-pipeline.jpi
   5.152 [id=42]	WARNING	hudson.ClassicPluginStrategy#createPluginWrapper: encountered C:\Users\R3FAB~1.FUE\AppData\Local\Temp\jenkins6597266646282931896\plugins\blueocean-i18n-1.25.3.jpi under a nonstandard name; expected blueocean-i18n.jpi
   5.210 [id=42]	WARNING	hudson.ClassicPluginStrategy#createPluginWrapper: encountered C:\Users\R3FAB~1.FUE\AppData\Local\Temp\jenkins6597266646282931896\plugins\blueocean-jwt-1.25.3.jpi under a nonstandard name; expected blueocean-jwt.jpi
   5.342 [id=42]	WARNING	hudson.ClassicPluginStrategy#createPluginWrapper: encountered C:\Users\R3FAB~1.FUE\AppData\Local\Temp\jenkins6597266646282931896\plugins\blueocean-personalization-1.25.3.jpi under a nonstandard name; expected blueocean-personalization.jpi
   5.373 [id=42]	WARNING	hudson.ClassicPluginStrategy#createPluginWrapper: encountered C:\Users\R3FAB~1.FUE\AppData\Local\Temp\jenkins6597266646282931896\plugins\blueocean-pipeline-api-impl-1.25.3.jpi under a nonstandard name; expected blueocean-pipeline-api-impl.jpi
   5.411 [id=42]	WARNING	hudson.ClassicPluginStrategy#createPluginWrapper: encountered C:\Users\R3FAB~1.FUE\AppData\Local\Temp\jenkins6597266646282931896\plugins\blueocean-pipeline-editor-1.25.3.jpi under a nonstandard name; expected blueocean-pipeline-editor.jpi
   5.527 [id=42]	WARNING	hudson.ClassicPluginStrategy#createPluginWrapper: encountered C:\Users\R3FAB~1.FUE\AppData\Local\Temp\jenkins6597266646282931896\plugins\blueocean-pipeline-scm-api-1.25.3.jpi under a nonstandard name; expected blueocean-pipeline-scm-api.jpi
   5.643 [id=42]	WARNING	hudson.ClassicPluginStrategy#createPluginWrapper: encountered C:\Users\R3FAB~1.FUE\AppData\Local\Temp\jenkins6597266646282931896\plugins\blueocean-rest-1.25.3.jpi under a nonstandard name; expected blueocean-rest.jpi
   5.696 [id=42]	WARNING	hudson.ClassicPluginStrategy#createPluginWrapper: encountered C:\Users\R3FAB~1.FUE\AppData\Local\Temp\jenkins6597266646282931896\plugins\blueocean-rest-impl-1.25.3.jpi under a nonstandard name; expected blueocean-rest-impl.jpi
   5.890 [id=42]	WARNING	hudson.ClassicPluginStrategy#createPluginWrapper: encountered C:\Users\R3FAB~1.FUE\AppData\Local\Temp\jenkins6597266646282931896\plugins\blueocean-web-1.25.3.jpi under a nonstandard name; expected blueocean-web.jpi
   5.970 [id=42]	WARNING	hudson.ClassicPluginStrategy#createPluginWrapper: encountered C:\Users\R3FAB~1.FUE\AppData\Local\Temp\jenkins6597266646282931896\plugins\bootstrap4-api-4.6.0-3.jpi under a nonstandard name; expected bootstrap4-api.jpi
   6.029 [id=42]	WARNING	hudson.ClassicPluginStrategy#createPluginWrapper: encountered C:\Users\R3FAB~1.FUE\AppData\Local\Temp\jenkins6597266646282931896\plugins\bootstrap5-api-5.1.3-6.jpi under a nonstandard name; expected bootstrap5-api.jpi
   6.197 [id=42]	WARNING	hudson.ClassicPluginStrategy#createPluginWrapper: encountered C:\Users\R3FAB~1.FUE\AppData\Local\Temp\jenkins6597266646282931896\plugins\bouncycastle-api-2.25.jpi under a nonstandard name; expected bouncycastle-api.jpi
   6.260 [id=42]	WARNING	hudson.ClassicPluginStrategy#createPluginWrapper: encountered C:\Users\R3FAB~1.FUE\AppData\Local\Temp\jenkins6597266646282931896\plugins\branch-api-2.1044.v2c007e51b_87f.jpi under a nonstandard name; expected branch-api.jpi
   6.313 [id=42]	WARNING	hudson.ClassicPluginStrategy#createPluginWrapper: encountered C:\Users\R3FAB~1.FUE\AppData\Local\Temp\jenkins6597266646282931896\plugins\caffeine-api-2.9.2-29.v717aac953ff3.jpi under a nonstandard name; expected caffeine-api.jpi
   6.344 [id=31]	WARNING	hudson.ClassicPluginStrategy#createPluginWrapper: encountered C:\Users\R3FAB~1.FUE\AppData\Local\Temp\jenkins6597266646282931896\plugins\checks-api-1.7.2.jpi under a nonstandard name; expected checks-api.jpi
   6.391 [id=31]	WARNING	hudson.ClassicPluginStrategy#createPluginWrapper: encountered C:\Users\R3FAB~1.FUE\AppData\Local\Temp\jenkins6597266646282931896\plugins\cloudbees-bitbucket-branch-source-762.v969cfe087fc0.jpi under a nonstandard name; expected cloudbees-bitbucket-branch-source.jpi
   6.445 [id=31]	WARNING	hudson.ClassicPluginStrategy#createPluginWrapper: encountered C:\Users\R3FAB~1.FUE\AppData\Local\Temp\jenkins6597266646282931896\plugins\cloudbees-folder-6.714.v79e858ef76a_2.jpi under a nonstandard name; expected cloudbees-folder.jpi
   6.476 [id=31]	WARNING	hudson.ClassicPluginStrategy#createPluginWrapper: encountered C:\Users\R3FAB~1.FUE\AppData\Local\Temp\jenkins6597266646282931896\plugins\cloudbees-jenkins-advisor-3.3.2.jpi under a nonstandard name; expected cloudbees-jenkins-advisor.jpi
   6.677 [id=31]	WARNING	hudson.ClassicPluginStrategy#createPluginWrapper: encountered C:\Users\R3FAB~1.FUE\AppData\Local\Temp\jenkins6597266646282931896\plugins\command-launcher-1.6.jpi under a nonstandard name; expected command-launcher.jpi
   6.899 [id=31]	WARNING	hudson.ClassicPluginStrategy#createPluginWrapper: encountered C:\Users\R3FAB~1.FUE\AppData\Local\Temp\jenkins6597266646282931896\plugins\configuration-as-code-1414.v878271fc496f.jpi under a nonstandard name; expected configuration-as-code.jpi
   7.115 [id=32]	WARNING	hudson.ClassicPluginStrategy#createPluginWrapper: encountered C:\Users\R3FAB~1.FUE\AppData\Local\Temp\jenkins6597266646282931896\plugins\credentials-1087.v16065d268466.jpi under a nonstandard name; expected credentials.jpi
   7.162 [id=32]	WARNING	hudson.ClassicPluginStrategy#createPluginWrapper: encountered C:\Users\R3FAB~1.FUE\AppData\Local\Temp\jenkins6597266646282931896\plugins\credentials-binding-1.27.1.jpi under a nonstandard name; expected credentials-binding.jpi
   7.279 [id=32]	WARNING	hudson.ClassicPluginStrategy#createPluginWrapper: encountered C:\Users\R3FAB~1.FUE\AppData\Local\Temp\jenkins6597266646282931896\plugins\display-url-api-2.3.6.jpi under a nonstandard name; expected display-url-api.jpi
   7.400 [id=32]	WARNING	hudson.ClassicPluginStrategy#createPluginWrapper: encountered C:\Users\R3FAB~1.FUE\AppData\Local\Temp\jenkins6597266646282931896\plugins\docker-commons-1.19.jpi under a nonstandard name; expected docker-commons.jpi
   7.462 [id=46]	WARNING	hudson.ClassicPluginStrategy#createPluginWrapper: encountered C:\Users\R3FAB~1.FUE\AppData\Local\Temp\jenkins6597266646282931896\plugins\docker-workflow-1.28.jpi under a nonstandard name; expected docker-workflow.jpi
   7.600 [id=46]	WARNING	hudson.ClassicPluginStrategy#createPluginWrapper: encountered C:\Users\R3FAB~1.FUE\AppData\Local\Temp\jenkins6597266646282931896\plugins\durable-task-495.v29cd95ec10f2.jpi under a nonstandard name; expected durable-task.jpi
   8.133 [id=38]	WARNING	hudson.ClassicPluginStrategy#createPluginWrapper: encountered C:\Users\R3FAB~1.FUE\AppData\Local\Temp\jenkins6597266646282931896\plugins\echarts-api-5.3.0-2.jpi under a nonstandard name; expected echarts-api.jpi
   8.480 [id=38]	WARNING	hudson.ClassicPluginStrategy#createPluginWrapper: encountered C:\Users\R3FAB~1.FUE\AppData\Local\Temp\jenkins6597266646282931896\plugins\email-ext-2.87.jpi under a nonstandard name; expected email-ext.jpi
   8.665 [id=38]	WARNING	hudson.ClassicPluginStrategy#createPluginWrapper: encountered C:\Users\R3FAB~1.FUE\AppData\Local\Temp\jenkins6597266646282931896\plugins\favorite-2.4.1.jpi under a nonstandard name; expected favorite.jpi
   8.854 [id=38]	WARNING	hudson.ClassicPluginStrategy#createPluginWrapper: encountered C:\Users\R3FAB~1.FUE\AppData\Local\Temp\jenkins6597266646282931896\plugins\font-awesome-api-6.0.0-1.jpi under a nonstandard name; expected font-awesome-api.jpi
   8.919 [id=38]	WARNING	hudson.ClassicPluginStrategy#createPluginWrapper: encountered C:\Users\R3FAB~1.FUE\AppData\Local\Temp\jenkins6597266646282931896\plugins\git-4.11.0.jpi under a nonstandard name; expected git.jpi
   9.035 [id=38]	WARNING	hudson.ClassicPluginStrategy#createPluginWrapper: encountered C:\Users\R3FAB~1.FUE\AppData\Local\Temp\jenkins6597266646282931896\plugins\git-client-3.11.0.jpi under a nonstandard name; expected git-client.jpi
   9.404 [id=39]	WARNING	hudson.ClassicPluginStrategy#createPluginWrapper: encountered C:\Users\R3FAB~1.FUE\AppData\Local\Temp\jenkins6597266646282931896\plugins\git-server-1.10.jpi under a nonstandard name; expected git-server.jpi
   9.535 [id=39]	WARNING	hudson.ClassicPluginStrategy#createPluginWrapper: encountered C:\Users\R3FAB~1.FUE\AppData\Local\Temp\jenkins6597266646282931896\plugins\github-1.34.3.jpi under a nonstandard name; expected github.jpi
   9.604 [id=39]	WARNING	hudson.ClassicPluginStrategy#createPluginWrapper: encountered C:\Users\R3FAB~1.FUE\AppData\Local\Temp\jenkins6597266646282931896\plugins\github-api-1.301-378.v9807bd746da5.jpi under a nonstandard name; expected github-api.jpi
   9.705 [id=39]	WARNING	hudson.ClassicPluginStrategy#createPluginWrapper: encountered C:\Users\R3FAB~1.FUE\AppData\Local\Temp\jenkins6597266646282931896\plugins\github-branch-source-1598.v91207e9f9b_4a_.jpi under a nonstandard name; expected github-branch-source.jpi
   9.805 [id=45]	WARNING	hudson.ClassicPluginStrategy#createPluginWrapper: encountered C:\Users\R3FAB~1.FUE\AppData\Local\Temp\jenkins6597266646282931896\plugins\gitlab-plugin-1.5.29.jpi under a nonstandard name; expected gitlab-plugin.jpi
  10.084 [id=45]	WARNING	hudson.ClassicPluginStrategy#createPluginWrapper: encountered C:\Users\R3FAB~1.FUE\AppData\Local\Temp\jenkins6597266646282931896\plugins\handlebars-3.0.8.jpi under a nonstandard name; expected handlebars.jpi
  10.131 [id=45]	WARNING	hudson.ClassicPluginStrategy#createPluginWrapper: encountered C:\Users\R3FAB~1.FUE\AppData\Local\Temp\jenkins6597266646282931896\plugins\handy-uri-templates-2-api-2.1.8-1.0.jpi under a nonstandard name; expected handy-uri-templates-2-api.jpi
  10.283 [id=45]	WARNING	hudson.ClassicPluginStrategy#createPluginWrapper: encountered C:\Users\R3FAB~1.FUE\AppData\Local\Temp\jenkins6597266646282931896\plugins\htmlpublisher-1.29.jpi under a nonstandard name; expected htmlpublisher.jpi
  10.606 [id=45]	WARNING	hudson.ClassicPluginStrategy#createPluginWrapper: encountered C:\Users\R3FAB~1.FUE\AppData\Local\Temp\jenkins6597266646282931896\plugins\jackson2-api-2.13.2-260.v43d711474c77.jpi under a nonstandard name; expected jackson2-api.jpi
  11.287 [id=45]	WARNING	hudson.ClassicPluginStrategy#createPluginWrapper: encountered C:\Users\R3FAB~1.FUE\AppData\Local\Temp\jenkins6597266646282931896\plugins\javax-activation-api-1.2.0-2.jpi under a nonstandard name; expected javax-activation-api.jpi
  11.323 [id=45]	WARNING	hudson.ClassicPluginStrategy#createPluginWrapper: encountered C:\Users\R3FAB~1.FUE\AppData\Local\Temp\jenkins6597266646282931896\plugins\javax-mail-api-1.6.2-5.jpi under a nonstandard name; expected javax-mail-api.jpi
  11.423 [id=45]	WARNING	hudson.ClassicPluginStrategy#createPluginWrapper: encountered C:\Users\R3FAB~1.FUE\AppData\Local\Temp\jenkins6597266646282931896\plugins\jaxb-2.3.0.1.jpi under a nonstandard name; expected jaxb.jpi
  11.470 [id=45]	WARNING	hudson.ClassicPluginStrategy#createPluginWrapper: encountered C:\Users\R3FAB~1.FUE\AppData\Local\Temp\jenkins6597266646282931896\plugins\jdk-tool-1.5.jpi under a nonstandard name; expected jdk-tool.jpi
  11.524 [id=45]	WARNING	hudson.ClassicPluginStrategy#createPluginWrapper: encountered C:\Users\R3FAB~1.FUE\AppData\Local\Temp\jenkins6597266646282931896\plugins\jenkins-design-language-1.25.3.jpi under a nonstandard name; expected jenkins-design-language.jpi
  11.671 [id=45]	WARNING	hudson.ClassicPluginStrategy#createPluginWrapper: encountered C:\Users\R3FAB~1.FUE\AppData\Local\Temp\jenkins6597266646282931896\plugins\jersey2-api-2.35-5.jpi under a nonstandard name; expected jersey2-api.jpi
  12.488 [id=45]	WARNING	hudson.ClassicPluginStrategy#createPluginWrapper: encountered C:\Users\R3FAB~1.FUE\AppData\Local\Temp\jenkins6597266646282931896\plugins\jjwt-api-0.11.2-9.c8b45b8bb173.jpi under a nonstandard name; expected jjwt-api.jpi
  12.604 [id=45]	WARNING	hudson.ClassicPluginStrategy#createPluginWrapper: encountered C:\Users\R3FAB~1.FUE\AppData\Local\Temp\jenkins6597266646282931896\plugins\jquery3-api-3.6.0-2.jpi under a nonstandard name; expected jquery3-api.jpi
  12.626 [id=45]	WARNING	hudson.ClassicPluginStrategy#createPluginWrapper: encountered C:\Users\R3FAB~1.FUE\AppData\Local\Temp\jenkins6597266646282931896\plugins\jsch-0.1.55.2.jpi under a nonstandard name; expected jsch.jpi
  12.742 [id=45]	WARNING	hudson.ClassicPluginStrategy#createPluginWrapper: encountered C:\Users\R3FAB~1.FUE\AppData\Local\Temp\jenkins6597266646282931896\plugins\junit-1.58.jpi under a nonstandard name; expected junit.jpi
  12.827 [id=39]	WARNING	hudson.ClassicPluginStrategy#createPluginWrapper: encountered C:\Users\R3FAB~1.FUE\AppData\Local\Temp\jenkins6597266646282931896\plugins\ldap-2.8.jpi under a nonstandard name; expected ldap.jpi
  12.927 [id=39]	WARNING	hudson.ClassicPluginStrategy#createPluginWrapper: encountered C:\Users\R3FAB~1.FUE\AppData\Local\Temp\jenkins6597266646282931896\plugins\lockable-resources-2.14.jpi under a nonstandard name; expected lockable-resources.jpi
  12.959 [id=39]	WARNING	hudson.ClassicPluginStrategy#createPluginWrapper: encountered C:\Users\R3FAB~1.FUE\AppData\Local\Temp\jenkins6597266646282931896\plugins\mailer-408.vd726a_1130320.jpi under a nonstandard name; expected mailer.jpi
  12.990 [id=39]	WARNING	hudson.ClassicPluginStrategy#createPluginWrapper: encountered C:\Users\R3FAB~1.FUE\AppData\Local\Temp\jenkins6597266646282931896\plugins\matrix-auth-3.1.jpi under a nonstandard name; expected matrix-auth.jpi
  13.074 [id=39]	WARNING	hudson.ClassicPluginStrategy#createPluginWrapper: encountered C:\Users\R3FAB~1.FUE\AppData\Local\Temp\jenkins6597266646282931896\plugins\matrix-project-758.v7a_ea_491852f3.jpi under a nonstandard name; expected matrix-project.jpi
  13.111 [id=46]	WARNING	hudson.ClassicPluginStrategy#createPluginWrapper: encountered C:\Users\R3FAB~1.FUE\AppData\Local\Temp\jenkins6597266646282931896\plugins\metrics-4.1.6.1.jpi under a nonstandard name; expected metrics.jpi
  13.575 [id=46]	WARNING	hudson.ClassicPluginStrategy#createPluginWrapper: encountered C:\Users\R3FAB~1.FUE\AppData\Local\Temp\jenkins6597266646282931896\plugins\momentjs-1.1.1.jpi under a nonstandard name; expected momentjs.jpi
  13.659 [id=46]	WARNING	hudson.ClassicPluginStrategy#createPluginWrapper: encountered C:\Users\R3FAB~1.FUE\AppData\Local\Temp\jenkins6597266646282931896\plugins\monitoring-1.91.0.jpi under a nonstandard name; expected monitoring.jpi
  13.875 [id=34]	WARNING	hudson.ClassicPluginStrategy#createPluginWrapper: encountered C:\Users\R3FAB~1.FUE\AppData\Local\Temp\jenkins6597266646282931896\plugins\okhttp-api-4.9.3-105.vb96869f8ac3a.jpi under a nonstandard name; expected okhttp-api.jpi
  14.207 [id=34]	WARNING	hudson.ClassicPluginStrategy#createPluginWrapper: encountered C:\Users\R3FAB~1.FUE\AppData\Local\Temp\jenkins6597266646282931896\plugins\pipeline-build-step-2.16.jpi under a nonstandard name; expected pipeline-build-step.jpi
  14.392 [id=47]	WARNING	hudson.ClassicPluginStrategy#createPluginWrapper: encountered C:\Users\R3FAB~1.FUE\AppData\Local\Temp\jenkins6597266646282931896\plugins\pipeline-graph-analysis-188.v3a01e7973f2c.jpi under a nonstandard name; expected pipeline-graph-analysis.jpi
  14.577 [id=47]	WARNING	hudson.ClassicPluginStrategy#createPluginWrapper: encountered C:\Users\R3FAB~1.FUE\AppData\Local\Temp\jenkins6597266646282931896\plugins\pipeline-input-step-446.vf27b_0b_83500e.jpi under a nonstandard name; expected pipeline-input-step.jpi
  14.762 [id=47]	WARNING	hudson.ClassicPluginStrategy#createPluginWrapper: encountered C:\Users\R3FAB~1.FUE\AppData\Local\Temp\jenkins6597266646282931896\plugins\pipeline-milestone-step-100.v60a_03cd446e1.jpi under a nonstandard name; expected pipeline-milestone-step.jpi
  14.915 [id=47]	WARNING	hudson.ClassicPluginStrategy#createPluginWrapper: encountered C:\Users\R3FAB~1.FUE\AppData\Local\Temp\jenkins6597266646282931896\plugins\pipeline-model-api-2.2075.vce74e77b_ce40.jpi under a nonstandard name; expected pipeline-model-api.jpi
  15.231 [id=47]	WARNING	hudson.ClassicPluginStrategy#createPluginWrapper: encountered C:\Users\R3FAB~1.FUE\AppData\Local\Temp\jenkins6597266646282931896\plugins\pipeline-model-definition-2.2075.vce74e77b_ce40.jpi under a nonstandard name; expected pipeline-model-definition.jpi
  15.409 [id=45]	WARNING	hudson.ClassicPluginStrategy#createPluginWrapper: encountered C:\Users\R3FAB~1.FUE\AppData\Local\Temp\jenkins6597266646282931896\plugins\pipeline-model-extensions-2.2075.vce74e77b_ce40.jpi under a nonstandard name; expected pipeline-model-extensions.jpi
  15.563 [id=46]	WARNING	hudson.ClassicPluginStrategy#createPluginWrapper: encountered C:\Users\R3FAB~1.FUE\AppData\Local\Temp\jenkins6597266646282931896\plugins\pipeline-rest-api-2.23.jpi under a nonstandard name; expected pipeline-rest-api.jpi
  15.911 [id=34]	WARNING	hudson.ClassicPluginStrategy#createPluginWrapper: encountered C:\Users\R3FAB~1.FUE\AppData\Local\Temp\jenkins6597266646282931896\plugins\pipeline-stage-step-291.vf0a8a7aeeb50.jpi under a nonstandard name; expected pipeline-stage-step.jpi
  16.074 [id=32]	WARNING	hudson.ClassicPluginStrategy#createPluginWrapper: encountered C:\Users\R3FAB~1.FUE\AppData\Local\Temp\jenkins6597266646282931896\plugins\pipeline-stage-tags-metadata-2.2075.vce74e77b_ce40.jpi under a nonstandard name; expected pipeline-stage-tags-metadata.jpi
  16.180 [id=43]	WARNING	hudson.ClassicPluginStrategy#createPluginWrapper: encountered C:\Users\R3FAB~1.FUE\AppData\Local\Temp\jenkins6597266646282931896\plugins\pipeline-stage-view-2.23.jpi under a nonstandard name; expected pipeline-stage-view.jpi
  16.365 [id=39]	WARNING	hudson.ClassicPluginStrategy#createPluginWrapper: encountered C:\Users\R3FAB~1.FUE\AppData\Local\Temp\jenkins6597266646282931896\plugins\pipeline-utility-steps-2.12.0.jpi under a nonstandard name; expected pipeline-utility-steps.jpi
  16.543 [id=33]	WARNING	hudson.ClassicPluginStrategy#createPluginWrapper: encountered C:\Users\R3FAB~1.FUE\AppData\Local\Temp\jenkins6597266646282931896\plugins\plain-credentials-1.8.jpi under a nonstandard name; expected plain-credentials.jpi
  16.649 [id=33]	WARNING	hudson.ClassicPluginStrategy#createPluginWrapper: encountered C:\Users\R3FAB~1.FUE\AppData\Local\Temp\jenkins6597266646282931896\plugins\plugin-util-api-2.16.0.jpi under a nonstandard name; expected plugin-util-api.jpi
  16.734 [id=33]	WARNING	hudson.ClassicPluginStrategy#createPluginWrapper: encountered C:\Users\R3FAB~1.FUE\AppData\Local\Temp\jenkins6597266646282931896\plugins\popper-api-1.16.1-2.jpi under a nonstandard name; expected popper-api.jpi
  16.812 [id=33]	WARNING	hudson.ClassicPluginStrategy#createPluginWrapper: encountered C:\Users\R3FAB~1.FUE\AppData\Local\Temp\jenkins6597266646282931896\plugins\popper2-api-2.11.4-1.jpi under a nonstandard name; expected popper2-api.jpi
  16.957 [id=41]	WARNING	hudson.ClassicPluginStrategy#createPluginWrapper: encountered C:\Users\R3FAB~1.FUE\AppData\Local\Temp\jenkins6597266646282931896\plugins\pubsub-light-1.16.jpi under a nonstandard name; expected pubsub-light.jpi
  17.110 [id=38]	WARNING	hudson.ClassicPluginStrategy#createPluginWrapper: encountered C:\Users\R3FAB~1.FUE\AppData\Local\Temp\jenkins6597266646282931896\plugins\scm-api-595.vd5a_df5eb_0e39.jpi under a nonstandard name; expected scm-api.jpi
  17.141 [id=37]	WARNING	hudson.ClassicPluginStrategy#createPluginWrapper: encountered C:\Users\R3FAB~1.FUE\AppData\Local\Temp\jenkins6597266646282931896\plugins\script-security-1145.vb_cf6cf6ed960.jpi under a nonstandard name; expected script-security.jpi
  17.188 [id=37]	WARNING	hudson.ClassicPluginStrategy#createPluginWrapper: encountered C:\Users\R3FAB~1.FUE\AppData\Local\Temp\jenkins6597266646282931896\plugins\snakeyaml-api-1.29.1.jpi under a nonstandard name; expected snakeyaml-api.jpi
  17.241 [id=37]	WARNING	hudson.ClassicPluginStrategy#createPluginWrapper: encountered C:\Users\R3FAB~1.FUE\AppData\Local\Temp\jenkins6597266646282931896\plugins\sse-gateway-1.25.jpi under a nonstandard name; expected sse-gateway.jpi
  17.526 [id=37]	WARNING	hudson.ClassicPluginStrategy#createPluginWrapper: encountered C:\Users\R3FAB~1.FUE\AppData\Local\Temp\jenkins6597266646282931896\plugins\ssh-credentials-1.19.jpi under a nonstandard name; expected ssh-credentials.jpi
  17.614 [id=45]	WARNING	hudson.ClassicPluginStrategy#createPluginWrapper: encountered C:\Users\R3FAB~1.FUE\AppData\Local\Temp\jenkins6597266646282931896\plugins\sshd-3.1.0.jpi under a nonstandard name; expected sshd.jpi
  18.091 [id=46]	WARNING	hudson.ClassicPluginStrategy#createPluginWrapper: encountered C:\Users\R3FAB~1.FUE\AppData\Local\Temp\jenkins6597266646282931896\plugins\structs-308.v852b473a2b8c.jpi under a nonstandard name; expected structs.jpi
  18.274 [id=46]	WARNING	hudson.ClassicPluginStrategy#createPluginWrapper: encountered C:\Users\R3FAB~1.FUE\AppData\Local\Temp\jenkins6597266646282931896\plugins\support-core-1148.vedff8cb_56a_da_.jpi under a nonstandard name; expected support-core.jpi
  18.644 [id=32]	WARNING	hudson.ClassicPluginStrategy#createPluginWrapper: encountered C:\Users\R3FAB~1.FUE\AppData\Local\Temp\jenkins6597266646282931896\plugins\timestamper-1.17.jpi under a nonstandard name; expected timestamper.jpi
  18.691 [id=32]	WARNING	hudson.ClassicPluginStrategy#createPluginWrapper: encountered C:\Users\R3FAB~1.FUE\AppData\Local\Temp\jenkins6597266646282931896\plugins\token-macro-285.vff7645a_56ff0.jpi under a nonstandard name; expected token-macro.jpi
  18.892 [id=39]	WARNING	hudson.ClassicPluginStrategy#createPluginWrapper: encountered C:\Users\R3FAB~1.FUE\AppData\Local\Temp\jenkins6597266646282931896\plugins\trilead-api-1.0.13.jpi under a nonstandard name; expected trilead-api.jpi
  18.993 [id=39]	WARNING	hudson.ClassicPluginStrategy#createPluginWrapper: encountered C:\Users\R3FAB~1.FUE\AppData\Local\Temp\jenkins6597266646282931896\plugins\variant-1.4.jpi under a nonstandard name; expected variant.jpi
  19.061 [id=39]	WARNING	hudson.ClassicPluginStrategy#createPluginWrapper: encountered C:\Users\R3FAB~1.FUE\AppData\Local\Temp\jenkins6597266646282931896\plugins\workflow-api-1143.v2d42f1e9dea_5.jpi under a nonstandard name; expected workflow-api.jpi
  19.093 [id=39]	WARNING	hudson.ClassicPluginStrategy#createPluginWrapper: encountered C:\Users\R3FAB~1.FUE\AppData\Local\Temp\jenkins6597266646282931896\plugins\workflow-basic-steps-941.vdfe1b_a_132c64.jpi under a nonstandard name; expected workflow-basic-steps.jpi
  19.161 [id=33]	WARNING	hudson.ClassicPluginStrategy#createPluginWrapper: encountered C:\Users\R3FAB~1.FUE\AppData\Local\Temp\jenkins6597266646282931896\plugins\workflow-cps-2683.vd0a_8f6a_1c263.jpi under a nonstandard name; expected workflow-cps.jpi
  19.264 [id=33]	WARNING	hudson.ClassicPluginStrategy#createPluginWrapper: encountered C:\Users\R3FAB~1.FUE\AppData\Local\Temp\jenkins6597266646282931896\plugins\workflow-cps-global-lib-564.ve62a_4eb_b_e039.jpi under a nonstandard name; expected workflow-cps-global-lib.jpi
  19.314 [id=43]	WARNING	hudson.ClassicPluginStrategy#createPluginWrapper: encountered C:\Users\R3FAB~1.FUE\AppData\Local\Temp\jenkins6597266646282931896\plugins\workflow-durable-task-step-1128.v8c259d125340.jpi under a nonstandard name; expected workflow-durable-task-step.jpi
  19.361 [id=32]	WARNING	hudson.ClassicPluginStrategy#createPluginWrapper: encountered C:\Users\R3FAB~1.FUE\AppData\Local\Temp\jenkins6597266646282931896\plugins\workflow-job-1174.vdcb_d054cf74a_.jpi under a nonstandard name; expected workflow-job.jpi
  19.415 [id=31]	WARNING	hudson.ClassicPluginStrategy#createPluginWrapper: encountered C:\Users\R3FAB~1.FUE\AppData\Local\Temp\jenkins6597266646282931896\plugins\workflow-multibranch-711.vdfef37cda_816.jpi under a nonstandard name; expected workflow-multibranch.jpi
  19.531 [id=47]	WARNING	hudson.ClassicPluginStrategy#createPluginWrapper: encountered C:\Users\R3FAB~1.FUE\AppData\Local\Temp\jenkins6597266646282931896\plugins\workflow-scm-step-2.13.jpi under a nonstandard name; expected workflow-scm-step.jpi
  19.631 [id=44]	WARNING	hudson.ClassicPluginStrategy#createPluginWrapper: encountered C:\Users\R3FAB~1.FUE\AppData\Local\Temp\jenkins6597266646282931896\plugins\workflow-step-api-622.vb_8e7c15b_c95a_.jpi under a nonstandard name; expected workflow-step-api.jpi
  19.678 [id=45]	WARNING	hudson.ClassicPluginStrategy#createPluginWrapper: encountered C:\Users\R3FAB~1.FUE\AppData\Local\Temp\jenkins6597266646282931896\plugins\workflow-support-815.vd60466279fc8.jpi under a nonstandard name; expected workflow-support.jpi
  19.709 [id=33]	INFO	jenkins.InitReactorRunner$1#onAttained: Listed all plugins
  20.279 [id=44]	SEVERE	jenkins.InitReactorRunner$1#onTaskFailed: Failed Loading plugin Pipeline: Supporting APIs v815.vd60466279fc8 (workflow-support)
java.io.IOException: Failed to load: Pipeline: Supporting APIs (workflow-support 815.vd60466279fc8)
 - Update required: Script Security Plugin (script-security 1.75) to be updated to 1131.v8b_b_5eda_c328e or higher
	at hudson.PluginWrapper.resolvePluginDependencies(PluginWrapper.java:1018)
	at hudson.PluginManager$2$1$1.run(PluginManager.java:542)
	at org.jvnet.hudson.reactor.TaskGraphBuilder$TaskImpl.run(TaskGraphBuilder.java:175)
	at org.jvnet.hudson.reactor.Reactor.runTask(Reactor.java:305)
	at jenkins.model.Jenkins$5.runTask(Jenkins.java:1156)
	at org.jvnet.hudson.reactor.Reactor$2.run(Reactor.java:222)
	at org.jvnet.hudson.reactor.Reactor$Node.run(Reactor.java:121)
	at jenkins.security.ImpersonatingExecutorService$1.run(ImpersonatingExecutorService.java:68)
	at java.base/java.util.concurrent.ThreadPoolExecutor.runWorker(ThreadPoolExecutor.java:1128)
	at java.base/java.util.concurrent.ThreadPoolExecutor$Worker.run(ThreadPoolExecutor.java:628)
	at java.base/java.lang.Thread.run(Thread.java:829)
  20.533 [id=31]	SEVERE	jenkins.InitReactorRunner$1#onTaskFailed: Failed Loading plugin Pipeline: Groovy v2683.vd0a_8f6a_1c263 (workflow-cps)
java.io.IOException: Failed to load: Pipeline: Groovy (workflow-cps 2683.vd0a_8f6a_1c263)
 - Failed to load: Pipeline: Supporting APIs (workflow-support 815.vd60466279fc8)
	at hudson.PluginWrapper.resolvePluginDependencies(PluginWrapper.java:1018)
	at hudson.PluginManager$2$1$1.run(PluginManager.java:542)
	at org.jvnet.hudson.reactor.TaskGraphBuilder$TaskImpl.run(TaskGraphBuilder.java:175)
	at org.jvnet.hudson.reactor.Reactor.runTask(Reactor.java:305)
	at jenkins.model.Jenkins$5.runTask(Jenkins.java:1156)
	at org.jvnet.hudson.reactor.Reactor$2.run(Reactor.java:222)
	at org.jvnet.hudson.reactor.Reactor$Node.run(Reactor.java:121)
	at jenkins.security.ImpersonatingExecutorService$1.run(ImpersonatingExecutorService.java:68)
	at java.base/java.util.concurrent.ThreadPoolExecutor.runWorker(ThreadPoolExecutor.java:1128)
	at java.base/java.util.concurrent.ThreadPoolExecutor$Worker.run(ThreadPoolExecutor.java:628)
	at java.base/java.lang.Thread.run(Thread.java:829)
  20.549 [id=31]	SEVERE	jenkins.InitReactorRunner$1#onTaskFailed: Failed Loading plugin Pipeline: Job v1174.vdcb_d054cf74a_ (workflow-job)
java.io.IOException: Failed to load: Pipeline: Job (workflow-job 1174.vdcb_d054cf74a_)
 - Failed to load: Pipeline: Supporting APIs (workflow-support 815.vd60466279fc8)
	at hudson.PluginWrapper.resolvePluginDependencies(PluginWrapper.java:1018)
	at hudson.PluginManager$2$1$1.run(PluginManager.java:542)
	at org.jvnet.hudson.reactor.TaskGraphBuilder$TaskImpl.run(TaskGraphBuilder.java:175)
	at org.jvnet.hudson.reactor.Reactor.runTask(Reactor.java:305)
	at jenkins.model.Jenkins$5.runTask(Jenkins.java:1156)
	at org.jvnet.hudson.reactor.Reactor$2.run(Reactor.java:222)
	at org.jvnet.hudson.reactor.Reactor$Node.run(Reactor.java:121)
	at jenkins.security.ImpersonatingExecutorService$1.run(ImpersonatingExecutorService.java:68)
	at java.base/java.util.concurrent.ThreadPoolExecutor.runWorker(ThreadPoolExecutor.java:1128)
	at java.base/java.util.concurrent.ThreadPoolExecutor$Worker.run(ThreadPoolExecutor.java:628)
	at java.base/java.lang.Thread.run(Thread.java:829)
  20.549 [id=31]	SEVERE	jenkins.InitReactorRunner$1#onTaskFailed: Failed Loading plugin Pipeline: Multibranch v711.vdfef37cda_816 (workflow-multibranch)
java.io.IOException: Failed to load: Pipeline: Multibranch (workflow-multibranch 711.vdfef37cda_816)
 - Failed to load: Pipeline: Groovy (workflow-cps 2683.vd0a_8f6a_1c263)
	at hudson.PluginWrapper.resolvePluginDependencies(PluginWrapper.java:1018)
	at hudson.PluginManager$2$1$1.run(PluginManager.java:542)
	at org.jvnet.hudson.reactor.TaskGraphBuilder$TaskImpl.run(TaskGraphBuilder.java:175)
	at org.jvnet.hudson.reactor.Reactor.runTask(Reactor.java:305)
	at jenkins.model.Jenkins$5.runTask(Jenkins.java:1156)
	at org.jvnet.hudson.reactor.Reactor$2.run(Reactor.java:222)
	at org.jvnet.hudson.reactor.Reactor$Node.run(Reactor.java:121)
	at jenkins.security.ImpersonatingExecutorService$1.run(ImpersonatingExecutorService.java:68)
	at java.base/java.util.concurrent.ThreadPoolExecutor.runWorker(ThreadPoolExecutor.java:1128)
	at java.base/java.util.concurrent.ThreadPoolExecutor$Worker.run(ThreadPoolExecutor.java:628)
	at java.base/java.lang.Thread.run(Thread.java:829)
  20.549 [id=31]	SEVERE	jenkins.InitReactorRunner$1#onTaskFailed: Failed Loading plugin Pipeline SCM API for Blue Ocean v1.25.3 (blueocean-pipeline-scm-api)
java.io.IOException: Failed to load: Pipeline SCM API for Blue Ocean (blueocean-pipeline-scm-api 1.25.3)
 - Failed to load: Pipeline: Multibranch (workflow-multibranch 711.vdfef37cda_816)
	at hudson.PluginWrapper.resolvePluginDependencies(PluginWrapper.java:1018)
	at hudson.PluginManager$2$1$1.run(PluginManager.java:542)
	at org.jvnet.hudson.reactor.TaskGraphBuilder$TaskImpl.run(TaskGraphBuilder.java:175)
	at org.jvnet.hudson.reactor.Reactor.runTask(Reactor.java:305)
	at jenkins.model.Jenkins$5.runTask(Jenkins.java:1156)
	at org.jvnet.hudson.reactor.Reactor$2.run(Reactor.java:222)
	at org.jvnet.hudson.reactor.Reactor$Node.run(Reactor.java:121)
	at jenkins.security.ImpersonatingExecutorService$1.run(ImpersonatingExecutorService.java:68)
	at java.base/java.util.concurrent.ThreadPoolExecutor.runWorker(ThreadPoolExecutor.java:1128)
	at java.base/java.util.concurrent.ThreadPoolExecutor$Worker.run(ThreadPoolExecutor.java:628)
	at java.base/java.lang.Thread.run(Thread.java:829)
  20.564 [id=31]	SEVERE	jenkins.InitReactorRunner$1#onTaskFailed: Failed Loading plugin Checks API plugin v1.7.2 (checks-api)
java.io.IOException: Failed to load: Checks API plugin (checks-api 1.7.2)
 - Failed to load: Pipeline: Supporting APIs (workflow-support 815.vd60466279fc8)
	at hudson.PluginWrapper.resolvePluginDependencies(PluginWrapper.java:1018)
	at hudson.PluginManager$2$1$1.run(PluginManager.java:542)
	at org.jvnet.hudson.reactor.TaskGraphBuilder$TaskImpl.run(TaskGraphBuilder.java:175)
	at org.jvnet.hudson.reactor.Reactor.runTask(Reactor.java:305)
	at jenkins.model.Jenkins$5.runTask(Jenkins.java:1156)
	at org.jvnet.hudson.reactor.Reactor$2.run(Reactor.java:222)
	at org.jvnet.hudson.reactor.Reactor$Node.run(Reactor.java:121)
	at jenkins.security.ImpersonatingExecutorService$1.run(ImpersonatingExecutorService.java:68)
	at java.base/java.util.concurrent.ThreadPoolExecutor.runWorker(ThreadPoolExecutor.java:1128)
	at java.base/java.util.concurrent.ThreadPoolExecutor$Worker.run(ThreadPoolExecutor.java:628)
	at java.base/java.lang.Thread.run(Thread.java:829)
  20.564 [id=31]	SEVERE	jenkins.InitReactorRunner$1#onTaskFailed: Failed Loading plugin JUnit Plugin v1.58 (junit)
java.io.IOException: Failed to load: JUnit Plugin (junit 1.58)
 - Failed to load: Checks API plugin (checks-api 1.7.2)
	at hudson.PluginWrapper.resolvePluginDependencies(PluginWrapper.java:1018)
	at hudson.PluginManager$2$1$1.run(PluginManager.java:542)
	at org.jvnet.hudson.reactor.TaskGraphBuilder$TaskImpl.run(TaskGraphBuilder.java:175)
	at org.jvnet.hudson.reactor.Reactor.runTask(Reactor.java:305)
	at jenkins.model.Jenkins$5.runTask(Jenkins.java:1156)
	at org.jvnet.hudson.reactor.Reactor$2.run(Reactor.java:222)
	at org.jvnet.hudson.reactor.Reactor$Node.run(Reactor.java:121)
	at jenkins.security.ImpersonatingExecutorService$1.run(ImpersonatingExecutorService.java:68)
	at java.base/java.util.concurrent.ThreadPoolExecutor.runWorker(ThreadPoolExecutor.java:1128)
	at java.base/java.util.concurrent.ThreadPoolExecutor$Worker.run(ThreadPoolExecutor.java:628)
	at java.base/java.lang.Thread.run(Thread.java:829)
  20.564 [id=31]	SEVERE	jenkins.InitReactorRunner$1#onTaskFailed: Failed Loading plugin Matrix Project Plugin v758.v7a_ea_491852f3 (matrix-project)
java.io.IOException: Failed to load: Matrix Project Plugin (matrix-project 758.v7a_ea_491852f3)
 - Failed to load: JUnit Plugin (junit 1.58)
	at hudson.PluginWrapper.resolvePluginDependencies(PluginWrapper.java:1018)
	at hudson.PluginManager$2$1$1.run(PluginManager.java:542)
	at org.jvnet.hudson.reactor.TaskGraphBuilder$TaskImpl.run(TaskGraphBuilder.java:175)
	at org.jvnet.hudson.reactor.Reactor.runTask(Reactor.java:305)
	at jenkins.model.Jenkins$5.runTask(Jenkins.java:1156)
	at org.jvnet.hudson.reactor.Reactor$2.run(Reactor.java:222)
	at org.jvnet.hudson.reactor.Reactor$Node.run(Reactor.java:121)
	at jenkins.security.ImpersonatingExecutorService$1.run(ImpersonatingExecutorService.java:68)
	at java.base/java.util.concurrent.ThreadPoolExecutor.runWorker(ThreadPoolExecutor.java:1128)
	at java.base/java.util.concurrent.ThreadPoolExecutor$Worker.run(ThreadPoolExecutor.java:628)
	at java.base/java.lang.Thread.run(Thread.java:829)
  20.564 [id=31]	SEVERE	jenkins.InitReactorRunner$1#onTaskFailed: Failed Loading plugin Favorite v2.4.1 (favorite)
java.io.IOException: Failed to load: Favorite (favorite 2.4.1)
 - Failed to load: Matrix Project Plugin (matrix-project 758.v7a_ea_491852f3)
	at hudson.PluginWrapper.resolvePluginDependencies(PluginWrapper.java:1018)
	at hudson.PluginManager$2$1$1.run(PluginManager.java:542)
	at org.jvnet.hudson.reactor.TaskGraphBuilder$TaskImpl.run(TaskGraphBuilder.java:175)
	at org.jvnet.hudson.reactor.Reactor.runTask(Reactor.java:305)
	at jenkins.model.Jenkins$5.runTask(Jenkins.java:1156)
	at org.jvnet.hudson.reactor.Reactor$2.run(Reactor.java:222)
	at org.jvnet.hudson.reactor.Reactor$Node.run(Reactor.java:121)
	at jenkins.security.ImpersonatingExecutorService$1.run(ImpersonatingExecutorService.java:68)
	at java.base/java.util.concurrent.ThreadPoolExecutor.runWorker(ThreadPoolExecutor.java:1128)
	at java.base/java.util.concurrent.ThreadPoolExecutor$Worker.run(ThreadPoolExecutor.java:628)
	at java.base/java.lang.Thread.run(Thread.java:829)
  20.564 [id=31]	SEVERE	jenkins.InitReactorRunner$1#onTaskFailed: Failed Loading plugin REST Implementation for Blue Ocean v1.25.3 (blueocean-rest-impl)
java.io.IOException: Failed to load: REST Implementation for Blue Ocean (blueocean-rest-impl 1.25.3)
 - Failed to load: Pipeline: Groovy (workflow-cps 2683.vd0a_8f6a_1c263)
	at hudson.PluginWrapper.resolvePluginDependencies(PluginWrapper.java:1018)
	at hudson.PluginManager$2$1$1.run(PluginManager.java:542)
	at org.jvnet.hudson.reactor.TaskGraphBuilder$TaskImpl.run(TaskGraphBuilder.java:175)
	at org.jvnet.hudson.reactor.Reactor.runTask(Reactor.java:305)
	at jenkins.model.Jenkins$5.runTask(Jenkins.java:1156)
	at org.jvnet.hudson.reactor.Reactor$2.run(Reactor.java:222)
	at org.jvnet.hudson.reactor.Reactor$Node.run(Reactor.java:121)
	at jenkins.security.ImpersonatingExecutorService$1.run(ImpersonatingExecutorService.java:68)
	at java.base/java.util.concurrent.ThreadPoolExecutor.runWorker(ThreadPoolExecutor.java:1128)
	at java.base/java.util.concurrent.ThreadPoolExecutor$Worker.run(ThreadPoolExecutor.java:628)
	at java.base/java.lang.Thread.run(Thread.java:829)
  20.564 [id=31]	SEVERE	jenkins.InitReactorRunner$1#onTaskFailed: Failed Loading plugin Pipeline: Nodes and Processes v1128.v8c259d125340 (workflow-durable-task-step)
java.io.IOException: Failed to load: Pipeline: Nodes and Processes (workflow-durable-task-step 1128.v8c259d125340)
 - Failed to load: Pipeline: Supporting APIs (workflow-support 815.vd60466279fc8)
	at hudson.PluginWrapper.resolvePluginDependencies(PluginWrapper.java:1018)
	at hudson.PluginManager$2$1$1.run(PluginManager.java:542)
	at org.jvnet.hudson.reactor.TaskGraphBuilder$TaskImpl.run(TaskGraphBuilder.java:175)
	at org.jvnet.hudson.reactor.Reactor.runTask(Reactor.java:305)
	at jenkins.model.Jenkins$5.runTask(Jenkins.java:1156)
	at org.jvnet.hudson.reactor.Reactor$2.run(Reactor.java:222)
	at org.jvnet.hudson.reactor.Reactor$Node.run(Reactor.java:121)
	at jenkins.security.ImpersonatingExecutorService$1.run(ImpersonatingExecutorService.java:68)
	at java.base/java.util.concurrent.ThreadPoolExecutor.runWorker(ThreadPoolExecutor.java:1128)
	at java.base/java.util.concurrent.ThreadPoolExecutor$Worker.run(ThreadPoolExecutor.java:628)
	at java.base/java.lang.Thread.run(Thread.java:829)
  20.564 [id=31]	SEVERE	jenkins.InitReactorRunner$1#onTaskFailed: Failed Loading plugin SSH Credentials Plugin v1.19 (ssh-credentials)
java.io.IOException: Failed to load: SSH Credentials Plugin (ssh-credentials 1.19)
 - Update required: Trilead API Plugin (trilead-api 1.0.4) to be updated to 1.0.13 or higher
	at hudson.PluginWrapper.resolvePluginDependencies(PluginWrapper.java:1018)
	at hudson.PluginManager$2$1$1.run(PluginManager.java:542)
	at org.jvnet.hudson.reactor.TaskGraphBuilder$TaskImpl.run(TaskGraphBuilder.java:175)
	at org.jvnet.hudson.reactor.Reactor.runTask(Reactor.java:305)
	at jenkins.model.Jenkins$5.runTask(Jenkins.java:1156)
	at org.jvnet.hudson.reactor.Reactor$2.run(Reactor.java:222)
	at org.jvnet.hudson.reactor.Reactor$Node.run(Reactor.java:121)
	at jenkins.security.ImpersonatingExecutorService$1.run(ImpersonatingExecutorService.java:68)
	at java.base/java.util.concurrent.ThreadPoolExecutor.runWorker(ThreadPoolExecutor.java:1128)
	at java.base/java.util.concurrent.ThreadPoolExecutor$Worker.run(ThreadPoolExecutor.java:628)
	at java.base/java.lang.Thread.run(Thread.java:829)
  20.580 [id=31]	SEVERE	jenkins.InitReactorRunner$1#onTaskFailed: Failed Loading plugin Credentials Binding Plugin v1.27.1 (credentials-binding)
java.io.IOException: Failed to load: Credentials Binding Plugin (credentials-binding 1.27.1)
 - Failed to load: SSH Credentials Plugin (ssh-credentials 1.19)
	at hudson.PluginWrapper.resolvePluginDependencies(PluginWrapper.java:1018)
	at hudson.PluginManager$2$1$1.run(PluginManager.java:542)
	at org.jvnet.hudson.reactor.TaskGraphBuilder$TaskImpl.run(TaskGraphBuilder.java:175)
	at org.jvnet.hudson.reactor.Reactor.runTask(Reactor.java:305)
	at jenkins.model.Jenkins$5.runTask(Jenkins.java:1156)
	at org.jvnet.hudson.reactor.Reactor$2.run(Reactor.java:222)
	at org.jvnet.hudson.reactor.Reactor$Node.run(Reactor.java:121)
	at jenkins.security.ImpersonatingExecutorService$1.run(ImpersonatingExecutorService.java:68)
	at java.base/java.util.concurrent.ThreadPoolExecutor.runWorker(ThreadPoolExecutor.java:1128)
	at java.base/java.util.concurrent.ThreadPoolExecutor$Worker.run(ThreadPoolExecutor.java:628)
	at java.base/java.lang.Thread.run(Thread.java:829)
  20.580 [id=31]	SEVERE	jenkins.InitReactorRunner$1#onTaskFailed: Failed Loading plugin Jenkins JSch dependency plugin v0.1.55.2 (jsch)
java.io.IOException: Failed to load: Jenkins JSch dependency plugin (jsch 0.1.55.2)
 - Failed to load: SSH Credentials Plugin (ssh-credentials 1.19)
	at hudson.PluginWrapper.resolvePluginDependencies(PluginWrapper.java:1018)
	at hudson.PluginManager$2$1$1.run(PluginManager.java:542)
	at org.jvnet.hudson.reactor.TaskGraphBuilder$TaskImpl.run(TaskGraphBuilder.java:175)
	at org.jvnet.hudson.reactor.Reactor.runTask(Reactor.java:305)
	at jenkins.model.Jenkins$5.runTask(Jenkins.java:1156)
	at org.jvnet.hudson.reactor.Reactor$2.run(Reactor.java:222)
	at org.jvnet.hudson.reactor.Reactor$Node.run(Reactor.java:121)
	at jenkins.security.ImpersonatingExecutorService$1.run(ImpersonatingExecutorService.java:68)
	at java.base/java.util.concurrent.ThreadPoolExecutor.runWorker(ThreadPoolExecutor.java:1128)
	at java.base/java.util.concurrent.ThreadPoolExecutor$Worker.run(ThreadPoolExecutor.java:628)
	at java.base/java.lang.Thread.run(Thread.java:829)
  20.580 [id=31]	SEVERE	jenkins.InitReactorRunner$1#onTaskFailed: Failed Loading plugin Jenkins Git client plugin v3.11.0 (git-client)
java.io.IOException: Failed to load: Jenkins Git client plugin (git-client 3.11.0)
 - Failed to load: Jenkins JSch dependency plugin (jsch 0.1.55.2)
	at hudson.PluginWrapper.resolvePluginDependencies(PluginWrapper.java:1018)
	at hudson.PluginManager$2$1$1.run(PluginManager.java:542)
	at org.jvnet.hudson.reactor.TaskGraphBuilder$TaskImpl.run(TaskGraphBuilder.java:175)
	at org.jvnet.hudson.reactor.Reactor.runTask(Reactor.java:305)
	at jenkins.model.Jenkins$5.runTask(Jenkins.java:1156)
	at org.jvnet.hudson.reactor.Reactor$2.run(Reactor.java:222)
	at org.jvnet.hudson.reactor.Reactor$Node.run(Reactor.java:121)
	at jenkins.security.ImpersonatingExecutorService$1.run(ImpersonatingExecutorService.java:68)
	at java.base/java.util.concurrent.ThreadPoolExecutor.runWorker(ThreadPoolExecutor.java:1128)
	at java.base/java.util.concurrent.ThreadPoolExecutor$Worker.run(ThreadPoolExecutor.java:628)
	at java.base/java.lang.Thread.run(Thread.java:829)
  20.580 [id=31]	SEVERE	jenkins.InitReactorRunner$1#onTaskFailed: Failed Loading plugin Git plugin v4.11.0 (git)
java.io.IOException: Failed to load: Git plugin (git 4.11.0)
 - Failed to load: Credentials Binding Plugin (credentials-binding 1.27.1)
	at hudson.PluginWrapper.resolvePluginDependencies(PluginWrapper.java:1018)
	at hudson.PluginManager$2$1$1.run(PluginManager.java:542)
	at org.jvnet.hudson.reactor.TaskGraphBuilder$TaskImpl.run(TaskGraphBuilder.java:175)
	at org.jvnet.hudson.reactor.Reactor.runTask(Reactor.java:305)
	at jenkins.model.Jenkins$5.runTask(Jenkins.java:1156)
	at org.jvnet.hudson.reactor.Reactor$2.run(Reactor.java:222)
	at org.jvnet.hudson.reactor.Reactor$Node.run(Reactor.java:121)
	at jenkins.security.ImpersonatingExecutorService$1.run(ImpersonatingExecutorService.java:68)
	at java.base/java.util.concurrent.ThreadPoolExecutor.runWorker(ThreadPoolExecutor.java:1128)
	at java.base/java.util.concurrent.ThreadPoolExecutor$Worker.run(ThreadPoolExecutor.java:628)
	at java.base/java.lang.Thread.run(Thread.java:829)
  20.580 [id=31]	SEVERE	jenkins.InitReactorRunner$1#onTaskFailed: Failed Loading plugin GitHub plugin v1.34.3 (github)
java.io.IOException: Failed to load: GitHub plugin (github 1.34.3)
 - Failed to load: Git plugin (git 4.11.0)
	at hudson.PluginWrapper.resolvePluginDependencies(PluginWrapper.java:1018)
	at hudson.PluginManager$2$1$1.run(PluginManager.java:542)
	at org.jvnet.hudson.reactor.TaskGraphBuilder$TaskImpl.run(TaskGraphBuilder.java:175)
	at org.jvnet.hudson.reactor.Reactor.runTask(Reactor.java:305)
	at jenkins.model.Jenkins$5.runTask(Jenkins.java:1156)
	at org.jvnet.hudson.reactor.Reactor$2.run(Reactor.java:222)
	at org.jvnet.hudson.reactor.Reactor$Node.run(Reactor.java:121)
	at jenkins.security.ImpersonatingExecutorService$1.run(ImpersonatingExecutorService.java:68)
	at java.base/java.util.concurrent.ThreadPoolExecutor.runWorker(ThreadPoolExecutor.java:1128)
	at java.base/java.util.concurrent.ThreadPoolExecutor$Worker.run(ThreadPoolExecutor.java:628)
	at java.base/java.lang.Thread.run(Thread.java:829)
  20.595 [id=31]	SEVERE	jenkins.InitReactorRunner$1#onTaskFailed: Failed Loading plugin GitHub Branch Source Plugin v1598.v91207e9f9b_4a_ (github-branch-source)
java.io.IOException: Failed to load: GitHub Branch Source Plugin (github-branch-source 1598.v91207e9f9b_4a_)
 - Failed to load: GitHub plugin (github 1.34.3)
	at hudson.PluginWrapper.resolvePluginDependencies(PluginWrapper.java:1018)
	at hudson.PluginManager$2$1$1.run(PluginManager.java:542)
	at org.jvnet.hudson.reactor.TaskGraphBuilder$TaskImpl.run(TaskGraphBuilder.java:175)
	at org.jvnet.hudson.reactor.Reactor.runTask(Reactor.java:305)
	at jenkins.model.Jenkins$5.runTask(Jenkins.java:1156)
	at org.jvnet.hudson.reactor.Reactor$2.run(Reactor.java:222)
	at org.jvnet.hudson.reactor.Reactor$Node.run(Reactor.java:121)
	at jenkins.security.ImpersonatingExecutorService$1.run(ImpersonatingExecutorService.java:68)
	at java.base/java.util.concurrent.ThreadPoolExecutor.runWorker(ThreadPoolExecutor.java:1128)
	at java.base/java.util.concurrent.ThreadPoolExecutor$Worker.run(ThreadPoolExecutor.java:628)
	at java.base/java.lang.Thread.run(Thread.java:829)
  20.595 [id=32]	SEVERE	jenkins.InitReactorRunner$1#onTaskFailed: Failed Loading plugin HTML Publisher plugin v1.29 (htmlpublisher)
java.io.IOException: Failed to load: HTML Publisher plugin (htmlpublisher 1.29)
 - Failed to load: Matrix Project Plugin (matrix-project 758.v7a_ea_491852f3)
	at hudson.PluginWrapper.resolvePluginDependencies(PluginWrapper.java:1018)
	at hudson.PluginManager$2$1$1.run(PluginManager.java:542)
	at org.jvnet.hudson.reactor.TaskGraphBuilder$TaskImpl.run(TaskGraphBuilder.java:175)
	at org.jvnet.hudson.reactor.Reactor.runTask(Reactor.java:305)
	at jenkins.model.Jenkins$5.runTask(Jenkins.java:1156)
	at org.jvnet.hudson.reactor.Reactor$2.run(Reactor.java:222)
	at org.jvnet.hudson.reactor.Reactor$Node.run(Reactor.java:121)
	at jenkins.security.ImpersonatingExecutorService$1.run(ImpersonatingExecutorService.java:68)
	at java.base/java.util.concurrent.ThreadPoolExecutor.runWorker(ThreadPoolExecutor.java:1128)
	at java.base/java.util.concurrent.ThreadPoolExecutor$Worker.run(ThreadPoolExecutor.java:628)
	at java.base/java.lang.Thread.run(Thread.java:829)
  20.595 [id=32]	SEVERE	jenkins.InitReactorRunner$1#onTaskFailed: Failed Loading plugin Pipeline: Build Step v2.16 (pipeline-build-step)
java.io.IOException: Failed to load: Pipeline: Build Step (pipeline-build-step 2.16)
 - Failed to load: Pipeline: Supporting APIs (workflow-support 815.vd60466279fc8)
	at hudson.PluginWrapper.resolvePluginDependencies(PluginWrapper.java:1018)
	at hudson.PluginManager$2$1$1.run(PluginManager.java:542)
	at org.jvnet.hudson.reactor.TaskGraphBuilder$TaskImpl.run(TaskGraphBuilder.java:175)
	at org.jvnet.hudson.reactor.Reactor.runTask(Reactor.java:305)
	at jenkins.model.Jenkins$5.runTask(Jenkins.java:1156)
	at org.jvnet.hudson.reactor.Reactor$2.run(Reactor.java:222)
	at org.jvnet.hudson.reactor.Reactor$Node.run(Reactor.java:121)
	at jenkins.security.ImpersonatingExecutorService$1.run(ImpersonatingExecutorService.java:68)
	at java.base/java.util.concurrent.ThreadPoolExecutor.runWorker(ThreadPoolExecutor.java:1128)
	at java.base/java.util.concurrent.ThreadPoolExecutor$Worker.run(ThreadPoolExecutor.java:628)
	at java.base/java.lang.Thread.run(Thread.java:829)
  20.595 [id=32]	SEVERE	jenkins.InitReactorRunner$1#onTaskFailed: Failed Loading plugin Pipeline: Input Step v446.vf27b_0b_83500e (pipeline-input-step)
java.io.IOException: Failed to load: Pipeline: Input Step (pipeline-input-step 446.vf27b_0b_83500e)
 - Failed to load: Pipeline: Supporting APIs (workflow-support 815.vd60466279fc8)
	at hudson.PluginWrapper.resolvePluginDependencies(PluginWrapper.java:1018)
	at hudson.PluginManager$2$1$1.run(PluginManager.java:542)
	at org.jvnet.hudson.reactor.TaskGraphBuilder$TaskImpl.run(TaskGraphBuilder.java:175)
	at org.jvnet.hudson.reactor.Reactor.runTask(Reactor.java:305)
	at jenkins.model.Jenkins$5.runTask(Jenkins.java:1156)
	at org.jvnet.hudson.reactor.Reactor$2.run(Reactor.java:222)
	at org.jvnet.hudson.reactor.Reactor$Node.run(Reactor.java:121)
	at jenkins.security.ImpersonatingExecutorService$1.run(ImpersonatingExecutorService.java:68)
	at java.base/java.util.concurrent.ThreadPoolExecutor.runWorker(ThreadPoolExecutor.java:1128)
	at java.base/java.util.concurrent.ThreadPoolExecutor$Worker.run(ThreadPoolExecutor.java:628)
	at java.base/java.lang.Thread.run(Thread.java:829)
  20.595 [id=32]	SEVERE	jenkins.InitReactorRunner$1#onTaskFailed: Failed Loading plugin Pipeline Graph Analysis Plugin v188.v3a01e7973f2c (pipeline-graph-analysis)
java.io.IOException: Failed to load: Pipeline Graph Analysis Plugin (pipeline-graph-analysis 188.v3a01e7973f2c)
 - Failed to load: Pipeline: Groovy (workflow-cps 2683.vd0a_8f6a_1c263)
	at hudson.PluginWrapper.resolvePluginDependencies(PluginWrapper.java:1018)
	at hudson.PluginManager$2$1$1.run(PluginManager.java:542)
	at org.jvnet.hudson.reactor.TaskGraphBuilder$TaskImpl.run(TaskGraphBuilder.java:175)
	at org.jvnet.hudson.reactor.Reactor.runTask(Reactor.java:305)
	at jenkins.model.Jenkins$5.runTask(Jenkins.java:1156)
	at org.jvnet.hudson.reactor.Reactor$2.run(Reactor.java:222)
	at org.jvnet.hudson.reactor.Reactor$Node.run(Reactor.java:121)
	at jenkins.security.ImpersonatingExecutorService$1.run(ImpersonatingExecutorService.java:68)
	at java.base/java.util.concurrent.ThreadPoolExecutor.runWorker(ThreadPoolExecutor.java:1128)
	at java.base/java.util.concurrent.ThreadPoolExecutor$Worker.run(ThreadPoolExecutor.java:628)
	at java.base/java.lang.Thread.run(Thread.java:829)
  20.611 [id=32]	SEVERE	jenkins.InitReactorRunner$1#onTaskFailed: Failed Loading plugin Pipeline: Basic Steps v941.vdfe1b_a_132c64 (workflow-basic-steps)
java.io.IOException: Failed to load: Pipeline: Basic Steps (workflow-basic-steps 941.vdfe1b_a_132c64)
 - Failed to load: Pipeline: Nodes and Processes (workflow-durable-task-step 1128.v8c259d125340)
	at hudson.PluginWrapper.resolvePluginDependencies(PluginWrapper.java:1018)
	at hudson.PluginManager$2$1$1.run(PluginManager.java:542)
	at org.jvnet.hudson.reactor.TaskGraphBuilder$TaskImpl.run(TaskGraphBuilder.java:175)
	at org.jvnet.hudson.reactor.Reactor.runTask(Reactor.java:305)
	at jenkins.model.Jenkins$5.runTask(Jenkins.java:1156)
	at org.jvnet.hudson.reactor.Reactor$2.run(Reactor.java:222)
	at org.jvnet.hudson.reactor.Reactor$Node.run(Reactor.java:121)
	at jenkins.security.ImpersonatingExecutorService$1.run(ImpersonatingExecutorService.java:68)
	at java.base/java.util.concurrent.ThreadPoolExecutor.runWorker(ThreadPoolExecutor.java:1128)
	at java.base/java.util.concurrent.ThreadPoolExecutor$Worker.run(ThreadPoolExecutor.java:628)
	at java.base/java.lang.Thread.run(Thread.java:829)
  20.611 [id=39]	SEVERE	jenkins.InitReactorRunner$1#onTaskFailed: Failed Loading plugin Jenkins GIT server Plugin v1.10 (git-server)
java.io.IOException: Failed to load: Jenkins GIT server Plugin (git-server 1.10)
 - Update required: SSH server (sshd 3.0.3) to be updated to 3.0.4 or higher
 - Failed to load: Jenkins Git client plugin (git-client 3.11.0)
	at hudson.PluginWrapper.resolvePluginDependencies(PluginWrapper.java:1018)
	at hudson.PluginManager$2$1$1.run(PluginManager.java:542)
	at org.jvnet.hudson.reactor.TaskGraphBuilder$TaskImpl.run(TaskGraphBuilder.java:175)
	at org.jvnet.hudson.reactor.Reactor.runTask(Reactor.java:305)
	at jenkins.model.Jenkins$5.runTask(Jenkins.java:1156)
	at org.jvnet.hudson.reactor.Reactor$2.run(Reactor.java:222)
	at org.jvnet.hudson.reactor.Reactor$Node.run(Reactor.java:121)
	at jenkins.security.ImpersonatingExecutorService$1.run(ImpersonatingExecutorService.java:68)
	at java.base/java.util.concurrent.ThreadPoolExecutor.runWorker(ThreadPoolExecutor.java:1128)
	at java.base/java.util.concurrent.ThreadPoolExecutor$Worker.run(ThreadPoolExecutor.java:628)
	at java.base/java.lang.Thread.run(Thread.java:829)
  20.611 [id=41]	SEVERE	jenkins.InitReactorRunner$1#onTaskFailed: Failed Loading plugin Pipeline: Shared Groovy Libraries v564.ve62a_4eb_b_e039 (workflow-cps-global-lib)
java.io.IOException: Failed to load: Pipeline: Shared Groovy Libraries (workflow-cps-global-lib 564.ve62a_4eb_b_e039)
 - Failed to load: Pipeline: Groovy (workflow-cps 2683.vd0a_8f6a_1c263)
	at hudson.PluginWrapper.resolvePluginDependencies(PluginWrapper.java:1018)
	at hudson.PluginManager$2$1$1.run(PluginManager.java:542)
	at org.jvnet.hudson.reactor.TaskGraphBuilder$TaskImpl.run(TaskGraphBuilder.java:175)
	at org.jvnet.hudson.reactor.Reactor.runTask(Reactor.java:305)
	at jenkins.model.Jenkins$5.runTask(Jenkins.java:1156)
	at org.jvnet.hudson.reactor.Reactor$2.run(Reactor.java:222)
	at org.jvnet.hudson.reactor.Reactor$Node.run(Reactor.java:121)
	at jenkins.security.ImpersonatingExecutorService$1.run(ImpersonatingExecutorService.java:68)
	at java.base/java.util.concurrent.ThreadPoolExecutor.runWorker(ThreadPoolExecutor.java:1128)
	at java.base/java.util.concurrent.ThreadPoolExecutor$Worker.run(ThreadPoolExecutor.java:628)
	at java.base/java.lang.Thread.run(Thread.java:829)
  20.618 [id=41]	SEVERE	jenkins.InitReactorRunner$1#onTaskFailed: Failed Loading plugin Pipeline: Declarative Extension Points API v2.2075.vce74e77b_ce40 (pipeline-model-extensions)
java.io.IOException: Failed to load: Pipeline: Declarative Extension Points API (pipeline-model-extensions 2.2075.vce74e77b_ce40)
 - Failed to load: Pipeline: Groovy (workflow-cps 2683.vd0a_8f6a_1c263)
	at hudson.PluginWrapper.resolvePluginDependencies(PluginWrapper.java:1018)
	at hudson.PluginManager$2$1$1.run(PluginManager.java:542)
	at org.jvnet.hudson.reactor.TaskGraphBuilder$TaskImpl.run(TaskGraphBuilder.java:175)
	at org.jvnet.hudson.reactor.Reactor.runTask(Reactor.java:305)
	at jenkins.model.Jenkins$5.runTask(Jenkins.java:1156)
	at org.jvnet.hudson.reactor.Reactor$2.run(Reactor.java:222)
	at org.jvnet.hudson.reactor.Reactor$Node.run(Reactor.java:121)
	at jenkins.security.ImpersonatingExecutorService$1.run(ImpersonatingExecutorService.java:68)
	at java.base/java.util.concurrent.ThreadPoolExecutor.runWorker(ThreadPoolExecutor.java:1128)
	at java.base/java.util.concurrent.ThreadPoolExecutor$Worker.run(ThreadPoolExecutor.java:628)
	at java.base/java.lang.Thread.run(Thread.java:829)
  20.618 [id=37]	SEVERE	jenkins.InitReactorRunner$1#onTaskFailed: Failed Loading plugin Pipeline: Declarative v2.2075.vce74e77b_ce40 (pipeline-model-definition)
java.io.IOException: Failed to load: Pipeline: Declarative (pipeline-model-definition 2.2075.vce74e77b_ce40)
 - Failed to load: Pipeline: Basic Steps (workflow-basic-steps 941.vdfe1b_a_132c64)
	at hudson.PluginWrapper.resolvePluginDependencies(PluginWrapper.java:1018)
	at hudson.PluginManager$2$1$1.run(PluginManager.java:542)
	at org.jvnet.hudson.reactor.TaskGraphBuilder$TaskImpl.run(TaskGraphBuilder.java:175)
	at org.jvnet.hudson.reactor.Reactor.runTask(Reactor.java:305)
	at jenkins.model.Jenkins$5.runTask(Jenkins.java:1156)
	at org.jvnet.hudson.reactor.Reactor$2.run(Reactor.java:222)
	at org.jvnet.hudson.reactor.Reactor$Node.run(Reactor.java:121)
	at jenkins.security.ImpersonatingExecutorService$1.run(ImpersonatingExecutorService.java:68)
	at java.base/java.util.concurrent.ThreadPoolExecutor.runWorker(ThreadPoolExecutor.java:1128)
	at java.base/java.util.concurrent.ThreadPoolExecutor$Worker.run(ThreadPoolExecutor.java:628)
	at java.base/java.lang.Thread.run(Thread.java:829)
  20.618 [id=45]	SEVERE	jenkins.InitReactorRunner$1#onTaskFailed: Failed Loading plugin Pipeline implementation for Blue Ocean v1.25.3 (blueocean-pipeline-api-impl)
java.io.IOException: Failed to load: Pipeline implementation for Blue Ocean (blueocean-pipeline-api-impl 1.25.3)
 - Failed to load: Pipeline SCM API for Blue Ocean (blueocean-pipeline-scm-api 1.25.3)
	at hudson.PluginWrapper.resolvePluginDependencies(PluginWrapper.java:1018)
	at hudson.PluginManager$2$1$1.run(PluginManager.java:542)
	at org.jvnet.hudson.reactor.TaskGraphBuilder$TaskImpl.run(TaskGraphBuilder.java:175)
	at org.jvnet.hudson.reactor.Reactor.runTask(Reactor.java:305)
	at jenkins.model.Jenkins$5.runTask(Jenkins.java:1156)
	at org.jvnet.hudson.reactor.Reactor$2.run(Reactor.java:222)
	at org.jvnet.hudson.reactor.Reactor$Node.run(Reactor.java:121)
	at jenkins.security.ImpersonatingExecutorService$1.run(ImpersonatingExecutorService.java:68)
	at java.base/java.util.concurrent.ThreadPoolExecutor.runWorker(ThreadPoolExecutor.java:1128)
	at java.base/java.util.concurrent.ThreadPoolExecutor$Worker.run(ThreadPoolExecutor.java:628)
	at java.base/java.lang.Thread.run(Thread.java:829)
  20.618 [id=45]	SEVERE	jenkins.InitReactorRunner$1#onTaskFailed: Failed Loading plugin Bitbucket Branch Source Plugin v762.v969cfe087fc0 (cloudbees-bitbucket-branch-source)
java.io.IOException: Failed to load: Bitbucket Branch Source Plugin (cloudbees-bitbucket-branch-source 762.v969cfe087fc0)
 - Failed to load: Git plugin (git 4.11.0)
	at hudson.PluginWrapper.resolvePluginDependencies(PluginWrapper.java:1018)
	at hudson.PluginManager$2$1$1.run(PluginManager.java:542)
	at org.jvnet.hudson.reactor.TaskGraphBuilder$TaskImpl.run(TaskGraphBuilder.java:175)
	at org.jvnet.hudson.reactor.Reactor.runTask(Reactor.java:305)
	at jenkins.model.Jenkins$5.runTask(Jenkins.java:1156)
	at org.jvnet.hudson.reactor.Reactor$2.run(Reactor.java:222)
	at org.jvnet.hudson.reactor.Reactor$Node.run(Reactor.java:121)
	at jenkins.security.ImpersonatingExecutorService$1.run(ImpersonatingExecutorService.java:68)
	at java.base/java.util.concurrent.ThreadPoolExecutor.runWorker(ThreadPoolExecutor.java:1128)
	at java.base/java.util.concurrent.ThreadPoolExecutor$Worker.run(ThreadPoolExecutor.java:628)
	at java.base/java.lang.Thread.run(Thread.java:829)
  20.618 [id=46]	SEVERE	jenkins.InitReactorRunner$1#onTaskFailed: Failed Loading plugin Bitbucket Pipeline for Blue Ocean v1.25.3 (blueocean-bitbucket-pipeline)
java.io.IOException: Failed to load: Bitbucket Pipeline for Blue Ocean (blueocean-bitbucket-pipeline 1.25.3)
 - Failed to load: Pipeline implementation for Blue Ocean (blueocean-pipeline-api-impl 1.25.3)
	at hudson.PluginWrapper.resolvePluginDependencies(PluginWrapper.java:1018)
	at hudson.PluginManager$2$1$1.run(PluginManager.java:542)
	at org.jvnet.hudson.reactor.TaskGraphBuilder$TaskImpl.run(TaskGraphBuilder.java:175)
	at org.jvnet.hudson.reactor.Reactor.runTask(Reactor.java:305)
	at jenkins.model.Jenkins$5.runTask(Jenkins.java:1156)
	at org.jvnet.hudson.reactor.Reactor$2.run(Reactor.java:222)
	at org.jvnet.hudson.reactor.Reactor$Node.run(Reactor.java:121)
	at jenkins.security.ImpersonatingExecutorService$1.run(ImpersonatingExecutorService.java:68)
	at java.base/java.util.concurrent.ThreadPoolExecutor.runWorker(ThreadPoolExecutor.java:1128)
	at java.base/java.util.concurrent.ThreadPoolExecutor$Worker.run(ThreadPoolExecutor.java:628)
	at java.base/java.lang.Thread.run(Thread.java:829)
  20.618 [id=34]	SEVERE	jenkins.InitReactorRunner$1#onTaskFailed: Failed Loading plugin Events API for Blue Ocean v1.25.3 (blueocean-events)
java.io.IOException: Failed to load: Events API for Blue Ocean (blueocean-events 1.25.3)
 - Failed to load: Pipeline implementation for Blue Ocean (blueocean-pipeline-api-impl 1.25.3)
	at hudson.PluginWrapper.resolvePluginDependencies(PluginWrapper.java:1018)
	at hudson.PluginManager$2$1$1.run(PluginManager.java:542)
	at org.jvnet.hudson.reactor.TaskGraphBuilder$TaskImpl.run(TaskGraphBuilder.java:175)
	at org.jvnet.hudson.reactor.Reactor.runTask(Reactor.java:305)
	at jenkins.model.Jenkins$5.runTask(Jenkins.java:1156)
	at org.jvnet.hudson.reactor.Reactor$2.run(Reactor.java:222)
	at org.jvnet.hudson.reactor.Reactor$Node.run(Reactor.java:121)
	at jenkins.security.ImpersonatingExecutorService$1.run(ImpersonatingExecutorService.java:68)
	at java.base/java.util.concurrent.ThreadPoolExecutor.runWorker(ThreadPoolExecutor.java:1128)
	at java.base/java.util.concurrent.ThreadPoolExecutor$Worker.run(ThreadPoolExecutor.java:628)
	at java.base/java.lang.Thread.run(Thread.java:829)
  20.618 [id=42]	SEVERE	jenkins.InitReactorRunner$1#onTaskFailed: Failed Loading plugin Git Pipeline for Blue Ocean v1.25.3 (blueocean-git-pipeline)
java.io.IOException: Failed to load: Git Pipeline for Blue Ocean (blueocean-git-pipeline 1.25.3)
 - Failed to load: Pipeline implementation for Blue Ocean (blueocean-pipeline-api-impl 1.25.3)
	at hudson.PluginWrapper.resolvePluginDependencies(PluginWrapper.java:1018)
	at hudson.PluginManager$2$1$1.run(PluginManager.java:542)
	at org.jvnet.hudson.reactor.TaskGraphBuilder$TaskImpl.run(TaskGraphBuilder.java:175)
	at org.jvnet.hudson.reactor.Reactor.runTask(Reactor.java:305)
	at jenkins.model.Jenkins$5.runTask(Jenkins.java:1156)
	at org.jvnet.hudson.reactor.Reactor$2.run(Reactor.java:222)
	at org.jvnet.hudson.reactor.Reactor$Node.run(Reactor.java:121)
	at jenkins.security.ImpersonatingExecutorService$1.run(ImpersonatingExecutorService.java:68)
	at java.base/java.util.concurrent.ThreadPoolExecutor.runWorker(ThreadPoolExecutor.java:1128)
	at java.base/java.util.concurrent.ThreadPoolExecutor$Worker.run(ThreadPoolExecutor.java:628)
	at java.base/java.lang.Thread.run(Thread.java:829)
  20.618 [id=36]	SEVERE	jenkins.InitReactorRunner$1#onTaskFailed: Failed Loading plugin GitHub Pipeline for Blue Ocean v1.25.3 (blueocean-github-pipeline)
java.io.IOException: Failed to load: GitHub Pipeline for Blue Ocean (blueocean-github-pipeline 1.25.3)
 - Failed to load: Pipeline implementation for Blue Ocean (blueocean-pipeline-api-impl 1.25.3)
	at hudson.PluginWrapper.resolvePluginDependencies(PluginWrapper.java:1018)
	at hudson.PluginManager$2$1$1.run(PluginManager.java:542)
	at org.jvnet.hudson.reactor.TaskGraphBuilder$TaskImpl.run(TaskGraphBuilder.java:175)
	at org.jvnet.hudson.reactor.Reactor.runTask(Reactor.java:305)
	at jenkins.model.Jenkins$5.runTask(Jenkins.java:1156)
	at org.jvnet.hudson.reactor.Reactor$2.run(Reactor.java:222)
	at org.jvnet.hudson.reactor.Reactor$Node.run(Reactor.java:121)
	at jenkins.security.ImpersonatingExecutorService$1.run(ImpersonatingExecutorService.java:68)
	at java.base/java.util.concurrent.ThreadPoolExecutor.runWorker(ThreadPoolExecutor.java:1128)
	at java.base/java.util.concurrent.ThreadPoolExecutor$Worker.run(ThreadPoolExecutor.java:628)
	at java.base/java.lang.Thread.run(Thread.java:829)
  20.618 [id=43]	SEVERE	jenkins.InitReactorRunner$1#onTaskFailed: Failed Loading plugin Blue Ocean Pipeline Editor v1.25.3 (blueocean-pipeline-editor)
java.io.IOException: Failed to load: Blue Ocean Pipeline Editor (blueocean-pipeline-editor 1.25.3)
 - Failed to load: Pipeline implementation for Blue Ocean (blueocean-pipeline-api-impl 1.25.3)
	at hudson.PluginWrapper.resolvePluginDependencies(PluginWrapper.java:1018)
	at hudson.PluginManager$2$1$1.run(PluginManager.java:542)
	at org.jvnet.hudson.reactor.TaskGraphBuilder$TaskImpl.run(TaskGraphBuilder.java:175)
	at org.jvnet.hudson.reactor.Reactor.runTask(Reactor.java:305)
	at jenkins.model.Jenkins$5.runTask(Jenkins.java:1156)
	at org.jvnet.hudson.reactor.Reactor$2.run(Reactor.java:222)
	at org.jvnet.hudson.reactor.Reactor$Node.run(Reactor.java:121)
	at jenkins.security.ImpersonatingExecutorService$1.run(ImpersonatingExecutorService.java:68)
	at java.base/java.util.concurrent.ThreadPoolExecutor.runWorker(ThreadPoolExecutor.java:1128)
	at java.base/java.util.concurrent.ThreadPoolExecutor$Worker.run(ThreadPoolExecutor.java:628)
	at java.base/java.lang.Thread.run(Thread.java:829)
  20.633 [id=47]	SEVERE	jenkins.InitReactorRunner$1#onTaskFailed: Failed Loading plugin Autofavorite for Blue Ocean v1.2.5 (blueocean-autofavorite)
java.io.IOException: Failed to load: Autofavorite for Blue Ocean (blueocean-autofavorite 1.2.5)
 - Failed to load: Pipeline: Job (workflow-job 1174.vdcb_d054cf74a_)
	at hudson.PluginWrapper.resolvePluginDependencies(PluginWrapper.java:1018)
	at hudson.PluginManager$2$1$1.run(PluginManager.java:542)
	at org.jvnet.hudson.reactor.TaskGraphBuilder$TaskImpl.run(TaskGraphBuilder.java:175)
	at org.jvnet.hudson.reactor.Reactor.runTask(Reactor.java:305)
	at jenkins.model.Jenkins$5.runTask(Jenkins.java:1156)
	at org.jvnet.hudson.reactor.Reactor$2.run(Reactor.java:222)
	at org.jvnet.hudson.reactor.Reactor$Node.run(Reactor.java:121)
	at jenkins.security.ImpersonatingExecutorService$1.run(ImpersonatingExecutorService.java:68)
	at java.base/java.util.concurrent.ThreadPoolExecutor.runWorker(ThreadPoolExecutor.java:1128)
	at java.base/java.util.concurrent.ThreadPoolExecutor$Worker.run(ThreadPoolExecutor.java:628)
	at java.base/java.lang.Thread.run(Thread.java:829)
  20.633 [id=47]	SEVERE	jenkins.InitReactorRunner$1#onTaskFailed: Failed Loading plugin Display URL for Blue Ocean v2.4.1 (blueocean-display-url)
java.io.IOException: Failed to load: Display URL for Blue Ocean (blueocean-display-url 2.4.1)
 - Failed to load: Pipeline: Job (workflow-job 1174.vdcb_d054cf74a_)
	at hudson.PluginWrapper.resolvePluginDependencies(PluginWrapper.java:1018)
	at hudson.PluginManager$2$1$1.run(PluginManager.java:542)
	at org.jvnet.hudson.reactor.TaskGraphBuilder$TaskImpl.run(TaskGraphBuilder.java:175)
	at org.jvnet.hudson.reactor.Reactor.runTask(Reactor.java:305)
	at jenkins.model.Jenkins$5.runTask(Jenkins.java:1156)
	at org.jvnet.hudson.reactor.Reactor$2.run(Reactor.java:222)
	at org.jvnet.hudson.reactor.Reactor$Node.run(Reactor.java:121)
	at jenkins.security.ImpersonatingExecutorService$1.run(ImpersonatingExecutorService.java:68)
	at java.base/java.util.concurrent.ThreadPoolExecutor.runWorker(ThreadPoolExecutor.java:1128)
	at java.base/java.util.concurrent.ThreadPoolExecutor$Worker.run(ThreadPoolExecutor.java:628)
	at java.base/java.lang.Thread.run(Thread.java:829)
  20.633 [id=32]	SEVERE	jenkins.InitReactorRunner$1#onTaskFailed: Failed Loading plugin Blue Ocean v1.25.3 (blueocean)
java.io.IOException: Failed to load: Blue Ocean (blueocean 1.25.3)
 - Failed to load: Bitbucket Pipeline for Blue Ocean (blueocean-bitbucket-pipeline 1.25.3)
	at hudson.PluginWrapper.resolvePluginDependencies(PluginWrapper.java:1018)
	at hudson.PluginManager$2$1$1.run(PluginManager.java:542)
	at org.jvnet.hudson.reactor.TaskGraphBuilder$TaskImpl.run(TaskGraphBuilder.java:175)
	at org.jvnet.hudson.reactor.Reactor.runTask(Reactor.java:305)
	at jenkins.model.Jenkins$5.runTask(Jenkins.java:1156)
	at org.jvnet.hudson.reactor.Reactor$2.run(Reactor.java:222)
	at org.jvnet.hudson.reactor.Reactor$Node.run(Reactor.java:121)
	at jenkins.security.ImpersonatingExecutorService$1.run(ImpersonatingExecutorService.java:68)
	at java.base/java.util.concurrent.ThreadPoolExecutor.runWorker(ThreadPoolExecutor.java:1128)
	at java.base/java.util.concurrent.ThreadPoolExecutor$Worker.run(ThreadPoolExecutor.java:628)
	at java.base/java.lang.Thread.run(Thread.java:829)
  21.076 [id=45]	SEVERE	jenkins.InitReactorRunner$1#onTaskFailed: Failed Loading plugin Docker Commons Plugin v1.19 (docker-commons)
java.io.IOException: Failed to load: Docker Commons Plugin (docker-commons 1.19)
 - Failed to load: Credentials Binding Plugin (credentials-binding 1.27.1)
	at hudson.PluginWrapper.resolvePluginDependencies(PluginWrapper.java:1018)
	at hudson.PluginManager$2$1$1.run(PluginManager.java:542)
	at org.jvnet.hudson.reactor.TaskGraphBuilder$TaskImpl.run(TaskGraphBuilder.java:175)
	at org.jvnet.hudson.reactor.Reactor.runTask(Reactor.java:305)
	at jenkins.model.Jenkins$5.runTask(Jenkins.java:1156)
	at org.jvnet.hudson.reactor.Reactor$2.run(Reactor.java:222)
	at org.jvnet.hudson.reactor.Reactor$Node.run(Reactor.java:121)
	at jenkins.security.ImpersonatingExecutorService$1.run(ImpersonatingExecutorService.java:68)
	at java.base/java.util.concurrent.ThreadPoolExecutor.runWorker(ThreadPoolExecutor.java:1128)
	at java.base/java.util.concurrent.ThreadPoolExecutor$Worker.run(ThreadPoolExecutor.java:628)
	at java.base/java.lang.Thread.run(Thread.java:829)
  21.076 [id=45]	SEVERE	jenkins.InitReactorRunner$1#onTaskFailed: Failed Loading plugin Docker Pipeline v1.28 (docker-workflow)
java.io.IOException: Failed to load: Docker Pipeline (docker-workflow 1.28)
 - Failed to load: Pipeline: Basic Steps (workflow-basic-steps 941.vdfe1b_a_132c64)
	at hudson.PluginWrapper.resolvePluginDependencies(PluginWrapper.java:1018)
	at hudson.PluginManager$2$1$1.run(PluginManager.java:542)
	at org.jvnet.hudson.reactor.TaskGraphBuilder$TaskImpl.run(TaskGraphBuilder.java:175)
	at org.jvnet.hudson.reactor.Reactor.runTask(Reactor.java:305)
	at jenkins.model.Jenkins$5.runTask(Jenkins.java:1156)
	at org.jvnet.hudson.reactor.Reactor$2.run(Reactor.java:222)
	at org.jvnet.hudson.reactor.Reactor$Node.run(Reactor.java:121)
	at jenkins.security.ImpersonatingExecutorService$1.run(ImpersonatingExecutorService.java:68)
	at java.base/java.util.concurrent.ThreadPoolExecutor.runWorker(ThreadPoolExecutor.java:1128)
	at java.base/java.util.concurrent.ThreadPoolExecutor$Worker.run(ThreadPoolExecutor.java:628)
	at java.base/java.lang.Thread.run(Thread.java:829)
  21.076 [id=45]	SEVERE	jenkins.InitReactorRunner$1#onTaskFailed: Failed Loading plugin Email Extension Plugin v2.87 (email-ext)
java.io.IOException: Failed to load: Email Extension Plugin (email-ext 2.87)
 - Failed to load: JUnit Plugin (junit 1.58)
	at hudson.PluginWrapper.resolvePluginDependencies(PluginWrapper.java:1018)
	at hudson.PluginManager$2$1$1.run(PluginManager.java:542)
	at org.jvnet.hudson.reactor.TaskGraphBuilder$TaskImpl.run(TaskGraphBuilder.java:175)
	at org.jvnet.hudson.reactor.Reactor.runTask(Reactor.java:305)
	at jenkins.model.Jenkins$5.runTask(Jenkins.java:1156)
	at org.jvnet.hudson.reactor.Reactor$2.run(Reactor.java:222)
	at org.jvnet.hudson.reactor.Reactor$Node.run(Reactor.java:121)
	at jenkins.security.ImpersonatingExecutorService$1.run(ImpersonatingExecutorService.java:68)
	at java.base/java.util.concurrent.ThreadPoolExecutor.runWorker(ThreadPoolExecutor.java:1128)
	at java.base/java.util.concurrent.ThreadPoolExecutor$Worker.run(ThreadPoolExecutor.java:628)
	at java.base/java.lang.Thread.run(Thread.java:829)
  21.076 [id=34]	SEVERE	jenkins.InitReactorRunner$1#onTaskFailed: Failed Loading plugin GitLab Plugin v1.5.29 (gitlab-plugin)
java.io.IOException: Failed to load: GitLab Plugin (gitlab-plugin 1.5.29)
 - Failed to load: Pipeline: Shared Groovy Libraries (workflow-cps-global-lib 564.ve62a_4eb_b_e039)
	at hudson.PluginWrapper.resolvePluginDependencies(PluginWrapper.java:1018)
	at hudson.PluginManager$2$1$1.run(PluginManager.java:542)
	at org.jvnet.hudson.reactor.TaskGraphBuilder$TaskImpl.run(TaskGraphBuilder.java:175)
	at org.jvnet.hudson.reactor.Reactor.runTask(Reactor.java:305)
	at jenkins.model.Jenkins$5.runTask(Jenkins.java:1156)
	at org.jvnet.hudson.reactor.Reactor$2.run(Reactor.java:222)
	at org.jvnet.hudson.reactor.Reactor$Node.run(Reactor.java:121)
	at jenkins.security.ImpersonatingExecutorService$1.run(ImpersonatingExecutorService.java:68)
	at java.base/java.util.concurrent.ThreadPoolExecutor.runWorker(ThreadPoolExecutor.java:1128)
	at java.base/java.util.concurrent.ThreadPoolExecutor$Worker.run(ThreadPoolExecutor.java:628)
	at java.base/java.lang.Thread.run(Thread.java:829)
  21.076 [id=42]	SEVERE	jenkins.InitReactorRunner$1#onTaskFailed: Failed Loading plugin Lockable Resources plugin v2.14 (lockable-resources)
java.io.IOException: Failed to load: Lockable Resources plugin (lockable-resources 2.14)
 - Failed to load: Pipeline: Supporting APIs (workflow-support 815.vd60466279fc8)
	at hudson.PluginWrapper.resolvePluginDependencies(PluginWrapper.java:1018)
	at hudson.PluginManager$2$1$1.run(PluginManager.java:542)
	at org.jvnet.hudson.reactor.TaskGraphBuilder$TaskImpl.run(TaskGraphBuilder.java:175)
	at org.jvnet.hudson.reactor.Reactor.runTask(Reactor.java:305)
	at jenkins.model.Jenkins$5.runTask(Jenkins.java:1156)
	at org.jvnet.hudson.reactor.Reactor$2.run(Reactor.java:222)
	at org.jvnet.hudson.reactor.Reactor$Node.run(Reactor.java:121)
	at jenkins.security.ImpersonatingExecutorService$1.run(ImpersonatingExecutorService.java:68)
	at java.base/java.util.concurrent.ThreadPoolExecutor.runWorker(ThreadPoolExecutor.java:1128)
	at java.base/java.util.concurrent.ThreadPoolExecutor$Worker.run(ThreadPoolExecutor.java:628)
	at java.base/java.lang.Thread.run(Thread.java:829)
  21.899 [id=47]	SEVERE	jenkins.InitReactorRunner$1#onTaskFailed: Failed Loading plugin Pipeline: REST API Plugin v2.23 (pipeline-rest-api)
java.io.IOException: Failed to load: Pipeline: REST API Plugin (pipeline-rest-api 2.23)
 - Failed to load: Pipeline: Job (workflow-job 1174.vdcb_d054cf74a_)
	at hudson.PluginWrapper.resolvePluginDependencies(PluginWrapper.java:1018)
	at hudson.PluginManager$2$1$1.run(PluginManager.java:542)
	at org.jvnet.hudson.reactor.TaskGraphBuilder$TaskImpl.run(TaskGraphBuilder.java:175)
	at org.jvnet.hudson.reactor.Reactor.runTask(Reactor.java:305)
	at jenkins.model.Jenkins$5.runTask(Jenkins.java:1156)
	at org.jvnet.hudson.reactor.Reactor$2.run(Reactor.java:222)
	at org.jvnet.hudson.reactor.Reactor$Node.run(Reactor.java:121)
	at jenkins.security.ImpersonatingExecutorService$1.run(ImpersonatingExecutorService.java:68)
	at java.base/java.util.concurrent.ThreadPoolExecutor.runWorker(ThreadPoolExecutor.java:1128)
	at java.base/java.util.concurrent.ThreadPoolExecutor$Worker.run(ThreadPoolExecutor.java:628)
	at java.base/java.lang.Thread.run(Thread.java:829)
  21.899 [id=47]	SEVERE	jenkins.InitReactorRunner$1#onTaskFailed: Failed Loading plugin Pipeline: Stage View Plugin v2.23 (pipeline-stage-view)
java.io.IOException: Failed to load: Pipeline: Stage View Plugin (pipeline-stage-view 2.23)
 - Failed to load: Pipeline: REST API Plugin (pipeline-rest-api 2.23)
	at hudson.PluginWrapper.resolvePluginDependencies(PluginWrapper.java:1018)
	at hudson.PluginManager$2$1$1.run(PluginManager.java:542)
	at org.jvnet.hudson.reactor.TaskGraphBuilder$TaskImpl.run(TaskGraphBuilder.java:175)
	at org.jvnet.hudson.reactor.Reactor.runTask(Reactor.java:305)
	at jenkins.model.Jenkins$5.runTask(Jenkins.java:1156)
	at org.jvnet.hudson.reactor.Reactor$2.run(Reactor.java:222)
	at org.jvnet.hudson.reactor.Reactor$Node.run(Reactor.java:121)
	at jenkins.security.ImpersonatingExecutorService$1.run(ImpersonatingExecutorService.java:68)
	at java.base/java.util.concurrent.ThreadPoolExecutor.runWorker(ThreadPoolExecutor.java:1128)
	at java.base/java.util.concurrent.ThreadPoolExecutor$Worker.run(ThreadPoolExecutor.java:628)
	at java.base/java.lang.Thread.run(Thread.java:829)
  21.899 [id=47]	SEVERE	jenkins.InitReactorRunner$1#onTaskFailed: Failed Loading plugin Pipeline Utility Steps v2.12.0 (pipeline-utility-steps)
java.io.IOException: Failed to load: Pipeline Utility Steps (pipeline-utility-steps 2.12.0)
 - Update required: Script Security Plugin (script-security 1.75) to be updated to 1131.v8b_b_5eda_c328e or higher
	at hudson.PluginWrapper.resolvePluginDependencies(PluginWrapper.java:1018)
	at hudson.PluginManager$2$1$1.run(PluginManager.java:542)
	at org.jvnet.hudson.reactor.TaskGraphBuilder$TaskImpl.run(TaskGraphBuilder.java:175)
	at org.jvnet.hudson.reactor.Reactor.runTask(Reactor.java:305)
	at jenkins.model.Jenkins$5.runTask(Jenkins.java:1156)
	at org.jvnet.hudson.reactor.Reactor$2.run(Reactor.java:222)
	at org.jvnet.hudson.reactor.Reactor$Node.run(Reactor.java:121)
	at jenkins.security.ImpersonatingExecutorService$1.run(ImpersonatingExecutorService.java:68)
	at java.base/java.util.concurrent.ThreadPoolExecutor.runWorker(ThreadPoolExecutor.java:1128)
	at java.base/java.util.concurrent.ThreadPoolExecutor$Worker.run(ThreadPoolExecutor.java:628)
	at java.base/java.lang.Thread.run(Thread.java:829)
  25.928 [id=47]	INFO	jenkins.InitReactorRunner$1#onAttained: Prepared all plugins
  27.827 [id=41]	INFO	jenkins.InitReactorRunner$1#onAttained: Started all plugins
  27.827 [id=41]	INFO	jenkins.InitReactorRunner$1#onAttained: Augmented all extensions
  28.036 [id=33]	INFO	jenkins.InitReactorRunner$1#onAttained: System config loaded
  28.326 [id=33]	INFO	jenkins.InitReactorRunner$1#onAttained: System config adapted
  28.334 [id=44]	INFO	jenkins.InitReactorRunner$1#onAttained: Loaded all jobs
  28.345 [id=40]	INFO	jenkins.InitReactorRunner$1#onAttained: Configuration for all jobs updated
  28.405 [id=33]	INFO	jenkins.InitReactorRunner$1#onAttained: Completed initialization
Processing provided DSL script

Expected no exception to be thrown, but got 'javaposse.jobdsl.dsl.DslScriptException'
Expected no exception to be thrown, but got 'javaposse.jobdsl.dsl.DslScriptException'
	at app//spock.lang.Specification.noExceptionThrown(Specification.java:118)
	at com.xortex.tkqs.jenkins.jobdsl.JobScriptsSpec.test script #file.name(JobScriptsSpec.groovy:26)
Caused by: javaposse.jobdsl.dsl.DslScriptException: (script, line 5) version 2.4 or later of plugin 'workflow-job' needs to be installed
	at app//javaposse.jobdsl.plugin.JenkinsJobManagement.failOrMarkBuildAsUnstable(JenkinsJobManagement.java:422)
	at app//javaposse.jobdsl.plugin.JenkinsJobManagement.requireMinimumPluginVersion(JenkinsJobManagement.java:330)
	at script.run(script:5)
	at app//javaposse.jobdsl.dsl.AbstractDslScriptLoader.runScript(AbstractDslScriptLoader.groovy:138)
	at app//javaposse.jobdsl.dsl.AbstractDslScriptLoader.runScriptEngine(AbstractDslScriptLoader.groovy:108)
	at javaposse.jobdsl.dsl.AbstractDslScriptLoader.runScripts_closure1(AbstractDslScriptLoader.groovy:61)
	at app//groovy.lang.Closure.call(Closure.java:420)
	at app//groovy.lang.Closure.call(Closure.java:436)
	at app//javaposse.jobdsl.dsl.AbstractDslScriptLoader.runScripts(AbstractDslScriptLoader.groovy:46)
	at app//javaposse.jobdsl.dsl.AbstractDslScriptLoader.runScript(AbstractDslScriptLoader.groovy:87)
	at com.xortex.tkqs.jenkins.jobdsl.JobScriptsSpec.test script #file.name(JobScriptsSpec.groovy:23)

Processing provided DSL script
Processing provided DSL script

Expected no exception to be thrown, but got 'javaposse.jobdsl.dsl.DslScriptException'
Expected no exception to be thrown, but got 'javaposse.jobdsl.dsl.DslScriptException'
	at app//spock.lang.Specification.noExceptionThrown(Specification.java:118)
	at com.xortex.tkqs.jenkins.jobdsl.JobScriptsSpec.test script #file.name(JobScriptsSpec.groovy:26)
Caused by: javaposse.jobdsl.dsl.DslScriptException: (script, line 15) version 2.4 or later of plugin 'workflow-job' needs to be installed
	at app//javaposse.jobdsl.plugin.JenkinsJobManagement.failOrMarkBuildAsUnstable(JenkinsJobManagement.java:422)
	at app//javaposse.jobdsl.plugin.JenkinsJobManagement.requireMinimumPluginVersion(JenkinsJobManagement.java:330)
	at script.run_closure1(script:15)
	at app//groovy.lang.Closure.call(Closure.java:420)
	at app//groovy.lang.Closure.call(Closure.java:436)
	at script.run(script:14)
	at app//javaposse.jobdsl.dsl.AbstractDslScriptLoader.runScript(AbstractDslScriptLoader.groovy:138)
	at app//javaposse.jobdsl.dsl.AbstractDslScriptLoader.runScriptEngine(AbstractDslScriptLoader.groovy:108)
	at javaposse.jobdsl.dsl.AbstractDslScriptLoader.runScripts_closure1(AbstractDslScriptLoader.groovy:61)
	at app//groovy.lang.Closure.call(Closure.java:420)
	at app//groovy.lang.Closure.call(Closure.java:436)
	at app//javaposse.jobdsl.dsl.AbstractDslScriptLoader.runScripts(AbstractDslScriptLoader.groovy:46)
	at app//javaposse.jobdsl.dsl.AbstractDslScriptLoader.runScript(AbstractDslScriptLoader.groovy:87)
	at com.xortex.tkqs.jenkins.jobdsl.JobScriptsSpec.test script #file.name(JobScriptsSpec.groovy:23)

Processing provided DSL script

Expected no exception to be thrown, but got 'javaposse.jobdsl.dsl.DslScriptException'
Expected no exception to be thrown, but got 'javaposse.jobdsl.dsl.DslScriptException'
	at app//spock.lang.Specification.noExceptionThrown(Specification.java:118)
	at com.xortex.tkqs.jenkins.jobdsl.JobScriptsSpec.test script #file.name(JobScriptsSpec.groovy:26)
Caused by: javaposse.jobdsl.dsl.DslScriptException: (script, line 5) version 2.4 or later of plugin 'workflow-job' needs to be installed
	at app//javaposse.jobdsl.plugin.JenkinsJobManagement.failOrMarkBuildAsUnstable(JenkinsJobManagement.java:422)
	at app//javaposse.jobdsl.plugin.JenkinsJobManagement.requireMinimumPluginVersion(JenkinsJobManagement.java:330)
	at script.run(script:5)
	at app//javaposse.jobdsl.dsl.AbstractDslScriptLoader.runScript(AbstractDslScriptLoader.groovy:138)
	at app//javaposse.jobdsl.dsl.AbstractDslScriptLoader.runScriptEngine(AbstractDslScriptLoader.groovy:108)
	at javaposse.jobdsl.dsl.AbstractDslScriptLoader.runScripts_closure1(AbstractDslScriptLoader.groovy:61)
	at app//groovy.lang.Closure.call(Closure.java:420)
	at app//groovy.lang.Closure.call(Closure.java:436)
	at app//javaposse.jobdsl.dsl.AbstractDslScriptLoader.runScripts(AbstractDslScriptLoader.groovy:46)
	at app//javaposse.jobdsl.dsl.AbstractDslScriptLoader.runScript(AbstractDslScriptLoader.groovy:87)
	at com.xortex.tkqs.jenkins.jobdsl.JobScriptsSpec.test script #file.name(JobScriptsSpec.groovy:23)

Processing provided DSL script

Expected no exception to be thrown, but got 'javaposse.jobdsl.dsl.DslScriptException'
Expected no exception to be thrown, but got 'javaposse.jobdsl.dsl.DslScriptException'
	at app//spock.lang.Specification.noExceptionThrown(Specification.java:118)
	at com.xortex.tkqs.jenkins.jobdsl.JobScriptsSpec.test script #file.name(JobScriptsSpec.groovy:26)
Caused by: javaposse.jobdsl.dsl.DslScriptException: (script, line 44) version 2.4 or later of plugin 'workflow-job' needs to be installed
	at app//javaposse.jobdsl.plugin.JenkinsJobManagement.failOrMarkBuildAsUnstable(JenkinsJobManagement.java:422)
	at app//javaposse.jobdsl.plugin.JenkinsJobManagement.requireMinimumPluginVersion(JenkinsJobManagement.java:330)
	at script.run_closure2(script:44)
	at app//groovy.lang.Closure.call(Closure.java:420)
	at app//groovy.lang.Closure.call(Closure.java:436)
	at script.run(script:43)
	at app//javaposse.jobdsl.dsl.AbstractDslScriptLoader.runScript(AbstractDslScriptLoader.groovy:138)
	at app//javaposse.jobdsl.dsl.AbstractDslScriptLoader.runScriptEngine(AbstractDslScriptLoader.groovy:108)
	at javaposse.jobdsl.dsl.AbstractDslScriptLoader.runScripts_closure1(AbstractDslScriptLoader.groovy:61)
	at app//groovy.lang.Closure.call(Closure.java:420)
	at app//groovy.lang.Closure.call(Closure.java:436)
	at app//javaposse.jobdsl.dsl.AbstractDslScriptLoader.runScripts(AbstractDslScriptLoader.groovy:46)
	at app//javaposse.jobdsl.dsl.AbstractDslScriptLoader.runScript(AbstractDslScriptLoader.groovy:87)
	at com.xortex.tkqs.jenkins.jobdsl.JobScriptsSpec.test script #file.name(JobScriptsSpec.groovy:23)

  30.729 [id=19]	INFO	hudson.lifecycle.Lifecycle#onStatusUpdate: Stopping Jenkins
WARN: The method class org.apache.commons.logging.impl.SLF4JLogFactory#release() was invoked.
WARN: Please see http://www.slf4j.org/codes.html#release for an explanation.
  30.973 [id=19]	INFO	hudson.lifecycle.Lifecycle#onStatusUpdate: Jenkins stopped

com.xortex.tkqs.jenkins.jobdsl.JobScriptsSpec > test script demo.groovy FAILED
    org.spockframework.runtime.UnallowedExceptionThrownError at JobScriptsSpec.groovy:26
        Caused by: javaposse.jobdsl.dsl.DslScriptException at JobScriptsSpec.groovy:23
com.xortex.tkqs.jenkins.jobdsl.JobScriptsSpec > test script docker-images.groovy FAILED
    org.spockframework.runtime.UnallowedExceptionThrownError at JobScriptsSpec.groovy:26
        Caused by: javaposse.jobdsl.dsl.DslScriptException at JobScriptsSpec.groovy:23
com.xortex.tkqs.jenkins.jobdsl.JobScriptsSpec > test script jenkins-self-test.groovy FAILED
    org.spockframework.runtime.UnallowedExceptionThrownError at JobScriptsSpec.groovy:26
        Caused by: javaposse.jobdsl.dsl.DslScriptException at JobScriptsSpec.groovy:23
com.xortex.tkqs.jenkins.jobdsl.JobScriptsSpec > test script qs-betankung.groovy FAILED
    org.spockframework.runtime.UnallowedExceptionThrownError at JobScriptsSpec.groovy:26
        Caused by: javaposse.jobdsl.dsl.DslScriptException at JobScriptsSpec.groovy:23
5 tests completed, 4 failed
> Task :test FAILED
FAILURE: Build failed with an exception.
* What went wrong:
Execution failed for task ':test'.
> There were failing tests. See the report at: file:///C:/Users/r.fuereder/Documents/TK-QS/jenkins/build/reports/tests/test/index.html
* Try:
> Run with --stacktrace option to get the stack trace.
> Run with --info or --debug option to get more log output.
> Run with --scan to get full insights.
* Get more help at https://help.gradle.org
BUILD FAILED in 40s
3 actionable tasks: 2 executed, 1 up-to-date