Started by user buckett
Building on master
Updating https://svn.oucs.ox.ac.uk/projects/vle/sakai/testcase
At revision 5345
no change for https://svn.oucs.ox.ac.uk/projects/vle/sakai/testcase since the previous build
Parsing POMs
[testcase] $ /var/lib/hudson/tools/JDK_5_update_21_/bin/java -cp /var/lib/hudson/plugins/maven-plugin/WEB-INF/lib/maven-agent-1.336.jar:/var/lib/hudson/tools/Maven_2.2.1/boot/classworlds-1.1.jar hudson.maven.agent.Main /var/lib/hudson/tools/Maven_2.2.1 /var/run/hudson/war/WEB-INF/lib/remoting-1.336.jar /var/lib/hudson/plugins/maven-plugin/WEB-INF/lib/maven-interceptor-1.336.jar 56771 /var/lib/hudson/plugins/maven-plugin/WEB-INF/lib/maven2.1-interceptor-1.2.jar
<===[HUDSON REMOTING CAPACITY]===>���channel started
Executing Maven:  -B -f /var/lib/hudson/jobs/Testcase/workspace/testcase/pom.xml install
[INFO] Scanning for projects...
[INFO] Reactor build order: 
[INFO]   Sakai Search Project
[INFO]   test-1.5
[INFO] ------------------------------------------------------------------------
[INFO] Building Sakai Search Project
[INFO]    task-segment: [install]
[INFO] ------------------------------------------------------------------------
[INFO] [site:attach-descriptor {execution: default-attach-descriptor}]
[INFO] [install:install {execution: default-install}]
[INFO] Installing /var/lib/hudson/jobs/Testcase/workspace/testcase/pom.xml to /var/lib/hudson/.m2/repository/org/bumph/broken-example/1.0-SNAPSHOT/broken-example-1.0-SNAPSHOT.pom
[HUDSON] Archiving /var/lib/hudson/jobs/Testcase/workspace/testcase/pom.xml to /var/lib/hudson/jobs/Testcase/modules/org.bumph$broken-example/builds/2009-11-30_15-54-11/archive/org.bumph/broken-example/1.0-SNAPSHOT/pom.xml
[HUDSON] Archiving /var/lib/hudson/.m2/repository/org/bumph/broken-example/1.0-SNAPSHOT/broken-example-1.0-SNAPSHOT.pom to /var/lib/hudson/jobs/Testcase/modules/org.bumph$broken-example/builds/2009-11-30_15-54-11/archive/org.bumph/broken-example/1.0-SNAPSHOT/broken-example-1.0-SNAPSHOT.pom
[INFO] ------------------------------------------------------------------------
[INFO] Building test-1.5
[INFO]    task-segment: [install]
[INFO] ------------------------------------------------------------------------
[INFO] ------------------------------------------------------------------------
[ERROR] FATAL ERROR
[INFO] ------------------------------------------------------------------------
[INFO] reporters.get(org.bumph:test-1.5)==null. reporters={org.bumph:broken-example=[hudson.maven.reporters.BuildInfoRecorder@24c535d, hudson.maven.reporters.MavenSiteArchiver@60f4ffd8, hudson.maven.reporters.MavenJavadocArchiver@74c8efa2, hudson.maven.reporters.MavenArtifactArchiver@493c2797, hudson.maven.reporters.SurefireArchiver@33ecb094, hudson.maven.reporters.MavenFingerprinter@7b9afa26], org.bumph:test-1.6=[hudson.maven.reporters.BuildInfoRecorder@783cdf2d, hudson.maven.reporters.MavenSiteArchiver@64604106, hudson.maven.reporters.MavenJavadocArchiver@6b4d2465, hudson.maven.reporters.MavenArtifactArchiver@159099ec, hudson.maven.reporters.SurefireArchiver@48696003, hudson.maven.reporters.MavenFingerprinter@7e1e8a18]} proxies={org.bumph:broken-example=hudson.maven.MavenModuleSetBuild$Builder$FilterImpl@6fc6e58, org.bumph:test-1.6=hudson.maven.MavenModuleSetBuild$Builder$FilterImpl@26b056fd}
[INFO] ------------------------------------------------------------------------
[INFO] Trace
java.lang.AssertionError: reporters.get(org.bumph:test-1.5)==null. reporters={org.bumph:broken-example=[hudson.maven.reporters.BuildInfoRecorder@24c535d, hudson.maven.reporters.MavenSiteArchiver@60f4ffd8, hudson.maven.reporters.MavenJavadocArchiver@74c8efa2, hudson.maven.reporters.MavenArtifactArchiver@493c2797, hudson.maven.reporters.SurefireArchiver@33ecb094, hudson.maven.reporters.MavenFingerprinter@7b9afa26], org.bumph:test-1.6=[hudson.maven.reporters.BuildInfoRecorder@783cdf2d, hudson.maven.reporters.MavenSiteArchiver@64604106, hudson.maven.reporters.MavenJavadocArchiver@6b4d2465, hudson.maven.reporters.MavenArtifactArchiver@159099ec, hudson.maven.reporters.SurefireArchiver@48696003, hudson.maven.reporters.MavenFingerprinter@7e1e8a18]} proxies={org.bumph:broken-example=hudson.maven.MavenModuleSetBuild$Builder$FilterImpl@6fc6e58, org.bumph:test-1.6=hudson.maven.MavenModuleSetBuild$Builder$FilterImpl@26b056fd}
	at hudson.maven.MavenModuleSetBuild$Builder.postModule(MavenModuleSetBuild.java:718)
	at hudson.maven.MavenBuilder$Adapter.fireLeaveModule(MavenBuilder.java:304)
	at hudson.maven.MavenBuilder$Adapter.postBuild(MavenBuilder.java:262)
	at org.apache.maven.lifecycle.LifecycleExecutorInterceptor.execute(LifecycleExecutorInterceptor.java:68)
	at org.apache.maven.DefaultMaven.doExecute(DefaultMaven.java:328)
	at org.apache.maven.DefaultMaven.execute(DefaultMaven.java:138)
	at org.apache.maven.cli.MavenCli.main(MavenCli.java:362)
	at sun.reflect.NativeMethodAccessorImpl.invoke0(Native Method)
	at sun.reflect.NativeMethodAccessorImpl.invoke(NativeMethodAccessorImpl.java:39)
	at sun.reflect.DelegatingMethodAccessorImpl.invoke(DelegatingMethodAccessorImpl.java:25)
	at java.lang.reflect.Method.invoke(Method.java:592)
	at org.codehaus.classworlds.Launcher.launchEnhanced(Launcher.java:315)
	at org.codehaus.classworlds.Launcher.launch(Launcher.java:255)
	at hudson.maven.agent.Main.launch(Main.java:165)
	at hudson.maven.MavenBuilder.call(MavenBuilder.java:159)
	at hudson.maven.MavenModuleSetBuild$Builder.call(MavenModuleSetBuild.java:688)
	at hudson.maven.MavenModuleSetBuild$Builder.call(MavenModuleSetBuild.java:632)
	at hudson.remoting.UserRequest.perform(UserRequest.java:104)
	at hudson.remoting.UserRequest.perform(UserRequest.java:48)
	at hudson.remoting.Request$2.run(Request.java:270)
	at java.util.concurrent.Executors$RunnableAdapter.call(Executors.java:417)
	at java.util.concurrent.FutureTask$Sync.innerRun(FutureTask.java:269)
	at java.util.concurrent.FutureTask.run(FutureTask.java:123)
	at java.util.concurrent.ThreadPoolExecutor$Worker.runTask(ThreadPoolExecutor.java:651)
	at java.util.concurrent.ThreadPoolExecutor$Worker.run(ThreadPoolExecutor.java:676)
	at java.lang.Thread.run(Thread.java:595)
[INFO] ------------------------------------------------------------------------
[INFO] Total time: 2 seconds
[INFO] Finished at: Mon Nov 30 15:54:15 GMT 2009
[INFO] Final Memory: 18M/430M
[INFO] ------------------------------------------------------------------------
channel stopped
Finished: FAILURE

