Started by timer with parameters: {Scenario_Controller_Folder_Path=H:\DADEV\APPLICATION TESTING\Automation Team\Load Testing\Jenkins_Scheduler\FirstView\Firstview_Controller.lrs, Results_Folder_Path=H:\DADEV\APPLICATION TESTING\Automation Team\Load Testing\Jenkins_Scheduler\FirstView\Results, EMAIL_ADDRESS=rxxx@xxx.com}
Started by user H, Ryan
Rebuilds build #80
Running as SYSTEM
[EnvInject] - Loading node environment variables.
Building remotely on VUFTLR-001 (vuftlr-001) in workspace C:\Jenkins\workspace\TestAutomation_sandbox\GUI_LoadRunner_Scheduler
[WS-CLEANUP] Deleting project workspace...
[WS-CLEANUP] Deferred wipeout is used...
[WS-CLEANUP] Done
Run condition [Execute Windows Batch commands] enabling prebuild for step [Execute Micro Focus tests from file system]
Checking for pre-build
Executing pre-build step
Checking if email needs to be generated
No emails were triggered.
[EnvInject] - Executing scripts and injecting environment variables after the SCM step.
[GUI_LoadRunner_Scheduler] $ cmd /c call C:\Jenkins\tmp\CommandInterpreterCondition7248968447799451308.bat
Run condition [Execute Windows Batch commands] enabling perform for step [Execute Micro Focus tests from file system]
[GUI_LoadRunner_Scheduler] $ C:\Jenkins\workspace\TestAutomation_sandbox\GUI_LoadRunner_Scheduler\HpToolsLauncher.exe -paramfile props11052023135000112.txt
"Started..."
Run build tests
Launcher timeout is 00::00:30:00
Controller Polling Interval: 60 seconds
PerScenarioTimeout: 00::00:25:00 minutes
FileSystemTestRunner timeout is 00:30:00
UFT Mobile connection info is - UFT Mobile HostAddress: , Port: 8080, Username: , TenantId: , UseSSL: 0, UseProxy: 0, ProxyType: 0, ProxyAddress: , ProxyPort: 0, ProxyAuth: 0, ProxyUser: 
Results directory is: H:\DADEV\APPLICATION TESTING\Automation Team\Load Testing\Jenkins_Scheduler\FirstView\Results_Jenkins
1 tests found:
H:\DADEV\APPLICATION TESTING\Automation Team\Load Testing\Jenkins_Scheduler\FirstView\Firstview_Controller_New.lrs
============================================================================
11/05/2023 13:50:00 Running: H:\DADEV\APPLICATION TESTING\Automation Team\Load Testing\Jenkins_Scheduler\FirstView\Firstview_Controller_New.lrs
H:\DADEV\APPLICATION TESTING\Automation Team\Load Testing\Jenkins_Scheduler\FirstView\Firstview_Controller_New.lrs
Cleaning up the environment...
Preparing scenario H:\DADEV\APPLICATION TESTING\Automation Team\Load Testing\Jenkins_Scheduler\FirstView\Firstview_Controller_New.lrs for execution.
Load Generator localhost connected
setting scenario result folder to H:\DADEV\APPLICATION TESTING\Automation Team\Load Testing\Jenkins_Scheduler\FirstView\Results_Jenkins\LRR
scenario result folder: H:\DADEV\APPLICATION TESTING\Automation Team\Load Testing\Jenkins_Scheduler\FirstView\Results_Jenkins\LRR
Starting scenario...
Scenario run has started
Elapsed Time (D:H:M:S): 00:00:00:01
Down      Pending   Init      Ready     Run       Rendez    Passed    Failed    Error     Exiting   Stopped   G_Exit    
1         0         0         0         0         0         0         0         0         0         0         0         
Error count: 0
Passed transactions: 0
Failed transactions: 0
Hits per second: 0
Scenario H:\DADEV\APPLICATION TESTING\Automation Team\Load Testing\Jenkins_Scheduler\FirstView\Firstview_Controller_New.lrs ended after 0:0:56.
============================================================================
Analyzing results...
closing Controller
Controller closed
calling analysis report generator
executing Analysis launcher with arguments : "H:\DADEV\APPLICATION TESTING\Automation Team\Load Testing\Jenkins_Scheduler\FirstView\Results_Jenkins\LRR\LRR.lrr" "H:\DADEV\APPLICATION TESTING\Automation Team\Load Testing\Jenkins_Scheduler\FirstView\Results_Jenkins\LRA\LRA.lra" "H:\DADEV\APPLICATION TESTING\Automation Team\Load Testing\Jenkins_Scheduler\FirstView\Results_Jenkins\HTML\HTML.html" ""
time for analysis: 00::00:25:00
starting analysis launcher
creating analysis COM object
creating analysis session
analysis session created
creating HTML reports
HTML reports created
loading errors, if any
Gathering Run statistics
closing session
SLA report:
calculating SLA
The string <passed_transactions_ratio> cannot be converted to the measurement.
   at Analysis.ApiLib.Sla.SlaMeasurementHelper.MeasurementFromString(String aMeasurement)
   at Analysis.ApiSL.SlaResultReader.FillSlaResultFromSlaSupervisor(SlaResult aResult)
   at Analysis.ApiSL.SlaResultReader.GetSlaResult(String aSessionFileName, Boolean aForceSlaCalculation)
   at Analysis.Api.Session.CalculateSla(String aSessionFileName, Boolean aForceSlaCalculation)
   at LRAnalysisLauncher.Program.Main(String[] args)
time passed: 00::00:00:45
Error: Error during Analysis run. See output console for details
analysis report generator finished
Error(s) summary: 
0 ignored , 0 errors

Test PASSED
Test result: Error
uftReportDir is H:\DADEV\APPLICATION TESTING\Automation Team\Load Testing\Jenkins_Scheduler\FirstView\Firstview_Controller_New.lrs\Report1
11/05/2023 13:52:11 Test complete: H:\DADEV\APPLICATION TESTING\Automation Team\Load Testing\Jenkins_Scheduler\FirstView\Firstview_Controller_New.lrs
-------------------------------------------------------------------------------------------------------
Cleaning up the environment...
================================================
Run status: Job failed, total tests: 1, succeeded: 0, failures: 0, errors: 1, warnings: 0
Error  : H:\DADEV\APPLICATION TESTING\Automation Team\Load Testing\Jenkins_Scheduler\FirstView\Firstview_Controller_New.lrs[1]
================================================
Build step 'Conditional step (single)' changed build result to FAILURE
[GUI_LoadRunner_Scheduler] $ cmd /c call C:\Jenkins\tmp\jenkins4479103183862062214.bat
H:\DADEV\APPLICATION TESTING\Automation Team\Load Testing\Jenkins_Scheduler\FirstView\Results_Jenkins\HTML\IE\HTML.html
H:\DADEV\APPLICATION TESTING\Automation Team\Load Testing\Jenkins_Scheduler\FirstView\Results_Jenkins\HTML\IE\HTML\adv_properties.css
H:\DADEV\APPLICATION TESTING\Automation Team\Load Testing\Jenkins_Scheduler\FirstView\Results_Jenkins\HTML\IE\HTML\AnalysisGeneral_Properties.css
H:\DADEV\APPLICATION TESTING\Automation Team\Load Testing\Jenkins_Scheduler\FirstView\Results_Jenkins\HTML\IE\HTML\AnalysisLogo.svg
H:\DADEV\APPLICATION TESTING\Automation Team\Load Testing\Jenkins_Scheduler\FirstView\Results_Jenkins\HTML\IE\HTML\AnalysisWord_Properties.css
H:\DADEV\APPLICATION TESTING\Automation Team\Load Testing\Jenkins_Scheduler\FirstView\Results_Jenkins\HTML\IE\HTML\BarIcon.svg
H:\DADEV\APPLICATION TESTING\Automation Team\Load Testing\Jenkins_Scheduler\FirstView\Results_Jenkins\HTML\IE\HTML\bootstrap.css
H:\DADEV\APPLICATION TESTING\Automation Team\Load Testing\Jenkins_Scheduler\FirstView\Results_Jenkins\HTML\IE\HTML\bootstrap.js
H:\DADEV\APPLICATION TESTING\Automation Team\Load Testing\Jenkins_Scheduler\FirstView\Results_Jenkins\HTML\IE\HTML\contents.css
H:\DADEV\APPLICATION TESTING\Automation Team\Load Testing\Jenkins_Scheduler\FirstView\Results_Jenkins\HTML\IE\HTML\contents.html
H:\DADEV\APPLICATION TESTING\Automation Team\Load Testing\Jenkins_Scheduler\FirstView\Results_Jenkins\HTML\IE\HTML\contents.js
H:\DADEV\APPLICATION TESTING\Automation Team\Load Testing\Jenkins_Scheduler\FirstView\Results_Jenkins\HTML\IE\HTML\CSScriptDict.js
H:\DADEV\APPLICATION TESTING\Automation Team\Load Testing\Jenkins_Scheduler\FirstView\Results_Jenkins\HTML\IE\HTML\data.js
H:\DADEV\APPLICATION TESTING\Automation Team\Load Testing\Jenkins_Scheduler\FirstView\Results_Jenkins\HTML\IE\HTML\dataTables.bootstrap4.min.css
H:\DADEV\APPLICATION TESTING\Automation Team\Load Testing\Jenkins_Scheduler\FirstView\Results_Jenkins\HTML\IE\HTML\dataTables.bootstrap4.min.js
H:\DADEV\APPLICATION TESTING\Automation Team\Load Testing\Jenkins_Scheduler\FirstView\Results_Jenkins\HTML\IE\HTML\datatables.css
H:\DADEV\APPLICATION TESTING\Automation Team\Load Testing\Jenkins_Scheduler\FirstView\Results_Jenkins\HTML\IE\HTML\datatables.js
H:\DADEV\APPLICATION TESTING\Automation Team\Load Testing\Jenkins_Scheduler\FirstView\Results_Jenkins\HTML\IE\HTML\dot_trans.gif
H:\DADEV\APPLICATION TESTING\Automation Team\Load Testing\Jenkins_Scheduler\FirstView\Results_Jenkins\HTML\IE\HTML\down.gif
H:\DADEV\APPLICATION TESTING\Automation Team\Load Testing\Jenkins_Scheduler\FirstView\Results_Jenkins\HTML\IE\HTML\down.svg
H:\DADEV\APPLICATION TESTING\Automation Team\Load Testing\Jenkins_Scheduler\FirstView\Results_Jenkins\HTML\IE\HTML\highcharts.js
H:\DADEV\APPLICATION TESTING\Automation Team\Load Testing\Jenkins_Scheduler\FirstView\Results_Jenkins\HTML\IE\HTML\Icons_Calendar.svg
H:\DADEV\APPLICATION TESTING\Automation Team\Load Testing\Jenkins_Scheduler\FirstView\Results_Jenkins\HTML\IE\HTML\Icons_No_SLA.svg
H:\DADEV\APPLICATION TESTING\Automation Team\Load Testing\Jenkins_Scheduler\FirstView\Results_Jenkins\HTML\IE\HTML\Icons_Project.svg
H:\DADEV\APPLICATION TESTING\Automation Team\Load Testing\Jenkins_Scheduler\FirstView\Results_Jenkins\HTML\IE\HTML\Icons_SLA.svg
H:\DADEV\APPLICATION TESTING\Automation Team\Load Testing\Jenkins_Scheduler\FirstView\Results_Jenkins\HTML\IE\HTML\Icons_Test.svg
H:\DADEV\APPLICATION TESTING\Automation Team\Load Testing\Jenkins_Scheduler\FirstView\Results_Jenkins\HTML\IE\HTML\Icons_Time.svg
H:\DADEV\APPLICATION TESTING\Automation Team\Load Testing\Jenkins_Scheduler\FirstView\Results_Jenkins\HTML\IE\HTML\icon_filter.png
H:\DADEV\APPLICATION TESTING\Automation Team\Load Testing\Jenkins_Scheduler\FirstView\Results_Jenkins\HTML\IE\HTML\icon_info.png
H:\DADEV\APPLICATION TESTING\Automation Team\Load Testing\Jenkins_Scheduler\FirstView\Results_Jenkins\HTML\IE\HTML\ic_fail_bg.gif
H:\DADEV\APPLICATION TESTING\Automation Team\Load Testing\Jenkins_Scheduler\FirstView\Results_Jenkins\HTML\IE\HTML\jquery.dataTables.min.js
H:\DADEV\APPLICATION TESTING\Automation Team\Load Testing\Jenkins_Scheduler\FirstView\Results_Jenkins\HTML\IE\HTML\jquery.min.js
H:\DADEV\APPLICATION TESTING\Automation Team\Load Testing\Jenkins_Scheduler\FirstView\Results_Jenkins\HTML\IE\HTML\JSFunctions.js
H:\DADEV\APPLICATION TESTING\Automation Team\Load Testing\Jenkins_Scheduler\FirstView\Results_Jenkins\HTML\IE\HTML\led_error.gif
H:\DADEV\APPLICATION TESTING\Automation Team\Load Testing\Jenkins_Scheduler\FirstView\Results_Jenkins\HTML\IE\HTML\led_no_data.gif
H:\DADEV\APPLICATION TESTING\Automation Team\Load Testing\Jenkins_Scheduler\FirstView\Results_Jenkins\HTML\IE\HTML\led_ok.gif
H:\DADEV\APPLICATION TESTING\Automation Team\Load Testing\Jenkins_Scheduler\FirstView\Results_Jenkins\HTML\IE\HTML\led_warning.gif
H:\DADEV\APPLICATION TESTING\Automation Team\Load Testing\Jenkins_Scheduler\FirstView\Results_Jenkins\HTML\IE\HTML\left.svg
H:\DADEV\APPLICATION TESTING\Automation Team\Load Testing\Jenkins_Scheduler\FirstView\Results_Jenkins\HTML\IE\HTML\LineIcon.svg
H:\DADEV\APPLICATION TESTING\Automation Team\Load Testing\Jenkins_Scheduler\FirstView\Results_Jenkins\HTML\IE\HTML\Metric-Regular.woff
H:\DADEV\APPLICATION TESTING\Automation Team\Load Testing\Jenkins_Scheduler\FirstView\Results_Jenkins\HTML\IE\HTML\PieIcon.svg
H:\DADEV\APPLICATION TESTING\Automation Team\Load Testing\Jenkins_Scheduler\FirstView\Results_Jenkins\HTML\IE\HTML\Properties.css
H:\DADEV\APPLICATION TESTING\Automation Team\Load Testing\Jenkins_Scheduler\FirstView\Results_Jenkins\HTML\IE\HTML\Report0.csv
H:\DADEV\APPLICATION TESTING\Automation Team\Load Testing\Jenkins_Scheduler\FirstView\Results_Jenkins\HTML\IE\HTML\Report0.html
H:\DADEV\APPLICATION TESTING\Automation Team\Load Testing\Jenkins_Scheduler\FirstView\Results_Jenkins\HTML\IE\HTML\Report1.csv
H:\DADEV\APPLICATION TESTING\Automation Team\Load Testing\Jenkins_Scheduler\FirstView\Results_Jenkins\HTML\IE\HTML\Report1.html
H:\DADEV\APPLICATION TESTING\Automation Team\Load Testing\Jenkins_Scheduler\FirstView\Results_Jenkins\HTML\IE\HTML\Report2.csv
H:\DADEV\APPLICATION TESTING\Automation Team\Load Testing\Jenkins_Scheduler\FirstView\Results_Jenkins\HTML\IE\HTML\Report2.html
H:\DADEV\APPLICATION TESTING\Automation Team\Load Testing\Jenkins_Scheduler\FirstView\Results_Jenkins\HTML\IE\HTML\Report3.csv
H:\DADEV\APPLICATION TESTING\Automation Team\Load Testing\Jenkins_Scheduler\FirstView\Results_Jenkins\HTML\IE\HTML\Report3.html
H:\DADEV\APPLICATION TESTING\Automation Team\Load Testing\Jenkins_Scheduler\FirstView\Results_Jenkins\HTML\IE\HTML\Report4.csv
H:\DADEV\APPLICATION TESTING\Automation Team\Load Testing\Jenkins_Scheduler\FirstView\Results_Jenkins\HTML\IE\HTML\Report4.html
H:\DADEV\APPLICATION TESTING\Automation Team\Load Testing\Jenkins_Scheduler\FirstView\Results_Jenkins\HTML\IE\HTML\right.svg
H:\DADEV\APPLICATION TESTING\Automation Team\Load Testing\Jenkins_Scheduler\FirstView\Results_Jenkins\HTML\IE\HTML\Search.svg
H:\DADEV\APPLICATION TESTING\Automation Team\Load Testing\Jenkins_Scheduler\FirstView\Results_Jenkins\HTML\IE\HTML\SLAJScript.js
H:\DADEV\APPLICATION TESTING\Automation Team\Load Testing\Jenkins_Scheduler\FirstView\Results_Jenkins\HTML\IE\HTML\SpinTimeControl.js
H:\DADEV\APPLICATION TESTING\Automation Team\Load Testing\Jenkins_Scheduler\FirstView\Results_Jenkins\HTML\IE\HTML\Status_Failed.svg
H:\DADEV\APPLICATION TESTING\Automation Team\Load Testing\Jenkins_Scheduler\FirstView\Results_Jenkins\HTML\IE\HTML\Status_NoData.svg
H:\DADEV\APPLICATION TESTING\Automation Team\Load Testing\Jenkins_Scheduler\FirstView\Results_Jenkins\HTML\IE\HTML\Status_Success.svg
H:\DADEV\APPLICATION TESTING\Automation Team\Load Testing\Jenkins_Scheduler\FirstView\Results_Jenkins\HTML\IE\HTML\summary.html
H:\DADEV\APPLICATION TESTING\Automation Team\Load Testing\Jenkins_Scheduler\FirstView\Results_Jenkins\HTML\IE\HTML\SummaryIcon.svg
H:\DADEV\APPLICATION TESTING\Automation Team\Load Testing\Jenkins_Scheduler\FirstView\Results_Jenkins\HTML\IE\HTML\summarypage.css
H:\DADEV\APPLICATION TESTING\Automation Team\Load Testing\Jenkins_Scheduler\FirstView\Results_Jenkins\HTML\IE\HTML\summarypage.js
H:\DADEV\APPLICATION TESTING\Automation Team\Load Testing\Jenkins_Scheduler\FirstView\Results_Jenkins\HTML\IE\HTML\summary_icon.png
H:\DADEV\APPLICATION TESTING\Automation Team\Load Testing\Jenkins_Scheduler\FirstView\Results_Jenkins\HTML\IE\HTML\tbic_toexcel.png
H:\DADEV\APPLICATION TESTING\Automation Team\Load Testing\Jenkins_Scheduler\FirstView\Results_Jenkins\HTML\IE\HTML\translation-engine.js
H:\DADEV\APPLICATION TESTING\Automation Team\Load Testing\Jenkins_Scheduler\FirstView\Results_Jenkins\HTML\IE\HTML\translation-nav.js
H:\DADEV\APPLICATION TESTING\Automation Team\Load Testing\Jenkins_Scheduler\FirstView\Results_Jenkins\HTML\IE\HTML\translation-resources-html_de.js
H:\DADEV\APPLICATION TESTING\Automation Team\Load Testing\Jenkins_Scheduler\FirstView\Results_Jenkins\HTML\IE\HTML\translation-resources-html_es.js
H:\DADEV\APPLICATION TESTING\Automation Team\Load Testing\Jenkins_Scheduler\FirstView\Results_Jenkins\HTML\IE\HTML\translation-resources-html_fr.js
H:\DADEV\APPLICATION TESTING\Automation Team\Load Testing\Jenkins_Scheduler\FirstView\Results_Jenkins\HTML\IE\HTML\translation-resources-html_it.js
H:\DADEV\APPLICATION TESTING\Automation Team\Load Testing\Jenkins_Scheduler\FirstView\Results_Jenkins\HTML\IE\HTML\translation-resources-html_ja.js
H:\DADEV\APPLICATION TESTING\Automation Team\Load Testing\Jenkins_Scheduler\FirstView\Results_Jenkins\HTML\IE\HTML\translation-resources-html_ko.js
H:\DADEV\APPLICATION TESTING\Automation Team\Load Testing\Jenkins_Scheduler\FirstView\Results_Jenkins\HTML\IE\HTML\translation-resources-html_ru.js
H:\DADEV\APPLICATION TESTING\Automation Team\Load Testing\Jenkins_Scheduler\FirstView\Results_Jenkins\HTML\IE\HTML\translation-resources-html_zh_CN.js
H:\DADEV\APPLICATION TESTING\Automation Team\Load Testing\Jenkins_Scheduler\FirstView\Results_Jenkins\HTML\IE\HTML\translation-resources.js
H:\DADEV\APPLICATION TESTING\Automation Team\Load Testing\Jenkins_Scheduler\FirstView\Results_Jenkins\HTML\IE\HTML\up.gif
77 File(s) copied
Checking for post-build
Performing post-build step
QUIT
221 2.0.0 Service closing transmission channel
Finished: FAILURE