<?xml version="1.0" encoding="UTF-8"?>
<results>
<error file="TestGenericDisplay.cpp" line="21" id="missingInclude" severity="style" msg="Include file: &quot;Test/Display/TestGenericDisplay.h&quot; not found."/>
<error file="TestGenericDisplay.cpp" line="22" id="missingInclude" severity="style" msg="Include file: &quot;Test/Server/SuperFly.h&quot; not found."/>
<error file="TestGenericDisplay.cpp" line="23" id="missingInclude" severity="style" msg="Include file: &quot;Graphics/DispColors.h&quot; not found."/>
<error file="TestGenericDisplay.cpp" line="24" id="missingInclude" severity="style" msg="Include file: &quot;Graphics/TextureData.h&quot; not found."/>
<error file="TestGenericDisplay.cpp" line="25" id="missingInclude" severity="style" msg="Include file: &quot;Graphics/Decals.h&quot; not found."/>
<error file="TestGenericDisplay.cpp" line="26" id="missingInclude" severity="style" msg="Include file: &quot;InterfaceTest/InterfaceTest.hpp&quot; not found."/>
<error file="TestGenericDisplay.cpp" line="27" id="missingInclude" severity="style" msg="Include file: &quot;Utility/Assert.h&quot; not found."/>
<error file="TestGenericDisplay.cpp" line="28" id="missingInclude" severity="style" msg="Include file: &quot;Utility/FormatCharTesters.h&quot; not found."/>
<error file="TestGenericDisplay.cpp" line="29" id="missingInclude" severity="style" msg="Include file: &quot;Utility/Units.h&quot; not found."/>
<error file="TestGenericDisplay.cpp" line="31" id="missingInclude" severity="style" msg="Include file: &quot;Test/Display/TestRegion.h&quot; not found."/>
<error file="TestGenericDisplay.cpp" line="32" id="missingInclude" severity="style" msg="Include file: &quot;DisplayExec/DisplayModel.h&quot; not found."/>
<error file="TestGenericDisplay.cpp" line="33" id="missingInclude" severity="style" msg="Include file: &quot;Test/Display/TestIndicatorFactory.h&quot; not found."/>
<error file="TestGenericDisplay.cpp" line="35" id="missingInclude" severity="style" msg="Include file: &quot;Test/Display/TestDataMonitor.h&quot; not found."/>
<error file="TestGenericDisplay.cpp" line="38" id="missingInclude" severity="style" msg="Include file: &quot;Test/Display/TestStatusBlock.h&quot; not found."/>
<error file="TestGenericDisplay.cpp" line="1600" id="syntaxError" severity="error" msg="Invalid number of charTestter ({) when these macros are defined: 'TEST;TEST_VM2;TODO_TESTS_REFACTOR'."/>
<error file="TestGenericDisplay.cpp" line="1600" id="syntaxError" severity="error" msg="Invalid number of charTestter ({) when these macros are defined: 'TODO_TESTS_REFACTOR'."/>
</results>
