    <test name="AddTripItemTest-testAddTripItemSharedComponentsSmall1" duration-ms="35496" started-at="2011-02-15T18:00:41Z" finished-at="2011-02-15T18:01:16Z">
      <class name="functionaltests.AddTripItemTest">
        <test-method status="PASS" signature="preTestCase([Ljava.lang.Object;, java.lang.reflect.Method, org.testng.ITestContext)" name="preTestCase" is-config="true" duration-ms="4277" started-at="2011-02-15T18:00:41Z" finished-at="2011-02-15T18:00:45Z">
          <params>
            <param index="0">
              <value>
                <![CDATA[[Ljava.lang.Object;@eb3ae5c]]>
              </value>
            </param>
            <param index="1">
              <value>
                <![CDATA[public void functionaltests.AddTripItemTest.testAddTripItemSharedComponentsSmall(java.lang.String,java.lang.String)]]>
              </value>
            </param>
            <param index="2">
              <value>
                <![CDATA[org.testng.TestRunner@35de7497]]>
              </value>
            </param>
          </params>
        </test-method>
        <test-method status="FAIL" signature="testAddTripItemSharedComponentsSmall(java.lang.String, java.lang.String)" name="testAddTripItemSharedComponentsSmall" duration-ms="30773" started-at="2011-02-15T18:00:45Z" description="Test shared add trip item components by filling out very little" finished-at="2011-02-15T18:01:16Z">
          <params>
            <param index="0">
              <value>
                <![CDATA[addTripItemTest1@fake.com]]>
              </value>
            </param>
            <param index="1">
              <value>
                <![CDATA[Trip]]>
              </value>
            </param>
          </params>
          <exception class="java.lang.AssertionError">
            <message>
              <![CDATA[expected:<Passenger
George Jetson FF#abc123x Ticket #aa2123
Booking Information
Booked on Hotel deals 6/11/2010
Reference #: 211233
http://www.hotels.com
(555) 555-5555
Booking Rate: $17
Total Cost: $1422.12
Not Purchased> but was:<Passengers
George Jetson FF#abc123x Ticket #aa2123
Booking Information
Booked on Hotel deals 6/11/2010
Reference #: 211233
http://www.hotels.com
(555) 555-5555
Booking Rate: $17
Total Cost: $1422.12
Not Purchased>]]>
            </message>
            <full-stacktrace>
              <![CDATA[java.lang.AssertionError: expected:<Passenger
George Jetson FF#abc123x Ticket #aa2123
Booking Information
Booked on Hotel deals 6/11/2010
Reference #: 211233
http://www.hotels.com
(555) 555-5555
Booking Rate: $17
Total Cost: $1422.12
Not Purchased> but was:<Passengers
George Jetson FF#abc123x Ticket #aa2123
Booking Information
Booked on Hotel deals 6/11/2010
Reference #: 211233
http://www.hotels.com
(555) 555-5555
Booking Rate: $17
Total Cost: $1422.12
Not Purchased>
	at org.testng.Assert.fail(Assert.java:89)
	at org.testng.Assert.failNotEquals(Assert.java:480)
	at org.testng.Assert.assertEquals(Assert.java:118)
	at org.testng.Assert.assertEquals(Assert.java:171)
	at org.testng.Assert.assertEquals(Assert.java:181)
	at functionaltests.AddTripItemTest.testAddTripItemSharedComponentsSmall(AddTripItemTest.java:90)
	at sun.reflect.NativeMethodAccessorImpl.invoke0(Native Method)
	at sun.reflect.NativeMethodAccessorImpl.invoke(NativeMethodAccessorImpl.java:39)
	at sun.reflect.DelegatingMethodAccessorImpl.invoke(DelegatingMethodAccessorImpl.java:25)
	at java.lang.reflect.Method.invoke(Method.java:597)
	at org.testng.internal.MethodHelper.invokeMethod(MethodHelper.java:641)
	at org.testng.internal.InvokeMethodRunnable.runOne(InvokeMethodRunnable.java:49)
	at org.testng.internal.InvokeMethodRunnable.run(InvokeMethodRunnable.java:40)
	at java.util.concurrent.Executors$RunnableAdapter.call(Executors.java:441)
	at java.util.concurrent.FutureTask$Sync.innerRun(FutureTask.java:303)
	at java.util.concurrent.FutureTask.run(FutureTask.java:138)
	at java.util.concurrent.ThreadPoolExecutor$Worker.runTask(ThreadPoolExecutor.java:886)
	at java.util.concurrent.ThreadPoolExecutor$Worker.run(ThreadPoolExecutor.java:908)
	at java.lang.Thread.run(Thread.java:619)
]]>
            </full-stacktrace>
          </exception>
        </test-method>
        <test-method status="PASS" signature="postTestCase(org.testng.ITestResult)" name="postTestCase" is-config="true" duration-ms="444" started-at="2011-02-15T18:01:16Z" finished-at="2011-02-15T18:01:16Z">
          <params>
            <param index="0">
              <value>
                <![CDATA[[TestResult: testAddTripItemSharedComponentsSmall STATUS:FAILURE METHOD:functionaltests.AddTripItemTest.testAddTripItemSharedComponentsSmall(java.lang.String, java.lang.String)]
]]>
              </value>
            </param>
          </params>
        </test-method>
      </class>
    </test>
