Started by user [8mha:////4ATMXbT4gMckwEFbxyGuOXvTkQT6GjZJIG4cfIBxE0lNAAAAmh+LCAAAAAAAAP9b85aBtbiIQTGjNKU4P08vOT+vOD8nVc83PyU1x6OyILUoJzMv2y+/JJUBAhiZGBgqihhk0NSjKDWzXb3RdlLBUSYGJk8GtpzUvPSSDB8G5tKinBIGIZ+sxLJE/ZzEvHT94JKizLx0a6BxUmjGOUNodHsLgAzuEgY+/dLi1CL9oszijMSkjHIAPGwNlsMAAAA=[0mUserXXXX
Running as SYSTEM
Building remotely on [8mha:////4Boa/P8TAGeavqW4ahqulJOhDlQmovZic8Hi0R0FPilQAAAAox+LCAAAAAAAAP9b85aBtbiIQTGjNKU4P08vOT+vOD8nVc83PyU1x6OyILUoJzMv2y+/JJUBAhiZGBgqihhk0NSjKDWzXb3RdlLBUSYGJk8GtpzUvPSSDB8G5tKinBIGIZ+sxLJE/ZzEvHT94JKizLx0a6BxUmjGOUNodHsLgAzeEgZx/eT83ILSktQifcfcgsz8vHifxKR4AzMAWu1rg8wAAAA=[0mXXXXXXX_Lab_06 in workspace C:\Jenkins\workspace\Performance_Test_Demo_Loadrunner_InfluxDB_Grafana
[Performance_Test_Demo_Loadrunner_InfluxDB_Grafana] $ sh -xe C:\Users\UserXXXX\jenkins6939124378360748027.sh
+ set
ALLUSERSPROFILE='C:\ProgramData'
ANALYSIS_PATH='C:\Program Files (x86)\Micro Focus\LoadRunner\'
APPDATA='C:\Users\UserXXXX\AppData\Roaming'
BASH=/usr/bin/sh
BASHOPTS=cmdhist:complete_fullquote:extquote:force_fignore:hostcomplete:interactive_comments:progcomp:promptvars:sourcepath
BASH_ALIASES=()
BASH_ARGC=()
BASH_ARGV=()
BASH_CMDS=()
BASH_LINENO=([0]="0")
BASH_SOURCE=([0]="C:\\Users\\UserXXXX\\jenkins6939124378360748027.sh")
BASH_VERSINFO=([0]="4" [1]="4" [2]="12" [3]="3" [4]="release" [5]="x86_64-unknown-cygwin")
BASH_VERSION='4.4.12(3)-release'
BUILD_DISPLAY_NAME='#20'
BUILD_ID=20
BUILD_NUMBER=20
BUILD_TAG=jenkins-Performance_Test_Demo_Loadrunner_InfluxDB_Grafana-20
BUILD_TIMESTAMP='2021-03-02 12:55:38.780'
BUILD_URL=http://localhost:8080/job/Performance_Test_Demo_Loadrunner_InfluxDB_Grafana/20/
CLIENTNAME=DESKTOP-0HME2AH
COMMONPROGRAMFILES='C:\Program Files\Common Files'
COMPUTERNAME=HostName
COMSPEC='C:\Windows\system32\cmd.exe'
CommonProgramW6432='C:\Program Files\Common Files'
DEVWEB_DATA_PATH='C:\ProgramData\Micro Focus\LoadRunner\DevWeb'
DEVWEB_PATH='C:\Program Files (x86)\Micro Focus\LoadRunner\bin\DevWeb'
DIRSTACK=()
EUID=197623
EXECUTOR_NUMBER=1
GROUPS=()
HOME=/home/UserXXXX
HOMEDRIVE=C:
HOMEPATH='\cygwin64\home\UserXXXX'
HOSTNAME=HostName
HOSTTYPE=x86_64
HUDSON_COOKIE=dfd805e6-266c-4fb8-8500-8978d8b5b7e9
HUDSON_HOME='C:\Program Files (x86)\Jenkins'
HUDSON_SERVER_COOKIE=f0b2d9a94213cea5
HUDSON_URL=http://localhost:8080/
IFS=' 	
'
JAVA_HOME='C:\Program Files\Java\jdk1.8.0_281'
JENKINS_HOME='C:\Program Files (x86)\Jenkins'
JENKINS_SERVER_COOKIE=f0b2d9a94213cea5
JENKINS_URL=http://localhost:8080/
JOB_BASE_NAME=Performance_Test_Demo_Loadrunner_InfluxDB_Grafana
JOB_DISPLAY_URL=http://localhost:8080/job/Performance_Test_Demo_Loadrunner_InfluxDB_Grafana/display/redirect
JOB_NAME=Performance_Test_Demo_Loadrunner_InfluxDB_Grafana
JOB_URL=http://localhost:8080/job/Performance_Test_Demo_Loadrunner_InfluxDB_Grafana/
LG_PATH='C:\Program Files (x86)\Micro Focus\LoadRunner\'
LOCALAPPDATA='C:\Users\UserXXXX\AppData\Local'
LOGNAME=UserXXXX
LOGONSERVER='\\HostName'
LR_PATH='C:\Program Files (x86)\Micro Focus\LoadRunner\'
MACHTYPE=x86_64-unknown-cygwin
MAIL=/var/spool/mail//UserXXXX
NODE_LABELS=XXXXXXX_Lab_06
NODE_NAME=XXXXXXX_Lab_06
NUMBER_OF_PROCESSORS=4
OLDPWD=/home/UserXXXX
OPTERR=1
OPTIND=1
OS=Windows_NT
OSTYPE=cygwin
PATH='/cygdrive/c/Program Files/Java/jdk1.8.0_281/bin:/usr/bin:/cygdrive/c/Program Files (x86)/Common Files/Oracle/Java/javapath:/cygdrive/c/Windows/system32:/cygdrive/c/Windows:/cygdrive/c/Windows/System32/Wbem:/cygdrive/c/Windows/System32/WindowsPowerShell/v1.0:/cygdrive/c/Program Files/Amazon/cfn-bootstrap:/cygdrive/c/Program Files (x86)/Micro Focus/LoadRunner/bin/Silk/Silk Performer 21.0:/cygdrive/c/Windows/system32/config/systemprofile/AppData/Local/Microsoft/WindowsApps:/cygdrive/c/Users/UserXXXX/AppData/Local/Microsoft/WindowsApps:/cygdrive/c/Program Files (x86)/Micro Focus/LoadRunner/bin:/cygdrive/c/Users/UserXXXX/AppData/Local/Microsoft/WindowsApps:/cygdrive/c/Program Files (x86)/Micro Focus/LoadRunner/bin'
PATHEXT='.COM;.EXE;.BAT;.CMD;.VBS;.VBE;.JS;.JSE;.WSF;.WSH;.MSC'
POSIXLY_CORRECT=y
PPID=1
PROCESSOR_ARCHITECTURE=AMD64
PROCESSOR_IDENTIFIER='Intel64 Family 6 Model 63 Stepping 2, GenuineIntel'
PROCESSOR_LEVEL=6
PROCESSOR_REVISION=3f02
PROGRAMFILES='C:\Program Files'
PS4='+ '
PSModulePath='C:\Program Files\WindowsPowerShell\Modules;C:\Windows\system32\WindowsPowerShell\v1.0\Modules;C:\Program Files (x86)\AWS Tools\PowerShell\'
PUBLIC='C:\Users\Public'
PWD=/cygdrive/c/Jenkins/workspace/Performance_Test_Demo_Loadrunner_InfluxDB_Grafana
ProgramData='C:\ProgramData'
ProgramW6432='C:\Program Files'
RUN_ARTIFACTS_DISPLAY_URL='http://localhost:8080/job/Performance_Test_Demo_Loadrunner_InfluxDB_Grafana/20/display/redirect?page=artifacts'
RUN_CHANGES_DISPLAY_URL='http://localhost:8080/job/Performance_Test_Demo_Loadrunner_InfluxDB_Grafana/20/display/redirect?page=changes'
RUN_DISPLAY_URL=http://localhost:8080/job/Performance_Test_Demo_Loadrunner_InfluxDB_Grafana/20/display/redirect
RUN_TESTS_DISPLAY_URL='http://localhost:8080/job/Performance_Test_Demo_Loadrunner_InfluxDB_Grafana/20/display/redirect?page=tests'
SHELL=/bin/bash
SHELLOPTS=braceexpand:errexit:hashall:interactive-comments:posix:xtrace
SHLVL=2
SSH_CLIENT='localhost 41606 22'
SSH_CONNECTION='localhost 41606 192.200.100.138 22'
SYSTEMDRIVE=C:
SYSTEMROOT='C:\Windows'
TEMP=/cygdrive/c/Users/UserXXXX/AppData/Local/Temp/6
TERM=cygwin
TMP=/cygdrive/c/Users/UserXXXX/AppData/Local/Temp/6
UID=197623
USER=UserXXXX
USERDOMAIN=HostName
USERDOMAIN_ROAMINGPROFILE=HostName
USERNAME=UserXXXX
USERPROFILE='C:\Users\UserXXXX'
VUGEN_PATH='C:\Program Files (x86)\Micro Focus\LoadRunner\'
WINDIR='C:\Windows'
WORKSPACE='C:\Jenkins\workspace\Performance_Test_Demo_Loadrunner_InfluxDB_Grafana'
WORKSPACE_TMP='C:\Jenkins\workspace\Performance_Test_Demo_Loadrunner_InfluxDB_Grafana@tmp'
_='C:\Program Files\Java\jdk1.8.0_281/bin/java'
[Performance_Test_Demo_Loadrunner_InfluxDB_Grafana] $ C:\Jenkins\workspace\Performance_Test_Demo_Loadrunner_InfluxDB_Grafana\HpToolsLauncher.exe -paramfile props02032021125538849.txt
"Started..."
Run build tests
Launcher timeout is 10675199::02:48:05
Controller Polling Interval: 30 seconds
PerScenarioTimeout: 00::10:00:00 minutes
FileSystemTestRunner timeout is 10675199.02:48:05.4775807
UFT Mobile connection info is - UFT Mobile HostAddress: , Port: 8080, Username: , TenantId: , UseSSL: 0, UseProxy: 0, ProxyType: 0, ProxyAddress: , ProxyPort: 0, ProxyAuth: 0, ProxyUser: 
1 tests found:
C:\XXXXXXX_Workspace\Scenario\LR_IDB_Demo.lrs
============================================================================
02/03/2021 12:55:39 Running: C:\XXXXXXX_Workspace\Scenario\LR_IDB_Demo.lrs
C:\XXXXXXX_Workspace\Scenario\LR_IDB_Demo.lrs
Cleaning up the environment...
Preparing scenario C:\XXXXXXX_Workspace\Scenario\LR_IDB_Demo.lrs for execution.
Test result: Error
02/03/2021 12:55:42 Test complete: C:\XXXXXXX_Workspace\Scenario\LR_IDB_Demo.lrs
-------------------------------------------------------------------------------------------------------
Error: 		 Cannot close Controller gracefully, exception details:
Error: 
Error:    at System.RuntimeType.ForwardCallToInvokeMember(String memberName, BindingFlags flags, Object target, Int32[] aWrapperTypes, MessageData& msgData)
   at HP.LoadRunner.Interop.Wlrun.LrEngineClass.CloseController()
   at HpToolsLauncher.TestRunners.PerformanceTestRunner.closeController()
Error: killing Controller process
Cleaning up the environment...
wlrun killed
Cleaning up the environment...
================================================
Run status: Job failed, total tests: 1, succeeded: 0, failures: 0, errors: 1, warnings: 0
Error  : C:\XXXXXXX_Workspace\Scenario\LR_IDB_Demo.lrs[1]
================================================
Build step 'Execute Micro Focus tests from file system' changed build result to FAILURE
Recording test results
[Checks API] No suitable checks publisher found.
Report archiving mode is set to: ONLY_ARCHIVE_FAILED_TESTS_REPORT
Finished: FAILURE
