<?xml version="1.0" encoding="utf-8" standalone="no"?>
<!--This file represents the results of running a test suite-->
<test-results name="D:\users\user\Documents\Visual Studio 2010\Projects\NUnit.Plugin.Sample\NUnit.Plugin.Sample\bin\Debug\NUnit.Plugin.Sample.dll" total="9" errors="0" failures="0" not-run="0" inconclusive="0" ignored="0" skipped="0" invalid="0" date="2013-10-17" time="10:35:59">
  <environment nunit-version="2.6.3.13283" clr-version="2.0.50727.5472" os-version="Microsoft Windows NT 6.1.7601 Service Pack 1" platform="Win32NT" cwd="D:\users\user\Documents\Visual Studio 2010\Projects\NUnit.Plugin.Sample\NUnit.Plugin.Sample\bin\Debug" machine-name="machine" user="user" user-domain="DOMAIN" />
  <culture-info current-culture="en-CA" current-uiculture="en-US" />
  <test-suite type="Assembly" name="D:\users\user\Documents\Visual Studio 2010\Projects\NUnit.Plugin.Sample\NUnit.Plugin.Sample\bin\Debug\NUnit.Plugin.Sample.dll" executed="True" result="Success" success="True" time="0.080" asserts="0">
    <results>
      <test-suite type="Namespace" name="NUnit" executed="True" result="Success" success="True" time="0.060" asserts="0">
        <results>
          <test-suite type="Namespace" name="Plugin" executed="True" result="Success" success="True" time="0.060" asserts="0">
            <results>
              <test-suite type="Namespace" name="Sample" executed="True" result="Success" success="True" time="0.059" asserts="0">
                <results>
                  <test-suite type="TestFixture" name="SampleTests" executed="True" result="Success" success="True" time="0.057" asserts="0">
                    <results>
                      <test-suite type="ParameterizedTest" name="ParameterizedTestDefaultName" executed="True" result="Success" success="True" time="0.035" asserts="0">
                        <results>
                          <test-case name="NUnit.Plugin.Sample.SampleTests.ParameterizedTestDefaultName(True)" executed="True" result="Success" success="True" time="0.021" asserts="0" />
                          <test-case name="NUnit.Plugin.Sample.SampleTests.ParameterizedTestDefaultName(False)" executed="True" result="Success" success="True" time="0.000" asserts="0" />
                        </results>
                      </test-suite>
                      <test-case name="NUnit.Plugin.Sample.SampleTests.SimpleTest" executed="True" result="Success" success="True" time="0.000" asserts="0" />
                    </results>
                  </test-suite>
                </results>
              </test-suite>
            </results>
          </test-suite>
        </results>
      </test-suite>
    </results>
  </test-suite>
</test-results>
