# JRE version: OpenJDK Runtime Environment (8.0_111-b15) (build 1.8.0_111-b15)
# Java VM: OpenJDK 64-Bit Server VM (25.111-b15 mixed mode linux-amd64 compressed oops)
Heap:
 PSYoungGen      total 130048K, used 20953K [0x000000076d400000, 0x000000077b480000, 0x00000007c0000000)
  eden space 123904K, 16% used [0x000000076d400000,0x000000076e7f6648,0x0000000774d00000)
  from space 6144K, 8% used [0x000000077a880000,0x000000077a900000,0x000000077ae80000)
  to   space 6144K, 0% used [0x000000077ae80000,0x000000077ae80000,0x000000077b480000)
 ParOldGen       total 344064K, used 242019K [0x00000006c7c00000, 0x00000006dcc00000, 0x000000076d400000)
  object space 344064K, 70% used [0x00000006c7c00000,0x00000006d6858d48,0x00000006dcc00000)
 Metaspace       used 147255K, capacity 172846K, committed 181632K, reserved 1204224K
  class space    used 17303K, capacity 23798K, committed 25984K, reserved 1048576K
GC Heap History (10 events):
Event: 179685.869 GC heap before
{Heap before GC invocations=10672 (full 170):
 PSYoungGen      total 142848K, used 142736K [0x000000076d400000, 0x000000077be00000, 0x00000007c0000000)
  eden space 139264K, 100% used [0x000000076d400000,0x0000000775c00000,0x0000000775c00000)
  from space 3584K, 96% used [0x000000077ba80000,0x000000077bde4070,0x000000077be00000)
  to   space 4096K, 0% used [0x000000077b600000,0x000000077b600000,0x000000077ba00000)
 ParOldGen       total 344064K, used 230907K [0x00000006c7c00000, 0x00000006dcc00000, 0x000000076d400000)
  object space 344064K, 67% used [0x00000006c7c00000,0x00000006d5d7ed58,0x00000006dcc00000)
 Metaspace       used 147127K, capacity 172634K, committed 181632K, reserved 1204224K
  class space    used 17285K, capacity 23748K, committed 25984K, reserved 1048576K
Event: 179685.887 GC heap after
Heap after GC invocations=10672 (full 170):
 PSYoungGen      total 139776K, used 3456K [0x000000076d400000, 0x000000077bb00000, 0x00000007c0000000)
  eden space 136192K, 0% used [0x000000076d400000,0x000000076d400000,0x0000000775900000)
  from space 3584K, 96% used [0x000000077b600000,0x000000077b960010,0x000000077b980000)
  to   space 1536K, 0% used [0x000000077b980000,0x000000077b980000,0x000000077bb00000)
 ParOldGen       total 344064K, used 233171K [0x00000006c7c00000, 0x00000006dcc00000, 0x000000076d400000)
  object space 344064K, 67% used [0x00000006c7c00000,0x00000006d5fb4d98,0x00000006dcc00000)
 Metaspace       used 147127K, capacity 172634K, committed 181632K, reserved 1204224K
  class space    used 17285K, capacity 23748K, committed 25984K, reserved 1048576K
}
Event: 179688.004 GC heap before
{Heap before GC invocations=10673 (full 170):
 PSYoungGen      total 139776K, used 139648K [0x000000076d400000, 0x000000077bb00000, 0x00000007c0000000)
  eden space 136192K, 100% used [0x000000076d400000,0x0000000775900000,0x0000000775900000)
  from space 3584K, 96% used [0x000000077b600000,0x000000077b960010,0x000000077b980000)
  to   space 1536K, 0% used [0x000000077b980000,0x000000077b980000,0x000000077bb00000)
 ParOldGen       total 344064K, used 233171K [0x00000006c7c00000, 0x00000006dcc00000, 0x000000076d400000)
  object space 344064K, 67% used [0x00000006c7c00000,0x00000006d5fb4d98,0x00000006dcc00000)
 Metaspace       used 147255K, capacity 172846K, committed 181632K, reserved 1204224K
  class space    used 17303K, capacity 23798K, committed 25984K, reserved 1048576K
Event: 179688.015 GC heap after
Heap after GC invocations=10673 (full 170):
 PSYoungGen      total 134656K, used 1525K [0x000000076d400000, 0x000000077bb00000, 0x00000007c0000000)
  eden space 133120K, 0% used [0x000000076d400000,0x000000076d400000,0x0000000775600000)
  from space 1536K, 99% used [0x000000077b980000,0x000000077bafd690,0x000000077bb00000)
  to   space 6144K, 0% used [0x000000077af00000,0x000000077af00000,0x000000077b500000)
 ParOldGen       total 344064K, used 238802K [0x00000006c7c00000, 0x00000006dcc00000, 0x000000076d400000)
  object space 344064K, 69% used [0x00000006c7c00000,0x00000006d65348a0,0x00000006dcc00000)
 Metaspace       used 147255K, capacity 172846K, committed 181632K, reserved 1204224K
  class space    used 17303K, capacity 23798K, committed 25984K, reserved 1048576K
}
Event: 179689.135 GC heap before
{Heap before GC invocations=10674 (full 170):
 PSYoungGen      total 134656K, used 134645K [0x000000076d400000, 0x000000077bb00000, 0x00000007c0000000)
  eden space 133120K, 100% used [0x000000076d400000,0x0000000775600000,0x0000000775600000)
  from space 1536K, 99% used [0x000000077b980000,0x000000077bafd690,0x000000077bb00000)
  to   space 6144K, 0% used [0x000000077af00000,0x000000077af00000,0x000000077b500000)
 ParOldGen       total 344064K, used 238802K [0x00000006c7c00000, 0x00000006dcc00000, 0x000000076d400000)
  object space 344064K, 69% used [0x00000006c7c00000,0x00000006d65348a0,0x00000006dcc00000)
 Metaspace       used 147255K, capacity 172846K, committed 181632K, reserved 1204224K
  class space    used 17303K, capacity 23798K, committed 25984K, reserved 1048576K
Event: 179689.144 GC heap after
Heap after GC invocations=10674 (full 170):
 PSYoungGen      total 131072K, used 896K [0x000000076d400000, 0x000000077ba00000, 0x00000007c0000000)
  eden space 130048K, 0% used [0x000000076d400000,0x000000076d400000,0x0000000775300000)
  from space 1024K, 87% used [0x000000077af00000,0x000000077afe0000,0x000000077b000000)
  to   space 6144K, 0% used [0x000000077b400000,0x000000077b400000,0x000000077ba00000)
 ParOldGen       total 344064K, used 240471K [0x00000006c7c00000, 0x00000006dcc00000, 0x000000076d400000)
  object space 344064K, 69% used [0x00000006c7c00000,0x00000006d66d5d38,0x00000006dcc00000)
 Metaspace       used 147255K, capacity 172846K, committed 181632K, reserved 1204224K
  class space    used 17303K, capacity 23798K, committed 25984K, reserved 1048576K
}
Event: 179690.246 GC heap before
{Heap before GC invocations=10675 (full 170):
 PSYoungGen      total 131072K, used 130944K [0x000000076d400000, 0x000000077ba00000, 0x00000007c0000000)
  eden space 130048K, 100% used [0x000000076d400000,0x0000000775300000,0x0000000775300000)
  from space 1024K, 87% used [0x000000077af00000,0x000000077afe0000,0x000000077b000000)
  to   space 6144K, 0% used [0x000000077b400000,0x000000077b400000,0x000000077ba00000)
 ParOldGen       total 344064K, used 240471K [0x00000006c7c00000, 0x00000006dcc00000, 0x000000076d400000)
  object space 344064K, 69% used [0x00000006c7c00000,0x00000006d66d5d38,0x00000006dcc00000)
 Metaspace       used 147255K, capacity 172846K, committed 181632K, reserved 1204224K
  class space    used 17303K, capacity 23798K, committed 25984K, reserved 1048576K
Event: 179690.255 GC heap after
Heap after GC invocations=10675 (full 170):
 PSYoungGen      total 127488K, used 512K [0x000000076d400000, 0x000000077b480000, 0x00000007c0000000)
  eden space 126976K, 0% used [0x000000076d400000,0x000000076d400000,0x0000000775000000)
  from space 512K, 100% used [0x000000077b400000,0x000000077b480000,0x000000077b480000)
  to   space 6144K, 0% used [0x000000077a880000,0x000000077a880000,0x000000077ae80000)
 ParOldGen       total 344064K, used 241455K [0x00000006c7c00000, 0x00000006dcc00000, 0x000000076d400000)
  object space 344064K, 70% used [0x00000006c7c00000,0x00000006d67cbd38,0x00000006dcc00000)
 Metaspace       used 147255K, capacity 172846K, committed 181632K, reserved 1204224K
  class space    used 17303K, capacity 23798K, committed 25984K, reserved 1048576K
}
Event: 179691.414 GC heap before
{Heap before GC invocations=10676 (full 170):
 PSYoungGen      total 127488K, used 127488K [0x000000076d400000, 0x000000077b480000, 0x00000007c0000000)
  eden space 126976K, 100% used [0x000000076d400000,0x0000000775000000,0x0000000775000000)
  from space 512K, 100% used [0x000000077b400000,0x000000077b480000,0x000000077b480000)
  to   space 6144K, 0% used [0x000000077a880000,0x000000077a880000,0x000000077ae80000)
 ParOldGen       total 344064K, used 241455K [0x00000006c7c00000, 0x00000006dcc00000, 0x000000076d400000)
  object space 344064K, 70% used [0x00000006c7c00000,0x00000006d67cbd38,0x00000006dcc00000)
 Metaspace       used 147255K, capacity 172846K, committed 181632K, reserved 1204224K
  class space    used 17303K, capacity 23798K, committed 25984K, reserved 1048576K
Event: 179691.424 GC heap after
Heap after GC invocations=10676 (full 170):
 PSYoungGen      total 130048K, used 512K [0x000000076d400000, 0x000000077b480000, 0x00000007c0000000)
  eden space 123904K, 0% used [0x000000076d400000,0x000000076d400000,0x0000000774d00000)
  from space 6144K, 8% used [0x000000077a880000,0x000000077a900000,0x000000077ae80000)
  to   space 6144K, 0% used [0x000000077ae80000,0x000000077ae80000,0x000000077b480000)
 ParOldGen       total 344064K, used 242019K [0x00000006c7c00000, 0x00000006dcc00000, 0x000000076d400000)
  object space 344064K, 70% used [0x00000006c7c00000,0x00000006d6858d48,0x00000006dcc00000)
 Metaspace       used 147255K, capacity 172846K, committed 181632K, reserved 1204224K
  class space    used 17303K, capacity 23798K, committed 25984K, reserved 1048576K
}

