<?xml version="1.0" encoding="UTF-8" standalone="no"?>
<!--This file represents the results of running a test suite-->
<test-results name="" total="0" errors="0" failures="0" not-run="0" inconclusive="0" ignored="0" skipped="0" invalid="0" date="2018-04-05" time="18:31:57">
  <environment nunit-version="3.6.0.0" clr-version="4.0.30319.42000" os-version="Microsoft Windows NT 6.1.7601 Service Pack 1" platform="Win32NT" cwd="E:\Eee\binTests\AcceptanceTests" machine-name="TEST" user="test" user-domain="TEST"/>
  <culture-info current-culture="en-US" current-uiculture="en-US"/>
  <test-suite type="Assembly" name="" executed="True" result="Error" success="False" time="0.001" asserts="0">
    <failure>
      <message><![CDATA[System.Net.Sockets.SocketException : An existing connection was forcibly closed by the remote host]]></message>
      <stack-trace><![CDATA[--SocketException

Server stack trace: 
   at System.Net.Sockets.Socket.Receive(Byte[] buffer, Int32 offset, Int32 size, SocketFlags socketFlags)
   at System.Runtime.Remoting.Channels.SocketStream.Read(Byte[] buffer, Int32 offset, Int32 size)
   at System.Runtime.Remoting.Channels.SocketHandler.ReadFromSocket(Byte[] buffer, Int32 offset, Int32 count)
   at System.Runtime.Remoting.Channels.SocketHandler.Read(Byte[] buffer, Int32 offset, Int32 count)
   at System.Runtime.Remoting.Channels.SocketHandler.ReadAndMatchFourBytes(Byte[] buffer)
   at System.Runtime.Remoting.Channels.Tcp.TcpSocketHandler.ReadAndMatchPreamble()
   at System.Runtime.Remoting.Channels.Tcp.TcpSocketHandler.ReadVersionAndOperation(UInt16& operation)
   at System.Runtime.Remoting.Channels.Tcp.TcpClientSocketHandler.ReadHeaders()
   at System.Runtime.Remoting.Channels.Tcp.TcpClientTransportSink.ProcessMessage(IMessage msg, ITransportHeaders requestHeaders, Stream requestStream, ITransportHeaders& responseHeaders, Stream& responseStream)
   at System.Runtime.Remoting.Channels.BinaryClientFormatterSink.SyncProcessMessage(IMessage msg)

Exception rethrown at [0]: 
   at System.Runtime.Remoting.Proxies.RealProxy.HandleReturnMessage(IMessage reqMsg, IMessage retMsg)
   at System.Runtime.Remoting.Proxies.RealProxy.PrivateInvoke(MessageData& msgData, Int32 type)
   at NUnit.Engine.ITestEngineRunner.Run(ITestEventListener listener, TestFilter filter)
   at NUnit.Engine.Runners.ProcessRunner.RunTests(ITestEventListener listener, TestFilter filter)]]></stack-trace>
    </failure>
    <results/>
  </test-suite>
</test-results>