Nov 21, 2023 12:20:22 PM INFO hudson.WebAppMain contextInitialized
Jenkins home directory: /var/lib/jenkins found at: EnvVars.masterEnvVars.get("JENKINS_HOME")
Nov 21, 2023 12:20:22 PM INFO org.eclipse.jetty.server.handler.ContextHandler doStart
Started w.@74f7d1d2{Jenkins v2.426.1,/,file:///var/cache/jenkins/war/,AVAILABLE}{/var/cache/jenkins/war}
Nov 21, 2023 12:20:22 PM INFO org.eclipse.jetty.server.AbstractConnector doStart
Started ServerConnector@49c43f4e{HTTP/1.1, (http/1.1)}{0.0.0.0:8080}
Nov 21, 2023 12:20:22 PM INFO org.eclipse.jetty.server.Server doStart
Started Server@6591f517{STARTING}[10.0.17,sto=0] @1502ms
Nov 21, 2023 12:20:22 PM INFO winstone.Logger logInternal
Winstone Servlet Engine running: controlPort=disabled
Nov 21, 2023 12:20:22 PM INFO hudson.ClassicPluginStrategy createPluginWrapper
Plugin ansicolor.jpi is disabled
Nov 21, 2023 12:20:22 PM INFO jenkins.InitReactorRunner$1 onAttained
Started initialization
Nov 21, 2023 12:20:22 PM INFO jenkins.InitReactorRunner$1 onAttained
Listed all plugins
Nov 21, 2023 12:20:27 PM WARNING hudson.ExtensionFinder$GuiceFinder$SezpozModule configure
Failed to load org.jvnet.hudson.test.BuildWatcher$Listener
java.lang.ClassNotFoundException: org.junit.rules.ExternalResource
	at java.base/java.net.URLClassLoader.findClass(URLClassLoader.java:445)
	at jenkins.util.URLClassLoader2.findClass(URLClassLoader2.java:35)
	at java.base/java.lang.ClassLoader.loadClass(ClassLoader.java:592)
	at java.base/java.lang.ClassLoader.loadClass(ClassLoader.java:525)
Caused: java.lang.NoClassDefFoundError: org/junit/rules/ExternalResource
	at java.base/java.lang.ClassLoader.defineClass1(Native Method)
	at java.base/java.lang.ClassLoader.defineClass(ClassLoader.java:1017)
	at java.base/java.security.SecureClassLoader.defineClass(SecureClassLoader.java:150)
	at java.base/java.net.URLClassLoader.defineClass(URLClassLoader.java:524)
	at java.base/java.net.URLClassLoader$1.run(URLClassLoader.java:427)
	at java.base/java.net.URLClassLoader$1.run(URLClassLoader.java:421)
	at java.base/java.security.AccessController.doPrivileged(AccessController.java:712)
	at java.base/java.net.URLClassLoader.findClass(URLClassLoader.java:420)
	at jenkins.util.URLClassLoader2.findClass(URLClassLoader2.java:35)
	at java.base/java.lang.ClassLoader.loadClass(ClassLoader.java:592)
	at java.base/java.lang.ClassLoader.loadClass(ClassLoader.java:525)
	at java.base/java.lang.Class.getDeclaringClass0(Native Method)
	at java.base/java.lang.Class.isMemberClass(Class.java:1780)
	at java.base/sun.reflect.annotation.TypeAnnotationParser.buildAnnotatedTypes(TypeAnnotationParser.java:134)
	at java.base/java.lang.reflect.Executable.getAnnotatedParameterTypes(Executable.java:749)
	at hudson.ExtensionFinder$GuiceFinder$SezpozModule.resolve(ExtensionFinder.java:525)
	at hudson.ExtensionFinder$GuiceFinder$SezpozModule.resolve(ExtensionFinder.java:488)
	at hudson.ExtensionFinder$GuiceFinder$SezpozModule.configure(ExtensionFinder.java:573)
	at com.google.inject.AbstractModule.configure(AbstractModule.java:64)
	at com.google.inject.spi.Elements$RecordingBinder.install(Elements.java:426)
	at com.google.inject.spi.Elements.getElements(Elements.java:113)
	at com.google.inject.internal.InjectorShell$Builder.build(InjectorShell.java:160)
	at com.google.inject.internal.InternalInjectorCreator.build(InternalInjectorCreator.java:107)
	at com.google.inject.Guice.createInjector(Guice.java:87)
	at com.google.inject.Guice.createInjector(Guice.java:69)
	at hudson.ExtensionFinder$GuiceFinder.<init>(ExtensionFinder.java:282)
	at java.base/jdk.internal.reflect.NativeConstructorAccessorImpl.newInstance0(Native Method)
	at java.base/jdk.internal.reflect.NativeConstructorAccessorImpl.newInstance(NativeConstructorAccessorImpl.java:77)
	at java.base/jdk.internal.reflect.DelegatingConstructorAccessorImpl.newInstance(DelegatingConstructorAccessorImpl.java:45)
	at java.base/java.lang.reflect.Constructor.newInstanceWithCaller(Constructor.java:499)
	at java.base/java.lang.reflect.ReflectAccess.newInstance(ReflectAccess.java:128)
	at java.base/jdk.internal.reflect.ReflectionFactory.newInstance(ReflectionFactory.java:347)
	at java.base/java.lang.Class.newInstance(Class.java:645)
	at net.java.sezpoz.IndexItem.instance(IndexItem.java:181)
	at hudson.ExtensionFinder$Sezpoz._find(ExtensionFinder.java:748)
	at hudson.ExtensionFinder$Sezpoz.find(ExtensionFinder.java:734)
	at hudson.ClassicPluginStrategy.findComponents(ClassicPluginStrategy.java:344)
	at hudson.ExtensionList.load(ExtensionList.java:384)
	at hudson.ExtensionList.ensureLoaded(ExtensionList.java:320)
	at hudson.ExtensionList.getComponents(ExtensionList.java:184)
	at jenkins.model.Jenkins$6.onInitMilestoneAttained(Jenkins.java:1202)
	at jenkins.InitReactorRunner$1.onAttained(InitReactorRunner.java:88)
	at org.jvnet.hudson.reactor.ReactorListener$Aggregator.lambda$onAttained$3(ReactorListener.java:108)
	at org.jvnet.hudson.reactor.ReactorListener$Aggregator.run(ReactorListener.java:116)
	at org.jvnet.hudson.reactor.ReactorListener$Aggregator.onAttained(ReactorListener.java:108)
	at org.jvnet.hudson.reactor.Reactor$1.run(Reactor.java:182)
	at org.jvnet.hudson.reactor.Reactor$Node.run(Reactor.java:120)
	at jenkins.security.ImpersonatingExecutorService$1.run(ImpersonatingExecutorService.java:68)
	at java.base/java.util.concurrent.ThreadPoolExecutor.runWorker(ThreadPoolExecutor.java:1136)
	at java.base/java.util.concurrent.ThreadPoolExecutor$Worker.run(ThreadPoolExecutor.java:635)
	at java.base/java.lang.Thread.run(Thread.java:833)

Nov 21, 2023 12:20:29 PM INFO jenkins.InitReactorRunner$1 onAttained
Prepared all plugins
Nov 21, 2023 12:20:29 PM INFO org.jenkinsci.plugins.scriptler.ScriptlerLoadingTasks synchronizeConfig
initialize Scriptler
Nov 21, 2023 12:20:30 PM INFO hudson.plugins.build_timeout.global.GlobalTimeOutConfiguration load
global timeout not set
Nov 21, 2023 12:20:30 PM WARNING hudson.ExtensionComponent compareTo
Failure during Descriptor#getDisplayName for org.jvnet.hudson.test.HudsonTestCase$TestBuildWrapper$TestBuildWrapperDescriptor
java.lang.ClassNotFoundException: junit.framework.TestCase
	at java.base/java.net.URLClassLoader.findClass(URLClassLoader.java:445)
	at jenkins.util.URLClassLoader2.findClass(URLClassLoader2.java:35)
	at java.base/java.lang.ClassLoader.loadClass(ClassLoader.java:592)
	at java.base/java.lang.ClassLoader.loadClass(ClassLoader.java:525)
Caused: java.lang.NoClassDefFoundError: junit/framework/TestCase
	at java.base/java.lang.ClassLoader.defineClass1(Native Method)
	at java.base/java.lang.ClassLoader.defineClass(ClassLoader.java:1017)
	at java.base/java.security.SecureClassLoader.defineClass(SecureClassLoader.java:150)
	at java.base/java.net.URLClassLoader.defineClass(URLClassLoader.java:524)
	at java.base/java.net.URLClassLoader$1.run(URLClassLoader.java:427)
	at java.base/java.net.URLClassLoader$1.run(URLClassLoader.java:421)
	at java.base/java.security.AccessController.doPrivileged(AccessController.java:712)
	at java.base/java.net.URLClassLoader.findClass(URLClassLoader.java:420)
	at jenkins.util.URLClassLoader2.findClass(URLClassLoader2.java:35)
	at java.base/java.lang.ClassLoader.loadClass(ClassLoader.java:592)
	at java.base/java.lang.ClassLoader.loadClass(ClassLoader.java:525)
	at java.base/java.lang.Class.getDeclaringClass0(Native Method)
	at java.base/java.lang.Class.isTopLevelClass(Class.java:1805)
	at java.base/java.lang.Class.getSimpleBinaryName(Class.java:1790)
	at java.base/java.lang.Class.getSimpleName0(Class.java:1662)
	at java.base/java.lang.Class.getSimpleName(Class.java:1653)
	at hudson.model.Descriptor.getDisplayName(Descriptor.java:324)
	at hudson.ExtensionComponent.compareTo(ExtensionComponent.java:99)
	at hudson.ExtensionComponent.compareTo(ExtensionComponent.java:42)
	at java.base/java.util.ComparableTimSort.binarySort(ComparableTimSort.java:262)
	at java.base/java.util.ComparableTimSort.sort(ComparableTimSort.java:207)
	at java.base/java.util.Arrays.sort(Arrays.java:1107)
	at java.base/java.util.Arrays.sort(Arrays.java:1301)
	at java.base/java.util.ArrayList.sort(ArrayList.java:1721)
	at java.base/java.util.Collections.sort(Collections.java:145)
	at hudson.ExtensionList.sort(ExtensionList.java:404)
	at hudson.ExtensionList.ensureLoaded(ExtensionList.java:322)
	at hudson.ExtensionList.getComponents(ExtensionList.java:184)
	at hudson.DescriptorExtensionList.load(DescriptorExtensionList.java:213)
	at hudson.ExtensionList.ensureLoaded(ExtensionList.java:320)
	at hudson.ExtensionList.iterator(ExtensionList.java:172)
	at org.jenkinsci.plugins.xunit.AliasInitializer.init(AliasInitializer.java:46)
	at java.base/jdk.internal.reflect.NativeMethodAccessorImpl.invoke0(Native Method)
	at java.base/jdk.internal.reflect.NativeMethodAccessorImpl.invoke(NativeMethodAccessorImpl.java:77)
	at java.base/jdk.internal.reflect.DelegatingMethodAccessorImpl.invoke(DelegatingMethodAccessorImpl.java:43)
	at java.base/java.lang.reflect.Method.invoke(Method.java:568)
	at hudson.init.TaskMethodFinder.invoke(TaskMethodFinder.java:109)
	at hudson.init.TaskMethodFinder$TaskImpl.run(TaskMethodFinder.java:185)
	at org.jvnet.hudson.reactor.Reactor.runTask(Reactor.java:305)
	at jenkins.model.Jenkins$5.runTask(Jenkins.java:1170)
	at org.jvnet.hudson.reactor.Reactor$2.run(Reactor.java:221)
	at org.jvnet.hudson.reactor.Reactor$Node.run(Reactor.java:120)
	at jenkins.security.ImpersonatingExecutorService$1.run(ImpersonatingExecutorService.java:68)
	at java.base/java.util.concurrent.ThreadPoolExecutor.runWorker(ThreadPoolExecutor.java:1136)
	at java.base/java.util.concurrent.ThreadPoolExecutor$Worker.run(ThreadPoolExecutor.java:635)
	at java.base/java.lang.Thread.run(Thread.java:833)

Nov 21, 2023 12:20:31 PM WARNING hudson.ExtensionComponent compareTo
Failure during Descriptor#getDisplayName for org.jvnet.hudson.test.HudsonTestCase$TestBuildWrapper$TestBuildWrapperDescriptor
java.lang.ClassNotFoundException: junit.framework.TestCase
Caused: java.lang.NoClassDefFoundError: junit/framework/TestCase
	at java.base/java.lang.Class.getDeclaringClass0(Native Method)
	at java.base/java.lang.Class.isTopLevelClass(Class.java:1805)
	at java.base/java.lang.Class.getSimpleBinaryName(Class.java:1790)
	at java.base/java.lang.Class.getSimpleName0(Class.java:1662)
	at java.base/java.lang.Class.getSimpleName(Class.java:1653)
	at hudson.model.Descriptor.getDisplayName(Descriptor.java:324)
	at hudson.ExtensionComponent.compareTo(ExtensionComponent.java:99)
	at hudson.ExtensionComponent.compareTo(ExtensionComponent.java:42)
	at java.base/java.util.ComparableTimSort.binarySort(ComparableTimSort.java:262)
	at java.base/java.util.ComparableTimSort.sort(ComparableTimSort.java:207)
	at java.base/java.util.Arrays.sort(Arrays.java:1107)
	at java.base/java.util.Arrays.sort(Arrays.java:1301)
	at java.base/java.util.ArrayList.sort(ArrayList.java:1721)
	at java.base/java.util.Collections.sort(Collections.java:145)
	at hudson.ExtensionList.sort(ExtensionList.java:404)
	at hudson.ExtensionList.ensureLoaded(ExtensionList.java:322)
	at hudson.ExtensionList.getComponents(ExtensionList.java:184)
	at hudson.DescriptorExtensionList.load(DescriptorExtensionList.java:213)
	at hudson.ExtensionList.ensureLoaded(ExtensionList.java:320)
	at hudson.ExtensionList.iterator(ExtensionList.java:172)
	at org.jenkinsci.plugins.xunit.AliasInitializer.init(AliasInitializer.java:46)
	at java.base/jdk.internal.reflect.NativeMethodAccessorImpl.invoke0(Native Method)
	at java.base/jdk.internal.reflect.NativeMethodAccessorImpl.invoke(NativeMethodAccessorImpl.java:77)
	at java.base/jdk.internal.reflect.DelegatingMethodAccessorImpl.invoke(DelegatingMethodAccessorImpl.java:43)
	at java.base/java.lang.reflect.Method.invoke(Method.java:568)
	at hudson.init.TaskMethodFinder.invoke(TaskMethodFinder.java:109)
	at hudson.init.TaskMethodFinder$TaskImpl.run(TaskMethodFinder.java:185)
	at org.jvnet.hudson.reactor.Reactor.runTask(Reactor.java:305)
	at jenkins.model.Jenkins$5.runTask(Jenkins.java:1170)
	at org.jvnet.hudson.reactor.Reactor$2.run(Reactor.java:221)
	at org.jvnet.hudson.reactor.Reactor$Node.run(Reactor.java:120)
	at jenkins.security.ImpersonatingExecutorService$1.run(ImpersonatingExecutorService.java:68)
	at java.base/java.util.concurrent.ThreadPoolExecutor.runWorker(ThreadPoolExecutor.java:1136)
	at java.base/java.util.concurrent.ThreadPoolExecutor$Worker.run(ThreadPoolExecutor.java:635)
	at java.base/java.lang.Thread.run(Thread.java:833)

Nov 21, 2023 12:20:31 PM WARNING hudson.ExtensionComponent compareTo
Failure during Descriptor#getDisplayName for org.jvnet.hudson.test.HudsonTestCase$TestBuildWrapper$TestBuildWrapperDescriptor
java.lang.ClassNotFoundException: junit.framework.TestCase
Caused: java.lang.NoClassDefFoundError: junit/framework/TestCase
	at java.base/java.lang.Class.getDeclaringClass0(Native Method)
	at java.base/java.lang.Class.isTopLevelClass(Class.java:1805)
	at java.base/java.lang.Class.getSimpleBinaryName(Class.java:1790)
	at java.base/java.lang.Class.getSimpleName0(Class.java:1662)
	at java.base/java.lang.Class.getSimpleName(Class.java:1653)
	at hudson.model.Descriptor.getDisplayName(Descriptor.java:324)
	at hudson.ExtensionComponent.compareTo(ExtensionComponent.java:99)
	at hudson.ExtensionComponent.compareTo(ExtensionComponent.java:42)
	at java.base/java.util.ComparableTimSort.binarySort(ComparableTimSort.java:262)
	at java.base/java.util.ComparableTimSort.sort(ComparableTimSort.java:207)
	at java.base/java.util.Arrays.sort(Arrays.java:1107)
	at java.base/java.util.Arrays.sort(Arrays.java:1301)
	at java.base/java.util.ArrayList.sort(ArrayList.java:1721)
	at java.base/java.util.Collections.sort(Collections.java:145)
	at hudson.ExtensionList.sort(ExtensionList.java:404)
	at hudson.ExtensionList.ensureLoaded(ExtensionList.java:322)
	at hudson.ExtensionList.getComponents(ExtensionList.java:184)
	at hudson.DescriptorExtensionList.load(DescriptorExtensionList.java:213)
	at hudson.ExtensionList.ensureLoaded(ExtensionList.java:320)
	at hudson.ExtensionList.iterator(ExtensionList.java:172)
	at org.jenkinsci.plugins.xunit.AliasInitializer.init(AliasInitializer.java:46)
	at java.base/jdk.internal.reflect.NativeMethodAccessorImpl.invoke0(Native Method)
	at java.base/jdk.internal.reflect.NativeMethodAccessorImpl.invoke(NativeMethodAccessorImpl.java:77)
	at java.base/jdk.internal.reflect.DelegatingMethodAccessorImpl.invoke(DelegatingMethodAccessorImpl.java:43)
	at java.base/java.lang.reflect.Method.invoke(Method.java:568)
	at hudson.init.TaskMethodFinder.invoke(TaskMethodFinder.java:109)
	at hudson.init.TaskMethodFinder$TaskImpl.run(TaskMethodFinder.java:185)
	at org.jvnet.hudson.reactor.Reactor.runTask(Reactor.java:305)
	at jenkins.model.Jenkins$5.runTask(Jenkins.java:1170)
	at org.jvnet.hudson.reactor.Reactor$2.run(Reactor.java:221)
	at org.jvnet.hudson.reactor.Reactor$Node.run(Reactor.java:120)
	at jenkins.security.ImpersonatingExecutorService$1.run(ImpersonatingExecutorService.java:68)
	at java.base/java.util.concurrent.ThreadPoolExecutor.runWorker(ThreadPoolExecutor.java:1136)
	at java.base/java.util.concurrent.ThreadPoolExecutor$Worker.run(ThreadPoolExecutor.java:635)
	at java.base/java.lang.Thread.run(Thread.java:833)

Nov 21, 2023 12:20:31 PM WARNING hudson.ExtensionComponent compareTo
Failure during Descriptor#getDisplayName for org.jvnet.hudson.test.HudsonTestCase$TestBuildWrapper$TestBuildWrapperDescriptor
java.lang.ClassNotFoundException: junit.framework.TestCase
Caused: java.lang.NoClassDefFoundError: junit/framework/TestCase
	at java.base/java.lang.Class.getDeclaringClass0(Native Method)
	at java.base/java.lang.Class.isTopLevelClass(Class.java:1805)
	at java.base/java.lang.Class.getSimpleBinaryName(Class.java:1790)
	at java.base/java.lang.Class.getSimpleName0(Class.java:1662)
	at java.base/java.lang.Class.getSimpleName(Class.java:1653)
	at hudson.model.Descriptor.getDisplayName(Descriptor.java:324)
	at hudson.ExtensionComponent.compareTo(ExtensionComponent.java:110)
	at hudson.ExtensionComponent.compareTo(ExtensionComponent.java:42)
	at java.base/java.util.ComparableTimSort.binarySort(ComparableTimSort.java:262)
	at java.base/java.util.ComparableTimSort.sort(ComparableTimSort.java:207)
	at java.base/java.util.Arrays.sort(Arrays.java:1107)
	at java.base/java.util.Arrays.sort(Arrays.java:1301)
	at java.base/java.util.ArrayList.sort(ArrayList.java:1721)
	at java.base/java.util.Collections.sort(Collections.java:145)
	at hudson.ExtensionList.sort(ExtensionList.java:404)
	at hudson.ExtensionList.ensureLoaded(ExtensionList.java:322)
	at hudson.ExtensionList.getComponents(ExtensionList.java:184)
	at hudson.DescriptorExtensionList.load(DescriptorExtensionList.java:213)
	at hudson.ExtensionList.ensureLoaded(ExtensionList.java:320)
	at hudson.ExtensionList.iterator(ExtensionList.java:172)
	at org.jenkinsci.plugins.xunit.AliasInitializer.init(AliasInitializer.java:46)
	at java.base/jdk.internal.reflect.NativeMethodAccessorImpl.invoke0(Native Method)
	at java.base/jdk.internal.reflect.NativeMethodAccessorImpl.invoke(NativeMethodAccessorImpl.java:77)
	at java.base/jdk.internal.reflect.DelegatingMethodAccessorImpl.invoke(DelegatingMethodAccessorImpl.java:43)
	at java.base/java.lang.reflect.Method.invoke(Method.java:568)
	at hudson.init.TaskMethodFinder.invoke(TaskMethodFinder.java:109)
	at hudson.init.TaskMethodFinder$TaskImpl.run(TaskMethodFinder.java:185)
	at org.jvnet.hudson.reactor.Reactor.runTask(Reactor.java:305)
	at jenkins.model.Jenkins$5.runTask(Jenkins.java:1170)
	at org.jvnet.hudson.reactor.Reactor$2.run(Reactor.java:221)
	at org.jvnet.hudson.reactor.Reactor$Node.run(Reactor.java:120)
	at jenkins.security.ImpersonatingExecutorService$1.run(ImpersonatingExecutorService.java:68)
	at java.base/java.util.concurrent.ThreadPoolExecutor.runWorker(ThreadPoolExecutor.java:1136)
	at java.base/java.util.concurrent.ThreadPoolExecutor$Worker.run(ThreadPoolExecutor.java:635)
	at java.base/java.lang.Thread.run(Thread.java:833)

Nov 21, 2023 12:20:31 PM WARNING hudson.ExtensionComponent compareTo
Failure during Descriptor#getDisplayName for org.jvnet.hudson.test.HudsonTestCase$TestBuildWrapper$TestBuildWrapperDescriptor
java.lang.ClassNotFoundException: junit.framework.TestCase
Caused: java.lang.NoClassDefFoundError: junit/framework/TestCase
	at java.base/java.lang.Class.getDeclaringClass0(Native Method)
	at java.base/java.lang.Class.isTopLevelClass(Class.java:1805)
	at java.base/java.lang.Class.getSimpleBinaryName(Class.java:1790)
	at java.base/java.lang.Class.getSimpleName0(Class.java:1662)
	at java.base/java.lang.Class.getSimpleName(Class.java:1653)
	at hudson.model.Descriptor.getDisplayName(Descriptor.java:324)
	at hudson.ExtensionComponent.compareTo(ExtensionComponent.java:110)
	at hudson.ExtensionComponent.compareTo(ExtensionComponent.java:42)
	at java.base/java.util.ComparableTimSort.binarySort(ComparableTimSort.java:262)
	at java.base/java.util.ComparableTimSort.sort(ComparableTimSort.java:207)
	at java.base/java.util.Arrays.sort(Arrays.java:1107)
	at java.base/java.util.Arrays.sort(Arrays.java:1301)
	at java.base/java.util.ArrayList.sort(ArrayList.java:1721)
	at java.base/java.util.Collections.sort(Collections.java:145)
	at hudson.ExtensionList.sort(ExtensionList.java:404)
	at hudson.ExtensionList.ensureLoaded(ExtensionList.java:322)
	at hudson.ExtensionList.getComponents(ExtensionList.java:184)
	at hudson.DescriptorExtensionList.load(DescriptorExtensionList.java:213)
	at hudson.ExtensionList.ensureLoaded(ExtensionList.java:320)
	at hudson.ExtensionList.iterator(ExtensionList.java:172)
	at org.jenkinsci.plugins.xunit.AliasInitializer.init(AliasInitializer.java:46)
	at java.base/jdk.internal.reflect.NativeMethodAccessorImpl.invoke0(Native Method)
	at java.base/jdk.internal.reflect.NativeMethodAccessorImpl.invoke(NativeMethodAccessorImpl.java:77)
	at java.base/jdk.internal.reflect.DelegatingMethodAccessorImpl.invoke(DelegatingMethodAccessorImpl.java:43)
	at java.base/java.lang.reflect.Method.invoke(Method.java:568)
	at hudson.init.TaskMethodFinder.invoke(TaskMethodFinder.java:109)
	at hudson.init.TaskMethodFinder$TaskImpl.run(TaskMethodFinder.java:185)
	at org.jvnet.hudson.reactor.Reactor.runTask(Reactor.java:305)
	at jenkins.model.Jenkins$5.runTask(Jenkins.java:1170)
	at org.jvnet.hudson.reactor.Reactor$2.run(Reactor.java:221)
	at org.jvnet.hudson.reactor.Reactor$Node.run(Reactor.java:120)
	at jenkins.security.ImpersonatingExecutorService$1.run(ImpersonatingExecutorService.java:68)
	at java.base/java.util.concurrent.ThreadPoolExecutor.runWorker(ThreadPoolExecutor.java:1136)
	at java.base/java.util.concurrent.ThreadPoolExecutor$Worker.run(ThreadPoolExecutor.java:635)
	at java.base/java.lang.Thread.run(Thread.java:833)

Nov 21, 2023 12:20:31 PM WARNING hudson.ExtensionComponent compareTo
Failure during Descriptor#getDisplayName for org.jvnet.hudson.test.HudsonTestCase$TestBuildWrapper$TestBuildWrapperDescriptor
java.lang.ClassNotFoundException: junit.framework.TestCase
Caused: java.lang.NoClassDefFoundError: junit/framework/TestCase
	at java.base/java.lang.Class.getDeclaringClass0(Native Method)
	at java.base/java.lang.Class.isTopLevelClass(Class.java:1805)
	at java.base/java.lang.Class.getSimpleBinaryName(Class.java:1790)
	at java.base/java.lang.Class.getSimpleName0(Class.java:1662)
	at java.base/java.lang.Class.getSimpleName(Class.java:1653)
	at hudson.model.Descriptor.getDisplayName(Descriptor.java:324)
	at hudson.ExtensionComponent.compareTo(ExtensionComponent.java:110)
	at hudson.ExtensionComponent.compareTo(ExtensionComponent.java:42)
	at java.base/java.util.ComparableTimSort.mergeHi(ComparableTimSort.java:808)
	at java.base/java.util.ComparableTimSort.mergeAt(ComparableTimSort.java:487)
	at java.base/java.util.ComparableTimSort.mergeCollapse(ComparableTimSort.java:413)
	at java.base/java.util.ComparableTimSort.sort(ComparableTimSort.java:213)
	at java.base/java.util.Arrays.sort(Arrays.java:1107)
	at java.base/java.util.Arrays.sort(Arrays.java:1301)
	at java.base/java.util.ArrayList.sort(ArrayList.java:1721)
	at java.base/java.util.Collections.sort(Collections.java:145)
	at hudson.ExtensionList.sort(ExtensionList.java:404)
	at hudson.ExtensionList.ensureLoaded(ExtensionList.java:322)
	at hudson.ExtensionList.getComponents(ExtensionList.java:184)
	at hudson.DescriptorExtensionList.load(DescriptorExtensionList.java:213)
	at hudson.ExtensionList.ensureLoaded(ExtensionList.java:320)
	at hudson.ExtensionList.iterator(ExtensionList.java:172)
	at org.jenkinsci.plugins.xunit.AliasInitializer.init(AliasInitializer.java:46)
	at java.base/jdk.internal.reflect.NativeMethodAccessorImpl.invoke0(Native Method)
	at java.base/jdk.internal.reflect.NativeMethodAccessorImpl.invoke(NativeMethodAccessorImpl.java:77)
	at java.base/jdk.internal.reflect.DelegatingMethodAccessorImpl.invoke(DelegatingMethodAccessorImpl.java:43)
	at java.base/java.lang.reflect.Method.invoke(Method.java:568)
	at hudson.init.TaskMethodFinder.invoke(TaskMethodFinder.java:109)
	at hudson.init.TaskMethodFinder$TaskImpl.run(TaskMethodFinder.java:185)
	at org.jvnet.hudson.reactor.Reactor.runTask(Reactor.java:305)
	at jenkins.model.Jenkins$5.runTask(Jenkins.java:1170)
	at org.jvnet.hudson.reactor.Reactor$2.run(Reactor.java:221)
	at org.jvnet.hudson.reactor.Reactor$Node.run(Reactor.java:120)
	at jenkins.security.ImpersonatingExecutorService$1.run(ImpersonatingExecutorService.java:68)
	at java.base/java.util.concurrent.ThreadPoolExecutor.runWorker(ThreadPoolExecutor.java:1136)
	at java.base/java.util.concurrent.ThreadPoolExecutor$Worker.run(ThreadPoolExecutor.java:635)
	at java.base/java.lang.Thread.run(Thread.java:833)

Nov 21, 2023 12:20:31 PM WARNING hudson.ExtensionComponent compareTo
Failure during Descriptor#getDisplayName for org.jvnet.hudson.test.HudsonTestCase$TestBuildWrapper$TestBuildWrapperDescriptor
java.lang.ClassNotFoundException: junit.framework.TestCase
Caused: java.lang.NoClassDefFoundError: junit/framework/TestCase
	at java.base/java.lang.Class.getDeclaringClass0(Native Method)
	at java.base/java.lang.Class.isTopLevelClass(Class.java:1805)
	at java.base/java.lang.Class.getSimpleBinaryName(Class.java:1790)
	at java.base/java.lang.Class.getSimpleName0(Class.java:1662)
	at java.base/java.lang.Class.getSimpleName(Class.java:1653)
	at hudson.model.Descriptor.getDisplayName(Descriptor.java:324)
	at hudson.ExtensionComponent.compareTo(ExtensionComponent.java:110)
	at hudson.ExtensionComponent.compareTo(ExtensionComponent.java:42)
	at java.base/java.util.ComparableTimSort.gallopRight(ComparableTimSort.java:602)
	at java.base/java.util.ComparableTimSort.mergeAt(ComparableTimSort.java:466)
	at java.base/java.util.ComparableTimSort.mergeCollapse(ComparableTimSort.java:413)
	at java.base/java.util.ComparableTimSort.sort(ComparableTimSort.java:213)
	at java.base/java.util.Arrays.sort(Arrays.java:1107)
	at java.base/java.util.Arrays.sort(Arrays.java:1301)
	at java.base/java.util.ArrayList.sort(ArrayList.java:1721)
	at java.base/java.util.Collections.sort(Collections.java:145)
	at hudson.ExtensionList.sort(ExtensionList.java:404)
	at hudson.ExtensionList.ensureLoaded(ExtensionList.java:322)
	at hudson.ExtensionList.getComponents(ExtensionList.java:184)
	at hudson.DescriptorExtensionList.load(DescriptorExtensionList.java:213)
	at hudson.ExtensionList.ensureLoaded(ExtensionList.java:320)
	at hudson.ExtensionList.iterator(ExtensionList.java:172)
	at org.jenkinsci.plugins.xunit.AliasInitializer.init(AliasInitializer.java:46)
	at java.base/jdk.internal.reflect.NativeMethodAccessorImpl.invoke0(Native Method)
	at java.base/jdk.internal.reflect.NativeMethodAccessorImpl.invoke(NativeMethodAccessorImpl.java:77)
	at java.base/jdk.internal.reflect.DelegatingMethodAccessorImpl.invoke(DelegatingMethodAccessorImpl.java:43)
	at java.base/java.lang.reflect.Method.invoke(Method.java:568)
	at hudson.init.TaskMethodFinder.invoke(TaskMethodFinder.java:109)
	at hudson.init.TaskMethodFinder$TaskImpl.run(TaskMethodFinder.java:185)
	at org.jvnet.hudson.reactor.Reactor.runTask(Reactor.java:305)
	at jenkins.model.Jenkins$5.runTask(Jenkins.java:1170)
	at org.jvnet.hudson.reactor.Reactor$2.run(Reactor.java:221)
	at org.jvnet.hudson.reactor.Reactor$Node.run(Reactor.java:120)
	at jenkins.security.ImpersonatingExecutorService$1.run(ImpersonatingExecutorService.java:68)
	at java.base/java.util.concurrent.ThreadPoolExecutor.runWorker(ThreadPoolExecutor.java:1136)
	at java.base/java.util.concurrent.ThreadPoolExecutor$Worker.run(ThreadPoolExecutor.java:635)
	at java.base/java.lang.Thread.run(Thread.java:833)

Nov 21, 2023 12:20:31 PM WARNING hudson.ExtensionComponent compareTo
Failure during Descriptor#getDisplayName for org.jvnet.hudson.test.HudsonTestCase$TestBuildWrapper$TestBuildWrapperDescriptor
java.lang.ClassNotFoundException: junit.framework.TestCase
Caused: java.lang.NoClassDefFoundError: junit/framework/TestCase
	at java.base/java.lang.Class.getDeclaringClass0(Native Method)
	at java.base/java.lang.Class.isTopLevelClass(Class.java:1805)
	at java.base/java.lang.Class.getSimpleBinaryName(Class.java:1790)
	at java.base/java.lang.Class.getSimpleName0(Class.java:1662)
	at java.base/java.lang.Class.getSimpleName(Class.java:1653)
	at hudson.model.Descriptor.getDisplayName(Descriptor.java:324)
	at hudson.ExtensionComponent.compareTo(ExtensionComponent.java:110)
	at hudson.ExtensionComponent.compareTo(ExtensionComponent.java:42)
	at java.base/java.util.ComparableTimSort.gallopRight(ComparableTimSort.java:602)
	at java.base/java.util.ComparableTimSort.mergeAt(ComparableTimSort.java:466)
	at java.base/java.util.ComparableTimSort.mergeCollapse(ComparableTimSort.java:413)
	at java.base/java.util.ComparableTimSort.sort(ComparableTimSort.java:213)
	at java.base/java.util.Arrays.sort(Arrays.java:1107)
	at java.base/java.util.Arrays.sort(Arrays.java:1301)
	at java.base/java.util.ArrayList.sort(ArrayList.java:1721)
	at java.base/java.util.Collections.sort(Collections.java:145)
	at hudson.ExtensionList.sort(ExtensionList.java:404)
	at hudson.ExtensionList.ensureLoaded(ExtensionList.java:322)
	at hudson.ExtensionList.getComponents(ExtensionList.java:184)
	at hudson.DescriptorExtensionList.load(DescriptorExtensionList.java:213)
	at hudson.ExtensionList.ensureLoaded(ExtensionList.java:320)
	at hudson.ExtensionList.iterator(ExtensionList.java:172)
	at org.jenkinsci.plugins.xunit.AliasInitializer.init(AliasInitializer.java:46)
	at java.base/jdk.internal.reflect.NativeMethodAccessorImpl.invoke0(Native Method)
	at java.base/jdk.internal.reflect.NativeMethodAccessorImpl.invoke(NativeMethodAccessorImpl.java:77)
	at java.base/jdk.internal.reflect.DelegatingMethodAccessorImpl.invoke(DelegatingMethodAccessorImpl.java:43)
	at java.base/java.lang.reflect.Method.invoke(Method.java:568)
	at hudson.init.TaskMethodFinder.invoke(TaskMethodFinder.java:109)
	at hudson.init.TaskMethodFinder$TaskImpl.run(TaskMethodFinder.java:185)
	at org.jvnet.hudson.reactor.Reactor.runTask(Reactor.java:305)
	at jenkins.model.Jenkins$5.runTask(Jenkins.java:1170)
	at org.jvnet.hudson.reactor.Reactor$2.run(Reactor.java:221)
	at org.jvnet.hudson.reactor.Reactor$Node.run(Reactor.java:120)
	at jenkins.security.ImpersonatingExecutorService$1.run(ImpersonatingExecutorService.java:68)
	at java.base/java.util.concurrent.ThreadPoolExecutor.runWorker(ThreadPoolExecutor.java:1136)
	at java.base/java.util.concurrent.ThreadPoolExecutor$Worker.run(ThreadPoolExecutor.java:635)
	at java.base/java.lang.Thread.run(Thread.java:833)

Nov 21, 2023 12:20:31 PM WARNING hudson.ExtensionComponent compareTo
Failure during Descriptor#getDisplayName for org.jvnet.hudson.test.HudsonTestCase$TestBuildWrapper$TestBuildWrapperDescriptor
java.lang.ClassNotFoundException: junit.framework.TestCase
Caused: java.lang.NoClassDefFoundError: junit/framework/TestCase
	at java.base/java.lang.Class.getDeclaringClass0(Native Method)
	at java.base/java.lang.Class.isTopLevelClass(Class.java:1805)
	at java.base/java.lang.Class.getSimpleBinaryName(Class.java:1790)
	at java.base/java.lang.Class.getSimpleName0(Class.java:1662)
	at java.base/java.lang.Class.getSimpleName(Class.java:1653)
	at hudson.model.Descriptor.getDisplayName(Descriptor.java:324)
	at hudson.ExtensionComponent.compareTo(ExtensionComponent.java:99)
	at hudson.ExtensionComponent.compareTo(ExtensionComponent.java:42)
	at java.base/java.util.ComparableTimSort.mergeLo(ComparableTimSort.java:688)
	at java.base/java.util.ComparableTimSort.mergeAt(ComparableTimSort.java:485)
	at java.base/java.util.ComparableTimSort.mergeCollapse(ComparableTimSort.java:413)
	at java.base/java.util.ComparableTimSort.sort(ComparableTimSort.java:213)
	at java.base/java.util.Arrays.sort(Arrays.java:1107)
	at java.base/java.util.Arrays.sort(Arrays.java:1301)
	at java.base/java.util.ArrayList.sort(ArrayList.java:1721)
	at java.base/java.util.Collections.sort(Collections.java:145)
	at hudson.ExtensionList.sort(ExtensionList.java:404)
	at hudson.ExtensionList.ensureLoaded(ExtensionList.java:322)
	at hudson.ExtensionList.getComponents(ExtensionList.java:184)
	at hudson.DescriptorExtensionList.load(DescriptorExtensionList.java:213)
	at hudson.ExtensionList.ensureLoaded(ExtensionList.java:320)
	at hudson.ExtensionList.iterator(ExtensionList.java:172)
	at org.jenkinsci.plugins.xunit.AliasInitializer.init(AliasInitializer.java:46)
	at java.base/jdk.internal.reflect.NativeMethodAccessorImpl.invoke0(Native Method)
	at java.base/jdk.internal.reflect.NativeMethodAccessorImpl.invoke(NativeMethodAccessorImpl.java:77)
	at java.base/jdk.internal.reflect.DelegatingMethodAccessorImpl.invoke(DelegatingMethodAccessorImpl.java:43)
	at java.base/java.lang.reflect.Method.invoke(Method.java:568)
	at hudson.init.TaskMethodFinder.invoke(TaskMethodFinder.java:109)
	at hudson.init.TaskMethodFinder$TaskImpl.run(TaskMethodFinder.java:185)
	at org.jvnet.hudson.reactor.Reactor.runTask(Reactor.java:305)
	at jenkins.model.Jenkins$5.runTask(Jenkins.java:1170)
	at org.jvnet.hudson.reactor.Reactor$2.run(Reactor.java:221)
	at org.jvnet.hudson.reactor.Reactor$Node.run(Reactor.java:120)
	at jenkins.security.ImpersonatingExecutorService$1.run(ImpersonatingExecutorService.java:68)
	at java.base/java.util.concurrent.ThreadPoolExecutor.runWorker(ThreadPoolExecutor.java:1136)
	at java.base/java.util.concurrent.ThreadPoolExecutor$Worker.run(ThreadPoolExecutor.java:635)
	at java.base/java.lang.Thread.run(Thread.java:833)

Nov 21, 2023 12:20:31 PM WARNING hudson.ExtensionComponent compareTo
Failure during Descriptor#getDisplayName for org.jvnet.hudson.test.HudsonTestCase$TestBuildWrapper$TestBuildWrapperDescriptor
java.lang.ClassNotFoundException: junit.framework.TestCase
Caused: java.lang.NoClassDefFoundError: junit/framework/TestCase
	at java.base/java.lang.Class.getDeclaringClass0(Native Method)
	at java.base/java.lang.Class.isTopLevelClass(Class.java:1805)
	at java.base/java.lang.Class.getSimpleBinaryName(Class.java:1790)
	at java.base/java.lang.Class.getSimpleName0(Class.java:1662)
	at java.base/java.lang.Class.getSimpleName(Class.java:1653)
	at hudson.model.Descriptor.getDisplayName(Descriptor.java:324)
	at hudson.ExtensionComponent.compareTo(ExtensionComponent.java:99)
	at hudson.ExtensionComponent.compareTo(ExtensionComponent.java:42)
	at java.base/java.util.ComparableTimSort.mergeHi(ComparableTimSort.java:808)
	at java.base/java.util.ComparableTimSort.mergeAt(ComparableTimSort.java:487)
	at java.base/java.util.ComparableTimSort.mergeForceCollapse(ComparableTimSort.java:426)
	at java.base/java.util.ComparableTimSort.sort(ComparableTimSort.java:222)
	at java.base/java.util.Arrays.sort(Arrays.java:1107)
	at java.base/java.util.Arrays.sort(Arrays.java:1301)
	at java.base/java.util.ArrayList.sort(ArrayList.java:1721)
	at java.base/java.util.Collections.sort(Collections.java:145)
	at hudson.ExtensionList.sort(ExtensionList.java:404)
	at hudson.ExtensionList.ensureLoaded(ExtensionList.java:322)
	at hudson.ExtensionList.getComponents(ExtensionList.java:184)
	at hudson.DescriptorExtensionList.load(DescriptorExtensionList.java:213)
	at hudson.ExtensionList.ensureLoaded(ExtensionList.java:320)
	at hudson.ExtensionList.iterator(ExtensionList.java:172)
	at org.jenkinsci.plugins.xunit.AliasInitializer.init(AliasInitializer.java:46)
	at java.base/jdk.internal.reflect.NativeMethodAccessorImpl.invoke0(Native Method)
	at java.base/jdk.internal.reflect.NativeMethodAccessorImpl.invoke(NativeMethodAccessorImpl.java:77)
	at java.base/jdk.internal.reflect.DelegatingMethodAccessorImpl.invoke(DelegatingMethodAccessorImpl.java:43)
	at java.base/java.lang.reflect.Method.invoke(Method.java:568)
	at hudson.init.TaskMethodFinder.invoke(TaskMethodFinder.java:109)
	at hudson.init.TaskMethodFinder$TaskImpl.run(TaskMethodFinder.java:185)
	at org.jvnet.hudson.reactor.Reactor.runTask(Reactor.java:305)
	at jenkins.model.Jenkins$5.runTask(Jenkins.java:1170)
	at org.jvnet.hudson.reactor.Reactor$2.run(Reactor.java:221)
	at org.jvnet.hudson.reactor.Reactor$Node.run(Reactor.java:120)
	at jenkins.security.ImpersonatingExecutorService$1.run(ImpersonatingExecutorService.java:68)
	at java.base/java.util.concurrent.ThreadPoolExecutor.runWorker(ThreadPoolExecutor.java:1136)
	at java.base/java.util.concurrent.ThreadPoolExecutor$Worker.run(ThreadPoolExecutor.java:635)
	at java.base/java.lang.Thread.run(Thread.java:833)

Nov 21, 2023 12:20:31 PM WARNING hudson.ExtensionComponent compareTo
Failure during Descriptor#getDisplayName for org.jvnet.hudson.test.HudsonTestCase$TestBuildWrapper$TestBuildWrapperDescriptor
java.lang.ClassNotFoundException: junit.framework.TestCase
Caused: java.lang.NoClassDefFoundError: junit/framework/TestCase
	at java.base/java.lang.Class.getDeclaringClass0(Native Method)
	at java.base/java.lang.Class.isTopLevelClass(Class.java:1805)
	at java.base/java.lang.Class.getSimpleBinaryName(Class.java:1790)
	at java.base/java.lang.Class.getSimpleName0(Class.java:1662)
	at java.base/java.lang.Class.getSimpleName(Class.java:1653)
	at hudson.model.Descriptor.getDisplayName(Descriptor.java:324)
	at hudson.ExtensionComponent.compareTo(ExtensionComponent.java:99)
	at hudson.ExtensionComponent.compareTo(ExtensionComponent.java:42)
	at java.base/java.util.ComparableTimSort.mergeHi(ComparableTimSort.java:808)
	at java.base/java.util.ComparableTimSort.mergeAt(ComparableTimSort.java:487)
	at java.base/java.util.ComparableTimSort.mergeForceCollapse(ComparableTimSort.java:426)
	at java.base/java.util.ComparableTimSort.sort(ComparableTimSort.java:222)
	at java.base/java.util.Arrays.sort(Arrays.java:1107)
	at java.base/java.util.Arrays.sort(Arrays.java:1301)
	at java.base/java.util.ArrayList.sort(ArrayList.java:1721)
	at java.base/java.util.Collections.sort(Collections.java:145)
	at hudson.ExtensionList.sort(ExtensionList.java:404)
	at hudson.ExtensionList.ensureLoaded(ExtensionList.java:322)
	at hudson.ExtensionList.getComponents(ExtensionList.java:184)
	at hudson.DescriptorExtensionList.load(DescriptorExtensionList.java:213)
	at hudson.ExtensionList.ensureLoaded(ExtensionList.java:320)
	at hudson.ExtensionList.iterator(ExtensionList.java:172)
	at org.jenkinsci.plugins.xunit.AliasInitializer.init(AliasInitializer.java:46)
	at java.base/jdk.internal.reflect.NativeMethodAccessorImpl.invoke0(Native Method)
	at java.base/jdk.internal.reflect.NativeMethodAccessorImpl.invoke(NativeMethodAccessorImpl.java:77)
	at java.base/jdk.internal.reflect.DelegatingMethodAccessorImpl.invoke(DelegatingMethodAccessorImpl.java:43)
	at java.base/java.lang.reflect.Method.invoke(Method.java:568)
	at hudson.init.TaskMethodFinder.invoke(TaskMethodFinder.java:109)
	at hudson.init.TaskMethodFinder$TaskImpl.run(TaskMethodFinder.java:185)
	at org.jvnet.hudson.reactor.Reactor.runTask(Reactor.java:305)
	at jenkins.model.Jenkins$5.runTask(Jenkins.java:1170)
	at org.jvnet.hudson.reactor.Reactor$2.run(Reactor.java:221)
	at org.jvnet.hudson.reactor.Reactor$Node.run(Reactor.java:120)
	at jenkins.security.ImpersonatingExecutorService$1.run(ImpersonatingExecutorService.java:68)
	at java.base/java.util.concurrent.ThreadPoolExecutor.runWorker(ThreadPoolExecutor.java:1136)
	at java.base/java.util.concurrent.ThreadPoolExecutor$Worker.run(ThreadPoolExecutor.java:635)
	at java.base/java.lang.Thread.run(Thread.java:833)

Nov 21, 2023 12:20:31 PM WARNING hudson.ExtensionComponent compareTo
Failure during Descriptor#getDisplayName for org.jvnet.hudson.test.HudsonTestCase$TestBuildWrapper$TestBuildWrapperDescriptor
java.lang.ClassNotFoundException: junit.framework.TestCase
Caused: java.lang.NoClassDefFoundError: junit/framework/TestCase
	at java.base/java.lang.Class.getDeclaringClass0(Native Method)
	at java.base/java.lang.Class.isTopLevelClass(Class.java:1805)
	at java.base/java.lang.Class.getSimpleBinaryName(Class.java:1790)
	at java.base/java.lang.Class.getSimpleName0(Class.java:1662)
	at java.base/java.lang.Class.getSimpleName(Class.java:1653)
	at hudson.model.Descriptor.getDisplayName(Descriptor.java:324)
	at hudson.ExtensionComponent.compareTo(ExtensionComponent.java:99)
	at hudson.ExtensionComponent.compareTo(ExtensionComponent.java:42)
	at java.base/java.util.ComparableTimSort.mergeHi(ComparableTimSort.java:808)
	at java.base/java.util.ComparableTimSort.mergeAt(ComparableTimSort.java:487)
	at java.base/java.util.ComparableTimSort.mergeForceCollapse(ComparableTimSort.java:426)
	at java.base/java.util.ComparableTimSort.sort(ComparableTimSort.java:222)
	at java.base/java.util.Arrays.sort(Arrays.java:1107)
	at java.base/java.util.Arrays.sort(Arrays.java:1301)
	at java.base/java.util.ArrayList.sort(ArrayList.java:1721)
	at java.base/java.util.Collections.sort(Collections.java:145)
	at hudson.ExtensionList.sort(ExtensionList.java:404)
	at hudson.ExtensionList.ensureLoaded(ExtensionList.java:322)
	at hudson.ExtensionList.getComponents(ExtensionList.java:184)
	at hudson.DescriptorExtensionList.load(DescriptorExtensionList.java:213)
	at hudson.ExtensionList.ensureLoaded(ExtensionList.java:320)
	at hudson.ExtensionList.iterator(ExtensionList.java:172)
	at org.jenkinsci.plugins.xunit.AliasInitializer.init(AliasInitializer.java:46)
	at java.base/jdk.internal.reflect.NativeMethodAccessorImpl.invoke0(Native Method)
	at java.base/jdk.internal.reflect.NativeMethodAccessorImpl.invoke(NativeMethodAccessorImpl.java:77)
	at java.base/jdk.internal.reflect.DelegatingMethodAccessorImpl.invoke(DelegatingMethodAccessorImpl.java:43)
	at java.base/java.lang.reflect.Method.invoke(Method.java:568)
	at hudson.init.TaskMethodFinder.invoke(TaskMethodFinder.java:109)
	at hudson.init.TaskMethodFinder$TaskImpl.run(TaskMethodFinder.java:185)
	at org.jvnet.hudson.reactor.Reactor.runTask(Reactor.java:305)
	at jenkins.model.Jenkins$5.runTask(Jenkins.java:1170)
	at org.jvnet.hudson.reactor.Reactor$2.run(Reactor.java:221)
	at org.jvnet.hudson.reactor.Reactor$Node.run(Reactor.java:120)
	at jenkins.security.ImpersonatingExecutorService$1.run(ImpersonatingExecutorService.java:68)
	at java.base/java.util.concurrent.ThreadPoolExecutor.runWorker(ThreadPoolExecutor.java:1136)
	at java.base/java.util.concurrent.ThreadPoolExecutor$Worker.run(ThreadPoolExecutor.java:635)
	at java.base/java.lang.Thread.run(Thread.java:833)

Nov 21, 2023 12:20:31 PM WARNING hudson.ExtensionComponent compareTo
Failure during Descriptor#getDisplayName for org.jvnet.hudson.test.HudsonTestCase$TestBuildWrapper$TestBuildWrapperDescriptor
java.lang.ClassNotFoundException: junit.framework.TestCase
Caused: java.lang.NoClassDefFoundError: junit/framework/TestCase
	at java.base/java.lang.Class.getDeclaringClass0(Native Method)
	at java.base/java.lang.Class.isTopLevelClass(Class.java:1805)
	at java.base/java.lang.Class.getSimpleBinaryName(Class.java:1790)
	at java.base/java.lang.Class.getSimpleName0(Class.java:1662)
	at java.base/java.lang.Class.getSimpleName(Class.java:1653)
	at hudson.model.Descriptor.getDisplayName(Descriptor.java:324)
	at hudson.ExtensionComponent.compareTo(ExtensionComponent.java:99)
	at hudson.ExtensionComponent.compareTo(ExtensionComponent.java:42)
	at java.base/java.util.ComparableTimSort.mergeHi(ComparableTimSort.java:808)
	at java.base/java.util.ComparableTimSort.mergeAt(ComparableTimSort.java:487)
	at java.base/java.util.ComparableTimSort.mergeForceCollapse(ComparableTimSort.java:426)
	at java.base/java.util.ComparableTimSort.sort(ComparableTimSort.java:222)
	at java.base/java.util.Arrays.sort(Arrays.java:1107)
	at java.base/java.util.Arrays.sort(Arrays.java:1301)
	at java.base/java.util.ArrayList.sort(ArrayList.java:1721)
	at java.base/java.util.Collections.sort(Collections.java:145)
	at hudson.ExtensionList.sort(ExtensionList.java:404)
	at hudson.ExtensionList.ensureLoaded(ExtensionList.java:322)
	at hudson.ExtensionList.getComponents(ExtensionList.java:184)
	at hudson.DescriptorExtensionList.load(DescriptorExtensionList.java:213)
	at hudson.ExtensionList.ensureLoaded(ExtensionList.java:320)
	at hudson.ExtensionList.iterator(ExtensionList.java:172)
	at org.jenkinsci.plugins.xunit.AliasInitializer.init(AliasInitializer.java:46)
	at java.base/jdk.internal.reflect.NativeMethodAccessorImpl.invoke0(Native Method)
	at java.base/jdk.internal.reflect.NativeMethodAccessorImpl.invoke(NativeMethodAccessorImpl.java:77)
	at java.base/jdk.internal.reflect.DelegatingMethodAccessorImpl.invoke(DelegatingMethodAccessorImpl.java:43)
	at java.base/java.lang.reflect.Method.invoke(Method.java:568)
	at hudson.init.TaskMethodFinder.invoke(TaskMethodFinder.java:109)
	at hudson.init.TaskMethodFinder$TaskImpl.run(TaskMethodFinder.java:185)
	at org.jvnet.hudson.reactor.Reactor.runTask(Reactor.java:305)
	at jenkins.model.Jenkins$5.runTask(Jenkins.java:1170)
	at org.jvnet.hudson.reactor.Reactor$2.run(Reactor.java:221)
	at org.jvnet.hudson.reactor.Reactor$Node.run(Reactor.java:120)
	at jenkins.security.ImpersonatingExecutorService$1.run(ImpersonatingExecutorService.java:68)
	at java.base/java.util.concurrent.ThreadPoolExecutor.runWorker(ThreadPoolExecutor.java:1136)
	at java.base/java.util.concurrent.ThreadPoolExecutor$Worker.run(ThreadPoolExecutor.java:635)
	at java.base/java.lang.Thread.run(Thread.java:833)

Nov 21, 2023 12:20:31 PM WARNING hudson.ExtensionComponent compareTo
Failure during Descriptor#getDisplayName for org.jvnet.hudson.test.HudsonTestCase$TestBuildWrapper$TestBuildWrapperDescriptor
java.lang.ClassNotFoundException: junit.framework.TestCase
Caused: java.lang.NoClassDefFoundError: junit/framework/TestCase
	at java.base/java.lang.Class.getDeclaringClass0(Native Method)
	at java.base/java.lang.Class.isTopLevelClass(Class.java:1805)
	at java.base/java.lang.Class.getSimpleBinaryName(Class.java:1790)
	at java.base/java.lang.Class.getSimpleName0(Class.java:1662)
	at java.base/java.lang.Class.getSimpleName(Class.java:1653)
	at hudson.model.Descriptor.getDisplayName(Descriptor.java:324)
	at hudson.ExtensionComponent.compareTo(ExtensionComponent.java:99)
	at hudson.ExtensionComponent.compareTo(ExtensionComponent.java:42)
	at java.base/java.util.ComparableTimSort.mergeHi(ComparableTimSort.java:808)
	at java.base/java.util.ComparableTimSort.mergeAt(ComparableTimSort.java:487)
	at java.base/java.util.ComparableTimSort.mergeForceCollapse(ComparableTimSort.java:426)
	at java.base/java.util.ComparableTimSort.sort(ComparableTimSort.java:222)
	at java.base/java.util.Arrays.sort(Arrays.java:1107)
	at java.base/java.util.Arrays.sort(Arrays.java:1301)
	at java.base/java.util.ArrayList.sort(ArrayList.java:1721)
	at java.base/java.util.Collections.sort(Collections.java:145)
	at hudson.ExtensionList.sort(ExtensionList.java:404)
	at hudson.ExtensionList.ensureLoaded(ExtensionList.java:322)
	at hudson.ExtensionList.getComponents(ExtensionList.java:184)
	at hudson.DescriptorExtensionList.load(DescriptorExtensionList.java:213)
	at hudson.ExtensionList.ensureLoaded(ExtensionList.java:320)
	at hudson.ExtensionList.iterator(ExtensionList.java:172)
	at org.jenkinsci.plugins.xunit.AliasInitializer.init(AliasInitializer.java:46)
	at java.base/jdk.internal.reflect.NativeMethodAccessorImpl.invoke0(Native Method)
	at java.base/jdk.internal.reflect.NativeMethodAccessorImpl.invoke(NativeMethodAccessorImpl.java:77)
	at java.base/jdk.internal.reflect.DelegatingMethodAccessorImpl.invoke(DelegatingMethodAccessorImpl.java:43)
	at java.base/java.lang.reflect.Method.invoke(Method.java:568)
	at hudson.init.TaskMethodFinder.invoke(TaskMethodFinder.java:109)
	at hudson.init.TaskMethodFinder$TaskImpl.run(TaskMethodFinder.java:185)
	at org.jvnet.hudson.reactor.Reactor.runTask(Reactor.java:305)
	at jenkins.model.Jenkins$5.runTask(Jenkins.java:1170)
	at org.jvnet.hudson.reactor.Reactor$2.run(Reactor.java:221)
	at org.jvnet.hudson.reactor.Reactor$Node.run(Reactor.java:120)
	at jenkins.security.ImpersonatingExecutorService$1.run(ImpersonatingExecutorService.java:68)
	at java.base/java.util.concurrent.ThreadPoolExecutor.runWorker(ThreadPoolExecutor.java:1136)
	at java.base/java.util.concurrent.ThreadPoolExecutor$Worker.run(ThreadPoolExecutor.java:635)
	at java.base/java.lang.Thread.run(Thread.java:833)

Nov 21, 2023 12:20:31 PM WARNING hudson.ExtensionComponent compareTo
Failure during Descriptor#getDisplayName for org.jvnet.hudson.test.HudsonTestCase$TestBuildWrapper$TestBuildWrapperDescriptor
java.lang.ClassNotFoundException: junit.framework.TestCase
Caused: java.lang.NoClassDefFoundError: junit/framework/TestCase
	at java.base/java.lang.Class.getDeclaringClass0(Native Method)
	at java.base/java.lang.Class.isTopLevelClass(Class.java:1805)
	at java.base/java.lang.Class.getSimpleBinaryName(Class.java:1790)
	at java.base/java.lang.Class.getSimpleName0(Class.java:1662)
	at java.base/java.lang.Class.getSimpleName(Class.java:1653)
	at hudson.model.Descriptor.getDisplayName(Descriptor.java:324)
	at hudson.ExtensionComponent.compareTo(ExtensionComponent.java:99)
	at hudson.ExtensionComponent.compareTo(ExtensionComponent.java:42)
	at java.base/java.util.ComparableTimSort.mergeHi(ComparableTimSort.java:808)
	at java.base/java.util.ComparableTimSort.mergeAt(ComparableTimSort.java:487)
	at java.base/java.util.ComparableTimSort.mergeForceCollapse(ComparableTimSort.java:426)
	at java.base/java.util.ComparableTimSort.sort(ComparableTimSort.java:222)
	at java.base/java.util.Arrays.sort(Arrays.java:1107)
	at java.base/java.util.Arrays.sort(Arrays.java:1301)
	at java.base/java.util.ArrayList.sort(ArrayList.java:1721)
	at java.base/java.util.Collections.sort(Collections.java:145)
	at hudson.ExtensionList.sort(ExtensionList.java:404)
	at hudson.ExtensionList.ensureLoaded(ExtensionList.java:322)
	at hudson.ExtensionList.getComponents(ExtensionList.java:184)
	at hudson.DescriptorExtensionList.load(DescriptorExtensionList.java:213)
	at hudson.ExtensionList.ensureLoaded(ExtensionList.java:320)
	at hudson.ExtensionList.iterator(ExtensionList.java:172)
	at org.jenkinsci.plugins.xunit.AliasInitializer.init(AliasInitializer.java:46)
	at java.base/jdk.internal.reflect.NativeMethodAccessorImpl.invoke0(Native Method)
	at java.base/jdk.internal.reflect.NativeMethodAccessorImpl.invoke(NativeMethodAccessorImpl.java:77)
	at java.base/jdk.internal.reflect.DelegatingMethodAccessorImpl.invoke(DelegatingMethodAccessorImpl.java:43)
	at java.base/java.lang.reflect.Method.invoke(Method.java:568)
	at hudson.init.TaskMethodFinder.invoke(TaskMethodFinder.java:109)
	at hudson.init.TaskMethodFinder$TaskImpl.run(TaskMethodFinder.java:185)
	at org.jvnet.hudson.reactor.Reactor.runTask(Reactor.java:305)
	at jenkins.model.Jenkins$5.runTask(Jenkins.java:1170)
	at org.jvnet.hudson.reactor.Reactor$2.run(Reactor.java:221)
	at org.jvnet.hudson.reactor.Reactor$Node.run(Reactor.java:120)
	at jenkins.security.ImpersonatingExecutorService$1.run(ImpersonatingExecutorService.java:68)
	at java.base/java.util.concurrent.ThreadPoolExecutor.runWorker(ThreadPoolExecutor.java:1136)
	at java.base/java.util.concurrent.ThreadPoolExecutor$Worker.run(ThreadPoolExecutor.java:635)
	at java.base/java.lang.Thread.run(Thread.java:833)

Nov 21, 2023 12:20:31 PM WARNING hudson.ExtensionComponent compareTo
Failure during Descriptor#getDisplayName for org.jvnet.hudson.test.HudsonTestCase$TestBuildWrapper$TestBuildWrapperDescriptor
java.lang.ClassNotFoundException: junit.framework.TestCase
Caused: java.lang.NoClassDefFoundError: junit/framework/TestCase
	at java.base/java.lang.Class.getDeclaringClass0(Native Method)
	at java.base/java.lang.Class.isTopLevelClass(Class.java:1805)
	at java.base/java.lang.Class.getSimpleBinaryName(Class.java:1790)
	at java.base/java.lang.Class.getSimpleName0(Class.java:1662)
	at java.base/java.lang.Class.getSimpleName(Class.java:1653)
	at hudson.model.Descriptor.getDisplayName(Descriptor.java:324)
	at hudson.ExtensionComponent.compareTo(ExtensionComponent.java:99)
	at hudson.ExtensionComponent.compareTo(ExtensionComponent.java:42)
	at java.base/java.util.ComparableTimSort.mergeHi(ComparableTimSort.java:808)
	at java.base/java.util.ComparableTimSort.mergeAt(ComparableTimSort.java:487)
	at java.base/java.util.ComparableTimSort.mergeForceCollapse(ComparableTimSort.java:426)
	at java.base/java.util.ComparableTimSort.sort(ComparableTimSort.java:222)
	at java.base/java.util.Arrays.sort(Arrays.java:1107)
	at java.base/java.util.Arrays.sort(Arrays.java:1301)
	at java.base/java.util.ArrayList.sort(ArrayList.java:1721)
	at java.base/java.util.Collections.sort(Collections.java:145)
	at hudson.ExtensionList.sort(ExtensionList.java:404)
	at hudson.ExtensionList.ensureLoaded(ExtensionList.java:322)
	at hudson.ExtensionList.getComponents(ExtensionList.java:184)
	at hudson.DescriptorExtensionList.load(DescriptorExtensionList.java:213)
	at hudson.ExtensionList.ensureLoaded(ExtensionList.java:320)
	at hudson.ExtensionList.iterator(ExtensionList.java:172)
	at org.jenkinsci.plugins.xunit.AliasInitializer.init(AliasInitializer.java:46)
	at java.base/jdk.internal.reflect.NativeMethodAccessorImpl.invoke0(Native Method)
	at java.base/jdk.internal.reflect.NativeMethodAccessorImpl.invoke(NativeMethodAccessorImpl.java:77)
	at java.base/jdk.internal.reflect.DelegatingMethodAccessorImpl.invoke(DelegatingMethodAccessorImpl.java:43)
	at java.base/java.lang.reflect.Method.invoke(Method.java:568)
	at hudson.init.TaskMethodFinder.invoke(TaskMethodFinder.java:109)
	at hudson.init.TaskMethodFinder$TaskImpl.run(TaskMethodFinder.java:185)
	at org.jvnet.hudson.reactor.Reactor.runTask(Reactor.java:305)
	at jenkins.model.Jenkins$5.runTask(Jenkins.java:1170)
	at org.jvnet.hudson.reactor.Reactor$2.run(Reactor.java:221)
	at org.jvnet.hudson.reactor.Reactor$Node.run(Reactor.java:120)
	at jenkins.security.ImpersonatingExecutorService$1.run(ImpersonatingExecutorService.java:68)
	at java.base/java.util.concurrent.ThreadPoolExecutor.runWorker(ThreadPoolExecutor.java:1136)
	at java.base/java.util.concurrent.ThreadPoolExecutor$Worker.run(ThreadPoolExecutor.java:635)
	at java.base/java.lang.Thread.run(Thread.java:833)

Nov 21, 2023 12:20:31 PM WARNING hudson.ExtensionComponent compareTo
Failure during Descriptor#getDisplayName for org.jvnet.hudson.test.HudsonTestCase$TestBuildWrapper$TestBuildWrapperDescriptor
java.lang.ClassNotFoundException: junit.framework.TestCase
Caused: java.lang.NoClassDefFoundError: junit/framework/TestCase
	at java.base/java.lang.Class.getDeclaringClass0(Native Method)
	at java.base/java.lang.Class.isTopLevelClass(Class.java:1805)
	at java.base/java.lang.Class.getSimpleBinaryName(Class.java:1790)
	at java.base/java.lang.Class.getSimpleName0(Class.java:1662)
	at java.base/java.lang.Class.getSimpleName(Class.java:1653)
	at hudson.model.Descriptor.getDisplayName(Descriptor.java:324)
	at hudson.ExtensionComponent.compareTo(ExtensionComponent.java:99)
	at hudson.ExtensionComponent.compareTo(ExtensionComponent.java:42)
	at java.base/java.util.ComparableTimSort.mergeHi(ComparableTimSort.java:808)
	at java.base/java.util.ComparableTimSort.mergeAt(ComparableTimSort.java:487)
	at java.base/java.util.ComparableTimSort.mergeForceCollapse(ComparableTimSort.java:426)
	at java.base/java.util.ComparableTimSort.sort(ComparableTimSort.java:222)
	at java.base/java.util.Arrays.sort(Arrays.java:1107)
	at java.base/java.util.Arrays.sort(Arrays.java:1301)
	at java.base/java.util.ArrayList.sort(ArrayList.java:1721)
	at java.base/java.util.Collections.sort(Collections.java:145)
	at hudson.ExtensionList.sort(ExtensionList.java:404)
	at hudson.ExtensionList.ensureLoaded(ExtensionList.java:322)
	at hudson.ExtensionList.getComponents(ExtensionList.java:184)
	at hudson.DescriptorExtensionList.load(DescriptorExtensionList.java:213)
	at hudson.ExtensionList.ensureLoaded(ExtensionList.java:320)
	at hudson.ExtensionList.iterator(ExtensionList.java:172)
	at org.jenkinsci.plugins.xunit.AliasInitializer.init(AliasInitializer.java:46)
	at java.base/jdk.internal.reflect.NativeMethodAccessorImpl.invoke0(Native Method)
	at java.base/jdk.internal.reflect.NativeMethodAccessorImpl.invoke(NativeMethodAccessorImpl.java:77)
	at java.base/jdk.internal.reflect.DelegatingMethodAccessorImpl.invoke(DelegatingMethodAccessorImpl.java:43)
	at java.base/java.lang.reflect.Method.invoke(Method.java:568)
	at hudson.init.TaskMethodFinder.invoke(TaskMethodFinder.java:109)
	at hudson.init.TaskMethodFinder$TaskImpl.run(TaskMethodFinder.java:185)
	at org.jvnet.hudson.reactor.Reactor.runTask(Reactor.java:305)
	at jenkins.model.Jenkins$5.runTask(Jenkins.java:1170)
	at org.jvnet.hudson.reactor.Reactor$2.run(Reactor.java:221)
	at org.jvnet.hudson.reactor.Reactor$Node.run(Reactor.java:120)
	at jenkins.security.ImpersonatingExecutorService$1.run(ImpersonatingExecutorService.java:68)
	at java.base/java.util.concurrent.ThreadPoolExecutor.runWorker(ThreadPoolExecutor.java:1136)
	at java.base/java.util.concurrent.ThreadPoolExecutor$Worker.run(ThreadPoolExecutor.java:635)
	at java.base/java.lang.Thread.run(Thread.java:833)

Nov 21, 2023 12:20:31 PM WARNING hudson.ExtensionComponent compareTo
Failure during Descriptor#getDisplayName for org.jvnet.hudson.test.HudsonTestCase$TestBuildWrapper$TestBuildWrapperDescriptor
java.lang.ClassNotFoundException: junit.framework.TestCase
Caused: java.lang.NoClassDefFoundError: junit/framework/TestCase
	at java.base/java.lang.Class.getDeclaringClass0(Native Method)
	at java.base/java.lang.Class.isTopLevelClass(Class.java:1805)
	at java.base/java.lang.Class.getSimpleBinaryName(Class.java:1790)
	at java.base/java.lang.Class.getSimpleName0(Class.java:1662)
	at java.base/java.lang.Class.getSimpleName(Class.java:1653)
	at hudson.model.Descriptor.getDisplayName(Descriptor.java:324)
	at hudson.ExtensionComponent.compareTo(ExtensionComponent.java:99)
	at hudson.ExtensionComponent.compareTo(ExtensionComponent.java:42)
	at java.base/java.util.ComparableTimSort.mergeHi(ComparableTimSort.java:808)
	at java.base/java.util.ComparableTimSort.mergeAt(ComparableTimSort.java:487)
	at java.base/java.util.ComparableTimSort.mergeForceCollapse(ComparableTimSort.java:426)
	at java.base/java.util.ComparableTimSort.sort(ComparableTimSort.java:222)
	at java.base/java.util.Arrays.sort(Arrays.java:1107)
	at java.base/java.util.Arrays.sort(Arrays.java:1301)
	at java.base/java.util.ArrayList.sort(ArrayList.java:1721)
	at java.base/java.util.Collections.sort(Collections.java:145)
	at hudson.ExtensionList.sort(ExtensionList.java:404)
	at hudson.ExtensionList.ensureLoaded(ExtensionList.java:322)
	at hudson.ExtensionList.getComponents(ExtensionList.java:184)
	at hudson.DescriptorExtensionList.load(DescriptorExtensionList.java:213)
	at hudson.ExtensionList.ensureLoaded(ExtensionList.java:320)
	at hudson.ExtensionList.iterator(ExtensionList.java:172)
	at org.jenkinsci.plugins.xunit.AliasInitializer.init(AliasInitializer.java:46)
	at java.base/jdk.internal.reflect.NativeMethodAccessorImpl.invoke0(Native Method)
	at java.base/jdk.internal.reflect.NativeMethodAccessorImpl.invoke(NativeMethodAccessorImpl.java:77)
	at java.base/jdk.internal.reflect.DelegatingMethodAccessorImpl.invoke(DelegatingMethodAccessorImpl.java:43)
	at java.base/java.lang.reflect.Method.invoke(Method.java:568)
	at hudson.init.TaskMethodFinder.invoke(TaskMethodFinder.java:109)
	at hudson.init.TaskMethodFinder$TaskImpl.run(TaskMethodFinder.java:185)
	at org.jvnet.hudson.reactor.Reactor.runTask(Reactor.java:305)
	at jenkins.model.Jenkins$5.runTask(Jenkins.java:1170)
	at org.jvnet.hudson.reactor.Reactor$2.run(Reactor.java:221)
	at org.jvnet.hudson.reactor.Reactor$Node.run(Reactor.java:120)
	at jenkins.security.ImpersonatingExecutorService$1.run(ImpersonatingExecutorService.java:68)
	at java.base/java.util.concurrent.ThreadPoolExecutor.runWorker(ThreadPoolExecutor.java:1136)
	at java.base/java.util.concurrent.ThreadPoolExecutor$Worker.run(ThreadPoolExecutor.java:635)
	at java.base/java.lang.Thread.run(Thread.java:833)

Nov 21, 2023 12:20:31 PM WARNING hudson.ExtensionComponent compareTo
Failure during Descriptor#getDisplayName for org.jvnet.hudson.test.HudsonTestCase$TestBuildWrapper$TestBuildWrapperDescriptor
java.lang.ClassNotFoundException: junit.framework.TestCase
Caused: java.lang.NoClassDefFoundError: junit/framework/TestCase
	at java.base/java.lang.Class.getDeclaringClass0(Native Method)
	at java.base/java.lang.Class.isTopLevelClass(Class.java:1805)
	at java.base/java.lang.Class.getSimpleBinaryName(Class.java:1790)
	at java.base/java.lang.Class.getSimpleName0(Class.java:1662)
	at java.base/java.lang.Class.getSimpleName(Class.java:1653)
	at hudson.model.Descriptor.getDisplayName(Descriptor.java:324)
	at hudson.ExtensionComponent.compareTo(ExtensionComponent.java:99)
	at hudson.ExtensionComponent.compareTo(ExtensionComponent.java:42)
	at java.base/java.util.ComparableTimSort.mergeHi(ComparableTimSort.java:808)
	at java.base/java.util.ComparableTimSort.mergeAt(ComparableTimSort.java:487)
	at java.base/java.util.ComparableTimSort.mergeForceCollapse(ComparableTimSort.java:426)
	at java.base/java.util.ComparableTimSort.sort(ComparableTimSort.java:222)
	at java.base/java.util.Arrays.sort(Arrays.java:1107)
	at java.base/java.util.Arrays.sort(Arrays.java:1301)
	at java.base/java.util.ArrayList.sort(ArrayList.java:1721)
	at java.base/java.util.Collections.sort(Collections.java:145)
	at hudson.ExtensionList.sort(ExtensionList.java:404)
	at hudson.ExtensionList.ensureLoaded(ExtensionList.java:322)
	at hudson.ExtensionList.getComponents(ExtensionList.java:184)
	at hudson.DescriptorExtensionList.load(DescriptorExtensionList.java:213)
	at hudson.ExtensionList.ensureLoaded(ExtensionList.java:320)
	at hudson.ExtensionList.iterator(ExtensionList.java:172)
	at org.jenkinsci.plugins.xunit.AliasInitializer.init(AliasInitializer.java:46)
	at java.base/jdk.internal.reflect.NativeMethodAccessorImpl.invoke0(Native Method)
	at java.base/jdk.internal.reflect.NativeMethodAccessorImpl.invoke(NativeMethodAccessorImpl.java:77)
	at java.base/jdk.internal.reflect.DelegatingMethodAccessorImpl.invoke(DelegatingMethodAccessorImpl.java:43)
	at java.base/java.lang.reflect.Method.invoke(Method.java:568)
	at hudson.init.TaskMethodFinder.invoke(TaskMethodFinder.java:109)
	at hudson.init.TaskMethodFinder$TaskImpl.run(TaskMethodFinder.java:185)
	at org.jvnet.hudson.reactor.Reactor.runTask(Reactor.java:305)
	at jenkins.model.Jenkins$5.runTask(Jenkins.java:1170)
	at org.jvnet.hudson.reactor.Reactor$2.run(Reactor.java:221)
	at org.jvnet.hudson.reactor.Reactor$Node.run(Reactor.java:120)
	at jenkins.security.ImpersonatingExecutorService$1.run(ImpersonatingExecutorService.java:68)
	at java.base/java.util.concurrent.ThreadPoolExecutor.runWorker(ThreadPoolExecutor.java:1136)
	at java.base/java.util.concurrent.ThreadPoolExecutor$Worker.run(ThreadPoolExecutor.java:635)
	at java.base/java.lang.Thread.run(Thread.java:833)

Nov 21, 2023 12:20:31 PM WARNING hudson.ExtensionComponent compareTo
Failure during Descriptor#getDisplayName for org.jvnet.hudson.test.HudsonTestCase$TestBuildWrapper$TestBuildWrapperDescriptor
java.lang.ClassNotFoundException: junit.framework.TestCase
Caused: java.lang.NoClassDefFoundError: junit/framework/TestCase
	at java.base/java.lang.Class.getDeclaringClass0(Native Method)
	at java.base/java.lang.Class.isTopLevelClass(Class.java:1805)
	at java.base/java.lang.Class.getSimpleBinaryName(Class.java:1790)
	at java.base/java.lang.Class.getSimpleName0(Class.java:1662)
	at java.base/java.lang.Class.getSimpleName(Class.java:1653)
	at hudson.model.Descriptor.getDisplayName(Descriptor.java:324)
	at hudson.ExtensionComponent.compareTo(ExtensionComponent.java:99)
	at hudson.ExtensionComponent.compareTo(ExtensionComponent.java:42)
	at java.base/java.util.ComparableTimSort.mergeHi(ComparableTimSort.java:808)
	at java.base/java.util.ComparableTimSort.mergeAt(ComparableTimSort.java:487)
	at java.base/java.util.ComparableTimSort.mergeForceCollapse(ComparableTimSort.java:426)
	at java.base/java.util.ComparableTimSort.sort(ComparableTimSort.java:222)
	at java.base/java.util.Arrays.sort(Arrays.java:1107)
	at java.base/java.util.Arrays.sort(Arrays.java:1301)
	at java.base/java.util.ArrayList.sort(ArrayList.java:1721)
	at java.base/java.util.Collections.sort(Collections.java:145)
	at hudson.ExtensionList.sort(ExtensionList.java:404)
	at hudson.ExtensionList.ensureLoaded(ExtensionList.java:322)
	at hudson.ExtensionList.getComponents(ExtensionList.java:184)
	at hudson.DescriptorExtensionList.load(DescriptorExtensionList.java:213)
	at hudson.ExtensionList.ensureLoaded(ExtensionList.java:320)
	at hudson.ExtensionList.iterator(ExtensionList.java:172)
	at org.jenkinsci.plugins.xunit.AliasInitializer.init(AliasInitializer.java:46)
	at java.base/jdk.internal.reflect.NativeMethodAccessorImpl.invoke0(Native Method)
	at java.base/jdk.internal.reflect.NativeMethodAccessorImpl.invoke(NativeMethodAccessorImpl.java:77)
	at java.base/jdk.internal.reflect.DelegatingMethodAccessorImpl.invoke(DelegatingMethodAccessorImpl.java:43)
	at java.base/java.lang.reflect.Method.invoke(Method.java:568)
	at hudson.init.TaskMethodFinder.invoke(TaskMethodFinder.java:109)
	at hudson.init.TaskMethodFinder$TaskImpl.run(TaskMethodFinder.java:185)
	at org.jvnet.hudson.reactor.Reactor.runTask(Reactor.java:305)
	at jenkins.model.Jenkins$5.runTask(Jenkins.java:1170)
	at org.jvnet.hudson.reactor.Reactor$2.run(Reactor.java:221)
	at org.jvnet.hudson.reactor.Reactor$Node.run(Reactor.java:120)
	at jenkins.security.ImpersonatingExecutorService$1.run(ImpersonatingExecutorService.java:68)
	at java.base/java.util.concurrent.ThreadPoolExecutor.runWorker(ThreadPoolExecutor.java:1136)
	at java.base/java.util.concurrent.ThreadPoolExecutor$Worker.run(ThreadPoolExecutor.java:635)
	at java.base/java.lang.Thread.run(Thread.java:833)

Nov 21, 2023 12:20:31 PM WARNING hudson.ExtensionComponent compareTo
Failure during Descriptor#getDisplayName for org.jvnet.hudson.test.HudsonTestCase$TestBuildWrapper$TestBuildWrapperDescriptor
java.lang.ClassNotFoundException: junit.framework.TestCase
Caused: java.lang.NoClassDefFoundError: junit/framework/TestCase
	at java.base/java.lang.Class.getDeclaringClass0(Native Method)
	at java.base/java.lang.Class.isTopLevelClass(Class.java:1805)
	at java.base/java.lang.Class.getSimpleBinaryName(Class.java:1790)
	at java.base/java.lang.Class.getSimpleName0(Class.java:1662)
	at java.base/java.lang.Class.getSimpleName(Class.java:1653)
	at hudson.model.Descriptor.getDisplayName(Descriptor.java:324)
	at hudson.ExtensionComponent.compareTo(ExtensionComponent.java:99)
	at hudson.ExtensionComponent.compareTo(ExtensionComponent.java:42)
	at java.base/java.util.ComparableTimSort.mergeHi(ComparableTimSort.java:808)
	at java.base/java.util.ComparableTimSort.mergeAt(ComparableTimSort.java:487)
	at java.base/java.util.ComparableTimSort.mergeForceCollapse(ComparableTimSort.java:426)
	at java.base/java.util.ComparableTimSort.sort(ComparableTimSort.java:222)
	at java.base/java.util.Arrays.sort(Arrays.java:1107)
	at java.base/java.util.Arrays.sort(Arrays.java:1301)
	at java.base/java.util.ArrayList.sort(ArrayList.java:1721)
	at java.base/java.util.Collections.sort(Collections.java:145)
	at hudson.ExtensionList.sort(ExtensionList.java:404)
	at hudson.ExtensionList.ensureLoaded(ExtensionList.java:322)
	at hudson.ExtensionList.getComponents(ExtensionList.java:184)
	at hudson.DescriptorExtensionList.load(DescriptorExtensionList.java:213)
	at hudson.ExtensionList.ensureLoaded(ExtensionList.java:320)
	at hudson.ExtensionList.iterator(ExtensionList.java:172)
	at org.jenkinsci.plugins.xunit.AliasInitializer.init(AliasInitializer.java:46)
	at java.base/jdk.internal.reflect.NativeMethodAccessorImpl.invoke0(Native Method)
	at java.base/jdk.internal.reflect.NativeMethodAccessorImpl.invoke(NativeMethodAccessorImpl.java:77)
	at java.base/jdk.internal.reflect.DelegatingMethodAccessorImpl.invoke(DelegatingMethodAccessorImpl.java:43)
	at java.base/java.lang.reflect.Method.invoke(Method.java:568)
	at hudson.init.TaskMethodFinder.invoke(TaskMethodFinder.java:109)
	at hudson.init.TaskMethodFinder$TaskImpl.run(TaskMethodFinder.java:185)
	at org.jvnet.hudson.reactor.Reactor.runTask(Reactor.java:305)
	at jenkins.model.Jenkins$5.runTask(Jenkins.java:1170)
	at org.jvnet.hudson.reactor.Reactor$2.run(Reactor.java:221)
	at org.jvnet.hudson.reactor.Reactor$Node.run(Reactor.java:120)
	at jenkins.security.ImpersonatingExecutorService$1.run(ImpersonatingExecutorService.java:68)
	at java.base/java.util.concurrent.ThreadPoolExecutor.runWorker(ThreadPoolExecutor.java:1136)
	at java.base/java.util.concurrent.ThreadPoolExecutor$Worker.run(ThreadPoolExecutor.java:635)
	at java.base/java.lang.Thread.run(Thread.java:833)

Nov 21, 2023 12:20:31 PM WARNING hudson.ExtensionComponent compareTo
Failure during Descriptor#getDisplayName for org.jvnet.hudson.test.HudsonTestCase$TestBuildWrapper$TestBuildWrapperDescriptor
java.lang.ClassNotFoundException: junit.framework.TestCase
Caused: java.lang.NoClassDefFoundError: junit/framework/TestCase
	at java.base/java.lang.Class.getDeclaringClass0(Native Method)
	at java.base/java.lang.Class.isTopLevelClass(Class.java:1805)
	at java.base/java.lang.Class.getSimpleBinaryName(Class.java:1790)
	at java.base/java.lang.Class.getSimpleName0(Class.java:1662)
	at java.base/java.lang.Class.getSimpleName(Class.java:1653)
	at hudson.model.Descriptor.getDisplayName(Descriptor.java:324)
	at hudson.ExtensionComponent.compareTo(ExtensionComponent.java:99)
	at hudson.ExtensionComponent.compareTo(ExtensionComponent.java:42)
	at java.base/java.util.ComparableTimSort.mergeHi(ComparableTimSort.java:808)
	at java.base/java.util.ComparableTimSort.mergeAt(ComparableTimSort.java:487)
	at java.base/java.util.ComparableTimSort.mergeForceCollapse(ComparableTimSort.java:426)
	at java.base/java.util.ComparableTimSort.sort(ComparableTimSort.java:222)
	at java.base/java.util.Arrays.sort(Arrays.java:1107)
	at java.base/java.util.Arrays.sort(Arrays.java:1301)
	at java.base/java.util.ArrayList.sort(ArrayList.java:1721)
	at java.base/java.util.Collections.sort(Collections.java:145)
	at hudson.ExtensionList.sort(ExtensionList.java:404)
	at hudson.ExtensionList.ensureLoaded(ExtensionList.java:322)
	at hudson.ExtensionList.getComponents(ExtensionList.java:184)
	at hudson.DescriptorExtensionList.load(DescriptorExtensionList.java:213)
	at hudson.ExtensionList.ensureLoaded(ExtensionList.java:320)
	at hudson.ExtensionList.iterator(ExtensionList.java:172)
	at org.jenkinsci.plugins.xunit.AliasInitializer.init(AliasInitializer.java:46)
	at java.base/jdk.internal.reflect.NativeMethodAccessorImpl.invoke0(Native Method)
	at java.base/jdk.internal.reflect.NativeMethodAccessorImpl.invoke(NativeMethodAccessorImpl.java:77)
	at java.base/jdk.internal.reflect.DelegatingMethodAccessorImpl.invoke(DelegatingMethodAccessorImpl.java:43)
	at java.base/java.lang.reflect.Method.invoke(Method.java:568)
	at hudson.init.TaskMethodFinder.invoke(TaskMethodFinder.java:109)
	at hudson.init.TaskMethodFinder$TaskImpl.run(TaskMethodFinder.java:185)
	at org.jvnet.hudson.reactor.Reactor.runTask(Reactor.java:305)
	at jenkins.model.Jenkins$5.runTask(Jenkins.java:1170)
	at org.jvnet.hudson.reactor.Reactor$2.run(Reactor.java:221)
	at org.jvnet.hudson.reactor.Reactor$Node.run(Reactor.java:120)
	at jenkins.security.ImpersonatingExecutorService$1.run(ImpersonatingExecutorService.java:68)
	at java.base/java.util.concurrent.ThreadPoolExecutor.runWorker(ThreadPoolExecutor.java:1136)
	at java.base/java.util.concurrent.ThreadPoolExecutor$Worker.run(ThreadPoolExecutor.java:635)
	at java.base/java.lang.Thread.run(Thread.java:833)

Nov 21, 2023 12:20:31 PM WARNING hudson.ExtensionComponent compareTo
Failure during Descriptor#getDisplayName for org.jvnet.hudson.test.HudsonTestCase$TestBuildWrapper$TestBuildWrapperDescriptor
java.lang.ClassNotFoundException: junit.framework.TestCase
Caused: java.lang.NoClassDefFoundError: junit/framework/TestCase
	at java.base/java.lang.Class.getDeclaringClass0(Native Method)
	at java.base/java.lang.Class.isTopLevelClass(Class.java:1805)
	at java.base/java.lang.Class.getSimpleBinaryName(Class.java:1790)
	at java.base/java.lang.Class.getSimpleName0(Class.java:1662)
	at java.base/java.lang.Class.getSimpleName(Class.java:1653)
	at hudson.model.Descriptor.getDisplayName(Descriptor.java:324)
	at hudson.ExtensionComponent.compareTo(ExtensionComponent.java:99)
	at hudson.ExtensionComponent.compareTo(ExtensionComponent.java:42)
	at java.base/java.util.ComparableTimSort.mergeHi(ComparableTimSort.java:808)
	at java.base/java.util.ComparableTimSort.mergeAt(ComparableTimSort.java:487)
	at java.base/java.util.ComparableTimSort.mergeForceCollapse(ComparableTimSort.java:426)
	at java.base/java.util.ComparableTimSort.sort(ComparableTimSort.java:222)
	at java.base/java.util.Arrays.sort(Arrays.java:1107)
	at java.base/java.util.Arrays.sort(Arrays.java:1301)
	at java.base/java.util.ArrayList.sort(ArrayList.java:1721)
	at java.base/java.util.Collections.sort(Collections.java:145)
	at hudson.ExtensionList.sort(ExtensionList.java:404)
	at hudson.ExtensionList.ensureLoaded(ExtensionList.java:322)
	at hudson.ExtensionList.getComponents(ExtensionList.java:184)
	at hudson.DescriptorExtensionList.load(DescriptorExtensionList.java:213)
	at hudson.ExtensionList.ensureLoaded(ExtensionList.java:320)
	at hudson.ExtensionList.iterator(ExtensionList.java:172)
	at org.jenkinsci.plugins.xunit.AliasInitializer.init(AliasInitializer.java:46)
	at java.base/jdk.internal.reflect.NativeMethodAccessorImpl.invoke0(Native Method)
	at java.base/jdk.internal.reflect.NativeMethodAccessorImpl.invoke(NativeMethodAccessorImpl.java:77)
	at java.base/jdk.internal.reflect.DelegatingMethodAccessorImpl.invoke(DelegatingMethodAccessorImpl.java:43)
	at java.base/java.lang.reflect.Method.invoke(Method.java:568)
	at hudson.init.TaskMethodFinder.invoke(TaskMethodFinder.java:109)
	at hudson.init.TaskMethodFinder$TaskImpl.run(TaskMethodFinder.java:185)
	at org.jvnet.hudson.reactor.Reactor.runTask(Reactor.java:305)
	at jenkins.model.Jenkins$5.runTask(Jenkins.java:1170)
	at org.jvnet.hudson.reactor.Reactor$2.run(Reactor.java:221)
	at org.jvnet.hudson.reactor.Reactor$Node.run(Reactor.java:120)
	at jenkins.security.ImpersonatingExecutorService$1.run(ImpersonatingExecutorService.java:68)
	at java.base/java.util.concurrent.ThreadPoolExecutor.runWorker(ThreadPoolExecutor.java:1136)
	at java.base/java.util.concurrent.ThreadPoolExecutor$Worker.run(ThreadPoolExecutor.java:635)
	at java.base/java.lang.Thread.run(Thread.java:833)

Nov 21, 2023 12:20:31 PM WARNING hudson.ExtensionComponent compareTo
Failure during Descriptor#getDisplayName for org.jvnet.hudson.test.HudsonTestCase$TestBuildWrapper$TestBuildWrapperDescriptor
java.lang.ClassNotFoundException: junit.framework.TestCase
Caused: java.lang.NoClassDefFoundError: junit/framework/TestCase
	at java.base/java.lang.Class.getDeclaringClass0(Native Method)
	at java.base/java.lang.Class.isTopLevelClass(Class.java:1805)
	at java.base/java.lang.Class.getSimpleBinaryName(Class.java:1790)
	at java.base/java.lang.Class.getSimpleName0(Class.java:1662)
	at java.base/java.lang.Class.getSimpleName(Class.java:1653)
	at hudson.model.Descriptor.getDisplayName(Descriptor.java:324)
	at hudson.ExtensionComponent.compareTo(ExtensionComponent.java:99)
	at hudson.ExtensionComponent.compareTo(ExtensionComponent.java:42)
	at java.base/java.util.ComparableTimSort.mergeHi(ComparableTimSort.java:808)
	at java.base/java.util.ComparableTimSort.mergeAt(ComparableTimSort.java:487)
	at java.base/java.util.ComparableTimSort.mergeForceCollapse(ComparableTimSort.java:426)
	at java.base/java.util.ComparableTimSort.sort(ComparableTimSort.java:222)
	at java.base/java.util.Arrays.sort(Arrays.java:1107)
	at java.base/java.util.Arrays.sort(Arrays.java:1301)
	at java.base/java.util.ArrayList.sort(ArrayList.java:1721)
	at java.base/java.util.Collections.sort(Collections.java:145)
	at hudson.ExtensionList.sort(ExtensionList.java:404)
	at hudson.ExtensionList.ensureLoaded(ExtensionList.java:322)
	at hudson.ExtensionList.getComponents(ExtensionList.java:184)
	at hudson.DescriptorExtensionList.load(DescriptorExtensionList.java:213)
	at hudson.ExtensionList.ensureLoaded(ExtensionList.java:320)
	at hudson.ExtensionList.iterator(ExtensionList.java:172)
	at org.jenkinsci.plugins.xunit.AliasInitializer.init(AliasInitializer.java:46)
	at java.base/jdk.internal.reflect.NativeMethodAccessorImpl.invoke0(Native Method)
	at java.base/jdk.internal.reflect.NativeMethodAccessorImpl.invoke(NativeMethodAccessorImpl.java:77)
	at java.base/jdk.internal.reflect.DelegatingMethodAccessorImpl.invoke(DelegatingMethodAccessorImpl.java:43)
	at java.base/java.lang.reflect.Method.invoke(Method.java:568)
	at hudson.init.TaskMethodFinder.invoke(TaskMethodFinder.java:109)
	at hudson.init.TaskMethodFinder$TaskImpl.run(TaskMethodFinder.java:185)
	at org.jvnet.hudson.reactor.Reactor.runTask(Reactor.java:305)
	at jenkins.model.Jenkins$5.runTask(Jenkins.java:1170)
	at org.jvnet.hudson.reactor.Reactor$2.run(Reactor.java:221)
	at org.jvnet.hudson.reactor.Reactor$Node.run(Reactor.java:120)
	at jenkins.security.ImpersonatingExecutorService$1.run(ImpersonatingExecutorService.java:68)
	at java.base/java.util.concurrent.ThreadPoolExecutor.runWorker(ThreadPoolExecutor.java:1136)
	at java.base/java.util.concurrent.ThreadPoolExecutor$Worker.run(ThreadPoolExecutor.java:635)
	at java.base/java.lang.Thread.run(Thread.java:833)

Nov 21, 2023 12:20:31 PM WARNING hudson.ExtensionComponent compareTo
Failure during Descriptor#getDisplayName for org.jvnet.hudson.test.HudsonTestCase$TestBuildWrapper$TestBuildWrapperDescriptor
java.lang.ClassNotFoundException: junit.framework.TestCase
Caused: java.lang.NoClassDefFoundError: junit/framework/TestCase
	at java.base/java.lang.Class.getDeclaringClass0(Native Method)
	at java.base/java.lang.Class.isTopLevelClass(Class.java:1805)
	at java.base/java.lang.Class.getSimpleBinaryName(Class.java:1790)
	at java.base/java.lang.Class.getSimpleName0(Class.java:1662)
	at java.base/java.lang.Class.getSimpleName(Class.java:1653)
	at hudson.model.Descriptor.getDisplayName(Descriptor.java:324)
	at hudson.ExtensionComponent.compareTo(ExtensionComponent.java:99)
	at hudson.ExtensionComponent.compareTo(ExtensionComponent.java:42)
	at java.base/java.util.ComparableTimSort.mergeHi(ComparableTimSort.java:808)
	at java.base/java.util.ComparableTimSort.mergeAt(ComparableTimSort.java:487)
	at java.base/java.util.ComparableTimSort.mergeForceCollapse(ComparableTimSort.java:426)
	at java.base/java.util.ComparableTimSort.sort(ComparableTimSort.java:222)
	at java.base/java.util.Arrays.sort(Arrays.java:1107)
	at java.base/java.util.Arrays.sort(Arrays.java:1301)
	at java.base/java.util.ArrayList.sort(ArrayList.java:1721)
	at java.base/java.util.Collections.sort(Collections.java:145)
	at hudson.ExtensionList.sort(ExtensionList.java:404)
	at hudson.ExtensionList.ensureLoaded(ExtensionList.java:322)
	at hudson.ExtensionList.getComponents(ExtensionList.java:184)
	at hudson.DescriptorExtensionList.load(DescriptorExtensionList.java:213)
	at hudson.ExtensionList.ensureLoaded(ExtensionList.java:320)
	at hudson.ExtensionList.iterator(ExtensionList.java:172)
	at org.jenkinsci.plugins.xunit.AliasInitializer.init(AliasInitializer.java:46)
	at java.base/jdk.internal.reflect.NativeMethodAccessorImpl.invoke0(Native Method)
	at java.base/jdk.internal.reflect.NativeMethodAccessorImpl.invoke(NativeMethodAccessorImpl.java:77)
	at java.base/jdk.internal.reflect.DelegatingMethodAccessorImpl.invoke(DelegatingMethodAccessorImpl.java:43)
	at java.base/java.lang.reflect.Method.invoke(Method.java:568)
	at hudson.init.TaskMethodFinder.invoke(TaskMethodFinder.java:109)
	at hudson.init.TaskMethodFinder$TaskImpl.run(TaskMethodFinder.java:185)
	at org.jvnet.hudson.reactor.Reactor.runTask(Reactor.java:305)
	at jenkins.model.Jenkins$5.runTask(Jenkins.java:1170)
	at org.jvnet.hudson.reactor.Reactor$2.run(Reactor.java:221)
	at org.jvnet.hudson.reactor.Reactor$Node.run(Reactor.java:120)
	at jenkins.security.ImpersonatingExecutorService$1.run(ImpersonatingExecutorService.java:68)
	at java.base/java.util.concurrent.ThreadPoolExecutor.runWorker(ThreadPoolExecutor.java:1136)
	at java.base/java.util.concurrent.ThreadPoolExecutor$Worker.run(ThreadPoolExecutor.java:635)
	at java.base/java.lang.Thread.run(Thread.java:833)

Nov 21, 2023 12:20:31 PM WARNING hudson.ExtensionComponent compareTo
Failure during Descriptor#getDisplayName for org.jvnet.hudson.test.HudsonTestCase$TestBuildWrapper$TestBuildWrapperDescriptor
java.lang.ClassNotFoundException: junit.framework.TestCase
Caused: java.lang.NoClassDefFoundError: junit/framework/TestCase
	at java.base/java.lang.Class.getDeclaringClass0(Native Method)
	at java.base/java.lang.Class.isTopLevelClass(Class.java:1805)
	at java.base/java.lang.Class.getSimpleBinaryName(Class.java:1790)
	at java.base/java.lang.Class.getSimpleName0(Class.java:1662)
	at java.base/java.lang.Class.getSimpleName(Class.java:1653)
	at hudson.model.Descriptor.getDisplayName(Descriptor.java:324)
	at hudson.ExtensionComponent.compareTo(ExtensionComponent.java:99)
	at hudson.ExtensionComponent.compareTo(ExtensionComponent.java:42)
	at java.base/java.util.ComparableTimSort.mergeHi(ComparableTimSort.java:808)
	at java.base/java.util.ComparableTimSort.mergeAt(ComparableTimSort.java:487)
	at java.base/java.util.ComparableTimSort.mergeForceCollapse(ComparableTimSort.java:426)
	at java.base/java.util.ComparableTimSort.sort(ComparableTimSort.java:222)
	at java.base/java.util.Arrays.sort(Arrays.java:1107)
	at java.base/java.util.Arrays.sort(Arrays.java:1301)
	at java.base/java.util.ArrayList.sort(ArrayList.java:1721)
	at java.base/java.util.Collections.sort(Collections.java:145)
	at hudson.ExtensionList.sort(ExtensionList.java:404)
	at hudson.ExtensionList.ensureLoaded(ExtensionList.java:322)
	at hudson.ExtensionList.getComponents(ExtensionList.java:184)
	at hudson.DescriptorExtensionList.load(DescriptorExtensionList.java:213)
	at hudson.ExtensionList.ensureLoaded(ExtensionList.java:320)
	at hudson.ExtensionList.iterator(ExtensionList.java:172)
	at org.jenkinsci.plugins.xunit.AliasInitializer.init(AliasInitializer.java:46)
	at java.base/jdk.internal.reflect.NativeMethodAccessorImpl.invoke0(Native Method)
	at java.base/jdk.internal.reflect.NativeMethodAccessorImpl.invoke(NativeMethodAccessorImpl.java:77)
	at java.base/jdk.internal.reflect.DelegatingMethodAccessorImpl.invoke(DelegatingMethodAccessorImpl.java:43)
	at java.base/java.lang.reflect.Method.invoke(Method.java:568)
	at hudson.init.TaskMethodFinder.invoke(TaskMethodFinder.java:109)
	at hudson.init.TaskMethodFinder$TaskImpl.run(TaskMethodFinder.java:185)
	at org.jvnet.hudson.reactor.Reactor.runTask(Reactor.java:305)
	at jenkins.model.Jenkins$5.runTask(Jenkins.java:1170)
	at org.jvnet.hudson.reactor.Reactor$2.run(Reactor.java:221)
	at org.jvnet.hudson.reactor.Reactor$Node.run(Reactor.java:120)
	at jenkins.security.ImpersonatingExecutorService$1.run(ImpersonatingExecutorService.java:68)
	at java.base/java.util.concurrent.ThreadPoolExecutor.runWorker(ThreadPoolExecutor.java:1136)
	at java.base/java.util.concurrent.ThreadPoolExecutor$Worker.run(ThreadPoolExecutor.java:635)
	at java.base/java.lang.Thread.run(Thread.java:833)

Nov 21, 2023 12:20:31 PM WARNING hudson.ExtensionComponent compareTo
Failure during Descriptor#getDisplayName for org.jvnet.hudson.test.HudsonTestCase$TestBuildWrapper$TestBuildWrapperDescriptor
java.lang.ClassNotFoundException: junit.framework.TestCase
Caused: java.lang.NoClassDefFoundError: junit/framework/TestCase
	at java.base/java.lang.Class.getDeclaringClass0(Native Method)
	at java.base/java.lang.Class.isTopLevelClass(Class.java:1805)
	at java.base/java.lang.Class.getSimpleBinaryName(Class.java:1790)
	at java.base/java.lang.Class.getSimpleName0(Class.java:1662)
	at java.base/java.lang.Class.getSimpleName(Class.java:1653)
	at hudson.model.Descriptor.getDisplayName(Descriptor.java:324)
	at hudson.ExtensionComponent.compareTo(ExtensionComponent.java:99)
	at hudson.ExtensionComponent.compareTo(ExtensionComponent.java:42)
	at java.base/java.util.ComparableTimSort.mergeHi(ComparableTimSort.java:808)
	at java.base/java.util.ComparableTimSort.mergeAt(ComparableTimSort.java:487)
	at java.base/java.util.ComparableTimSort.mergeForceCollapse(ComparableTimSort.java:426)
	at java.base/java.util.ComparableTimSort.sort(ComparableTimSort.java:222)
	at java.base/java.util.Arrays.sort(Arrays.java:1107)
	at java.base/java.util.Arrays.sort(Arrays.java:1301)
	at java.base/java.util.ArrayList.sort(ArrayList.java:1721)
	at java.base/java.util.Collections.sort(Collections.java:145)
	at hudson.ExtensionList.sort(ExtensionList.java:404)
	at hudson.ExtensionList.ensureLoaded(ExtensionList.java:322)
	at hudson.ExtensionList.getComponents(ExtensionList.java:184)
	at hudson.DescriptorExtensionList.load(DescriptorExtensionList.java:213)
	at hudson.ExtensionList.ensureLoaded(ExtensionList.java:320)
	at hudson.ExtensionList.iterator(ExtensionList.java:172)
	at org.jenkinsci.plugins.xunit.AliasInitializer.init(AliasInitializer.java:46)
	at java.base/jdk.internal.reflect.NativeMethodAccessorImpl.invoke0(Native Method)
	at java.base/jdk.internal.reflect.NativeMethodAccessorImpl.invoke(NativeMethodAccessorImpl.java:77)
	at java.base/jdk.internal.reflect.DelegatingMethodAccessorImpl.invoke(DelegatingMethodAccessorImpl.java:43)
	at java.base/java.lang.reflect.Method.invoke(Method.java:568)
	at hudson.init.TaskMethodFinder.invoke(TaskMethodFinder.java:109)
	at hudson.init.TaskMethodFinder$TaskImpl.run(TaskMethodFinder.java:185)
	at org.jvnet.hudson.reactor.Reactor.runTask(Reactor.java:305)
	at jenkins.model.Jenkins$5.runTask(Jenkins.java:1170)
	at org.jvnet.hudson.reactor.Reactor$2.run(Reactor.java:221)
	at org.jvnet.hudson.reactor.Reactor$Node.run(Reactor.java:120)
	at jenkins.security.ImpersonatingExecutorService$1.run(ImpersonatingExecutorService.java:68)
	at java.base/java.util.concurrent.ThreadPoolExecutor.runWorker(ThreadPoolExecutor.java:1136)
	at java.base/java.util.concurrent.ThreadPoolExecutor$Worker.run(ThreadPoolExecutor.java:635)
	at java.base/java.lang.Thread.run(Thread.java:833)

Nov 21, 2023 12:20:31 PM WARNING hudson.ExtensionComponent compareTo
Failure during Descriptor#getDisplayName for org.jvnet.hudson.test.HudsonTestCase$TestBuildWrapper$TestBuildWrapperDescriptor
java.lang.ClassNotFoundException: junit.framework.TestCase
Caused: java.lang.NoClassDefFoundError: junit/framework/TestCase
	at java.base/java.lang.Class.getDeclaringClass0(Native Method)
	at java.base/java.lang.Class.isTopLevelClass(Class.java:1805)
	at java.base/java.lang.Class.getSimpleBinaryName(Class.java:1790)
	at java.base/java.lang.Class.getSimpleName0(Class.java:1662)
	at java.base/java.lang.Class.getSimpleName(Class.java:1653)
	at hudson.model.Descriptor.getDisplayName(Descriptor.java:324)
	at hudson.ExtensionComponent.compareTo(ExtensionComponent.java:99)
	at hudson.ExtensionComponent.compareTo(ExtensionComponent.java:42)
	at java.base/java.util.ComparableTimSort.mergeHi(ComparableTimSort.java:808)
	at java.base/java.util.ComparableTimSort.mergeAt(ComparableTimSort.java:487)
	at java.base/java.util.ComparableTimSort.mergeForceCollapse(ComparableTimSort.java:426)
	at java.base/java.util.ComparableTimSort.sort(ComparableTimSort.java:222)
	at java.base/java.util.Arrays.sort(Arrays.java:1107)
	at java.base/java.util.Arrays.sort(Arrays.java:1301)
	at java.base/java.util.ArrayList.sort(ArrayList.java:1721)
	at java.base/java.util.Collections.sort(Collections.java:145)
	at hudson.ExtensionList.sort(ExtensionList.java:404)
	at hudson.ExtensionList.ensureLoaded(ExtensionList.java:322)
	at hudson.ExtensionList.getComponents(ExtensionList.java:184)
	at hudson.DescriptorExtensionList.load(DescriptorExtensionList.java:213)
	at hudson.ExtensionList.ensureLoaded(ExtensionList.java:320)
	at hudson.ExtensionList.iterator(ExtensionList.java:172)
	at org.jenkinsci.plugins.xunit.AliasInitializer.init(AliasInitializer.java:46)
	at java.base/jdk.internal.reflect.NativeMethodAccessorImpl.invoke0(Native Method)
	at java.base/jdk.internal.reflect.NativeMethodAccessorImpl.invoke(NativeMethodAccessorImpl.java:77)
	at java.base/jdk.internal.reflect.DelegatingMethodAccessorImpl.invoke(DelegatingMethodAccessorImpl.java:43)
	at java.base/java.lang.reflect.Method.invoke(Method.java:568)
	at hudson.init.TaskMethodFinder.invoke(TaskMethodFinder.java:109)
	at hudson.init.TaskMethodFinder$TaskImpl.run(TaskMethodFinder.java:185)
	at org.jvnet.hudson.reactor.Reactor.runTask(Reactor.java:305)
	at jenkins.model.Jenkins$5.runTask(Jenkins.java:1170)
	at org.jvnet.hudson.reactor.Reactor$2.run(Reactor.java:221)
	at org.jvnet.hudson.reactor.Reactor$Node.run(Reactor.java:120)
	at jenkins.security.ImpersonatingExecutorService$1.run(ImpersonatingExecutorService.java:68)
	at java.base/java.util.concurrent.ThreadPoolExecutor.runWorker(ThreadPoolExecutor.java:1136)
	at java.base/java.util.concurrent.ThreadPoolExecutor$Worker.run(ThreadPoolExecutor.java:635)
	at java.base/java.lang.Thread.run(Thread.java:833)

Nov 21, 2023 12:20:31 PM WARNING hudson.ExtensionComponent compareTo
Failure during Descriptor#getDisplayName for org.jvnet.hudson.test.HudsonTestCase$TestBuildWrapper$TestBuildWrapperDescriptor
java.lang.ClassNotFoundException: junit.framework.TestCase
Caused: java.lang.NoClassDefFoundError: junit/framework/TestCase
	at java.base/java.lang.Class.getDeclaringClass0(Native Method)
	at java.base/java.lang.Class.isTopLevelClass(Class.java:1805)
	at java.base/java.lang.Class.getSimpleBinaryName(Class.java:1790)
	at java.base/java.lang.Class.getSimpleName0(Class.java:1662)
	at java.base/java.lang.Class.getSimpleName(Class.java:1653)
	at hudson.model.Descriptor.getDisplayName(Descriptor.java:324)
	at hudson.ExtensionComponent.compareTo(ExtensionComponent.java:99)
	at hudson.ExtensionComponent.compareTo(ExtensionComponent.java:42)
	at java.base/java.util.ComparableTimSort.mergeHi(ComparableTimSort.java:808)
	at java.base/java.util.ComparableTimSort.mergeAt(ComparableTimSort.java:487)
	at java.base/java.util.ComparableTimSort.mergeForceCollapse(ComparableTimSort.java:426)
	at java.base/java.util.ComparableTimSort.sort(ComparableTimSort.java:222)
	at java.base/java.util.Arrays.sort(Arrays.java:1107)
	at java.base/java.util.Arrays.sort(Arrays.java:1301)
	at java.base/java.util.ArrayList.sort(ArrayList.java:1721)
	at java.base/java.util.Collections.sort(Collections.java:145)
	at hudson.ExtensionList.sort(ExtensionList.java:404)
	at hudson.ExtensionList.ensureLoaded(ExtensionList.java:322)
	at hudson.ExtensionList.getComponents(ExtensionList.java:184)
	at hudson.DescriptorExtensionList.load(DescriptorExtensionList.java:213)
	at hudson.ExtensionList.ensureLoaded(ExtensionList.java:320)
	at hudson.ExtensionList.iterator(ExtensionList.java:172)
	at org.jenkinsci.plugins.xunit.AliasInitializer.init(AliasInitializer.java:46)
	at java.base/jdk.internal.reflect.NativeMethodAccessorImpl.invoke0(Native Method)
	at java.base/jdk.internal.reflect.NativeMethodAccessorImpl.invoke(NativeMethodAccessorImpl.java:77)
	at java.base/jdk.internal.reflect.DelegatingMethodAccessorImpl.invoke(DelegatingMethodAccessorImpl.java:43)
	at java.base/java.lang.reflect.Method.invoke(Method.java:568)
	at hudson.init.TaskMethodFinder.invoke(TaskMethodFinder.java:109)
	at hudson.init.TaskMethodFinder$TaskImpl.run(TaskMethodFinder.java:185)
	at org.jvnet.hudson.reactor.Reactor.runTask(Reactor.java:305)
	at jenkins.model.Jenkins$5.runTask(Jenkins.java:1170)
	at org.jvnet.hudson.reactor.Reactor$2.run(Reactor.java:221)
	at org.jvnet.hudson.reactor.Reactor$Node.run(Reactor.java:120)
	at jenkins.security.ImpersonatingExecutorService$1.run(ImpersonatingExecutorService.java:68)
	at java.base/java.util.concurrent.ThreadPoolExecutor.runWorker(ThreadPoolExecutor.java:1136)
	at java.base/java.util.concurrent.ThreadPoolExecutor$Worker.run(ThreadPoolExecutor.java:635)
	at java.base/java.lang.Thread.run(Thread.java:833)

Nov 21, 2023 12:20:31 PM WARNING hudson.ExtensionComponent compareTo
Failure during Descriptor#getDisplayName for org.jvnet.hudson.test.HudsonTestCase$TestBuildWrapper$TestBuildWrapperDescriptor
java.lang.ClassNotFoundException: junit.framework.TestCase
Caused: java.lang.NoClassDefFoundError: junit/framework/TestCase
	at java.base/java.lang.Class.getDeclaringClass0(Native Method)
	at java.base/java.lang.Class.isTopLevelClass(Class.java:1805)
	at java.base/java.lang.Class.getSimpleBinaryName(Class.java:1790)
	at java.base/java.lang.Class.getSimpleName0(Class.java:1662)
	at java.base/java.lang.Class.getSimpleName(Class.java:1653)
	at hudson.model.Descriptor.getDisplayName(Descriptor.java:324)
	at hudson.ExtensionComponent.compareTo(ExtensionComponent.java:99)
	at hudson.ExtensionComponent.compareTo(ExtensionComponent.java:42)
	at java.base/java.util.ComparableTimSort.gallopRight(ComparableTimSort.java:583)
	at java.base/java.util.ComparableTimSort.mergeHi(ComparableTimSort.java:830)
	at java.base/java.util.ComparableTimSort.mergeAt(ComparableTimSort.java:487)
	at java.base/java.util.ComparableTimSort.mergeForceCollapse(ComparableTimSort.java:426)
	at java.base/java.util.ComparableTimSort.sort(ComparableTimSort.java:222)
	at java.base/java.util.Arrays.sort(Arrays.java:1107)
	at java.base/java.util.Arrays.sort(Arrays.java:1301)
	at java.base/java.util.ArrayList.sort(ArrayList.java:1721)
	at java.base/java.util.Collections.sort(Collections.java:145)
	at hudson.ExtensionList.sort(ExtensionList.java:404)
	at hudson.ExtensionList.ensureLoaded(ExtensionList.java:322)
	at hudson.ExtensionList.getComponents(ExtensionList.java:184)
	at hudson.DescriptorExtensionList.load(DescriptorExtensionList.java:213)
	at hudson.ExtensionList.ensureLoaded(ExtensionList.java:320)
	at hudson.ExtensionList.iterator(ExtensionList.java:172)
	at org.jenkinsci.plugins.xunit.AliasInitializer.init(AliasInitializer.java:46)
	at java.base/jdk.internal.reflect.NativeMethodAccessorImpl.invoke0(Native Method)
	at java.base/jdk.internal.reflect.NativeMethodAccessorImpl.invoke(NativeMethodAccessorImpl.java:77)
	at java.base/jdk.internal.reflect.DelegatingMethodAccessorImpl.invoke(DelegatingMethodAccessorImpl.java:43)
	at java.base/java.lang.reflect.Method.invoke(Method.java:568)
	at hudson.init.TaskMethodFinder.invoke(TaskMethodFinder.java:109)
	at hudson.init.TaskMethodFinder$TaskImpl.run(TaskMethodFinder.java:185)
	at org.jvnet.hudson.reactor.Reactor.runTask(Reactor.java:305)
	at jenkins.model.Jenkins$5.runTask(Jenkins.java:1170)
	at org.jvnet.hudson.reactor.Reactor$2.run(Reactor.java:221)
	at org.jvnet.hudson.reactor.Reactor$Node.run(Reactor.java:120)
	at jenkins.security.ImpersonatingExecutorService$1.run(ImpersonatingExecutorService.java:68)
	at java.base/java.util.concurrent.ThreadPoolExecutor.runWorker(ThreadPoolExecutor.java:1136)
	at java.base/java.util.concurrent.ThreadPoolExecutor$Worker.run(ThreadPoolExecutor.java:635)
	at java.base/java.lang.Thread.run(Thread.java:833)

Nov 21, 2023 12:20:31 PM WARNING hudson.ExtensionComponent compareTo
Failure during Descriptor#getDisplayName for org.jvnet.hudson.test.HudsonTestCase$TestBuildWrapper$TestBuildWrapperDescriptor
java.lang.ClassNotFoundException: junit.framework.TestCase
Caused: java.lang.NoClassDefFoundError: junit/framework/TestCase
	at java.base/java.lang.Class.getDeclaringClass0(Native Method)
	at java.base/java.lang.Class.isTopLevelClass(Class.java:1805)
	at java.base/java.lang.Class.getSimpleBinaryName(Class.java:1790)
	at java.base/java.lang.Class.getSimpleName0(Class.java:1662)
	at java.base/java.lang.Class.getSimpleName(Class.java:1653)
	at hudson.model.Descriptor.getDisplayName(Descriptor.java:324)
	at hudson.ExtensionComponent.compareTo(ExtensionComponent.java:99)
	at hudson.ExtensionComponent.compareTo(ExtensionComponent.java:42)
	at java.base/java.util.ComparableTimSort.gallopRight(ComparableTimSort.java:586)
	at java.base/java.util.ComparableTimSort.mergeHi(ComparableTimSort.java:830)
	at java.base/java.util.ComparableTimSort.mergeAt(ComparableTimSort.java:487)
	at java.base/java.util.ComparableTimSort.mergeForceCollapse(ComparableTimSort.java:426)
	at java.base/java.util.ComparableTimSort.sort(ComparableTimSort.java:222)
	at java.base/java.util.Arrays.sort(Arrays.java:1107)
	at java.base/java.util.Arrays.sort(Arrays.java:1301)
	at java.base/java.util.ArrayList.sort(ArrayList.java:1721)
	at java.base/java.util.Collections.sort(Collections.java:145)
	at hudson.ExtensionList.sort(ExtensionList.java:404)
	at hudson.ExtensionList.ensureLoaded(ExtensionList.java:322)
	at hudson.ExtensionList.getComponents(ExtensionList.java:184)
	at hudson.DescriptorExtensionList.load(DescriptorExtensionList.java:213)
	at hudson.ExtensionList.ensureLoaded(ExtensionList.java:320)
	at hudson.ExtensionList.iterator(ExtensionList.java:172)
	at org.jenkinsci.plugins.xunit.AliasInitializer.init(AliasInitializer.java:46)
	at java.base/jdk.internal.reflect.NativeMethodAccessorImpl.invoke0(Native Method)
	at java.base/jdk.internal.reflect.NativeMethodAccessorImpl.invoke(NativeMethodAccessorImpl.java:77)
	at java.base/jdk.internal.reflect.DelegatingMethodAccessorImpl.invoke(DelegatingMethodAccessorImpl.java:43)
	at java.base/java.lang.reflect.Method.invoke(Method.java:568)
	at hudson.init.TaskMethodFinder.invoke(TaskMethodFinder.java:109)
	at hudson.init.TaskMethodFinder$TaskImpl.run(TaskMethodFinder.java:185)
	at org.jvnet.hudson.reactor.Reactor.runTask(Reactor.java:305)
	at jenkins.model.Jenkins$5.runTask(Jenkins.java:1170)
	at org.jvnet.hudson.reactor.Reactor$2.run(Reactor.java:221)
	at org.jvnet.hudson.reactor.Reactor$Node.run(Reactor.java:120)
	at jenkins.security.ImpersonatingExecutorService$1.run(ImpersonatingExecutorService.java:68)
	at java.base/java.util.concurrent.ThreadPoolExecutor.runWorker(ThreadPoolExecutor.java:1136)
	at java.base/java.util.concurrent.ThreadPoolExecutor$Worker.run(ThreadPoolExecutor.java:635)
	at java.base/java.lang.Thread.run(Thread.java:833)

Nov 21, 2023 12:20:31 PM WARNING hudson.ExtensionComponent compareTo
Failure during Descriptor#getDisplayName for org.jvnet.hudson.test.HudsonTestCase$TestBuildWrapper$TestBuildWrapperDescriptor
java.lang.ClassNotFoundException: junit.framework.TestCase
Caused: java.lang.NoClassDefFoundError: junit/framework/TestCase
	at java.base/java.lang.Class.getDeclaringClass0(Native Method)
	at java.base/java.lang.Class.isTopLevelClass(Class.java:1805)
	at java.base/java.lang.Class.getSimpleBinaryName(Class.java:1790)
	at java.base/java.lang.Class.getSimpleName0(Class.java:1662)
	at java.base/java.lang.Class.getSimpleName(Class.java:1653)
	at hudson.model.Descriptor.getDisplayName(Descriptor.java:324)
	at hudson.ExtensionComponent.compareTo(ExtensionComponent.java:99)
	at hudson.ExtensionComponent.compareTo(ExtensionComponent.java:42)
	at java.base/java.util.ComparableTimSort.gallopRight(ComparableTimSort.java:626)
	at java.base/java.util.ComparableTimSort.mergeHi(ComparableTimSort.java:830)
	at java.base/java.util.ComparableTimSort.mergeAt(ComparableTimSort.java:487)
	at java.base/java.util.ComparableTimSort.mergeForceCollapse(ComparableTimSort.java:426)
	at java.base/java.util.ComparableTimSort.sort(ComparableTimSort.java:222)
	at java.base/java.util.Arrays.sort(Arrays.java:1107)
	at java.base/java.util.Arrays.sort(Arrays.java:1301)
	at java.base/java.util.ArrayList.sort(ArrayList.java:1721)
	at java.base/java.util.Collections.sort(Collections.java:145)
	at hudson.ExtensionList.sort(ExtensionList.java:404)
	at hudson.ExtensionList.ensureLoaded(ExtensionList.java:322)
	at hudson.ExtensionList.getComponents(ExtensionList.java:184)
	at hudson.DescriptorExtensionList.load(DescriptorExtensionList.java:213)
	at hudson.ExtensionList.ensureLoaded(ExtensionList.java:320)
	at hudson.ExtensionList.iterator(ExtensionList.java:172)
	at org.jenkinsci.plugins.xunit.AliasInitializer.init(AliasInitializer.java:46)
	at java.base/jdk.internal.reflect.NativeMethodAccessorImpl.invoke0(Native Method)
	at java.base/jdk.internal.reflect.NativeMethodAccessorImpl.invoke(NativeMethodAccessorImpl.java:77)
	at java.base/jdk.internal.reflect.DelegatingMethodAccessorImpl.invoke(DelegatingMethodAccessorImpl.java:43)
	at java.base/java.lang.reflect.Method.invoke(Method.java:568)
	at hudson.init.TaskMethodFinder.invoke(TaskMethodFinder.java:109)
	at hudson.init.TaskMethodFinder$TaskImpl.run(TaskMethodFinder.java:185)
	at org.jvnet.hudson.reactor.Reactor.runTask(Reactor.java:305)
	at jenkins.model.Jenkins$5.runTask(Jenkins.java:1170)
	at org.jvnet.hudson.reactor.Reactor$2.run(Reactor.java:221)
	at org.jvnet.hudson.reactor.Reactor$Node.run(Reactor.java:120)
	at jenkins.security.ImpersonatingExecutorService$1.run(ImpersonatingExecutorService.java:68)
	at java.base/java.util.concurrent.ThreadPoolExecutor.runWorker(ThreadPoolExecutor.java:1136)
	at java.base/java.util.concurrent.ThreadPoolExecutor$Worker.run(ThreadPoolExecutor.java:635)
	at java.base/java.lang.Thread.run(Thread.java:833)

Nov 21, 2023 12:20:31 PM INFO jenkins.InitReactorRunner$1 onAttained
Started all plugins
Nov 21, 2023 12:20:31 PM INFO jenkins.InitReactorRunner$1 onAttained
Augmented all extensions
Nov 21, 2023 12:20:31 PM SEVERE org.jvnet.hudson.test.ChannelShutdownListener 
JENKINS-58771: Jenkins test harness code being loaded in what seems to be a production system, perhaps causing critical memory leaks: file:/var/lib/jenkins/plugins/build-pipeline-plugin/WEB-INF/lib/jenkins-test-harness-2109.v930e1e518c15.jar
Nov 21, 2023 12:20:31 PM INFO jenkins.InitReactorRunner$1 onAttained
System config loaded
Nov 21, 2023 12:20:31 PM SEVERE jenkins.InitReactorRunner$1 onTaskFailed
Failed Loading item temp
com.thoughtworks.xstream.converters.ConversionException: Validation failed
---- Debugging information ----
message             : Validation failed
scriptId            : The script is not allowed to be executed in a build, check its configuration!
-------------------------------
	at org.jenkinsci.plugins.scriptler.builder.ScriptlerBuilder$ConverterImpl.callback(ScriptlerBuilder.java:319)
Caused: jenkins.util.xstream.CriticalXStreamException: 
---- Debugging information ----
cause-exception     : com.thoughtworks.xstream.converters.ConversionException
cause-message       : Validation failed
class               : org.jenkinsci.plugins.scriptler.builder.ScriptlerBuilder
required-type       : org.jenkinsci.plugins.scriptler.builder.ScriptlerBuilder
converter-type      : hudson.util.XStream2$AssociatedConverterImpl
path                : /flow-definition/properties/hudson.model.ParametersDefinitionProperty/parameterDefinitions/org.biouno.unochoice.ChoiceParameter/script/scriptlerBuilder
line number         : 47
class[1]            : org.biouno.unochoice.model.ScriptlerScript
required-type[1]    : org.biouno.unochoice.model.ScriptlerScript
converter-type[1]   : hudson.util.RobustReflectionConverter
class[2]            : org.biouno.unochoice.ChoiceParameter
required-type[2]    : org.biouno.unochoice.ChoiceParameter
class[3]            : java.util.ArrayList
required-type[3]    : java.util.ArrayList
converter-type[2]   : hudson.util.RobustCollectionConverter
class[4]            : hudson.model.ParametersDefinitionProperty
required-type[4]    : hudson.model.ParametersDefinitionProperty
class[5]            : hudson.util.CopyOnWriteList
required-type[5]    : hudson.util.CopyOnWriteList
class[6]            : org.jenkinsci.plugins.workflow.job.WorkflowJob
required-type[6]    : org.jenkinsci.plugins.workflow.job.WorkflowJob
version             : 2.426.1
-------------------------------
	at org.jenkinsci.plugins.scriptler.builder.ScriptlerBuilder$ConverterImpl.callback(ScriptlerBuilder.java:324)
	at org.jenkinsci.plugins.scriptler.builder.ScriptlerBuilder$ConverterImpl.callback(ScriptlerBuilder.java:308)
	at hudson.util.XStream2$PassthruConverter.unmarshal(XStream2.java:596)
	at hudson.util.XStream2$AssociatedConverterImpl.unmarshal(XStream2.java:562)
	at com.thoughtworks.xstream.core.TreeUnmarshaller.convert(TreeUnmarshaller.java:74)
	at com.thoughtworks.xstream.core.AbstractReferenceUnmarshaller.convert(AbstractReferenceUnmarshaller.java:72)
	at com.thoughtworks.xstream.core.TreeUnmarshaller.convertAnother(TreeUnmarshaller.java:68)
	at hudson.util.RobustReflectionConverter.unmarshalField(RobustReflectionConverter.java:454)
	at hudson.util.RobustReflectionConverter.doUnmarshal(RobustReflectionConverter.java:350)
	at hudson.util.RobustReflectionConverter.unmarshal(RobustReflectionConverter.java:289)
	at com.thoughtworks.xstream.core.TreeUnmarshaller.convert(TreeUnmarshaller.java:74)
	at com.thoughtworks.xstream.core.AbstractReferenceUnmarshaller.convert(AbstractReferenceUnmarshaller.java:72)
	at com.thoughtworks.xstream.core.TreeUnmarshaller.convertAnother(TreeUnmarshaller.java:68)
	at hudson.util.RobustReflectionConverter.unmarshalField(RobustReflectionConverter.java:454)
	at hudson.util.RobustReflectionConverter.doUnmarshal(RobustReflectionConverter.java:350)
	at hudson.util.RobustReflectionConverter.unmarshal(RobustReflectionConverter.java:289)
	at com.thoughtworks.xstream.core.TreeUnmarshaller.convert(TreeUnmarshaller.java:74)
	at com.thoughtworks.xstream.core.AbstractReferenceUnmarshaller.convert(AbstractReferenceUnmarshaller.java:72)
	at com.thoughtworks.xstream.core.TreeUnmarshaller.convertAnother(TreeUnmarshaller.java:68)
	at com.thoughtworks.xstream.core.TreeUnmarshaller.convertAnother(TreeUnmarshaller.java:52)
	at com.thoughtworks.xstream.converters.collections.AbstractCollectionConverter.readBareItem(AbstractCollectionConverter.java:132)
	at hudson.util.RobustCollectionConverter.populateCollection(RobustCollectionConverter.java:87)
	at com.thoughtworks.xstream.converters.collections.CollectionConverter.unmarshal(CollectionConverter.java:81)
	at hudson.util.RobustCollectionConverter.unmarshal(RobustCollectionConverter.java:78)
	at com.thoughtworks.xstream.core.TreeUnmarshaller.convert(TreeUnmarshaller.java:74)
	at com.thoughtworks.xstream.core.AbstractReferenceUnmarshaller.convert(AbstractReferenceUnmarshaller.java:72)
	at com.thoughtworks.xstream.core.TreeUnmarshaller.convertAnother(TreeUnmarshaller.java:68)
	at hudson.util.RobustReflectionConverter.unmarshalField(RobustReflectionConverter.java:454)
	at hudson.util.RobustReflectionConverter.doUnmarshal(RobustReflectionConverter.java:350)
	at hudson.util.RobustReflectionConverter.unmarshal(RobustReflectionConverter.java:289)
	at com.thoughtworks.xstream.core.TreeUnmarshaller.convert(TreeUnmarshaller.java:74)
	at com.thoughtworks.xstream.core.AbstractReferenceUnmarshaller.convert(AbstractReferenceUnmarshaller.java:72)
	at com.thoughtworks.xstream.core.TreeUnmarshaller.convertAnother(TreeUnmarshaller.java:68)
	at com.thoughtworks.xstream.core.TreeUnmarshaller.convertAnother(TreeUnmarshaller.java:52)
	at com.thoughtworks.xstream.converters.collections.AbstractCollectionConverter.readBareItem(AbstractCollectionConverter.java:132)
	at com.thoughtworks.xstream.converters.collections.AbstractCollectionConverter.readItem(AbstractCollectionConverter.java:117)
	at hudson.util.CopyOnWriteList$ConverterImpl.unmarshal(CopyOnWriteList.java:203)
	at hudson.util.CopyOnWriteList$ConverterImpl.unmarshal(CopyOnWriteList.java:179)
	at hudson.util.XStream2$AssociatedConverterImpl.unmarshal(XStream2.java:562)
	at com.thoughtworks.xstream.core.TreeUnmarshaller.convert(TreeUnmarshaller.java:74)
	at com.thoughtworks.xstream.core.AbstractReferenceUnmarshaller.convert(AbstractReferenceUnmarshaller.java:72)
	at com.thoughtworks.xstream.core.TreeUnmarshaller.convertAnother(TreeUnmarshaller.java:68)
	at hudson.util.RobustReflectionConverter.unmarshalField(RobustReflectionConverter.java:454)
	at hudson.util.RobustReflectionConverter.doUnmarshal(RobustReflectionConverter.java:350)
	at hudson.util.RobustReflectionConverter.unmarshal(RobustReflectionConverter.java:289)
	at com.thoughtworks.xstream.core.TreeUnmarshaller.convert(TreeUnmarshaller.java:74)
	at com.thoughtworks.xstream.core.AbstractReferenceUnmarshaller.convert(AbstractReferenceUnmarshaller.java:72)
	at com.thoughtworks.xstream.core.TreeUnmarshaller.convertAnother(TreeUnmarshaller.java:68)
	at com.thoughtworks.xstream.core.TreeUnmarshaller.convertAnother(TreeUnmarshaller.java:52)
	at com.thoughtworks.xstream.core.TreeUnmarshaller.start(TreeUnmarshaller.java:136)
	at com.thoughtworks.xstream.core.AbstractTreeMarshallingStrategy.unmarshal(AbstractTreeMarshallingStrategy.java:32)
	at com.thoughtworks.xstream.XStream.unmarshal(XStream.java:1464)
	at hudson.util.XStream2.unmarshal(XStream2.java:230)
	at hudson.util.XStream2.unmarshal(XStream2.java:201)
	at com.thoughtworks.xstream.XStream.unmarshal(XStream.java:1441)
	at com.thoughtworks.xstream.XStream.fromXML(XStream.java:1330)
	at hudson.XmlFile.read(XmlFile.java:165)
Caused: java.io.IOException: Unable to read /var/lib/jenkins/jobs/temp/config.xml
	at hudson.XmlFile.read(XmlFile.java:167)
	at hudson.model.Items.load(Items.java:375)
	at jenkins.model.Jenkins$13.run(Jenkins.java:3513)
	at org.jvnet.hudson.reactor.TaskGraphBuilder$TaskImpl.run(TaskGraphBuilder.java:177)
	at org.jvnet.hudson.reactor.Reactor.runTask(Reactor.java:305)
	at jenkins.model.Jenkins$5.runTask(Jenkins.java:1170)
	at org.jvnet.hudson.reactor.Reactor$2.run(Reactor.java:221)
	at org.jvnet.hudson.reactor.Reactor$Node.run(Reactor.java:120)
	at jenkins.security.ImpersonatingExecutorService$1.run(ImpersonatingExecutorService.java:68)
	at java.base/java.util.concurrent.ThreadPoolExecutor.runWorker(ThreadPoolExecutor.java:1136)
	at java.base/java.util.concurrent.ThreadPoolExecutor$Worker.run(ThreadPoolExecutor.java:635)
	at java.base/java.lang.Thread.run(Thread.java:833)

Nov 21, 2023 12:20:32 PM INFO com.atlassian.bitbucket.jenkins.internal.http.HttpRequestExecutorImpl handleError
Bitbucket - Path not found
Nov 21, 2023 12:20:32 PM SEVERE com.atlassian.bitbucket.jenkins.internal.trigger.BitbucketWebhookTriggerImpl$BitbucketWebhookTriggerDescriptor addTrigger
There was a problem while trying to add webhook
com.atlassian.bitbucket.jenkins.internal.client.exception.NotFoundException: - response: 404
	at com.atlassian.bitbucket.jenkins.internal.http.HttpRequestExecutorImpl.handleError(HttpRequestExecutorImpl.java:140)
	at com.atlassian.bitbucket.jenkins.internal.http.HttpRequestExecutorImpl.makeRequest(HttpRequestExecutorImpl.java:95)
	at com.atlassian.bitbucket.jenkins.internal.http.HttpRequestExecutorImpl.performRequest(HttpRequestExecutorImpl.java:160)
	at com.atlassian.bitbucket.jenkins.internal.http.HttpRequestExecutorImpl.executeRequest(HttpRequestExecutorImpl.java:81)
	at com.atlassian.bitbucket.jenkins.internal.http.HttpRequestExecutorImpl.executeGet(HttpRequestExecutorImpl.java:52)
	at com.atlassian.bitbucket.jenkins.internal.client.BitbucketRequestExecutor.makeGetRequest(BitbucketRequestExecutor.java:185)
	at com.atlassian.bitbucket.jenkins.internal.client.BitbucketRequestExecutor.makeGetRequest(BitbucketRequestExecutor.java:89)
	at com.atlassian.bitbucket.jenkins.internal.client.BitbucketWebhookClientImpl.getWebhooks(BitbucketWebhookClientImpl.java:59)
	at com.atlassian.bitbucket.jenkins.internal.trigger.register.BitbucketWebhookHandler.process(BitbucketWebhookHandler.java:139)
	at com.atlassian.bitbucket.jenkins.internal.trigger.register.BitbucketWebhookHandler.register(BitbucketWebhookHandler.java:53)
	at com.atlassian.bitbucket.jenkins.internal.trigger.RetryingWebhookHandler.registerUsingCredentials(RetryingWebhookHandler.java:96)
	at com.atlassian.bitbucket.jenkins.internal.trigger.RetryingWebhookHandler.registerUsingCredentialsQuietly(RetryingWebhookHandler.java:104)
	at com.atlassian.bitbucket.jenkins.internal.trigger.RetryingWebhookHandler.lambda$registerWithRetry$0(RetryingWebhookHandler.java:119)
	at java.base/java.util.Optional.map(Optional.java:260)
	at com.atlassian.bitbucket.jenkins.internal.trigger.RetryingWebhookHandler.registerWithRetry(RetryingWebhookHandler.java:118)
	at com.atlassian.bitbucket.jenkins.internal.trigger.RetryingWebhookHandler.register(RetryingWebhookHandler.java:78)
Caused: com.atlassian.bitbucket.jenkins.internal.trigger.register.WebhookRegistrationFailed: Failed to register webhook in bitbucket server with url http://192.168.200.3:7990
	at com.atlassian.bitbucket.jenkins.internal.trigger.RetryingWebhookHandler.register(RetryingWebhookHandler.java:82)
	at com.atlassian.bitbucket.jenkins.internal.trigger.BitbucketWebhookTriggerImpl$BitbucketWebhookTriggerDescriptor.registerWebhook(BitbucketWebhookTriggerImpl.java:296)
	at com.atlassian.bitbucket.jenkins.internal.trigger.BitbucketWebhookTriggerImpl$BitbucketWebhookTriggerDescriptor.lambda$addTrigger$1(BitbucketWebhookTriggerImpl.java:265)
	at java.base/java.util.ArrayList.forEach(ArrayList.java:1511)
	at com.atlassian.bitbucket.jenkins.internal.trigger.BitbucketWebhookTriggerImpl$BitbucketWebhookTriggerDescriptor.addTrigger(BitbucketWebhookTriggerImpl.java:265)
	at com.atlassian.bitbucket.jenkins.internal.trigger.BitbucketWebhookTriggerImpl.lambda$start$0(BitbucketWebhookTriggerImpl.java:116)
	at java.base/java.util.Optional.ifPresent(Optional.java:178)
	at com.atlassian.bitbucket.jenkins.internal.trigger.BitbucketWebhookTriggerImpl.start(BitbucketWebhookTriggerImpl.java:114)
	at com.atlassian.bitbucket.jenkins.internal.trigger.BitbucketWebhookTriggerImpl.start(BitbucketWebhookTriggerImpl.java:47)
	at org.jenkinsci.plugins.workflow.job.properties.PipelineTriggersJobProperty.startTriggers(PipelineTriggersJobProperty.java:113)
	at org.jenkinsci.plugins.workflow.job.WorkflowJob.onLoad(WorkflowJob.java:152)
	at hudson.model.Items.load(Items.java:376)
	at jenkins.model.Jenkins$13.run(Jenkins.java:3513)
	at org.jvnet.hudson.reactor.TaskGraphBuilder$TaskImpl.run(TaskGraphBuilder.java:177)
	at org.jvnet.hudson.reactor.Reactor.runTask(Reactor.java:305)
	at jenkins.model.Jenkins$5.runTask(Jenkins.java:1170)
	at org.jvnet.hudson.reactor.Reactor$2.run(Reactor.java:221)
	at org.jvnet.hudson.reactor.Reactor$Node.run(Reactor.java:120)
	at jenkins.security.ImpersonatingExecutorService$1.run(ImpersonatingExecutorService.java:68)
	at java.base/java.util.concurrent.ThreadPoolExecutor.runWorker(ThreadPoolExecutor.java:1136)
	at java.base/java.util.concurrent.ThreadPoolExecutor$Worker.run(ThreadPoolExecutor.java:635)
	at java.base/java.lang.Thread.run(Thread.java:833)

Nov 21, 2023 12:20:32 PM SEVERE org.jenkinsci.plugins.workflow.job.properties.PipelineTriggersJobProperty startTriggers
Can't start trigger.
com.atlassian.bitbucket.jenkins.internal.client.exception.NotFoundException: - response: 404
	at com.atlassian.bitbucket.jenkins.internal.http.HttpRequestExecutorImpl.handleError(HttpRequestExecutorImpl.java:140)
	at com.atlassian.bitbucket.jenkins.internal.http.HttpRequestExecutorImpl.makeRequest(HttpRequestExecutorImpl.java:95)
	at com.atlassian.bitbucket.jenkins.internal.http.HttpRequestExecutorImpl.performRequest(HttpRequestExecutorImpl.java:160)
	at com.atlassian.bitbucket.jenkins.internal.http.HttpRequestExecutorImpl.executeRequest(HttpRequestExecutorImpl.java:81)
	at com.atlassian.bitbucket.jenkins.internal.http.HttpRequestExecutorImpl.executeGet(HttpRequestExecutorImpl.java:52)
	at com.atlassian.bitbucket.jenkins.internal.client.BitbucketRequestExecutor.makeGetRequest(BitbucketRequestExecutor.java:185)
	at com.atlassian.bitbucket.jenkins.internal.client.BitbucketRequestExecutor.makeGetRequest(BitbucketRequestExecutor.java:89)
	at com.atlassian.bitbucket.jenkins.internal.client.BitbucketWebhookClientImpl.getWebhooks(BitbucketWebhookClientImpl.java:59)
	at com.atlassian.bitbucket.jenkins.internal.trigger.register.BitbucketWebhookHandler.process(BitbucketWebhookHandler.java:139)
	at com.atlassian.bitbucket.jenkins.internal.trigger.register.BitbucketWebhookHandler.register(BitbucketWebhookHandler.java:53)
	at com.atlassian.bitbucket.jenkins.internal.trigger.RetryingWebhookHandler.registerUsingCredentials(RetryingWebhookHandler.java:96)
	at com.atlassian.bitbucket.jenkins.internal.trigger.RetryingWebhookHandler.registerUsingCredentialsQuietly(RetryingWebhookHandler.java:104)
	at com.atlassian.bitbucket.jenkins.internal.trigger.RetryingWebhookHandler.lambda$registerWithRetry$0(RetryingWebhookHandler.java:119)
	at java.base/java.util.Optional.map(Optional.java:260)
	at com.atlassian.bitbucket.jenkins.internal.trigger.RetryingWebhookHandler.registerWithRetry(RetryingWebhookHandler.java:118)
	at com.atlassian.bitbucket.jenkins.internal.trigger.RetryingWebhookHandler.register(RetryingWebhookHandler.java:78)
Caused: com.atlassian.bitbucket.jenkins.internal.trigger.register.WebhookRegistrationFailed: Failed to register webhook in bitbucket server with url http://192.168.200.3:7990
	at com.atlassian.bitbucket.jenkins.internal.trigger.RetryingWebhookHandler.register(RetryingWebhookHandler.java:82)
	at com.atlassian.bitbucket.jenkins.internal.trigger.BitbucketWebhookTriggerImpl$BitbucketWebhookTriggerDescriptor.registerWebhook(BitbucketWebhookTriggerImpl.java:296)
	at com.atlassian.bitbucket.jenkins.internal.trigger.BitbucketWebhookTriggerImpl$BitbucketWebhookTriggerDescriptor.lambda$addTrigger$1(BitbucketWebhookTriggerImpl.java:265)
	at java.base/java.util.ArrayList.forEach(ArrayList.java:1511)
	at com.atlassian.bitbucket.jenkins.internal.trigger.BitbucketWebhookTriggerImpl$BitbucketWebhookTriggerDescriptor.addTrigger(BitbucketWebhookTriggerImpl.java:265)
	at com.atlassian.bitbucket.jenkins.internal.trigger.BitbucketWebhookTriggerImpl.lambda$start$0(BitbucketWebhookTriggerImpl.java:116)
	at java.base/java.util.Optional.ifPresent(Optional.java:178)
	at com.atlassian.bitbucket.jenkins.internal.trigger.BitbucketWebhookTriggerImpl.start(BitbucketWebhookTriggerImpl.java:114)
	at com.atlassian.bitbucket.jenkins.internal.trigger.BitbucketWebhookTriggerImpl.start(BitbucketWebhookTriggerImpl.java:47)
	at org.jenkinsci.plugins.workflow.job.properties.PipelineTriggersJobProperty.startTriggers(PipelineTriggersJobProperty.java:113)
	at org.jenkinsci.plugins.workflow.job.WorkflowJob.onLoad(WorkflowJob.java:152)
	at hudson.model.Items.load(Items.java:376)
	at jenkins.model.Jenkins$13.run(Jenkins.java:3513)
	at org.jvnet.hudson.reactor.TaskGraphBuilder$TaskImpl.run(TaskGraphBuilder.java:177)
	at org.jvnet.hudson.reactor.Reactor.runTask(Reactor.java:305)
	at jenkins.model.Jenkins$5.runTask(Jenkins.java:1170)
	at org.jvnet.hudson.reactor.Reactor$2.run(Reactor.java:221)
	at org.jvnet.hudson.reactor.Reactor$Node.run(Reactor.java:120)
	at jenkins.security.ImpersonatingExecutorService$1.run(ImpersonatingExecutorService.java:68)
	at java.base/java.util.concurrent.ThreadPoolExecutor.runWorker(ThreadPoolExecutor.java:1136)
	at java.base/java.util.concurrent.ThreadPoolExecutor$Worker.run(ThreadPoolExecutor.java:635)
	at java.base/java.lang.Thread.run(Thread.java:833)

Nov 21, 2023 12:20:32 PM INFO com.atlassian.bitbucket.jenkins.internal.trigger.BitbucketWebhookTriggerImpl$BitbucketWebhookTriggerDescriptor registerWebhook
Webhook returned -{"id":18,"name":"a4edc3274662acbe0db79f176081ee2bd615bd6b","url":"http:\/\/192.168.200.26:8080\/bitbucket-server-webhook\/trigger","events":["pr:merged","pr:opened","repo:refs_changed","pr:declined","pr:deleted","pr:from_ref_updated"],"active":true}
Nov 21, 2023 12:20:32 PM INFO com.atlassian.bitbucket.jenkins.internal.trigger.BitbucketWebhookTriggerImpl$BitbucketWebhookTriggerDescriptor registerWebhook
Webhook returned -{"id":20,"name":"a4edc3274662acbe0db79f176081ee2bd615bd6b","url":"http:\/\/192.168.200.26:8080\/bitbucket-server-webhook\/trigger","events":["pr:merged","pr:opened","repo:refs_changed","pr:declined","pr:deleted","pr:from_ref_updated"],"active":true}
Nov 21, 2023 12:20:32 PM INFO jenkins.InitReactorRunner$1 onAttained
System config adapted
Nov 21, 2023 12:20:32 PM INFO jenkins.InitReactorRunner$1 onAttained
Loaded all jobs
Nov 21, 2023 12:20:32 PM INFO jenkins.InitReactorRunner$1 onAttained
Configuration for all jobs updated
Nov 21, 2023 12:20:32 PM INFO jenkins.InitReactorRunner$1 onAttained
Completed initialization
Nov 21, 2023 12:20:32 PM INFO hudson.lifecycle.Lifecycle onReady
Jenkins is fully up and running
Nov 21, 2023 12:20:33 PM WARNING hudson.model.DownloadService$Downloadable updateNow
No tool installer metadata found for jenkins.plugins.nodejs.tools.MirrorNodeJSInstaller
Nov 21, 2023 12:20:45 PM INFO hudson.TcpSlaveAgentListener$ConnectionHandler run
Connection #1 from /192.168.200.16:54343 failed: null
Nov 21, 2023 12:20:49 PM INFO hudson.TcpSlaveAgentListener$ConnectionHandler run
Accepted JNLP4-connect connection #2 from /192.168.200.16:54344
Nov 21, 2023 12:31:56 PM WARNING hudson.security.csrf.CrumbFilter doFilter
Found invalid crumb d88937ac3e5f9df1ffbed0e7ba4b0eb453df3c8bb262b4baf8bf468a81ad978a. If you are calling this URL with a script, please use the API Token instead. More information: https://www.jenkins.io/redirect/crumb-cannot-be-used-for-script
Nov 21, 2023 12:31:56 PM WARNING hudson.security.csrf.CrumbFilter doFilter
No valid crumb was included in request for /ajax by akatz. Returning 403.
Nov 21, 2023 12:33:07 PM WARNING hudson.security.csrf.CrumbFilter doFilter
Found invalid crumb d88937ac3e5f9df1ffbed0e7ba4b0eb453df3c8bb262b4baf8bf468a81ad978a. If you are calling this URL with a script, please use the API Token instead. More information: https://www.jenkins.io/redirect/crumb-cannot-be-used-for-script
Nov 21, 2023 12:33:07 PM WARNING hudson.security.csrf.CrumbFilter doFilter
No valid crumb was included in request for /ajax by akatz. Returning 403.
