Started by user anonymous
Building in workspace C:\Program Files (x86)\Jenkins\workspace\Giftameal Android
 
 > C:\Program Files (x86)\Git\bin\git.exe fetch --tags --progress https://github.com/ordextech/Giftameal_ANDROID.git +refs/heads/*:refs/remotes/origin/*
 > C:\Program Files (x86)\Git\bin\git.exe rev-parse "refs/remotes/origin/dev^{commit}" # timeout=10
 > C:\Program Files (x86)\Git\bin\git.exe rev-parse "refs/remotes/origin/origin/dev^{commit}" # timeout=10
Checking out Revision 7efd69102fc7d4bb64e73a0867aa419d0518f23f (refs/remotes/origin/dev)
 > C:\Program Files (x86)\Git\bin\git.exe config core.sparsecheckout # timeout=10
 > C:\Program Files (x86)\Git\bin\git.exe checkout -f 7efd69102fc7d4bb64e73a0867aa419d0518f23f
Commit message: "Jenkins"
 > C:\Program Files (x86)\Git\bin\git.exe rev-list --no-walk 6a06055381aafeff1f7020e1384fe2f2c0563a85 # timeout=10
[Gradle] - Launching build.
[GIFTAMEAL] $ cmd.exe /C '""C:\Program Files (x86)\Jenkins\tools\hudson.plugins.gradle.GradleInstallation\Gradle_4.1\bin\gradle.bat"' build -stacktrace && exit %%ERRORLEVEL%%"

Observed package id 'extras;android;m2repository' in inconsistent location 'C:\AndroidSDK2017\sdk\extras\android\m2repository_old1' (Expected 'C:\AndroidSDK2017\sdk\extras\android\m2repository')
Already observed package id 'extras;android;m2repository' in 'C:\AndroidSDK2017\sdk\extras\android\m2repository'. Skipping duplicate at 'C:\AndroidSDK2017\sdk\extras\android\m2repository_old1'

registerResGeneratingTask is deprecated, use registerGeneratedFolders(FileCollection)
registerResGeneratingTask is deprecated, use registerGeneratedFolders(FileCollection)
AAPT err(Facade for 1934710992) : No Delegate set : lost message:\\?\C:\Windows\System32\config\systemprofile\.gradle\caches\transforms-1\files-1.1\facebook-android-sdk-4.23.0.aar\05c64ba695718284aa85c2b2948ff0ca\res\drawable-mdpi-v4\com_facebook_tooltip_black_background.9.png ERROR: Unable to open PNG file
AAPT err(Facade for 1934710992) : No Delegate set : lost message:\\?\C:\Windows\System32\config\systemprofile\.gradle\caches\transforms-1\files-1.1\appcompat-v7-26.1.0.aar\5082d8618f2b541f3261e7e13b25229b\res\drawable-mdpi-v4\abc_scrubber_primary_mtrl_alpha.9.png ERROR: Unable to open PNG file
AAPT err(Facade for 1934710992) : No Delegate set : lost message:\\?\C:\Windows\System32\config\systemprofile\.gradle\caches\transforms-1\files-1.1\appcompat-v7-26.1.0.aar\5082d8618f2b541f3261e7e13b25229b\res\drawable-hdpi-v4\abc_textfield_activated_mtrl_alpha.9.png ERROR: Unable to open PNG file
AAPT err(Facade for 1934710992) : No Delegate set : lost message:\\?\C:\Windows\System32\config\systemprofile\.gradle\caches\transforms-1\files-1.1\appcompat-v7-26.1.0.aar\5082d8618f2b541f3261e7e13b25229b\res\drawable-mdpi-v4\abc_btn_switch_to_on_mtrl_00012.9.png ERROR: Unable to open PNG file
AAPT err(Facade for 1934710992) : No Delegate set : lost message:\\?\C:\Windows\System32\config\systemprofile\.gradle\caches\transforms-1\files-1.1\appcompat-v7-26.1.0.aar\5082d8618f2b541f3261e7e13b25229b\res\drawable-xxhdpi-v4\abc_popup_background_mtrl_mult.9.png ERROR: Unable to open PNG file
AAPT err(Facade for 1934710992) : No Delegate set : lost message:\\?\C:\Windows\System32\config\systemprofile\.gradle\caches\transforms-1\files-1.1\appcompat-v7-26.1.0.aar\5082d8618f2b541f3261e7e13b25229b\res\drawable-xxhdpi-v4\abc_list_pressed_holo_dark.9.png ERROR: Unable to open PNG file

AAPT err(Facade for 634250827) : No Delegate set : lost message:\\?\C:\Windows\System32\config\systemprofile\.gradle\caches\transforms-1\files-1.1\appcompat-v7-26.1.0.aar\5082d8618f2b541f3261e7e13b25229b\res\drawable-hdpi-v4\abc_scrubber_track_mtrl_alpha.9.png ERROR: Unable to open PNG file
AAPT err(Facade for 634250827) : No Delegate set : lost message:\\?\C:\Windows\System32\config\systemprofile\.gradle\caches\transforms-1\files-1.1\appcompat-v7-26.1.0.aar\5082d8618f2b541f3261e7e13b25229b\res\drawable-hdpi-v4\abc_list_divider_mtrl_alpha.9.png ERROR: Unable to open PNG file
AAPT err(Facade for 634250827) : No Delegate set : lost message:\\?\C:\Windows\System32\config\systemprofile\.gradle\caches\transforms-1\files-1.1\support-compat-26.1.0.aar\c6e91035c6b1aafcae56340d2f01e4a5\res\drawable-mdpi-v4\notification_bg_low_pressed.9.png ERROR: Unable to open PNG file
AAPT err(Facade for 634250827) : No Delegate set : lost message:\\?\C:\Windows\System32\config\systemprofile\.gradle\caches\transforms-1\files-1.1\appcompat-v7-26.1.0.aar\5082d8618f2b541f3261e7e13b25229b\res\drawable-xhdpi-v4\abc_tab_indicator_mtrl_alpha.9.png ERROR: Unable to open PNG file
AAPT err(Facade for 634250827) : No Delegate set : lost message:\\?\C:\Windows\System32\config\systemprofile\.gradle\caches\transforms-1\files-1.1\appcompat-v7-26.1.0.aar\5082d8618f2b541f3261e7e13b25229b\res\drawable-xxhdpi-v4\abc_cab_background_top_mtrl_alpha.9.png ERROR: Unable to open PNG file
AAPT err(Facade for 634250827) : No Delegate set : lost message:\\?\C:\Windows\System32\config\systemprofile\.gradle\caches\transforms-1\files-1.1\appcompat-v7-26.1.0.aar\5082d8618f2b541f3261e7e13b25229b\res\drawable-mdpi-v4\abc_list_pressed_holo_light.9.png ERROR: Unable to open PNG file
AAPT err(Facade for 634250827) : No Delegate set : lost message:\\?\C:\Windows\System32\config\systemprofile\.gradle\caches\transforms-1\files-1.1\appcompat-v7-26.1.0.aar\5082d8618f2b541f3261e7e13b25229b\res\drawable-hdpi-v4\abc_list_pressed_holo_light.9.png ERROR: Unable to open PNG file
AAPT err(Facade for 634250827) : No Delegate set : lost message:\\?\C:\Windows\System32\config\systemprofile\.gradle\caches\transforms-1\files-1.1\play-services-base-11.8.0.aar\f9dc571359705d5c935f3f0504df4a06\res\drawable-xhdpi-v4\common_google_signin_btn_icon_dark_normal_background.9.png ERROR: Unable to open PNG file
AAPT err(Facade for 634250827) : No Delegate set : lost message:\\?\C:\Windows\System32\config\systemprofile\.gradle\caches\transforms-1\files-1.1\appcompat-v7-26.1.0.aar\5082d8618f2b541f3261e7e13b25229b\res\drawable-mdpi-v4\abc_popup_background_mtrl_mult.9.png ERROR: Unable to open PNG file
AAPT err(Facade for 634250827) : No Delegate set : lost message:\\?\C:\Windows\System32\config\systemprofile\.gradle\caches\transforms-1\files-1.1\appcompat-v7-26.1.0.aar\5082d8618f2b541f3261e7e13b25229b\res\drawable-xhdpi-v4\abc_btn_switch_to_on_mtrl_00012.9.png ERROR: Unable to open PNG file
AAPT err(Facade for 634250827) : No Delegate set : lost message:\\?\C:\Windows\System32\config\systemprofile\.gradle\caches\transforms-1\files-1.1\play-services-base-11.8.0.aar\f9dc571359705d5c935f3f0504df4a06\res\drawable-xhdpi-v4\common_google_signin_btn_icon_light_normal_background.9.png ERROR: Unable to open PNG file
AAPT err(Facade for 634250827) : No Delegate set : lost message:\\?\C:\Windows\System32\config\systemprofile\.gradle\caches\transforms-1\files-1.1\appcompat-v7-26.1.0.aar\5082d8618f2b541f3261e7e13b25229b\res\drawable-xhdpi-v4\abc_btn_switch_to_on_mtrl_00001.9.png ERROR: Unable to open PNG file
AAPT err(Facade for 634250827) : No Delegate set : lost message:\\?\C:\Windows\System32\config\systemprofile\.gradle\caches\transforms-1\files-1.1\appcompat-v7-26.1.0.aar\5082d8618f2b541f3261e7e13b25229b\res\drawable-xhdpi-v4\abc_textfield_activated_mtrl_alpha.9.png ERROR: Unable to open PNG file

AAPT err(Facade for 1934710992) : No Delegate set : lost message:\\?\C:\Windows\System32\config\systemprofile\.gradle\caches\transforms-1\files-1.1\appcompat-v7-26.1.0.aar\5082d8618f2b541f3261e7e13b25229b\res\drawable-hdpi-v4\abc_btn_switch_to_on_mtrl_00012.9.png ERROR: Unable to open PNG file
AAPT err(Facade for 1934710992) : No Delegate set : lost message:\\?\C:\Windows\System32\config\systemprofile\.gradle\caches\transforms-1\files-1.1\appcompat-v7-26.1.0.aar\5082d8618f2b541f3261e7e13b25229b\res\drawable-ldrtl-hdpi-v17\abc_spinner_mtrl_am_alpha.9.png ERROR: Unable to open PNG file
AAPT err(Facade for 1934710992) : No Delegate set : lost message:\\?\C:\Windows\System32\config\systemprofile\.gradle\caches\transforms-1\files-1.1\play-services-base-11.8.0.aar\f9dc571359705d5c935f3f0504df4a06\res\drawable-hdpi-v4\common_google_signin_btn_text_dark_normal_background.9.png ERROR: Unable to open PNG file
AAPT err(Facade for 1934710992) : No Delegate set : lost message:\\?\C:\Windows\System32\config\systemprofile\.gradle\caches\transforms-1\files-1.1\facebook-android-sdk-4.23.0.aar\05c64ba695718284aa85c2b2948ff0ca\res\drawable-hdpi-v4\com_facebook_tooltip_blue_background.9.png ERROR: Unable to open PNG file
AAPT err(Facade for 1934710992) : No Delegate set : lost message:\\?\C:\Windows\System32\config\systemprofile\.gradle\caches\transforms-1\files-1.1\facebook-android-sdk-4.23.0.aar\05c64ba695718284aa85c2b2948ff0ca\res\drawable-xhdpi-v4\com_facebook_tooltip_black_background.9.png ERROR: Unable to open PNG file
AAPT err(Facade for 1934710992) : No Delegate set : lost message:\\?\C:\Windows\System32\config\systemprofile\.gradle\caches\transforms-1\files-1.1\appcompat-v7-26.1.0.aar\5082d8618f2b541f3261e7e13b25229b\res\drawable-xhdpi-v4\abc_textfield_search_activated_mtrl_alpha.9.png ERROR: Unable to open PNG file
AAPT err(Facade for 1934710992) : No Delegate set : lost message:\\?\C:\Windows\System32\config\systemprofile\.gradle\caches\transforms-1\files-1.1\play-services-base-11.8.0.aar\f9dc571359705d5c935f3f0504df4a06\res\drawable-mdpi-v4\common_google_signin_btn_icon_light_normal_background.9.png ERROR: Unable to open PNG file
AAPT err(Facade for 1934710992) : No Delegate set : lost message:\\?\C:\Windows\System32\config\systemprofile\.gradle\caches\transforms-1\files-1.1\appcompat-v7-26.1.0.aar\5082d8618f2b541f3261e7e13b25229b\res\drawable-mdpi-v4\abc_list_selector_disabled_holo_light.9.png ERROR: Unable to open PNG file
AAPT err(Facade for 1934710992) : No Delegate set : lost message:\\?\C:\Windows\System32\config\systemprofile\.gradle\caches\transforms-1\files-1.1\support-compat-26.1.0.aar\c6e91035c6b1aafcae56340d2f01e4a5\res\drawable-hdpi-v4\notification_bg_low_normal.9.png ERROR: Unable to open PNG file
AAPT err(Facade for 1934710992) : No Delegate set : lost message:\\?\C:\Windows\System32\config\systemprofile\.gradle\caches\transforms-1\files-1.1\appcompat-v7-26.1.0.aar\5082d8618f2b541f3261e7e13b25229b\res\drawable-hdpi-v4\abc_list_selector_disabled_holo_light.9.png ERROR: Unable to open PNG file
AAPT err(Facade for 1934710992) : No Delegate set : lost message:\\?\C:\Windows\System32\config\systemprofile\.gradle\caches\transforms-1\files-1.1\appcompat-v7-26.1.0.aar\5082d8618f2b541f3261e7e13b25229b\res\drawable-mdpi-v4\abc_cab_background_top_mtrl_alpha.9.png ERROR: Unable to open PNG file
AAPT err(Facade for 1934710992) : No Delegate set : lost message:\\?\C:\Windows\System32\config\systemprofile\.gradle\caches\transforms-1\files-1.1\appcompat-v7-26.1.0.aar\5082d8618f2b541f3261e7e13b25229b\res\drawable-xhdpi-v4\abc_popup_background_mtrl_mult.9.png ERROR: Unable to open PNG file
AAPT err(Facade for 634250827) : No Delegate set : lost message:\\?\C:\Windows\System32\config\systemprofile\.gradle\caches\transforms-1\files-1.1\appcompat-v7-26.1.0.aar\5082d8618f2b541f3261e7e13b25229b\res\drawable-ldrtl-mdpi-v17\abc_spinner_mtrl_am_alpha.9.png ERROR: Unable to open PNG file
AAPT err(Facade for 634250827) : No Delegate set : lost message:\\?\C:\Windows\System32\config\systemprofile\.gradle\caches\transforms-1\files-1.1\appcompat-v7-26.1.0.aar\5082d8618f2b541f3261e7e13b25229b\res\drawable-xhdpi-v4\abc_scrubber_track_mtrl_alpha.9.png ERROR: Unable to open PNG file
AAPT err(Facade for 634250827) : No Delegate set : lost message:\\?\C:\Windows\System32\config\systemprofile\.gradle\caches\transforms-1\files-1.1\appcompat-v7-26.1.0.aar\5082d8618f2b541f3261e7e13b25229b\res\drawable-hdpi-v4\abc_textfield_search_default_mtrl_alpha.9.png ERROR: Unable to open PNG file
AAPT err(Facade for 634250827) : No Delegate set : lost message:\\?\C:\Windows\System32\config\systemprofile\.gradle\caches\transforms-1\files-1.1\support-compat-26.1.0.aar\c6e91035c6b1aafcae56340d2f01e4a5\res\drawable-hdpi-v4\notification_bg_normal_pressed.9.png ERROR: Unable to open PNG file
AAPT err(Facade for 634250827) : No Delegate set : lost message:\\?\C:\Windows\System32\config\systemprofile\.gradle\caches\transforms-1\files-1.1\appcompat-v7-26.1.0.aar\5082d8618f2b541f3261e7e13b25229b\res\drawable-hdpi-v4\abc_list_selector_disabled_holo_dark.9.png ERROR: Unable to open PNG file
AAPT err(Facade for 634250827) : No Delegate set : lost message:\\?\C:\Windows\System32\config\systemprofile\.gradle\caches\transforms-1\files-1.1\appcompat-v7-26.1.0.aar\5082d8618f2b541f3261e7e13b25229b\res\drawable-mdpi-v4\abc_tab_indicator_mtrl_alpha.9.png ERROR: Unable to open PNG file
AAPT err(Facade for 634250827) : No Delegate set : lost message:\\?\C:\Windows\System32\config\systemprofile\.gradle\caches\transforms-1\files-1.1\support-compat-26.1.0.aar\c6e91035c6b1aafcae56340d2f01e4a5\res\drawable-xhdpi-v4\notification_bg_low_normal.9.png ERROR: Unable to open PNG file
AAPT err(Facade for 634250827) : No Delegate set : lost message:\\?\C:\Windows\System32\config\systemprofile\.gradle\caches\transforms-1\files-1.1\appcompat-v7-26.1.0.aar\5082d8618f2b541f3261e7e13b25229b\res\drawable-xxxhdpi-v4\abc_switch_track_mtrl_alpha.9.png ERROR: Unable to open PNG file
AAPT err(Facade for 634250827) : No Delegate set : lost message:\\?\C:\Windows\System32\config\systemprofile\.gradle\caches\transforms-1\files-1.1\appcompat-v7-26.1.0.aar\5082d8618f2b541f3261e7e13b25229b\res\drawable-xxhdpi-v4\abc_textfield_activated_mtrl_alpha.9.png ERROR: Unable to open PNG file
AAPT err(Facade for 634250827) : No Delegate set : lost message:\\?\C:\Windows\System32\config\systemprofile\.gradle\caches\transforms-1\files-1.1\play-services-base-11.8.0.aar\f9dc571359705d5c935f3f0504df4a06\res\drawable-xxhdpi-v4\common_google_signin_btn_text_dark_normal_background.9.png ERROR: Unable to open PNG file
AAPT err(Facade for 634250827) : No Delegate set : lost message:\\?\C:\Windows\System32\config\systemprofile\.gradle\caches\transforms-1\files-1.1\appcompat-v7-26.1.0.aar\5082d8618f2b541f3261e7e13b25229b\res\drawable-hdpi-v4\abc_ab_share_pack_mtrl_alpha.9.png ERROR: Unable to open PNG file
AAPT err(Facade for 634250827) : No Delegate set : lost message:\\?\C:\Windows\System32\config\systemprofile\.gradle\caches\transforms-1\files-1.1\appcompat-v7-26.1.0.aar\5082d8618f2b541f3261e7e13b25229b\res\drawable-xhdpi-v4\abc_list_pressed_holo_light.9.png ERROR: Unable to open PNG file
AAPT err(Facade for 634250827) : No Delegate set : lost message:\\?\C:\Windows\System32\config\systemprofile\.gradle\caches\transforms-1\files-1.1\support-compat-26.1.0.aar\c6e91035c6b1aafcae56340d2f01e4a5\res\drawable-hdpi-v4\notification_bg_normal.9.png ERROR: Unable to open PNG file
AAPT err(Facade for 634250827) : No Delegate set : lost message:\\?\C:\Windows\System32\config\systemprofile\.gradle\caches\transforms-1\files-1.1\appcompat-v7-26.1.0.aar\5082d8618f2b541f3261e7e13b25229b\res\drawable-mdpi-v4\abc_textfield_search_default_mtrl_alpha.9.png ERROR: Unable to open PNG file
AAPT err(Facade for 1644884988) : No Delegate set : lost message:\\?\C:\Windows\System32\config\systemprofile\.gradle\caches\transforms-1\files-1.1\appcompat-v7-26.1.0.aar\5082d8618f2b541f3261e7e13b25229b\res\drawable-xxhdpi-v4\abc_switch_track_mtrl_alpha.9.png ERROR: Unable to open PNG file
AAPT err(Facade for 1644884988) : No Delegate set : lost message:\\?\C:\Windows\System32\config\systemprofile\.gradle\caches\transforms-1\files-1.1\appcompat-v7-26.1.0.aar\5082d8618f2b541f3261e7e13b25229b\res\drawable-xhdpi-v4\abc_ab_share_pack_mtrl_alpha.9.png ERROR: Unable to open PNG file
AAPT err(Facade for 1644884988) : No Delegate set : lost message:\\?\C:\Windows\System32\config\systemprofile\.gradle\caches\transforms-1\files-1.1\appcompat-v7-26.1.0.aar\5082d8618f2b541f3261e7e13b25229b\res\drawable-hdpi-v4\abc_list_pressed_holo_dark.9.png ERROR: Unable to open PNG file
AAPT err(Facade for 1644884988) : No Delegate set : lost message:\\?\C:\Windows\System32\config\systemprofile\.gradle\caches\transforms-1\files-1.1\appcompat-v7-26.1.0.aar\5082d8618f2b541f3261e7e13b25229b\res\drawable-xxhdpi-v4\abc_list_divider_mtrl_alpha.9.png ERROR: Unable to open PNG file
AAPT err(Facade for 1644884988) : No Delegate set : lost message:\\?\C:\Windows\System32\config\systemprofile\.gradle\caches\transforms-1\files-1.1\appcompat-v7-26.1.0.aar\5082d8618f2b541f3261e7e13b25229b\res\drawable-hdpi-v4\abc_list_longpressed_holo.9.png ERROR: Unable to open PNG file
AAPT err(Facade for 1644884988) : No Delegate set : lost message:\\?\C:\Windows\System32\config\systemprofile\.gradle\caches\transforms-1\files-1.1\appcompat-v7-26.1.0.aar\5082d8618f2b541f3261e7e13b25229b\res\drawable-xxxhdpi-v4\abc_spinner_mtrl_am_alpha.9.png ERROR: Unable to open PNG file
AAPT err(Facade for 1644884988) : No Delegate set : lost message:\\?\C:\Windows\System32\config\systemprofile\.gradle\caches\transforms-1\files-1.1\appcompat-v7-26.1.0.aar\5082d8618f2b541f3261e7e13b25229b\res\drawable-xxhdpi-v4\abc_list_pressed_holo_light.9.png ERROR: Unable to open PNG file
AAPT err(Facade for 1644884988) : No Delegate set : lost message:\\?\C:\Windows\System32\config\systemprofile\.gradle\caches\transforms-1\files-1.1\appcompat-v7-26.1.0.aar\5082d8618f2b541f3261e7e13b25229b\res\drawable-xxhdpi-v4\abc_textfield_search_activated_mtrl_alpha.9.png ERROR: Unable to open PNG file
AAPT err(Facade for 1644884988) : No Delegate set : lost message:\\?\C:\Windows\System32\config\systemprofile\.gradle\caches\transforms-1\files-1.1\appcompat-v7-26.1.0.aar\5082d8618f2b541f3261e7e13b25229b\res\drawable-hdpi-v4\abc_scrubber_primary_mtrl_alpha.9.png ERROR: Unable to open PNG file
AAPT err(Facade for 1644884988) : No Delegate set : lost message:\\?\C:\Windows\System32\config\systemprofile\.gradle\caches\transforms-1\files-1.1\support-compat-26.1.0.aar\c6e91035c6b1aafcae56340d2f01e4a5\res\drawable-xhdpi-v4\notification_bg_normal_pressed.9.png ERROR: Unable to open PNG file
AAPT err(Facade for 1644884988) : No Delegate set : lost message:\\?\C:\Windows\System32\config\systemprofile\.gradle\caches\transforms-1\files-1.1\appcompat-v7-26.1.0.aar\5082d8618f2b541f3261e7e13b25229b\res\drawable-mdpi-v4\abc_switch_track_mtrl_alpha.9.png ERROR: Unable to open PNG file
AAPT err(Facade for 1644884988) : No Delegate set : lost message:\\?\C:\Windows\System32\config\systemprofile\.gradle\caches\transforms-1\files-1.1\appcompat-v7-26.1.0.aar\5082d8618f2b541f3261e7e13b25229b\res\drawable-hdpi-v4\abc_list_focused_holo.9.png ERROR: Unable to open PNG file
AAPT err(Facade for 1644884988) : No Delegate set : lost message:\\?\C:\Windows\System32\config\systemprofile\.gradle\caches\transforms-1\files-1.1\appcompat-v7-26.1.0.aar\5082d8618f2b541f3261e7e13b25229b\res\drawable-mdpi-v4\abc_list_longpressed_holo.9.png ERROR: Unable to open PNG file

AAPT err(Facade for 634250827): \\?\C:\Windows\System32\config\systemprofile\.gradle\caches\transforms-1\files-1.1\appcompat-v7-26.1.0.aar\5082d8618f2b541f3261e7e13b25229b\res\drawable-xxhdpi-v4\abc_textfield_default_mtrl_alpha.9.png ERROR: Unable to open PNG file
AAPT err(Facade for 634250827): \\?\C:\Windows\System32\config\systemprofile\.gradle\caches\transforms-1\files-1.1\appcompat-v7-26.1.0.aar\5082d8618f2b541f3261e7e13b25229b\res\drawable-xxxhdpi-v4\abc_btn_switch_to_on_mtrl_00001.9.png ERROR: Unable to open PNG file
AAPT err(Facade for 1644884988): \\?\C:\Windows\System32\config\systemprofile\.gradle\caches\transforms-1\files-1.1\appcompat-v7-26.1.0.aar\5082d8618f2b541f3261e7e13b25229b\res\drawable-xxhdpi-v4\abc_list_selector_disabled_holo_light.9.png ERROR: Unable to open PNG file
AAPT err(Facade for 634250827): \\?\C:\Windows\System32\config\systemprofile\.gradle\caches\transforms-1\files-1.1\appcompat-v7-26.1.0.aar\5082d8618f2b541f3261e7e13b25229b\res\drawable-mdpi-v4\abc_list_focused_holo.9.png ERROR: Unable to open PNG file
AAPT err(Facade for 1644884988): \\?\C:\Windows\System32\config\systemprofile\.gradle\caches\transforms-1\files-1.1\play-services-base-11.8.0.aar\f9dc571359705d5c935f3f0504df4a06\res\drawable-xxhdpi-v4\common_google_signin_btn_text_light_normal_background.9.png ERROR: Unable to open PNG file
AAPT err(Facade for 1934710992): \\?\C:\Windows\System32\config\systemprofile\.gradle\caches\transforms-1\files-1.1\appcompat-v7-26.1.0.aar\5082d8618f2b541f3261e7e13b25229b\res\drawable-xxhdpi-v4\abc_btn_switch_to_on_mtrl_00001.9.png ERROR: Unable to open PNG file
AAPT err(Facade for 1644884988): \\?\C:\Windows\System32\config\systemprofile\.gradle\caches\transforms-1\files-1.1\appcompat-v7-26.1.0.aar\5082d8618f2b541f3261e7e13b25229b\res\drawable-xhdpi-v4\abc_switch_track_mtrl_alpha.9.png ERROR: Unable to open PNG file
AAPT err(Facade for 634250827): \\?\C:\Windows\System32\config\systemprofile\.gradle\caches\transforms-1\files-1.1\appcompat-v7-26.1.0.aar\5082d8618f2b541f3261e7e13b25229b\res\drawable-xxhdpi-v4\abc_ab_share_pack_mtrl_alpha.9.png ERROR: Unable to open PNG file
AAPT err(Facade for 1644884988): \\?\C:\Windows\System32\config\systemprofile\.gradle\caches\transforms-1\files-1.1\play-services-base-11.8.0.aar\f9dc571359705d5c935f3f0504df4a06\res\drawable-xhdpi-v4\common_google_signin_btn_text_light_normal_background.9.png ERROR: Unable to open PNG file
AAPT err(Facade for 1934710992): \\?\C:\Windows\System32\config\systemprofile\.gradle\caches\transforms-1\files-1.1\appcompat-v7-26.1.0.aar\5082d8618f2b541f3261e7e13b25229b\res\drawable-xxhdpi-v4\abc_btn_switch_to_on_mtrl_00012.9.png ERROR: Unable to open PNG file
AAPT err(Facade for 1934710992): \\?\C:\Windows\System32\config\systemprofile\.gradle\caches\transforms-1\files-1.1\appcompat-v7-26.1.0.aar\5082d8618f2b541f3261e7e13b25229b\res\drawable-xhdpi-v4\abc_list_selector_disabled_holo_light.9.png ERROR: Unable to open PNG file
AAPT err(Facade for 1644884988): \\?\C:\Windows\System32\config\systemprofile\.gradle\caches\transforms-1\files-1.1\appcompat-v7-26.1.0.aar\5082d8618f2b541f3261e7e13b25229b\res\drawable-xhdpi-v4\abc_menu_hardkey_panel_mtrl_mult.9.png ERROR: Unable to open PNG file
AAPT err(Facade for 634250827): \\?\C:\Windows\System32\config\systemprofile\.gradle\caches\transforms-1\files-1.1\facebook-android-sdk-4.23.0.aar\05c64ba695718284aa85c2b2948ff0ca\res\drawable-mdpi-v4\com_facebook_tooltip_blue_background.9.png ERROR: Unable to open PNG file
AAPT err(Facade for 1644884988): \\?\C:\Windows\System32\config\systemprofile\.gradle\caches\transforms-1\files-1.1\appcompat-v7-26.1.0.aar\5082d8618f2b541f3261e7e13b25229b\res\drawable-hdpi-v4\abc_switch_track_mtrl_alpha.9.png ERROR: Unable to open PNG file
AAPT err(Facade for 1934710992): \\?\C:\Windows\System32\config\systemprofile\.gradle\caches\transforms-1\files-1.1\appcompat-v7-26.1.0.aar\5082d8618f2b541f3261e7e13b25229b\res\drawable-xxhdpi-v4\abc_list_longpressed_holo.9.png ERROR: Unable to open PNG file
AAPT err(Facade for 1644884988): \\?\C:\Windows\System32\config\systemprofile\.gradle\caches\transforms-1\files-1.1\facebook-android-sdk-4.23.0.aar\05c64ba695718284aa85c2b2948ff0ca\res\drawable-hdpi-v4\com_facebook_tooltip_black_background.9.png ERROR: Unable to open PNG file
AAPT err(Facade for 634250827): \\?\C:\Windows\System32\config\systemprofile\.gradle\caches\transforms-1\files-1.1\play-services-base-11.8.0.aar\f9dc571359705d5c935f3f0504df4a06\res\drawable-hdpi-v4\common_google_signin_btn_text_light_normal_background.9.png ERROR: Unable to open PNG file
AAPT err(Facade for 1644884988): \\?\C:\Windows\System32\config\systemprofile\.gradle\caches\transforms-1\files-1.1\appcompat-v7-26.1.0.aar\5082d8618f2b541f3261e7e13b25229b\res\drawable-mdpi-v4\abc_textfield_activated_mtrl_alpha.9.png ERROR: Unable to open PNG file
AAPT err(Facade for 1934710992): \\?\C:\Windows\System32\config\systemprofile\.gradle\caches\transforms-1\files-1.1\appcompat-v7-26.1.0.aar\5082d8618f2b541f3261e7e13b25229b\res\drawable-xxhdpi-v4\abc_textfield_search_default_mtrl_alpha.9.png ERROR: Unable to open PNG file
AAPT err(Facade for 634250827): \\?\C:\Windows\System32\config\systemprofile\.gradle\caches\transforms-1\files-1.1\appcompat-v7-26.1.0.aar\5082d8618f2b541f3261e7e13b25229b\res\drawable-hdpi-v4\abc_menu_hardkey_panel_mtrl_mult.9.png ERROR: Unable to open PNG file
AAPT err(Facade for 1934710992): \\?\C:\Windows\System32\config\systemprofile\.gradle\caches\transforms-1\files-1.1\appcompat-v7-26.1.0.aar\5082d8618f2b541f3261e7e13b25229b\res\drawable-xhdpi-v4\abc_list_divider_mtrl_alpha.9.png ERROR: Unable to open PNG file
AAPT err(Facade for 634250827): \\?\C:\Windows\System32\config\systemprofile\.gradle\caches\transforms-1\files-1.1\appcompat-v7-26.1.0.aar\5082d8618f2b541f3261e7e13b25229b\res\drawable-xxxhdpi-v4\abc_tab_indicator_mtrl_alpha.9.png ERROR: Unable to open PNG file
AAPT err(Facade for 1934710992): \\?\C:\Windows\System32\config\systemprofile\.gradle\caches\transforms-1\files-1.1\appcompat-v7-26.1.0.aar\5082d8618f2b541f3261e7e13b25229b\res\drawable-xxxhdpi-v4\abc_btn_switch_to_on_mtrl_00012.9.png ERROR: Unable to open PNG file
AAPT err(Facade for 1934710992): \\?\C:\Windows\System32\config\systemprofile\.gradle\caches\transforms-1\files-1.1\play-services-base-11.8.0.aar\f9dc571359705d5c935f3f0504df4a06\res\drawable-mdpi-v4\common_google_signin_btn_text_light_normal_background.9.png ERROR: Unable to open PNG file
AAPT err(Facade for 1934710992): \\?\C:\Windows\System32\config\systemprofile\.gradle\caches\transforms-1\files-1.1\play-services-base-11.8.0.aar\f9dc571359705d5c935f3f0504df4a06\res\drawable-mdpi-v4\common_google_signin_btn_icon_dark_normal_background.9.png ERROR: Unable to open PNG file
AAPT err(Facade for 1934710992): \\?\C:\Windows\System32\config\systemprofile\.gradle\caches\transforms-1\files-1.1\appcompat-v7-26.1.0.aar\5082d8618f2b541f3261e7e13b25229b\res\drawable-mdpi-v4\abc_scrubber_track_mtrl_alpha.9.png ERROR: Unable to open PNG file
AAPT err(Facade for 1934710992): \\?\C:\Windows\System32\config\systemprofile\.gradle\caches\transforms-1\files-1.1\appcompat-v7-26.1.0.aar\5082d8618f2b541f3261e7e13b25229b\res\drawable-mdpi-v4\abc_list_pressed_holo_dark.9.png ERROR: Unable to open PNG file
AAPT err(Facade for 1934710992): \\?\C:\Windows\System32\config\systemprofile\.gradle\caches\transforms-1\files-1.1\appcompat-v7-26.1.0.aar\5082d8618f2b541f3261e7e13b25229b\res\drawable-xxhdpi-v4\abc_list_focused_holo.9.png ERROR: Unable to open PNG file

Error: java.util.concurrent.ExecutionException: com.android.tools.aapt2.Aapt2Exception: AAPT error: check logs for details

:app:mergeDebugResources FAILED

FAILURE: Build failed with an exception.

* What went wrong:
Execution failed for task ':app:mergeDebugResources'.
> Error: java.util.concurrent.ExecutionException: com.android.tools.aapt2.Aapt2Exception: AAPT error: check logs for details

* Try:
Run with --info or --debug option to get more log output.

* Exception is:
org.gradle.api.tasks.TaskExecutionException: Execution failed for task ':app:mergeDebugResources'.
	at org.gradle.api.internal.tasks.execution.ExecuteActionsTaskExecuter.executeActions(ExecuteActionsTaskExecuter.java:100)
	at org.gradle.api.internal.tasks.execution.ExecuteActionsTaskExecuter.execute(ExecuteActionsTaskExecuter.java:70)
	at org.gradle.api.internal.tasks.execution.SkipUpToDateTaskExecuter.execute(SkipUpToDateTaskExecuter.java:63)
	at org.gradle.api.internal.tasks.execution.ResolveTaskOutputCachingStateExecuter.execute(ResolveTaskOutputCachingStateExecuter.java:54)
	at org.gradle.api.internal.tasks.execution.ValidatingTaskExecuter.execute(ValidatingTaskExecuter.java:58)
	at org.gradle.api.internal.tasks.execution.SkipEmptySourceFilesTaskExecuter.execute(SkipEmptySourceFilesTaskExecuter.java:88)
	at org.gradle.api.internal.tasks.execution.ResolveTaskArtifactStateTaskExecuter.execute(ResolveTaskArtifactStateTaskExecuter.java:52)
	at org.gradle.api.internal.tasks.execution.SkipTaskWithNoActionsExecuter.execute(SkipTaskWithNoActionsExecuter.java:52)
	at org.gradle.api.internal.tasks.execution.SkipOnlyIfTaskExecuter.execute(SkipOnlyIfTaskExecuter.java:54)
	at org.gradle.api.internal.tasks.execution.ExecuteAtMostOnceTaskExecuter.execute(ExecuteAtMostOnceTaskExecuter.java:43)
	at org.gradle.api.internal.tasks.execution.CatchExceptionTaskExecuter.execute(CatchExceptionTaskExecuter.java:34)
	at org.gradle.execution.taskgraph.DefaultTaskGraphExecuter$EventFiringTaskWorker$1.run(DefaultTaskGraphExecuter.java:248)
	at org.gradle.internal.progress.DefaultBuildOperationExecutor$RunnableBuildOperationWorker.execute(DefaultBuildOperationExecutor.java:336)
	at org.gradle.internal.progress.DefaultBuildOperationExecutor$RunnableBuildOperationWorker.execute(DefaultBuildOperationExecutor.java:328)
	at org.gradle.internal.progress.DefaultBuildOperationExecutor.execute(DefaultBuildOperationExecutor.java:197)
	at org.gradle.internal.progress.DefaultBuildOperationExecutor.run(DefaultBuildOperationExecutor.java:107)
	at org.gradle.execution.taskgraph.DefaultTaskGraphExecuter$EventFiringTaskWorker.execute(DefaultTaskGraphExecuter.java:241)
	at org.gradle.execution.taskgraph.DefaultTaskGraphExecuter$EventFiringTaskWorker.execute(DefaultTaskGraphExecuter.java:230)
	at org.gradle.execution.taskgraph.DefaultTaskPlanExecutor$TaskExecutorWorker.processTask(DefaultTaskPlanExecutor.java:124)
	at org.gradle.execution.taskgraph.DefaultTaskPlanExecutor$TaskExecutorWorker.access$200(DefaultTaskPlanExecutor.java:80)
	at org.gradle.execution.taskgraph.DefaultTaskPlanExecutor$TaskExecutorWorker$1.execute(DefaultTaskPlanExecutor.java:105)
	at org.gradle.execution.taskgraph.DefaultTaskPlanExecutor$TaskExecutorWorker$1.execute(DefaultTaskPlanExecutor.java:99)
	at org.gradle.execution.taskgraph.DefaultTaskExecutionPlan.execute(DefaultTaskExecutionPlan.java:625)
	at org.gradle.execution.taskgraph.DefaultTaskExecutionPlan.executeWithTask(DefaultTaskExecutionPlan.java:580)
	at org.gradle.execution.taskgraph.DefaultTaskPlanExecutor$TaskExecutorWorker.run(DefaultTaskPlanExecutor.java:99)
	at org.gradle.execution.taskgraph.DefaultTaskPlanExecutor.process(DefaultTaskPlanExecutor.java:60)
	at org.gradle.execution.taskgraph.DefaultTaskGraphExecuter.execute(DefaultTaskGraphExecuter.java:128)
	at org.gradle.execution.SelectedTaskExecutionAction.execute(SelectedTaskExecutionAction.java:37)
	at org.gradle.execution.DefaultBuildExecuter.execute(DefaultBuildExecuter.java:37)
	at org.gradle.execution.DefaultBuildExecuter.access$000(DefaultBuildExecuter.java:23)
	at org.gradle.execution.DefaultBuildExecuter$1.proceed(DefaultBuildExecuter.java:43)
	at org.gradle.execution.DryRunBuildExecutionAction.execute(DryRunBuildExecutionAction.java:46)
	at org.gradle.execution.DefaultBuildExecuter.execute(DefaultBuildExecuter.java:37)
	at org.gradle.execution.DefaultBuildExecuter.execute(DefaultBuildExecuter.java:30)
	at org.gradle.initialization.DefaultGradleLauncher$ExecuteTasks.run(DefaultGradleLauncher.java:311)
	at org.gradle.internal.progress.DefaultBuildOperationExecutor$RunnableBuildOperationWorker.execute(DefaultBuildOperationExecutor.java:336)
	at org.gradle.internal.progress.DefaultBuildOperationExecutor$RunnableBuildOperationWorker.execute(DefaultBuildOperationExecutor.java:328)
	at org.gradle.internal.progress.DefaultBuildOperationExecutor.execute(DefaultBuildOperationExecutor.java:197)
	at org.gradle.internal.progress.DefaultBuildOperationExecutor.run(DefaultBuildOperationExecutor.java:107)
	at org.gradle.initialization.DefaultGradleLauncher.runTasks(DefaultGradleLauncher.java:202)
	at org.gradle.initialization.DefaultGradleLauncher.doBuildStages(DefaultGradleLauncher.java:132)
	at org.gradle.initialization.DefaultGradleLauncher.executeTasks(DefaultGradleLauncher.java:107)
	at org.gradle.internal.invocation.GradleBuildController$1.call(GradleBuildController.java:78)
	at org.gradle.internal.invocation.GradleBuildController$1.call(GradleBuildController.java:75)
	at org.gradle.internal.work.DefaultWorkerLeaseService.withLocks(DefaultWorkerLeaseService.java:152)
	at org.gradle.internal.invocation.GradleBuildController.doBuild(GradleBuildController.java:100)
	at org.gradle.internal.invocation.GradleBuildController.run(GradleBuildController.java:75)
	at org.gradle.tooling.internal.provider.ExecuteBuildActionRunner.run(ExecuteBuildActionRunner.java:28)
	at org.gradle.launcher.exec.ChainingBuildActionRunner.run(ChainingBuildActionRunner.java:35)
	at org.gradle.tooling.internal.provider.ValidatingBuildActionRunner.run(ValidatingBuildActionRunner.java:32)
	at org.gradle.launcher.exec.RunAsBuildOperationBuildActionRunner$1.run(RunAsBuildOperationBuildActionRunner.java:43)
	at org.gradle.internal.progress.DefaultBuildOperationExecutor$RunnableBuildOperationWorker.execute(DefaultBuildOperationExecutor.java:336)
	at org.gradle.internal.progress.DefaultBuildOperationExecutor$RunnableBuildOperationWorker.execute(DefaultBuildOperationExecutor.java:328)
	at org.gradle.internal.progress.DefaultBuildOperationExecutor.execute(DefaultBuildOperationExecutor.java:197)
	at org.gradle.internal.progress.DefaultBuildOperationExecutor.run(DefaultBuildOperationExecutor.java:107)
	at org.gradle.launcher.exec.RunAsBuildOperationBuildActionRunner.run(RunAsBuildOperationBuildActionRunner.java:40)
	at org.gradle.tooling.internal.provider.SubscribableBuildActionRunner.run(SubscribableBuildActionRunner.java:51)
	at org.gradle.launcher.exec.InProcessBuildActionExecuter.execute(InProcessBuildActionExecuter.java:45)
	at org.gradle.launcher.exec.InProcessBuildActionExecuter.execute(InProcessBuildActionExecuter.java:29)
	at org.gradle.launcher.exec.BuildTreeScopeBuildActionExecuter.execute(BuildTreeScopeBuildActionExecuter.java:39)
	at org.gradle.launcher.exec.BuildTreeScopeBuildActionExecuter.execute(BuildTreeScopeBuildActionExecuter.java:25)
	at org.gradle.tooling.internal.provider.ContinuousBuildActionExecuter.execute(ContinuousBuildActionExecuter.java:71)
	at org.gradle.tooling.internal.provider.ContinuousBuildActionExecuter.execute(ContinuousBuildActionExecuter.java:45)
	at org.gradle.tooling.internal.provider.ServicesSetupBuildActionExecuter.execute(ServicesSetupBuildActionExecuter.java:51)
	at org.gradle.tooling.internal.provider.ServicesSetupBuildActionExecuter.execute(ServicesSetupBuildActionExecuter.java:32)
	at org.gradle.tooling.internal.provider.GradleThreadBuildActionExecuter.execute(GradleThreadBuildActionExecuter.java:36)
	at org.gradle.tooling.internal.provider.GradleThreadBuildActionExecuter.execute(GradleThreadBuildActionExecuter.java:25)
	at org.gradle.tooling.internal.provider.ParallelismConfigurationBuildActionExecuter.execute(ParallelismConfigurationBuildActionExecuter.java:43)
	at org.gradle.tooling.internal.provider.ParallelismConfigurationBuildActionExecuter.execute(ParallelismConfigurationBuildActionExecuter.java:29)
	at org.gradle.tooling.internal.provider.StartParamsValidatingActionExecuter.execute(StartParamsValidatingActionExecuter.java:64)
	at org.gradle.tooling.internal.provider.StartParamsValidatingActionExecuter.execute(StartParamsValidatingActionExecuter.java:29)
	at org.gradle.tooling.internal.provider.SessionFailureReportingActionExecuter.execute(SessionFailureReportingActionExecuter.java:55)
	at org.gradle.tooling.internal.provider.SessionFailureReportingActionExecuter.execute(SessionFailureReportingActionExecuter.java:42)
	at org.gradle.tooling.internal.provider.SetupLoggingActionExecuter.execute(SetupLoggingActionExecuter.java:58)
	at org.gradle.tooling.internal.provider.SetupLoggingActionExecuter.execute(SetupLoggingActionExecuter.java:33)
	at org.gradle.launcher.daemon.server.exec.ExecuteBuild.doBuild(ExecuteBuild.java:67)
	at org.gradle.launcher.daemon.server.exec.BuildCommandOnly.execute(BuildCommandOnly.java:36)
	at org.gradle.launcher.daemon.server.api.DaemonCommandExecution.proceed(DaemonCommandExecution.java:120)
	at org.gradle.launcher.daemon.server.exec.WatchForDisconnection.execute(WatchForDisconnection.java:37)
	at org.gradle.launcher.daemon.server.api.DaemonCommandExecution.proceed(DaemonCommandExecution.java:120)
	at org.gradle.launcher.daemon.server.exec.ResetDeprecationLogger.execute(ResetDeprecationLogger.java:26)
	at org.gradle.launcher.daemon.server.api.DaemonCommandExecution.proceed(DaemonCommandExecution.java:120)
	at org.gradle.launcher.daemon.server.exec.RequestStopIfSingleUsedDaemon.execute(RequestStopIfSingleUsedDaemon.java:34)
	at org.gradle.launcher.daemon.server.api.DaemonCommandExecution.proceed(DaemonCommandExecution.java:120)
	at org.gradle.launcher.daemon.server.exec.ForwardClientInput$2.call(ForwardClientInput.java:74)
	at org.gradle.launcher.daemon.server.exec.ForwardClientInput$2.call(ForwardClientInput.java:72)
	at org.gradle.util.Swapper.swap(Swapper.java:38)
	at org.gradle.launcher.daemon.server.exec.ForwardClientInput.execute(ForwardClientInput.java:72)
	at org.gradle.launcher.daemon.server.api.DaemonCommandExecution.proceed(DaemonCommandExecution.java:120)
	at org.gradle.launcher.daemon.server.exec.LogAndCheckHealth.execute(LogAndCheckHealth.java:55)
	at org.gradle.launcher.daemon.server.api.DaemonCommandExecution.proceed(DaemonCommandExecution.java:120)
	at org.gradle.launcher.daemon.server.exec.LogToClient.doBuild(LogToClient.java:62)
	at org.gradle.launcher.daemon.server.exec.BuildCommandOnly.execute(BuildCommandOnly.java:36)
	at org.gradle.launcher.daemon.server.api.DaemonCommandExecution.proceed(DaemonCommandExecution.java:120)
	at org.gradle.launcher.daemon.server.exec.EstablishBuildEnvironment.doBuild(EstablishBuildEnvironment.java:82)
	at org.gradle.launcher.daemon.server.exec.BuildCommandOnly.execute(BuildCommandOnly.java:36)
	at org.gradle.launcher.daemon.server.api.DaemonCommandExecution.proceed(DaemonCommandExecution.java:120)
	at org.gradle.launcher.daemon.server.exec.StartBuildOrRespondWithBusy$1.run(StartBuildOrRespondWithBusy.java:50)
	at org.gradle.launcher.daemon.server.DaemonStateCoordinator$1.run(DaemonStateCoordinator.java:297)
	at org.gradle.internal.concurrent.ExecutorPolicy$CatchAndRecordFailures.onExecute(ExecutorPolicy.java:63)
	at org.gradle.internal.concurrent.ManagedExecutorImpl$1.run(ManagedExecutorImpl.java:46)
	at org.gradle.internal.concurrent.ThreadFactoryImpl$ManagedThreadRunnable.run(ThreadFactoryImpl.java:55)
Caused by: com.android.build.gradle.tasks.ResourceException: Error: java.util.concurrent.ExecutionException: com.android.tools.aapt2.Aapt2Exception: AAPT error: check logs for details
	at com.android.build.gradle.tasks.MergeResources.doFullTaskAction(MergeResources.java:269)
	at com.android.build.gradle.internal.tasks.IncrementalTask.taskAction(IncrementalTask.java:109)
	at org.gradle.internal.reflect.JavaMethod.invoke(JavaMethod.java:73)
	at org.gradle.api.internal.project.taskfactory.DefaultTaskClassInfoStore$IncrementalTaskAction.doExecute(DefaultTaskClassInfoStore.java:173)
	at org.gradle.api.internal.project.taskfactory.DefaultTaskClassInfoStore$StandardTaskAction.execute(DefaultTaskClassInfoStore.java:134)
	at org.gradle.api.internal.project.taskfactory.DefaultTaskClassInfoStore$StandardTaskAction.execute(DefaultTaskClassInfoStore.java:121)
	at org.gradle.api.internal.tasks.execution.ExecuteActionsTaskExecuter$1.run(ExecuteActionsTaskExecuter.java:122)
	at org.gradle.internal.progress.DefaultBuildOperationExecutor$RunnableBuildOperationWorker.execute(DefaultBuildOperationExecutor.java:336)
	at org.gradle.internal.progress.DefaultBuildOperationExecutor$RunnableBuildOperationWorker.execute(DefaultBuildOperationExecutor.java:328)
	at org.gradle.internal.progress.DefaultBuildOperationExecutor.execute(DefaultBuildOperationExecutor.java:197)
	at org.gradle.internal.progress.DefaultBuildOperationExecutor.run(DefaultBuildOperationExecutor.java:107)
	at org.gradle.api.internal.tasks.execution.ExecuteActionsTaskExecuter.executeAction(ExecuteActionsTaskExecuter.java:111)
	at org.gradle.api.internal.tasks.execution.ExecuteActionsTaskExecuter.executeActions(ExecuteActionsTaskExecuter.java:92)
	... 101 more
Caused by: Error: java.util.concurrent.ExecutionException: com.android.tools.aapt2.Aapt2Exception: AAPT error: check logs for details
	at com.android.ide.common.res2.MergedResourceWriter.end(MergedResourceWriter.java:326)
	at com.android.ide.common.res2.DataMerger.mergeData(DataMerger.java:301)
	at com.android.ide.common.res2.ResourceMerger.mergeData(ResourceMerger.java:412)
	at com.android.build.gradle.tasks.MergeResources.doFullTaskAction(MergeResources.java:258)
	... 113 more
	Suppressed: java.lang.RuntimeException: Some file processing failed, see logs for details
		at com.android.builder.internal.aapt.QueuedResourceProcessor.waitForAll(QueuedResourceProcessor.java:121)
		at com.android.builder.internal.aapt.QueuedResourceProcessor.end(QueuedResourceProcessor.java:141)
		at com.android.builder.internal.aapt.v1.AaptV1.close(AaptV1.java:348)
		at com.android.build.gradle.tasks.MergeResources.doFullTaskAction(MergeResources.java:266)
		at com.android.build.gradle.internal.tasks.IncrementalTask.taskAction(IncrementalTask.java:109)
		at sun.reflect.NativeMethodAccessorImpl.invoke0(Native Method)
		at sun.reflect.NativeMethodAccessorImpl.invoke(NativeMethodAccessorImpl.java:62)
		at sun.reflect.DelegatingMethodAccessorImpl.invoke(DelegatingMethodAccessorImpl.java:43)
		at java.lang.reflect.Method.invoke(Method.java:497)
		at org.gradle.internal.reflect.JavaMethod.invoke(JavaMethod.java:73)
		at org.gradle.api.internal.project.taskfactory.DefaultTaskClassInfoStore$IncrementalTaskAction.doExecute(DefaultTaskClassInfoStore.java:173)
		at org.gradle.api.internal.project.taskfactory.DefaultTaskClassInfoStore$StandardTaskAction.execute(DefaultTaskClassInfoStore.java:134)
		at org.gradle.api.internal.project.taskfactory.DefaultTaskClassInfoStore$StandardTaskAction.execute(DefaultTaskClassInfoStore.java:121)
		at org.gradle.api.internal.tasks.execution.ExecuteActionsTaskExecuter$1.run(ExecuteActionsTaskExecuter.java:122)
		at org.gradle.internal.progress.DefaultBuildOperationExecutor$RunnableBuildOperationWorker.execute(DefaultBuildOperationExecutor.java:336)
		at org.gradle.internal.progress.DefaultBuildOperationExecutor$RunnableBuildOperationWorker.execute(DefaultBuildOperationExecutor.java:328)
		at org.gradle.internal.progress.DefaultBuildOperationExecutor.execute(DefaultBuildOperationExecutor.java:197)
		at org.gradle.internal.progress.DefaultBuildOperationExecutor.run(DefaultBuildOperationExecutor.java:107)
		at org.gradle.api.internal.tasks.execution.ExecuteActionsTaskExecuter.executeAction(ExecuteActionsTaskExecuter.java:111)
		at org.gradle.api.internal.tasks.execution.ExecuteActionsTaskExecuter.executeActions(ExecuteActionsTaskExecuter.java:92)
		at org.gradle.api.internal.tasks.execution.ExecuteActionsTaskExecuter.execute(ExecuteActionsTaskExecuter.java:70)
		at org.gradle.api.internal.tasks.execution.SkipUpToDateTaskExecuter.execute(SkipUpToDateTaskExecuter.java:63)
		at org.gradle.api.internal.tasks.execution.ResolveTaskOutputCachingStateExecuter.execute(ResolveTaskOutputCachingStateExecuter.java:54)
		at org.gradle.api.internal.tasks.execution.ValidatingTaskExecuter.execute(ValidatingTaskExecuter.java:58)
		at org.gradle.api.internal.tasks.execution.SkipEmptySourceFilesTaskExecuter.execute(SkipEmptySourceFilesTaskExecuter.java:88)
		at org.gradle.api.internal.tasks.execution.ResolveTaskArtifactStateTaskExecuter.execute(ResolveTaskArtifactStateTaskExecuter.java:52)
		at org.gradle.api.internal.tasks.execution.SkipTaskWithNoActionsExecuter.execute(SkipTaskWithNoActionsExecuter.java:52)
		at org.gradle.api.internal.tasks.execution.SkipOnlyIfTaskExecuter.execute(SkipOnlyIfTaskExecuter.java:54)
		at org.gradle.api.internal.tasks.execution.ExecuteAtMostOnceTaskExecuter.execute(ExecuteAtMostOnceTaskExecuter.java:43)
		at org.gradle.api.internal.tasks.execution.CatchExceptionTaskExecuter.execute(CatchExceptionTaskExecuter.java:34)
		at org.gradle.execution.taskgraph.DefaultTaskGraphExecuter$EventFiringTaskWorker$1.run(DefaultTaskGraphExecuter.java:248)
		at org.gradle.internal.progress.DefaultBuildOperationExecutor$RunnableBuildOperationWorker.execute(DefaultBuildOperationExecutor.java:336)
		at org.gradle.internal.progress.DefaultBuildOperationExecutor$RunnableBuildOperationWorker.execute(DefaultBuildOperationExecutor.java:328)
		at org.gradle.internal.progress.DefaultBuildOperationExecutor.execute(DefaultBuildOperationExecutor.java:197)
		at org.gradle.internal.progress.DefaultBuildOperationExecutor.run(DefaultBuildOperationExecutor.java:107)
		at org.gradle.execution.taskgraph.DefaultTaskGraphExecuter$EventFiringTaskWorker.execute(DefaultTaskGraphExecuter.java:241)
		at org.gradle.execution.taskgraph.DefaultTaskGraphExecuter$EventFiringTaskWorker.execute(DefaultTaskGraphExecuter.java:230)
		at org.gradle.execution.taskgraph.DefaultTaskPlanExecutor$TaskExecutorWorker.processTask(DefaultTaskPlanExecutor.java:124)
		at org.gradle.execution.taskgraph.DefaultTaskPlanExecutor$TaskExecutorWorker.access$200(DefaultTaskPlanExecutor.java:80)
		at org.gradle.execution.taskgraph.DefaultTaskPlanExecutor$TaskExecutorWorker$1.execute(DefaultTaskPlanExecutor.java:105)
		at org.gradle.execution.taskgraph.DefaultTaskPlanExecutor$TaskExecutorWorker$1.execute(DefaultTaskPlanExecutor.java:99)
		at org.gradle.execution.taskgraph.DefaultTaskExecutionPlan.execute(DefaultTaskExecutionPlan.java:625)
		at org.gradle.execution.taskgraph.DefaultTaskExecutionPlan.executeWithTask(DefaultTaskExecutionPlan.java:580)
		at org.gradle.execution.taskgraph.DefaultTaskPlanExecutor$TaskExecutorWorker.run(DefaultTaskPlanExecutor.java:99)
		at org.gradle.execution.taskgraph.DefaultTaskPlanExecutor.process(DefaultTaskPlanExecutor.java:60)
		at org.gradle.execution.taskgraph.DefaultTaskGraphExecuter.execute(DefaultTaskGraphExecuter.java:128)
		at org.gradle.execution.SelectedTaskExecutionAction.execute(SelectedTaskExecutionAction.java:37)
		at org.gradle.execution.DefaultBuildExecuter.execute(DefaultBuildExecuter.java:37)
		at org.gradle.execution.DefaultBuildExecuter.access$000(DefaultBuildExecuter.java:23)
		at org.gradle.execution.DefaultBuildExecuter$1.proceed(DefaultBuildExecuter.java:43)
		at org.gradle.execution.DryRunBuildExecutionAction.execute(DryRunBuildExecutionAction.java:46)
		at org.gradle.execution.DefaultBuildExecuter.execute(DefaultBuildExecuter.java:37)
		at org.gradle.execution.DefaultBuildExecuter.execute(DefaultBuildExecuter.java:30)
		at org.gradle.initialization.DefaultGradleLauncher$ExecuteTasks.run(DefaultGradleLauncher.java:311)
		at org.gradle.internal.progress.DefaultBuildOperationExecutor$RunnableBuildOperationWorker.execute(DefaultBuildOperationExecutor.java:336)
		at org.gradle.internal.progress.DefaultBuildOperationExecutor$RunnableBuildOperationWorker.execute(DefaultBuildOperationExecutor.java:328)
		at org.gradle.internal.progress.DefaultBuildOperationExecutor.execute(DefaultBuildOperationExecutor.java:197)
		at org.gradle.internal.progress.DefaultBuildOperationExecutor.run(DefaultBuildOperationExecutor.java:107)
		at org.gradle.initialization.DefaultGradleLauncher.runTasks(DefaultGradleLauncher.java:202)
		at org.gradle.initialization.DefaultGradleLauncher.doBuildStages(DefaultGradleLauncher.java:132)
		at org.gradle.initialization.DefaultGradleLauncher.executeTasks(DefaultGradleLauncher.java:107)
		at org.gradle.internal.invocation.GradleBuildController$1.call(GradleBuildController.java:78)
		at org.gradle.internal.invocation.GradleBuildController$1.call(GradleBuildController.java:75)
		at org.gradle.internal.work.DefaultWorkerLeaseService.withLocks(DefaultWorkerLeaseService.java:152)
		at org.gradle.internal.invocation.GradleBuildController.doBuild(GradleBuildController.java:100)
		at org.gradle.internal.invocation.GradleBuildController.run(GradleBuildController.java:75)
		at org.gradle.tooling.internal.provider.ExecuteBuildActionRunner.run(ExecuteBuildActionRunner.java:28)
		at org.gradle.launcher.exec.ChainingBuildActionRunner.run(ChainingBuildActionRunner.java:35)
		at org.gradle.tooling.internal.provider.ValidatingBuildActionRunner.run(ValidatingBuildActionRunner.java:32)
		at org.gradle.launcher.exec.RunAsBuildOperationBuildActionRunner$1.run(RunAsBuildOperationBuildActionRunner.java:43)
		at org.gradle.internal.progress.DefaultBuildOperationExecutor$RunnableBuildOperationWorker.execute(DefaultBuildOperationExecutor.java:336)
		at org.gradle.internal.progress.DefaultBuildOperationExecutor$RunnableBuildOperationWorker.execute(DefaultBuildOperationExecutor.java:328)
		at org.gradle.internal.progress.DefaultBuildOperationExecutor.execute(DefaultBuildOperationExecutor.java:197)
		at org.gradle.internal.progress.DefaultBuildOperationExecutor.run(DefaultBuildOperationExecutor.java:107)
		at org.gradle.launcher.exec.RunAsBuildOperationBuildActionRunner.run(RunAsBuildOperationBuildActionRunner.java:40)
		at org.gradle.tooling.internal.provider.SubscribableBuildActionRunner.run(SubscribableBuildActionRunner.java:51)
		at org.gradle.launcher.exec.InProcessBuildActionExecuter.execute(InProcessBuildActionExecuter.java:45)
		at org.gradle.launcher.exec.InProcessBuildActionExecuter.execute(InProcessBuildActionExecuter.java:29)
		at org.gradle.launcher.exec.BuildTreeScopeBuildActionExecuter.execute(BuildTreeScopeBuildActionExecuter.java:39)
		at org.gradle.launcher.exec.BuildTreeScopeBuildActionExecuter.execute(BuildTreeScopeBuildActionExecuter.java:25)
		at org.gradle.tooling.internal.provider.ContinuousBuildActionExecuter.execute(ContinuousBuildActionExecuter.java:71)
		at org.gradle.tooling.internal.provider.ContinuousBuildActionExecuter.execute(ContinuousBuildActionExecuter.java:45)
		at org.gradle.tooling.internal.provider.ServicesSetupBuildActionExecuter.execute(ServicesSetupBuildActionExecuter.java:51)
		at org.gradle.tooling.internal.provider.ServicesSetupBuildActionExecuter.execute(ServicesSetupBuildActionExecuter.java:32)
		at org.gradle.tooling.internal.provider.GradleThreadBuildActionExecuter.execute(GradleThreadBuildActionExecuter.java:36)
		at org.gradle.tooling.internal.provider.GradleThreadBuildActionExecuter.execute(GradleThreadBuildActionExecuter.java:25)
		at org.gradle.tooling.internal.provider.ParallelismConfigurationBuildActionExecuter.execute(ParallelismConfigurationBuildActionExecuter.java:43)


* Get more help at https://help.gradle.org

BUILD FAILED in 33s
14 actionable tasks: 2 executed, 12 up-to-date
Build step 'Invoke Gradle script' changed build result to FAILURE
Build step 'Invoke Gradle script' marked build as failure
Finished: FAILURE
