Jan 09, 2018 7:10:05 AM com.codahale.metrics.graphite.GraphiteReporter report
WARNING: Unable to report to Graphite
java.net.ConnectException: Connection timed out
	at java.net.PlainSocketImpl.socketConnect(Native Method)
	at java.net.AbstractPlainSocketImpl.doConnect(AbstractPlainSocketImpl.java:350)
	at java.net.AbstractPlainSocketImpl.connectToAddress(AbstractPlainSocketImpl.java:206)
	at java.net.AbstractPlainSocketImpl.connect(AbstractPlainSocketImpl.java:188)
	at java.net.SocksSocketImpl.connect(SocksSocketImpl.java:392)
	at java.net.Socket.connect(Socket.java:589)
	at java.net.Socket.connect(Socket.java:538)
	at java.net.Socket.<init>(Socket.java:434)
	at java.net.Socket.<init>(Socket.java:244)
	at javax.net.DefaultSocketFactory.createSocket(SocketFactory.java:277)
	at com.codahale.metrics.graphite.Graphite.connect(Graphite.java:71)
	at com.codahale.metrics.graphite.GraphiteReporter.report(GraphiteReporter.java:153)
	at com.codahale.metrics.ScheduledReporter.report(ScheduledReporter.java:162)
	at com.codahale.metrics.ScheduledReporter$1.run(ScheduledReporter.java:117)
	at java.util.concurrent.Executors$RunnableAdapter.call(Executors.java:511)
	at java.util.concurrent.FutureTask.runAndReset(FutureTask.java:308)
	at java.util.concurrent.ScheduledThreadPoolExecutor$ScheduledFutureTask.access$301(ScheduledThreadPoolExecutor.java:180)
	at java.util.concurrent.ScheduledThreadPoolExecutor$ScheduledFutureTask.run(ScheduledThreadPoolExecutor.java:294)
	at java.util.concurrent.ThreadPoolExecutor.runWorker(ThreadPoolExecutor.java:1142)
	at java.util.concurrent.ThreadPoolExecutor$Worker.run(ThreadPoolExecutor.java:617)
	at java.lang.Thread.run(Thread.java:745)

DEBUG: JavaMail version 1.4.4
DEBUG: successfully loaded resource: /META-INF/javamail.default.providers
DEBUG: Tables of loaded providers
DEBUG: Providers Listed By Class Name: {com.sun.mail.smtp.SMTPSSLTransport=javax.mail.Provider[TRANSPORT,smtps,com.sun.mail.smtp.SMTPSSLTransport,Sun Microsystems, Inc], com.sun.mail.smtp.SMTPTransport=javax.mail.Provider[TRANSPORT,smtp,com.sun.mail.smtp.SMTPTransport,Sun Microsystems, Inc], com.sun.mail.imap.IMAPSSLStore=javax.mail.Provider[STORE,imaps,com.sun.mail.imap.IMAPSSLStore,Sun Microsystems, Inc], com.sun.mail.pop3.POP3SSLStore=javax.mail.Provider[STORE,pop3s,com.sun.mail.pop3.POP3SSLStore,Sun Microsystems, Inc], com.sun.mail.imap.IMAPStore=javax.mail.Provider[STORE,imap,com.sun.mail.imap.IMAPStore,Sun Microsystems, Inc], com.sun.mail.pop3.POP3Store=javax.mail.Provider[STORE,pop3,com.sun.mail.pop3.POP3Store,Sun Microsystems, Inc]}
DEBUG: Providers Listed By Protocol: {imaps=javax.mail.Provider[STORE,imaps,com.sun.mail.imap.IMAPSSLStore,Sun Microsystems, Inc], imap=javax.mail.Provider[STORE,imap,com.sun.mail.imap.IMAPStore,Sun Microsystems, Inc], smtps=javax.mail.Provider[TRANSPORT,smtps,com.sun.mail.smtp.SMTPSSLTransport,Sun Microsystems, Inc], pop3=javax.mail.Provider[STORE,pop3,com.sun.mail.pop3.POP3Store,Sun Microsystems, Inc], pop3s=javax.mail.Provider[STORE,pop3s,com.sun.mail.pop3.POP3SSLStore,Sun Microsystems, Inc], smtp=javax.mail.Provider[TRANSPORT,smtp,com.sun.mail.smtp.SMTPTransport,Sun Microsystems, Inc]}
DEBUG: successfully loaded resource: /META-INF/javamail.default.address.map
DEBUG: JavaMail version 1.4.4
DEBUG: successfully loaded resource: /META-INF/javamail.default.providers
DEBUG: Tables of loaded providers
DEBUG: Providers Listed By Class Name: {com.sun.mail.smtp.SMTPSSLTransport=javax.mail.Provider[TRANSPORT,smtps,com.sun.mail.smtp.SMTPSSLTransport,Sun Microsystems, Inc], com.sun.mail.smtp.SMTPTransport=javax.mail.Provider[TRANSPORT,smtp,com.sun.mail.smtp.SMTPTransport,Sun Microsystems, Inc], com.sun.mail.imap.IMAPSSLStore=javax.mail.Provider[STORE,imaps,com.sun.mail.imap.IMAPSSLStore,Sun Microsystems, Inc], com.sun.mail.pop3.POP3SSLStore=javax.mail.Provider[STORE,pop3s,com.sun.mail.pop3.POP3SSLStore,Sun Microsystems, Inc], com.sun.mail.imap.IMAPStore=javax.mail.Provider[STORE,imap,com.sun.mail.imap.IMAPStore,Sun Microsystems, Inc], com.sun.mail.pop3.POP3Store=javax.mail.Provider[STORE,pop3,com.sun.mail.pop3.POP3Store,Sun Microsystems, Inc]}
DEBUG: Providers Listed By Protocol: {imaps=javax.mail.Provider[STORE,imaps,com.sun.mail.imap.IMAPSSLStore,Sun Microsystems, Inc], imap=javax.mail.Provider[STORE,imap,com.sun.mail.imap.IMAPStore,Sun Microsystems, Inc], smtps=javax.mail.Provider[TRANSPORT,smtps,com.sun.mail.smtp.SMTPSSLTransport,Sun Microsystems, Inc], pop3=javax.mail.Provider[STORE,pop3,com.sun.mail.pop3.POP3Store,Sun Microsystems, Inc], pop3s=javax.mail.Provider[STORE,pop3s,com.sun.mail.pop3.POP3SSLStore,Sun Microsystems, Inc], smtp=javax.mail.Provider[TRANSPORT,smtp,com.sun.mail.smtp.SMTPTransport,Sun Microsystems, Inc]}
DEBUG: successfully loaded resource: /META-INF/javamail.default.address.map
DEBUG: JavaMail version 1.4.4
DEBUG: successfully loaded resource: /META-INF/javamail.default.providers
DEBUG: Tables of loaded providers
DEBUG: Providers Listed By Class Name: {com.sun.mail.smtp.SMTPSSLTransport=javax.mail.Provider[TRANSPORT,smtps,com.sun.mail.smtp.SMTPSSLTransport,Sun Microsystems, Inc], com.sun.mail.smtp.SMTPTransport=javax.mail.Provider[TRANSPORT,smtp,com.sun.mail.smtp.SMTPTransport,Sun Microsystems, Inc], com.sun.mail.imap.IMAPSSLStore=javax.mail.Provider[STORE,imaps,com.sun.mail.imap.IMAPSSLStore,Sun Microsystems, Inc], com.sun.mail.pop3.POP3SSLStore=javax.mail.Provider[STORE,pop3s,com.sun.mail.pop3.POP3SSLStore,Sun Microsystems, Inc], com.sun.mail.imap.IMAPStore=javax.mail.Provider[STORE,imap,com.sun.mail.imap.IMAPStore,Sun Microsystems, Inc], com.sun.mail.pop3.POP3Store=javax.mail.Provider[STORE,pop3,com.sun.mail.pop3.POP3Store,Sun Microsystems, Inc]}
DEBUG: Providers Listed By Protocol: {imaps=javax.mail.Provider[STORE,imaps,com.sun.mail.imap.IMAPSSLStore,Sun Microsystems, Inc], imap=javax.mail.Provider[STORE,imap,com.sun.mail.imap.IMAPStore,Sun Microsystems, Inc], smtps=javax.mail.Provider[TRANSPORT,smtps,com.sun.mail.smtp.SMTPSSLTransport,Sun Microsystems, Inc], pop3=javax.mail.Provider[STORE,pop3,com.sun.mail.pop3.POP3Store,Sun Microsystems, Inc], pop3s=javax.mail.Provider[STORE,pop3s,com.sun.mail.pop3.POP3SSLStore,Sun Microsystems, Inc], smtp=javax.mail.Provider[TRANSPORT,smtp,com.sun.mail.smtp.SMTPTransport,Sun Microsystems, Inc]}
DEBUG: successfully loaded resource: /META-INF/javamail.default.address.map
Jan 09, 2018 7:12:12 AM com.codahale.metrics.graphite.GraphiteReporter report
WARNING: Unable to report to Graphite
java.net.ConnectException: Connection timed out
	at java.net.PlainSocketImpl.socketConnect(Native Method)
	at java.net.AbstractPlainSocketImpl.doConnect(AbstractPlainSocketImpl.java:350)
	at java.net.AbstractPlainSocketImpl.connectToAddress(AbstractPlainSocketImpl.java:206)
	at java.net.AbstractPlainSocketImpl.connect(AbstractPlainSocketImpl.java:188)
	at java.net.SocksSocketImpl.connect(SocksSocketImpl.java:392)
	at java.net.Socket.connect(Socket.java:589)
	at java.net.Socket.connect(Socket.java:538)
	at java.net.Socket.<init>(Socket.java:434)
	at java.net.Socket.<init>(Socket.java:244)
	at javax.net.DefaultSocketFactory.createSocket(SocketFactory.java:277)
	at com.codahale.metrics.graphite.Graphite.connect(Graphite.java:71)
	at com.codahale.metrics.graphite.GraphiteReporter.report(GraphiteReporter.java:153)
	at com.codahale.metrics.ScheduledReporter.report(ScheduledReporter.java:162)
	at com.codahale.metrics.ScheduledReporter$1.run(ScheduledReporter.java:117)
	at java.util.concurrent.Executors$RunnableAdapter.call(Executors.java:511)
	at java.util.concurrent.FutureTask.runAndReset(FutureTask.java:308)
	at java.util.concurrent.ScheduledThreadPoolExecutor$ScheduledFutureTask.access$301(ScheduledThreadPoolExecutor.java:180)
	at java.util.concurrent.ScheduledThreadPoolExecutor$ScheduledFutureTask.run(ScheduledThreadPoolExecutor.java:294)
	at java.util.concurrent.ThreadPoolExecutor.runWorker(ThreadPoolExecutor.java:1142)
	at java.util.concurrent.ThreadPoolExecutor$Worker.run(ThreadPoolExecutor.java:617)
	at java.lang.Thread.run(Thread.java:745)

Jan 09, 2018 7:13:49 AM hudson.model.Run execute
INFO: EV-DEV-API-REGRESSION #223 main build action completed: SUCCESS
DEBUG: JavaMail version 1.4.4
DEBUG: successfully loaded resource: /META-INF/javamail.default.providers
DEBUG: Tables of loaded providers
DEBUG: Providers Listed By Class Name: {com.sun.mail.smtp.SMTPSSLTransport=javax.mail.Provider[TRANSPORT,smtps,com.sun.mail.smtp.SMTPSSLTransport,Sun Microsystems, Inc], com.sun.mail.smtp.SMTPTransport=javax.mail.Provider[TRANSPORT,smtp,com.sun.mail.smtp.SMTPTransport,Sun Microsystems, Inc], com.sun.mail.imap.IMAPSSLStore=javax.mail.Provider[STORE,imaps,com.sun.mail.imap.IMAPSSLStore,Sun Microsystems, Inc], com.sun.mail.pop3.POP3SSLStore=javax.mail.Provider[STORE,pop3s,com.sun.mail.pop3.POP3SSLStore,Sun Microsystems, Inc], com.sun.mail.imap.IMAPStore=javax.mail.Provider[STORE,imap,com.sun.mail.imap.IMAPStore,Sun Microsystems, Inc], com.sun.mail.pop3.POP3Store=javax.mail.Provider[STORE,pop3,com.sun.mail.pop3.POP3Store,Sun Microsystems, Inc]}
DEBUG: Providers Listed By Protocol: {imaps=javax.mail.Provider[STORE,imaps,com.sun.mail.imap.IMAPSSLStore,Sun Microsystems, Inc], imap=javax.mail.Provider[STORE,imap,com.sun.mail.imap.IMAPStore,Sun Microsystems, Inc], smtps=javax.mail.Provider[TRANSPORT,smtps,com.sun.mail.smtp.SMTPSSLTransport,Sun Microsystems, Inc], pop3=javax.mail.Provider[STORE,pop3,com.sun.mail.pop3.POP3Store,Sun Microsystems, Inc], pop3s=javax.mail.Provider[STORE,pop3s,com.sun.mail.pop3.POP3SSLStore,Sun Microsystems, Inc], smtp=javax.mail.Provider[TRANSPORT,smtp,com.sun.mail.smtp.SMTPTransport,Sun Microsystems, Inc]}
DEBUG: successfully loaded resource: /META-INF/javamail.default.address.map
Jan 09, 2018 7:14:19 AM com.codahale.metrics.graphite.GraphiteReporter report
WARNING: Unable to report to Graphite
java.net.ConnectException: Connection timed out
	at java.net.PlainSocketImpl.socketConnect(Native Method)
	at java.net.AbstractPlainSocketImpl.doConnect(AbstractPlainSocketImpl.java:350)
	at java.net.AbstractPlainSocketImpl.connectToAddress(AbstractPlainSocketImpl.java:206)
	at java.net.AbstractPlainSocketImpl.connect(AbstractPlainSocketImpl.java:188)
	at java.net.SocksSocketImpl.connect(SocksSocketImpl.java:392)
	at java.net.Socket.connect(Socket.java:589)
	at java.net.Socket.connect(Socket.java:538)
	at java.net.Socket.<init>(Socket.java:434)
	at java.net.Socket.<init>(Socket.java:244)
	at javax.net.DefaultSocketFactory.createSocket(SocketFactory.java:277)
	at com.codahale.metrics.graphite.Graphite.connect(Graphite.java:71)
	at com.codahale.metrics.graphite.GraphiteReporter.report(GraphiteReporter.java:153)
	at com.codahale.metrics.ScheduledReporter.report(ScheduledReporter.java:162)
	at com.codahale.metrics.ScheduledReporter$1.run(ScheduledReporter.java:117)
	at java.util.concurrent.Executors$RunnableAdapter.call(Executors.java:511)
	at java.util.concurrent.FutureTask.runAndReset(FutureTask.java:308)
	at java.util.concurrent.ScheduledThreadPoolExecutor$ScheduledFutureTask.access$301(ScheduledThreadPoolExecutor.java:180)
	at java.util.concurrent.ScheduledThreadPoolExecutor$ScheduledFutureTask.run(ScheduledThreadPoolExecutor.java:294)
	at java.util.concurrent.ThreadPoolExecutor.runWorker(ThreadPoolExecutor.java:1142)
	at java.util.concurrent.ThreadPoolExecutor$Worker.run(ThreadPoolExecutor.java:617)
	at java.lang.Thread.run(Thread.java:745)

DEBUG: JavaMail version 1.4.4
DEBUG: successfully loaded resource: /META-INF/javamail.default.providers
DEBUG: Tables of loaded providers
DEBUG: Providers Listed By Class Name: {com.sun.mail.smtp.SMTPSSLTransport=javax.mail.Provider[TRANSPORT,smtps,com.sun.mail.smtp.SMTPSSLTransport,Sun Microsystems, Inc], com.sun.mail.smtp.SMTPTransport=javax.mail.Provider[TRANSPORT,smtp,com.sun.mail.smtp.SMTPTransport,Sun Microsystems, Inc], com.sun.mail.imap.IMAPSSLStore=javax.mail.Provider[STORE,imaps,com.sun.mail.imap.IMAPSSLStore,Sun Microsystems, Inc], com.sun.mail.pop3.POP3SSLStore=javax.mail.Provider[STORE,pop3s,com.sun.mail.pop3.POP3SSLStore,Sun Microsystems, Inc], com.sun.mail.imap.IMAPStore=javax.mail.Provider[STORE,imap,com.sun.mail.imap.IMAPStore,Sun Microsystems, Inc], com.sun.mail.pop3.POP3Store=javax.mail.Provider[STORE,pop3,com.sun.mail.pop3.POP3Store,Sun Microsystems, Inc]}
DEBUG: Providers Listed By Protocol: {imaps=javax.mail.Provider[STORE,imaps,com.sun.mail.imap.IMAPSSLStore,Sun Microsystems, Inc], imap=javax.mail.Provider[STORE,imap,com.sun.mail.imap.IMAPStore,Sun Microsystems, Inc], smtps=javax.mail.Provider[TRANSPORT,smtps,com.sun.mail.smtp.SMTPSSLTransport,Sun Microsystems, Inc], pop3=javax.mail.Provider[STORE,pop3,com.sun.mail.pop3.POP3Store,Sun Microsystems, Inc], pop3s=javax.mail.Provider[STORE,pop3s,com.sun.mail.pop3.POP3SSLStore,Sun Microsystems, Inc], smtp=javax.mail.Provider[TRANSPORT,smtp,com.sun.mail.smtp.SMTPTransport,Sun Microsystems, Inc]}
DEBUG: successfully loaded resource: /META-INF/javamail.default.address.map
Jan 09, 2018 7:16:27 AM com.codahale.metrics.graphite.GraphiteReporter report
WARNING: Unable to report to Graphite
java.net.ConnectException: Connection timed out
	at java.net.PlainSocketImpl.socketConnect(Native Method)
	at java.net.AbstractPlainSocketImpl.doConnect(AbstractPlainSocketImpl.java:350)
	at java.net.AbstractPlainSocketImpl.connectToAddress(AbstractPlainSocketImpl.java:206)
	at java.net.AbstractPlainSocketImpl.connect(AbstractPlainSocketImpl.java:188)
	at java.net.SocksSocketImpl.connect(SocksSocketImpl.java:392)
	at java.net.Socket.connect(Socket.java:589)
	at java.net.Socket.connect(Socket.java:538)
	at java.net.Socket.<init>(Socket.java:434)
	at java.net.Socket.<init>(Socket.java:244)
	at javax.net.DefaultSocketFactory.createSocket(SocketFactory.java:277)
	at com.codahale.metrics.graphite.Graphite.connect(Graphite.java:71)
	at com.codahale.metrics.graphite.GraphiteReporter.report(GraphiteReporter.java:153)
	at com.codahale.metrics.ScheduledReporter.report(ScheduledReporter.java:162)
	at com.codahale.metrics.ScheduledReporter$1.run(ScheduledReporter.java:117)
	at java.util.concurrent.Executors$RunnableAdapter.call(Executors.java:511)
	at java.util.concurrent.FutureTask.runAndReset(FutureTask.java:308)
	at java.util.concurrent.ScheduledThreadPoolExecutor$ScheduledFutureTask.access$301(ScheduledThreadPoolExecutor.java:180)
	at java.util.concurrent.ScheduledThreadPoolExecutor$ScheduledFutureTask.run(ScheduledThreadPoolExecutor.java:294)
	at java.util.concurrent.ThreadPoolExecutor.runWorker(ThreadPoolExecutor.java:1142)
	at java.util.concurrent.ThreadPoolExecutor$Worker.run(ThreadPoolExecutor.java:617)
	at java.lang.Thread.run(Thread.java:745)

DEBUG: JavaMail version 1.4.4
DEBUG: successfully loaded resource: /META-INF/javamail.default.providers
DEBUG: Tables of loaded providers
DEBUG: Providers Listed By Class Name: {com.sun.mail.smtp.SMTPSSLTransport=javax.mail.Provider[TRANSPORT,smtps,com.sun.mail.smtp.SMTPSSLTransport,Sun Microsystems, Inc], com.sun.mail.smtp.SMTPTransport=javax.mail.Provider[TRANSPORT,smtp,com.sun.mail.smtp.SMTPTransport,Sun Microsystems, Inc], com.sun.mail.imap.IMAPSSLStore=javax.mail.Provider[STORE,imaps,com.sun.mail.imap.IMAPSSLStore,Sun Microsystems, Inc], com.sun.mail.pop3.POP3SSLStore=javax.mail.Provider[STORE,pop3s,com.sun.mail.pop3.POP3SSLStore,Sun Microsystems, Inc], com.sun.mail.imap.IMAPStore=javax.mail.Provider[STORE,imap,com.sun.mail.imap.IMAPStore,Sun Microsystems, Inc], com.sun.mail.pop3.POP3Store=javax.mail.Provider[STORE,pop3,com.sun.mail.pop3.POP3Store,Sun Microsystems, Inc]}
DEBUG: Providers Listed By Protocol: {imaps=javax.mail.Provider[STORE,imaps,com.sun.mail.imap.IMAPSSLStore,Sun Microsystems, Inc], imap=javax.mail.Provider[STORE,imap,com.sun.mail.imap.IMAPStore,Sun Microsystems, Inc], smtps=javax.mail.Provider[TRANSPORT,smtps,com.sun.mail.smtp.SMTPSSLTransport,Sun Microsystems, Inc], pop3=javax.mail.Provider[STORE,pop3,com.sun.mail.pop3.POP3Store,Sun Microsystems, Inc], pop3s=javax.mail.Provider[STORE,pop3s,com.sun.mail.pop3.POP3SSLStore,Sun Microsystems, Inc], smtp=javax.mail.Provider[TRANSPORT,smtp,com.sun.mail.smtp.SMTPTransport,Sun Microsystems, Inc]}
DEBUG: successfully loaded resource: /META-INF/javamail.default.address.map
DEBUG: JavaMail version 1.4.4
DEBUG: successfully loaded resource: /META-INF/javamail.default.providers
DEBUG: Tables of loaded providers
DEBUG: Providers Listed By Class Name: {com.sun.mail.smtp.SMTPSSLTransport=javax.mail.Provider[TRANSPORT,smtps,com.sun.mail.smtp.SMTPSSLTransport,Sun Microsystems, Inc], com.sun.mail.smtp.SMTPTransport=javax.mail.Provider[TRANSPORT,smtp,com.sun.mail.smtp.SMTPTransport,Sun Microsystems, Inc], com.sun.mail.imap.IMAPSSLStore=javax.mail.Provider[STORE,imaps,com.sun.mail.imap.IMAPSSLStore,Sun Microsystems, Inc], com.sun.mail.pop3.POP3SSLStore=javax.mail.Provider[STORE,pop3s,com.sun.mail.pop3.POP3SSLStore,Sun Microsystems, Inc], com.sun.mail.imap.IMAPStore=javax.mail.Provider[STORE,imap,com.sun.mail.imap.IMAPStore,Sun Microsystems, Inc], com.sun.mail.pop3.POP3Store=javax.mail.Provider[STORE,pop3,com.sun.mail.pop3.POP3Store,Sun Microsystems, Inc]}
DEBUG: Providers Listed By Protocol: {imaps=javax.mail.Provider[STORE,imaps,com.sun.mail.imap.IMAPSSLStore,Sun Microsystems, Inc], imap=javax.mail.Provider[STORE,imap,com.sun.mail.imap.IMAPStore,Sun Microsystems, Inc], smtps=javax.mail.Provider[TRANSPORT,smtps,com.sun.mail.smtp.SMTPSSLTransport,Sun Microsystems, Inc], pop3=javax.mail.Provider[STORE,pop3,com.sun.mail.pop3.POP3Store,Sun Microsystems, Inc], pop3s=javax.mail.Provider[STORE,pop3s,com.sun.mail.pop3.POP3SSLStore,Sun Microsystems, Inc], smtp=javax.mail.Provider[TRANSPORT,smtp,com.sun.mail.smtp.SMTPTransport,Sun Microsystems, Inc]}
DEBUG: successfully loaded resource: /META-INF/javamail.default.address.map
Running from: /usr/lib/jenkins/jenkins.war
Jan 09, 2018 10:18:39 AM Main deleteWinstoneTempContents
WARNING: Failed to delete the temporary Winstone file /tmp/winstone/jenkins.war
Jan 09, 2018 10:18:39 AM org.eclipse.jetty.util.log.Log initialized
INFO: Logging initialized @614ms to org.eclipse.jetty.util.log.JavaUtilLog
Jan 09, 2018 10:18:39 AM winstone.Logger logInternal
INFO: Beginning extraction from war file
Jan 09, 2018 10:18:39 AM org.eclipse.jetty.server.Server doStart
INFO: jetty-9.4.z-SNAPSHOT
Jan 09, 2018 10:18:40 AM org.eclipse.jetty.webapp.StandardDescriptorProcessor visitServlet
INFO: NO JSP Support for /jenkins, did not find org.eclipse.jetty.jsp.JettyJspServlet
Jan 09, 2018 10:18:40 AM org.eclipse.jetty.server.session.DefaultSessionIdManager doStart
INFO: DefaultSessionIdManager workerName=node0
Jan 09, 2018 10:18:40 AM org.eclipse.jetty.server.session.DefaultSessionIdManager doStart
INFO: No SessionScavenger set, using defaults
Jan 09, 2018 10:18:40 AM org.eclipse.jetty.server.session.HouseKeeper startScavenging
INFO: Scavenging every 600000ms
Jenkins home directory: /var/lib/jenkins found at: SystemProperties.getProperty("JENKINS_HOME")
Jan 09, 2018 10:18:40 AM org.eclipse.jetty.server.handler.ContextHandler doStart
INFO: Started w.@2d29b4ee{/jenkins,file:///var/cache/jenkins/war/,AVAILABLE}{/var/cache/jenkins/war}
Jan 09, 2018 10:18:40 AM org.eclipse.jetty.server.AbstractConnector doStart
INFO: Started ServerConnector@4ee203eb{HTTP/1.1,[http/1.1]}{0.0.0.0:8080}
Jan 09, 2018 10:18:40 AM org.eclipse.jetty.server.Server doStart
INFO: Started @2137ms
Jan 09, 2018 10:18:40 AM winstone.Logger logInternal
INFO: Winstone Servlet Engine v4.0 running: controlPort=disabled
Jan 09, 2018 10:18:41 AM jenkins.InitReactorRunner$1 onAttained
INFO: Started initialization
Jan 09, 2018 10:18:41 AM hudson.ClassicPluginStrategy createPluginWrapper
WARNING: Deprecated unpacked classes directory found in /var/lib/jenkins/plugins/chef/WEB-INF/classes
Jan 09, 2018 10:18:44 AM hudson.ClassicPluginStrategy createPluginWrapper
WARNING: Deprecated unpacked classes directory found in /var/lib/jenkins/plugins/capitomcat/WEB-INF/classes
Jan 09, 2018 10:18:46 AM jenkins.InitReactorRunner$1 onAttained
INFO: Listed all plugins
Jan 09, 2018 10:18:46 AM jenkins.bouncycastle.api.SecurityProviderInitializer addSecurityProvider
INFO: Initializing Bouncy Castle security provider.
Jan 09, 2018 10:18:46 AM jenkins.bouncycastle.api.SecurityProviderInitializer addSecurityProvider
INFO: Bouncy Castle security provider initialized.
Jan 09, 2018 10:18:46 AM ruby.RubyRuntimePlugin start
INFO: Injecting JRuby into XStream
Trying to load models from /var/lib/jenkins/plugins/chef/WEB-INF/classes/models
Loading /var/lib/jenkins/plugins/chef/WEB-INF/classes/models/chef-builder.rb
Jan 09, 2018 10:18:53 AM jenkins.InitReactorRunner$1 onTaskFailed
SEVERE: Failed Loading plugin GitHub Branch Source Plugin v2.2.3 (github-branch-source)
java.io.IOException: GitHub Branch Source Plugin v2.2.3 failed to load.
 - GitHub plugin v1.25.0 is older than required. To fix, install v1.26.0 or later.
	at hudson.PluginWrapper.resolvePluginDependencies(PluginWrapper.java:626)
	at hudson.PluginManager$2$1$1.run(PluginManager.java:513)
	at org.jvnet.hudson.reactor.TaskGraphBuilder$TaskImpl.run(TaskGraphBuilder.java:169)
	at org.jvnet.hudson.reactor.Reactor.runTask(Reactor.java:282)
	at jenkins.model.Jenkins$5.runTask(Jenkins.java:1068)
	at org.jvnet.hudson.reactor.Reactor$2.run(Reactor.java:210)
	at org.jvnet.hudson.reactor.Reactor$Node.run(Reactor.java:117)
	at java.util.concurrent.ThreadPoolExecutor.runWorker(ThreadPoolExecutor.java:1142)
	at java.util.concurrent.ThreadPoolExecutor$Worker.run(ThreadPoolExecutor.java:617)
	at java.lang.Thread.run(Thread.java:745)

Jan 09, 2018 10:18:53 AM jenkins.InitReactorRunner$1 onTaskFailed
SEVERE: Failed Loading plugin GitHub Organization Folder Plugin v1.6 (github-organization-folder)
java.io.IOException: GitHub Organization Folder Plugin v1.6 failed to load.
 - GitHub Branch Source Plugin v2.2.3 failed to load. Fix this plugin first.
	at hudson.PluginWrapper.resolvePluginDependencies(PluginWrapper.java:626)
	at hudson.PluginManager$2$1$1.run(PluginManager.java:513)
	at org.jvnet.hudson.reactor.TaskGraphBuilder$TaskImpl.run(TaskGraphBuilder.java:169)
	at org.jvnet.hudson.reactor.Reactor.runTask(Reactor.java:282)
	at jenkins.model.Jenkins$5.runTask(Jenkins.java:1068)
	at org.jvnet.hudson.reactor.Reactor$2.run(Reactor.java:210)
	at org.jvnet.hudson.reactor.Reactor$Node.run(Reactor.java:117)
	at java.util.concurrent.ThreadPoolExecutor.runWorker(ThreadPoolExecutor.java:1142)
	at java.util.concurrent.ThreadPoolExecutor$Worker.run(ThreadPoolExecutor.java:617)
	at java.lang.Thread.run(Thread.java:745)

Jan 09, 2018 10:18:53 AM jenkins.InitReactorRunner$1 onTaskFailed
SEVERE: Failed Loading plugin GitHub Pull Request Builder v1.39.0 (ghprb)
java.io.IOException: GitHub Pull Request Builder v1.39.0 failed to load.
 - GitHub plugin v1.25.0 is older than required. To fix, install v1.26.0 or later.
	at hudson.PluginWrapper.resolvePluginDependencies(PluginWrapper.java:626)
	at hudson.PluginManager$2$1$1.run(PluginManager.java:513)
	at org.jvnet.hudson.reactor.TaskGraphBuilder$TaskImpl.run(TaskGraphBuilder.java:169)
	at org.jvnet.hudson.reactor.Reactor.runTask(Reactor.java:282)
	at jenkins.model.Jenkins$5.runTask(Jenkins.java:1068)
	at org.jvnet.hudson.reactor.Reactor$2.run(Reactor.java:210)
	at org.jvnet.hudson.reactor.Reactor$Node.run(Reactor.java:117)
	at java.util.concurrent.ThreadPoolExecutor.runWorker(ThreadPoolExecutor.java:1142)
	at java.util.concurrent.ThreadPoolExecutor$Worker.run(ThreadPoolExecutor.java:617)
	at java.lang.Thread.run(Thread.java:745)

Trying to load models from /var/lib/jenkins/plugins/capitomcat/WEB-INF/classes/models
Loading /var/lib/jenkins/plugins/capitomcat/WEB-INF/classes/models/capitomcat.rb
Loading /var/lib/jenkins/plugins/capitomcat/WEB-INF/classes/models/capitomcat/application.rb
Loading /var/lib/jenkins/plugins/capitomcat/WEB-INF/classes/models/capitomcat/jenkins_output.rb
Loading /var/lib/jenkins/plugins/capitomcat/WEB-INF/classes/models/capitomcat/publisher_descriptor.rb
Loading /var/lib/jenkins/plugins/capitomcat/WEB-INF/classes/models/capitomcat/capitomcat_action.rb
load error: openssl -- java.lang.VerifyError: (class: org/jruby/ext/openssl/X509Cert, method: sign signature: (Lorg/jruby/runtime/ThreadContext;Lorg/jruby/runtime/builtin/IRubyObject;Lorg/jruby/runtime/builtin/IRubyObject;)Lorg/jruby/runtime/builtin/IRubyObject;) Incompatible argument to function (LoadError)
  org/jruby/RubyKernel.java:1027:in `require'
  jar:file:/var/lib/jenkins/plugins/ruby-runtime/WEB-INF/lib/jruby-complete-1.7.3.jar!/META-INF/jruby.home/lib/ruby/shared/rubygems/custom_require.rb:36:in `require'
  /var/lib/jenkins/plugins/capitomcat/WEB-INF/classes/vendor/gems/gems/net-ssh-2.9.2/lib/net/ssh/transport/openssl.rb:2:in `(root)'
  org/jruby/RubyKernel.java:1027:in `require'
  jar:file:/var/lib/jenkins/plugins/ruby-runtime/WEB-INF/lib/jruby-complete-1.7.3.jar!/META-INF/jruby.home/lib/ruby/shared/rubygems/custom_require.rb:36:in `require'
  /var/lib/jenkins/plugins/capitomcat/WEB-INF/classes/vendor/gems/gems/net-ssh-2.9.2/lib/net/ssh/buffer.rb:1:in `(root)'
  org/jruby/RubyKernel.java:1027:in `require'
  jar:file:/var/lib/jenkins/plugins/ruby-runtime/WEB-INF/lib/jruby-complete-1.7.3.jar!/META-INF/jruby.home/lib/ruby/shared/rubygems/custom_require.rb:36:in `require'
  /var/lib/jenkins/plugins/capitomcat/WEB-INF/classes/vendor/gems/gems/net-ssh-2.9.2/lib/net/ssh/buffer.rb:2:in `(root)'
  org/jruby/RubyKernel.java:1027:in `require'
  jar:file:/var/lib/jenkins/plugins/ruby-runtime/WEB-INF/lib/jruby-complete-1.7.3.jar!/META-INF/jruby.home/lib/ruby/shared/rubygems/custom_require.rb:36:in `require'
  /var/lib/jenkins/plugins/capitomcat/WEB-INF/classes/vendor/gems/gems/net-ssh-2.9.2/lib/net/ssh/transport/algorithms.rb:1:in `(root)'
  org/jruby/RubyKernel.java:1027:in `require'
  jar:file:/var/lib/jenkins/plugins/ruby-runtime/WEB-INF/lib/jruby-complete-1.7.3.jar!/META-INF/jruby.home/lib/ruby/shared/rubygems/custom_require.rb:36:in `require'
  /var/lib/jenkins/plugins/capitomcat/WEB-INF/classes/vendor/gems/gems/net-ssh-2.9.2/lib/net/ssh/transport/algorithms.rb:1:in `(root)'
  org/jruby/RubyKernel.java:1027:in `require'
  jar:file:/var/lib/jenkins/plugins/ruby-runtime/WEB-INF/lib/jruby-complete-1.7.3.jar!/META-INF/jruby.home/lib/ruby/shared/rubygems/custom_require.rb:36:in `require'
  /var/lib/jenkins/plugins/capitomcat/WEB-INF/classes/vendor/gems/gems/net-ssh-2.9.2/lib/net/ssh/transport/session.rb:1:in `(root)'
  org/jruby/RubyKernel.java:1027:in `require'
  jar:file:/var/lib/jenkins/plugins/ruby-runtime/WEB-INF/lib/jruby-complete-1.7.3.jar!/META-INF/jruby.home/lib/ruby/shared/rubygems/custom_require.rb:36:in `require'
  /var/lib/jenkins/plugins/capitomcat/WEB-INF/classes/vendor/gems/gems/net-ssh-2.9.2/lib/net/ssh/transport/session.rb:7:in `(root)'
  /var/lib/jenkins/plugins/capitomcat/WEB-INF/classes/vendor/gems/gems/net-ssh-2.9.2/lib/net/ssh.rb:1:in `(root)'
  org/jruby/RubyKernel.java:1027:in `require'
  jar:file:/var/lib/jenkins/plugins/ruby-runtime/WEB-INF/lib/jruby-complete-1.7.3.jar!/META-INF/jruby.home/lib/ruby/shared/rubygems/custom_require.rb:36:in `require'
  /var/lib/jenkins/plugins/capitomcat/WEB-INF/classes/vendor/gems/gems/net-ssh-2.9.2/lib/net/ssh.rb:10:in `(root)'
  /var/lib/jenkins/plugins/capitomcat/WEB-INF/classes/vendor/gems/gems/sshkit-1.6.1/lib/sshkit/backends/netssh.rb:1:in `(root)'
  org/jruby/RubyKernel.java:1027:in `require'
  jar:file:/var/lib/jenkins/plugins/ruby-runtime/WEB-INF/lib/jruby-complete-1.7.3.jar!/META-INF/jruby.home/lib/ruby/shared/rubygems/custom_require.rb:36:in `require'
  /var/lib/jenkins/plugins/capitomcat/WEB-INF/classes/vendor/gems/gems/sshkit-1.6.1/lib/sshkit/backends/netssh.rb:1:in `(root)'
  org/jruby/RubyKernel.java:1027:in `require'
  jar:file:/var/lib/jenkins/plugins/ruby-runtime/WEB-INF/lib/jruby-complete-1.7.3.jar!/META-INF/jruby.home/lib/ruby/shared/rubygems/custom_require.rb:36:in `require'
  file:/var/lib/jenkins/plugins/ruby-runtime/WEB-INF/lib/jruby-complete-1.7.3.jar!/jruby/kernel19/kernel.rb:1:in `(root)'
  org/jruby/RubyKernel.java:1046:in `load'
  file:/var/lib/jenkins/plugins/ruby-runtime/WEB-INF/lib/jruby-complete-1.7.3.jar!/jruby/kernel19/kernel.rb:19:in `require_relative'
  org/jruby/RubyDir.java:649:in `each'
  /var/lib/jenkins/plugins/capitomcat/WEB-INF/classes/vendor/gems/gems/sshkit-1.6.1/lib/sshkit/all.rb:32:in `(root)'
  file:/var/lib/jenkins/plugins/ruby-runtime/WEB-INF/lib/jruby-complete-1.7.3.jar!/jruby/kernel19/kernel.rb:1:in `(root)'
  org/jruby/RubyArray.java:1613:in `each'
  file:/var/lib/jenkins/plugins/ruby-runtime/WEB-INF/lib/jruby-complete-1.7.3.jar!/jruby/kernel19/kernel.rb:19:in `require_relative'
  /var/lib/jenkins/plugins/capitomcat/WEB-INF/classes/vendor/gems/gems/sshkit-1.6.1/lib/sshkit.rb:35:in `(root)'
  /var/lib/jenkins/plugins/capitomcat/WEB-INF/classes/vendor/gems/gems/capistrano-3.3.5/lib/capistrano/all.rb:1:in `(root)'
Loading /var/lib/jenkins/plugins/capitomcat/WEB-INF/classes/models/capitomcat/builder_descriptor.rb
Loading /var/lib/jenkins/plugins/capitomcat/WEB-INF/classes/models/capitomcat/publisher_proxy.rb
/var/lib/jenkins/plugins/capitomcat/WEB-INF/classes/vendor/gems/gems/sshkit-1.6.1/lib/sshkit.rb:4 warning: already initialized constant StandardError
jar:file:/var/lib/jenkins/plugins/ruby-runtime/WEB-INF/lib/jruby-complete-1.7.3.jar!/META-INF/jruby.home/lib/ruby/shared/openssl.rb:25 warning: already initialized constant PKCS1_PADDING
jar:file:/var/lib/jenkins/plugins/ruby-runtime/WEB-INF/lib/jruby-complete-1.7.3.jar!/META-INF/jruby.home/lib/ruby/shared/openssl.rb:25 warning: already initialized constant SSLV23_PADDING
jar:file:/var/lib/jenkins/plugins/ruby-runtime/WEB-INF/lib/jruby-complete-1.7.3.jar!/META-INF/jruby.home/lib/ruby/shared/openssl.rb:25 warning: already initialized constant NO_PADDING
jar:file:/var/lib/jenkins/plugins/ruby-runtime/WEB-INF/lib/jruby-complete-1.7.3.jar!/META-INF/jruby.home/lib/ruby/shared/openssl.rb:25 warning: already initialized constant PKCS1_OAEP_PADDING
jar:file:/var/lib/jenkins/plugins/ruby-runtime/WEB-INF/lib/jruby-complete-1.7.3.jar!/META-INF/jruby.home/lib/ruby/shared/openssl.rb:25 warning: already initialized constant UNIVERSAL_TAG_NAME
jar:file:/var/lib/jenkins/plugins/ruby-runtime/WEB-INF/lib/jruby-complete-1.7.3.jar!/META-INF/jruby.home/lib/ruby/shared/openssl.rb:25 warning: already initialized constant EOC
jar:file:/var/lib/jenkins/plugins/ruby-runtime/WEB-INF/lib/jruby-complete-1.7.3.jar!/META-INF/jruby.home/lib/ruby/shared/openssl.rb:25 warning: already initialized constant BOOLEAN
jar:file:/var/lib/jenkins/plugins/ruby-runtime/WEB-INF/lib/jruby-complete-1.7.3.jar!/META-INF/jruby.home/lib/ruby/shared/openssl.rb:25 warning: already initialized constant INTEGER
jar:file:/var/lib/jenkins/plugins/ruby-runtime/WEB-INF/lib/jruby-complete-1.7.3.jar!/META-INF/jruby.home/lib/ruby/shared/openssl.rb:25 warning: already initialized constant BIT_STRING
jar:file:/var/lib/jenkins/plugins/ruby-runtime/WEB-INF/lib/jruby-complete-1.7.3.jar!/META-INF/jruby.home/lib/ruby/shared/openssl.rb:25 warning: already initialized constant OCTET_STRING
jar:file:/var/lib/jenkins/plugins/ruby-runtime/WEB-INF/lib/jruby-complete-1.7.3.jar!/META-INF/jruby.home/lib/ruby/shared/openssl.rb:25 warning: already initialized constant NULL
jar:file:/var/lib/jenkins/plugins/ruby-runtime/WEB-INF/lib/jruby-complete-1.7.3.jar!/META-INF/jruby.home/lib/ruby/shared/openssl.rb:25 warning: already initialized constant OBJECT
jar:file:/var/lib/jenkins/plugins/ruby-runtime/WEB-INF/lib/jruby-complete-1.7.3.jar!/META-INF/jruby.home/lib/ruby/shared/openssl.rb:25 warning: already initialized constant OBJECT_DESCRIPTOR
jar:file:/var/lib/jenkins/plugins/ruby-runtime/WEB-INF/lib/jruby-complete-1.7.3.jar!/META-INF/jruby.home/lib/ruby/shared/openssl.rb:25 warning: already initialized constant EXTERNAL
jar:file:/var/lib/jenkins/plugins/ruby-runtime/WEB-INF/lib/jruby-complete-1.7.3.jar!/META-INF/jruby.home/lib/ruby/shared/openssl.rb:25 warning: already initialized constant REAL
jar:file:/var/lib/jenkins/plugins/ruby-runtime/WEB-INF/lib/jruby-complete-1.7.3.jar!/META-INF/jruby.home/lib/ruby/shared/openssl.rb:25 warning: already initialized constant ENUMERATED
jar:file:/var/lib/jenkins/plugins/ruby-runtime/WEB-INF/lib/jruby-complete-1.7.3.jar!/META-INF/jruby.home/lib/ruby/shared/openssl.rb:25 warning: already initialized constant EMBEDDED_PDV
jar:file:/var/lib/jenkins/plugins/ruby-runtime/WEB-INF/lib/jruby-complete-1.7.3.jar!/META-INF/jruby.home/lib/ruby/shared/openssl.rb:25 warning: already initialized constant UTF8STRING
jar:file:/var/lib/jenkins/plugins/ruby-runtime/WEB-INF/lib/jruby-complete-1.7.3.jar!/META-INF/jruby.home/lib/ruby/shared/openssl.rb:25 warning: already initialized constant RELATIVE_OID
jar:file:/var/lib/jenkins/plugins/ruby-runtime/WEB-INF/lib/jruby-complete-1.7.3.jar!/META-INF/jruby.home/lib/ruby/shared/openssl.rb:25 warning: already initialized constant SEQUENCE
jar:file:/var/lib/jenkins/plugins/ruby-runtime/WEB-INF/lib/jruby-complete-1.7.3.jar!/META-INF/jruby.home/lib/ruby/shared/openssl.rb:25 warning: already initialized constant SET
jar:file:/var/lib/jenkins/plugins/ruby-runtime/WEB-INF/lib/jruby-complete-1.7.3.jar!/META-INF/jruby.home/lib/ruby/shared/openssl.rb:25 warning: already initialized constant NUMERICSTRING
jar:file:/var/lib/jenkins/plugins/ruby-runtime/WEB-INF/lib/jruby-complete-1.7.3.jar!/META-INF/jruby.home/lib/ruby/shared/openssl.rb:25 warning: already initialized constant PRINTABLESTRING
jar:file:/var/lib/jenkins/plugins/ruby-runtime/WEB-INF/lib/jruby-complete-1.7.3.jar!/META-INF/jruby.home/lib/ruby/shared/openssl.rb:25 warning: already initialized constant T61STRING
jar:file:/var/lib/jenkins/plugins/ruby-runtime/WEB-INF/lib/jruby-complete-1.7.3.jar!/META-INF/jruby.home/lib/ruby/shared/openssl.rb:25 warning: already initialized constant VIDEOTEXSTRING
jar:file:/var/lib/jenkins/plugins/ruby-runtime/WEB-INF/lib/jruby-complete-1.7.3.jar!/META-INF/jruby.home/lib/ruby/shared/openssl.rb:25 warning: already initialized constant IA5STRING
jar:file:/var/lib/jenkins/plugins/ruby-runtime/WEB-INF/lib/jruby-complete-1.7.3.jar!/META-INF/jruby.home/lib/ruby/shared/openssl.rb:25 warning: already initialized constant UTCTIME
jar:file:/var/lib/jenkins/plugins/ruby-runtime/WEB-INF/lib/jruby-complete-1.7.3.jar!/META-INF/jruby.home/lib/ruby/shared/openssl.rb:25 warning: already initialized constant GENERALIZEDTIME
jar:file:/var/lib/jenkins/plugins/ruby-runtime/WEB-INF/lib/jruby-complete-1.7.3.jar!/META-INF/jruby.home/lib/ruby/shared/openssl.rb:25 warning: already initialized constant GRAPHICSTRING
jar:file:/var/lib/jenkins/plugins/ruby-runtime/WEB-INF/lib/jruby-complete-1.7.3.jar!/META-INF/jruby.home/lib/ruby/shared/openssl.rb:25 warning: already initialized constant ISO64STRING
jar:file:/var/lib/jenkins/plugins/ruby-runtime/WEB-INF/lib/jruby-complete-1.7.3.jar!/META-INF/jruby.home/lib/ruby/shared/openssl.rb:25 warning: already initialized constant GENERALSTRING
jar:file:/var/lib/jenkins/plugins/ruby-runtime/WEB-INF/lib/jruby-complete-1.7.3.jar!/META-INF/jruby.home/lib/ruby/shared/openssl.rb:25 warning: already initialized constant UNIVERSALSTRING
jar:file:/var/lib/jenkins/plugins/ruby-runtime/WEB-INF/lib/jruby-complete-1.7.3.jar!/META-INF/jruby.home/lib/ruby/shared/openssl.rb:25 warning: already initialized constant CHARACTER_STRING
jar:file:/var/lib/jenkins/plugins/ruby-runtime/WEB-INF/lib/jruby-complete-1.7.3.jar!/META-INF/jruby.home/lib/ruby/shared/openssl.rb:25 warning: already initialized constant BMPSTRING
jar:file:/var/lib/jenkins/plugins/ruby-runtime/WEB-INF/lib/jruby-complete-1.7.3.jar!/META-INF/jruby.home/lib/ruby/shared/openssl.rb:25 warning: already initialized constant COMPAT
jar:file:/var/lib/jenkins/plugins/ruby-runtime/WEB-INF/lib/jruby-complete-1.7.3.jar!/META-INF/jruby.home/lib/ruby/shared/openssl.rb:25 warning: already initialized constant RFC2253
jar:file:/var/lib/jenkins/plugins/ruby-runtime/WEB-INF/lib/jruby-complete-1.7.3.jar!/META-INF/jruby.home/lib/ruby/shared/openssl.rb:25 warning: already initialized constant ONELINE
jar:file:/var/lib/jenkins/plugins/ruby-runtime/WEB-INF/lib/jruby-complete-1.7.3.jar!/META-INF/jruby.home/lib/ruby/shared/openssl.rb:25 warning: already initialized constant MULTILINE
jar:file:/var/lib/jenkins/plugins/ruby-runtime/WEB-INF/lib/jruby-complete-1.7.3.jar!/META-INF/jruby.home/lib/ruby/shared/openssl.rb:25 warning: already initialized constant DEFAULT_OBJECT_TYPE
jar:file:/var/lib/jenkins/plugins/ruby-runtime/WEB-INF/lib/jruby-complete-1.7.3.jar!/META-INF/jruby.home/lib/ruby/shared/openssl.rb:25 warning: already initialized constant OBJECT_TYPE_TEMPLATE
load error: openssl -- java.lang.VerifyError: (class: org/jruby/ext/openssl/X509Cert, method: sign signature: (Lorg/jruby/runtime/ThreadContext;Lorg/jruby/runtime/builtin/IRubyObject;Lorg/jruby/runtime/builtin/IRubyObject;)Lorg/jruby/runtime/builtin/IRubyObject;) Incompatible argument to function (LoadError)
  org/jruby/RubyKernel.java:1027:in `require'
  jar:file:/var/lib/jenkins/plugins/ruby-runtime/WEB-INF/lib/jruby-complete-1.7.3.jar!/META-INF/jruby.home/lib/ruby/shared/rubygems/custom_require.rb:36:in `require'
  /var/lib/jenkins/plugins/capitomcat/WEB-INF/classes/vendor/gems/gems/net-ssh-2.9.2/lib/net/ssh/transport/openssl.rb:2:in `(root)'
  org/jruby/RubyKernel.java:1027:in `require'
  jar:file:/var/lib/jenkins/plugins/ruby-runtime/WEB-INF/lib/jruby-complete-1.7.3.jar!/META-INF/jruby.home/lib/ruby/shared/rubygems/custom_require.rb:36:in `require'
  /var/lib/jenkins/plugins/capitomcat/WEB-INF/classes/vendor/gems/gems/net-ssh-2.9.2/lib/net/ssh/buffer.rb:1:in `(root)'
  org/jruby/RubyKernel.java:1027:in `require'
  jar:file:/var/lib/jenkins/plugins/ruby-runtime/WEB-INF/lib/jruby-complete-1.7.3.jar!/META-INF/jruby.home/lib/ruby/shared/rubygems/custom_require.rb:36:in `require'
  /var/lib/jenkins/plugins/capitomcat/WEB-INF/classes/vendor/gems/gems/net-ssh-2.9.2/lib/net/ssh/buffer.rb:2:in `(root)'
  org/jruby/RubyKernel.java:1027:in `require'
  jar:file:/var/lib/jenkins/plugins/ruby-runtime/WEB-INF/lib/jruby-complete-1.7.3.jar!/META-INF/jruby.home/lib/ruby/shared/rubygems/custom_require.rb:36:in `require'
  /var/lib/jenkins/plugins/capitomcat/WEB-INF/classes/vendor/gems/gems/net-ssh-2.9.2/lib/net/ssh/transport/algorithms.rb:1:in `(root)'
  org/jruby/RubyKernel.java:1027:in `require'
  jar:file:/var/lib/jenkins/plugins/ruby-runtime/WEB-INF/lib/jruby-complete-1.7.3.jar!/META-INF/jruby.home/lib/ruby/shared/rubygems/custom_require.rb:36:in `require'
  /var/lib/jenkins/plugins/capitomcat/WEB-INF/classes/vendor/gems/gems/net-ssh-2.9.2/lib/net/ssh/transport/algorithms.rb:1:in `(root)'
  org/jruby/RubyKernel.java:1027:in `require'
  jar:file:/var/lib/jenkins/plugins/ruby-runtime/WEB-INF/lib/jruby-complete-1.7.3.jar!/META-INF/jruby.home/lib/ruby/shared/rubygems/custom_require.rb:36:in `require'
  /var/lib/jenkins/plugins/capitomcat/WEB-INF/classes/vendor/gems/gems/net-ssh-2.9.2/lib/net/ssh/transport/session.rb:1:in `(root)'
  org/jruby/RubyKernel.java:1027:in `require'
  jar:file:/var/lib/jenkins/plugins/ruby-runtime/WEB-INF/lib/jruby-complete-1.7.3.jar!/META-INF/jruby.home/lib/ruby/shared/rubygems/custom_require.rb:36:in `require'
  /var/lib/jenkins/plugins/capitomcat/WEB-INF/classes/vendor/gems/gems/net-ssh-2.9.2/lib/net/ssh/transport/session.rb:7:in `(root)'
  /var/lib/jenkins/plugins/capitomcat/WEB-INF/classes/vendor/gems/gems/net-ssh-2.9.2/lib/net/ssh.rb:1:in `(root)'
  org/jruby/RubyKernel.java:1027:in `require'
  jar:file:/var/lib/jenkins/plugins/ruby-runtime/WEB-INF/lib/jruby-complete-1.7.3.jar!/META-INF/jruby.home/lib/ruby/shared/rubygems/custom_require.rb:36:in `require'
  /var/lib/jenkins/plugins/capitomcat/WEB-INF/classes/vendor/gems/gems/net-ssh-2.9.2/lib/net/ssh.rb:10:in `(root)'
  /var/lib/jenkins/plugins/capitomcat/WEB-INF/classes/vendor/gems/gems/sshkit-1.6.1/lib/sshkit/backends/netssh.rb:1:in `(root)'
  org/jruby/RubyKernel.java:1027:in `require'
  jar:file:/var/lib/jenkins/plugins/ruby-runtime/WEB-INF/lib/jruby-complete-1.7.3.jar!/META-INF/jruby.home/lib/ruby/shared/rubygems/custom_require.rb:36:in `require'
  /var/lib/jenkins/plugins/capitomcat/WEB-INF/classes/vendor/gems/gems/sshkit-1.6.1/lib/sshkit/backends/netssh.rb:1:in `(root)'
  org/jruby/RubyKernel.java:1027:in `require'
  jar:file:/var/lib/jenkins/plugins/ruby-runtime/WEB-INF/lib/jruby-complete-1.7.3.jar!/META-INF/jruby.home/lib/ruby/shared/rubygems/custom_require.rb:36:in `require'
  file:/var/lib/jenkins/plugins/ruby-runtime/WEB-INF/lib/jruby-complete-1.7.3.jar!/jruby/kernel19/kernel.rb:1:in `(root)'
  org/jruby/RubyKernel.java:1027:in `require'
  jar:file:/var/lib/jenkins/plugins/ruby-runtime/WEB-INF/lib/jruby-complete-1.7.3.jar!/META-INF/jruby.home/lib/ruby/shared/rubygems/custom_require.rb:36:in `require'
  file:/var/lib/jenkins/plugins/ruby-runtime/WEB-INF/lib/jruby-complete-1.7.3.jar!/jruby/kernel19/kernel.rb:19:in `require_relative'
  /var/lib/jenkins/plugins/capitomcat/WEB-INF/classes/vendor/gems/gems/sshkit-1.6.1/lib/sshkit/all.rb:32:in `(root)'
  org/jruby/RubyKernel.java:1027:in `require'
  jar:file:/var/lib/jenkins/plugins/ruby-runtime/WEB-INF/lib/jruby-complete-1.7.3.jar!/META-INF/jruby.home/lib/ruby/shared/rubygems/custom_require.rb:36:in `require'
  file:/var/lib/jenkins/plugins/ruby-runtime/WEB-INF/lib/jruby-complete-1.7.3.jar!/jruby/kernel19/kernel.rb:1:in `(root)'
  file:/var/lib/jenkins/plugins/ruby-runtime/WEB-INF/lib/jruby-complete-1.7.3.jar!/jruby/kernel19/kernel.rb:19:in `require_relative'
  org/jruby/RubyKernel.java:1046:in `load'
  /var/lib/jenkins/plugins/capitomcat/WEB-INF/classes/vendor/gems/gems/sshkit-1.6.1/lib/sshkit.rb:35:in `(root)'
  org/jruby/RubyDir.java:649:in `each'
  /var/lib/jenkins/plugins/capitomcat/WEB-INF/classes/vendor/gems/gems/capistrano-3.3.5/lib/capistrano/all.rb:1:in `(root)'
  /var/lib/jenkins/plugins/capitomcat/WEB-INF/classes/vendor/gems/gems/capistrano-3.3.5/lib/capistrano/all.rb:2:in `(root)'
  org/jruby/RubyArray.java:1613:in `each'
  /var/lib/jenkins/plugins/capitomcat/WEB-INF/classes/models/capitomcat/capitomcat_action.rb:1:in `(root)'
  /var/lib/jenkins/plugins/capitomcat/WEB-INF/classes/models/capitomcat/capitomcat_action.rb:2:in `(root)'
  file:/var/lib/jenkins/plugins/ruby-runtime/WEB-INF/lib/jruby-complete-1.7.3.jar!/jruby/kernel19/kernel.rb:1:in `(root)'
Loading /var/lib/jenkins/plugins/capitomcat/WEB-INF/classes/models/capitomcat/publisher.rb
/var/lib/jenkins/plugins/capitomcat/WEB-INF/classes/vendor/gems/gems/sshkit-1.6.1/lib/sshkit.rb:4 warning: already initialized constant StandardError
jar:file:/var/lib/jenkins/plugins/ruby-runtime/WEB-INF/lib/jruby-complete-1.7.3.jar!/META-INF/jruby.home/lib/ruby/shared/openssl.rb:25 warning: already initialized constant PKCS1_PADDING
jar:file:/var/lib/jenkins/plugins/ruby-runtime/WEB-INF/lib/jruby-complete-1.7.3.jar!/META-INF/jruby.home/lib/ruby/shared/openssl.rb:25 warning: already initialized constant SSLV23_PADDING
jar:file:/var/lib/jenkins/plugins/ruby-runtime/WEB-INF/lib/jruby-complete-1.7.3.jar!/META-INF/jruby.home/lib/ruby/shared/openssl.rb:25 warning: already initialized constant NO_PADDING
jar:file:/var/lib/jenkins/plugins/ruby-runtime/WEB-INF/lib/jruby-complete-1.7.3.jar!/META-INF/jruby.home/lib/ruby/shared/openssl.rb:25 warning: already initialized constant PKCS1_OAEP_PADDING
jar:file:/var/lib/jenkins/plugins/ruby-runtime/WEB-INF/lib/jruby-complete-1.7.3.jar!/META-INF/jruby.home/lib/ruby/shared/openssl.rb:25 warning: already initialized constant UNIVERSAL_TAG_NAME
jar:file:/var/lib/jenkins/plugins/ruby-runtime/WEB-INF/lib/jruby-complete-1.7.3.jar!/META-INF/jruby.home/lib/ruby/shared/openssl.rb:25 warning: already initialized constant EOC
jar:file:/var/lib/jenkins/plugins/ruby-runtime/WEB-INF/lib/jruby-complete-1.7.3.jar!/META-INF/jruby.home/lib/ruby/shared/openssl.rb:25 warning: already initialized constant BOOLEAN
jar:file:/var/lib/jenkins/plugins/ruby-runtime/WEB-INF/lib/jruby-complete-1.7.3.jar!/META-INF/jruby.home/lib/ruby/shared/openssl.rb:25 warning: already initialized constant INTEGER
jar:file:/var/lib/jenkins/plugins/ruby-runtime/WEB-INF/lib/jruby-complete-1.7.3.jar!/META-INF/jruby.home/lib/ruby/shared/openssl.rb:25 warning: already initialized constant BIT_STRING
jar:file:/var/lib/jenkins/plugins/ruby-runtime/WEB-INF/lib/jruby-complete-1.7.3.jar!/META-INF/jruby.home/lib/ruby/shared/openssl.rb:25 warning: already initialized constant OCTET_STRING
jar:file:/var/lib/jenkins/plugins/ruby-runtime/WEB-INF/lib/jruby-complete-1.7.3.jar!/META-INF/jruby.home/lib/ruby/shared/openssl.rb:25 warning: already initialized constant NULL
jar:file:/var/lib/jenkins/plugins/ruby-runtime/WEB-INF/lib/jruby-complete-1.7.3.jar!/META-INF/jruby.home/lib/ruby/shared/openssl.rb:25 warning: already initialized constant OBJECT
jar:file:/var/lib/jenkins/plugins/ruby-runtime/WEB-INF/lib/jruby-complete-1.7.3.jar!/META-INF/jruby.home/lib/ruby/shared/openssl.rb:25 warning: already initialized constant OBJECT_DESCRIPTOR
jar:file:/var/lib/jenkins/plugins/ruby-runtime/WEB-INF/lib/jruby-complete-1.7.3.jar!/META-INF/jruby.home/lib/ruby/shared/openssl.rb:25 warning: already initialized constant EXTERNAL
jar:file:/var/lib/jenkins/plugins/ruby-runtime/WEB-INF/lib/jruby-complete-1.7.3.jar!/META-INF/jruby.home/lib/ruby/shared/openssl.rb:25 warning: already initialized constant REAL
jar:file:/var/lib/jenkins/plugins/ruby-runtime/WEB-INF/lib/jruby-complete-1.7.3.jar!/META-INF/jruby.home/lib/ruby/shared/openssl.rb:25 warning: already initialized constant ENUMERATED
jar:file:/var/lib/jenkins/plugins/ruby-runtime/WEB-INF/lib/jruby-complete-1.7.3.jar!/META-INF/jruby.home/lib/ruby/shared/openssl.rb:25 warning: already initialized constant EMBEDDED_PDV
jar:file:/var/lib/jenkins/plugins/ruby-runtime/WEB-INF/lib/jruby-complete-1.7.3.jar!/META-INF/jruby.home/lib/ruby/shared/openssl.rb:25 warning: already initialized constant UTF8STRING
jar:file:/var/lib/jenkins/plugins/ruby-runtime/WEB-INF/lib/jruby-complete-1.7.3.jar!/META-INF/jruby.home/lib/ruby/shared/openssl.rb:25 warning: already initialized constant RELATIVE_OID
jar:file:/var/lib/jenkins/plugins/ruby-runtime/WEB-INF/lib/jruby-complete-1.7.3.jar!/META-INF/jruby.home/lib/ruby/shared/openssl.rb:25 warning: already initialized constant SEQUENCE
jar:file:/var/lib/jenkins/plugins/ruby-runtime/WEB-INF/lib/jruby-complete-1.7.3.jar!/META-INF/jruby.home/lib/ruby/shared/openssl.rb:25 warning: already initialized constant SET
jar:file:/var/lib/jenkins/plugins/ruby-runtime/WEB-INF/lib/jruby-complete-1.7.3.jar!/META-INF/jruby.home/lib/ruby/shared/openssl.rb:25 warning: already initialized constant NUMERICSTRING
jar:file:/var/lib/jenkins/plugins/ruby-runtime/WEB-INF/lib/jruby-complete-1.7.3.jar!/META-INF/jruby.home/lib/ruby/shared/openssl.rb:25 warning: already initialized constant PRINTABLESTRING
jar:file:/var/lib/jenkins/plugins/ruby-runtime/WEB-INF/lib/jruby-complete-1.7.3.jar!/META-INF/jruby.home/lib/ruby/shared/openssl.rb:25 warning: already initialized constant T61STRING
jar:file:/var/lib/jenkins/plugins/ruby-runtime/WEB-INF/lib/jruby-complete-1.7.3.jar!/META-INF/jruby.home/lib/ruby/shared/openssl.rb:25 warning: already initialized constant VIDEOTEXSTRING
jar:file:/var/lib/jenkins/plugins/ruby-runtime/WEB-INF/lib/jruby-complete-1.7.3.jar!/META-INF/jruby.home/lib/ruby/shared/openssl.rb:25 warning: already initialized constant IA5STRING
jar:file:/var/lib/jenkins/plugins/ruby-runtime/WEB-INF/lib/jruby-complete-1.7.3.jar!/META-INF/jruby.home/lib/ruby/shared/openssl.rb:25 warning: already initialized constant UTCTIME
jar:file:/var/lib/jenkins/plugins/ruby-runtime/WEB-INF/lib/jruby-complete-1.7.3.jar!/META-INF/jruby.home/lib/ruby/shared/openssl.rb:25 warning: already initialized constant GENERALIZEDTIME
jar:file:/var/lib/jenkins/plugins/ruby-runtime/WEB-INF/lib/jruby-complete-1.7.3.jar!/META-INF/jruby.home/lib/ruby/shared/openssl.rb:25 warning: already initialized constant GRAPHICSTRING
jar:file:/var/lib/jenkins/plugins/ruby-runtime/WEB-INF/lib/jruby-complete-1.7.3.jar!/META-INF/jruby.home/lib/ruby/shared/openssl.rb:25 warning: already initialized constant ISO64STRING
jar:file:/var/lib/jenkins/plugins/ruby-runtime/WEB-INF/lib/jruby-complete-1.7.3.jar!/META-INF/jruby.home/lib/ruby/shared/openssl.rb:25 warning: already initialized constant GENERALSTRING
jar:file:/var/lib/jenkins/plugins/ruby-runtime/WEB-INF/lib/jruby-complete-1.7.3.jar!/META-INF/jruby.home/lib/ruby/shared/openssl.rb:25 warning: already initialized constant UNIVERSALSTRING
jar:file:/var/lib/jenkins/plugins/ruby-runtime/WEB-INF/lib/jruby-complete-1.7.3.jar!/META-INF/jruby.home/lib/ruby/shared/openssl.rb:25 warning: already initialized constant CHARACTER_STRING
jar:file:/var/lib/jenkins/plugins/ruby-runtime/WEB-INF/lib/jruby-complete-1.7.3.jar!/META-INF/jruby.home/lib/ruby/shared/openssl.rb:25 warning: already initialized constant BMPSTRING
jar:file:/var/lib/jenkins/plugins/ruby-runtime/WEB-INF/lib/jruby-complete-1.7.3.jar!/META-INF/jruby.home/lib/ruby/shared/openssl.rb:25 warning: already initialized constant COMPAT
jar:file:/var/lib/jenkins/plugins/ruby-runtime/WEB-INF/lib/jruby-complete-1.7.3.jar!/META-INF/jruby.home/lib/ruby/shared/openssl.rb:25 warning: already initialized constant RFC2253
jar:file:/var/lib/jenkins/plugins/ruby-runtime/WEB-INF/lib/jruby-complete-1.7.3.jar!/META-INF/jruby.home/lib/ruby/shared/openssl.rb:25 warning: already initialized constant ONELINE
jar:file:/var/lib/jenkins/plugins/ruby-runtime/WEB-INF/lib/jruby-complete-1.7.3.jar!/META-INF/jruby.home/lib/ruby/shared/openssl.rb:25 warning: already initialized constant MULTILINE
jar:file:/var/lib/jenkins/plugins/ruby-runtime/WEB-INF/lib/jruby-complete-1.7.3.jar!/META-INF/jruby.home/lib/ruby/shared/openssl.rb:25 warning: already initialized constant DEFAULT_OBJECT_TYPE
jar:file:/var/lib/jenkins/plugins/ruby-runtime/WEB-INF/lib/jruby-complete-1.7.3.jar!/META-INF/jruby.home/lib/ruby/shared/openssl.rb:25 warning: already initialized constant OBJECT_TYPE_TEMPLATE
load error: openssl -- java.lang.VerifyError: (class: org/jruby/ext/openssl/X509Cert, method: sign signature: (Lorg/jruby/runtime/ThreadContext;Lorg/jruby/runtime/builtin/IRubyObject;Lorg/jruby/runtime/builtin/IRubyObject;)Lorg/jruby/runtime/builtin/IRubyObject;) Incompatible argument to function (LoadError)
  org/jruby/RubyKernel.java:1027:in `require'
  jar:file:/var/lib/jenkins/plugins/ruby-runtime/WEB-INF/lib/jruby-complete-1.7.3.jar!/META-INF/jruby.home/lib/ruby/shared/rubygems/custom_require.rb:36:in `require'
  /var/lib/jenkins/plugins/capitomcat/WEB-INF/classes/vendor/gems/gems/net-ssh-2.9.2/lib/net/ssh/transport/openssl.rb:2:in `(root)'
  org/jruby/RubyKernel.java:1027:in `require'
  jar:file:/var/lib/jenkins/plugins/ruby-runtime/WEB-INF/lib/jruby-complete-1.7.3.jar!/META-INF/jruby.home/lib/ruby/shared/rubygems/custom_require.rb:36:in `require'
  /var/lib/jenkins/plugins/capitomcat/WEB-INF/classes/vendor/gems/gems/net-ssh-2.9.2/lib/net/ssh/buffer.rb:1:in `(root)'
  org/jruby/RubyKernel.java:1027:in `require'
  jar:file:/var/lib/jenkins/plugins/ruby-runtime/WEB-INF/lib/jruby-complete-1.7.3.jar!/META-INF/jruby.home/lib/ruby/shared/rubygems/custom_require.rb:36:in `require'
  /var/lib/jenkins/plugins/capitomcat/WEB-INF/classes/vendor/gems/gems/net-ssh-2.9.2/lib/net/ssh/buffer.rb:2:in `(root)'
  org/jruby/RubyKernel.java:1027:in `require'
  jar:file:/var/lib/jenkins/plugins/ruby-runtime/WEB-INF/lib/jruby-complete-1.7.3.jar!/META-INF/jruby.home/lib/ruby/shared/rubygems/custom_require.rb:36:in `require'
  /var/lib/jenkins/plugins/capitomcat/WEB-INF/classes/vendor/gems/gems/net-ssh-2.9.2/lib/net/ssh/transport/algorithms.rb:1:in `(root)'
  org/jruby/RubyKernel.java:1027:in `require'
  jar:file:/var/lib/jenkins/plugins/ruby-runtime/WEB-INF/lib/jruby-complete-1.7.3.jar!/META-INF/jruby.home/lib/ruby/shared/rubygems/custom_require.rb:36:in `require'
  /var/lib/jenkins/plugins/capitomcat/WEB-INF/classes/vendor/gems/gems/net-ssh-2.9.2/lib/net/ssh/transport/algorithms.rb:1:in `(root)'
  org/jruby/RubyKernel.java:1027:in `require'
  jar:file:/var/lib/jenkins/plugins/ruby-runtime/WEB-INF/lib/jruby-complete-1.7.3.jar!/META-INF/jruby.home/lib/ruby/shared/rubygems/custom_require.rb:36:in `require'
  /var/lib/jenkins/plugins/capitomcat/WEB-INF/classes/vendor/gems/gems/net-ssh-2.9.2/lib/net/ssh/transport/session.rb:1:in `(root)'
  org/jruby/RubyKernel.java:1027:in `require'
  jar:file:/var/lib/jenkins/plugins/ruby-runtime/WEB-INF/lib/jruby-complete-1.7.3.jar!/META-INF/jruby.home/lib/ruby/shared/rubygems/custom_require.rb:36:in `require'
  file:/var/lib/jenkins/plugins/ruby-runtime/WEB-INF/lib/jruby-complete-1.7.3.jar!/jruby/kernel19/kernel.rb:19:in `require_relative'
  /var/lib/jenkins/plugins/capitomcat/WEB-INF/classes/vendor/gems/gems/net-ssh-2.9.2/lib/net/ssh/transport/session.rb:7:in `(root)'
  org/jruby/RubyKernel.java:1027:in `require'
  jar:file:/var/lib/jenkins/plugins/ruby-runtime/WEB-INF/lib/jruby-complete-1.7.3.jar!/META-INF/jruby.home/lib/ruby/shared/rubygems/custom_require.rb:36:in `require'
  file:/var/lib/jenkins/plugins/ruby-runtime/WEB-INF/lib/jruby-complete-1.7.3.jar!/jruby/kernel19/kernel.rb:19:in `require_relative'
  /var/lib/jenkins/plugins/capitomcat/WEB-INF/classes/vendor/gems/gems/net-ssh-2.9.2/lib/net/ssh.rb:1:in `(root)'
  org/jruby/RubyKernel.java:1027:in `require'
  jar:file:/var/lib/jenkins/plugins/ruby-runtime/WEB-INF/lib/jruby-complete-1.7.3.jar!/META-INF/jruby.home/lib/ruby/shared/rubygems/custom_require.rb:36:in `require'
  /var/lib/jenkins/plugins/capitomcat/WEB-INF/classes/vendor/gems/gems/net-ssh-2.9.2/lib/net/ssh.rb:10:in `(root)'
  org/jruby/RubyKernel.java:1027:in `require'
  jar:file:/var/lib/jenkins/plugins/ruby-runtime/WEB-INF/lib/jruby-complete-1.7.3.jar!/META-INF/jruby.home/lib/ruby/shared/rubygems/custom_require.rb:36:in `require'
  /var/lib/jenkins/plugins/capitomcat/WEB-INF/classes/vendor/gems/gems/sshkit-1.6.1/lib/sshkit/backends/netssh.rb:1:in `(root)'
  org/jruby/RubyKernel.java:1027:in `require'
  jar:file:/var/lib/jenkins/plugins/ruby-runtime/WEB-INF/lib/jruby-complete-1.7.3.jar!/META-INF/jruby.home/lib/ruby/shared/rubygems/custom_require.rb:36:in `require'
  file:/var/lib/jenkins/plugins/ruby-runtime/WEB-INF/lib/jruby-complete-1.7.3.jar!/jruby/kernel19/kernel.rb:19:in `require_relative'
  /var/lib/jenkins/plugins/capitomcat/WEB-INF/classes/vendor/gems/gems/sshkit-1.6.1/lib/sshkit/backends/netssh.rb:1:in `(root)'
  org/jruby/RubyKernel.java:1046:in `load'
  /var/lib/jenkins/plugins/capitomcat/WEB-INF/classes/vendor/gems/gems/sshkit-1.6.1/lib/sshkit/all.rb:1:in `(root)'
  org/jruby/RubyDir.java:649:in `each'
  /var/lib/jenkins/plugins/capitomcat/WEB-INF/classes/vendor/gems/gems/sshkit-1.6.1/lib/sshkit/all.rb:32:in `(root)'
  /var/lib/jenkins/plugins/capitomcat/WEB-INF/classes/vendor/gems/gems/sshkit-1.6.1/lib/sshkit.rb:1:in `(root)'
  org/jruby/RubyArray.java:1613:in `each'
  /var/lib/jenkins/plugins/capitomcat/WEB-INF/classes/vendor/gems/gems/sshkit-1.6.1/lib/sshkit.rb:35:in `(root)'
  /var/lib/jenkins/plugins/capitomcat/WEB-INF/classes/vendor/gems/gems/capistrano-3.3.5/lib/capistrano/all.rb:1:in `(root)'
  /var/lib/jenkins/plugins/capitomcat/WEB-INF/classes/vendor/gems/gems/capistrano-3.3.5/lib/capistrano/all.rb:2:in `(root)'
Loading /var/lib/jenkins/plugins/capitomcat/WEB-INF/classes/models/capitomcat/builder.rb
/var/lib/jenkins/plugins/capitomcat/WEB-INF/classes/vendor/gems/gems/sshkit-1.6.1/lib/sshkit.rb:4 warning: already initialized constant StandardError
jar:file:/var/lib/jenkins/plugins/ruby-runtime/WEB-INF/lib/jruby-complete-1.7.3.jar!/META-INF/jruby.home/lib/ruby/shared/openssl.rb:25 warning: already initialized constant PKCS1_PADDING
jar:file:/var/lib/jenkins/plugins/ruby-runtime/WEB-INF/lib/jruby-complete-1.7.3.jar!/META-INF/jruby.home/lib/ruby/shared/openssl.rb:25 warning: already initialized constant SSLV23_PADDING
jar:file:/var/lib/jenkins/plugins/ruby-runtime/WEB-INF/lib/jruby-complete-1.7.3.jar!/META-INF/jruby.home/lib/ruby/shared/openssl.rb:25 warning: already initialized constant NO_PADDING
jar:file:/var/lib/jenkins/plugins/ruby-runtime/WEB-INF/lib/jruby-complete-1.7.3.jar!/META-INF/jruby.home/lib/ruby/shared/openssl.rb:25 warning: already initialized constant PKCS1_OAEP_PADDING
jar:file:/var/lib/jenkins/plugins/ruby-runtime/WEB-INF/lib/jruby-complete-1.7.3.jar!/META-INF/jruby.home/lib/ruby/shared/openssl.rb:25 warning: already initialized constant UNIVERSAL_TAG_NAME
jar:file:/var/lib/jenkins/plugins/ruby-runtime/WEB-INF/lib/jruby-complete-1.7.3.jar!/META-INF/jruby.home/lib/ruby/shared/openssl.rb:25 warning: already initialized constant EOC
jar:file:/var/lib/jenkins/plugins/ruby-runtime/WEB-INF/lib/jruby-complete-1.7.3.jar!/META-INF/jruby.home/lib/ruby/shared/openssl.rb:25 warning: already initialized constant BOOLEAN
jar:file:/var/lib/jenkins/plugins/ruby-runtime/WEB-INF/lib/jruby-complete-1.7.3.jar!/META-INF/jruby.home/lib/ruby/shared/openssl.rb:25 warning: already initialized constant INTEGER
jar:file:/var/lib/jenkins/plugins/ruby-runtime/WEB-INF/lib/jruby-complete-1.7.3.jar!/META-INF/jruby.home/lib/ruby/shared/openssl.rb:25 warning: already initialized constant BIT_STRING
jar:file:/var/lib/jenkins/plugins/ruby-runtime/WEB-INF/lib/jruby-complete-1.7.3.jar!/META-INF/jruby.home/lib/ruby/shared/openssl.rb:25 warning: already initialized constant OCTET_STRING
jar:file:/var/lib/jenkins/plugins/ruby-runtime/WEB-INF/lib/jruby-complete-1.7.3.jar!/META-INF/jruby.home/lib/ruby/shared/openssl.rb:25 warning: already initialized constant NULL
jar:file:/var/lib/jenkins/plugins/ruby-runtime/WEB-INF/lib/jruby-complete-1.7.3.jar!/META-INF/jruby.home/lib/ruby/shared/openssl.rb:25 warning: already initialized constant OBJECT
jar:file:/var/lib/jenkins/plugins/ruby-runtime/WEB-INF/lib/jruby-complete-1.7.3.jar!/META-INF/jruby.home/lib/ruby/shared/openssl.rb:25 warning: already initialized constant OBJECT_DESCRIPTOR
jar:file:/var/lib/jenkins/plugins/ruby-runtime/WEB-INF/lib/jruby-complete-1.7.3.jar!/META-INF/jruby.home/lib/ruby/shared/openssl.rb:25 warning: already initialized constant EXTERNAL
jar:file:/var/lib/jenkins/plugins/ruby-runtime/WEB-INF/lib/jruby-complete-1.7.3.jar!/META-INF/jruby.home/lib/ruby/shared/openssl.rb:25 warning: already initialized constant REAL
jar:file:/var/lib/jenkins/plugins/ruby-runtime/WEB-INF/lib/jruby-complete-1.7.3.jar!/META-INF/jruby.home/lib/ruby/shared/openssl.rb:25 warning: already initialized constant ENUMERATED
jar:file:/var/lib/jenkins/plugins/ruby-runtime/WEB-INF/lib/jruby-complete-1.7.3.jar!/META-INF/jruby.home/lib/ruby/shared/openssl.rb:25 warning: already initialized constant EMBEDDED_PDV
jar:file:/var/lib/jenkins/plugins/ruby-runtime/WEB-INF/lib/jruby-complete-1.7.3.jar!/META-INF/jruby.home/lib/ruby/shared/openssl.rb:25 warning: already initialized constant UTF8STRING
jar:file:/var/lib/jenkins/plugins/ruby-runtime/WEB-INF/lib/jruby-complete-1.7.3.jar!/META-INF/jruby.home/lib/ruby/shared/openssl.rb:25 warning: already initialized constant RELATIVE_OID
jar:file:/var/lib/jenkins/plugins/ruby-runtime/WEB-INF/lib/jruby-complete-1.7.3.jar!/META-INF/jruby.home/lib/ruby/shared/openssl.rb:25 warning: already initialized constant SEQUENCE
jar:file:/var/lib/jenkins/plugins/ruby-runtime/WEB-INF/lib/jruby-complete-1.7.3.jar!/META-INF/jruby.home/lib/ruby/shared/openssl.rb:25 warning: already initialized constant SET
jar:file:/var/lib/jenkins/plugins/ruby-runtime/WEB-INF/lib/jruby-complete-1.7.3.jar!/META-INF/jruby.home/lib/ruby/shared/openssl.rb:25 warning: already initialized constant NUMERICSTRING
jar:file:/var/lib/jenkins/plugins/ruby-runtime/WEB-INF/lib/jruby-complete-1.7.3.jar!/META-INF/jruby.home/lib/ruby/shared/openssl.rb:25 warning: already initialized constant PRINTABLESTRING
jar:file:/var/lib/jenkins/plugins/ruby-runtime/WEB-INF/lib/jruby-complete-1.7.3.jar!/META-INF/jruby.home/lib/ruby/shared/openssl.rb:25 warning: already initialized constant T61STRING
jar:file:/var/lib/jenkins/plugins/ruby-runtime/WEB-INF/lib/jruby-complete-1.7.3.jar!/META-INF/jruby.home/lib/ruby/shared/openssl.rb:25 warning: already initialized constant VIDEOTEXSTRING
jar:file:/var/lib/jenkins/plugins/ruby-runtime/WEB-INF/lib/jruby-complete-1.7.3.jar!/META-INF/jruby.home/lib/ruby/shared/openssl.rb:25 warning: already initialized constant IA5STRING
jar:file:/var/lib/jenkins/plugins/ruby-runtime/WEB-INF/lib/jruby-complete-1.7.3.jar!/META-INF/jruby.home/lib/ruby/shared/openssl.rb:25 warning: already initialized constant UTCTIME
jar:file:/var/lib/jenkins/plugins/ruby-runtime/WEB-INF/lib/jruby-complete-1.7.3.jar!/META-INF/jruby.home/lib/ruby/shared/openssl.rb:25 warning: already initialized constant GENERALIZEDTIME
jar:file:/var/lib/jenkins/plugins/ruby-runtime/WEB-INF/lib/jruby-complete-1.7.3.jar!/META-INF/jruby.home/lib/ruby/shared/openssl.rb:25 warning: already initialized constant GRAPHICSTRING
jar:file:/var/lib/jenkins/plugins/ruby-runtime/WEB-INF/lib/jruby-complete-1.7.3.jar!/META-INF/jruby.home/lib/ruby/shared/openssl.rb:25 warning: already initialized constant ISO64STRING
jar:file:/var/lib/jenkins/plugins/ruby-runtime/WEB-INF/lib/jruby-complete-1.7.3.jar!/META-INF/jruby.home/lib/ruby/shared/openssl.rb:25 warning: already initialized constant GENERALSTRING
jar:file:/var/lib/jenkins/plugins/ruby-runtime/WEB-INF/lib/jruby-complete-1.7.3.jar!/META-INF/jruby.home/lib/ruby/shared/openssl.rb:25 warning: already initialized constant UNIVERSALSTRING
jar:file:/var/lib/jenkins/plugins/ruby-runtime/WEB-INF/lib/jruby-complete-1.7.3.jar!/META-INF/jruby.home/lib/ruby/shared/openssl.rb:25 warning: already initialized constant CHARACTER_STRING
jar:file:/var/lib/jenkins/plugins/ruby-runtime/WEB-INF/lib/jruby-complete-1.7.3.jar!/META-INF/jruby.home/lib/ruby/shared/openssl.rb:25 warning: already initialized constant BMPSTRING
jar:file:/var/lib/jenkins/plugins/ruby-runtime/WEB-INF/lib/jruby-complete-1.7.3.jar!/META-INF/jruby.home/lib/ruby/shared/openssl.rb:25 warning: already initialized constant COMPAT
jar:file:/var/lib/jenkins/plugins/ruby-runtime/WEB-INF/lib/jruby-complete-1.7.3.jar!/META-INF/jruby.home/lib/ruby/shared/openssl.rb:25 warning: already initialized constant RFC2253
jar:file:/var/lib/jenkins/plugins/ruby-runtime/WEB-INF/lib/jruby-complete-1.7.3.jar!/META-INF/jruby.home/lib/ruby/shared/openssl.rb:25 warning: already initialized constant ONELINE
jar:file:/var/lib/jenkins/plugins/ruby-runtime/WEB-INF/lib/jruby-complete-1.7.3.jar!/META-INF/jruby.home/lib/ruby/shared/openssl.rb:25 warning: already initialized constant MULTILINE
jar:file:/var/lib/jenkins/plugins/ruby-runtime/WEB-INF/lib/jruby-complete-1.7.3.jar!/META-INF/jruby.home/lib/ruby/shared/openssl.rb:25 warning: already initialized constant DEFAULT_OBJECT_TYPE
jar:file:/var/lib/jenkins/plugins/ruby-runtime/WEB-INF/lib/jruby-complete-1.7.3.jar!/META-INF/jruby.home/lib/ruby/shared/openssl.rb:25 warning: already initialized constant OBJECT_TYPE_TEMPLATE
load error: openssl -- java.lang.VerifyError: (class: org/jruby/ext/openssl/X509Cert, method: sign signature: (Lorg/jruby/runtime/ThreadContext;Lorg/jruby/runtime/builtin/IRubyObject;Lorg/jruby/runtime/builtin/IRubyObject;)Lorg/jruby/runtime/builtin/IRubyObject;) Incompatible argument to function (LoadError)
  org/jruby/RubyKernel.java:1027:in `require'
  jar:file:/var/lib/jenkins/plugins/ruby-runtime/WEB-INF/lib/jruby-complete-1.7.3.jar!/META-INF/jruby.home/lib/ruby/shared/rubygems/custom_require.rb:36:in `require'
  /var/lib/jenkins/plugins/capitomcat/WEB-INF/classes/vendor/gems/gems/net-ssh-2.9.2/lib/net/ssh/transport/openssl.rb:2:in `(root)'
  org/jruby/RubyKernel.java:1027:in `require'
  jar:file:/var/lib/jenkins/plugins/ruby-runtime/WEB-INF/lib/jruby-complete-1.7.3.jar!/META-INF/jruby.home/lib/ruby/shared/rubygems/custom_require.rb:36:in `require'
  /var/lib/jenkins/plugins/capitomcat/WEB-INF/classes/vendor/gems/gems/net-ssh-2.9.2/lib/net/ssh/buffer.rb:1:in `(root)'
  org/jruby/RubyKernel.java:1027:in `require'
  jar:file:/var/lib/jenkins/plugins/ruby-runtime/WEB-INF/lib/jruby-complete-1.7.3.jar!/META-INF/jruby.home/lib/ruby/shared/rubygems/custom_require.rb:36:in `require'
  /var/lib/jenkins/plugins/capitomcat/WEB-INF/classes/vendor/gems/gems/net-ssh-2.9.2/lib/net/ssh/buffer.rb:2:in `(root)'
  org/jruby/RubyKernel.java:1027:in `require'
  jar:file:/var/lib/jenkins/plugins/ruby-runtime/WEB-INF/lib/jruby-complete-1.7.3.jar!/META-INF/jruby.home/lib/ruby/shared/rubygems/custom_require.rb:36:in `require'
  /var/lib/jenkins/plugins/capitomcat/WEB-INF/classes/vendor/gems/gems/net-ssh-2.9.2/lib/net/ssh/transport/algorithms.rb:1:in `(root)'
  org/jruby/RubyKernel.java:1027:in `require'
  jar:file:/var/lib/jenkins/plugins/ruby-runtime/WEB-INF/lib/jruby-complete-1.7.3.jar!/META-INF/jruby.home/lib/ruby/shared/rubygems/custom_require.rb:36:in `require'
  /var/lib/jenkins/plugins/capitomcat/WEB-INF/classes/vendor/gems/gems/net-ssh-2.9.2/lib/net/ssh/transport/algorithms.rb:1:in `(root)'
  org/jruby/RubyKernel.java:1027:in `require'
  jar:file:/var/lib/jenkins/plugins/ruby-runtime/WEB-INF/lib/jruby-complete-1.7.3.jar!/META-INF/jruby.home/lib/ruby/shared/rubygems/custom_require.rb:36:in `require'
  /var/lib/jenkins/plugins/capitomcat/WEB-INF/classes/vendor/gems/gems/net-ssh-2.9.2/lib/net/ssh/transport/session.rb:1:in `(root)'
  org/jruby/RubyKernel.java:1027:in `require'
  jar:file:/var/lib/jenkins/plugins/ruby-runtime/WEB-INF/lib/jruby-complete-1.7.3.jar!/META-INF/jruby.home/lib/ruby/shared/rubygems/custom_require.rb:36:in `require'
  file:/var/lib/jenkins/plugins/ruby-runtime/WEB-INF/lib/jruby-complete-1.7.3.jar!/jruby/kernel19/kernel.rb:19:in `require_relative'
  /var/lib/jenkins/plugins/capitomcat/WEB-INF/classes/vendor/gems/gems/net-ssh-2.9.2/lib/net/ssh/transport/session.rb:7:in `(root)'
  org/jruby/RubyKernel.java:1027:in `require'
  jar:file:/var/lib/jenkins/plugins/ruby-runtime/WEB-INF/lib/jruby-complete-1.7.3.jar!/META-INF/jruby.home/lib/ruby/shared/rubygems/custom_require.rb:36:in `require'
  file:/var/lib/jenkins/plugins/ruby-runtime/WEB-INF/lib/jruby-complete-1.7.3.jar!/jruby/kernel19/kernel.rb:19:in `require_relative'
  /var/lib/jenkins/plugins/capitomcat/WEB-INF/classes/vendor/gems/gems/net-ssh-2.9.2/lib/net/ssh.rb:1:in `(root)'
  org/jruby/RubyKernel.java:1027:in `require'
  jar:file:/var/lib/jenkins/plugins/ruby-runtime/WEB-INF/lib/jruby-complete-1.7.3.jar!/META-INF/jruby.home/lib/ruby/shared/rubygems/custom_require.rb:36:in `require'
  /var/lib/jenkins/plugins/capitomcat/WEB-INF/classes/vendor/gems/gems/net-ssh-2.9.2/lib/net/ssh.rb:10:in `(root)'
  org/jruby/RubyKernel.java:1027:in `require'
  jar:file:/var/lib/jenkins/plugins/ruby-runtime/WEB-INF/lib/jruby-complete-1.7.3.jar!/META-INF/jruby.home/lib/ruby/shared/rubygems/custom_require.rb:36:in `require'
  /var/lib/jenkins/plugins/capitomcat/WEB-INF/classes/vendor/gems/gems/sshkit-1.6.1/lib/sshkit/backends/netssh.rb:1:in `(root)'
  org/jruby/RubyKernel.java:1027:in `require'
  jar:file:/var/lib/jenkins/plugins/ruby-runtime/WEB-INF/lib/jruby-complete-1.7.3.jar!/META-INF/jruby.home/lib/ruby/shared/rubygems/custom_require.rb:36:in `require'
  file:/var/lib/jenkins/plugins/ruby-runtime/WEB-INF/lib/jruby-complete-1.7.3.jar!/jruby/kernel19/kernel.rb:19:in `require_relative'
  /var/lib/jenkins/plugins/capitomcat/WEB-INF/classes/vendor/gems/gems/sshkit-1.6.1/lib/sshkit/backends/netssh.rb:1:in `(root)'
  org/jruby/RubyKernel.java:1046:in `load'
  /var/lib/jenkins/plugins/capitomcat/WEB-INF/classes/vendor/gems/gems/sshkit-1.6.1/lib/sshkit/all.rb:1:in `(root)'
  org/jruby/RubyDir.java:649:in `each'
  /var/lib/jenkins/plugins/capitomcat/WEB-INF/classes/vendor/gems/gems/sshkit-1.6.1/lib/sshkit/all.rb:32:in `(root)'
  /var/lib/jenkins/plugins/capitomcat/WEB-INF/classes/vendor/gems/gems/sshkit-1.6.1/lib/sshkit.rb:1:in `(root)'
  org/jruby/RubyArray.java:1613:in `each'
  /var/lib/jenkins/plugins/capitomcat/WEB-INF/classes/vendor/gems/gems/sshkit-1.6.1/lib/sshkit.rb:35:in `(root)'
  /var/lib/jenkins/plugins/capitomcat/WEB-INF/classes/vendor/gems/gems/capistrano-3.3.5/lib/capistrano/all.rb:1:in `(root)'
  /var/lib/jenkins/plugins/capitomcat/WEB-INF/classes/vendor/gems/gems/capistrano-3.3.5/lib/capistrano/all.rb:2:in `(root)'
Loading /var/lib/jenkins/plugins/capitomcat/WEB-INF/classes/models/capitomcat/jenkins_sshkit_formatter.rb
Loading /var/lib/jenkins/plugins/capitomcat/WEB-INF/classes/models/capitomcat/builder_proxy.rb
/var/lib/jenkins/plugins/capitomcat/WEB-INF/classes/vendor/gems/gems/sshkit-1.6.1/lib/sshkit.rb:4 warning: already initialized constant StandardError
jar:file:/var/lib/jenkins/plugins/ruby-runtime/WEB-INF/lib/jruby-complete-1.7.3.jar!/META-INF/jruby.home/lib/ruby/shared/openssl.rb:25 warning: already initialized constant PKCS1_PADDING
jar:file:/var/lib/jenkins/plugins/ruby-runtime/WEB-INF/lib/jruby-complete-1.7.3.jar!/META-INF/jruby.home/lib/ruby/shared/openssl.rb:25 warning: already initialized constant SSLV23_PADDING
jar:file:/var/lib/jenkins/plugins/ruby-runtime/WEB-INF/lib/jruby-complete-1.7.3.jar!/META-INF/jruby.home/lib/ruby/shared/openssl.rb:25 warning: already initialized constant NO_PADDING
jar:file:/var/lib/jenkins/plugins/ruby-runtime/WEB-INF/lib/jruby-complete-1.7.3.jar!/META-INF/jruby.home/lib/ruby/shared/openssl.rb:25 warning: already initialized constant PKCS1_OAEP_PADDING
jar:file:/var/lib/jenkins/plugins/ruby-runtime/WEB-INF/lib/jruby-complete-1.7.3.jar!/META-INF/jruby.home/lib/ruby/shared/openssl.rb:25 warning: already initialized constant UNIVERSAL_TAG_NAME
jar:file:/var/lib/jenkins/plugins/ruby-runtime/WEB-INF/lib/jruby-complete-1.7.3.jar!/META-INF/jruby.home/lib/ruby/shared/openssl.rb:25 warning: already initialized constant EOC
jar:file:/var/lib/jenkins/plugins/ruby-runtime/WEB-INF/lib/jruby-complete-1.7.3.jar!/META-INF/jruby.home/lib/ruby/shared/openssl.rb:25 warning: already initialized constant BOOLEAN
jar:file:/var/lib/jenkins/plugins/ruby-runtime/WEB-INF/lib/jruby-complete-1.7.3.jar!/META-INF/jruby.home/lib/ruby/shared/openssl.rb:25 warning: already initialized constant INTEGER
jar:file:/var/lib/jenkins/plugins/ruby-runtime/WEB-INF/lib/jruby-complete-1.7.3.jar!/META-INF/jruby.home/lib/ruby/shared/openssl.rb:25 warning: already initialized constant BIT_STRING
jar:file:/var/lib/jenkins/plugins/ruby-runtime/WEB-INF/lib/jruby-complete-1.7.3.jar!/META-INF/jruby.home/lib/ruby/shared/openssl.rb:25 warning: already initialized constant OCTET_STRING
jar:file:/var/lib/jenkins/plugins/ruby-runtime/WEB-INF/lib/jruby-complete-1.7.3.jar!/META-INF/jruby.home/lib/ruby/shared/openssl.rb:25 warning: already initialized constant NULL
jar:file:/var/lib/jenkins/plugins/ruby-runtime/WEB-INF/lib/jruby-complete-1.7.3.jar!/META-INF/jruby.home/lib/ruby/shared/openssl.rb:25 warning: already initialized constant OBJECT
jar:file:/var/lib/jenkins/plugins/ruby-runtime/WEB-INF/lib/jruby-complete-1.7.3.jar!/META-INF/jruby.home/lib/ruby/shared/openssl.rb:25 warning: already initialized constant OBJECT_DESCRIPTOR
jar:file:/var/lib/jenkins/plugins/ruby-runtime/WEB-INF/lib/jruby-complete-1.7.3.jar!/META-INF/jruby.home/lib/ruby/shared/openssl.rb:25 warning: already initialized constant EXTERNAL
jar:file:/var/lib/jenkins/plugins/ruby-runtime/WEB-INF/lib/jruby-complete-1.7.3.jar!/META-INF/jruby.home/lib/ruby/shared/openssl.rb:25 warning: already initialized constant REAL
jar:file:/var/lib/jenkins/plugins/ruby-runtime/WEB-INF/lib/jruby-complete-1.7.3.jar!/META-INF/jruby.home/lib/ruby/shared/openssl.rb:25 warning: already initialized constant ENUMERATED
jar:file:/var/lib/jenkins/plugins/ruby-runtime/WEB-INF/lib/jruby-complete-1.7.3.jar!/META-INF/jruby.home/lib/ruby/shared/openssl.rb:25 warning: already initialized constant EMBEDDED_PDV
jar:file:/var/lib/jenkins/plugins/ruby-runtime/WEB-INF/lib/jruby-complete-1.7.3.jar!/META-INF/jruby.home/lib/ruby/shared/openssl.rb:25 warning: already initialized constant UTF8STRING
jar:file:/var/lib/jenkins/plugins/ruby-runtime/WEB-INF/lib/jruby-complete-1.7.3.jar!/META-INF/jruby.home/lib/ruby/shared/openssl.rb:25 warning: already initialized constant RELATIVE_OID
jar:file:/var/lib/jenkins/plugins/ruby-runtime/WEB-INF/lib/jruby-complete-1.7.3.jar!/META-INF/jruby.home/lib/ruby/shared/openssl.rb:25 warning: already initialized constant SEQUENCE
jar:file:/var/lib/jenkins/plugins/ruby-runtime/WEB-INF/lib/jruby-complete-1.7.3.jar!/META-INF/jruby.home/lib/ruby/shared/openssl.rb:25 warning: already initialized constant SET
jar:file:/var/lib/jenkins/plugins/ruby-runtime/WEB-INF/lib/jruby-complete-1.7.3.jar!/META-INF/jruby.home/lib/ruby/shared/openssl.rb:25 warning: already initialized constant NUMERICSTRING
jar:file:/var/lib/jenkins/plugins/ruby-runtime/WEB-INF/lib/jruby-complete-1.7.3.jar!/META-INF/jruby.home/lib/ruby/shared/openssl.rb:25 warning: already initialized constant PRINTABLESTRING
jar:file:/var/lib/jenkins/plugins/ruby-runtime/WEB-INF/lib/jruby-complete-1.7.3.jar!/META-INF/jruby.home/lib/ruby/shared/openssl.rb:25 warning: already initialized constant T61STRING
jar:file:/var/lib/jenkins/plugins/ruby-runtime/WEB-INF/lib/jruby-complete-1.7.3.jar!/META-INF/jruby.home/lib/ruby/shared/openssl.rb:25 warning: already initialized constant VIDEOTEXSTRING
jar:file:/var/lib/jenkins/plugins/ruby-runtime/WEB-INF/lib/jruby-complete-1.7.3.jar!/META-INF/jruby.home/lib/ruby/shared/openssl.rb:25 warning: already initialized constant IA5STRING
jar:file:/var/lib/jenkins/plugins/ruby-runtime/WEB-INF/lib/jruby-complete-1.7.3.jar!/META-INF/jruby.home/lib/ruby/shared/openssl.rb:25 warning: already initialized constant UTCTIME
jar:file:/var/lib/jenkins/plugins/ruby-runtime/WEB-INF/lib/jruby-complete-1.7.3.jar!/META-INF/jruby.home/lib/ruby/shared/openssl.rb:25 warning: already initialized constant GENERALIZEDTIME
jar:file:/var/lib/jenkins/plugins/ruby-runtime/WEB-INF/lib/jruby-complete-1.7.3.jar!/META-INF/jruby.home/lib/ruby/shared/openssl.rb:25 warning: already initialized constant GRAPHICSTRING
jar:file:/var/lib/jenkins/plugins/ruby-runtime/WEB-INF/lib/jruby-complete-1.7.3.jar!/META-INF/jruby.home/lib/ruby/shared/openssl.rb:25 warning: already initialized constant ISO64STRING
jar:file:/var/lib/jenkins/plugins/ruby-runtime/WEB-INF/lib/jruby-complete-1.7.3.jar!/META-INF/jruby.home/lib/ruby/shared/openssl.rb:25 warning: already initialized constant GENERALSTRING
jar:file:/var/lib/jenkins/plugins/ruby-runtime/WEB-INF/lib/jruby-complete-1.7.3.jar!/META-INF/jruby.home/lib/ruby/shared/openssl.rb:25 warning: already initialized constant UNIVERSALSTRING
jar:file:/var/lib/jenkins/plugins/ruby-runtime/WEB-INF/lib/jruby-complete-1.7.3.jar!/META-INF/jruby.home/lib/ruby/shared/openssl.rb:25 warning: already initialized constant CHARACTER_STRING
jar:file:/var/lib/jenkins/plugins/ruby-runtime/WEB-INF/lib/jruby-complete-1.7.3.jar!/META-INF/jruby.home/lib/ruby/shared/openssl.rb:25 warning: already initialized constant BMPSTRING
jar:file:/var/lib/jenkins/plugins/ruby-runtime/WEB-INF/lib/jruby-complete-1.7.3.jar!/META-INF/jruby.home/lib/ruby/shared/openssl.rb:25 warning: already initialized constant COMPAT
jar:file:/var/lib/jenkins/plugins/ruby-runtime/WEB-INF/lib/jruby-complete-1.7.3.jar!/META-INF/jruby.home/lib/ruby/shared/openssl.rb:25 warning: already initialized constant RFC2253
jar:file:/var/lib/jenkins/plugins/ruby-runtime/WEB-INF/lib/jruby-complete-1.7.3.jar!/META-INF/jruby.home/lib/ruby/shared/openssl.rb:25 warning: already initialized constant ONELINE
jar:file:/var/lib/jenkins/plugins/ruby-runtime/WEB-INF/lib/jruby-complete-1.7.3.jar!/META-INF/jruby.home/lib/ruby/shared/openssl.rb:25 warning: already initialized constant MULTILINE
jar:file:/var/lib/jenkins/plugins/ruby-runtime/WEB-INF/lib/jruby-complete-1.7.3.jar!/META-INF/jruby.home/lib/ruby/shared/openssl.rb:25 warning: already initialized constant DEFAULT_OBJECT_TYPE
jar:file:/var/lib/jenkins/plugins/ruby-runtime/WEB-INF/lib/jruby-complete-1.7.3.jar!/META-INF/jruby.home/lib/ruby/shared/openssl.rb:25 warning: already initialized constant OBJECT_TYPE_TEMPLATE
load error: openssl -- java.lang.VerifyError: (class: org/jruby/ext/openssl/X509Cert, method: sign signature: (Lorg/jruby/runtime/ThreadContext;Lorg/jruby/runtime/builtin/IRubyObject;Lorg/jruby/runtime/builtin/IRubyObject;)Lorg/jruby/runtime/builtin/IRubyObject;) Incompatible argument to function (LoadError)
  org/jruby/RubyKernel.java:1027:in `require'
  jar:file:/var/lib/jenkins/plugins/ruby-runtime/WEB-INF/lib/jruby-complete-1.7.3.jar!/META-INF/jruby.home/lib/ruby/shared/rubygems/custom_require.rb:36:in `require'
  /var/lib/jenkins/plugins/capitomcat/WEB-INF/classes/vendor/gems/gems/net-ssh-2.9.2/lib/net/ssh/transport/openssl.rb:2:in `(root)'
  org/jruby/RubyKernel.java:1027:in `require'
  jar:file:/var/lib/jenkins/plugins/ruby-runtime/WEB-INF/lib/jruby-complete-1.7.3.jar!/META-INF/jruby.home/lib/ruby/shared/rubygems/custom_require.rb:36:in `require'
  /var/lib/jenkins/plugins/capitomcat/WEB-INF/classes/vendor/gems/gems/net-ssh-2.9.2/lib/net/ssh/buffer.rb:1:in `(root)'
  org/jruby/RubyKernel.java:1027:in `require'
  jar:file:/var/lib/jenkins/plugins/ruby-runtime/WEB-INF/lib/jruby-complete-1.7.3.jar!/META-INF/jruby.home/lib/ruby/shared/rubygems/custom_require.rb:36:in `require'
  /var/lib/jenkins/plugins/capitomcat/WEB-INF/classes/vendor/gems/gems/net-ssh-2.9.2/lib/net/ssh/buffer.rb:2:in `(root)'
  org/jruby/RubyKernel.java:1027:in `require'
  jar:file:/var/lib/jenkins/plugins/ruby-runtime/WEB-INF/lib/jruby-complete-1.7.3.jar!/META-INF/jruby.home/lib/ruby/shared/rubygems/custom_require.rb:36:in `require'
  /var/lib/jenkins/plugins/capitomcat/WEB-INF/classes/vendor/gems/gems/net-ssh-2.9.2/lib/net/ssh/transport/algorithms.rb:1:in `(root)'
  org/jruby/RubyKernel.java:1027:in `require'
  jar:file:/var/lib/jenkins/plugins/ruby-runtime/WEB-INF/lib/jruby-complete-1.7.3.jar!/META-INF/jruby.home/lib/ruby/shared/rubygems/custom_require.rb:36:in `require'
  /var/lib/jenkins/plugins/capitomcat/WEB-INF/classes/vendor/gems/gems/net-ssh-2.9.2/lib/net/ssh/transport/algorithms.rb:1:in `(root)'
  org/jruby/RubyKernel.java:1027:in `require'
  jar:file:/var/lib/jenkins/plugins/ruby-runtime/WEB-INF/lib/jruby-complete-1.7.3.jar!/META-INF/jruby.home/lib/ruby/shared/rubygems/custom_require.rb:36:in `require'
  /var/lib/jenkins/plugins/capitomcat/WEB-INF/classes/vendor/gems/gems/net-ssh-2.9.2/lib/net/ssh/transport/session.rb:1:in `(root)'
  org/jruby/RubyKernel.java:1027:in `require'
  jar:file:/var/lib/jenkins/plugins/ruby-runtime/WEB-INF/lib/jruby-complete-1.7.3.jar!/META-INF/jruby.home/lib/ruby/shared/rubygems/custom_require.rb:36:in `require'
  file:/var/lib/jenkins/plugins/ruby-runtime/WEB-INF/lib/jruby-complete-1.7.3.jar!/jruby/kernel19/kernel.rb:19:in `require_relative'
  /var/lib/jenkins/plugins/capitomcat/WEB-INF/classes/vendor/gems/gems/net-ssh-2.9.2/lib/net/ssh/transport/session.rb:7:in `(root)'
  org/jruby/RubyKernel.java:1027:in `require'
  jar:file:/var/lib/jenkins/plugins/ruby-runtime/WEB-INF/lib/jruby-complete-1.7.3.jar!/META-INF/jruby.home/lib/ruby/shared/rubygems/custom_require.rb:36:in `require'
  file:/var/lib/jenkins/plugins/ruby-runtime/WEB-INF/lib/jruby-complete-1.7.3.jar!/jruby/kernel19/kernel.rb:19:in `require_relative'
  /var/lib/jenkins/plugins/capitomcat/WEB-INF/classes/vendor/gems/gems/net-ssh-2.9.2/lib/net/ssh.rb:1:in `(root)'
  org/jruby/RubyKernel.java:1027:in `require'
  jar:file:/var/lib/jenkins/plugins/ruby-runtime/WEB-INF/lib/jruby-complete-1.7.3.jar!/META-INF/jruby.home/lib/ruby/shared/rubygems/custom_require.rb:36:in `require'
  /var/lib/jenkins/plugins/capitomcat/WEB-INF/classes/vendor/gems/gems/net-ssh-2.9.2/lib/net/ssh.rb:10:in `(root)'
  org/jruby/RubyKernel.java:1027:in `require'
  jar:file:/var/lib/jenkins/plugins/ruby-runtime/WEB-INF/lib/jruby-complete-1.7.3.jar!/META-INF/jruby.home/lib/ruby/shared/rubygems/custom_require.rb:36:in `require'
  /var/lib/jenkins/plugins/capitomcat/WEB-INF/classes/vendor/gems/gems/sshkit-1.6.1/lib/sshkit/backends/netssh.rb:1:in `(root)'
  org/jruby/RubyKernel.java:1027:in `require'
  jar:file:/var/lib/jenkins/plugins/ruby-runtime/WEB-INF/lib/jruby-complete-1.7.3.jar!/META-INF/jruby.home/lib/ruby/shared/rubygems/custom_require.rb:36:in `require'
  file:/var/lib/jenkins/plugins/ruby-runtime/WEB-INF/lib/jruby-complete-1.7.3.jar!/jruby/kernel19/kernel.rb:19:in `require_relative'
  /var/lib/jenkins/plugins/capitomcat/WEB-INF/classes/vendor/gems/gems/sshkit-1.6.1/lib/sshkit/backends/netssh.rb:1:in `(root)'
  org/jruby/RubyKernel.java:1027:in `require'
  jar:file:/var/lib/jenkins/plugins/ruby-runtime/WEB-INF/lib/jruby-complete-1.7.3.jar!/META-INF/jruby.home/lib/ruby/shared/rubygems/custom_require.rb:36:in `require'
  file:/var/lib/jenkins/plugins/ruby-runtime/WEB-INF/lib/jruby-complete-1.7.3.jar!/jruby/kernel19/kernel.rb:19:in `require_relative'
  /var/lib/jenkins/plugins/capitomcat/WEB-INF/classes/vendor/gems/gems/sshkit-1.6.1/lib/sshkit/all.rb:1:in `(root)'
  org/jruby/RubyKernel.java:1046:in `load'
  /var/lib/jenkins/plugins/capitomcat/WEB-INF/classes/vendor/gems/gems/sshkit-1.6.1/lib/sshkit/all.rb:32:in `(root)'
  org/jruby/RubyDir.java:649:in `each'
  /var/lib/jenkins/plugins/capitomcat/WEB-INF/classes/vendor/gems/gems/sshkit-1.6.1/lib/sshkit.rb:1:in `(root)'
  /var/lib/jenkins/plugins/capitomcat/WEB-INF/classes/vendor/gems/gems/sshkit-1.6.1/lib/sshkit.rb:35:in `(root)'
  org/jruby/RubyArray.java:1613:in `each'
  /var/lib/jenkins/plugins/capitomcat/WEB-INF/classes/vendor/gems/gems/capistrano-3.3.5/lib/capistrano/all.rb:1:in `(root)'
  /var/lib/jenkins/plugins/capitomcat/WEB-INF/classes/vendor/gems/gems/capistrano-3.3.5/lib/capistrano/all.rb:2:in `(root)'
  /var/lib/jenkins/plugins/capitomcat/WEB-INF/classes/models/capitomcat/capitomcat_action.rb:1:in `(root)'
Loading /var/lib/jenkins/plugins/capitomcat/WEB-INF/classes/models/capitomcat/env_utils.rb
Loading /var/lib/jenkins/plugins/capitomcat/WEB-INF/classes/models/capitomcat/capitomcat_utils.rb
Jan 09, 2018 10:19:09 AM jenkins.InitReactorRunner$1 onAttained
INFO: Prepared all plugins
Jan 09, 2018 10:19:11 AM hudson.ExtensionFinder$GuiceFinder$FaultTolerantScope$1 error
INFO: Failed to instantiate optional component hudson.plugins.build_timeout.operations.AbortAndRestartOperation$DescriptorImpl; skipping
Jan 09, 2018 10:19:13 AM hudson.model.Descriptor load
WARNING: Failed to load /var/lib/jenkins/org.jenkinsci.plugins.JiraTestResultReporter.JiraTestDataPublisher.xml
java.io.IOException: Unable to read /var/lib/jenkins/org.jenkinsci.plugins.JiraTestResultReporter.JiraTestDataPublisher.xml
	at hudson.XmlFile.unmarshal(XmlFile.java:167)
	at hudson.model.Descriptor.load(Descriptor.java:893)
	at org.jenkinsci.plugins.JiraTestResultReporter.JiraTestDataPublisher$JiraTestDataPublisherDescriptor.<init>(JiraTestDataPublisher.java:250)
	at org.jenkinsci.plugins.JiraTestResultReporter.JiraTestDataPublisher$JiraTestDataPublisherDescriptor$$FastClassByGuice$$aa5842c9.newInstance(<generated>)
	at com.google.inject.internal.cglib.reflect.$FastConstructor.newInstance(FastConstructor.java:40)
	at com.google.inject.internal.DefaultConstructionProxyFactory$1.newInstance(DefaultConstructionProxyFactory.java:61)
	at com.google.inject.internal.ConstructorInjector.provision(ConstructorInjector.java:105)
	at com.google.inject.internal.ConstructorInjector.construct(ConstructorInjector.java:85)
	at com.google.inject.internal.ConstructorBindingImpl$Factory.get(ConstructorBindingImpl.java:267)
	at com.google.inject.internal.ProviderToInternalFactoryAdapter$1.call(ProviderToInternalFactoryAdapter.java:46)
	at com.google.inject.internal.InjectorImpl.callInContext(InjectorImpl.java:1103)
	at com.google.inject.internal.ProviderToInternalFactoryAdapter.get(ProviderToInternalFactoryAdapter.java:40)
	at com.google.inject.internal.SingletonScope$1.get(SingletonScope.java:145)
	at hudson.ExtensionFinder$GuiceFinder$FaultTolerantScope$1.get(ExtensionFinder.java:424)
	at com.google.inject.internal.InternalFactoryToProviderAdapter.get(InternalFactoryToProviderAdapter.java:41)
	at com.google.inject.internal.InjectorImpl$2$1.call(InjectorImpl.java:1016)
	at com.google.inject.internal.InjectorImpl.callInContext(InjectorImpl.java:1092)
	at com.google.inject.internal.InjectorImpl$2.get(InjectorImpl.java:1012)
	at hudson.ExtensionFinder$GuiceFinder._find(ExtensionFinder.java:386)
	at hudson.ExtensionFinder$GuiceFinder.find(ExtensionFinder.java:377)
	at hudson.ClassicPluginStrategy.findComponents(ClassicPluginStrategy.java:482)
	at hudson.ExtensionList.load(ExtensionList.java:366)
	at hudson.ExtensionList.ensureLoaded(ExtensionList.java:304)
	at hudson.ExtensionList.iterator(ExtensionList.java:158)
	at jenkins.model.Jenkins.getDescriptorByType(Jenkins.java:1524)
	at hudson.plugins.copyartifact.BuildSelectorParameter.initAliases(BuildSelectorParameter.java:156)
	at hudson.plugins.copyartifact.CopyArtifactPlugin.postInitialize(CopyArtifactPlugin.java:35)
	at hudson.PluginManager$2$1$2.run(PluginManager.java:539)
	at org.jvnet.hudson.reactor.TaskGraphBuilder$TaskImpl.run(TaskGraphBuilder.java:169)
	at org.jvnet.hudson.reactor.Reactor.runTask(Reactor.java:282)
	at jenkins.model.Jenkins$5.runTask(Jenkins.java:1068)
	at org.jvnet.hudson.reactor.Reactor$2.run(Reactor.java:210)
	at org.jvnet.hudson.reactor.Reactor$Node.run(Reactor.java:117)
	at java.util.concurrent.ThreadPoolExecutor.runWorker(ThreadPoolExecutor.java:1142)
	at java.util.concurrent.ThreadPoolExecutor$Worker.run(ThreadPoolExecutor.java:617)
	at java.lang.Thread.run(Thread.java:745)
Caused by: com.thoughtworks.xstream.converters.ConversionException: Could not call org.jenkinsci.plugins.JiraTestResultReporter.JiraTestDataPublisher$JiraTestDataPublisherDescriptor.readResolve() : Host name may not be null : Could not call org.jenkinsci.plugins.JiraTestResultReporter.JiraTestDataPublisher$JiraTestDataPublisherDescriptor.readResolve() : Host name may not be null
---- Debugging information ----
message             : Could not call org.jenkinsci.plugins.JiraTestResultReporter.JiraTestDataPublisher$JiraTestDataPublisherDescriptor.readResolve() : Host name may not be null
cause-exception     : com.thoughtworks.xstream.converters.reflection.ObjectAccessException
cause-message       : Could not call org.jenkinsci.plugins.JiraTestResultReporter.JiraTestDataPublisher$JiraTestDataPublisherDescriptor.readResolve() : Host name may not be null
class               : org.jenkinsci.plugins.JiraTestResultReporter.JiraTestDataPublisher$JiraTestDataPublisherDescriptor
required-type       : org.jenkinsci.plugins.JiraTestResultReporter.JiraTestDataPublisher$JiraTestDataPublisherDescriptor
converter-type      : hudson.util.RobustReflectionConverter
path                : /org.jenkinsci.plugins.JiraTestResultReporter.JiraTestDataPublisher$JiraTestDataPublisherDescriptor
line number         : 8
version             : not available
-------------------------------
	at com.thoughtworks.xstream.core.TreeUnmarshaller.convert(TreeUnmarshaller.java:79)
	at com.thoughtworks.xstream.core.AbstractReferenceUnmarshaller.convert(AbstractReferenceUnmarshaller.java:65)
	at com.thoughtworks.xstream.core.TreeUnmarshaller.convertAnother(TreeUnmarshaller.java:66)
	at com.thoughtworks.xstream.core.TreeUnmarshaller.convertAnother(TreeUnmarshaller.java:50)
	at com.thoughtworks.xstream.core.TreeUnmarshaller.start(TreeUnmarshaller.java:134)
	at com.thoughtworks.xstream.core.AbstractTreeMarshallingStrategy.unmarshal(AbstractTreeMarshallingStrategy.java:32)
	at com.thoughtworks.xstream.XStream.unmarshal(XStream.java:1189)
	at hudson.util.XStream2.unmarshal(XStream2.java:114)
	at com.thoughtworks.xstream.XStream.unmarshal(XStream.java:1173)
	at hudson.XmlFile.unmarshal(XmlFile.java:165)
	... 35 more
Caused by: com.thoughtworks.xstream.converters.reflection.ObjectAccessException: Could not call org.jenkinsci.plugins.JiraTestResultReporter.JiraTestDataPublisher$JiraTestDataPublisherDescriptor.readResolve() : Host name may not be null
	at com.thoughtworks.xstream.converters.reflection.SerializationMethodInvoker.callReadResolve(SerializationMethodInvoker.java:72)
	at hudson.util.RobustReflectionConverter.unmarshal(RobustReflectionConverter.java:271)
	at com.thoughtworks.xstream.core.TreeUnmarshaller.convert(TreeUnmarshaller.java:72)
	... 44 more
Caused by: java.lang.IllegalArgumentException: Host name may not be null
	at org.apache.http.util.Args.containsNoBlanks(Args.java:81)
	at org.apache.http.HttpHost.<init>(HttpHost.java:80)
	at org.apache.http.impl.client.cache.CachingHttpAsyncClient.execute(CachingHttpAsyncClient.java:276)
	at com.atlassian.httpclient.apache.httpcomponents.SettableFuturePromiseHttpPromiseAsyncClient.execute(SettableFuturePromiseHttpPromiseAsyncClient.java:36)
	at com.atlassian.httpclient.apache.httpcomponents.DefaultHttpClient.doExecute(DefaultHttpClient.java:247)
	at com.atlassian.httpclient.apache.httpcomponents.DefaultHttpClient.execute(DefaultHttpClient.java:181)
	at com.atlassian.httpclient.apache.httpcomponents.DefaultRequest.get(DefaultRequest.java:47)
	at com.atlassian.jira.rest.client.internal.async.AbstractAsynchronousRestClient.getAndParse(AbstractAsynchronousRestClient.java:67)
	at org.jenkinsci.plugins.JiraTestResultReporter.restclientextensions.JiraRestClientExtension.getStatuses(JiraRestClientExtension.java:42)
	at org.jenkinsci.plugins.JiraTestResultReporter.JiraTestDataPublisher$JiraTestDataPublisherDescriptor.tryCreatingStatusToCategoryMap(JiraTestDataPublisher.java:384)
	at org.jenkinsci.plugins.JiraTestResultReporter.JiraTestDataPublisher$JiraTestDataPublisherDescriptor.readResolve(JiraTestDataPublisher.java:324)
	at sun.reflect.NativeMethodAccessorImpl.invoke0(Native Method)
	at sun.reflect.NativeMethodAccessorImpl.invoke(NativeMethodAccessorImpl.java:62)
	at sun.reflect.DelegatingMethodAccessorImpl.invoke(DelegatingMethodAccessorImpl.java:43)
	at java.lang.reflect.Method.invoke(Method.java:497)
	at com.thoughtworks.xstream.converters.reflection.SerializationMethodInvoker.callReadResolve(SerializationMethodInvoker.java:66)
	... 46 more

Jan 09, 2018 10:19:13 AM org.jenkinsci.plugins.dockerbuildstep.DockerBuilder$DescriptorImpl <init>
WARNING: Docker URL is not set, docker client won't be initialized
Jan 09, 2018 10:19:14 AM jenkins.metrics.impl.graphite.PluginImpl updateReporters
INFO: Starting Graphite reporter to 172.50.102.197 :80 with prefix alias-devop-508474117.ap-southeast-2.elb.amazonaws.com
Jan 09, 2018 10:19:14 AM jenkins.InitReactorRunner$1 onAttained
INFO: Started all plugins
Jan 09, 2018 10:19:14 AM jenkins.InitReactorRunner$1 onAttained
INFO: Augmented all extensions
Jan 09, 2018 10:19:18 AM jenkins.InitReactorRunner$1 onAttained
INFO: Loaded all jobs
Jan 09, 2018 10:19:18 AM hudson.model.AsyncPeriodicWork$1 run
INFO: Started Download metadata
Jan 09, 2018 10:19:18 AM org.springframework.context.support.AbstractApplicationContext prepareRefresh
INFO: Refreshing org.springframework.web.context.support.StaticWebApplicationContext@11e3317a: display name [Root WebApplicationContext]; startup date [Tue Jan 09 10:19:18 AEDT 2018]; root of context hierarchy
Jan 09, 2018 10:19:18 AM org.springframework.context.support.AbstractApplicationContext obtainFreshBeanFactory
INFO: Bean factory for application context [org.springframework.web.context.support.StaticWebApplicationContext@11e3317a]: org.springframework.beans.factory.support.DefaultListableBeanFactory@3e00e772
Jan 09, 2018 10:19:18 AM org.springframework.beans.factory.support.DefaultListableBeanFactory preInstantiateSingletons
INFO: Pre-instantiating singletons in org.springframework.beans.factory.support.DefaultListableBeanFactory@3e00e772: defining beans [authenticationManager]; root of factory hierarchy
Jan 09, 2018 10:19:18 AM org.springframework.context.support.AbstractApplicationContext prepareRefresh
INFO: Refreshing org.springframework.web.context.support.StaticWebApplicationContext@3c028bbd: display name [Root WebApplicationContext]; startup date [Tue Jan 09 10:19:18 AEDT 2018]; root of context hierarchy
Jan 09, 2018 10:19:18 AM org.springframework.context.support.AbstractApplicationContext obtainFreshBeanFactory
INFO: Bean factory for application context [org.springframework.web.context.support.StaticWebApplicationContext@3c028bbd]: org.springframework.beans.factory.support.DefaultListableBeanFactory@12a7ae1e
Jan 09, 2018 10:19:18 AM org.springframework.beans.factory.support.DefaultListableBeanFactory preInstantiateSingletons
INFO: Pre-instantiating singletons in org.springframework.beans.factory.support.DefaultListableBeanFactory@12a7ae1e: defining beans [filter,legacy]; root of factory hierarchy
Jan 09, 2018 10:19:19 AM jenkins.InitReactorRunner$1 onAttained
INFO: Completed initialization
Jan 09, 2018 10:19:21 AM hudson.WebAppMain$3 run
INFO: Jenkins is fully up and running
Jan 09, 2018 10:19:23 AM hudson.model.UpdateSite updateData
INFO: Obtained the latest update center data file for UpdateSource default
Jan 09, 2018 10:19:24 AM hudson.model.DownloadService$Downloadable load
INFO: Obtained the updated data file for hudson.tasks.Maven.MavenInstaller
Jan 09, 2018 10:19:25 AM hudson.model.DownloadService$Downloadable load
INFO: Obtained the updated data file for hudson.tasks.Ant.AntInstaller
Jan 09, 2018 10:19:26 AM hudson.model.DownloadService$Downloadable load
INFO: Obtained the updated data file for hudson.plugins.gradle.GradleInstaller
Jan 09, 2018 10:19:26 AM hudson.model.DownloadService$Downloadable load
INFO: Obtained the updated data file for hudson.plugins.sonar.MsBuildSonarQubeRunnerInstaller
Jan 09, 2018 10:19:27 AM hudson.model.DownloadService$Downloadable load
INFO: Obtained the updated data file for hudson.plugins.sonar.SonarRunnerInstaller
Jan 09, 2018 10:19:28 AM hudson.model.DownloadService$Downloadable load
INFO: Obtained the updated data file for hudson.plugins.nodejs.tools.NodeJSInstaller
Jan 09, 2018 10:19:30 AM hudson.model.DownloadService$Downloadable load
INFO: Obtained the updated data file for hudson.tools.JDKInstaller
Jan 09, 2018 10:19:30 AM hudson.model.AsyncPeriodicWork$1 run
INFO: Finished Download metadata. 11,939 ms
Jan 09, 2018 10:19:34 AM jenkins.metrics.api.Metrics$HealthChecker execute
WARNING: Some health checks are reporting as unhealthy: [plugins : There are 3 failed plugins: github-branch-source; github-organization-folder; ghprb]
Jan 09, 2018 10:19:47 AM org.eclipse.jetty.server.session.Session beginInvalidate
INFO: Session node01eni6kabge3at15fbgqog3u8lx1 already being invalidated
DEBUG: JavaMail version 1.4.4
DEBUG: successfully loaded resource: /META-INF/javamail.default.providers
DEBUG: Tables of loaded providers
DEBUG: Providers Listed By Class Name: {com.sun.mail.smtp.SMTPSSLTransport=javax.mail.Provider[TRANSPORT,smtps,com.sun.mail.smtp.SMTPSSLTransport,Sun Microsystems, Inc], com.sun.mail.smtp.SMTPTransport=javax.mail.Provider[TRANSPORT,smtp,com.sun.mail.smtp.SMTPTransport,Sun Microsystems, Inc], com.sun.mail.imap.IMAPSSLStore=javax.mail.Provider[STORE,imaps,com.sun.mail.imap.IMAPSSLStore,Sun Microsystems, Inc], com.sun.mail.pop3.POP3SSLStore=javax.mail.Provider[STORE,pop3s,com.sun.mail.pop3.POP3SSLStore,Sun Microsystems, Inc], com.sun.mail.imap.IMAPStore=javax.mail.Provider[STORE,imap,com.sun.mail.imap.IMAPStore,Sun Microsystems, Inc], com.sun.mail.pop3.POP3Store=javax.mail.Provider[STORE,pop3,com.sun.mail.pop3.POP3Store,Sun Microsystems, Inc]}
DEBUG: Providers Listed By Protocol: {imaps=javax.mail.Provider[STORE,imaps,com.sun.mail.imap.IMAPSSLStore,Sun Microsystems, Inc], imap=javax.mail.Provider[STORE,imap,com.sun.mail.imap.IMAPStore,Sun Microsystems, Inc], smtps=javax.mail.Provider[TRANSPORT,smtps,com.sun.mail.smtp.SMTPSSLTransport,Sun Microsystems, Inc], pop3=javax.mail.Provider[STORE,pop3,com.sun.mail.pop3.POP3Store,Sun Microsystems, Inc], pop3s=javax.mail.Provider[STORE,pop3s,com.sun.mail.pop3.POP3SSLStore,Sun Microsystems, Inc], smtp=javax.mail.Provider[TRANSPORT,smtp,com.sun.mail.smtp.SMTPTransport,Sun Microsystems, Inc]}
DEBUG: successfully loaded resource: /META-INF/javamail.default.address.map
DEBUG: JavaMail version 1.4.4
DEBUG: successfully loaded resource: /META-INF/javamail.default.providers
DEBUG: Tables of loaded providers
DEBUG: Providers Listed By Class Name: {com.sun.mail.smtp.SMTPSSLTransport=javax.mail.Provider[TRANSPORT,smtps,com.sun.mail.smtp.SMTPSSLTransport,Sun Microsystems, Inc], com.sun.mail.smtp.SMTPTransport=javax.mail.Provider[TRANSPORT,smtp,com.sun.mail.smtp.SMTPTransport,Sun Microsystems, Inc], com.sun.mail.imap.IMAPSSLStore=javax.mail.Provider[STORE,imaps,com.sun.mail.imap.IMAPSSLStore,Sun Microsystems, Inc], com.sun.mail.pop3.POP3SSLStore=javax.mail.Provider[STORE,pop3s,com.sun.mail.pop3.POP3SSLStore,Sun Microsystems, Inc], com.sun.mail.imap.IMAPStore=javax.mail.Provider[STORE,imap,com.sun.mail.imap.IMAPStore,Sun Microsystems, Inc], com.sun.mail.pop3.POP3Store=javax.mail.Provider[STORE,pop3,com.sun.mail.pop3.POP3Store,Sun Microsystems, Inc]}
DEBUG: Providers Listed By Protocol: {imaps=javax.mail.Provider[STORE,imaps,com.sun.mail.imap.IMAPSSLStore,Sun Microsystems, Inc], imap=javax.mail.Provider[STORE,imap,com.sun.mail.imap.IMAPStore,Sun Microsystems, Inc], smtps=javax.mail.Provider[TRANSPORT,smtps,com.sun.mail.smtp.SMTPSSLTransport,Sun Microsystems, Inc], pop3=javax.mail.Provider[STORE,pop3,com.sun.mail.pop3.POP3Store,Sun Microsystems, Inc], pop3s=javax.mail.Provider[STORE,pop3s,com.sun.mail.pop3.POP3SSLStore,Sun Microsystems, Inc], smtp=javax.mail.Provider[TRANSPORT,smtp,com.sun.mail.smtp.SMTPTransport,Sun Microsystems, Inc]}
DEBUG: successfully loaded resource: /META-INF/javamail.default.address.map
DEBUG: JavaMail version 1.4.4
DEBUG: successfully loaded resource: /META-INF/javamail.default.providers
DEBUG: Tables of loaded providers
DEBUG: Providers Listed By Class Name: {com.sun.mail.smtp.SMTPSSLTransport=javax.mail.Provider[TRANSPORT,smtps,com.sun.mail.smtp.SMTPSSLTransport,Sun Microsystems, Inc], com.sun.mail.smtp.SMTPTransport=javax.mail.Provider[TRANSPORT,smtp,com.sun.mail.smtp.SMTPTransport,Sun Microsystems, Inc], com.sun.mail.imap.IMAPSSLStore=javax.mail.Provider[STORE,imaps,com.sun.mail.imap.IMAPSSLStore,Sun Microsystems, Inc], com.sun.mail.pop3.POP3SSLStore=javax.mail.Provider[STORE,pop3s,com.sun.mail.pop3.POP3SSLStore,Sun Microsystems, Inc], com.sun.mail.imap.IMAPStore=javax.mail.Provider[STORE,imap,com.sun.mail.imap.IMAPStore,Sun Microsystems, Inc], com.sun.mail.pop3.POP3Store=javax.mail.Provider[STORE,pop3,com.sun.mail.pop3.POP3Store,Sun Microsystems, Inc]}
DEBUG: Providers Listed By Protocol: {imaps=javax.mail.Provider[STORE,imaps,com.sun.mail.imap.IMAPSSLStore,Sun Microsystems, Inc], imap=javax.mail.Provider[STORE,imap,com.sun.mail.imap.IMAPStore,Sun Microsystems, Inc], smtps=javax.mail.Provider[TRANSPORT,smtps,com.sun.mail.smtp.SMTPSSLTransport,Sun Microsystems, Inc], pop3=javax.mail.Provider[STORE,pop3,com.sun.mail.pop3.POP3Store,Sun Microsystems, Inc], pop3s=javax.mail.Provider[STORE,pop3s,com.sun.mail.pop3.POP3SSLStore,Sun Microsystems, Inc], smtp=javax.mail.Provider[TRANSPORT,smtp,com.sun.mail.smtp.SMTPTransport,Sun Microsystems, Inc]}
DEBUG: successfully loaded resource: /META-INF/javamail.default.address.map
DEBUG: JavaMail version 1.4.4
DEBUG: successfully loaded resource: /META-INF/javamail.default.providers
DEBUG: Tables of loaded providers
DEBUG: Providers Listed By Class Name: {com.sun.mail.smtp.SMTPSSLTransport=javax.mail.Provider[TRANSPORT,smtps,com.sun.mail.smtp.SMTPSSLTransport,Sun Microsystems, Inc], com.sun.mail.smtp.SMTPTransport=javax.mail.Provider[TRANSPORT,smtp,com.sun.mail.smtp.SMTPTransport,Sun Microsystems, Inc], com.sun.mail.imap.IMAPSSLStore=javax.mail.Provider[STORE,imaps,com.sun.mail.imap.IMAPSSLStore,Sun Microsystems, Inc], com.sun.mail.pop3.POP3SSLStore=javax.mail.Provider[STORE,pop3s,com.sun.mail.pop3.POP3SSLStore,Sun Microsystems, Inc], com.sun.mail.imap.IMAPStore=javax.mail.Provider[STORE,imap,com.sun.mail.imap.IMAPStore,Sun Microsystems, Inc], com.sun.mail.pop3.POP3Store=javax.mail.Provider[STORE,pop3,com.sun.mail.pop3.POP3Store,Sun Microsystems, Inc]}
DEBUG: Providers Listed By Protocol: {imaps=javax.mail.Provider[STORE,imaps,com.sun.mail.imap.IMAPSSLStore,Sun Microsystems, Inc], imap=javax.mail.Provider[STORE,imap,com.sun.mail.imap.IMAPStore,Sun Microsystems, Inc], smtps=javax.mail.Provider[TRANSPORT,smtps,com.sun.mail.smtp.SMTPSSLTransport,Sun Microsystems, Inc], pop3=javax.mail.Provider[STORE,pop3,com.sun.mail.pop3.POP3Store,Sun Microsystems, Inc], pop3s=javax.mail.Provider[STORE,pop3s,com.sun.mail.pop3.POP3SSLStore,Sun Microsystems, Inc], smtp=javax.mail.Provider[TRANSPORT,smtp,com.sun.mail.smtp.SMTPTransport,Sun Microsystems, Inc]}
DEBUG: successfully loaded resource: /META-INF/javamail.default.address.map
Jan 09, 2018 10:22:21 AM com.codahale.metrics.graphite.GraphiteReporter report
WARNING: Unable to report to Graphite
java.net.ConnectException: Connection timed out
	at java.net.PlainSocketImpl.socketConnect(Native Method)
	at java.net.AbstractPlainSocketImpl.doConnect(AbstractPlainSocketImpl.java:350)
	at java.net.AbstractPlainSocketImpl.connectToAddress(AbstractPlainSocketImpl.java:206)
	at java.net.AbstractPlainSocketImpl.connect(AbstractPlainSocketImpl.java:188)
	at java.net.SocksSocketImpl.connect(SocksSocketImpl.java:392)
	at java.net.Socket.connect(Socket.java:589)
	at java.net.Socket.connect(Socket.java:538)
	at java.net.Socket.<init>(Socket.java:434)
	at java.net.Socket.<init>(Socket.java:244)
	at javax.net.DefaultSocketFactory.createSocket(SocketFactory.java:277)
	at com.codahale.metrics.graphite.Graphite.connect(Graphite.java:71)
	at com.codahale.metrics.graphite.GraphiteReporter.report(GraphiteReporter.java:153)
	at com.codahale.metrics.ScheduledReporter.report(ScheduledReporter.java:162)
	at com.codahale.metrics.ScheduledReporter$1.run(ScheduledReporter.java:117)
	at java.util.concurrent.Executors$RunnableAdapter.call(Executors.java:511)
	at java.util.concurrent.FutureTask.runAndReset(FutureTask.java:308)
	at java.util.concurrent.ScheduledThreadPoolExecutor$ScheduledFutureTask.access$301(ScheduledThreadPoolExecutor.java:180)
	at java.util.concurrent.ScheduledThreadPoolExecutor$ScheduledFutureTask.run(ScheduledThreadPoolExecutor.java:294)
	at java.util.concurrent.ThreadPoolExecutor.runWorker(ThreadPoolExecutor.java:1142)
	at java.util.concurrent.ThreadPoolExecutor$Worker.run(ThreadPoolExecutor.java:617)
	at java.lang.Thread.run(Thread.java:745)

DEBUG: JavaMail version 1.4.4
DEBUG: successfully loaded resource: /META-INF/javamail.default.providers
DEBUG: Tables of loaded providers
DEBUG: Providers Listed By Class Name: {com.sun.mail.smtp.SMTPSSLTransport=javax.mail.Provider[TRANSPORT,smtps,com.sun.mail.smtp.SMTPSSLTransport,Sun Microsystems, Inc], com.sun.mail.smtp.SMTPTransport=javax.mail.Provider[TRANSPORT,smtp,com.sun.mail.smtp.SMTPTransport,Sun Microsystems, Inc], com.sun.mail.imap.IMAPSSLStore=javax.mail.Provider[STORE,imaps,com.sun.mail.imap.IMAPSSLStore,Sun Microsystems, Inc], com.sun.mail.pop3.POP3SSLStore=javax.mail.Provider[STORE,pop3s,com.sun.mail.pop3.POP3SSLStore,Sun Microsystems, Inc], com.sun.mail.imap.IMAPStore=javax.mail.Provider[STORE,imap,com.sun.mail.imap.IMAPStore,Sun Microsystems, Inc], com.sun.mail.pop3.POP3Store=javax.mail.Provider[STORE,pop3,com.sun.mail.pop3.POP3Store,Sun Microsystems, Inc]}
DEBUG: Providers Listed By Protocol: {imaps=javax.mail.Provider[STORE,imaps,com.sun.mail.imap.IMAPSSLStore,Sun Microsystems, Inc], imap=javax.mail.Provider[STORE,imap,com.sun.mail.imap.IMAPStore,Sun Microsystems, Inc], smtps=javax.mail.Provider[TRANSPORT,smtps,com.sun.mail.smtp.SMTPSSLTransport,Sun Microsystems, Inc], pop3=javax.mail.Provider[STORE,pop3,com.sun.mail.pop3.POP3Store,Sun Microsystems, Inc], pop3s=javax.mail.Provider[STORE,pop3s,com.sun.mail.pop3.POP3SSLStore,Sun Microsystems, Inc], smtp=javax.mail.Provider[TRANSPORT,smtp,com.sun.mail.smtp.SMTPTransport,Sun Microsystems, Inc]}
DEBUG: successfully loaded resource: /META-INF/javamail.default.address.map
Jan 09, 2018 10:24:28 AM com.codahale.metrics.graphite.GraphiteReporter report
WARNING: Unable to report to Graphite
java.net.ConnectException: Connection timed out
	at java.net.PlainSocketImpl.socketConnect(Native Method)
	at java.net.AbstractPlainSocketImpl.doConnect(AbstractPlainSocketImpl.java:350)
	at java.net.AbstractPlainSocketImpl.connectToAddress(AbstractPlainSocketImpl.java:206)
	at java.net.AbstractPlainSocketImpl.connect(AbstractPlainSocketImpl.java:188)
	at java.net.SocksSocketImpl.connect(SocksSocketImpl.java:392)
	at java.net.Socket.connect(Socket.java:589)
	at java.net.Socket.connect(Socket.java:538)
	at java.net.Socket.<init>(Socket.java:434)
	at java.net.Socket.<init>(Socket.java:244)
	at javax.net.DefaultSocketFactory.createSocket(SocketFactory.java:277)
	at com.codahale.metrics.graphite.Graphite.connect(Graphite.java:71)
	at com.codahale.metrics.graphite.GraphiteReporter.report(GraphiteReporter.java:153)
	at com.codahale.metrics.ScheduledReporter.report(ScheduledReporter.java:162)
	at com.codahale.metrics.ScheduledReporter$1.run(ScheduledReporter.java:117)
	at java.util.concurrent.Executors$RunnableAdapter.call(Executors.java:511)
	at java.util.concurrent.FutureTask.runAndReset(FutureTask.java:308)
	at java.util.concurrent.ScheduledThreadPoolExecutor$ScheduledFutureTask.access$301(ScheduledThreadPoolExecutor.java:180)
	at java.util.concurrent.ScheduledThreadPoolExecutor$ScheduledFutureTask.run(ScheduledThreadPoolExecutor.java:294)
	at java.util.concurrent.ThreadPoolExecutor.runWorker(ThreadPoolExecutor.java:1142)
	at java.util.concurrent.ThreadPoolExecutor$Worker.run(ThreadPoolExecutor.java:617)
	at java.lang.Thread.run(Thread.java:745)

DEBUG: JavaMail version 1.4.4
DEBUG: successfully loaded resource: /META-INF/javamail.default.providers
DEBUG: Tables of loaded providers
DEBUG: Providers Listed By Class Name: {com.sun.mail.smtp.SMTPSSLTransport=javax.mail.Provider[TRANSPORT,smtps,com.sun.mail.smtp.SMTPSSLTransport,Sun Microsystems, Inc], com.sun.mail.smtp.SMTPTransport=javax.mail.Provider[TRANSPORT,smtp,com.sun.mail.smtp.SMTPTransport,Sun Microsystems, Inc], com.sun.mail.imap.IMAPSSLStore=javax.mail.Provider[STORE,imaps,com.sun.mail.imap.IMAPSSLStore,Sun Microsystems, Inc], com.sun.mail.pop3.POP3SSLStore=javax.mail.Provider[STORE,pop3s,com.sun.mail.pop3.POP3SSLStore,Sun Microsystems, Inc], com.sun.mail.imap.IMAPStore=javax.mail.Provider[STORE,imap,com.sun.mail.imap.IMAPStore,Sun Microsystems, Inc], com.sun.mail.pop3.POP3Store=javax.mail.Provider[STORE,pop3,com.sun.mail.pop3.POP3Store,Sun Microsystems, Inc]}
DEBUG: Providers Listed By Protocol: {imaps=javax.mail.Provider[STORE,imaps,com.sun.mail.imap.IMAPSSLStore,Sun Microsystems, Inc], imap=javax.mail.Provider[STORE,imap,com.sun.mail.imap.IMAPStore,Sun Microsystems, Inc], smtps=javax.mail.Provider[TRANSPORT,smtps,com.sun.mail.smtp.SMTPSSLTransport,Sun Microsystems, Inc], pop3=javax.mail.Provider[STORE,pop3,com.sun.mail.pop3.POP3Store,Sun Microsystems, Inc], pop3s=javax.mail.Provider[STORE,pop3s,com.sun.mail.pop3.POP3SSLStore,Sun Microsystems, Inc], smtp=javax.mail.Provider[TRANSPORT,smtp,com.sun.mail.smtp.SMTPTransport,Sun Microsystems, Inc]}
DEBUG: successfully loaded resource: /META-INF/javamail.default.address.map
Jan 09, 2018 10:26:35 AM com.codahale.metrics.graphite.GraphiteReporter report
WARNING: Unable to report to Graphite
java.net.ConnectException: Connection timed out
	at java.net.PlainSocketImpl.socketConnect(Native Method)
	at java.net.AbstractPlainSocketImpl.doConnect(AbstractPlainSocketImpl.java:350)
	at java.net.AbstractPlainSocketImpl.connectToAddress(AbstractPlainSocketImpl.java:206)
	at java.net.AbstractPlainSocketImpl.connect(AbstractPlainSocketImpl.java:188)
	at java.net.SocksSocketImpl.connect(SocksSocketImpl.java:392)
	at java.net.Socket.connect(Socket.java:589)
	at java.net.Socket.connect(Socket.java:538)
	at java.net.Socket.<init>(Socket.java:434)
	at java.net.Socket.<init>(Socket.java:244)
	at javax.net.DefaultSocketFactory.createSocket(SocketFactory.java:277)
	at com.codahale.metrics.graphite.Graphite.connect(Graphite.java:71)
	at com.codahale.metrics.graphite.GraphiteReporter.report(GraphiteReporter.java:153)
	at com.codahale.metrics.ScheduledReporter.report(ScheduledReporter.java:162)
	at com.codahale.metrics.ScheduledReporter$1.run(ScheduledReporter.java:117)
	at java.util.concurrent.Executors$RunnableAdapter.call(Executors.java:511)
	at java.util.concurrent.FutureTask.runAndReset(FutureTask.java:308)
	at java.util.concurrent.ScheduledThreadPoolExecutor$ScheduledFutureTask.access$301(ScheduledThreadPoolExecutor.java:180)
	at java.util.concurrent.ScheduledThreadPoolExecutor$ScheduledFutureTask.run(ScheduledThreadPoolExecutor.java:294)
	at java.util.concurrent.ThreadPoolExecutor.runWorker(ThreadPoolExecutor.java:1142)
	at java.util.concurrent.ThreadPoolExecutor$Worker.run(ThreadPoolExecutor.java:617)
	at java.lang.Thread.run(Thread.java:745)

DEBUG: JavaMail version 1.4.4
DEBUG: successfully loaded resource: /META-INF/javamail.default.providers
DEBUG: Tables of loaded providers
DEBUG: Providers Listed By Class Name: {com.sun.mail.smtp.SMTPSSLTransport=javax.mail.Provider[TRANSPORT,smtps,com.sun.mail.smtp.SMTPSSLTransport,Sun Microsystems, Inc], com.sun.mail.smtp.SMTPTransport=javax.mail.Provider[TRANSPORT,smtp,com.sun.mail.smtp.SMTPTransport,Sun Microsystems, Inc], com.sun.mail.imap.IMAPSSLStore=javax.mail.Provider[STORE,imaps,com.sun.mail.imap.IMAPSSLStore,Sun Microsystems, Inc], com.sun.mail.pop3.POP3SSLStore=javax.mail.Provider[STORE,pop3s,com.sun.mail.pop3.POP3SSLStore,Sun Microsystems, Inc], com.sun.mail.imap.IMAPStore=javax.mail.Provider[STORE,imap,com.sun.mail.imap.IMAPStore,Sun Microsystems, Inc], com.sun.mail.pop3.POP3Store=javax.mail.Provider[STORE,pop3,com.sun.mail.pop3.POP3Store,Sun Microsystems, Inc]}
DEBUG: Providers Listed By Protocol: {imaps=javax.mail.Provider[STORE,imaps,com.sun.mail.imap.IMAPSSLStore,Sun Microsystems, Inc], imap=javax.mail.Provider[STORE,imap,com.sun.mail.imap.IMAPStore,Sun Microsystems, Inc], smtps=javax.mail.Provider[TRANSPORT,smtps,com.sun.mail.smtp.SMTPSSLTransport,Sun Microsystems, Inc], pop3=javax.mail.Provider[STORE,pop3,com.sun.mail.pop3.POP3Store,Sun Microsystems, Inc], pop3s=javax.mail.Provider[STORE,pop3s,com.sun.mail.pop3.POP3SSLStore,Sun Microsystems, Inc], smtp=javax.mail.Provider[TRANSPORT,smtp,com.sun.mail.smtp.SMTPTransport,Sun Microsystems, Inc]}
DEBUG: successfully loaded resource: /META-INF/javamail.default.address.map
DEBUG: JavaMail version 1.4.4
DEBUG: successfully loaded resource: /META-INF/javamail.default.providers
DEBUG: Tables of loaded providers
DEBUG: Providers Listed By Class Name: {com.sun.mail.smtp.SMTPSSLTransport=javax.mail.Provider[TRANSPORT,smtps,com.sun.mail.smtp.SMTPSSLTransport,Sun Microsystems, Inc], com.sun.mail.smtp.SMTPTransport=javax.mail.Provider[TRANSPORT,smtp,com.sun.mail.smtp.SMTPTransport,Sun Microsystems, Inc], com.sun.mail.imap.IMAPSSLStore=javax.mail.Provider[STORE,imaps,com.sun.mail.imap.IMAPSSLStore,Sun Microsystems, Inc], com.sun.mail.pop3.POP3SSLStore=javax.mail.Provider[STORE,pop3s,com.sun.mail.pop3.POP3SSLStore,Sun Microsystems, Inc], com.sun.mail.imap.IMAPStore=javax.mail.Provider[STORE,imap,com.sun.mail.imap.IMAPStore,Sun Microsystems, Inc], com.sun.mail.pop3.POP3Store=javax.mail.Provider[STORE,pop3,com.sun.mail.pop3.POP3Store,Sun Microsystems, Inc]}
DEBUG: Providers Listed By Protocol: {imaps=javax.mail.Provider[STORE,imaps,com.sun.mail.imap.IMAPSSLStore,Sun Microsystems, Inc], imap=javax.mail.Provider[STORE,imap,com.sun.mail.imap.IMAPStore,Sun Microsystems, Inc], smtps=javax.mail.Provider[TRANSPORT,smtps,com.sun.mail.smtp.SMTPSSLTransport,Sun Microsystems, Inc], pop3=javax.mail.Provider[STORE,pop3,com.sun.mail.pop3.POP3Store,Sun Microsystems, Inc], pop3s=javax.mail.Provider[STORE,pop3s,com.sun.mail.pop3.POP3SSLStore,Sun Microsystems, Inc], smtp=javax.mail.Provider[TRANSPORT,smtp,com.sun.mail.smtp.SMTPTransport,Sun Microsystems, Inc]}
DEBUG: successfully loaded resource: /META-INF/javamail.default.address.map
DEBUG: JavaMail version 1.4.4
DEBUG: successfully loaded resource: /META-INF/javamail.default.providers
DEBUG: Tables of loaded providers
DEBUG: Providers Listed By Class Name: {com.sun.mail.smtp.SMTPSSLTransport=javax.mail.Provider[TRANSPORT,smtps,com.sun.mail.smtp.SMTPSSLTransport,Sun Microsystems, Inc], com.sun.mail.smtp.SMTPTransport=javax.mail.Provider[TRANSPORT,smtp,com.sun.mail.smtp.SMTPTransport,Sun Microsystems, Inc], com.sun.mail.imap.IMAPSSLStore=javax.mail.Provider[STORE,imaps,com.sun.mail.imap.IMAPSSLStore,Sun Microsystems, Inc], com.sun.mail.pop3.POP3SSLStore=javax.mail.Provider[STORE,pop3s,com.sun.mail.pop3.POP3SSLStore,Sun Microsystems, Inc], com.sun.mail.imap.IMAPStore=javax.mail.Provider[STORE,imap,com.sun.mail.imap.IMAPStore,Sun Microsystems, Inc], com.sun.mail.pop3.POP3Store=javax.mail.Provider[STORE,pop3,com.sun.mail.pop3.POP3Store,Sun Microsystems, Inc]}
DEBUG: Providers Listed By Protocol: {imaps=javax.mail.Provider[STORE,imaps,com.sun.mail.imap.IMAPSSLStore,Sun Microsystems, Inc], imap=javax.mail.Provider[STORE,imap,com.sun.mail.imap.IMAPStore,Sun Microsystems, Inc], smtps=javax.mail.Provider[TRANSPORT,smtps,com.sun.mail.smtp.SMTPSSLTransport,Sun Microsystems, Inc], pop3=javax.mail.Provider[STORE,pop3,com.sun.mail.pop3.POP3Store,Sun Microsystems, Inc], pop3s=javax.mail.Provider[STORE,pop3s,com.sun.mail.pop3.POP3SSLStore,Sun Microsystems, Inc], smtp=javax.mail.Provider[TRANSPORT,smtp,com.sun.mail.smtp.SMTPTransport,Sun Microsystems, Inc]}
DEBUG: successfully loaded resource: /META-INF/javamail.default.address.map
Jan 09, 2018 10:28:43 AM com.codahale.metrics.graphite.GraphiteReporter report
WARNING: Unable to report to Graphite
java.net.ConnectException: Connection timed out
	at java.net.PlainSocketImpl.socketConnect(Native Method)
	at java.net.AbstractPlainSocketImpl.doConnect(AbstractPlainSocketImpl.java:350)
	at java.net.AbstractPlainSocketImpl.connectToAddress(AbstractPlainSocketImpl.java:206)
	at java.net.AbstractPlainSocketImpl.connect(AbstractPlainSocketImpl.java:188)
	at java.net.SocksSocketImpl.connect(SocksSocketImpl.java:392)
	at java.net.Socket.connect(Socket.java:589)
	at java.net.Socket.connect(Socket.java:538)
	at java.net.Socket.<init>(Socket.java:434)
	at java.net.Socket.<init>(Socket.java:244)
	at javax.net.DefaultSocketFactory.createSocket(SocketFactory.java:277)
	at com.codahale.metrics.graphite.Graphite.connect(Graphite.java:71)
	at com.codahale.metrics.graphite.GraphiteReporter.report(GraphiteReporter.java:153)
	at com.codahale.metrics.ScheduledReporter.report(ScheduledReporter.java:162)
	at com.codahale.metrics.ScheduledReporter$1.run(ScheduledReporter.java:117)
	at java.util.concurrent.Executors$RunnableAdapter.call(Executors.java:511)
	at java.util.concurrent.FutureTask.runAndReset(FutureTask.java:308)
	at java.util.concurrent.ScheduledThreadPoolExecutor$ScheduledFutureTask.access$301(ScheduledThreadPoolExecutor.java:180)
	at java.util.concurrent.ScheduledThreadPoolExecutor$ScheduledFutureTask.run(ScheduledThreadPoolExecutor.java:294)
	at java.util.concurrent.ThreadPoolExecutor.runWorker(ThreadPoolExecutor.java:1142)
	at java.util.concurrent.ThreadPoolExecutor$Worker.run(ThreadPoolExecutor.java:617)
	at java.lang.Thread.run(Thread.java:745)

DEBUG: JavaMail version 1.4.4
DEBUG: successfully loaded resource: /META-INF/javamail.default.providers
DEBUG: Tables of loaded providers
DEBUG: Providers Listed By Class Name: {com.sun.mail.smtp.SMTPSSLTransport=javax.mail.Provider[TRANSPORT,smtps,com.sun.mail.smtp.SMTPSSLTransport,Sun Microsystems, Inc], com.sun.mail.smtp.SMTPTransport=javax.mail.Provider[TRANSPORT,smtp,com.sun.mail.smtp.SMTPTransport,Sun Microsystems, Inc], com.sun.mail.imap.IMAPSSLStore=javax.mail.Provider[STORE,imaps,com.sun.mail.imap.IMAPSSLStore,Sun Microsystems, Inc], com.sun.mail.pop3.POP3SSLStore=javax.mail.Provider[STORE,pop3s,com.sun.mail.pop3.POP3SSLStore,Sun Microsystems, Inc], com.sun.mail.imap.IMAPStore=javax.mail.Provider[STORE,imap,com.sun.mail.imap.IMAPStore,Sun Microsystems, Inc], com.sun.mail.pop3.POP3Store=javax.mail.Provider[STORE,pop3,com.sun.mail.pop3.POP3Store,Sun Microsystems, Inc]}
DEBUG: Providers Listed By Protocol: {imaps=javax.mail.Provider[STORE,imaps,com.sun.mail.imap.IMAPSSLStore,Sun Microsystems, Inc], imap=javax.mail.Provider[STORE,imap,com.sun.mail.imap.IMAPStore,Sun Microsystems, Inc], smtps=javax.mail.Provider[TRANSPORT,smtps,com.sun.mail.smtp.SMTPSSLTransport,Sun Microsystems, Inc], pop3=javax.mail.Provider[STORE,pop3,com.sun.mail.pop3.POP3Store,Sun Microsystems, Inc], pop3s=javax.mail.Provider[STORE,pop3s,com.sun.mail.pop3.POP3SSLStore,Sun Microsystems, Inc], smtp=javax.mail.Provider[TRANSPORT,smtp,com.sun.mail.smtp.SMTPTransport,Sun Microsystems, Inc]}
DEBUG: successfully loaded resource: /META-INF/javamail.default.address.map
Jan 09, 2018 10:30:50 AM com.codahale.metrics.graphite.GraphiteReporter report
WARNING: Unable to report to Graphite
java.net.ConnectException: Connection timed out
	at java.net.PlainSocketImpl.socketConnect(Native Method)
	at java.net.AbstractPlainSocketImpl.doConnect(AbstractPlainSocketImpl.java:350)
	at java.net.AbstractPlainSocketImpl.connectToAddress(AbstractPlainSocketImpl.java:206)
	at java.net.AbstractPlainSocketImpl.connect(AbstractPlainSocketImpl.java:188)
	at java.net.SocksSocketImpl.connect(SocksSocketImpl.java:392)
	at java.net.Socket.connect(Socket.java:589)
	at java.net.Socket.connect(Socket.java:538)
	at java.net.Socket.<init>(Socket.java:434)
	at java.net.Socket.<init>(Socket.java:244)
	at javax.net.DefaultSocketFactory.createSocket(SocketFactory.java:277)
	at com.codahale.metrics.graphite.Graphite.connect(Graphite.java:71)
	at com.codahale.metrics.graphite.GraphiteReporter.report(GraphiteReporter.java:153)
	at com.codahale.metrics.ScheduledReporter.report(ScheduledReporter.java:162)
	at com.codahale.metrics.ScheduledReporter$1.run(ScheduledReporter.java:117)
	at java.util.concurrent.Executors$RunnableAdapter.call(Executors.java:511)
	at java.util.concurrent.FutureTask.runAndReset(FutureTask.java:308)
	at java.util.concurrent.ScheduledThreadPoolExecutor$ScheduledFutureTask.access$301(ScheduledThreadPoolExecutor.java:180)
	at java.util.concurrent.ScheduledThreadPoolExecutor$ScheduledFutureTask.run(ScheduledThreadPoolExecutor.java:294)
	at java.util.concurrent.ThreadPoolExecutor.runWorker(ThreadPoolExecutor.java:1142)
	at java.util.concurrent.ThreadPoolExecutor$Worker.run(ThreadPoolExecutor.java:617)
	at java.lang.Thread.run(Thread.java:745)

DEBUG: JavaMail version 1.4.4
DEBUG: successfully loaded resource: /META-INF/javamail.default.providers
DEBUG: Tables of loaded providers
DEBUG: Providers Listed By Class Name: {com.sun.mail.smtp.SMTPSSLTransport=javax.mail.Provider[TRANSPORT,smtps,com.sun.mail.smtp.SMTPSSLTransport,Sun Microsystems, Inc], com.sun.mail.smtp.SMTPTransport=javax.mail.Provider[TRANSPORT,smtp,com.sun.mail.smtp.SMTPTransport,Sun Microsystems, Inc], com.sun.mail.imap.IMAPSSLStore=javax.mail.Provider[STORE,imaps,com.sun.mail.imap.IMAPSSLStore,Sun Microsystems, Inc], com.sun.mail.pop3.POP3SSLStore=javax.mail.Provider[STORE,pop3s,com.sun.mail.pop3.POP3SSLStore,Sun Microsystems, Inc], com.sun.mail.imap.IMAPStore=javax.mail.Provider[STORE,imap,com.sun.mail.imap.IMAPStore,Sun Microsystems, Inc], com.sun.mail.pop3.POP3Store=javax.mail.Provider[STORE,pop3,com.sun.mail.pop3.POP3Store,Sun Microsystems, Inc]}
DEBUG: Providers Listed By Protocol: {imaps=javax.mail.Provider[STORE,imaps,com.sun.mail.imap.IMAPSSLStore,Sun Microsystems, Inc], imap=javax.mail.Provider[STORE,imap,com.sun.mail.imap.IMAPStore,Sun Microsystems, Inc], smtps=javax.mail.Provider[TRANSPORT,smtps,com.sun.mail.smtp.SMTPSSLTransport,Sun Microsystems, Inc], pop3=javax.mail.Provider[STORE,pop3,com.sun.mail.pop3.POP3Store,Sun Microsystems, Inc], pop3s=javax.mail.Provider[STORE,pop3s,com.sun.mail.pop3.POP3SSLStore,Sun Microsystems, Inc], smtp=javax.mail.Provider[TRANSPORT,smtp,com.sun.mail.smtp.SMTPTransport,Sun Microsystems, Inc]}
DEBUG: successfully loaded resource: /META-INF/javamail.default.address.map
DEBUG: JavaMail version 1.4.4
DEBUG: successfully loaded resource: /META-INF/javamail.default.providers
DEBUG: Tables of loaded providers
DEBUG: Providers Listed By Class Name: {com.sun.mail.smtp.SMTPSSLTransport=javax.mail.Provider[TRANSPORT,smtps,com.sun.mail.smtp.SMTPSSLTransport,Sun Microsystems, Inc], com.sun.mail.smtp.SMTPTransport=javax.mail.Provider[TRANSPORT,smtp,com.sun.mail.smtp.SMTPTransport,Sun Microsystems, Inc], com.sun.mail.imap.IMAPSSLStore=javax.mail.Provider[STORE,imaps,com.sun.mail.imap.IMAPSSLStore,Sun Microsystems, Inc], com.sun.mail.pop3.POP3SSLStore=javax.mail.Provider[STORE,pop3s,com.sun.mail.pop3.POP3SSLStore,Sun Microsystems, Inc], com.sun.mail.imap.IMAPStore=javax.mail.Provider[STORE,imap,com.sun.mail.imap.IMAPStore,Sun Microsystems, Inc], com.sun.mail.pop3.POP3Store=javax.mail.Provider[STORE,pop3,com.sun.mail.pop3.POP3Store,Sun Microsystems, Inc]}
DEBUG: Providers Listed By Protocol: {imaps=javax.mail.Provider[STORE,imaps,com.sun.mail.imap.IMAPSSLStore,Sun Microsystems, Inc], imap=javax.mail.Provider[STORE,imap,com.sun.mail.imap.IMAPStore,Sun Microsystems, Inc], smtps=javax.mail.Provider[TRANSPORT,smtps,com.sun.mail.smtp.SMTPSSLTransport,Sun Microsystems, Inc], pop3=javax.mail.Provider[STORE,pop3,com.sun.mail.pop3.POP3Store,Sun Microsystems, Inc], pop3s=javax.mail.Provider[STORE,pop3s,com.sun.mail.pop3.POP3SSLStore,Sun Microsystems, Inc], smtp=javax.mail.Provider[TRANSPORT,smtp,com.sun.mail.smtp.SMTPTransport,Sun Microsystems, Inc]}
DEBUG: successfully loaded resource: /META-INF/javamail.default.address.map
DEBUG: JavaMail version 1.4.4
DEBUG: successfully loaded resource: /META-INF/javamail.default.providers
DEBUG: Tables of loaded providers
DEBUG: Providers Listed By Class Name: {com.sun.mail.smtp.SMTPSSLTransport=javax.mail.Provider[TRANSPORT,smtps,com.sun.mail.smtp.SMTPSSLTransport,Sun Microsystems, Inc], com.sun.mail.smtp.SMTPTransport=javax.mail.Provider[TRANSPORT,smtp,com.sun.mail.smtp.SMTPTransport,Sun Microsystems, Inc], com.sun.mail.imap.IMAPSSLStore=javax.mail.Provider[STORE,imaps,com.sun.mail.imap.IMAPSSLStore,Sun Microsystems, Inc], com.sun.mail.pop3.POP3SSLStore=javax.mail.Provider[STORE,pop3s,com.sun.mail.pop3.POP3SSLStore,Sun Microsystems, Inc], com.sun.mail.imap.IMAPStore=javax.mail.Provider[STORE,imap,com.sun.mail.imap.IMAPStore,Sun Microsystems, Inc], com.sun.mail.pop3.POP3Store=javax.mail.Provider[STORE,pop3,com.sun.mail.pop3.POP3Store,Sun Microsystems, Inc]}
DEBUG: Providers Listed By Protocol: {imaps=javax.mail.Provider[STORE,imaps,com.sun.mail.imap.IMAPSSLStore,Sun Microsystems, Inc], imap=javax.mail.Provider[STORE,imap,com.sun.mail.imap.IMAPStore,Sun Microsystems, Inc], smtps=javax.mail.Provider[TRANSPORT,smtps,com.sun.mail.smtp.SMTPSSLTransport,Sun Microsystems, Inc], pop3=javax.mail.Provider[STORE,pop3,com.sun.mail.pop3.POP3Store,Sun Microsystems, Inc], pop3s=javax.mail.Provider[STORE,pop3s,com.sun.mail.pop3.POP3SSLStore,Sun Microsystems, Inc], smtp=javax.mail.Provider[TRANSPORT,smtp,com.sun.mail.smtp.SMTPTransport,Sun Microsystems, Inc]}
DEBUG: successfully loaded resource: /META-INF/javamail.default.address.map
Jan 09, 2018 10:32:57 AM com.codahale.metrics.graphite.GraphiteReporter report
WARNING: Unable to report to Graphite
java.net.ConnectException: Connection timed out
	at java.net.PlainSocketImpl.socketConnect(Native Method)
	at java.net.AbstractPlainSocketImpl.doConnect(AbstractPlainSocketImpl.java:350)
	at java.net.AbstractPlainSocketImpl.connectToAddress(AbstractPlainSocketImpl.java:206)
	at java.net.AbstractPlainSocketImpl.connect(AbstractPlainSocketImpl.java:188)
	at java.net.SocksSocketImpl.connect(SocksSocketImpl.java:392)
	at java.net.Socket.connect(Socket.java:589)
	at java.net.Socket.connect(Socket.java:538)
	at java.net.Socket.<init>(Socket.java:434)
	at java.net.Socket.<init>(Socket.java:244)
	at javax.net.DefaultSocketFactory.createSocket(SocketFactory.java:277)
	at com.codahale.metrics.graphite.Graphite.connect(Graphite.java:71)
	at com.codahale.metrics.graphite.GraphiteReporter.report(GraphiteReporter.java:153)
	at com.codahale.metrics.ScheduledReporter.report(ScheduledReporter.java:162)
	at com.codahale.metrics.ScheduledReporter$1.run(ScheduledReporter.java:117)
	at java.util.concurrent.Executors$RunnableAdapter.call(Executors.java:511)
	at java.util.concurrent.FutureTask.runAndReset(FutureTask.java:308)
	at java.util.concurrent.ScheduledThreadPoolExecutor$ScheduledFutureTask.access$301(ScheduledThreadPoolExecutor.java:180)
	at java.util.concurrent.ScheduledThreadPoolExecutor$ScheduledFutureTask.run(ScheduledThreadPoolExecutor.java:294)
	at java.util.concurrent.ThreadPoolExecutor.runWorker(ThreadPoolExecutor.java:1142)
	at java.util.concurrent.ThreadPoolExecutor$Worker.run(ThreadPoolExecutor.java:617)
	at java.lang.Thread.run(Thread.java:745)

DEBUG: JavaMail version 1.4.4
DEBUG: successfully loaded resource: /META-INF/javamail.default.providers
DEBUG: Tables of loaded providers
DEBUG: Providers Listed By Class Name: {com.sun.mail.smtp.SMTPSSLTransport=javax.mail.Provider[TRANSPORT,smtps,com.sun.mail.smtp.SMTPSSLTransport,Sun Microsystems, Inc], com.sun.mail.smtp.SMTPTransport=javax.mail.Provider[TRANSPORT,smtp,com.sun.mail.smtp.SMTPTransport,Sun Microsystems, Inc], com.sun.mail.imap.IMAPSSLStore=javax.mail.Provider[STORE,imaps,com.sun.mail.imap.IMAPSSLStore,Sun Microsystems, Inc], com.sun.mail.pop3.POP3SSLStore=javax.mail.Provider[STORE,pop3s,com.sun.mail.pop3.POP3SSLStore,Sun Microsystems, Inc], com.sun.mail.imap.IMAPStore=javax.mail.Provider[STORE,imap,com.sun.mail.imap.IMAPStore,Sun Microsystems, Inc], com.sun.mail.pop3.POP3Store=javax.mail.Provider[STORE,pop3,com.sun.mail.pop3.POP3Store,Sun Microsystems, Inc]}
DEBUG: Providers Listed By Protocol: {imaps=javax.mail.Provider[STORE,imaps,com.sun.mail.imap.IMAPSSLStore,Sun Microsystems, Inc], imap=javax.mail.Provider[STORE,imap,com.sun.mail.imap.IMAPStore,Sun Microsystems, Inc], smtps=javax.mail.Provider[TRANSPORT,smtps,com.sun.mail.smtp.SMTPSSLTransport,Sun Microsystems, Inc], pop3=javax.mail.Provider[STORE,pop3,com.sun.mail.pop3.POP3Store,Sun Microsystems, Inc], pop3s=javax.mail.Provider[STORE,pop3s,com.sun.mail.pop3.POP3SSLStore,Sun Microsystems, Inc], smtp=javax.mail.Provider[TRANSPORT,smtp,com.sun.mail.smtp.SMTPTransport,Sun Microsystems, Inc]}
DEBUG: successfully loaded resource: /META-INF/javamail.default.address.map
Jan 09, 2018 10:35:04 AM com.codahale.metrics.graphite.GraphiteReporter report
WARNING: Unable to report to Graphite
java.net.ConnectException: Connection timed out
	at java.net.PlainSocketImpl.socketConnect(Native Method)
	at java.net.AbstractPlainSocketImpl.doConnect(AbstractPlainSocketImpl.java:350)
	at java.net.AbstractPlainSocketImpl.connectToAddress(AbstractPlainSocketImpl.java:206)
	at java.net.AbstractPlainSocketImpl.connect(AbstractPlainSocketImpl.java:188)
	at java.net.SocksSocketImpl.connect(SocksSocketImpl.java:392)
	at java.net.Socket.connect(Socket.java:589)
	at java.net.Socket.connect(Socket.java:538)
	at java.net.Socket.<init>(Socket.java:434)
	at java.net.Socket.<init>(Socket.java:244)
	at javax.net.DefaultSocketFactory.createSocket(SocketFactory.java:277)
	at com.codahale.metrics.graphite.Graphite.connect(Graphite.java:71)
	at com.codahale.metrics.graphite.GraphiteReporter.report(GraphiteReporter.java:153)
	at com.codahale.metrics.ScheduledReporter.report(ScheduledReporter.java:162)
	at com.codahale.metrics.ScheduledReporter$1.run(ScheduledReporter.java:117)
	at java.util.concurrent.Executors$RunnableAdapter.call(Executors.java:511)
	at java.util.concurrent.FutureTask.runAndReset(FutureTask.java:308)
	at java.util.concurrent.ScheduledThreadPoolExecutor$ScheduledFutureTask.access$301(ScheduledThreadPoolExecutor.java:180)
	at java.util.concurrent.ScheduledThreadPoolExecutor$ScheduledFutureTask.run(ScheduledThreadPoolExecutor.java:294)
	at java.util.concurrent.ThreadPoolExecutor.runWorker(ThreadPoolExecutor.java:1142)
	at java.util.concurrent.ThreadPoolExecutor$Worker.run(ThreadPoolExecutor.java:617)
	at java.lang.Thread.run(Thread.java:745)

DEBUG: JavaMail version 1.4.4
DEBUG: successfully loaded resource: /META-INF/javamail.default.providers
DEBUG: Tables of loaded providers
DEBUG: Providers Listed By Class Name: {com.sun.mail.smtp.SMTPSSLTransport=javax.mail.Provider[TRANSPORT,smtps,com.sun.mail.smtp.SMTPSSLTransport,Sun Microsystems, Inc], com.sun.mail.smtp.SMTPTransport=javax.mail.Provider[TRANSPORT,smtp,com.sun.mail.smtp.SMTPTransport,Sun Microsystems, Inc], com.sun.mail.imap.IMAPSSLStore=javax.mail.Provider[STORE,imaps,com.sun.mail.imap.IMAPSSLStore,Sun Microsystems, Inc], com.sun.mail.pop3.POP3SSLStore=javax.mail.Provider[STORE,pop3s,com.sun.mail.pop3.POP3SSLStore,Sun Microsystems, Inc], com.sun.mail.imap.IMAPStore=javax.mail.Provider[STORE,imap,com.sun.mail.imap.IMAPStore,Sun Microsystems, Inc], com.sun.mail.pop3.POP3Store=javax.mail.Provider[STORE,pop3,com.sun.mail.pop3.POP3Store,Sun Microsystems, Inc]}
DEBUG: Providers Listed By Protocol: {imaps=javax.mail.Provider[STORE,imaps,com.sun.mail.imap.IMAPSSLStore,Sun Microsystems, Inc], imap=javax.mail.Provider[STORE,imap,com.sun.mail.imap.IMAPStore,Sun Microsystems, Inc], smtps=javax.mail.Provider[TRANSPORT,smtps,com.sun.mail.smtp.SMTPSSLTransport,Sun Microsystems, Inc], pop3=javax.mail.Provider[STORE,pop3,com.sun.mail.pop3.POP3Store,Sun Microsystems, Inc], pop3s=javax.mail.Provider[STORE,pop3s,com.sun.mail.pop3.POP3SSLStore,Sun Microsystems, Inc], smtp=javax.mail.Provider[TRANSPORT,smtp,com.sun.mail.smtp.SMTPTransport,Sun Microsystems, Inc]}
DEBUG: successfully loaded resource: /META-INF/javamail.default.address.map
DEBUG: JavaMail version 1.4.4
DEBUG: successfully loaded resource: /META-INF/javamail.default.providers
DEBUG: Tables of loaded providers
DEBUG: Providers Listed By Class Name: {com.sun.mail.smtp.SMTPSSLTransport=javax.mail.Provider[TRANSPORT,smtps,com.sun.mail.smtp.SMTPSSLTransport,Sun Microsystems, Inc], com.sun.mail.smtp.SMTPTransport=javax.mail.Provider[TRANSPORT,smtp,com.sun.mail.smtp.SMTPTransport,Sun Microsystems, Inc], com.sun.mail.imap.IMAPSSLStore=javax.mail.Provider[STORE,imaps,com.sun.mail.imap.IMAPSSLStore,Sun Microsystems, Inc], com.sun.mail.pop3.POP3SSLStore=javax.mail.Provider[STORE,pop3s,com.sun.mail.pop3.POP3SSLStore,Sun Microsystems, Inc], com.sun.mail.imap.IMAPStore=javax.mail.Provider[STORE,imap,com.sun.mail.imap.IMAPStore,Sun Microsystems, Inc], com.sun.mail.pop3.POP3Store=javax.mail.Provider[STORE,pop3,com.sun.mail.pop3.POP3Store,Sun Microsystems, Inc]}
DEBUG: Providers Listed By Protocol: {imaps=javax.mail.Provider[STORE,imaps,com.sun.mail.imap.IMAPSSLStore,Sun Microsystems, Inc], imap=javax.mail.Provider[STORE,imap,com.sun.mail.imap.IMAPStore,Sun Microsystems, Inc], smtps=javax.mail.Provider[TRANSPORT,smtps,com.sun.mail.smtp.SMTPSSLTransport,Sun Microsystems, Inc], pop3=javax.mail.Provider[STORE,pop3,com.sun.mail.pop3.POP3Store,Sun Microsystems, Inc], pop3s=javax.mail.Provider[STORE,pop3s,com.sun.mail.pop3.POP3SSLStore,Sun Microsystems, Inc], smtp=javax.mail.Provider[TRANSPORT,smtp,com.sun.mail.smtp.SMTPTransport,Sun Microsystems, Inc]}
DEBUG: successfully loaded resource: /META-INF/javamail.default.address.map
DEBUG: JavaMail version 1.4.4
DEBUG: successfully loaded resource: /META-INF/javamail.default.providers
DEBUG: Tables of loaded providers
DEBUG: Providers Listed By Class Name: {com.sun.mail.smtp.SMTPSSLTransport=javax.mail.Provider[TRANSPORT,smtps,com.sun.mail.smtp.SMTPSSLTransport,Sun Microsystems, Inc], com.sun.mail.smtp.SMTPTransport=javax.mail.Provider[TRANSPORT,smtp,com.sun.mail.smtp.SMTPTransport,Sun Microsystems, Inc], com.sun.mail.imap.IMAPSSLStore=javax.mail.Provider[STORE,imaps,com.sun.mail.imap.IMAPSSLStore,Sun Microsystems, Inc], com.sun.mail.pop3.POP3SSLStore=javax.mail.Provider[STORE,pop3s,com.sun.mail.pop3.POP3SSLStore,Sun Microsystems, Inc], com.sun.mail.imap.IMAPStore=javax.mail.Provider[STORE,imap,com.sun.mail.imap.IMAPStore,Sun Microsystems, Inc], com.sun.mail.pop3.POP3Store=javax.mail.Provider[STORE,pop3,com.sun.mail.pop3.POP3Store,Sun Microsystems, Inc]}
DEBUG: Providers Listed By Protocol: {imaps=javax.mail.Provider[STORE,imaps,com.sun.mail.imap.IMAPSSLStore,Sun Microsystems, Inc], imap=javax.mail.Provider[STORE,imap,com.sun.mail.imap.IMAPStore,Sun Microsystems, Inc], smtps=javax.mail.Provider[TRANSPORT,smtps,com.sun.mail.smtp.SMTPSSLTransport,Sun Microsystems, Inc], pop3=javax.mail.Provider[STORE,pop3,com.sun.mail.pop3.POP3Store,Sun Microsystems, Inc], pop3s=javax.mail.Provider[STORE,pop3s,com.sun.mail.pop3.POP3SSLStore,Sun Microsystems, Inc], smtp=javax.mail.Provider[TRANSPORT,smtp,com.sun.mail.smtp.SMTPTransport,Sun Microsystems, Inc]}
DEBUG: successfully loaded resource: /META-INF/javamail.default.address.map
Jan 09, 2018 10:37:12 AM com.codahale.metrics.graphite.GraphiteReporter report
WARNING: Unable to report to Graphite
java.net.ConnectException: Connection timed out
	at java.net.PlainSocketImpl.socketConnect(Native Method)
	at java.net.AbstractPlainSocketImpl.doConnect(AbstractPlainSocketImpl.java:350)
	at java.net.AbstractPlainSocketImpl.connectToAddress(AbstractPlainSocketImpl.java:206)
	at java.net.AbstractPlainSocketImpl.connect(AbstractPlainSocketImpl.java:188)
	at java.net.SocksSocketImpl.connect(SocksSocketImpl.java:392)
	at java.net.Socket.connect(Socket.java:589)
	at java.net.Socket.connect(Socket.java:538)
	at java.net.Socket.<init>(Socket.java:434)
	at java.net.Socket.<init>(Socket.java:244)
	at javax.net.DefaultSocketFactory.createSocket(SocketFactory.java:277)
	at com.codahale.metrics.graphite.Graphite.connect(Graphite.java:71)
	at com.codahale.metrics.graphite.GraphiteReporter.report(GraphiteReporter.java:153)
	at com.codahale.metrics.ScheduledReporter.report(ScheduledReporter.java:162)
	at com.codahale.metrics.ScheduledReporter$1.run(ScheduledReporter.java:117)
	at java.util.concurrent.Executors$RunnableAdapter.call(Executors.java:511)
	at java.util.concurrent.FutureTask.runAndReset(FutureTask.java:308)
	at java.util.concurrent.ScheduledThreadPoolExecutor$ScheduledFutureTask.access$301(ScheduledThreadPoolExecutor.java:180)
	at java.util.concurrent.ScheduledThreadPoolExecutor$ScheduledFutureTask.run(ScheduledThreadPoolExecutor.java:294)
	at java.util.concurrent.ThreadPoolExecutor.runWorker(ThreadPoolExecutor.java:1142)
	at java.util.concurrent.ThreadPoolExecutor$Worker.run(ThreadPoolExecutor.java:617)
	at java.lang.Thread.run(Thread.java:745)

DEBUG: JavaMail version 1.4.4
DEBUG: successfully loaded resource: /META-INF/javamail.default.providers
DEBUG: Tables of loaded providers
DEBUG: Providers Listed By Class Name: {com.sun.mail.smtp.SMTPSSLTransport=javax.mail.Provider[TRANSPORT,smtps,com.sun.mail.smtp.SMTPSSLTransport,Sun Microsystems, Inc], com.sun.mail.smtp.SMTPTransport=javax.mail.Provider[TRANSPORT,smtp,com.sun.mail.smtp.SMTPTransport,Sun Microsystems, Inc], com.sun.mail.imap.IMAPSSLStore=javax.mail.Provider[STORE,imaps,com.sun.mail.imap.IMAPSSLStore,Sun Microsystems, Inc], com.sun.mail.pop3.POP3SSLStore=javax.mail.Provider[STORE,pop3s,com.sun.mail.pop3.POP3SSLStore,Sun Microsystems, Inc], com.sun.mail.imap.IMAPStore=javax.mail.Provider[STORE,imap,com.sun.mail.imap.IMAPStore,Sun Microsystems, Inc], com.sun.mail.pop3.POP3Store=javax.mail.Provider[STORE,pop3,com.sun.mail.pop3.POP3Store,Sun Microsystems, Inc]}
DEBUG: Providers Listed By Protocol: {imaps=javax.mail.Provider[STORE,imaps,com.sun.mail.imap.IMAPSSLStore,Sun Microsystems, Inc], imap=javax.mail.Provider[STORE,imap,com.sun.mail.imap.IMAPStore,Sun Microsystems, Inc], smtps=javax.mail.Provider[TRANSPORT,smtps,com.sun.mail.smtp.SMTPSSLTransport,Sun Microsystems, Inc], pop3=javax.mail.Provider[STORE,pop3,com.sun.mail.pop3.POP3Store,Sun Microsystems, Inc], pop3s=javax.mail.Provider[STORE,pop3s,com.sun.mail.pop3.POP3SSLStore,Sun Microsystems, Inc], smtp=javax.mail.Provider[TRANSPORT,smtp,com.sun.mail.smtp.SMTPTransport,Sun Microsystems, Inc]}
DEBUG: successfully loaded resource: /META-INF/javamail.default.address.map
Jan 09, 2018 10:39:19 AM com.codahale.metrics.graphite.GraphiteReporter report
WARNING: Unable to report to Graphite
java.net.ConnectException: Connection timed out
	at java.net.PlainSocketImpl.socketConnect(Native Method)
	at java.net.AbstractPlainSocketImpl.doConnect(AbstractPlainSocketImpl.java:350)
	at java.net.AbstractPlainSocketImpl.connectToAddress(AbstractPlainSocketImpl.java:206)
	at java.net.AbstractPlainSocketImpl.connect(AbstractPlainSocketImpl.java:188)
	at java.net.SocksSocketImpl.connect(SocksSocketImpl.java:392)
	at java.net.Socket.connect(Socket.java:589)
	at java.net.Socket.connect(Socket.java:538)
	at java.net.Socket.<init>(Socket.java:434)
	at java.net.Socket.<init>(Socket.java:244)
	at javax.net.DefaultSocketFactory.createSocket(SocketFactory.java:277)
	at com.codahale.metrics.graphite.Graphite.connect(Graphite.java:71)
	at com.codahale.metrics.graphite.GraphiteReporter.report(GraphiteReporter.java:153)
	at com.codahale.metrics.ScheduledReporter.report(ScheduledReporter.java:162)
	at com.codahale.metrics.ScheduledReporter$1.run(ScheduledReporter.java:117)
	at java.util.concurrent.Executors$RunnableAdapter.call(Executors.java:511)
	at java.util.concurrent.FutureTask.runAndReset(FutureTask.java:308)
	at java.util.concurrent.ScheduledThreadPoolExecutor$ScheduledFutureTask.access$301(ScheduledThreadPoolExecutor.java:180)
	at java.util.concurrent.ScheduledThreadPoolExecutor$ScheduledFutureTask.run(ScheduledThreadPoolExecutor.java:294)
	at java.util.concurrent.ThreadPoolExecutor.runWorker(ThreadPoolExecutor.java:1142)
	at java.util.concurrent.ThreadPoolExecutor$Worker.run(ThreadPoolExecutor.java:617)
	at java.lang.Thread.run(Thread.java:745)

DEBUG: JavaMail version 1.4.4
DEBUG: successfully loaded resource: /META-INF/javamail.default.providers
DEBUG: Tables of loaded providers
DEBUG: Providers Listed By Class Name: {com.sun.mail.smtp.SMTPSSLTransport=javax.mail.Provider[TRANSPORT,smtps,com.sun.mail.smtp.SMTPSSLTransport,Sun Microsystems, Inc], com.sun.mail.smtp.SMTPTransport=javax.mail.Provider[TRANSPORT,smtp,com.sun.mail.smtp.SMTPTransport,Sun Microsystems, Inc], com.sun.mail.imap.IMAPSSLStore=javax.mail.Provider[STORE,imaps,com.sun.mail.imap.IMAPSSLStore,Sun Microsystems, Inc], com.sun.mail.pop3.POP3SSLStore=javax.mail.Provider[STORE,pop3s,com.sun.mail.pop3.POP3SSLStore,Sun Microsystems, Inc], com.sun.mail.imap.IMAPStore=javax.mail.Provider[STORE,imap,com.sun.mail.imap.IMAPStore,Sun Microsystems, Inc], com.sun.mail.pop3.POP3Store=javax.mail.Provider[STORE,pop3,com.sun.mail.pop3.POP3Store,Sun Microsystems, Inc]}
DEBUG: Providers Listed By Protocol: {imaps=javax.mail.Provider[STORE,imaps,com.sun.mail.imap.IMAPSSLStore,Sun Microsystems, Inc], imap=javax.mail.Provider[STORE,imap,com.sun.mail.imap.IMAPStore,Sun Microsystems, Inc], smtps=javax.mail.Provider[TRANSPORT,smtps,com.sun.mail.smtp.SMTPSSLTransport,Sun Microsystems, Inc], pop3=javax.mail.Provider[STORE,pop3,com.sun.mail.pop3.POP3Store,Sun Microsystems, Inc], pop3s=javax.mail.Provider[STORE,pop3s,com.sun.mail.pop3.POP3SSLStore,Sun Microsystems, Inc], smtp=javax.mail.Provider[TRANSPORT,smtp,com.sun.mail.smtp.SMTPTransport,Sun Microsystems, Inc]}
DEBUG: successfully loaded resource: /META-INF/javamail.default.address.map
Jan 09, 2018 10:40:20 AM org.jvnet.hudson.tools.versionnumber.VersionNumberCommon getPreviousBuildWithVersionNumber
INFO: Previous build's version-number: 'RC17.4-12.22'