Started by user [8mha:AAAAmh+LCAAAAAAAAP9b85aBtbiIQTGjNKU4P08vOT+vOD8nVc83PyU1x6OyILUoJzMv2y+/JJUBAhiZGBgqihhk0NSjKDWzXb3RdlLBUSYGJk8GtpzUvPSSDB8G5tKinBIGIZ+sxLJE/ZzEvHT94JKizLx0a6BxUmjGOUNodHsLgAyxEgY+/dLi1CL9gsSSktSi4iIA3PfCyMMAAAA=[0mPatterson, Rick (R.R.)
Building remotely on [8mha:AAAApx+LCAAAAAAAAP9b85aBtbiIQTGjNKU4P08vOT+vOD8nVc83PyU1x6OyILUoJzMv2y+/JJUBAhiZGBgqihhk0NSjKDWzXb3RdlLBUSYGJk8GtpzUvPSSDB8G5tKinBIGIZ+sxLJE/ZzEvHT94JKizLx0a6BxUmjGOUNodHsLgAzBEgZp/eT83ILSktQi/fLMvAozk/ji/JKSgtyknBRDAE3iutnQAAAA[0mwinx64_sottpmbld1 (mnc_winx64) in workspace c:\cygwin\local\builds\workspace\test shell call to windows cygwin machine
[test shell call to windows cygwin machine] $ cmd /c call C:\Users\build_user\AppData\Local\Temp\hudson1155026451201971472.bat

c:\cygwin\local\builds\workspace\test shell call to windows cygwin machine>echo hi 1 from .bat.  Do a set to look at path. 
hi 1 from .bat.  Do a set to look at path.

c:\cygwin\local\builds\workspace\test shell call to windows cygwin machine>set
ALLUSERSPROFILE=C:\ProgramData
APPDATA=C:\Users\build_user\AppData\Roaming
BASE=c:\cygwin\local\builds
BuildNumber=10.3.x.x
BUILD_DISPLAY_NAME=#8
BUILD_ID=2014-07-03_11-12-28
BUILD_NUMBER=8
BUILD_TAG=jenkins-test shell call to windows cygwin machine-8
BUILD_URL=http://<machine_name>.<company>.com:8080/job/test%20shell%20call%20to%20windows%20cygwin%20machine/8/
CANDLE_HOME=C:\IBM\ITM
CommonProgramFiles=C:\Program Files\Common Files
CommonProgramFiles(x86)=C:\Program Files (x86)\Common Files
CommonProgramW6432=C:\Program Files\Common Files
Component=your_component_here
COMPUTERNAME=SOTTPMBLD1
ComSpec=C:\Windows\system32\cmd.exe
EXECUTOR_NUMBER=1
FP_NO_HOST_CHECK=NO
Generation=monaco
HOMEDRIVE=C:
HOMEPATH=\Users\build_user
HUDSON_COOKIE=f29ebfe7-eb89-43af-99ab-9a42698a64dd
HUDSON_HOME=C:\Users\build_user\.jenkins
HUDSON_SERVER_COOKIE=872b0c6a90e6cbdf
HUDSON_URL=http://<machine_name>.<company>.com:8080
IB=pm_10.3
IBM_JAVA_COMMAND_LINE=D:\monaco\tools\win\jre\winx64h\bin64\jre\6.0\bin\javaw.exe -Xrs -jar c:\cygwin\local\builds\slave.jar -tcp c:\cygwin\local\builds\port.txt
JENKINS_HOME=C:\Users\build_user\.jenkins
JENKINS_SERVER_COOKIE=872b0c6a90e6cbdf
JENKINS_URL=http://<machine_name>.<company>.com:8080
JOB_NAME=test shell call to windows cygwin machine
JOB_URL=http:http://<machine_name>.<company>.com:8080/job/test%20shell%20call%20to%20windows%20cygwin%20machine/
KUIFILEPATH=C:\IBM\ITM\bin\xml
LIBPATH=C:\IBM\ITM\InstallITM;C:\IBM\ITM\TMAITM6
LOCALAPPDATA=C:\Users\build_user\AppData\Local
LOGONSERVER=\\CANLABDC5
NODE_LABELS=mnc_winx64 winx64_sottpmbld1
NODE_NAME=winx64_sottpmbld1
NUMBER_OF_PROCESSORS=40
OS=Windows_NT
Path=c:\cygwin\bin;c:\cygwin\bin;C:\Windows\system32;C:\Windows;C:\Windows\System32\Wbem;C:\Windows\System32\WindowsPowerShell\v1.0\;C:\Program Files (x86)\Microsoft SQL Server\100\Tools\Binn\;C:\Program Files\Microsoft SQL Server\100\Tools\Binn\;C:\Program Files\Microsoft SQL Server\100\DTS\Binn\;C:\IBM\ITM\bin;C:\IBM\ITM\InstallITM;C:\IBM\ITM\TMAITM6
PATHEXT=.COM;.EXE;.BAT;.CMD;.VBS;.VBE;.JS;.JSE;.WSF;.WSH;.MSC
PROCESSOR_ARCHITECTURE=AMD64
PROCESSOR_IDENTIFIER=Intel64 Family 6 Model 47 Stepping 2, GenuineIntel
PROCESSOR_LEVEL=6
PROCESSOR_REVISION=2f02
ProgramData=C:\ProgramData
ProgramFiles=C:\Program Files
ProgramFiles(x86)=C:\Program Files (x86)
ProgramW6432=C:\Program Files
Promote=promote
PROMPT=$P$G
PSModulePath=C:\Windows\system32\WindowsPowerShell\v1.0\Modules\
PUBLIC=C:\Users\Public
Stream=component_main
SystemDrive=C:
SystemRoot=C:\Windows
TEMP=C:\Users\build_user\AppData\Local\Temp
TMP=C:\Users\build_user\AppData\Local\Temp
USERDNSDOMAIN=CANLAB.IBM.COM
USERDOMAIN=CANLAB
USERNAME=build_user
USERPROFILE=C:\Users\build_user
VS100COMNTOOLS=C:\Program Files (x86)\Microsoft Visual Studio 10.0\Common7\Tools\
windir=C:\Windows
windows_tracing_flags=3
windows_tracing_logfile=C:\BVTBin\Tests\installpackage\csilogfile.log
WORKSPACE=c:\cygwin\local\builds\workspace\test shell call to windows cygwin machine

c:\cygwin\local\builds\workspace\test shell call to windows cygwin machine>echo hi 2 from .bat after set command showing Cygwin is in the path.  Now call Cygwin sh. 
hi 2 from .bat after set command showing Cygwin is in the path.  Now call Cygwin sh.

c:\cygwin\local\builds\workspace\test shell call to windows cygwin machine>sh -c "echo hi 3 from a Cygwin shell under .bat" 
hi 3 from a Cygwin shell under .bat

c:\cygwin\local\builds\workspace\test shell call to windows cygwin machine>echo bye, sh call is over 
bye, sh call is over

c:\cygwin\local\builds\workspace\test shell call to windows cygwin machine>exit 0 
[test shell call to windows cygwin machine] $ sh -xe C:\Users\build_user\AppData\Local\Temp\hudson2056278742015919827.sh
The system cannot find the file specified
FATAL: command execution failed
[8mha:AAAAWB+LCAAAAAAAAP9b85aBtbiIQSmjNKU4P08vOT+vOD8nVc8DzHWtSE4tKMnMz/PLL0ldFVf2c+b/lb5MDAwVRQxSaBqcITRIIQMEMIIUFgAAckCEiWAAAAA=[0mjava.io.IOException: Cannot run program "sh" (in directory "c:\cygwin\local\builds\workspace\test shell call to windows cygwin machine"): CreateProcess error=2, The system cannot find the file specified.
	at java.lang.ProcessBuilder.start(ProcessBuilder.java:471)
	at hudson.Proc$LocalProc.<init>(Proc.java:244)
	at hudson.Proc$LocalProc.<init>(Proc.java:216)
	at hudson.Launcher$LocalLauncher.launch(Launcher.java:773)
	at hudson.Launcher$ProcStarter.start(Launcher.java:353)
	at hudson.Launcher$RemoteLaunchCallable.call(Launcher.java:1023)
	at hudson.Launcher$RemoteLaunchCallable.call(Launcher.java:990)
	at hudson.remoting.UserRequest.perform(UserRequest.java:118)
	at hudson.remoting.UserRequest.perform(UserRequest.java:48)
	at hudson.remoting.Request$2.run(Request.java:328)
	at hudson.remoting.InterceptingExecutorService$1.call(InterceptingExecutorService.java:72)
	at java.util.concurrent.FutureTask$Sync.innerRun(FutureTask.java:314)
	at java.util.concurrent.FutureTask.run(FutureTask.java:149)
	at java.util.concurrent.ThreadPoolExecutor$Worker.runTask(ThreadPoolExecutor.java:897)
	at java.util.concurrent.ThreadPoolExecutor$Worker.run(ThreadPoolExecutor.java:919)
	at java.lang.Thread.run(Thread.java:738)
Caused by: java.io.IOException: CreateProcess error=2, The system cannot find the file specified.
	at java.lang.ProcessImpl.create(Native Method)
	at java.lang.ProcessImpl.<init>(ProcessImpl.java:92)
	at java.lang.ProcessImpl.start(ProcessImpl.java:41)
	at java.lang.ProcessBuilder.start(ProcessBuilder.java:464)
	... 15 more
Build step 'Execute shell' marked build as failure
Finished: FAILURE
