[2023-06-07T11:53:34.573Z] + docker inspect -f . rockylinux:9
[2023-06-07T11:53:34.573Z] Error: inspecting object: no such object: "rockylinux:9"
[2023-06-07T11:53:34.588Z] [Pipeline] isUnix
[2023-06-07T11:53:34.596Z] [Pipeline] withEnv
[2023-06-07T11:53:34.598Z] [Pipeline] {
[2023-06-07T11:53:34.611Z] [Pipeline] sh
[2023-06-07T11:53:34.889Z] + docker pull rockylinux:9
[2023-06-07T11:53:34.889Z] Resolved "rockylinux" as an alias (/etc/containers/registries.conf.d/000-shortnames.conf)
[2023-06-07T11:53:34.889Z] Trying to pull docker.io/library/rockylinux:9...
[2023-06-07T11:53:34.049Z]  > git rev-parse HEAD^{commit} # timeout=10
[2023-06-07T11:53:36.790Z] Getting image source signatures
[2023-06-07T11:53:36.790Z] Copying blob sha256:1a5eb4db170197a9e7a55f381fc96161adb457b9147b368ea5e8064b786165b8
[2023-06-07T11:53:40.976Z] Copying config sha256:eeea865f4111bd48e16801554f44adf2db2fa4cb87a98ff7470d6de6be49fc15
[2023-06-07T11:53:40.976Z] Writing manifest to image destination
[2023-06-07T11:53:40.976Z] Storing signatures
[2023-06-07T11:53:40.976Z] eeea865f4111bd48e16801554f44adf2db2fa4cb87a98ff7470d6de6be49fc15
[2023-06-07T11:53:40.991Z] [Pipeline] }
[2023-06-07T11:53:41.012Z] [Pipeline] // withEnv
[2023-06-07T11:53:41.018Z] [Pipeline] }
[2023-06-07T11:53:41.033Z] [Pipeline] // withEnv
[2023-06-07T11:53:41.042Z] [Pipeline] withDockerContainer
[2023-06-07T11:53:41.128Z] Tester2 does not seem to be running inside a container
[2023-06-07T11:53:41.160Z] $ docker run -t -d -u 71426:71426 --syslog --log-level debug -w /var/tmp/jenkins/workspace/grant_pgsql_master -v /var/tmp/jenkins/workspace/grant_pgsql_master:/var/tmp/jenkins/workspace/grant_pgsql_master:rw,z -v /var/tmp/jenkins/workspace/grant_pgsql_master@tmp:/var/tmp/jenkins/workspace/grant_pgsql_master@tmp:rw,z -e ******** -e ******** -e ******** -e ******** -e ******** -e ******** -e ******** -e ******** -e ******** -e ******** -e ******** -e ******** -e ******** -e ******** -e ******** -e ******** -e ******** -e ******** -e ******** -e ******** -e ******** -e ******** -e ******** -e ******** -e ******** -e ******** -e ******** -e ******** -e ******** -e ******** -e ******** -e ******** -e ******** -e ******** -e ******** -e ******** rockylinux:9 cat
[2023-06-07T11:53:41.776Z] [Pipeline] // withDockerContainer
[2023-06-07T11:53:41.782Z] [Pipeline] }
[2023-06-07T11:53:41.809Z] [Pipeline] // withEnv
[2023-06-07T11:53:41.818Z] [Pipeline] }
[2023-06-07T11:53:41.848Z] [Pipeline] // node
[2023-06-07T11:53:41.859Z] [Pipeline] stage
[2023-06-07T11:53:41.861Z] [Pipeline] { (Declarative: Post Actions)
[2023-06-07T11:53:41.884Z] [Pipeline] script
[2023-06-07T11:53:41.888Z] [Pipeline] {
[2023-06-07T11:53:41.900Z] [Pipeline] sh
[2023-06-07T11:53:41.904Z] [Pipeline] }
[2023-06-07T11:53:41.925Z] [Pipeline] // script
[2023-06-07T11:53:41.932Z] Error when executing always post condition:
[2023-06-07T11:53:41.932Z] Also:   org.jenkinsci.plugins.workflow.actions.ErrorAction$ErrorId: 7c139821-35aa-4a39-951c-e0494b753b90
[2023-06-07T11:53:41.932Z] org.jenkinsci.plugins.workflow.steps.MissingContextVariableException: Required context class hudson.FilePath is missing
[2023-06-07T11:53:41.932Z] Perhaps you forgot to surround the code with a step that provides this, such as: node
[2023-06-07T11:53:41.932Z] 	at org.jenkinsci.plugins.workflow.steps.StepDescriptor.checkContextAvailability(StepDescriptor.java:265)
[2023-06-07T11:53:41.932Z] 	at org.jenkinsci.plugins.workflow.cps.DSL.invokeStep(DSL.java:299)
[2023-06-07T11:53:41.932Z] 	at org.jenkinsci.plugins.workflow.cps.DSL.invokeMethod(DSL.java:196)
[2023-06-07T11:53:41.932Z] 	at org.jenkinsci.plugins.workflow.cps.CpsScript.invokeMethod(CpsScript.java:124)
[2023-06-07T11:53:41.932Z] 	at jdk.internal.reflect.GeneratedMethodAccessor578.invoke(Unknown Source)
[2023-06-07T11:53:41.932Z] 	at java.base/jdk.internal.reflect.DelegatingMethodAccessorImpl.invoke(DelegatingMethodAccessorImpl.java:43)
[2023-06-07T11:53:41.932Z] 	at java.base/java.lang.reflect.Method.invoke(Method.java:568)
[2023-06-07T11:53:41.932Z] 	at org.codehaus.groovy.reflection.CachedMethod.invoke(CachedMethod.java:98)
[2023-06-07T11:53:41.932Z] 	at groovy.lang.MetaMethod.doMethodInvoke(MetaMethod.java:325)
[2023-06-07T11:53:41.932Z] 	at groovy.lang.MetaClassImpl.invokeMethod(MetaClassImpl.java:1225)
[2023-06-07T11:53:41.932Z] 	at groovy.lang.MetaClassImpl.invokeMethod(MetaClassImpl.java:1034)
[2023-06-07T11:53:41.932Z] 	at org.codehaus.groovy.runtime.callsite.PogoMetaClassSite.call(PogoMetaClassSite.java:41)
[2023-06-07T11:53:41.932Z] 	at org.codehaus.groovy.runtime.callsite.CallSiteArray.defaultCall(CallSiteArray.java:47)
[2023-06-07T11:53:41.932Z] 	at org.codehaus.groovy.runtime.callsite.AbstractCallSite.call(AbstractCallSite.java:116)
[2023-06-07T11:53:41.932Z] 	at org.kohsuke.groovy.sandbox.impl.Checker$1.call(Checker.java:180)
[2023-06-07T11:53:41.932Z] 	at org.kohsuke.groovy.sandbox.GroovyInterceptor.onMethodCall(GroovyInterceptor.java:23)
[2023-06-07T11:53:41.932Z] 	at org.jenkinsci.plugins.scriptsecurity.sandbox.groovy.SandboxInterceptor.onMethodCall(SandboxInterceptor.java:163)
[2023-06-07T11:53:41.932Z] 	at org.kohsuke.groovy.sandbox.impl.Checker$1.call(Checker.java:178)
[2023-06-07T11:53:41.932Z] 	at org.kohsuke.groovy.sandbox.impl.Checker.checkedCall(Checker.java:182)
[2023-06-07T11:53:41.932Z] 	at org.kohsuke.groovy.sandbox.impl.Checker.checkedCall(Checker.java:152)
[2023-06-07T11:53:41.932Z] 	at org.kohsuke.groovy.sandbox.impl.Checker.checkedCall(Checker.java:152)
[2023-06-07T11:53:41.932Z] 	at com.cloudbees.groovy.cps.sandbox.SandboxInvoker.methodCall(SandboxInvoker.java:17)
[2023-06-07T11:53:41.932Z] 	at WorkflowScript.run(WorkflowScript:168)
[2023-06-07T11:53:41.932Z] 	at ___cps.transform___(Native Method)
[2023-06-07T11:53:41.932Z] 	at com.cloudbees.groovy.cps.impl.ContinuationGroup.methodCall(ContinuationGroup.java:90)
[2023-06-07T11:53:41.932Z] 	at com.cloudbees.groovy.cps.impl.FunctionCallBlock$ContinuationImpl.dispatchOrArg(FunctionCallBlock.java:116)
[2023-06-07T11:53:41.932Z] 	at com.cloudbees.groovy.cps.impl.FunctionCallBlock$ContinuationImpl.fixArg(FunctionCallBlock.java:85)
[2023-06-07T11:53:41.932Z] 	at jdk.internal.reflect.GeneratedMethodAccessor234.invoke(Unknown Source)
[2023-06-07T11:53:41.932Z] 	at java.base/jdk.internal.reflect.DelegatingMethodAccessorImpl.invoke(DelegatingMethodAccessorImpl.java:43)
[2023-06-07T11:53:41.932Z] 	at java.base/java.lang.reflect.Method.invoke(Method.java:568)
[2023-06-07T11:53:41.932Z] 	at com.cloudbees.groovy.cps.impl.ContinuationPtr$ContinuationImpl.receive(ContinuationPtr.java:72)
[2023-06-07T11:53:41.932Z] 	at com.cloudbees.groovy.cps.impl.ConstantBlock.eval(ConstantBlock.java:21)
[2023-06-07T11:53:41.932Z] 	at com.cloudbees.groovy.cps.Next.step(Next.java:83)
[2023-06-07T11:53:41.932Z] 	at com.cloudbees.groovy.cps.Continuable$1.call(Continuable.java:152)
[2023-06-07T11:53:41.932Z] 	at com.cloudbees.groovy.cps.Continuable$1.call(Continuable.java:146)
[2023-06-07T11:53:41.932Z] 	at org.codehaus.groovy.runtime.GroovyCategorySupport$ThreadCategoryInfo.use(GroovyCategorySupport.java:136)
[2023-06-07T11:53:41.932Z] 	at org.codehaus.groovy.runtime.GroovyCategorySupport.use(GroovyCategorySupport.java:275)
[2023-06-07T11:53:41.932Z] 	at com.cloudbees.groovy.cps.Continuable.run0(Continuable.java:146)
[2023-06-07T11:53:41.932Z] 	at org.jenkinsci.plugins.workflow.cps.SandboxContinuable.access$001(SandboxContinuable.java:18)
[2023-06-07T11:53:41.932Z] 	at org.jenkinsci.plugins.workflow.cps.SandboxContinuable.run0(SandboxContinuable.java:51)
[2023-06-07T11:53:41.932Z] 	at org.jenkinsci.plugins.workflow.cps.CpsThread.runNextChunk(CpsThread.java:187)
[2023-06-07T11:53:41.932Z] 	at org.jenkinsci.plugins.workflow.cps.CpsThreadGroup.run(CpsThreadGroup.java:420)
[2023-06-07T11:53:41.932Z] 	at org.jenkinsci.plugins.workflow.cps.CpsThreadGroup$2.call(CpsThreadGroup.java:330)
[2023-06-07T11:53:41.932Z] 	at org.jenkinsci.plugins.workflow.cps.CpsThreadGroup$2.call(CpsThreadGroup.java:294)
[2023-06-07T11:53:41.932Z] 	at org.jenkinsci.plugins.workflow.cps.CpsVmExecutorService$2.call(CpsVmExecutorService.java:67)
[2023-06-07T11:53:41.932Z] 	at java.base/java.util.concurrent.FutureTask.run(FutureTask.java:264)
[2023-06-07T11:53:41.932Z] 	at hudson.remoting.SingleLaneExecutorService$1.run(SingleLaneExecutorService.java:139)
[2023-06-07T11:53:41.932Z] 	at jenkins.util.ContextResettingExecutorService$1.run(ContextResettingExecutorService.java:28)
[2023-06-07T11:53:41.932Z] 	at jenkins.security.ImpersonatingExecutorService$1.run(ImpersonatingExecutorService.java:68)
[2023-06-07T11:53:41.932Z] 	at jenkins.util.ErrorLoggingExecutorService.lambda$wrap$0(ErrorLoggingExecutorService.java:51)
[2023-06-07T11:53:41.932Z] 	at java.base/java.util.concurrent.Executors$RunnableAdapter.call(Executors.java:539)
[2023-06-07T11:53:41.932Z] 	at java.base/java.util.concurrent.FutureTask.run(FutureTask.java:264)
[2023-06-07T11:53:41.932Z] 	at java.base/java.util.concurrent.ThreadPoolExecutor.runWorker(ThreadPoolExecutor.java:1136)
[2023-06-07T11:53:41.932Z] 	at java.base/java.util.concurrent.ThreadPoolExecutor$Worker.run(ThreadPoolExecutor.java:635)
[2023-06-07T11:53:41.932Z] 	at java.base/java.lang.Thread.run(Thread.java:833)
[2023-06-07T11:53:41.932Z] 
[2023-06-07T11:53:41.939Z] [Pipeline] echo
[2023-06-07T11:53:41.940Z] Aufr√§umen
[2023-06-07T11:53:41.944Z] [Pipeline] cleanWs
[2023-06-07T11:53:41.958Z] Error when executing cleanup post condition:
[2023-06-07T11:53:41.958Z] Also:   org.jenkinsci.plugins.workflow.actions.ErrorAction$ErrorId: ca215114-4b2c-4f92-b10b-dc0c1d2ada70
[2023-06-07T11:53:41.958Z] org.jenkinsci.plugins.workflow.steps.MissingContextVariableException: Required context class hudson.FilePath is missing
[2023-06-07T11:53:41.958Z] Perhaps you forgot to surround the code with a step that provides this, such as: node
[2023-06-07T11:53:41.958Z] 	at org.jenkinsci.plugins.workflow.steps.CoreStep$Execution.run(CoreStep.java:90)
[2023-06-07T11:53:41.958Z] 	at org.jenkinsci.plugins.workflow.steps.CoreStep$Execution.run(CoreStep.java:71)
[2023-06-07T11:53:41.958Z] 	at org.jenkinsci.plugins.workflow.steps.SynchronousNonBlockingStepExecution.lambda$start$0(SynchronousNonBlockingStepExecution.java:47)
[2023-06-07T11:53:41.958Z] 	at java.base/java.util.concurrent.Executors$RunnableAdapter.call(Executors.java:539)
[2023-06-07T11:53:41.958Z] 	at java.base/java.util.concurrent.FutureTask.run(FutureTask.java:264)
[2023-06-07T11:53:41.958Z] 	at java.base/java.util.concurrent.ThreadPoolExecutor.runWorker(ThreadPoolExecutor.java:1136)
[2023-06-07T11:53:41.958Z] 	at java.base/java.util.concurrent.ThreadPoolExecutor$Worker.run(ThreadPoolExecutor.java:635)
[2023-06-07T11:53:41.958Z] 	at java.base/java.lang.Thread.run(Thread.java:833)
[2023-06-07T11:53:41.958Z] 
[2023-06-07T11:53:41.959Z] [Pipeline] }
[2023-06-07T11:53:41.977Z] [Pipeline] // stage
[2023-06-07T11:53:41.988Z] [Pipeline] End of Pipeline
[2023-06-07T11:53:41.999Z] Also:   org.jenkinsci.plugins.workflow.actions.ErrorAction$ErrorId: 34821de9-3896-4e78-99fa-ccda742d3be5
[2023-06-07T11:53:41.999Z] java.io.IOException: Failed to run image 'rockylinux:9'. Error: time="2023-06-07T13:53:41+02:00" level=info msg="/usr/bin/podman filtering at log level debug"
[2023-06-07T11:53:41.999Z] time="2023-06-07T13:53:41+02:00" level=debug msg="Called run.PersistentPreRunE(/usr/bin/podman run -t -d -u 71426:71426 --syslog --log-level debug -w /var/tmp/jenkins/workspace/grant_pgsql_master -v /var/tmp/jenkins/workspace/grant_pgsql_master:/var/tmp/jenkins/workspace/grant_pgsql_master:rw,z -v /var/tmp/jenkins/workspace/grant_pgsql_master@tmp:/var/tmp/jenkins/workspace/grant_pgsql_master@tmp:rw,z -e BRANCH_NAME=master -e BUILD_DISPLAY_NAME=#208 -e BUILD_ID=208 -e BUILD_NUMBER=208 -e BUILD_TAG=jenkins-grant_pgsql-master-208 -e BUILD_URL=https://jenkins.foo.foo/job/grant_pgsql/job/master/208/ -e CI=true -e CLASSPATH= -e EXECUTOR_NUMBER=0 -e GIT_BRANCH=master -e GIT_COMMIT=722cb8232d6253036f038313e918c674a961703c -e GIT_PREVIOUS_COMMIT=6b3621a6f3ca90c8225803b7ad2651be6589a13c -e GIT_PREVIOUS_SUCCESSFUL_COMMIT=cd2b0cb0724ee70509ea0a411bc557f1fe9ffc33 -e GIT_URL=https://git.foo.foo/scm/applications/grant_pgsql.git -e http_proxy=http://proxy.foo.foo:8080 -e https_proxy=http://proxy.foo.foo:8080 -e HUDSON_HOME=/var/lib/jenkins -e HUDSON_SERVER_COOKIE=2d2111f8d69122e1 -e HUDSON_URL=https://jenkins.foo.foo/ -e JENKINS_HOME=/var/lib/jenkins -e JENKINS_NODE_COOKIE=efe4d8a0-a45f-4310-b188-8b2c4ba2ff4a -e JENKINS_SERVER_COOKIE=2d2111f8d69122e1 -e JENKINS_URL=https://jenkins.foo.foo/ -e JOB_BASE_NAME=master -e JOB_DISPLAY_URL=https://jenkins.foo.foo/job/grant_pgsql/job/master/display/redirect -e JOB_NAME=grant_pgsql/master -e JOB_URL=https://jenkins.foo.foo/job/grant_pgsql/job/master/ -e library.centos.version=master -e NODE_LABELS=Tester2 -e NODE_NAME=Tester2 -e RUN_ARTIFACTS_DISPLAY_URL=https://jenkins.foo.foo/job/grant_pgsql/job/master/208/display/redirect?page=artifacts -e RUN_CHANGES_DISPLAY_URL=https://jenkins.foo.foo/job/grant_pgsql/job/master/208/display/redirect?page=changes -e RUN_DISPLAY_URL=https://jenkins.foo.foo/job/grant_pgsql/job/master/208/display/redirect -e RUN_TESTS_DISPLAY_URL=https://jenkins.foo.foo/job/grant_pgsql/job/master/208/display/redirect?page=tests -e WORKSPACE=/var/tmp/jenkins/workspace/grant_pgsql_master -e WORKSPACE_TMP=/var/tmp/jenkins/workspace/grant_pgsql_master@tmp rockylinux:9 cat)"
[2023-06-07T11:53:41.999Z] time="2023-06-07T13:53:41+02:00" level=debug msg="Using conmon: \"/usr/bin/conmon\""
[2023-06-07T11:53:41.999Z] time="2023-06-07T13:53:41+02:00" level=debug msg="Initializing boltdb state at /var/tmp/jenkins/.local/share/containers/storage/libpod/bolt_state.db"
[2023-06-07T11:53:41.999Z] time="2023-06-07T13:53:41+02:00" level=debug msg="systemd-logind: Unknown object '/'."
[2023-06-07T11:53:41.999Z] time="2023-06-07T13:53:41+02:00" level=debug msg="Using graph driver overlay"
[2023-06-07T11:53:41.999Z] time="2023-06-07T13:53:41+02:00" level=debug msg="Using graph root /var/tmp/jenkins/.local/share/containers/storage"
[2023-06-07T11:53:41.999Z] time="2023-06-07T13:53:41+02:00" level=debug msg="Using run root /run/user/71426/containers"
[2023-06-07T11:53:41.999Z] time="2023-06-07T13:53:41+02:00" level=debug msg="Using static dir /var/tmp/jenkins/.local/share/containers/storage/libpod"
[2023-06-07T11:53:41.999Z] time="2023-06-07T13:53:41+02:00" level=debug msg="Using tmp dir /run/user/71426/libpod/tmp"
[2023-06-07T11:53:41.999Z] time="2023-06-07T13:53:41+02:00" level=debug msg="Using volume path /var/tmp/jenkins/.local/share/containers/storage/volumes"
[2023-06-07T11:53:41.999Z] time="2023-06-07T13:53:41+02:00" level=debug msg="Using transient store: false"
[2023-06-07T11:53:41.999Z] time="2023-06-07T13:53:41+02:00" level=debug msg="Set libpod namespace to \"\""
[2023-06-07T11:53:41.999Z] time="2023-06-07T13:53:41+02:00" level=debug msg="[graphdriver] trying provided driver \"overlay\""
[2023-06-07T11:53:41.999Z] time="2023-06-07T13:53:41+02:00" level=debug msg="Cached value indicated that overlay is supported"
[2023-06-07T11:53:41.999Z] time="2023-06-07T13:53:41+02:00" level=debug msg="Cached value indicated that overlay is supported"
[2023-06-07T11:53:41.999Z] time="2023-06-07T13:53:41+02:00" level=debug msg="Cached value indicated that metacopy is not being used"
[2023-06-07T11:53:41.999Z] time="2023-06-07T13:53:41+02:00" level=debug msg="Cached value indicated that native-diff is usable"
[2023-06-07T11:53:41.999Z] time="2023-06-07T13:53:41+02:00" level=debug msg="backingFs=xfs, projectQuotaSupported=false, useNativeDiff=true, usingMetacopy=false"
[2023-06-07T11:53:41.999Z] time="2023-06-07T13:53:41+02:00" level=debug msg="Initializing event backend journald"
[2023-06-07T11:53:41.999Z] time="2023-06-07T13:53:41+02:00" level=debug msg="Configured OCI runtime crun-wasm initialization failed: no valid executable found for OCI runtime crun-wasm: invalid argument"
[2023-06-07T11:53:41.999Z] time="2023-06-07T13:53:41+02:00" level=debug msg="Configured OCI runtime ocijail initialization failed: no valid executable found for OCI runtime ocijail: invalid argument"
[2023-06-07T11:53:41.999Z] time="2023-06-07T13:53:41+02:00" level=debug msg="Configured OCI runtime krun initialization failed: no valid executable found for OCI runtime krun: invalid argument"
[2023-06-07T11:53:41.999Z] time="2023-06-07T13:53:41+02:00" level=debug msg="Configured OCI runtime runc initialization failed: no valid executable found for OCI runtime runc: invalid argument"
[2023-06-07T11:53:41.999Z] time="2023-06-07T13:53:41+02:00" level=debug msg="Configured OCI runtime runj initialization failed: no valid executable found for OCI runtime runj: invalid argument"
[2023-06-07T11:53:41.999Z] time="2023-06-07T13:53:41+02:00" level=debug msg="Configured OCI runtime kata initialization failed: no valid executable found for OCI runtime kata: invalid argument"
[2023-06-07T11:53:41.999Z] time="2023-06-07T13:53:41+02:00" level=debug msg="Configured OCI runtime runsc initialization failed: no valid executable found for OCI runtime runsc: invalid argument"
[2023-06-07T11:53:41.999Z] time="2023-06-07T13:53:41+02:00" level=debug msg="Configured OCI runtime youki initialization failed: no valid executable found for OCI runtime youki: invalid argument"
[2023-06-07T11:53:41.999Z] time="2023-06-07T13:53:41+02:00" level=debug msg="Using OCI runtime \"/usr/bin/crun\""
[2023-06-07T11:53:41.999Z] time="2023-06-07T13:53:41+02:00" level=info msg="Setting parallel job count to 61"
[2023-06-07T11:53:41.999Z] time="2023-06-07T13:53:41+02:00" level=debug msg="Successfully loaded 1 networks"
[2023-06-07T11:53:41.999Z] time="2023-06-07T13:53:41+02:00" level=debug msg="Pulling image rockylinux:9 (policy: missing)"
[2023-06-07T11:53:41.999Z] time="2023-06-07T13:53:41+02:00" level=debug msg="Looking up image \"rockylinux:9\" in local containers storage"
[2023-06-07T11:53:41.999Z] time="2023-06-07T13:53:41+02:00" level=debug msg="Normalized platform linux/amd64 to {amd64 linux  [] }"
[2023-06-07T11:53:41.999Z] time="2023-06-07T13:53:41+02:00" level=debug msg="Loading registries configuration \"/etc/containers/registries.conf\""
[2023-06-07T11:53:41.999Z] time="2023-06-07T13:53:41+02:00" level=debug msg="Loading registries configuration \"/etc/containers/registries.conf.d/000-shortnames.conf\""
[2023-06-07T11:53:41.999Z] time="2023-06-07T13:53:41+02:00" level=debug msg="Loading registries configuration \"/etc/containers/registries.conf.d/001-rhel-shortnames.conf\""
[2023-06-07T11:53:41.999Z] time="2023-06-07T13:53:41+02:00" level=debug msg="Loading registries configuration \"/etc/containers/registries.conf.d/002-rhel-shortnames-overrides.conf\""
[2023-06-07T11:53:41.999Z] time="2023-06-07T13:53:41+02:00" level=debug msg="Trying \"docker.io/library/rockylinux:9\" ..."
[2023-06-07T11:53:41.999Z] time="2023-06-07T13:53:41+02:00" level=debug msg="parsed reference into \"[overlay@/var/tmp/jenkins/.local/share/containers/storage+/run/user/71426/containers]@eeea865f4111bd48e16801554f44adf2db2fa4cb87a98ff7470d6de6be49fc15\""
[2023-06-07T11:53:41.999Z] time="2023-06-07T13:53:41+02:00" level=debug msg="Found image \"rockylinux:9\" as \"docker.io/library/rockylinux:9\" in local containers storage"
[2023-06-07T11:53:41.999Z] time="2023-06-07T13:53:41+02:00" level=debug msg="Found image \"rockylinux:9\" as \"docker.io/library/rockylinux:9\" in local containers storage ([overlay@/var/tmp/jenkins/.local/share/containers/storage+/run/user/71426/containers]@eeea865f4111bd48e16801554f44adf2db2fa4cb87a98ff7470d6de6be49fc15)"
[2023-06-07T11:53:41.999Z] time="2023-06-07T13:53:41+02:00" level=debug msg="exporting opaque data as blob \"sha256:eeea865f4111bd48e16801554f44adf2db2fa4cb87a98ff7470d6de6be49fc15\""
[2023-06-07T11:53:41.999Z] time="2023-06-07T13:53:41+02:00" level=debug msg="Looking up image \"docker.io/library/rockylinux:9\" in local containers storage"
[2023-06-07T11:53:41.999Z] time="2023-06-07T13:53:41+02:00" level=debug msg="Normalized platform linux/amd64 to {amd64 linux  [] }"
[2023-06-07T11:53:41.999Z] time="2023-06-07T13:53:41+02:00" level=debug msg="Trying \"docker.io/library/rockylinux:9\" ..."
[2023-06-07T11:53:41.999Z] time="2023-06-07T13:53:41+02:00" level=debug msg="parsed reference into \"[overlay@/var/tmp/jenkins/.local/share/containers/storage+/run/user/71426/containers]@eeea865f4111bd48e16801554f44adf2db2fa4cb87a98ff7470d6de6be49fc15\""
[2023-06-07T11:53:41.999Z] time="2023-06-07T13:53:41+02:00" level=debug msg="Found image \"docker.io/library/rockylinux:9\" as \"docker.io/library/rockylinux:9\" in local containers storage"
[2023-06-07T11:53:41.999Z] time="2023-06-07T13:53:41+02:00" level=debug msg="Found image \"docker.io/library/rockylinux:9\" as \"docker.io/library/rockylinux:9\" in local containers storage ([overlay@/var/tmp/jenkins/.local/share/containers/storage+/run/user/71426/containers]@eeea865f4111bd48e16801554f44adf2db2fa4cb87a98ff7470d6de6be49fc15)"
[2023-06-07T11:53:41.999Z] time="2023-06-07T13:53:41+02:00" level=debug msg="exporting opaque data as blob \"sha256:eeea865f4111bd48e16801554f44adf2db2fa4cb87a98ff7470d6de6be49fc15\""
[2023-06-07T11:53:41.999Z] time="2023-06-07T13:53:41+02:00" level=debug msg="User mount /var/tmp/jenkins/workspace/grant_pgsql_master:/var/tmp/jenkins/workspace/grant_pgsql_master options [rw z]"
[2023-06-07T11:53:41.999Z] time="2023-06-07T13:53:41+02:00" level=debug msg="User mount /var/tmp/jenkins/workspace/grant_pgsql_master@tmp:/var/tmp/jenkins/workspace/grant_pgsql_master@tmp options [rw z]"
[2023-06-07T11:53:41.999Z] time="2023-06-07T13:53:41+02:00" level=debug msg="Looking up image \"rockylinux:9\" in local containers storage"
[2023-06-07T11:53:41.999Z] time="2023-06-07T13:53:41+02:00" level=debug msg="Normalized platform linux/amd64 to {amd64 linux  [] }"
[2023-06-07T11:53:41.999Z] time="2023-06-07T13:53:41+02:00" level=debug msg="Trying \"docker.io/library/rockylinux:9\" ..."
[2023-06-07T11:53:41.999Z] time="2023-06-07T13:53:41+02:00" level=debug msg="parsed reference into \"[overlay@/var/tmp/jenkins/.local/share/containers/storage+/run/user/71426/containers]@eeea865f4111bd48e16801554f44adf2db2fa4cb87a98ff7470d6de6be49fc15\""
[2023-06-07T11:53:41.999Z] time="2023-06-07T13:53:41+02:00" level=debug msg="Found image \"rockylinux:9\" as \"docker.io/library/rockylinux:9\" in local containers storage"
[2023-06-07T11:53:41.999Z] time="2023-06-07T13:53:41+02:00" level=debug msg="Found image \"rockylinux:9\" as \"docker.io/library/rockylinux:9\" in local containers storage ([overlay@/var/tmp/jenkins/.local/share/containers/storage+/run/user/71426/containers]@eeea865f4111bd48e16801554f44adf2db2fa4cb87a98ff7470d6de6be49fc15)"
[2023-06-07T11:53:41.999Z] time="2023-06-07T13:53:41+02:00" level=debug msg="exporting opaque data as blob \"sha256:eeea865f4111bd48e16801554f44adf2db2fa4cb87a98ff7470d6de6be49fc15\""
[2023-06-07T11:53:41.999Z] time="2023-06-07T13:53:41+02:00" level=debug msg="Inspecting image eeea865f4111bd48e16801554f44adf2db2fa4cb87a98ff7470d6de6be49fc15"
[2023-06-07T11:53:41.999Z] time="2023-06-07T13:53:41+02:00" level=debug msg="exporting opaque data as blob \"sha256:eeea865f4111bd48e16801554f44adf2db2fa4cb87a98ff7470d6de6be49fc15\""
[2023-06-07T11:53:41.999Z] time="2023-06-07T13:53:41+02:00" level=debug msg="exporting opaque data as blob \"sha256:eeea865f4111bd48e16801554f44adf2db2fa4cb87a98ff7470d6de6be49fc15\""
[2023-06-07T11:53:41.999Z] time="2023-06-07T13:53:41+02:00" level=debug msg="Inspecting image eeea865f4111bd48e16801554f44adf2db2fa4cb87a98ff7470d6de6be49fc15"
[2023-06-07T11:53:41.999Z] time="2023-06-07T13:53:41+02:00" level=debug msg="Inspecting image eeea865f4111bd48e16801554f44adf2db2fa4cb87a98ff7470d6de6be49fc15"
[2023-06-07T11:53:41.999Z] time="2023-06-07T13:53:41+02:00" level=debug msg="Inspecting image eeea865f4111bd48e16801554f44adf2db2fa4cb87a98ff7470d6de6be49fc15"
[2023-06-07T11:53:41.999Z] time="2023-06-07T13:53:41+02:00" level=debug msg="Inspecting image eeea865f4111bd48e16801554f44adf2db2fa4cb87a98ff7470d6de6be49fc15"
[2023-06-07T11:53:41.999Z] time="2023-06-07T13:53:41+02:00" level=debug msg="using systemd mode: false"
[2023-06-07T11:53:41.999Z] time="2023-06-07T13:53:41+02:00" level=debug msg="No hostname set; container's hostname will default to runtime default"
[2023-06-07T11:53:41.999Z] time="2023-06-07T13:53:41+02:00" level=debug msg="Loading seccomp profile from \"/usr/share/containers/seccomp.json\""
[2023-06-07T11:53:41.999Z] time="2023-06-07T13:53:41+02:00" level=debug msg="Adding mount /proc"
[2023-06-07T11:53:41.999Z] time="2023-06-07T13:53:41+02:00" level=debug msg="Adding mount /dev"
[2023-06-07T11:53:41.999Z] time="2023-06-07T13:53:41+02:00" level=debug msg="Adding mount /dev/pts"
[2023-06-07T11:53:42.000Z] time="2023-06-07T13:53:41+02:00" level=debug msg="Adding mount /dev/mqueue"
[2023-06-07T11:53:42.000Z] time="2023-06-07T13:53:41+02:00" level=debug msg="Adding mount /sys"
[2023-06-07T11:53:42.000Z] time="2023-06-07T13:53:41+02:00" level=debug msg="Adding mount /sys/fs/cgroup"
[2023-06-07T11:53:42.000Z] time="2023-06-07T13:53:41+02:00" level=debug msg="Allocated lock 14 for container d525de0149549fd6f2e0a039de2ce3ac621e1a339b9e660c9c921f71cc2e46a6"
[2023-06-07T11:53:42.000Z] time="2023-06-07T13:53:41+02:00" level=debug msg="parsed reference into \"[overlay@/var/tmp/jenkins/.local/share/containers/storage+/run/user/71426/containers]@eeea865f4111bd48e16801554f44adf2db2fa4cb87a98ff7470d6de6be49fc15\""
[2023-06-07T11:53:42.000Z] time="2023-06-07T13:53:41+02:00" level=debug msg="exporting opaque data as blob \"sha256:eeea865f4111bd48e16801554f44adf2db2fa4cb87a98ff7470d6de6be49fc15\""
[2023-06-07T11:53:42.000Z] time="2023-06-07T13:53:41+02:00" level=debug msg="Cached value indicated that idmapped mounts for overlay are not supported"
[2023-06-07T11:53:42.000Z] time="2023-06-07T13:53:41+02:00" level=debug msg="Check for idmapped mounts support "
[2023-06-07T11:53:42.000Z] time="2023-06-07T13:53:41+02:00" level=debug msg="Created container \"d525de0149549fd6f2e0a039de2ce3ac621e1a339b9e660c9c921f71cc2e46a6\""
[2023-06-07T11:53:42.000Z] time="2023-06-07T13:53:41+02:00" level=debug msg="Container \"d525de0149549fd6f2e0a039de2ce3ac621e1a339b9e660c9c921f71cc2e46a6\" has work directory \"/var/tmp/jenkins/.local/share/containers/storage/overlay-containers/d525de0149549fd6f2e0a039de2ce3ac621e1a339b9e660c9c921f71cc2e46a6/userdata\""
[2023-06-07T11:53:42.000Z] time="2023-06-07T13:53:41+02:00" level=debug msg="Container \"d525de0149549fd6f2e0a039de2ce3ac621e1a339b9e660c9c921f71cc2e46a6\" has run directory \"/run/user/71426/containers/overlay-containers/d525de0149549fd6f2e0a039de2ce3ac621e1a339b9e660c9c921f71cc2e46a6/userdata\""
[2023-06-07T11:53:42.000Z] time="2023-06-07T13:53:41+02:00" level=debug msg="overlay: mount_data=lowerdir=/var/tmp/jenkins/.local/share/containers/storage/overlay/l/34FNF6ELSNOJ4VWNE6GDL55TLV,upperdir=/var/tmp/jenkins/.local/share/containers/storage/overlay/6080b02fada2d261093b58d0423e4f602c7dee5a957f6fa9d6f84dbc502c21e3/diff,workdir=/var/tmp/jenkins/.local/share/containers/storage/overlay/6080b02fada2d261093b58d0423e4f602c7dee5a957f6fa9d6f84dbc502c21e3/work,,userxattr,context=\"system_u:object_r:container_file_t:s0:c417,c470\""
[2023-06-07T11:53:42.000Z] time="2023-06-07T13:53:41+02:00" level=debug msg="Made network namespace at /run/user/71426/netns/netns-3224c2e0-0b99-9770-1faa-aac74e697c95 for container d525de0149549fd6f2e0a039de2ce3ac621e1a339b9e660c9c921f71cc2e46a6"
[2023-06-07T11:53:42.000Z] time="2023-06-07T13:53:41+02:00" level=debug msg="Mounted container \"d525de0149549fd6f2e0a039de2ce3ac621e1a339b9e660c9c921f71cc2e46a6\" at \"/var/tmp/jenkins/.local/share/containers/storage/overlay/6080b02fada2d261093b58d0423e4f602c7dee5a957f6fa9d6f84dbc502c21e3/merged\""
[2023-06-07T11:53:42.000Z] time="2023-06-07T13:53:41+02:00" level=debug msg="Created root filesystem for container d525de0149549fd6f2e0a039de2ce3ac621e1a339b9e660c9c921f71cc2e46a6 at /var/tmp/jenkins/.local/share/containers/storage/overlay/6080b02fada2d261093b58d0423e4f602c7dee5a957f6fa9d6f84dbc502c21e3/merged"
[2023-06-07T11:53:42.000Z] time="2023-06-07T13:53:41+02:00" level=debug msg="slirp4netns command: /usr/bin/slirp4netns --disable-host-loopback --mtu=65520 --enable-sandbox --enable-seccomp --enable-ipv6 -c -e 3 -r 4 --netns-type=path /run/user/71426/netns/netns-3224c2e0-0b99-9770-1faa-aac74e697c95 tap0"
[2023-06-07T11:53:42.000Z] time="2023-06-07T13:53:41+02:00" level=debug msg="Modifying container d525de0149549fd6f2e0a039de2ce3ac621e1a339b9e660c9c921f71cc2e46a6 /etc/passwd"
[2023-06-07T11:53:42.000Z] time="2023-06-07T13:53:41+02:00" level=debug msg="Modifying container d525de0149549fd6f2e0a039de2ce3ac621e1a339b9e660c9c921f71cc2e46a6 /etc/group"
[2023-06-07T11:53:42.000Z] time="2023-06-07T13:53:41+02:00" level=debug msg="/etc/system-fips does not exist on host, not mounting FIPS mode subscription"
[2023-06-07T11:53:42.000Z] time="2023-06-07T13:53:41+02:00" level=debug msg="Setting Cgroups for container d525de0149549fd6f2e0a039de2ce3ac621e1a339b9e660c9c921f71cc2e46a6 to user.slice:libpod:d525de0149549fd6f2e0a039de2ce3ac621e1a339b9e660c9c921f71cc2e46a6"
[2023-06-07T11:53:42.000Z] time="2023-06-07T13:53:41+02:00" level=debug msg="reading hooks from /usr/share/containers/oci/hooks.d"
[2023-06-07T11:53:42.000Z] time="2023-06-07T13:53:41+02:00" level=debug msg="Workdir \"/var/tmp/jenkins/workspace/grant_pgsql_master\" resolved to a volume or mount"
[2023-06-07T11:53:42.000Z] time="2023-06-07T13:53:41+02:00" level=debug msg="Created OCI spec for container d525de0149549fd6f2e0a039de2ce3ac621e1a339b9e660c9c921f71cc2e46a6 at /var/tmp/jenkins/.local/share/containers/storage/overlay-containers/d525de0149549fd6f2e0a039de2ce3ac621e1a339b9e660c9c921f71cc2e46a6/userdata/config.json"
[2023-06-07T11:53:42.000Z] time="2023-06-07T13:53:41+02:00" level=debug msg="/usr/bin/conmon messages will be logged to syslog"
[2023-06-07T11:53:42.000Z] time="2023-06-07T13:53:41+02:00" level=debug msg="running conmon: /usr/bin/conmon" args="[--api-version 1 -c d525de0149549fd6f2e0a039de2ce3ac621e1a339b9e660c9c921f71cc2e46a6 -u d525de0149549fd6f2e0a039de2ce3ac621e1a339b9e660c9c921f71cc2e46a6 -r /usr/bin/crun -b /var/tmp/jenkins/.local/share/containers/storage/overlay-containers/d525de0149549fd6f2e0a039de2ce3ac621e1a339b9e660c9c921f71cc2e46a6/userdata -p /run/user/71426/containers/overlay-containers/d525de0149549fd6f2e0a039de2ce3ac621e1a339b9e660c9c921f71cc2e46a6/userdata/pidfile -n sad_heisenberg --exit-dir /run/user/71426/libpod/tmp/exits --full-attach -s -l journald --log-level debug --syslog -t --conmon-pidfile /run/user/71426/containers/overlay-containers/d525de0149549fd6f2e0a039de2ce3ac621e1a339b9e660c9c921f71cc2e46a6/userdata/conmon.pid --exit-command /usr/bin/podman --exit-command-arg --root --exit-command-arg /var/tmp/jenkins/.local/share/containers/storage --exit-command-arg --runroot --exit-command-arg /run/user/71426/containers --exit-command-arg --log-level --exit-command-arg debug --exit-command-arg --cgroup-manager --exit-command-arg systemd --exit-command-arg --tmpdir --exit-command-arg /run/user/71426/libpod/tmp --exit-command-arg --network-config-dir --exit-command-arg  --exit-command-arg --network-backend --exit-command-arg netavark --exit-command-arg --volumepath --exit-command-arg /var/tmp/jenkins/.local/share/containers/storage/volumes --exit-command-arg --transient-store=false --exit-command-arg --runtime --exit-command-arg crun --exit-command-arg --storage-driver --exit-command-arg overlay --exit-command-arg --events-backend --exit-command-arg journald --exit-command-arg --syslog --exit-command-arg container --exit-command-arg cleanup --exit-command-arg d525de0149549fd6f2e0a039de2ce3ac621e1a339b9e660c9c921f71cc2e46a6]"
[2023-06-07T11:53:42.000Z] time="2023-06-07T13:53:41+02:00" level=info msg="Running conmon under slice user.slice and unitName libpod-conmon-d525de0149549fd6f2e0a039de2ce3ac621e1a339b9e660c9c921f71cc2e46a6.scope"
[2023-06-07T11:53:42.000Z] time="2023-06-07T13:53:41+02:00" level=debug msg="Received: -1"
[2023-06-07T11:53:42.000Z] time="2023-06-07T13:53:41+02:00" level=debug msg="Cleaning up container d525de0149549fd6f2e0a039de2ce3ac621e1a339b9e660c9c921f71cc2e46a6"
[2023-06-07T11:53:42.000Z] time="2023-06-07T13:53:41+02:00" level=debug msg="Tearing down network namespace at /run/user/71426/netns/netns-3224c2e0-0b99-9770-1faa-aac74e697c95 for container d525de0149549fd6f2e0a039de2ce3ac621e1a339b9e660c9c921f71cc2e46a6"
[2023-06-07T11:53:42.000Z] time="2023-06-07T13:53:41+02:00" level=debug msg="Unmounted container \"d525de0149549fd6f2e0a039de2ce3ac621e1a339b9e660c9c921f71cc2e46a6\""
[2023-06-07T11:53:42.000Z] time="2023-06-07T13:53:41+02:00" level=debug msg="ExitCode msg: \"crun: setgroups: invalid argument: oci runtime error\""
[2023-06-07T11:53:42.000Z] Error: OCI runtime error: crun: setgroups: Invalid argument
[2023-06-07T11:53:42.000Z] time="2023-06-07T13:53:41+02:00" level=debug msg="Shutting down engines"
[2023-06-07T11:53:42.000Z] 	at org.jenkinsci.plugins.docker.workflow.client.DockerClient.run(DockerClient.java:148)
[2023-06-07T11:53:42.000Z] 	at org.jenkinsci.plugins.docker.workflow.WithContainerStep$Execution.start(WithContainerStep.java:200)
[2023-06-07T11:53:42.000Z] 	at org.jenkinsci.plugins.workflow.cps.DSL.invokeStep(DSL.java:322)
[2023-06-07T11:53:42.000Z] 	at org.jenkinsci.plugins.workflow.cps.DSL.invokeMethod(DSL.java:196)
[2023-06-07T11:53:42.000Z] 	at org.jenkinsci.plugins.workflow.cps.CpsScript.invokeMethod(CpsScript.java:124)
[2023-06-07T11:53:42.000Z] 	at org.codehaus.groovy.runtime.callsite.PogoMetaClassSite.call(PogoMetaClassSite.java:47)
[2023-06-07T11:53:42.000Z] 	at org.codehaus.groovy.runtime.callsite.CallSiteArray.defaultCall(CallSiteArray.java:47)
[2023-06-07T11:53:42.000Z] 	at org.codehaus.groovy.runtime.callsite.AbstractCallSite.call(AbstractCallSite.java:116)
[2023-06-07T11:53:42.000Z] 	at com.cloudbees.groovy.cps.sandbox.DefaultInvoker.methodCall(DefaultInvoker.java:20)
[2023-06-07T11:53:42.000Z] 	at org.jenkinsci.plugins.docker.workflow.Docker$Image.inside(Docker.groovy:140)
[2023-06-07T11:53:42.000Z] 	at org.jenkinsci.plugins.docker.workflow.Docker.node(Docker.groovy:66)
[2023-06-07T11:53:42.000Z] 	at org.jenkinsci.plugins.docker.workflow.Docker$Image.inside(Docker.groovy:125)
[2023-06-07T11:53:42.000Z] 	at org.jenkinsci.plugins.docker.workflow.declarative.DockerPipelineScript.runImage(DockerPipelineScript.groovy:54)
[2023-06-07T11:53:42.000Z] 	at org.jenkinsci.plugins.docker.workflow.declarative.AbstractDockerPipelineScript.configureRegistry(AbstractDockerPipelineScript.groovy:63)
[2023-06-07T11:53:42.000Z] 	at org.jenkinsci.plugins.docker.workflow.declarative.AbstractDockerPipelineScript.run(AbstractDockerPipelineScript.groovy:50)
[2023-06-07T11:53:42.000Z] 	at org.jenkinsci.plugins.pipeline.modeldefinition.agent.CheckoutScript.checkoutAndRun(CheckoutScript.groovy:61)
[2023-06-07T11:53:42.000Z] 	at ___cps.transform___(Native Method)
[2023-06-07T11:53:42.000Z] 	at com.cloudbees.groovy.cps.impl.ContinuationGroup.methodCall(ContinuationGroup.java:90)
[2023-06-07T11:53:42.000Z] 	at com.cloudbees.groovy.cps.impl.FunctionCallBlock$ContinuationImpl.dispatchOrArg(FunctionCallBlock.java:116)
[2023-06-07T11:53:42.000Z] 	at com.cloudbees.groovy.cps.impl.FunctionCallBlock$ContinuationImpl.fixArg(FunctionCallBlock.java:85)
[2023-06-07T11:53:42.000Z] 	at jdk.internal.reflect.GeneratedMethodAccessor234.invoke(Unknown Source)
[2023-06-07T11:53:42.000Z] 	at java.base/jdk.internal.reflect.DelegatingMethodAccessorImpl.invoke(DelegatingMethodAccessorImpl.java:43)
[2023-06-07T11:53:42.000Z] 	at java.base/java.lang.reflect.Method.invoke(Method.java:568)
[2023-06-07T11:53:42.000Z] 	at com.cloudbees.groovy.cps.impl.ContinuationPtr$ContinuationImpl.receive(ContinuationPtr.java:72)
[2023-06-07T11:53:42.000Z] 	at com.cloudbees.groovy.cps.impl.ClosureBlock.eval(ClosureBlock.java:46)
[2023-06-07T11:53:42.000Z] 	at com.cloudbees.groovy.cps.Next.step(Next.java:83)
[2023-06-07T11:53:42.000Z] 	at com.cloudbees.groovy.cps.Continuable$1.call(Continuable.java:152)
[2023-06-07T11:53:42.000Z] 	at com.cloudbees.groovy.cps.Continuable$1.call(Continuable.java:146)
[2023-06-07T11:53:42.000Z] 	at org.codehaus.groovy.runtime.GroovyCategorySupport$ThreadCategoryInfo.use(GroovyCategorySupport.java:136)
[2023-06-07T11:53:42.000Z] 	at org.codehaus.groovy.runtime.GroovyCategorySupport.use(GroovyCategorySupport.java:275)
[2023-06-07T11:53:42.000Z] 	at com.cloudbees.groovy.cps.Continuable.run0(Continuable.java:146)
[2023-06-07T11:53:42.000Z] 	at org.jenkinsci.plugins.workflow.cps.SandboxContinuable.access$001(SandboxContinuable.java:18)
[2023-06-07T11:53:42.000Z] 	at org.jenkinsci.plugins.workflow.cps.SandboxContinuable.run0(SandboxContinuable.java:51)
[2023-06-07T11:53:42.000Z] 	at org.jenkinsci.plugins.workflow.cps.CpsThread.runNextChunk(CpsThread.java:187)
[2023-06-07T11:53:42.000Z] 	at org.jenkinsci.plugins.workflow.cps.CpsThreadGroup.run(CpsThreadGroup.java:420)
[2023-06-07T11:53:42.000Z] 	at org.jenkinsci.plugins.workflow.cps.CpsThreadGroup$2.call(CpsThreadGroup.java:330)
[2023-06-07T11:53:42.000Z] 	at org.jenkinsci.plugins.workflow.cps.CpsThreadGroup$2.call(CpsThreadGroup.java:294)
[2023-06-07T11:53:42.000Z] 	at org.jenkinsci.plugins.workflow.cps.CpsVmExecutorService$2.call(CpsVmExecutorService.java:67)
[2023-06-07T11:53:42.000Z] 	at java.base/java.util.concurrent.FutureTask.run(FutureTask.java:264)
[2023-06-07T11:53:42.000Z] 	at hudson.remoting.SingleLaneExecutorService$1.run(SingleLaneExecutorService.java:139)
[2023-06-07T11:53:42.000Z] 	at jenkins.util.ContextResettingExecutorService$1.run(ContextResettingExecutorService.java:28)
[2023-06-07T11:53:42.000Z] 	at jenkins.security.ImpersonatingExecutorService$1.run(ImpersonatingExecutorService.java:68)
[2023-06-07T11:53:42.000Z] 	at jenkins.util.ErrorLoggingExecutorService.lambda$wrap$0(ErrorLoggingExecutorService.java:51)
[2023-06-07T11:53:42.000Z] 	at java.base/java.util.concurrent.Executors$RunnableAdapter.call(Executors.java:539)
[2023-06-07T11:53:42.000Z] 	at java.base/java.util.concurrent.FutureTask.run(FutureTask.java:264)
[2023-06-07T11:53:42.000Z] 	at java.base/java.util.concurrent.ThreadPoolExecutor.runWorker(ThreadPoolExecutor.java:1136)
[2023-06-07T11:53:42.000Z] 	at java.base/java.util.concurrent.ThreadPoolExecutor$Worker.run(ThreadPoolExecutor.java:635)
[2023-06-07T11:53:42.000Z] 	at java.base/java.lang.Thread.run(Thread.java:833)
[2023-06-07T11:53:42.098Z] Posting build status of com.atlassian.bitbucket.jenkins.internal.model.BitbucketBuildStatus@15fd9e00 to XXXXXXX Git for commit id [722cb8232d6253036f038313e918c674a961703c] and ref 'refs/heads/master'
[2023-06-07T11:53:42.149Z] Finished: FAILURE
