[MSBuild] Parsing console log (workspace: 'E:\Projects\workspace\Testing\Test warnings-ng plugin')
ERROR: Step ‘Record compiler warnings and static analysis results’ aborted due to exception: 
Also:   hudson.remoting.Channel$CallSiteStackTrace: Remote call to JNLP4-connect connection to cabuild1/10.1.0.220:18228
		at hudson.remoting.Channel.attachCallSiteStackTrace(Channel.java:1693)
		at hudson.remoting.UserResponse.retrieve(UserRequest.java:310)
		at hudson.remoting.Channel.call(Channel.java:908)
		at hudson.FilePath.act(FilePath.java:1072)
		at hudson.FilePath.act(FilePath.java:1061)
		at hudson.FilePath.write(FilePath.java:2102)
		at hudson.FilePath.copyTo(FilePath.java:2230)
		at io.jenkins.plugins.analysis.core.util.AffectedFilesResolver.copy(AffectedFilesResolver.java:131)
		at io.jenkins.plugins.analysis.core.util.AffectedFilesResolver.copyFilesWithAnnotationsToBuildFolder(AffectedFilesResolver.java:107)
		at io.jenkins.plugins.analysis.core.steps.IssuesScanner$ReportPostProcessor.copyAffectedFiles(IssuesScanner.java:193)
		at io.jenkins.plugins.analysis.core.steps.IssuesScanner$ReportPostProcessor.invoke(IssuesScanner.java:172)
		at io.jenkins.plugins.analysis.core.steps.IssuesScanner$ReportPostProcessor.invoke(IssuesScanner.java:147)
		at hudson.FilePath$FileCallableWrapper.call(FilePath.java:3086)
		at hudson.remoting.UserRequest.perform(UserRequest.java:207)
		at hudson.remoting.UserRequest.perform(UserRequest.java:53)
		at hudson.remoting.Request$2.run(Request.java:358)
		at hudson.remoting.InterceptingExecutorService$1.call(InterceptingExecutorService.java:72)
		at java.util.concurrent.FutureTask.run(Unknown Source)
		at java.util.concurrent.ThreadPoolExecutor.runWorker(Unknown Source)
		at java.util.concurrent.ThreadPoolExecutor$Worker.run(Unknown Source)
		at hudson.remoting.Engine$1$1.run(Engine.java:98)
Also:   hudson.remoting.Channel$CallSiteStackTrace: Remote call to JNLP4-connect connection from cabuild2.dca.com.au/10.1.0.221:30427
		at hudson.remoting.Channel.attachCallSiteStackTrace(Channel.java:1741)
		at hudson.remoting.UserResponse.retrieve(UserRequest.java:389)
		at hudson.remoting.Channel.call(Channel.java:955)
		at hudson.FilePath.act(FilePath.java:1072)
		at hudson.FilePath.act(FilePath.java:1061)
		at io.jenkins.plugins.analysis.core.steps.IssuesScanner.postProcess(IssuesScanner.java:89)
		at io.jenkins.plugins.analysis.core.steps.IssuesScanner.scan(IssuesScanner.java:69)
		at io.jenkins.plugins.analysis.core.steps.IssuesRecorder.scanWithTool(IssuesRecorder.java:688)
		at io.jenkins.plugins.analysis.core.steps.IssuesRecorder.record(IssuesRecorder.java:656)
		at io.jenkins.plugins.analysis.core.steps.IssuesRecorder.perform(IssuesRecorder.java:628)
		at hudson.tasks.BuildStepCompatibilityLayer.perform(BuildStepCompatibilityLayer.java:81)
		at hudson.tasks.BuildStepMonitor$3.perform(BuildStepMonitor.java:45)
		at hudson.model.AbstractBuild$AbstractBuildExecution.perform(AbstractBuild.java:744)
		at hudson.model.AbstractBuild$AbstractBuildExecution.performAllBuildSteps(AbstractBuild.java:690)
		at hudson.model.Build$BuildExecution.post2(Build.java:186)
		at hudson.model.AbstractBuild$AbstractBuildExecution.post(AbstractBuild.java:635)
		at hudson.model.Run.execute(Run.java:1835)
		at hudson.model.FreeStyleBuild.run(FreeStyleBuild.java:43)
		at hudson.model.ResourceController.execute(ResourceController.java:97)
		at hudson.model.Executor.run(Executor.java:429)
java.lang.SecurityException: agent may not create E:\Jenkins\Testing\Test warnings-ng plugin\builds\9\files-with-issues\4e1480.tmp
See https://jenkins.io/redirect/security-144 for more details
	at jenkins.SoloFilePathFilter.noFalse(SoloFilePathFilter.java:33)
	at jenkins.SoloFilePathFilter.create(SoloFilePathFilter.java:63)
	at hudson.FilePath.writing(FilePath.java:3245)
	at hudson.FilePath.access$1900(FilePath.java:213)
	at hudson.FilePath$WritePipe.invoke(FilePath.java:2111)
	at hudson.FilePath$WritePipe.invoke(FilePath.java:2104)
	at hudson.FilePath$FileCallableWrapper.call(FilePath.java:3086)
	at hudson.remoting.UserRequest.perform(UserRequest.java:212)
	at hudson.remoting.UserRequest.perform(UserRequest.java:54)
	at hudson.remoting.Request$2.run(Request.java:369)
	at hudson.remoting.InterceptingExecutorService$1.call(InterceptingExecutorService.java:72)
	at org.jenkinsci.remoting.CallableDecorator.call(CallableDecorator.java:19)
	at hudson.remoting.CallableDecoratorList$1.call(CallableDecoratorList.java:21)
	at jenkins.util.ContextResettingExecutorService$2.call(ContextResettingExecutorService.java:46)
	at jenkins.security.ImpersonatingExecutorService$2.call(ImpersonatingExecutorService.java:71)
	at java.util.concurrent.FutureTask.run(Unknown Source)
	at java.util.concurrent.ThreadPoolExecutor.runWorker(Unknown Source)
	at java.util.concurrent.ThreadPoolExecutor$Worker.run(Unknown Source)
	at java.lang.Thread.run(Unknown Source)
Caused: java.io.IOException: Failed to deserialize response to UserRequest:io.jenkins.plugins.analysis.core.steps.IssuesScanner$ReportPostProcessor@a6985
	at hudson.remoting.Channel.call(Channel.java:963)
	at hudson.FilePath.act(FilePath.java:1072)
	at hudson.FilePath.act(FilePath.java:1061)
	at io.jenkins.plugins.analysis.core.steps.IssuesScanner.postProcess(IssuesScanner.java:89)
	at io.jenkins.plugins.analysis.core.steps.IssuesScanner.scan(IssuesScanner.java:69)
	at io.jenkins.plugins.analysis.core.steps.IssuesRecorder.scanWithTool(IssuesRecorder.java:688)
	at io.jenkins.plugins.analysis.core.steps.IssuesRecorder.record(IssuesRecorder.java:656)
	at io.jenkins.plugins.analysis.core.steps.IssuesRecorder.perform(IssuesRecorder.java:628)
	at hudson.tasks.BuildStepCompatibilityLayer.perform(BuildStepCompatibilityLayer.java:81)
	at hudson.tasks.BuildStepMonitor$3.perform(BuildStepMonitor.java:45)
	at hudson.model.AbstractBuild$AbstractBuildExecution.perform(AbstractBuild.java:744)
	at hudson.model.AbstractBuild$AbstractBuildExecution.performAllBuildSteps(AbstractBuild.java:690)
	at hudson.model.Build$BuildExecution.post2(Build.java:186)
	at hudson.model.AbstractBuild$AbstractBuildExecution.post(AbstractBuild.java:635)
	at hudson.model.Run.execute(Run.java:1835)
	at hudson.model.FreeStyleBuild.run(FreeStyleBuild.java:43)
	at hudson.model.ResourceController.execute(ResourceController.java:97)
	at hudson.model.Executor.run(Executor.java:429)