<?xml version="1.0" encoding="utf-8"?>
<testsuite errors="1" failures="0" name="unittest.suite.TestSuite" tests="1" time="196.661">
  <testcase classname="rostest.runner.RosTest" name="test_data_ftp_integration" time="196.6612">
    <error type="RLTestTimeoutException">test max time allotted
  File "/usr/lib/python2.7/unittest/case.py", line 331, in run
    testMethod()
  File "/opt/ros/hydro/lib/python2.7/site-packages/rostest/runner.py", line 146, in fn
    self.test_parent.run_test(test)
  File "/opt/ros/hydro/lib/python2.7/site-packages/rostest/rostest_parent.py", line 91, in run_test
    return self.runner.run_test(test)
  File "/opt/ros/hydro/lib/python2.7/site-packages/roslaunch/launch.py", line 669, in run_test
    raise RLTestTimeoutException("test max time allotted")
    </error>
  </testcase>
  <system-out><![CDATA[[ROSTEST]setup[/var/lib/jenkins/workspace/somemodule/Sensor_Sonar_Build/OpenSuse-13.1-somemodule_release/sensorSonar/src/_data_ftp/tests/_data_ftp_integration.test] run_id[06e5c48e-6c09-11e5-aad2-ca14160469c6] starting
?[1mstarted roslaunch server http://jails-server-vm174:54146/?[0m
ros_comm version 1.10.10


SUMMARY
========

PARAMETERS
 * /rosdistro
 * /rosversion

NODES
  /
    _node_monitor (_node_monitor/_node_monitor_node.py)
    _data_ftp (_data_ftp/_data_ftp)

[ROSTEST]setup[/var/lib/jenkins/workspace/somemodule/Sensor_Sonar_Build/OpenSuse-13.1-somemodule_release/sensorSonar/src/_data_ftp/tests/_data_ftp_integration.test] run_id[06e5c48e-6c09-11e5-aad2-ca14160469c6] done
[ROSTEST]Running test [_data_ftp_integration]
auto-starting new master
?[1mprocess[master]: started with pid [22000]?[0m
?[1mROS_MASTER_URI=http://jails-server-vm174:22422/?[0m
?[1msetting /run_id to 06e5c48e-6c09-11e5-aad2-ca14160469c6?[0m
?[1mprocess[rosout-1]: started with pid [22013]?[0m
started core service [/rosout]
?[1mprocess[_data_ftp-2]: started with pid [22025]?[0m
?[1mprocess[_node_monitor-3]: started with pid [22026]?[0m
[ROSTEST]running test _data_ftp_integration
?[1mprocess[_data_ftp_integration-4]: started with pid [22042]?[0m
[ROSTEST]tearDown[/var/lib/jenkins/workspace/somemodule/Sensor_Sonar_Build/OpenSuse-13.1-somemodule_release/sensorSonar/src/_data_ftp/tests/_data_ftp_integration.test]
shutting down processing monitor...
[_data_ftp_integration-4] killing on exit
[_node_monitor-3] killing on exit
[_data_ftp-2] killing on exit
[rosout-1] killing on exit
[master] killing on exit
... shutting down processing monitor complete
[ROSTEST]rostest teardown /var/lib/jenkins/workspace/somemodule/Sensor_Sonar_Build/OpenSuse-13.1-somemodule_release/sensorSonar/src/_data_ftp/tests/_data_ftp_integration.test complete
]]></system-out>
  <system-err><![CDATA[?[31m[_data_ftp_integration-4] escalating to SIGTERM?[0m
]]></system-err>
</testsuite>
