<?xml version="1.0" encoding="UTF-8"?>
<results>
<error file="C:\jenkins\jobs\QuickCppCheck\workspace\Development\Common\Library\Image\ColorRgb.h" line="24" id="missingInclude" severity="style" msg="Include file: &quot;Math/Vec3.h&quot; not found."/>
<error file="C:\jenkins\jobs\QuickCppCheck\workspace\Development\Common\Library\Image\ColorRgb.h" line="28" id="missingInclude" severity="style" msg="Include file: &quot;Math/Vec4.h&quot; not found."/>
<error file="C:\jenkins\jobs\QuickCppCheck\workspace\Development\Common\Library\Image\FontType.cpp" line="19" id="missingInclude" severity="style" msg="Include file: &quot;Image/FontType.h&quot; not found."/>
<error file="C:\jenkins\jobs\QuickCppCheck\workspace\Development\Common\Library\Image\FontType.cpp" line="20" id="missingInclude" severity="style" msg="Include file: &quot;Image/ColorRgb.h&quot; not found."/>
<error file="C:\jenkins\jobs\QuickCppCheck\workspace\Development\Common\Library\Image\FontType.cpp" line="21" id="missingInclude" severity="style" msg="Include file: &quot;Utility/FormatCharacters.h&quot; not found."/>
<error file="C:\jenkins\jobs\QuickCppCheck\workspace\Development\Product\E2L\ScreenConfig.h" line="25" id="missingInclude" severity="style" msg="Include file: &quot;Math/Affine2.h&quot; not found."/>
<error file="C:\jenkins\jobs\QuickCppCheck\workspace\Development\Common\Framework\Databus\Databus.h" line="245" id="uninitVar" severity="style" msg="Member variable 'Message::data' is not initialised in the constructor."/>
<error file="C:\jenkins\jobs\QuickCppCheck\workspace\Development\Common\Library\Image\PixelFormat.cpp" line="19" id="missingInclude" severity="style" msg="Include file: &quot;Image/PixelFormat.h&quot; not found."/>
<error file="C:\jenkins\jobs\QuickCppCheck\workspace\Development\Common\Library\Image\PixelFormat.cpp" line="20" id="missingInclude" severity="style" msg="Include file: &quot;Utility/Bit.h&quot; not found."/>
<error file="C:\jenkins\jobs\QuickCppCheck\workspace\Development\Common\Library\Image\PixelFormatS3tc.cpp" line="19" id="missingInclude" severity="style" msg="Include file: &quot;Image/PixelTypesS3tc.h&quot; not found."/>
<error file="C:\jenkins\jobs\QuickCppCheck\workspace\Development\Common\Library\Image\PixelFormatS3tc.cpp" line="20" id="missingInclude" severity="style" msg="Include file: &quot;Math/Matrix3.h&quot; not found."/>
<error file="C:\jenkins\jobs\QuickCppCheck\workspace\Development\Common\Library\Image\PixelFormatS3tc.cpp" line="21" id="missingInclude" severity="style" msg="Include file: &quot;Math/Fsqrt.h&quot; not found."/>
<error file="C:\jenkins\jobs\QuickCppCheck\workspace\Development\Common\Library\Image\PixelFormatS3tc.cpp" line="22" id="missingInclude" severity="style" msg="Include file: &quot;Utility/Units.h&quot; not found."/>
<error file="C:\jenkins\jobs\QuickCppCheck\workspace\Development\Common\Library\Image\PixelFormatS3tc.cpp" line="469" id="charArrayIndex" severity="style" msg="Warning - using char variable as array index"/>
<error file="C:\jenkins\jobs\QuickCppCheck\workspace\Development\Common\Library\Image\PixelFormatS3tc.cpp" line="485" id="charArrayIndex" severity="style" msg="Warning - using char variable as array index"/>
<error file="C:\jenkins\jobs\QuickCppCheck\workspace\Development\Common\Library\Image\PixelFormatS3tc.cpp" line="490" id="charArrayIndex" severity="style" msg="Warning - using char variable as array index"/>
<error file="C:\jenkins\jobs\QuickCppCheck\workspace\Development\Common\Library\Image\PixelFormatS3tc.cpp" line="587" id="charArrayIndex" severity="style" msg="Warning - using char variable as array index"/>
<error file="C:\jenkins\jobs\QuickCppCheck\workspace\Development\Common\Library\Image\Targa.cpp" line="20" id="missingInclude" severity="style" msg="Include file: &quot;Image/Targa.h&quot; not found."/>
<error file="C:\jenkins\jobs\QuickCppCheck\workspace\Development\Common\Library\Image\Targa.cpp" line="24" id="missingInclude" severity="style" msg="Include file: &quot;Image/PixelFormat.h&quot; not found."/>
<error file="C:\jenkins\jobs\QuickCppCheck\workspace\Development\Common\Library\Image\Targa.cpp" line="27" id="missingInclude" severity="style" msg="Include file: &quot;Utility/AviAssert.h&quot; not found."/>
<error file="C:\jenkins\jobs\QuickCppCheck\workspace\Development\Common\Library\Image\Targa.cpp" line="94" id="variableScope" severity="style" msg="The scope of the variable 'imageWidth' can be reduced"/>
<error file="C:\jenkins\jobs\QuickCppCheck\workspace\Development\Common\Library\Image\Targa.cpp" line="95" id="variableScope" severity="style" msg="The scope of the variable 'imageHeight' can be reduced"/>
<error file="C:\jenkins\jobs\QuickCppCheck\workspace\Development\Common\Library\Image\TextureBase.cpp" line="19" id="missingInclude" severity="style" msg="Include file: &quot;Image/TextureBase.h&quot; not found."/>
<error file="C:\jenkins\jobs\QuickCppCheck\workspace\Development\Common\Library\Image\TextureBase.cpp" line="20" id="missingInclude" severity="style" msg="Include file: &quot;Image/PixelFormat.h&quot; not found."/>
<error file="C:\jenkins\jobs\QuickCppCheck\workspace\Development\Common\Library\Image\TextureBase.cpp" line="21" id="missingInclude" severity="style" msg="Include file: &quot;Image/ColorRgb.h&quot; not found."/>
<error file="C:\jenkins\jobs\QuickCppCheck\workspace\Development\Common\Library\Image\TextureBase.cpp" line="22" id="missingInclude" severity="style" msg="Include file: &quot;Utility/Units.h&quot; not found."/>
<error file="C:\jenkins\jobs\QuickCppCheck\workspace\Development\Common\Library\Image\TextureBase.cpp" line="26" id="missingInclude" severity="style" msg="Include file: &quot;Image/Targa.h&quot; not found."/>
</results>
