<?xml version="1.0" encoding="UTF-8"?>
<testsuites>
   <testsuite name="ZuulSetUPTests" tests="1" failures="0" errors="0" skipped=""
              time="0.511300"
              timestamp="">
      <testcase classname="ZuulSetUPTests" name="testSiteInformation" time="0.511300"
                assertions="0"/>
   </testsuite>
   <testsuite name="ZuulSwitchTests" tests="14" failures="6" errors="0" skipped=""
              time="0.599709"
              timestamp="">
      <testcase classname="ZuulSwitchTests" name="testSwitchStatusDataProvider" time="0.007483"
                assertions="0"/>
      <testcase classname="ZuulSwitchTests" name="testSwitchDataProvider" time="0.004981"
                assertions="0"/>
      <testcase classname="ZuulSwitchTests" name="testSiteInformation" time="0.576936"
                assertions="0"/>
   </testsuite>
   <testsuite name="ZuulSwitchTests::testSwitchGetStatus" tests="3" failures="0" errors="0"
              skipped=""
              time="0.004747"
              timestamp="">
      <testcase name="testSwitchGetStatus with data set #0" time="0.003668" assertions="9"/>
      <testcase name="testSwitchGetStatus with data set #1" time="0.000528" assertions="9"/>
      <testcase name="testSwitchGetStatus with data set #2" time="0.000551" assertions="9"/>
   </testsuite>
   <testsuite name="ZuulSwitchTests::testSwitchStates" tests="8" failures="6" errors="0"
              skipped=""
              time="0.005562"
              timestamp="">
      <testcase name="testSwitchStates with data set #0" time="0.000468" assertions="1"/>
      <testcase name="testSwitchStates with data set #1" time="0.000463" assertions="1"/>
      <testcase name="testSwitchStates with data set #2" time="0.001375" assertions="1">
         <failure message="" type="PHPUnit_Framework_ExpectationFailedException">ZuulSwitchTests::testSwitchStates with data set #2 ('10.38.0.104', 'UwximAvY6ij3a740Uv93', stdClass)
The switch [UwximAvY6ij3a740Uv93] failed to respond to the action [POWER_ON]. Expected response [POWER_ON]
Array
(
    [0] =&gt; Array
        (
            [0] =&gt; stdClass Object
                (
                    [DeviceCD] =&gt; rLmhBXyz1fF8lvQMI7MF
                    [OnlineState] =&gt; 1
                    [OnlineLast] =&gt; 1367252503
                    [UD_DTYPE_KW] =&gt; 2.889
                    [UD_DTYPE_KWH_ODM] =&gt; 523.02
                    [ChangeTime] =&gt; 1367252503
                )

        )

    [1] =&gt; Array
        (
            [0] =&gt; stdClass Object
                (
                    [DeviceCD] =&gt; rLmhBXyz1fF8lvQMI7MF
                    [OnlineState] =&gt; 1
                    [OnlineLast] =&gt; 1367252511
                    [UD_DTYPE_KW] =&gt; 2.9
                    [UD_DTYPE_KWH_ODM] =&gt; 523.02
                    [ChangeTime] =&gt; 1367252510
                )

        )

)

Failed asserting that false is true.

/var/lib/jenkins/jobs/SVN-repository/workspace/Candi-UnitTest/Zuul/devices/zuulSwitchTest.php:59
/var/lib/jenkins/jobs/SVN-repository/workspace/Candi-UnitTest/VisualPHPUnit/app/lib/VPU.php:483
</failure>
      </testcase>
      <testcase name="testSwitchStates with data set #3" time="0.000725" assertions="1">
         <failure message="" type="PHPUnit_Framework_ExpectationFailedException">ZuulSwitchTests::testSwitchStates with data set #3 ('10.38.0.104', 'UwximAvY6ij3a740Uv93', stdClass)
The switch [UwximAvY6ij3a740Uv93] failed to respond to the action [POWER_OFF]. Expected response [POWER_OFF]
Array
(
    [0] =&gt; Array
        (
            [0] =&gt; stdClass Object
                (
                    [DeviceCD] =&gt; rLmhBXyz1fF8lvQMI7MF
                    [OnlineState] =&gt; 1
                    [OnlineLast] =&gt; 1367252529
                    [UD_DTYPE_KW] =&gt; 2.919
                    [UD_DTYPE_KWH_ODM] =&gt; 523.02
                    [ChangeTime] =&gt; 1367252528
                )

        )

    [1] =&gt; Array
        (
            [0] =&gt; stdClass Object
                (
                    [DeviceCD] =&gt; rLmhBXyz1fF8lvQMI7MF
                    [OnlineState] =&gt; 1
                    [OnlineLast] =&gt; 1367252538
                    [UD_DTYPE_KW] =&gt; 2.919
                    [UD_DTYPE_KWH_ODM] =&gt; 523.07
                    [ChangeTime] =&gt; 1367252538
                )

        )

    [2] =&gt; Array
        (
            [0] =&gt; stdClass Object
                (
                    [DeviceCD] =&gt; rLmhBXyz1fF8lvQMI7MF
                    [OnlineState] =&gt; 1
                    [OnlineLast] =&gt; 1367252542
                    [UD_DTYPE_KW] =&gt; 2.911
                    [UD_DTYPE_KWH_ODM] =&gt; 523.07
                    [ChangeTime] =&gt; 1367252541
                )

        )

)

Failed asserting that false is true.

/var/lib/jenkins/jobs/SVN-repository/workspace/Candi-UnitTest/Zuul/devices/zuulSwitchTest.php:59
/var/lib/jenkins/jobs/SVN-repository/workspace/Candi-UnitTest/VisualPHPUnit/app/lib/VPU.php:483
</failure>
      </testcase>
      <testcase name="testSwitchStates with data set #4" time="0.000584" assertions="1">
         <failure message="" type="PHPUnit_Framework_ExpectationFailedException">ZuulSwitchTests::testSwitchStates with data set #4 ('10.38.0.104', 'vYwJIU6f9LNvoC5vAOY7', stdClass)
The switch [vYwJIU6f9LNvoC5vAOY7] failed to respond to the action [POWER_ON]. Expected response [POWER_ON]
Array
(
    [0] =&gt; Array
        (
            [0] =&gt; stdClass Object
                (
                    [DeviceCD] =&gt; rLmhBXyz1fF8lvQMI7MF
                    [OnlineState] =&gt; 1
                    [OnlineLast] =&gt; 1367252571
                    [UD_DTYPE_KW] =&gt; 2.896
                    [UD_DTYPE_KWH_ODM] =&gt; 523.07
                    [ChangeTime] =&gt; 1367252570
                )

        )

    [1] =&gt; Array
        (
            [0] =&gt; stdClass Object
                (
                    [DeviceCD] =&gt; rLmhBXyz1fF8lvQMI7MF
                    [OnlineState] =&gt; 1
                    [OnlineLast] =&gt; 1367252575
                    [UD_DTYPE_KW] =&gt; 2.896
                    [UD_DTYPE_KWH_ODM] =&gt; 523.10
                    [ChangeTime] =&gt; 1367252575
                )

        )

)

Failed asserting that false is true.

/var/lib/jenkins/jobs/SVN-repository/workspace/Candi-UnitTest/Zuul/devices/zuulSwitchTest.php:59
/var/lib/jenkins/jobs/SVN-repository/workspace/Candi-UnitTest/VisualPHPUnit/app/lib/VPU.php:483
</failure>
      </testcase>
      <testcase name="testSwitchStates with data set #5" time="0.000607" assertions="1">
         <failure message="" type="PHPUnit_Framework_ExpectationFailedException">ZuulSwitchTests::testSwitchStates with data set #5 ('10.38.0.104', 'vYwJIU6f9LNvoC5vAOY7', stdClass)
The switch [vYwJIU6f9LNvoC5vAOY7] failed to respond to the action [POWER_OFF]. Expected response [POWER_OFF]
Array
(
    [0] =&gt; Array
        (
            [0] =&gt; stdClass Object
                (
                    [DeviceCD] =&gt; rLmhBXyz1fF8lvQMI7MF
                    [OnlineState] =&gt; 1
                    [OnlineLast] =&gt; 1367252601
                    [UD_DTYPE_KW] =&gt; 2.923
                    [UD_DTYPE_KWH_ODM] =&gt; 523.10
                    [ChangeTime] =&gt; 1367252601
                )

        )

)

Failed asserting that false is true.

/var/lib/jenkins/jobs/SVN-repository/workspace/Candi-UnitTest/Zuul/devices/zuulSwitchTest.php:59
/var/lib/jenkins/jobs/SVN-repository/workspace/Candi-UnitTest/VisualPHPUnit/app/lib/VPU.php:483
</failure>
      </testcase>
      <testcase name="testSwitchStates with data set #6" time="0.000621" assertions="1">
         <failure message="" type="PHPUnit_Framework_ExpectationFailedException">ZuulSwitchTests::testSwitchStates with data set #6 ('10.38.0.104', 'SAyLmqev8n7H99ePg2r9', stdClass)
The switch [SAyLmqev8n7H99ePg2r9] failed to respond to the action [POWER_ON]. Expected response [POWER_ON]
Array
(
    [0] =&gt; Array
        (
            [0] =&gt; stdClass Object
                (
                    [DeviceCD] =&gt; rLmhBXyz1fF8lvQMI7MF
                    [OnlineState] =&gt; 1
                    [OnlineLast] =&gt; 1367252635
                    [UD_DTYPE_KW] =&gt; 2.923
                    [UD_DTYPE_KWH_ODM] =&gt; 523.15
                    [ChangeTime] =&gt; 1367252635
                )

        )

    [1] =&gt; Array
        (
            [0] =&gt; stdClass Object
                (
                    [DeviceCD] =&gt; Yqj83ZE1SyQf6AwR54xm
                    [OnlineState] =&gt; 1
                    [OnlineLast] =&gt; 1367252639
                    [UD_DTYPE_KW] =&gt; 0
                    [UD_DTYPE_KWH_ODM] =&gt; 0.000
                    [ChangeTime] =&gt; 1367252639
                )

        )

    [2] =&gt; Array
        (
            [0] =&gt; stdClass Object
                (
                    [DeviceCD] =&gt; rLmhBXyz1fF8lvQMI7MF
                    [OnlineState] =&gt; 1
                    [OnlineLast] =&gt; 1367252655
                    [UD_DTYPE_KW] =&gt; 2.892
                    [UD_DTYPE_KWH_ODM] =&gt; 523.15
                    [ChangeTime] =&gt; 1367252655
                )

        )

    [3] =&gt; Array
        (
            [0] =&gt; stdClass Object
                (
                    [DeviceCD] =&gt; rLmhBXyz1fF8lvQMI7MF
                    [OnlineState] =&gt; 1
                    [OnlineLast] =&gt; 1367252661
                    [UD_DTYPE_KW] =&gt; 2.902
                    [UD_DTYPE_KWH_ODM] =&gt; 523.15
                    [ChangeTime] =&gt; 1367252660
                )

        )

)

Failed asserting that false is true.

/var/lib/jenkins/jobs/SVN-repository/workspace/Candi-UnitTest/Zuul/devices/zuulSwitchTest.php:59
/var/lib/jenkins/jobs/SVN-repository/workspace/Candi-UnitTest/VisualPHPUnit/app/lib/VPU.php:483
</failure>
      </testcase>
      <testcase name="testSwitchStates with data set #7" time="0.000719" assertions="1">
         <failure message="" type="PHPUnit_Framework_ExpectationFailedException">ZuulSwitchTests::testSwitchStates with data set #7 ('10.38.0.104', 'SAyLmqev8n7H99ePg2r9', stdClass)
The switch [SAyLmqev8n7H99ePg2r9] failed to respond to the action [POWER_OFF]. Expected response [POWER_OFF]
Array
(
    [0] =&gt; Array
        (
            [0] =&gt; stdClass Object
                (
                    [DeviceCD] =&gt; rLmhBXyz1fF8lvQMI7MF
                    [OnlineState] =&gt; 1
                    [OnlineLast] =&gt; 1367252693
                    [UD_DTYPE_KW] =&gt; 2.894
                    [UD_DTYPE_KWH_ODM] =&gt; 523.15
                    [ChangeTime] =&gt; 1367252692
                )

        )

    [1] =&gt; Array
        (
            [0] =&gt; stdClass Object
                (
                    [DeviceCD] =&gt; rLmhBXyz1fF8lvQMI7MF
                    [OnlineState] =&gt; 1
                    [OnlineLast] =&gt; 1367252695
                    [UD_DTYPE_KW] =&gt; 2.894
                    [UD_DTYPE_KWH_ODM] =&gt; 523.20
                    [ChangeTime] =&gt; 1367252695
                )

        )

)

Failed asserting that false is true.

/var/lib/jenkins/jobs/SVN-repository/workspace/Candi-UnitTest/Zuul/devices/zuulSwitchTest.php:59
/var/lib/jenkins/jobs/SVN-repository/workspace/Candi-UnitTest/VisualPHPUnit/app/lib/VPU.php:483
</failure>
      </testcase>
   </testsuite>
</testsuites>