<?xml version="1.0" encoding="utf-8"?>
<testsuite name="Regression-Prio-2" timestamp="2013-10-31T02:12:09" hostname="Main Regression" tests="12" failures="2" errors="0" skipped="0" time="4555.4694494">
  <testcase name="001" classname="Regression-Prio-2" time="206.7390609" />
  <testcase name="002" classname="Regression-Prio-2" time="139.7967039" />
  <testcase name="003" classname="Regression-Prio-2" time="187.7898011" />
  <testcase name="004" classname="Regression-Prio-2" time="125.7322728" />
  <testcase name="005" classname="Regression-Prio-2" time="267.5036836" />
  <testcase name="006" classname="Regression-Prio-2" time="297.8655609" />
  <testcase name="007" classname="Regression-Prio-2" time="737.1767516">
    <failure message="Inconclusive">
02:45:00.276,Application,Error,My.Application..ConformanceCommon.dll,:0,ApplicationConformance.ExecuteTestcase,System.InvalidOperationException: Measurement failed 4 times consecutively. Giving up ...
   at My.Namespace.ObtainerConformance.CheckAndHandleInvalidMeasurement(Func`1 measurementMethod, Boolean continueOnOverloadOrUnderload, Boolean traceMethodName, Boolean verifySignallingState)
   at My.Namespace.ObtainerConformance.Execute(Action configureMeasurementMethod, Action startMeasurementMethod, Func`1 fetchResultMethod, SignallingState preTargetState, Time postSignallingDelay, Time preFetchDelay, Boolean continueOnOverloadOrUnderload, Boolean reportInterimInformation, Boolean forceObtainTargetState, Boolean useSmartPathCachingAlgorithm, Boolean signallingDefinitlyUnchanged, Boolean verifySignallingState)
   at My.Namespace.ApplicationWcdmaPerformance.ExecuteInterimStep()
   at My.Namespace.ApplicationConformance.ExecuteTestcase()Exception occurred in test step 1, measurement step 1
Demo License Used: Demo License Used
TC Integration Mode: TC Integration Mode</failure>
  </testcase>
  <testcase name="008" classname="Regression-Prio-2" time="785.7">
    <failure message="Inconclusive">
02:58:06.533,Application,Error,My.Application..ConformanceCommon.dll,:0,ApplicationConformance.ExecuteTestcase,System.InvalidOperationException: Measurement failed 4 times consecutively. Giving up ...
   at My.Namespace.ObtainerConformance.CheckAndHandleInvalidMeasurement(Func`1 measurementMethod, Boolean continueOnOverloadOrUnderload, Boolean traceMethodName, Boolean verifySignallingState)
   at My.Namespace.ObtainerConformance.Execute(Action configureMeasurementMethod, Action startMeasurementMethod, Func`1 fetchResultMethod, SignallingState preTargetState, Time postSignallingDelay, Time preFetchDelay, Boolean continueOnOverloadOrUnderload, Boolean reportInterimInformation, Boolean forceObtainTargetState, Boolean useSmartPathCachingAlgorithm, Boolean signallingDefinitlyUnchanged, Boolean verifySignallingState)
   at My.Namespace.ApplicationWcdmaPerformance.ExecuteInterimStep()
   at My.Namespace.ApplicationConformance.ExecuteTestcase()Exception occurred in test step 1, measurement step 1
Demo License Used: Demo License Used
TC Integration Mode: TC Integration Mode</failure>
  </testcase>
  <testcase name="009" classname="Regression-Prio-2" time="971.715" />
  <testcase name="010" classname="Regression-Prio-2" time="203.575" />
  <testcase name="011" classname="Regression-Prio-2" time="338.939" />
  <testcase name="012" classname="Regression-Prio-2" time="280.909" />
  <system-out />
  <system-err />
</testsuite>