started
Updating http://int-linux4/repo/trunk/testproject
At revision 21853
no change for http://int-linux4/repo/trunk/testproject since the previous build
Parsing POMs
[testproject] $ java -cp C:\TEMP\Jetty_0_0_0_0_8080_hudson.war__hudson__-adjpgj\webapp\WEB-INF\lib\maven-agent-1.205.jar;c:\program\java\apache-maven-2.0.8\boot\classworlds-1.1.jar hudson.maven.agent.Main c:/program/java/apache-maven-2.0.8 C:\TEMP\Jetty_0_0_0_0_8080_hudson.war__hudson__-adjpgj\webapp\WEB-INF\lib\remoting-1.205.jar C:\TEMP\Jetty_0_0_0_0_8080_hudson.war__hudson__-adjpgj\webapp\WEB-INF\lib\maven-interceptor-1.205.jar
???channel started
[INFO] Scanning for projects...
[INFO] Reactor build order: 
[INFO]   Testproject
[INFO]   Module 1
[INFO] Searching repository for plugin with prefix: 'findbugs'.
[INFO] ------------------------------------------------------------------------
[INFO] Building Testproject
[INFO]    task-segment: [findbugs:findbugs]
[INFO] ------------------------------------------------------------------------
[INFO] Preparing findbugs:findbugs
[INFO] No goals needed for project - skipping
[INFO] Setting property: classpath.resource.loader.class => 'org.codehaus.plexus.velocity.ContextClassLoaderResourceLoader'.
[INFO] Setting property: velocimacro.messages.on => 'false'.
[INFO] Setting property: resource.loader => 'classpath'.
[INFO] Setting property: resource.manager.logwhenfound => 'false'.
[INFO] ************************************************************** 
[INFO] Starting Jakarta Velocity v1.4
[INFO] RuntimeInstance initializing.
[INFO] Default Properties File: org\apache\velocity\runtime\defaults\velocity.properties
[INFO] Default ResourceManager initializing. (class org.apache.velocity.runtime.resource.ResourceManagerImpl)
[INFO] Resource Loader Instantiated: org.codehaus.plexus.velocity.ContextClassLoaderResourceLoader
[INFO] ClasspathResourceLoader : initialization starting.
[INFO] ClasspathResourceLoader : initialization complete.
[INFO] ResourceCache : initialized. (class org.apache.velocity.runtime.resource.ResourceCacheImpl)
[INFO] Default ResourceManager initialization complete.
[INFO] Loaded System Directive: org.apache.velocity.runtime.directive.Literal
[INFO] Loaded System Directive: org.apache.velocity.runtime.directive.Macro
[INFO] Loaded System Directive: org.apache.velocity.runtime.directive.Parse
[INFO] Loaded System Directive: org.apache.velocity.runtime.directive.Include
[INFO] Loaded System Directive: org.apache.velocity.runtime.directive.Foreach
[INFO] Created: 20 parsers.
[INFO] Velocimacro : initialization starting.
[INFO] Velocimacro : adding VMs from VM library template : VM_global_library.vm
[ERROR] ResourceManager : unable to find resource 'VM_global_library.vm' in any resource loader.
[INFO] Velocimacro : error using  VM library template VM_global_library.vm : org.apache.velocity.exception.ResourceNotFoundException: Unable to find resource 'VM_global_library.vm'
[INFO] Velocimacro :  VM library template macro registration complete.
[INFO] Velocimacro : allowInline = true : VMs can be defined inline in templates
[INFO] Velocimacro : allowInlineToOverride = false : VMs defined inline may NOT replace previous VM definitions
[INFO] Velocimacro : allowInlineLocal = false : VMs defined inline will be  global in scope if allowed.
[INFO] Velocimacro : initialization complete.
[INFO] Velocity successfully started.
[INFO] [findbugs:findbugs]
[INFO] Output class directory doesn't exist. Skipping findbugs.
file:/C:\Documents and Settings\ojergan\.hudson\plugins\findbugs\WEB-INF\lib\findbugs-1.3.2.jar;file:/C:/Documents and Settings/ojergan/.hudson/plugins/findbugs/WEB-INF/lib/fbcontrib-3.4.2-hudson-1.jar
Activating parser for maven-findbugs-plugin <= 1.1.1.
Successfully parsed findbugs file C:\Documents and Settings\ojergan\.hudson\jobs\testproject\workspace\testproject\module1\target\findbugs.xml of module Module 1 with 1 warnings.
A total of 1 potential bugs have been found.
Scanning workspace files for tasks...
A total of 2 open tasks have been found.
[HUDSON] Archiving C:\Documents and Settings\ojergan\.hudson\jobs\testproject\workspace\testproject\pom.xml to C:\Documents and Settings\ojergan\.hudson\jobs\testproject\modules\wg$wg-testproject\builds\2008-04-15_13-51-31\archive\wg\wg-testproject\1.0-SNAPSHOT\pom.xml
[INFO] ------------------------------------------------------------------------
[INFO] Building Module 1
[INFO]    task-segment: [findbugs:findbugs]
[INFO] ------------------------------------------------------------------------
[INFO] Preparing findbugs:findbugs
[INFO] [resources:resources]
[INFO] Using default encoding to copy filtered resources.
Scanning workspace files for tasks...
A total of 2 open tasks have been found.
[INFO] [compiler:compile]
[INFO] Nothing to compile - all classes are up to date
[HUDSON] Archiving C:\Documents and Settings\ojergan\.hudson\jobs\testproject\workspace\testproject\module1\pom.xml to C:\Documents and Settings\ojergan\.hudson\jobs\testproject\modules\wg$wg-testproject-module1\builds\2008-04-15_13-51-31\archive\wg\wg-testproject-module1\1.0-SNAPSHOT\pom.xml
[INFO] [findbugs:findbugs]
[INFO]   Using normal effort.
[INFO]   Using FindBugs Version: 1.2.0
[INFO]   Using normal threshold.
[INFO]   Using the xdoc format
[INFO]   Using normal effort.
[INFO]   Using normal threshold.
[INFO]   Debugging is Off
[INFO]   No bug include filter.
[INFO] There are Errors
[INFO] Printing Errors
[INFO] Printing Missing classes
file:/C:\Documents and Settings\ojergan\.hudson\plugins\findbugs\WEB-INF\lib\findbugs-1.3.2.jar;file:/C:/Documents and Settings/ojergan/.hudson/plugins/findbugs/WEB-INF/lib/fbcontrib-3.4.2-hudson-1.jar
Activating parser for maven-findbugs-plugin <= 1.1.1.
Successfully parsed findbugs file C:\Documents and Settings\ojergan\.hudson\jobs\testproject\workspace\testproject\module1\target\findbugs.xml of module Module 1 with 1 warnings.
A total of 1 potential bugs have been found.
[HUDSON] Archiving C:\Documents and Settings\ojergan\.hudson\jobs\testproject\workspace\testproject\module1\pom.xml to C:\Documents and Settings\ojergan\.hudson\jobs\testproject\modules\wg$wg-testproject-module1\builds\2008-04-15_13-51-31\archive\wg\wg-testproject-module1\1.0-SNAPSHOT\pom.xml
[INFO] 
[INFO] 
[INFO] ------------------------------------------------------------------------
[INFO] Reactor Summary:
[INFO] ------------------------------------------------------------------------
[INFO] Testproject ........................................... SUCCESS [12.751s]
[INFO] Module 1 .............................................. SUCCESS [3.578s]
[INFO] ------------------------------------------------------------------------
[INFO] ------------------------------------------------------------------------
[INFO] BUILD SUCCESSFUL
[INFO] ------------------------------------------------------------------------
[INFO] Total time: 17 seconds
[INFO] Finished at: Tue Apr 15 13:51:49 CEST 2008
[INFO] Final Memory: 16M/30M
[INFO] ------------------------------------------------------------------------
channel stopped
finished: SUCCESS

