Started by user Loyiso Gogwana
Building on master in workspace /Apps/jenkins/jobs/OLB/jobs/Nexus_Deploy/jobs/create_kernel_branch_from_trunk/workspace
Cleaning local Directory kernel
Checking out http://<hostname>:8080/svn/<repositoryname>/trunk/kernel at revision '2017-09-14T16:49:34.335 +0200'
Using sole credentials jenkins/****** (<user>) in realm ‘<http://<hostname>:8080> CollabNet Subversion Repository’
At revision 26592

Using sole credentials jenkins/****** (radar jenkins) in realm ‘<http://<hostname>:8080> CollabNet Subversion Repository’
Parsing POMs
Established TCP socket on 38357
[kernel] $ /Apps/jenkins/tools/hudson.model.JDK/jdk-8_45/bin/java -Xms512m -Xmx1024m -cp /Apps/jenkins/plugins/maven-plugin/WEB-INF/lib/maven33-agent-1.11.jar:/Apps/jenkins/tools/hudson.tasks.Maven_MavenInstallation/Maven_3.3.9/boot/plexus-classworlds-2.5.2.jar:/Apps/jenkins/tools/hudson.tasks.Maven_MavenInstallation/Maven_3.3.9/conf/logging jenkins.maven3.agent.Maven33Main /Apps/jenkins/tools/hudson.tasks.Maven_MavenInstallation/Maven_3.3.9 /var/cache/jenkins/war/WEB-INF/lib/remoting-3.11.jar /Apps/jenkins/plugins/maven-plugin/WEB-INF/lib/maven33-interceptor-1.11.jar /Apps/jenkins/plugins/maven-plugin/WEB-INF/lib/maven3-interceptor-commons-1.11.jar 38357
<===[JENKINS REMOTING CAPACITY]===>���channel started
Executing Maven:  -B -f /Apps/jenkins/jobs/OLB/jobs/Nexus_Deploy/jobs/create_kernel_branch_from_trunk/workspace/kernel/pom.xml -s /apps/jenkins/workspace/settings.xml -B release:branch -DautoVersionSubmodules=true -DupdateBranchVersions=true -DupdateWorkingCopyVersions=false -DremoteTagging=false -DsuppressCommitBeforeBranch=true -X
Apache Maven 3.3.9 (bb52d8502b132ec0a5a3f4c09453c07478323dc5; 2015-11-10T18:41:47+02:00)
Maven home: /Apps/jenkins/tools/hudson.tasks.Maven_MavenInstallation/Maven_3.3.9
Java version: 1.8.0_45, vendor: Oracle Corporation
Java home: /Apps/jenkins/tools/hudson.model.JDK/jdk-8_45/jre
Default locale: en_US, platform encoding: UTF-8
OS name: "linux", version: "2.6.32-696.1.1.el6.x86_64", arch: "amd64", family: "unix"
[INFO] Error stacktraces are turned on.
[DEBUG] Reading global settings from /Apps/jenkins/tools/hudson.tasks.Maven_MavenInstallation/Maven_3.3.9/conf/settings.xml
[DEBUG] Reading user settings from /apps/jenkins/workspace/settings.xml
[DEBUG] Reading global toolchains from /Apps/jenkins/tools/hudson.tasks.Maven_MavenInstallation/Maven_3.3.9/conf/toolchains.xml
[DEBUG] Reading user toolchains from /var/lib/jenkins/.m2/toolchains.xml
[INFO] Scanning for projects...
[INFO] ------------------------------------------------------------------------
[INFO]                                                                         
[INFO] ------------------------------------------------------------------------
[INFO] 
[INFO] --- maven-release-plugin:2.5.3:branch (default-cli) @ kernel ---
[DEBUG] release.properties not found - using empty properties
[INFO] Verifying that there are no local modifications...
[INFO]   ignoring changes on: **/pom.xml.releaseBackup, **/pom.xml.next, **/pom.xml.tag, **/pom.xml.branch, **/release.properties, **/pom.xml.backup
[INFO] Executing: /bin/sh -c cd /Apps/jenkins/jobs/OLB/jobs/Nexus_Deploy/jobs/create_kernel_branch_from_trunk/workspace/kernel && svn --username <username> --password '*****' --no-auth-cache --non-interactive status
[INFO] Working directory: /Apps/jenkins/jobs/OLB/jobs/Nexus_Deploy/jobs/create_kernel_branch_from_trunk/workspace/kernel
Started calculate disk usage of build
Finished Calculation of disk usage of build in 0 seconds
Started calculate disk usage of workspace
Finished Calculation of disk usage of workspace in 0 seconds
[INFO] ------------------------------------------------------------------------
[INFO] Reactor Summary:
[INFO]
[INFO] BUILD FAILURE
[INFO] ------------------------------------------------------------------------
[INFO] Total time: 5.384 s
[INFO] Finished at: 2017-09-14T16:49:53+02:00
[INFO] Final Memory: 17M/491M
[INFO] ------------------------------------------------------------------------
[ERROR] Failed to execute goal org.apache.maven.plugins:maven-release-plugin:2.5.3:branch (default-cli) on project kernel: Unable to check for local modifications
[ERROR] Provider message:
[ERROR] The svn command failed.
[ERROR] Command output:
[ERROR] svn: The path '.' appears to be part of a Subversion 1.7 or greater
[ERROR] working copy.  Please upgrade your Subversion client to use this
[ERROR] working copy.
[ERROR] -> [Help 1]
org.apache.maven.lifecycle.LifecycleExecutionException: Failed to execute goal org.apache.maven.plugins:maven-release-plugin:2.5.3:branch (default-cli) on project kernel: Unable to check for local modifications
Provider message:
The svn command failed.
Command output:
svn: The path '.' appears to be part of a Subversion 1.7 or greater
working copy.  Please upgrade your Subversion client to use this
working copy.

	at org.apache.maven.lifecycle.internal.MojoExecutor.execute(MojoExecutor.java:212)
	at org.apache.maven.lifecycle.internal.MojoExecutor.execute(MojoExecutor.java:153)
	at org.apache.maven.lifecycle.internal.MojoExecutor.execute(MojoExecutor.java:145)
	at org.apache.maven.lifecycle.internal.LifecycleModuleBuilder.buildProject(LifecycleModuleBuilder.java:116)
	at org.apache.maven.lifecycle.internal.LifecycleModuleBuilder.buildProject(LifecycleModuleBuilder.java:80)
	at org.apache.maven.lifecycle.internal.builder.singlethreaded.SingleThreadedBuilder.build(SingleThreadedBuilder.java:51)
	at org.apache.maven.lifecycle.internal.LifecycleStarter.execute(LifecycleStarter.java:128)
	at org.apache.maven.DefaultMaven.doExecute(DefaultMaven.java:307)
	at org.apache.maven.DefaultMaven.doExecute(DefaultMaven.java:193)
	at org.apache.maven.DefaultMaven.execute(DefaultMaven.java:106)
	at org.jvnet.hudson.maven3.launcher.Maven33Launcher.main(Maven33Launcher.java:129)
	at sun.reflect.NativeMethodAccessorImpl.invoke0(Native Method)
	at sun.reflect.NativeMethodAccessorImpl.invoke(NativeMethodAccessorImpl.java:62)
	at sun.reflect.DelegatingMethodAccessorImpl.invoke(DelegatingMethodAccessorImpl.java:43)
	at java.lang.reflect.Method.invoke(Method.java:497)
	at org.codehaus.plexus.classworlds.launcher.Launcher.launchStandard(Launcher.java:330)
	at org.codehaus.plexus.classworlds.launcher.Launcher.launch(Launcher.java:238)
	at jenkins.maven3.agent.Maven33Main.launch(Maven33Main.java:176)
	at sun.reflect.NativeMethodAccessorImpl.invoke0(Native Method)
	at sun.reflect.NativeMethodAccessorImpl.invoke(NativeMethodAccessorImpl.java:62)
	at sun.reflect.DelegatingMethodAccessorImpl.invoke(DelegatingMethodAccessorImpl.java:43)
	at java.lang.reflect.Method.invoke(Method.java:497)
	at hudson.maven.Maven3Builder.call(Maven3Builder.java:139)
	at hudson.maven.Maven3Builder.call(Maven3Builder.java:70)
	at hudson.remoting.UserRequest.perform(UserRequest.java:205)
	at hudson.remoting.UserRequest.perform(UserRequest.java:52)
	at hudson.remoting.Request$2.run(Request.java:356)
	at hudson.remoting.InterceptingExecutorService$1.call(InterceptingExecutorService.java:68)
	at java.util.concurrent.FutureTask.run(FutureTask.java:266)
	at java.util.concurrent.ThreadPoolExecutor.runWorker(ThreadPoolExecutor.java:1142)
	at java.util.concurrent.ThreadPoolExecutor$Worker.run(ThreadPoolExecutor.java:617)
	at java.lang.Thread.run(Thread.java:745)
Caused by: org.apache.maven.plugin.MojoFailureException: Unable to check for local modifications
Provider message:
The svn command failed.
Command output:
svn: The path '.' appears to be part of a Subversion 1.7 or greater
working copy.  Please upgrade your Subversion client to use this
working copy.

	at org.apache.maven.plugins.release.BranchReleaseMojo.execute(BranchReleaseMojo.java:243)
	at org.apache.maven.plugin.DefaultBuildPluginManager.executeMojo(DefaultBuildPluginManager.java:134)
	at org.apache.maven.lifecycle.internal.MojoExecutor.execute(MojoExecutor.java:207)
	... 31 more
Caused by: org.apache.maven.shared.release.scm.ReleaseScmCommandException: Unable to check for local modifications
Provider message:
The svn command failed.
Command output:
svn: The path '.' appears to be part of a Subversion 1.7 or greater
working copy.  Please upgrade your Subversion client to use this
working copy.

	at org.apache.maven.shared.release.phase.ScmCheckModificationsPhase.execute(ScmCheckModificationsPhase.java:139)
	at org.apache.maven.shared.release.DefaultReleaseManager.branch(DefaultReleaseManager.java:507)
	at org.apache.maven.shared.release.DefaultReleaseManager.branch(DefaultReleaseManager.java:474)
	at org.apache.maven.shared.release.DefaultReleaseManager.branch(DefaultReleaseManager.java:459)
	at org.apache.maven.plugins.release.BranchReleaseMojo.execute(BranchReleaseMojo.java:235)
	... 33 more
[ERROR] 
[ERROR] Re-run Maven using the -X switch to enable full debug logging.
[ERROR] 
[ERROR] For more information about the errors and possible solutions, please read the following articles:
[ERROR] [Help 1] http://cwiki.apache.org/confluence/display/MAVEN/MojoFailureException
[JENKINS] Archiving /Apps/jenkins/jobs/OLB/jobs/Nexus_Deploy/jobs/create_kernel_branch_from_trunk/workspace/kernel/kernel-xmlui-radar/pom.xml to <group-id>/kernel-xmlui-radar/15.x.0-DEV-SNAPSHOT/kernel-xmlui-radar-15.x.0-DEV-SNAPSHOT.pom
[JENKINS] Archiving /Apps/jenkins/jobs/OLB/jobs/Nexus_Deploy/jobs/create_kernel_branch_from_trunk/workspace/kernel/kernel-xmap3/pom.xml to <group-id>/kernel-xmap3/15.x.0-DEV-SNAPSHOT/kernel-xmap3-15.x.0-DEV-SNAPSHOT.pom
[JENKINS] Archiving /Apps/jenkins/jobs/OLB/jobs/Nexus_Deploy/jobs/create_kernel_branch_from_trunk/workspace/kernel/kernel-tools-plugin/pom.xml to <group-id>/kernel-tools-plugin/15.x.0-DEV-SNAPSHOT/kernel-tools-plugin-15.x.0-DEV-SNAPSHOT.pom
[JENKINS] Archiving /Apps/jenkins/jobs/OLB/jobs/Nexus_Deploy/jobs/create_kernel_branch_from_trunk/workspace/kernel/kernel-utils/pom.xml to <group-id>/kernel-utils/15.x.0-DEV-SNAPSHOT/kernel-utils-15.x.0-DEV-SNAPSHOT.pom
[JENKINS] Archiving /Apps/jenkins/jobs/OLB/jobs/Nexus_Deploy/jobs/create_kernel_branch_from_trunk/workspace/kernel/kernel-xmlui-olb/pom.xml to <group-id>/kernel-xmlui-olb/15.x.0-DEV-SNAPSHOT/kernel-xmlui-olb-15.x.0-DEV-SNAPSHOT.pom
[JENKINS] Archiving /Apps/jenkins/jobs/OLB/jobs/Nexus_Deploy/jobs/create_kernel_branch_from_trunk/workspace/kernel/kernel-runtime/pom.xml to <group-id>/kernel-runtime/15.x.0-DEV-SNAPSHOT/kernel-runtime-15.x.0-DEV-SNAPSHOT.pom
[JENKINS] Archiving /Apps/jenkins/jobs/OLB/jobs/Nexus_Deploy/jobs/create_kernel_branch_from_trunk/workspace/kernel/kernel-xmldb/pom.xml to <group-id>/kernel-xmldb/15.x.0-DEV-SNAPSHOT/kernel-xmldb-15.x.0-DEV-SNAPSHOT.pom
[JENKINS] Archiving /Apps/jenkins/jobs/OLB/jobs/Nexus_Deploy/jobs/create_kernel_branch_from_trunk/workspace/kernel/pom.xml to <group-id>/kernel/15.x.0-DEV-SNAPSHOT/kernel-15.x.0-DEV-SNAPSHOT.pom
channel stopped
Started calculate disk usage of build
Finished Calculation of disk usage of build in 0 seconds
Started calculate disk usage of workspace
Finished Calculation of disk usage of workspace in 0 seconds
Sending e-mails to: <user>@<mailadress.com>
Finished: FAILURE