Started by user anonymous
Building remotely on TestComplete-QTP-Client (QTP TestComplete) in workspace C:\Jenkins\workspace\Tests_QTP
[Tests_QTP] $ C:\Jenkins\workspace\Tests_QTP\HpToolsLauncher.exe -paramfile props03042015194001047.txt
"Started..."
4 tests found:
C:\AumentumTestAutomation\Test Modules\CaseManagement\General-TC_02_TX-TAR-CM_Req_Cases_SearchByCases_Saved Query
C:\AumentumTestAutomation\Test Modules\CaseManagement\General-TC_04_TX-TAR-CM_Req_Cases_SearchByCases_Next button
C:\AumentumTestAutomation\Test Modules\CaseManagement\TC_01_TX-TAR-CM_Bug_102588_HearingProcessing_UDFControls
C:\AumentumTestAutomation\Test Modules\CaseManagement\TC_02_TX-TAR-CM_Bug_102588_HearingProcessing_UDFControls
============================================================================
03/04/2015 16:40:10 Running: C:\AumentumTestAutomation\Test Modules\CaseManagement\General-TC_02_TX-TAR-CM_Req_Cases_SearchByCases_Saved Query
Running test: C:\AumentumTestAutomation\Test Modules\CaseManagement\General-TC_02_TX-TAR-CM_Req_Cases_SearchByCases_Saved Query
Test result: Passed
03/04/2015 16:42:49 Test complete: C:\AumentumTestAutomation\Test Modules\CaseManagement\General-TC_02_TX-TAR-CM_Req_Cases_SearchByCases_Saved Query
-------------------------------------------------------------------------------------------------------
03/04/2015 16:42:49 Running: C:\AumentumTestAutomation\Test Modules\CaseManagement\General-TC_04_TX-TAR-CM_Req_Cases_SearchByCases_Next button
Test result: Error
03/04/2015 16:42:49 Test complete: C:\AumentumTestAutomation\Test Modules\CaseManagement\General-TC_04_TX-TAR-CM_Req_Cases_SearchByCases_Next button
-------------------------------------------------------------------------------------------------------
03/04/2015 16:42:49 Running: C:\AumentumTestAutomation\Test Modules\CaseManagement\TC_01_TX-TAR-CM_Bug_102588_HearingProcessing_UDFControls
Test result: Error
03/04/2015 16:42:49 Test complete: C:\AumentumTestAutomation\Test Modules\CaseManagement\TC_01_TX-TAR-CM_Bug_102588_HearingProcessing_UDFControls
-------------------------------------------------------------------------------------------------------
03/04/2015 16:42:49 Running: C:\AumentumTestAutomation\Test Modules\CaseManagement\TC_02_TX-TAR-CM_Bug_102588_HearingProcessing_UDFControls
Test result: Error
03/04/2015 16:42:49 Test complete: C:\AumentumTestAutomation\Test Modules\CaseManagement\TC_02_TX-TAR-CM_Bug_102588_HearingProcessing_UDFControls
-------------------------------------------------------------------------------------------------------
================================================
Run status: Job failed, total tests: 4, succeeded: 1, failures: 0, errors: 3
Passed : C:\AumentumTestAutomation\Test Modules\CaseManagement\General-TC_02_TX-TAR-CM_Req_Cases_SearchByCases_Saved Query
Error  : C:\AumentumTestAutomation\Test Modules\CaseManagement\General-TC_04_TX-TAR-CM_Req_Cases_SearchByCases_Next button
Error  : C:\AumentumTestAutomation\Test Modules\CaseManagement\TC_01_TX-TAR-CM_Bug_102588_HearingProcessing_UDFControls
Error  : C:\AumentumTestAutomation\Test Modules\CaseManagement\TC_02_TX-TAR-CM_Bug_102588_HearingProcessing_UDFControls
================================================
Build step 'Execute HP tests from file system' changed build result to FAILURE
Report archiving mode is set to: ALWAYS_ARCHIVE_TEST_REPORT
Zipping report folder: C:\AumentumTestAutomation\Test Modules\CaseManagement\General-TC_02_TX-TAR-CM_Req_Cases_SearchByCases_Saved Query\Report
Finished: FAILURE