<?xml version="1.0" encoding="UTF-8"?>
<testsuites tests="161" failures="13" disabled="13" errors="0" timestamp="2018-06-19T18:21:37" time="82.374" name="AllTests">
  <testsuite name="sample" tests="1" failures="0" disabled="1" errors="0" time="0">
    <testcase name="sample" status="notrun" time="0" classname="sample" />
  </testsuite>
  <testsuite name="sample" tests="2" failures="0" disabled="2" errors="0" time="0">
    <testcase name="sample" status="notrun" time="0" classname="sample" />
    <testcase name="sample" status="notrun" time="0" classname="sample" />
  </testsuite>
  <testsuite name="sample" tests="3" failures="1" disabled="0" errors="0" time="0.002">
    <testcase name="sample" status="run" time="0.001" classname="sample">
    </testcase>
    <testcase name="sample" status="run" time="0.001" classname="sample" />
    <testcase name="sample" status="run" time="0" classname="sample" />
  </testsuite>
  <testsuite name="sample" tests="10" failures="0" disabled="0" errors="0" time="0.063">
    <testcase name="sample" status="run" time="0.006" classname="sample" />
    <testcase name="sample" status="run" time="0.006" classname="sample" />
    <testcase name="sample" status="run" time="0.008" classname="sample" />
    <testcase name="sample" status="run" time="0.007" classname="sample" />
    <testcase name="sample" status="run" time="0" classname="sample" />
    <testcase name="sample" status="run" time="0.006" classname="sample" />
    <testcase name="sample" status="run" time="0.007" classname="sample" />
    <testcase name="sample" status="run" time="0.006" classname="sample" />
    <testcase name="sample" status="run" time="0.007" classname="sample" />
    <testcase name="sample" status="run" time="0.008" classname="sample" />
  </testsuite>
  <testsuite name="sample" tests="1" failures="0" disabled="0" errors="0" time="0">
    <testcase name="sample" status="run" time="0" classname="sample" />
  </testsuite>
  <testsuite name="sample" tests="21" failures="0" disabled="2" errors="0" time="0.148">
    <testcase name="sample" status="run" time="0.006" classname="sample" />
    <testcase name="sample" status="run" time="0.006" classname="sample" />
    <testcase name="sample" status="run" time="0.006" classname="sample" />
    <testcase name="sample" status="run" time="0.001" classname="sample" />
    <testcase name="sample" status="run" time="0.006" classname="sample" />
    <testcase name="sample" status="run" time="0.024" classname="sample" />
    <testcase name="sample" status="run" time="0.021" classname="sample" />
    <testcase name="sample" status="notrun" time="0" classname="sample" />
    <testcase name="sample" status="run" time="0.006" classname="sample" />
    <testcase name="sample" status="run" time="0.011" classname="sample" />
    <testcase name="sample" status="run" time="0.001" classname="sample" />
    <testcase name="sample" status="run" time="0.006" classname="sample" />
    <testcase name="sample" status="run" time="0.006" classname="sample" />
    <testcase name="sample" status="run" time="0.006" classname="sample" />
    <testcase name="sample" status="run" time="0.012" classname="sample" />
    <testcase name="sample" status="run" time="0.011" classname="sample" />
    <testcase name="sample" status="notrun" time="0" classname="sample" />
    <testcase name="sample" status="run" time="0.006" classname="sample" />
    <testcase name="sample" status="run" time="0.006" classname="sample" />
    <testcase name="sample" status="run" time="0.001" classname="sample" />
    <testcase name="sample" status="run" time="0.006" classname="sample" />
  </testsuite>
  <testsuite name="sample" tests="2" failures="0" disabled="0" errors="0" time="0.003">
    <testcase name="sample" status="run" time="0.001" classname="sample" />
    <testcase name="sample" status="run" time="0.002" classname="sample" />
  </testsuite>
  <testsuite name="sample" tests="7" failures="1" disabled="0" errors="0" time="0.034">
    <testcase name="sample" status="run" time="0.005" classname="sample" />
    <testcase name="sample" status="run" time="0.006" classname="sample">
    </testcase>
    <testcase name="sample" status="run" time="0.006" classname="sample" />
    <testcase name="sample" status="run" time="0.005" classname="sample" />
    <testcase name="sample" status="run" time="0.006" classname="sample" />
    <testcase name="sample" status="run" time="0" classname="sample" />
    <testcase name="sample" status="run" time="0.006" classname="sample" />
  </testsuite>
  <testsuite name="sample" tests="11" failures="2" disabled="1" errors="0" time="0.469">
    <testcase name="sample" status="notrun" time="0" classname="sample" />
    <testcase name="sample" status="run" time="0" classname="sample">
    </testcase>
    <testcase name="sample" status="run" time="0.001" classname="sample" />
    <testcase name="sample" status="run" time="0.001" classname="sample" />
    <testcase name="sample" status="run" time="0" classname="sample" />
    <testcase name="sample" status="run" time="0.001" classname="sample" />
    <testcase name="sample" status="run" time="0.001" classname="sample" />
    <testcase name="sample" status="run" time="0" classname="sample" />
  </testsuite>
  <testsuite name="sample" tests="1" failures="0" disabled="1" errors="0" time="0">
    <testcase name="sample" status="notrun" time="0" classname="sample" />
  </testsuite>
  <testsuite name="sample" tests="6" failures="3" disabled="0" errors="0" time="0.04">
    <testcase name="sample" status="run" time="0.004" classname="sample">
    </testcase>
  </testsuite>
  <testsuite name="sample" tests="11" failures="0" disabled="0" errors="0" time="0.034">
    <testcase name="sample" status="run" time="0.003" classname="sample" />
    <testcase name="sample" status="run" time="0.004" classname="sample" />
    <testcase name="sample" status="run" time="0.003" classname="sample" />
    <testcase name="sample" status="run" time="0.004" classname="sample" />
    <testcase name="sample" status="run" time="0.003" classname="sample" />
    <testcase name="sample" status="run" time="0.003" classname="sample" />
    <testcase name="sample" status="run" time="0.004" classname="sample" />
    <testcase name="sample" status="run" time="0.003" classname="sample" />
    <testcase name="sample" status="run" time="0.001" classname="sample" />
    <testcase name="sample" status="run" time="0.003" classname="sample" />
    <testcase name="sample" status="run" time="0.003" classname="sample" />
  </testsuite>
  <testsuite name="sample" tests="7" failures="0" disabled="0" errors="0" time="0.022">
    <testcase name="sample" status="run" time="0.004" classname="sample" />
    <testcase name="sample" status="run" time="0.003" classname="sample" />
    <testcase name="sample" status="run" time="0.004" classname="sample" />
    <testcase name="sample" status="run" time="0.003" classname="sample" />
    <testcase name="sample" status="run" time="0" classname="sample" />
    <testcase name="sample" status="run" time="0.003" classname="sample" />
    <testcase name="sample" status="run" time="0.004" classname="sample" />
  </testsuite>
  <testsuite name="sample" tests="2" failures="0" disabled="0" errors="0" time="5.007">
    <testcase name="sample" status="run" time="5.002" classname="sample" />
    <testcase name="sample" status="run" time="0.005" classname="sample" />
  </testsuite>
  <testsuite name="sample" tests="1" failures="0" disabled="1" errors="0" time="0">
    <testcase name="sample" status="notrun" time="0" classname="sample" />
  </testsuite>
  <testsuite name="sample" tests="1" failures="0" disabled="1" errors="0" time="0">
    <testcase name="sample" status="notrun" time="0" classname="sample" />
  </testsuite>
  <testsuite name="sample" tests="1" failures="0" disabled="1" errors="0" time="0">
    <testcase name="sample" status="notrun" time="0" classname="sample" />
  </testsuite>
  <testsuite name="sample" tests="1" failures="0" disabled="1" errors="0" time="0">
    <testcase name="sample" status="notrun" time="0" classname="sample" />
  </testsuite>
  <testsuite name="sample" tests="11" failures="0" disabled="0" errors="0" time="0.118">
    <testcase name="sample" status="run" time="0.016" classname="sample" />
    <testcase name="sample" status="run" time="0.013" classname="sample" />
    <testcase name="sample" status="run" time="0.012" classname="sample" />
    <testcase name="sample" status="run" time="0.011" classname="sample" />
    <testcase name="sample" status="run" time="0.011" classname="sample" />
    <testcase name="sample" status="run" time="0.009" classname="sample" />
    <testcase name="sample" status="run" time="0.009" classname="sample" />
    <testcase name="sample" status="run" time="0.002" classname="sample" />
    <testcase name="sample" status="run" time="0.008" classname="sample" />
    <testcase name="sample" status="run" time="0.014" classname="sample" />
    <testcase name="sample" status="run" time="0.013" classname="sample" />
  </testsuite>
  <testsuite name="sample" tests="10" failures="3" disabled="0" errors="0" time="0.137">
    <testcase name="sample" status="run" time="0.009" classname="sample">
    </testcase>
    <testcase name="sample" status="run" time="0.007" classname="sample" />
    <testcase name="sample" status="run" time="0.009" classname="sample" />
    <testcase name="sample" status="run" time="0.001" classname="sample" />
    <testcase name="sample" status="run" time="0.007" classname="sample" />
    <testcase name="sample" status="run" time="0.089" classname="sample">
    </testcase>
    <testcase name="sample" status="run" time="0.003" classname="sample" />
    <testcase name="sample" status="run" time="0.004" classname="sample" />
    <testcase name="sample" status="run" time="0.004" classname="sample" />
    <testcase name="sample" status="run" time="0.004" classname="sample">
    </testcase>
  </testsuite>
  <testsuite name="sample" tests="2" failures="0" disabled="0" errors="0" time="0.001">
    <testcase name="sample" status="run" time="0.001" classname="sample" />
    <testcase name="sample" status="run" time="0" classname="sample" />
  </testsuite>
  <testsuite name="sample" tests="2" failures="0" disabled="0" errors="0" time="1.002">
    <testcase name="sample" status="run" time="0.001" classname="sample" />
    <testcase name="sample" status="run" time="1.001" classname="sample" />
  </testsuite>
  <testsuite name="sample" tests="8" failures="0" disabled="0" errors="0" time="22.022">
    <testcase name="sample" status="run" time="0.002" classname="sample" />
    <testcase name="sample" status="run" time="0.001" classname="sample" />
    <testcase name="sample" status="run" time="0.006" classname="sample" />
    <testcase name="sample" status="run" time="1.002" classname="sample" />
    <testcase name="sample" status="run" time="2.001" classname="sample" />
    <testcase name="sample" status="run" time="6.003" classname="sample" />
    <testcase name="sample" status="run" time="6.002" classname="sample" />
    <testcase name="sample" status="run" time="7.004" classname="sample" />
  </testsuite>
  <testsuite name="sample" tests="9" failures="0" disabled="0" errors="0" time="27.044">
    <testcase name="sample" status="run" time="1.004" classname="sample" />
    <testcase name="sample" status="run" time="0.003" classname="sample" />
    <testcase name="sample" status="run" time="0.003" classname="sample" />
    <testcase name="sample" status="run" time="0.013" classname="sample" />
    <testcase name="sample" status="run" time="2.003" classname="sample" />
    <testcase name="sample" status="run" time="2.004" classname="sample" />
    <testcase name="sample" status="run" time="7.005" classname="sample" />
    <testcase name="sample" status="run" time="7.005" classname="sample" />
    <testcase name="sample" status="run" time="8.004" classname="sample" />
  </testsuite>
  <testsuite name="sample" tests="1" failures="0" disabled="1" errors="0" time="0">
    <testcase name="sample" status="notrun" time="0" classname="sample" />
  </testsuite>
  <testsuite name="sample" tests="3" failures="0" disabled="0" errors="0" time="0.001">
    <testcase name="sample" status="run" time="0" classname="sample" />
    <testcase name="sample" status="run" time="0" classname="sample" />
    <testcase name="sample" status="run" time="0" classname="sample" />
  </testsuite>
  <testsuite name="sample" tests="4" failures="2" disabled="0" errors="0" time="21.098">
    <testcase name="sample" status="run" time="2.067" classname="sample" />
    <testcase name="sample" status="run" time="9.021" classname="sample">
     </testcase>
    <testcase name="sample" status="run" time="8.009" classname="sample">
     </testcase>
    <testcase name="sample" status="run" time="2.001" classname="sample" />
  </testsuite>
  <testsuite name="sample" tests="4" failures="0" disabled="0" errors="0" time="5.023">
    <testcase name="sample" status="run" time="5.007" classname="sample" />
    <testcase name="sample" status="run" time="0.004" classname="sample" />
    <testcase name="sample" status="run" time="0.002" classname="sample" />
    <testcase name="sample" status="run" time="0.01" classname="sample" />
  </testsuite>
  <testsuite name="sample" tests="4" failures="1" disabled="0" errors="0" time="0.031">
    <testcase name="sample" status="run" time="0" classname="sample" />
    <testcase name="sample" status="run" time="0.018" classname="sample">
    </testcase>
    <testcase name="sample" status="run" time="0" classname="sample" />
    <testcase name="sample" status="run" time="0.013" classname="sample" />
  </testsuite>
  <testsuite name="sample" tests="1" failures="0" disabled="1" errors="0" time="0">
    <testcase name="sample" status="notrun" time="0" classname="sample" />
  </testsuite>
  <testsuite name="sample" tests="10" failures="0" disabled="0" errors="0" time="0.073">
    <testcase name="sample" status="run" time="0.007" classname="sample" />
    <testcase name="sample" status="run" time="0.007" classname="sample" />
    <testcase name="sample" status="run" time="0.006" classname="sample" />
    <testcase name="sample" status="run" time="0.025" classname="sample" />
    <testcase name="sample" status="run" time="0.005" classname="sample" />
    <testcase name="sample" status="run" time="0.006" classname="sample" />
    <testcase name="sample" status="run" time="0.006" classname="sample" />
    <testcase name="sample" status="run" time="0.001" classname="sample" />
    <testcase name="sample" status="run" time="0.005" classname="sample" />
    <testcase name="sample" status="run" time="0.005" classname="sample" />
  </testsuite>
  <testsuite name="sample" tests="2" failures="0" disabled="0" errors="0" time="0.002">
    <testcase name="sample" status="run" time="0.001" classname="sample" />
    <testcase name="sample" status="run" time="0.001" classname="sample" />
  </testsuite>
  <testsuite name="sample" tests="1" failures="0" disabled="0" errors="0" time="0">
    <testcase name="sample" status="run" time="0" classname="sample" />
  </testsuite>
</testsuites>
