Iniciado pelo projeto superior "01_PACOTE PEDIDO DE VENDA" builds número 55
originalmente causado por:
 Iniciado pelo projeto superior "01_PACOTE VENDAS" builds número 53
 originalmente causado por:
  Iniciado pelo projeto superior "01_PACOTE TUDO" builds número 52
  originalmente causado por:
   Iniciado pelo usuário Jonatas Lembeck da Silva
Construindo remotamente em MaquinaFisicaUFT no workspace c:\workspace\PedidoVenda_EntregaImediata
[WS-CLEANUP] Deleting project workspace...
[WS-CLEANUP] Done
Cloning the remote Git repository
Cloning repository http://gitlab.ciss.com.br/automacao/automacao-cisspoder.git
 > git init c:\workspace\PedidoVenda_EntregaImediata # timeout=10
Fetching upstream changes from http://gitlab.ciss.com.br/automacao/automacao-cisspoder.git
 > git --version # timeout=10
using GIT_ASKPASS to set credentials GITLAB.CISS
 > git fetch --tags --progress http://gitlab.ciss.com.br/automacao/automacao-cisspoder.git +refs/heads/*:refs/remotes/origin/*
 > git config remote.origin.url http://gitlab.ciss.com.br/automacao/automacao-cisspoder.git # timeout=10
 > git config --add remote.origin.fetch +refs/heads/*:refs/remotes/origin/* # timeout=10
 > git config remote.origin.url http://gitlab.ciss.com.br/automacao/automacao-cisspoder.git # timeout=10
Fetching upstream changes from http://gitlab.ciss.com.br/automacao/automacao-cisspoder.git
using GIT_ASKPASS to set credentials GITLAB.CISS
 > git fetch --tags --progress http://gitlab.ciss.com.br/automacao/automacao-cisspoder.git +refs/heads/*:refs/remotes/origin/*
 > git rev-parse "refs/remotes/origin/automacao^{commit}" # timeout=10
 > git rev-parse "refs/remotes/origin/origin/automacao^{commit}" # timeout=10
Checking out Revision 9f70d8060e1aec1621894e5956a9d149c9a32a3e (refs/remotes/origin/automacao)
Commit message: "Merge branch 'dev' into 'dev'"
 > git config core.sparsecheckout # timeout=10
 > git checkout -f 9f70d8060e1aec1621894e5956a9d149c9a32a3e
First time build. Skipping changelog.
[PedidoVenda_EntregaImediata] $ cmd /c call C:\Users\AUTOMA~1\AppData\Local\Temp\hudson2959550934233541926.bat

c:\workspace\PedidoVenda_EntregaImediata>CALL pre-start.bat 

c:\workspace\PedidoVenda_EntregaImediata>ECHO off 
"INICIANDO PRE-REQUISITOS"

"CRIANDO ARQUIVO timeOutUFT..."
"TIMEOUT 1900"

"REPOSITORIO DE COMPILACAO E ATUALIZACAO..."
"BRANCH automacao"

"FORMA DE ATUALIZACAO: ATUALIZADOR."

"INFORMACOES PARA CONEXAO COM O BANCO DE DADOS"
"NOME...AUTOM"
"IP.....172.16.108.23"
"PORTA..50000"
ECHO est  desativado.
"DERRUBA CONEXÃO CISSPODER..."
ERRO: o processo "ciss.exe" nÆo foi encontrado.

"INICIANDO CONEXAO COM O SRVARQUIVOS..."
"SUCESSO!!!! Acesso ao SRVARQUIVOS concluido."

"ATUALIZANDO O CISSPODER COM A BRANCH automacao"

"INICIANDO ATUALIZACAO COM O ATUALIZADOR"

"COPIANDO ARQUIVOS"
        1 arquivo(s) copiado(s).

"EXCLUINDO PBDs..."

"EXECUTANDO ATUALIZADOR..."
"VALIDANDO ATUALIZACAO"
OK.

"VALIDANDO DIRETORIO FIXO"

"REMOVENDO TUDO EM: c:\git\automacao-cisspoder"

"COPIANDO ARQUIVOS DE c:\workspace\PedidoVenda_EntregaImediata TO c:\git\automacao-cisspoder"
5235 arquivo(s) copiado(s)

"PROCESSO CONCLUIDO"
[PedidoVenda_EntregaImediata] $ c:\workspace\PedidoVenda_EntregaImediata\HpToolsLauncher.exe -paramfile props15072018173133095.txt
"Started..."
Launcher timeout is 00::00:32:40
Controller Polling Interval: 30 seconds
PerScenarioTimeout: 00::00:10:00 minutes
FileSystemTestRunner timeout is 00:32:40
Mc connection info is - Mc HostAddress: , McPort: 8080, Username: , TenantId: , UseSSL: 0, UseProxy: 0, ProxyType: 0, ProxyAddress: , ProxyPort: 0, ProxyAuth: 0, ProxyUser: 
1 tests found:
PedidoVenda_EntregaImediata
============================================================================
15/07/2018 17:31:32 Running: C:\git\automacao-cisspoder\Suites\CISSPoder\Vendas\Pedido de Venda\PedidoVenda_EntregaImediata
Running test: C:\git\automacao-cisspoder\Suites\CISSPoder\Vendas\Pedido de Venda\PedidoVenda_EntregaImediata
Timeout has expired
Test result: Error
15/07/2018 18:04:15 Test complete: C:\git\automacao-cisspoder\Suites\CISSPoder\Vendas\Pedido de Venda\PedidoVenda_EntregaImediata
-------------------------------------------------------------------------------------------------------
================================================
Run status: Job failed, total tests: 1, succeeded: 0, failures: 0, errors: 1
Error  : C:\git\automacao-cisspoder\Suites\CISSPoder\Vendas\Pedido de Venda\PedidoVenda_EntregaImediata
================================================
Build step 'Execute HPE tests from file system' changed build result to FAILURE
Performing Post build task...
Match found for : : True
Logical operation result is TRUE
Running script  : del C:\timeOutUFT.txt
[PedidoVenda_EntregaImediata] $ cmd /c call C:\Users\AUTOMA~1\AppData\Local\Temp\hudson458629342805608590.bat

c:\workspace\PedidoVenda_EntregaImediata>del C:\timeOutUFT.txt 

c:\workspace\PedidoVenda_EntregaImediata>exit 0 
POST BUILD TASK : SUCCESS
END OF POST BUILD TASK : 0
Gravando o resultado dos testes
Report archiving mode is set to: ALWAYS_ARCHIVE_TEST_REPORT
Finished: FAILURE