-------------------------------------------------------------------------------
Test set: InjectedTest
-------------------------------------------------------------------------------
Tests run: 2, Failures: 0, Errors: 2, Skipped: 0, Time elapsed: 9.46 sec <<< FAILURE!
org.jvnet.hudson.test.JellyTestSuiteBuilder$JellyTestSuite(org.jvnet.hudson.test.junit.FailedTest)  Time elapsed: 0.007 sec  <<< ERROR!
java.lang.ArrayIndexOutOfBoundsException: -1
	at com.thoughtworks.xstream.core.util.OrderRetainingMap.entrySet(OrderRetainingMap.java:77)
	at java.util.HashMap.putMapEntries(HashMap.java:511)
	at java.util.HashMap.putAll(HashMap.java:784)
	at com.thoughtworks.xstream.core.util.OrderRetainingMap.<init>(OrderRetainingMap.java:36)
	at com.thoughtworks.xstream.converters.reflection.FieldDictionary.buildMap(FieldDictionary.java:135)
	at com.thoughtworks.xstream.converters.reflection.FieldDictionary.fieldsFor(FieldDictionary.java:76)
	at com.thoughtworks.xstream.converters.reflection.PureJavaReflectionProvider.visitSerializableFields(PureJavaReflectionProvider.java:127)
	at hudson.util.RobustReflectionConverter.doMarshal(RobustReflectionConverter.java:149)
	at hudson.util.RobustReflectionConverter.marshal(RobustReflectionConverter.java:108)
	at com.thoughtworks.xstream.core.AbstractReferenceMarshaller.convert(AbstractReferenceMarshaller.java:69)
	at com.thoughtworks.xstream.core.TreeMarshaller.convertAnother(TreeMarshaller.java:58)
	at com.thoughtworks.xstream.core.TreeMarshaller.convertAnother(TreeMarshaller.java:43)
	at com.thoughtworks.xstream.core.TreeMarshaller.start(TreeMarshaller.java:82)
	at com.thoughtworks.xstream.core.AbstractTreeMarshallingStrategy.marshal(AbstractTreeMarshallingStrategy.java:37)
	at com.thoughtworks.xstream.XStream.marshal(XStream.java:898)
	at com.thoughtworks.xstream.XStream.marshal(XStream.java:887)
	at com.thoughtworks.xstream.XStream.toXML(XStream.java:860)
	at hudson.XmlFile.write(XmlFile.java:179)
	at jenkins.model.Jenkins.save(Jenkins.java:2656)
	at jenkins.model.Jenkins.setNoUsageStatistics(Jenkins.java:988)
	at org.jvnet.hudson.test.HudsonTestCase.setUp(HudsonTestCase.java:320)
	at org.jvnet.hudson.test.JellyTestSuiteBuilder$JellyTestSuite.setUp(JellyTestSuiteBuilder.java:133)
	at org.jvnet.hudson.test.junit.GroupedTest.run(GroupedTest.java:49)
	at junit.framework.TestSuite.runTest(TestSuite.java:255)
	at junit.framework.TestSuite.run(TestSuite.java:250)
	at org.junit.internal.runners.JUnit38ClassRunner.run(JUnit38ClassRunner.java:84)
	at org.apache.maven.surefire.junit4.JUnit4TestSet.execute(JUnit4TestSet.java:53)
	at org.apache.maven.surefire.junit4.JUnit4Provider.executeTestSet(JUnit4Provider.java:123)
	at org.apache.maven.surefire.junit4.JUnit4Provider.invoke(JUnit4Provider.java:104)
	at sun.reflect.NativeMethodAccessorImpl.invoke0(Native Method)
	at sun.reflect.NativeMethodAccessorImpl.invoke(NativeMethodAccessorImpl.java:62)
	at sun.reflect.DelegatingMethodAccessorImpl.invoke(DelegatingMethodAccessorImpl.java:43)
	at java.lang.reflect.Method.invoke(Method.java:497)
	at org.apache.maven.surefire.util.ReflectionUtils.invokeMethodWithArray(ReflectionUtils.java:164)
	at org.apache.maven.surefire.booter.ProviderFactory$ProviderProxy.invoke(ProviderFactory.java:110)
	at org.apache.maven.surefire.booter.SurefireStarter.invokeProvider(SurefireStarter.java:172)
	at org.apache.maven.surefire.booter.SurefireStarter.runSuitesInProcessWhenForked(SurefireStarter.java:104)
	at org.apache.maven.surefire.booter.ForkedBooter.main(ForkedBooter.java:70)
testCliSanity(org.jvnet.hudson.test.PluginAutomaticTestBuilder$CliSanityTest)  Time elapsed: 0.03 sec  <<< ERROR!
java.lang.IllegalStateException: second instance
	at jenkins.model.Jenkins.<init>(Jenkins.java:758)
	at hudson.model.Hudson.<init>(Hudson.java:81)
	at org.jvnet.hudson.test.HudsonTestCase.newHudson(HudsonTestCase.java:469)
	at org.jvnet.hudson.test.HudsonTestCase.setUp(HudsonTestCase.java:312)
	at junit.framework.TestCase.runBare(TestCase.java:139)
	at org.jvnet.hudson.test.HudsonTestCase.runBare(HudsonTestCase.java:290)
	at junit.framework.TestResult$1.protect(TestResult.java:122)
	at junit.framework.TestResult.runProtected(TestResult.java:142)
	at junit.framework.TestResult.run(TestResult.java:125)
	at junit.framework.TestCase.run(TestCase.java:129)
	at junit.framework.TestSuite.runTest(TestSuite.java:255)
	at junit.framework.TestSuite.run(TestSuite.java:250)
	at junit.framework.TestSuite.runTest(TestSuite.java:255)
	at junit.framework.TestSuite.run(TestSuite.java:250)
	at org.junit.internal.runners.JUnit38ClassRunner.run(JUnit38ClassRunner.java:84)
	at org.apache.maven.surefire.junit4.JUnit4TestSet.execute(JUnit4TestSet.java:53)
	at org.apache.maven.surefire.junit4.JUnit4Provider.executeTestSet(JUnit4Provider.java:123)
	at org.apache.maven.surefire.junit4.JUnit4Provider.invoke(JUnit4Provider.java:104)
	at sun.reflect.NativeMethodAccessorImpl.invoke0(Native Method)
	at sun.reflect.NativeMethodAccessorImpl.invoke(NativeMethodAccessorImpl.java:62)
	at sun.reflect.DelegatingMethodAccessorImpl.invoke(DelegatingMethodAccessorImpl.java:43)
	at java.lang.reflect.Method.invoke(Method.java:497)
	at org.apache.maven.surefire.util.ReflectionUtils.invokeMethodWithArray(ReflectionUtils.java:164)
	at org.apache.maven.surefire.booter.ProviderFactory$ProviderProxy.invoke(ProviderFactory.java:110)
	at org.apache.maven.surefire.booter.SurefireStarter.invokeProvider(SurefireStarter.java:172)
	at org.apache.maven.surefire.booter.SurefireStarter.runSuitesInProcessWhenForked(SurefireStarter.java:104)
	at org.apache.maven.surefire.booter.ForkedBooter.main(ForkedBooter.java:70)
