<?xml version="1.0" encoding="UTF-8"?>
<testsuites>
   <testsuite name="ZuulSetUPTests" tests="1" failures="0" errors="0" skipped=""
              time="0.379892"
              timestamp="">
      <testcase classname="ZuulSetUPTests" name="testSiteInformation" time="0.379892"
                assertions="0"/>
   </testsuite>
   <testsuite name="ZuulThermostatTest" tests="12" failures="2" errors="0" skipped=""
              time="0.533741"
              timestamp="">
      <testcase classname="ZuulThermostatTest" name="testThermostatDataProvider"
                time="0.023243"
                assertions="0"/>
      <testcase classname="ZuulThermostatTest" name="testThermostatModesDataProvider"
                time="0.007392"
                assertions="0"/>
      <testcase classname="ZuulThermostatTest" name="testThermostatSetPointDataProvider"
                time="0.009134"
                assertions="0"/>
      <testcase classname="ZuulThermostatTest" name="testSiteInformation" time="0.379223"
                assertions="0"/>
   </testsuite>
   <testsuite name="ZuulThermostatTest::testThermostatGetStatus" tests="1" failures="0"
              errors="0"
              skipped=""
              time="0.001175"
              timestamp="">
      <testcase name="testThermostatGetStatus with data set #0" time="0.001175" assertions="13"/>
   </testsuite>
   <testsuite name="ZuulThermostatTest::testThermostatModes" tests="3" failures="0"
              errors="0"
              skipped=""
              time="0.001924"
              timestamp="">
      <testcase name="testThermostatModes with data set #0" time="0.000628" assertions="1"/>
      <testcase name="testThermostatModes with data set #1" time="0.000682" assertions="1"/>
      <testcase name="testThermostatModes with data set #2" time="0.000614" assertions="1"/>
   </testsuite>
   <testsuite name="ZuulThermostatTest::testThermostatSetPoints" tests="4" failures="2"
              errors="0"
              skipped=""
              time="0.111650"
              timestamp="">
      <testcase name="testThermostatSetPoints with data set #0" time="0.039375" assertions="1">
         <failure message="" type="PHPUnit_Framework_ExpectationFailedException">ZuulThermostatTest::testThermostatSetPoints with data set #0 ('10.38.0.104', 'X6A6UMi6eraDINWgYwMg', stdClass)
The thermostat [X6A6UMi6eraDINWgYwMg] failed to respond to the action [HVAC_COOL_SETPOINT_RELATIVE]. Expected response [14]
Array
(
    [0] =&gt; Array
        (
            [0] =&gt; stdClass Object
                (
                    [DeviceCD] =&gt; rLmhBXyz1fF8lvQMI7MF
                    [OnlineState] =&gt; 1
                    [OnlineLast] =&gt; 1367252412
                    [UD_DTYPE_KW] =&gt; 2.887
                    [UD_DTYPE_KWH_ODM] =&gt; 522.98
                    [ChangeTime] =&gt; 1367252411
                )

        )

    [1] =&gt; Array
        (
            [0] =&gt; stdClass Object
                (
                    [DeviceCD] =&gt; rLmhBXyz1fF8lvQMI7MF
                    [OnlineState] =&gt; 1
                    [OnlineLast] =&gt; 1367252437
                    [UD_DTYPE_KW] =&gt; 2.897
                    [UD_DTYPE_KWH_ODM] =&gt; 522.98
                    [ChangeTime] =&gt; 1367252436
                )

        )

)

Failed asserting that false is true.

/var/lib/jenkins/jobs/SVN-repository/workspace/Candi-UnitTest/Zuul/devices/zuulThermostatTest.php:149
/var/lib/jenkins/jobs/SVN-repository/workspace/Candi-UnitTest/VisualPHPUnit/app/lib/VPU.php:483
</failure>
      </testcase>
      <testcase name="testThermostatSetPoints with data set #1" time="0.070900" assertions="1">
         <failure message="" type="PHPUnit_Framework_ExpectationFailedException">ZuulThermostatTest::testThermostatSetPoints with data set #1 ('10.38.0.104', 'X6A6UMi6eraDINWgYwMg', stdClass)
The thermostat [X6A6UMi6eraDINWgYwMg] failed to respond to the action [HVAC_COOL_SETPOINT]. Expected response [16.0]
Array
(
    [0] =&gt; Array
        (
            [0] =&gt; stdClass Object
                (
                    [DeviceCD] =&gt; rLmhBXyz1fF8lvQMI7MF
                    [OnlineState] =&gt; 1
                    [OnlineLast] =&gt; 1367252466
                    [UD_DTYPE_KW] =&gt; 2.898
                    [UD_DTYPE_KWH_ODM] =&gt; 522.98
                    [ChangeTime] =&gt; 1367252465
                )

        )

    [1] =&gt; Array
        (
            [0] =&gt; stdClass Object
                (
                    [DeviceCD] =&gt; rLmhBXyz1fF8lvQMI7MF
                    [OnlineState] =&gt; 1
                    [OnlineLast] =&gt; 1367252477
                    [UD_DTYPE_KW] =&gt; 2.898
                    [UD_DTYPE_KWH_ODM] =&gt; 523.02
                    [ChangeTime] =&gt; 1367252477
                )

        )

)

Failed asserting that false is true.

/var/lib/jenkins/jobs/SVN-repository/workspace/Candi-UnitTest/Zuul/devices/zuulThermostatTest.php:149
/var/lib/jenkins/jobs/SVN-repository/workspace/Candi-UnitTest/VisualPHPUnit/app/lib/VPU.php:483
</failure>
      </testcase>
      <testcase name="testThermostatSetPoints with data set #2" time="0.000759" assertions="1"/>
      <testcase name="testThermostatSetPoints with data set #3" time="0.000616" assertions="1"/>
   </testsuite>
</testsuites>