...

test:
[jacoco:coverage] Enhancing junit with coverage

    [junit] Running net.hep.atlas.Database.Bookkeeping.TagCollector.TagCollectorProxy.TCConfToolProxy.TCHwafConfToolProxy.HwafConfToolProxyTest

    [junit] Tests run: 12, Failures: 0, Errors: 0, Skipped: 0, Time elapsed: 9,181 sec

    [junit] Running net.hep.atlas.Database.Bookkeeping.TagCollector.TagCollectorProxy.TCRepositoryProxy.TCGITRepositoryProxy.GITATLASRepositoryProxyTest

    [junit] Tests run: 6, Failures: 0, Errors: 0, Skipped: 0, Time elapsed: 5,985 sec

...

BUILD SUCCESSFUL
Total time: 51 seconds

...

Enregistrement des r√©sultats des tests
[JaCoCo plugin] Collecting JaCoCo coverage data...
[JaCoCo plugin] build/test/reports/**/*.exec;build/WEB-INF/classes , build/test/classes;AMICore/src , TagCollector/src, TagCollector/test; locations are configured
[JaCoCo plugin] Number of found exec files: 1
[JaCoCo plugin] Saving matched execfiles:  /var/lib/jenkins/workspace/AtlasDistributionInt/build/test/reports/TagCollector/coverage.exec
[JaCoCo plugin] Saving matched class directories: 
[JaCoCo plugin] Saving matched source directories: 
[JaCoCo plugin] Loading inclusions files..
[JaCoCo plugin] inclusions: []
[JaCoCo plugin] exclusions: []
ERROR: Publisher hudson.plugins.jacoco.JacocoPublisher aborted due to exception
java.lang.IllegalStateException: basedir /var/lib/jenkins/jobs/AtlasDistributionInt/builds/2013-12-03_15-06-18/jacoco/classes does not exist
	at org.codehaus.plexus.util.DirectoryScanner.scan(DirectoryScanner.java:550)
	at org.codehaus.plexus.util.FileUtils.getFileAndDirectoryNames(FileUtils.java:1717)
	at org.codehaus.plexus.util.FileUtils.getFileNames(FileUtils.java:1645)
	at org.codehaus.plexus.util.FileUtils.getFileNames(FileUtils.java:1627)
	at org.codehaus.plexus.util.FileUtils.getFiles(FileUtils.java:1601)
	at org.codehaus.plexus.util.FileUtils.getFiles(FileUtils.java:1584)
	at hudson.plugins.jacoco.ExecutionFileLoader.analyzeStructure(ExecutionFileLoader.java:129)
	at hudson.plugins.jacoco.ExecutionFileLoader.loadBundleCoverage(ExecutionFileLoader.java:138)
	at hudson.plugins.jacoco.JacocoReportDir.parse(JacocoReportDir.java:102)
	at hudson.plugins.jacoco.JacocoBuildAction.loadRatios(JacocoBuildAction.java:278)
	at hudson.plugins.jacoco.JacocoBuildAction.load(JacocoBuildAction.java:260)
	at hudson.plugins.jacoco.JacocoPublisher.perform(JacocoPublisher.java:380)
	at hudson.tasks.BuildStepMonitor$3.perform(BuildStepMonitor.java:45)
	at hudson.model.AbstractBuild$AbstractBuildExecution.perform(AbstractBuild.java:785)
	at hudson.model.AbstractBuild$AbstractBuildExecution.performAllBuildSteps(AbstractBuild.java:757)
	at hudson.model.Build$BuildExecution.post2(Build.java:183)
	at hudson.model.AbstractBuild$AbstractBuildExecution.post(AbstractBuild.java:706)
	at hudson.model.Run.execute(Run.java:1704)
	at hudson.model.FreeStyleBuild.run(FreeStyleBuild.java:46)
	at hudson.model.ResourceController.execute(ResourceController.java:88)
	at hudson.model.Executor.run(Executor.java:230)
Description set: 
Finished: FAILURE

