<?xml version='1.0' encoding='UTF-8'?>
<result>
  <suites>
    <suite>
      <name>com.toy.anagrams.lib.MetaTest</name>
      <stdout></stdout>
      <stderr># testBogosity
# testBogosity
</stderr>
      <duration>0.0080</duration>
      <timestamp>2009-02-05T22:00:35</timestamp>
      <cases>
        <case>
          <duration>0.0060</duration>
          <className>com.toy.anagrams.lib.WordLibraryTest</className>
          <testName>testBogosity</testName>
          <skipped>false</skipped>
          <errorStackTrace>junit.framework.AssertionFailedError: oops!
	at com.toy.anagrams.lib.WordLibraryTest.testBogosity(WordLibraryTest.java:70)
</errorStackTrace>
          <errorDetails>oops!</errorDetails>
          <failedSince>1</failedSince>
        </case>
        <case>
          <duration>0.0020</duration>
          <className>com.toy.anagrams.lib.MetaTest$1</className>
          <testName>testBogosity</testName>
          <skipped>false</skipped>
          <errorStackTrace>junit.framework.AssertionFailedError: oops!
	at com.toy.anagrams.lib.WordLibraryTest.testBogosity(WordLibraryTest.java:70)
</errorStackTrace>
          <errorDetails>oops!</errorDetails>
          <failedSince>1</failedSince>
        </case>
      </cases>
    </suite>
    <suite>
      <name>com.toy.anagrams.lib.WordLibraryTest</name>
      <stdout></stdout>
      <stderr># testIsCorrect
# testBogosity
</stderr>
      <duration>0.0070</duration>
      <timestamp>2009-02-05T22:00:36</timestamp>
      <cases>
        <case>
          <duration>0.0040</duration>
          <className>com.toy.anagrams.lib.WordLibraryTest</className>
          <testName>testIsCorrect</testName>
          <skipped>false</skipped>
          <failedSince>0</failedSince>
        </case>
        <case>
          <duration>0.0030</duration>
          <className>com.toy.anagrams.lib.WordLibraryTest</className>
          <testName>testBogosity</testName>
          <skipped>false</skipped>
          <errorStackTrace>junit.framework.AssertionFailedError: oops!
	at com.toy.anagrams.lib.WordLibraryTest.testBogosity(WordLibraryTest.java:70)
</errorStackTrace>
          <errorDetails>oops!</errorDetails>
          <failedSince>0</failedSince>
        </case>
      </cases>
    </suite>
  </suites>
  <duration>0.015000001</duration>
</result>