Started by user richm
Building remotely on Jive
Cleaning workspace C:\richm\hudson\slave\workspace\mvn-release-test
Checking out svn://royalcounty/grow/trunk/test/mvn-release-test
A         child
A         child\pom.xml
A         src
A         src\test
A         src\test\java
A         src\test\java\uk
A         src\test\java\uk\org
A         src\test\java\uk\org\oldelvet
A         src\test\java\uk\org\oldelvet\test
A         src\test\java\uk\org\oldelvet\test\AppTest.java
A         src\main
A         src\main\java
A         src\main\java\uk
A         src\main\java\uk\org
A         src\main\java\uk\org\oldelvet
A         src\main\java\uk\org\oldelvet\test
A         src\main\java\uk\org\oldelvet\test\App.java
A         pom.xml
 U        .
At revision 1020
Found mavenVersion 2.2.1 from file jar:file:/c:/richm/hudson/slave/tools/Maven_2.2.1/lib/maven-2.2.1-uber.jar!/META-INF/maven/org.apache.maven/maven-core/pom.properties
Parsing POMs
[mvn-release-test] $ c:\richm\hudson\slave\tools\JDK_6/bin/java -Xms256m -Xmx512m -cp c:\richm\hudson\slave\maven-agent.jar;c:\richm\hudson\slave\classworlds.jar hudson.maven.agent.Main c:\richm\hudson\slave\tools\Maven_2.2.1 C:\richm\hudson\slave\slave.jar c:\richm\hudson\slave\maven-interceptor.jar 1884 c:\richm\hudson\slave\maven2.1-interceptor.jar
<===[HUDSON REMOTING CAPACITY]===>???channel started
Executing Maven:  -B -f c:\richm\hudson\slave\workspace\mvn-release-test\pom.xml -Dpassword=********* -Dusername=someone -Dresume=false release:prepare release:perform
[INFO] Scanning for projects...
[INFO] Reactor build order: 
[INFO]   mvn-release-child
[INFO]   mvn-release-test
[INFO] ------------------------------------------------------------------------
[INFO] Building mvn-release-test
[INFO]    task-segment: [release:prepare, release:perform] (aggregator-style)
[INFO] ------------------------------------------------------------------------
[INFO] [release:prepare {execution: default-cli}]
[INFO] Change the default 'svn' provider implementation to 'javasvn'.
[INFO] Verifying that there are no local modifications...
[INFO]   ignoring changes on: pom.xml.next, release.properties, pom.xml.releaseBackup, pom.xml.backup, pom.xml.branch, pom.xml.tag
[INFO] SVN status directory: c:\richm\hudson\slave\workspace\mvn-release-test
[INFO] Checking dependencies and plugins for snapshots ...
[INFO] Transforming 'mvn-release-child'...
[INFO] Transforming 'mvn-release-test'...
[INFO] Not generating release POMs
[INFO] Executing goals 'clean install'...
[INFO] [INFO] Scanning for projects...
[INFO] [INFO] Reactor build order: 
[INFO] [INFO]   mvn-release-child
[INFO] [INFO]   mvn-release-test
[INFO] [INFO] ------------------------------------------------------------------------
[INFO] [INFO] Building mvn-release-child
[INFO] [INFO]    task-segment: [clean, install]
[INFO] [INFO] ------------------------------------------------------------------------
[INFO] [INFO] [clean:clean {execution: default-clean}]
[INFO] Downloading: http://royalcounty/nexus/content/groups/public/org/apache/maven/plugins/maven-site-plugin/2.0-beta-7/maven-site-plugin-2.0-beta-7.pom
[INFO] 11K downloaded  (maven-site-plugin-2.0-beta-7.pom)
[INFO] Downloading: http://royalcounty/nexus/content/groups/public/org/apache/maven/plugins/maven-site-plugin/2.0-beta-7/maven-site-plugin-2.0-beta-7.jar
[INFO] 121K downloaded  (maven-site-plugin-2.0-beta-7.jar)
[INFO] Downloading: http://royalcounty/nexus/content/groups/public/org/apache/maven/maven-repository-metadata/2.0.2/maven-repository-metadata-2.0.2.pom
[INFO] 1K downloaded  (maven-repository-metadata-2.0.2.pom)
[INFO] Downloading: http://royalcounty/nexus/content/groups/public/org/apache/maven/maven-model/2.0.2/maven-model-2.0.2.pom
[INFO] 2K downloaded  (maven-model-2.0.2.pom)
[INFO] Downloading: http://royalcounty/nexus/content/groups/public/org/apache/maven/reporting/maven-reporting-api/2.0.4/maven-reporting-api-2.0.4.pom
[INFO] 902b downloaded  (maven-reporting-api-2.0.4.pom)
[INFO] Downloading: http://royalcounty/nexus/content/groups/public/org/apache/maven/reporting/maven-reporting/2.0.4/maven-reporting-2.0.4.pom
[INFO] 700b downloaded  (maven-reporting-2.0.4.pom)
[INFO] Downloading: http://royalcounty/nexus/content/groups/public/org/apache/maven/maven/2.0.4/maven-2.0.4.pom
[INFO] 11K downloaded  (maven-2.0.4.pom)
[INFO] Downloading: http://royalcounty/nexus/content/groups/public/org/apache/maven/shared/maven-doxia-tools/1.0.1/maven-doxia-tools-1.0.1.pom
[INFO] 5K downloaded  (maven-doxia-tools-1.0.1.pom)
[INFO] Downloading: http://royalcounty/nexus/content/groups/public/commons-io/commons-io/1.4/commons-io-1.4.pom
[INFO] 12K downloaded  (commons-io-1.4.pom)
[INFO] Downloading: http://royalcounty/nexus/content/groups/public/org/apache/commons/commons-parent/7/commons-parent-7.pom
[INFO] 17K downloaded  (commons-parent-7.pom)
[INFO] Downloading: http://royalcounty/nexus/content/groups/public/org/mortbay/jetty/jetty/6.1.5/jetty-6.1.5.pom
[INFO] 4K downloaded  (jetty-6.1.5.pom)
[INFO] Downloading: http://royalcounty/nexus/content/groups/public/org/mortbay/jetty/project/6.1.5/project-6.1.5.pom
[INFO] 12K downloaded  (project-6.1.5.pom)
[INFO] Downloading: http://royalcounty/nexus/content/groups/public/org/mortbay/jetty/jetty-util/6.1.5/jetty-util-6.1.5.pom
[INFO] 3K downloaded  (jetty-util-6.1.5.pom)
[INFO] Downloading: http://royalcounty/nexus/content/groups/public/org/mortbay/jetty/servlet-api-2.5/6.1.5/servlet-api-2.5-6.1.5.pom
[INFO] 3K downloaded  (servlet-api-2.5-6.1.5.pom)
[INFO] Downloading: http://royalcounty/nexus/content/groups/public/org/apache/maven/shared/maven-doxia-tools/1.0.1/maven-doxia-tools-1.0.1.jar
[INFO] Downloading: http://royalcounty/nexus/content/groups/public/org/mortbay/jetty/jetty/6.1.5/jetty-6.1.5.jar
[INFO] Downloading: http://royalcounty/nexus/content/groups/public/commons-io/commons-io/1.4/commons-io-1.4.jar
[INFO] 106K downloaded  (commons-io-1.4.jar)
[INFO] 37K downloaded  (maven-doxia-tools-1.0.1.jar)
[INFO] 474K downloaded  (jetty-6.1.5.jar)
[INFO] Downloading: http://royalcounty/nexus/content/groups/public/org/mortbay/jetty/jetty-util/6.1.5/jetty-util-6.1.5.jar
[INFO] 134K downloaded  (jetty-util-6.1.5.jar)
[INFO] Downloading: http://royalcounty/nexus/content/groups/public/org/mortbay/jetty/servlet-api-2.5/6.1.5/servlet-api-2.5-6.1.5.jar
[INFO] 129K downloaded  (servlet-api-2.5-6.1.5.jar)
[INFO] [INFO] [site:attach-descriptor {execution: default-attach-descriptor}]
[INFO] [INFO] [install:install {execution: default-install}]
[INFO] [INFO] Installing C:\richm\hudson\slave\workspace\mvn-release-test\child\pom.xml to C:\.m2\repository\uk\org\oldelvet\test\mvn-release-child\1.17\mvn-release-child-1.17.pom
[INFO] [INFO] ------------------------------------------------------------------------
[INFO] [INFO] Building mvn-release-test
[INFO] [INFO]    task-segment: [clean, install]
[INFO] [INFO] ------------------------------------------------------------------------
[INFO] [INFO] [clean:clean {execution: default-clean}]
[INFO] [INFO] [site:attach-descriptor {execution: default-attach-descriptor}]
[INFO] [INFO] [install:install {execution: default-install}]
[INFO] [INFO] Installing C:\richm\hudson\slave\workspace\mvn-release-test\pom.xml to C:\.m2\repository\uk\org\oldelvet\test\mvn-release-test\1.17\mvn-release-test-1.17.pom
[INFO] [INFO] 
[INFO] [INFO] 
[INFO] [INFO] ------------------------------------------------------------------------
[INFO] [INFO] Reactor Summary:
[INFO] [INFO] ------------------------------------------------------------------------
[INFO] [INFO] mvn-release-child ..................................... SUCCESS [11.437s]
[INFO] [INFO] mvn-release-test ...................................... SUCCESS [0.391s]
[INFO] [INFO] ------------------------------------------------------------------------
[INFO] [INFO] ------------------------------------------------------------------------
[INFO] [INFO] BUILD SUCCESSFUL
[INFO] [INFO] ------------------------------------------------------------------------
[INFO] [INFO] Total time: 12 seconds
[INFO] [INFO] Finished at: Mon Apr 04 23:57:19 BST 2011
[INFO] [INFO] Final Memory: 12M/247M
[INFO] [INFO] ------------------------------------------------------------------------
[INFO] Checking in modified POMs...
[INFO] SVN commit directory: c:\richm\hudson\slave\workspace\mvn-release-test
[JENKINS] Archiving c:\richm\hudson\slave\workspace\mvn-release-test\pom.xml to /var/lib/jenkins/jobs/mvn-release-test/modules/uk.org.oldelvet.test$mvn-release-test/builds/2011-04-04_23-56-44/archive/uk.org.oldelvet.test/mvn-release-test/1.17-SNAPSHOT/pom.xml
[INFO] ------------------------------------------------------------------------
[ERROR] BUILD FAILURE
[INFO] ------------------------------------------------------------------------
[INFO] Unable to commit files
Provider message:
SVN commit failed.
Command output:
svn: 'c:\richm\hudson\slave\workspace\mvn-release-test\C:' is not a working copy
[INFO] ------------------------------------------------------------------------
[INFO] For more information, run Maven with the -e switch
[INFO] ------------------------------------------------------------------------
[INFO] Total time: 34 seconds
[INFO] Finished at: Mon Apr 04 23:57:21 BST 2011
[INFO] Final Memory: 14M/247M
[INFO] ------------------------------------------------------------------------
channel stopped
Finished: FAILURE

