<?xml version="1.0" encoding="UTF-8" standalone="no"?>
<!--This file represents the results of running a test suite-->
<test-results name="c:\NunitTests\ModelCenterTest.dll" total="245" errors="6" failures="53" not-run="5" inconclusive="0" ignored="5" skipped="0" invalid="0" date="2010-03-23" time="03:34:33">
  <environment nunit-version="2.5.3.9345" clr-version="2.0.50727.832" os-version="Microsoft Windows NT 5.1.2600 Service Pack 2" platform="Win32NT" cwd="C:\WINDOWS\system32" machine-name="XP-CAD-BUILD" user="tester" user-domain="XP-CAD-BUILD"/>
  <culture-info current-culture="en-US" current-uiculture="en-US"/>
  <test-suite name="c:\NunitTests\ModelCenterTest.dll" executed="True" success="False" time="262608.759" asserts="0">
    <results>
      <test-suite name="ModelCenterTest" executed="True" success="False" time="262608.759" asserts="0">
        <results>
          <test-suite name="APITests" executed="True" success="False" time="117.219" asserts="0">
            <results>
              <test-suite name="APITest" executed="True" success="False" time="117.203" asserts="0">
                <results>
                  <test-case name="ModelCenterTest.APITests.APITest.autoLink" executed="True" success="True" time="0.516" asserts="1"/>
                  <test-case name="ModelCenterTest.APITests.APITest.autoLinkFull" executed="True" success="True" time="0.359" asserts="1"/>
                  <test-case name="ModelCenterTest.APITests.APITest.comFailureTest" executed="True" success="True" time="0.266" asserts="1"/>
                  <test-case name="ModelCenterTest.APITests.APITest.createAssemblyVariables-Types" executed="True" success="True" time="1.672" asserts="1"/>
                  <test-case name="ModelCenterTest.APITests.APITest.createModelcreateLink" executed="True" success="True" time="0.688" asserts="1"/>
                  <test-case name="ModelCenterTest.APITests.APITest.enumValues" executed="True" success="True" time="0.266" asserts="1"/>
                  <test-case name="ModelCenterTest.APITests.APITest.featureTest" executed="True" success="True" time="0.703" asserts="1"/>
                  <test-case name="ModelCenterTest.APITests.APITest.georgiaTech1" executed="True" success="True" time="2.094" asserts="1"/>
                  <test-case name="ModelCenterTest.APITests.APITest.getArraysetArray" executed="True" success="True" time="4.297" asserts="1"/>
                  <test-case name="ModelCenterTest.APITests.APITest.IBooleanArray" executed="True" success="True" time="0.297" asserts="1"/>
                  <test-case name="ModelCenterTest.APITests.APITest.IBooleanArraySlice" executed="True" success="True" time="4.313" asserts="1"/>
                  <test-case name="ModelCenterTest.APITests.APITest.IDoubleArray" executed="True" success="True" time="4.484" asserts="1"/>
                  <test-case name="ModelCenterTest.APITests.APITest.IDoubleArraySlice" executed="True" success="True" time="4.297" asserts="1"/>
                  <test-case name="ModelCenterTest.APITests.APITest.IIntegerArray" executed="True" success="True" time="4.484" asserts="1"/>
                  <test-case name="ModelCenterTest.APITests.APITest.IIntegerArraySlice" executed="True" success="True" time="0.234" asserts="1"/>
                  <test-case name="ModelCenterTest.APITests.APITest.Introspection" executed="True" success="True" time="4.531" asserts="1"/>
                  <test-case name="ModelCenterTest.APITests.APITest.invalidateComponent" executed="True" success="True" time="0.234" asserts="1"/>
                  <test-case name="ModelCenterTest.APITests.APITest.issue1638-addVarsFirst" executed="True" success="True" time="2.297" asserts="1"/>
                  <test-case name="ModelCenterTest.APITests.APITest.issue1638-setNumRunsBigger" executed="True" success="True" time="3.672" asserts="1"/>
                  <test-case name="ModelCenterTest.APITests.APITest.issue1638-setNumRunsSmaller" executed="True" success="True" time="2.344" asserts="1"/>
                  <test-case name="ModelCenterTest.APITests.APITest.issue1638-setRunsFirst" executed="True" success="True" time="2.281" asserts="1"/>
                  <test-case name="ModelCenterTest.APITests.APITest.issue1638-setRunsTwiceBeforeRunning_bigger" executed="True" success="True" time="2.656" asserts="1"/>
                  <test-case name="ModelCenterTest.APITests.APITest.issue1638-setRunsTwiceBeforeRunning_smaller" executed="True" success="True" time="1.953" asserts="1"/>
                  <test-case name="ModelCenterTest.APITests.APITest.IStringArray" executed="True" success="True" time="4.578" asserts="1"/>
                  <test-case name="ModelCenterTest.APITests.APITest.IStringArraySlice" executed="True" success="True" time="0.234" asserts="1"/>
                  <test-case name="ModelCenterTest.APITests.APITest.javaPlugInEditReg" executed="True" success="True" time="0.203" asserts="1"/>
                  <test-case name="ModelCenterTest.APITests.APITest.javaPlugInLoadModelTest" executed="True" success="True" time="0.719" asserts="1"/>
                  <test-case name="ModelCenterTest.APITests.APITest.linkChecker" executed="True" success="True" time="0.313" asserts="1"/>
                  <test-case name="ModelCenterTest.APITests.APITest.lowerBound-upperBound" executed="True" success="True" time="4.281" asserts="1"/>
                  <test-case name="ModelCenterTest.APITests.APITest.mcProperties" executed="True" success="True" time="0.297" asserts="1"/>
                  <test-case name="ModelCenterTest.APITests.APITest.modelFileNameTest" executed="True" success="True" time="0.266" asserts="1"/>
                  <test-case name="ModelCenterTest.APITests.APITest.runMacro" executed="True" success="True" time="0.250" asserts="1"/>
                  <test-case name="ModelCenterTest.APITests.APITest.saveModel" executed="True" success="True" time="0.328" asserts="1"/>
                  <test-case name="ModelCenterTest.APITests.APITest.scriptFormatting" executed="True" success="True" time="4.297" asserts="1"/>
                  <test-case name="ModelCenterTest.APITests.APITest.setOutputChecks" executed="True" success="True" time="0.250" asserts="1"/>
                  <test-case name="ModelCenterTest.APITests.APITest.TestCase0647" executed="True" success="False" time="3.094" asserts="0">
                    <failure>
                      <message><![CDATA[System.Runtime.InteropServices.COMException (0x80010105): The server threw an exception. (Exception from HRESULT: 0x80010105 (RPC_E_SERVERFAULT))
   at MSScriptControl.ScriptControlClass.AddCode(String Code)
   at ModelCenterTest.APITests.APITest(String file) in c:\hudson\workspace\MC_Build\ModelCenter\src\ModelCenterTest\ModelCenterTest\APITests.cs:line 41
Description: 
Source: 
Line: 63
Text: 
Number: -2147417851]]></message>
                      <stack-trace><![CDATA[at ModelCenterTest.APITests.APITest(String file) in c:\hudson\workspace\MC_Build\ModelCenter\src\ModelCenterTest\ModelCenterTest\APITests.cs:line 51
]]></stack-trace>
                    </failure>
                  </test-case>
                  <test-case name="ModelCenterTest.APITests.APITest.TestCase8219" executed="True" success="True" time="3.141" asserts="1"/>
                  <test-case name="ModelCenterTest.APITests.APITest.TestDesignExplorer" executed="True" success="True" time="2.156" asserts="1"/>
                  <test-case name="ModelCenterTest.APITests.APITest.TestExcel" executed="True" success="True" time="2.313" asserts="1"/>
                  <test-case name="ModelCenterTest.APITests.APITest.TestExcel_CSVgeneration" executed="True" success="True" time="33.594" asserts="1"/>
                  <test-case name="ModelCenterTest.APITests.APITest.TestExcel_RelativePath" executed="True" success="True" time="0.594" asserts="1"/>
                  <test-case name="ModelCenterTest.APITests.APITest.testLinks" executed="True" success="True" time="2.031" asserts="1"/>
                  <test-case name="ModelCenterTest.APITests.APITest.TestScriptScheduler" executed="True" success="True" time="0.266" asserts="1"/>
                  <test-case name="ModelCenterTest.APITests.APITest.VBScriptAPI" executed="True" success="True" time="5.047" asserts="1"/>
                </results>
              </test-suite>
            </results>
          </test-suite>
          <test-suite name="BSHTests" executed="True" success="True" time="62.328" asserts="0">
            <results>
              <test-suite name="BSHTest" executed="True" success="True" time="62.328" asserts="0">
                <results>
                  <test-case name="ModelCenterTest.BSHTests.associatedFiles" executed="True" success="True" time="0.859" asserts="1"/>
                  <test-case name="ModelCenterTest.BSHTests.autoLink" executed="True" success="True" time="0.500" asserts="1"/>
                  <test-case name="ModelCenterTest.BSHTests.checkout2ERR" executed="True" success="True" time="0.453" asserts="1"/>
                  <test-case name="ModelCenterTest.BSHTests.checkoutERR" executed="True" success="True" time="0.438" asserts="1"/>
                  <test-case name="ModelCenterTest.BSHTests.closeModel" executed="True" success="True" time="0.531" asserts="1"/>
                  <test-case name="ModelCenterTest.BSHTests.createAssemblyVariables-Types" executed="True" success="True" time="1.313" asserts="1"/>
                  <test-case name="ModelCenterTest.BSHTests.createModelcreateLink" executed="True" success="True" time="0.844" asserts="1"/>
                  <test-case name="ModelCenterTest.BSHTests.deleteAssemblyVariable" executed="True" success="True" time="0.453" asserts="1"/>
                  <test-case name="ModelCenterTest.BSHTests.DOETesting" executed="True" success="True" time="4.250" asserts="1"/>
                  <test-case name="ModelCenterTest.BSHTests.enumValues" executed="True" success="True" time="0.500" asserts="1"/>
                  <test-case name="ModelCenterTest.BSHTests.featureTest" executed="True" success="True" time="0.953" asserts="1"/>
                  <test-case name="ModelCenterTest.BSHTests.fileDescriptionTest" executed="True" success="True" time="1.188" asserts="1"/>
                  <test-case name="ModelCenterTest.BSHTests.getArraysetArray" executed="True" success="True" time="0.500" asserts="1"/>
                  <test-case name="ModelCenterTest.BSHTests.getModelDir" executed="True" success="True" time="0.422" asserts="1"/>
                  <test-case name="ModelCenterTest.BSHTests.globalParameters" executed="True" success="True" time="0.422" asserts="1"/>
                  <test-case name="ModelCenterTest.BSHTests.haltAPI" executed="True" success="True" time="0.672" asserts="1"/>
                  <test-case name="ModelCenterTest.BSHTests.IBooleanArray" executed="True" success="True" time="0.547" asserts="1"/>
                  <test-case name="ModelCenterTest.BSHTests.IBooleanArraySlice" executed="True" success="True" time="0.469" asserts="1"/>
                  <test-case name="ModelCenterTest.BSHTests.IDoubleArray" executed="True" success="True" time="0.656" asserts="1"/>
                  <test-case name="ModelCenterTest.BSHTests.IDoubleArraySlice" executed="True" success="True" time="0.469" asserts="1"/>
                  <test-case name="ModelCenterTest.BSHTests.IIntegerArray" executed="True" success="True" time="0.656" asserts="1"/>
                  <test-case name="ModelCenterTest.BSHTests.IIntegerArraySlice" executed="True" success="True" time="0.469" asserts="1"/>
                  <test-case name="ModelCenterTest.BSHTests.issue1294-getCorrectTypesFromCreateVariable" executed="True" success="True" time="1.328" asserts="1"/>
                  <test-case name="ModelCenterTest.BSHTests.issue1638-addVarsFirst" executed="True" success="True" time="2.641" asserts="1"/>
                  <test-case name="ModelCenterTest.BSHTests.issue1638-ERR_setInputThenAddInputVar" executed="True" success="True" time="2.531" asserts="1"/>
                  <test-case name="ModelCenterTest.BSHTests.issue1638-ERR_setInputThenAddOutputVar" executed="True" success="True" time="2.516" asserts="1"/>
                  <test-case name="ModelCenterTest.BSHTests.issue1638-setNumRunsBigger" executed="True" success="True" time="3.969" asserts="1"/>
                  <test-case name="ModelCenterTest.BSHTests.issue1638-setNumRunsSmaller" executed="True" success="True" time="3.484" asserts="1"/>
                  <test-case name="ModelCenterTest.BSHTests.issue1638-setRunsFirst" executed="True" success="True" time="3.047" asserts="1"/>
                  <test-case name="ModelCenterTest.BSHTests.issue1638-setRunsTwiceBeforeRunning_bigger" executed="True" success="True" time="3.078" asserts="1"/>
                  <test-case name="ModelCenterTest.BSHTests.issue1638-setRunsTwiceBeforeRunning_smaller" executed="True" success="True" time="1.953" asserts="1"/>
                  <test-case name="ModelCenterTest.BSHTests.issue1648" executed="True" success="True" time="0.641" asserts="1"/>
                  <test-case name="ModelCenterTest.BSHTests.IStringArray" executed="True" success="True" time="0.578" asserts="1"/>
                  <test-case name="ModelCenterTest.BSHTests.IStringArraySlice" executed="True" success="True" time="0.469" asserts="1"/>
                  <test-case name="ModelCenterTest.BSHTests.JavaMCAPI" executed="True" success="True" time="1.156" asserts="1"/>
                  <test-case name="ModelCenterTest.BSHTests.JNIDataHistory_get_set_VariableValues" executed="True" success="True" time="1.906" asserts="1"/>
                  <test-case name="ModelCenterTest.BSHTests.loadModel-failure" executed="True" success="True" time="0.531" asserts="1"/>
                  <test-case name="ModelCenterTest.BSHTests.loadModel-loadFile" executed="True" success="True" time="0.469" asserts="1"/>
                  <test-case name="ModelCenterTest.BSHTests.lowerBound-upperBound" executed="True" success="True" time="0.469" asserts="1"/>
                  <test-case name="ModelCenterTest.BSHTests.mcProperties" executed="True" success="True" time="0.484" asserts="1"/>
                  <test-case name="ModelCenterTest.BSHTests.modelFileNameTest" executed="True" success="True" time="0.500" asserts="1"/>
                  <test-case name="ModelCenterTest.BSHTests.mrTester" executed="True" success="True" time="1.188" asserts="1"/>
                  <test-case name="ModelCenterTest.BSHTests.renameComponent" executed="True" success="True" time="0.516" asserts="1"/>
                  <test-case name="ModelCenterTest.BSHTests.runMacro" executed="True" success="True" time="0.422" asserts="1"/>
                  <test-case name="ModelCenterTest.BSHTests.saveModel" executed="True" success="True" time="0.500" asserts="1"/>
                  <test-case name="ModelCenterTest.BSHTests.scriptFormatting" executed="True" success="True" time="0.484" asserts="1"/>
                  <test-case name="ModelCenterTest.BSHTests.testLinks" executed="True" success="True" time="1.281" asserts="1"/>
                  <test-case name="ModelCenterTest.BSHTests.threadTest" executed="True" success="True" time="7.672" asserts="1"/>
                  <test-case name="ModelCenterTest.BSHTests.variableLinks" executed="True" success="True" time="0.500" asserts="1"/>
                  <test-case name="ModelCenterTest.BSHTests.variableTest" executed="True" success="True" time="0.453" asserts="1"/>
                </results>
              </test-suite>
            </results>
          </test-suite>
          <test-suite name="CADPluginTests" executed="True" success="False" time="211.578" asserts="0">
            <results>
              <test-case name="ModelCenterTest.CADPluginTests.BasicNXTest" executed="True" success="False" time="52.594" asserts="2">
                <failure>
                  <message><![CDATA[System.Runtime.InteropServices.COMException : Error: Cannot save Model.
Reason: c:\NunitTests\NUnitTests\nxout.pxc contains an invalid path.
TearDown : NUnit.Framework.AssertionException :   NUnit directory should exist
  Expected: True
  But was:  False
]]></message>
                  <stack-trace><![CDATA[at System.RuntimeType.ForwardCallToInvokeMember(String memberName, BindingFlags flags, Object target, Int32[] aWrapperTypes, MessageData& msgData)
at ModelCenter.ApplicationClass.saveModelAs(String fileName)
at ModelCenterTest.CADPluginTests.BasicNXTest() in c:\hudson\workspace\MC_Build\ModelCenter\src\ModelCenterTest\ModelCenterTest\CADPluginTests.cs:line 84
--TearDown
at ModelCenterTest.CADPluginTests.cleanTheMess() in c:\hudson\workspace\MC_Build\ModelCenter\src\ModelCenterTest\ModelCenterTest\CADPluginTests.cs:line 41
]]></stack-trace>
                </failure>
              </test-case>
              <test-case name="ModelCenterTest.CADPluginTests.NXTradeStudyTest" executed="True" success="False" time="158.875" asserts="2">
                <failure>
                  <message><![CDATA[TearDown : NUnit.Framework.AssertionException :   NUnit directory should exist
  Expected: True
  But was:  False
]]></message>
                  <stack-trace><![CDATA[--TearDown
at ModelCenterTest.CADPluginTests.cleanTheMess() in c:\hudson\workspace\MC_Build\ModelCenter\src\ModelCenterTest\ModelCenterTest\CADPluginTests.cs:line 41
]]></stack-trace>
                </failure>
              </test-case>
            </results>
          </test-suite>
          <test-suite name="ComponentTreeTest" executed="True" success="False" time="0.063" asserts="0">
            <results>
              <test-case name="ModelCenterTest.ComponentTreeTest.testIssue9077" executed="False">
                <reason>
                  <message><![CDATA[deleteVariable isn't designed to do slices.  No API for this currently]]></message>
                </reason>
              </test-case>
            </results>
          </test-suite>
          <test-suite name="DataHistoryTests" executed="True" success="True" time="6.063" asserts="0">
            <results>
              <test-case name="ModelCenterTest.DataHistoryTests.AddDeleteVariable" executed="True" success="True" time="2.375" asserts="1"/>
              <test-case name="ModelCenterTest.DataHistoryTests.DeleteVariableAndRun" executed="True" success="True" time="2.156" asserts="2"/>
              <test-case name="ModelCenterTest.DataHistoryTests.testRoutineFunctions" executed="True" success="True" time="1.531" asserts="1"/>
            </results>
          </test-suite>
          <test-suite name="DFTTest" executed="True" success="True" time="1.875" asserts="0">
            <results>
              <test-case name="ModelCenterTest.DFTTest.inputFileVarTest" executed="True" success="True" time="1.875" asserts="1"/>
            </results>
          </test-suite>
          <test-suite name="DOEPluginTest" executed="True" success="True" time="4.719" asserts="0">
            <results>
              <test-case name="ModelCenterTest.DOEPluginTest.testDataExplorer" executed="True" success="True" time="4.438" asserts="7"/>
            </results>
          </test-suite>
          <test-suite name="ExampleModelTests" executed="True" success="False" time="16.422" asserts="0">
            <results>
              <test-case name="ModelCenterTest.ExampleModelTests.testBackSolve" executed="True" success="True" time="1.641" asserts="2"/>
              <test-case name="ModelCenterTest.ExampleModelTests.testBasic" executed="True" success="True" time="0.313" asserts="2"/>
              <test-case name="ModelCenterTest.ExampleModelTests.testBrake" executed="True" success="True" time="1.859" asserts="2"/>
              <test-case name="ModelCenterTest.ExampleModelTests.testCAIV" executed="True" success="False" time="3.313" asserts="4">
                <failure>
                  <message><![CDATA[TearDown : System.Runtime.InteropServices.COMException : The server threw an exception. (Exception from HRESULT: 0x80010105 (RPC_E_SERVERFAULT))]]></message>
                  <stack-trace><![CDATA[--TearDown
at System.RuntimeType.ForwardCallToInvokeMember(String memberName, BindingFlags flags, Object target, Int32[] aWrapperTypes, MessageData& msgData)
at ModelCenter.ApplicationClass.closeModel()
at ModelCenterTest.ExampleModelTests.postRun() in c:\hudson\workspace\MC_Build\ModelCenter\src\ModelCenterTest\ModelCenterTest\ExampleModelTests.cs:line 72
]]></stack-trace>
                </failure>
              </test-case>
              <test-case name="ModelCenterTest.ExampleModelTests.testConverger" executed="True" success="True" time="1.156" asserts="2"/>
              <test-case name="ModelCenterTest.ExampleModelTests.testExcel" executed="True" success="True" time="0.516" asserts="2"/>
              <test-case name="ModelCenterTest.ExampleModelTests.testFidelity" executed="True" success="True" time="0.922" asserts="0"/>
              <test-case name="ModelCenterTest.ExampleModelTests.testGeom" executed="True" success="True" time="0.328" asserts="1"/>
              <test-case name="ModelCenterTest.ExampleModelTests.testHierarchy" executed="True" success="True" time="0.266" asserts="2"/>
              <test-case name="ModelCenterTest.ExampleModelTests.testJscript" executed="True" success="True" time="0.266" asserts="4"/>
              <test-case name="ModelCenterTest.ExampleModelTests.testLocalOptimization" executed="True" success="True" time="1.250" asserts="2"/>
              <test-case name="ModelCenterTest.ExampleModelTests.testLocalOptimizationScript" executed="True" success="True" time="0.688" asserts="2"/>
              <test-case name="ModelCenterTest.ExampleModelTests.testLunarMission" executed="True" success="True" time="0.656" asserts="2"/>
              <test-case name="ModelCenterTest.ExampleModelTests.testMacro" executed="True" success="False" time="2.172" asserts="2">
                <failure>
                  <message><![CDATA[TearDown : System.Runtime.InteropServices.COMException : The server threw an exception. (Exception from HRESULT: 0x80010105 (RPC_E_SERVERFAULT))]]></message>
                  <stack-trace><![CDATA[--TearDown
at System.RuntimeType.ForwardCallToInvokeMember(String memberName, BindingFlags flags, Object target, Int32[] aWrapperTypes, MessageData& msgData)
at ModelCenter.ApplicationClass.closeModel()
at ModelCenterTest.ExampleModelTests.postRun() in c:\hudson\workspace\MC_Build\ModelCenter\src\ModelCenterTest\ModelCenterTest\ExampleModelTests.cs:line 72
]]></stack-trace>
                </failure>
              </test-case>
              <test-case name="ModelCenterTest.ExampleModelTests.testMonteCarloScript" executed="True" success="False" time="0.734" asserts="2">
                <failure>
                  <message><![CDATA[TearDown : System.Runtime.InteropServices.COMException : The server threw an exception. (Exception from HRESULT: 0x80010105 (RPC_E_SERVERFAULT))]]></message>
                  <stack-trace><![CDATA[--TearDown
at System.RuntimeType.ForwardCallToInvokeMember(String memberName, BindingFlags flags, Object target, Int32[] aWrapperTypes, MessageData& msgData)
at ModelCenter.ApplicationClass.closeModel()
at ModelCenterTest.ExampleModelTests.postRun() in c:\hudson\workspace\MC_Build\ModelCenter\src\ModelCenterTest\ModelCenterTest\ExampleModelTests.cs:line 72
]]></stack-trace>
                </failure>
              </test-case>
            </results>
          </test-suite>
          <test-suite name="MathcadPluginTests" executed="True" success="True" time="26.234" asserts="0">
            <results>
              <test-case name="ModelCenterTest.MathcadPluginTests.testMathcadDemo" executed="True" success="True" time="8.156" asserts="2"/>
              <test-case name="ModelCenterTest.MathcadPluginTests.testMathcadDoubleArrays" executed="True" success="True" time="4.547" asserts="5"/>
              <test-case name="ModelCenterTest.MathcadPluginTests.testMathcadDoubles" executed="True" success="True" time="4.469" asserts="1"/>
              <test-case name="ModelCenterTest.MathcadPluginTests.testMathcadIntArrays" executed="True" success="True" time="4.578" asserts="5"/>
              <test-case name="ModelCenterTest.MathcadPluginTests.testMathcadStrings" executed="True" success="True" time="4.469" asserts="1"/>
              <test-case name="ModelCenterTest.MathcadPluginTests.testMathcadTraining" executed="False">
                <reason>
                  <message><![CDATA[Ignoring till Mathcad people fix problem with greek characters]]></message>
                </reason>
              </test-case>
            </results>
          </test-suite>
          <test-suite name="MatlabPlugintests" executed="True" success="True" time="17.188" asserts="0">
            <results>
              <test-case name="ModelCenterTest.MatlabPlugintests.testMatlabDoubleArrays" executed="True" success="True" time="6.672" asserts="4"/>
              <test-case name="ModelCenterTest.MatlabPlugintests.testMatlabDoubles" executed="True" success="True" time="2.031" asserts="1"/>
              <test-case name="ModelCenterTest.MatlabPlugintests.testMatlabObject" executed="True" success="True" time="1.969" asserts="1"/>
              <test-case name="ModelCenterTest.MatlabPlugintests.testMatlabString2DArrays" executed="True" success="True" time="2.156" asserts="6"/>
              <test-case name="ModelCenterTest.MatlabPlugintests.testMatlabStringArrays" executed="True" success="True" time="2.438" asserts="4"/>
              <test-case name="ModelCenterTest.MatlabPlugintests.testMatlabStrings" executed="True" success="True" time="1.922" asserts="1"/>
            </results>
          </test-suite>
          <test-suite name="PluginTests" executed="True" success="True" time="24.859" asserts="0">
            <results>
              <test-case name="ModelCenterTest.PluginTests.testCatiaComponent" executed="True" success="True" time="3.000" asserts="3"/>
              <test-case name="ModelCenterTest.PluginTests.testConvergerComponent" executed="True" success="True" time="3.203" asserts="5"/>
              <test-case name="ModelCenterTest.PluginTests.testDarwinComponent" executed="False">
                <reason>
                  <message><![CDATA[Darwin creates variables only after displaying the GUI, and this never happens with the API, causing the tests to always fail.]]></message>
                </reason>
              </test-case>
              <test-case name="ModelCenterTest.PluginTests.testDEComponent" executed="False">
                <reason>
                  <message><![CDATA[The Design Explorer component is buggy- variable names do not show up on adding component, yet to be fixed]]></message>
                </reason>
              </test-case>
              <test-case name="ModelCenterTest.PluginTests.testExcelComponent" executed="True" success="True" time="2.563" asserts="3"/>
              <test-case name="ModelCenterTest.PluginTests.testGradOptComponent" executed="False">
                <reason>
                  <message><![CDATA[The Gradient Optimizer component is buggy- variable names do not show up on adding component, yet to be fixed]]></message>
                </reason>
              </test-case>
              <test-case name="ModelCenterTest.PluginTests.testMathCadComponent" executed="True" success="True" time="2.547" asserts="3"/>
              <test-case name="ModelCenterTest.PluginTests.testMatlabComponent" executed="True" success="True" time="2.563" asserts="3"/>
              <test-case name="ModelCenterTest.PluginTests.testNXComponent" executed="True" success="True" time="2.938" asserts="3"/>
              <test-case name="ModelCenterTest.PluginTests.testPAComponent" executed="True" success="True" time="2.516" asserts="5"/>
              <test-case name="ModelCenterTest.PluginTests.testProEComponent" executed="True" success="True" time="3.016" asserts="3"/>
              <test-case name="ModelCenterTest.PluginTests.testScriptComponent" executed="True" success="True" time="2.500" asserts="3"/>
            </results>
          </test-suite>
          <test-suite name="QW2Tests" executed="True" success="False" time="11.234" asserts="0">
            <results>
              <test-case name="ModelCenterTest.QW2Tests.test1MSDLoad" executed="True" success="True" time="1.172" asserts="19"/>
              <test-case name="ModelCenterTest.QW2Tests.test2MSDRun" executed="True" success="True" time="1.563" asserts="26"/>
              <test-case name="ModelCenterTest.QW2Tests.testIssue8900" executed="True" success="False" time="2.078" asserts="4">
                <failure>
                  <message><![CDATA[System.Runtime.InteropServices.COMException : Failed Component: Model.MultiPhysics_Converger

Error: Script error.
Line: 12
Column: 2
Source line:   fp_local = fp
Source: ModelCenter 9.1 BETA
Description: 

Error: Cannot evaluate reference.
Reference: Model.MultiPhysics_Converger.fp.
Value: "Model.PressureMapper.Fp".
Reason: 

Failed Component: Model.Geometry

Error: com.phoenix_int.aserver.util.scriptwrapper.PHXScriptWrapperException: Error Running ScriptWrapper
Line: 96
Source: "   wrapper.getRunShare().run("\"$GEOMETRY\"");"
Reason: java.io.IOException: command failed: \""C:\A\ARDEC\MultiPhysicsProblem\Geometry\Geometry.exe"\", exit status: 1
STD Error:
The system cannot find the path specified.
.
Action: running plug-in.
TearDown : System.Runtime.InteropServices.COMException : The server threw an exception. (Exception from HRESULT: 0x80010105 (RPC_E_SERVERFAULT))]]></message>
                  <stack-trace><![CDATA[at System.RuntimeType.ForwardCallToInvokeMember(String memberName, BindingFlags flags, Object target, Int32[] aWrapperTypes, MessageData& msgData)
at ModelCenter.IComponent.run()
at ModelCenterTest.QW2Tests.testIssue8900() in c:\hudson\workspace\MC_Build\ModelCenter\src\ModelCenterTest\ModelCenterTest\QW2Tests.cs:line 224
--TearDown
at System.RuntimeType.ForwardCallToInvokeMember(String memberName, BindingFlags flags, Object target, Int32[] aWrapperTypes, MessageData& msgData)
at ModelCenter.ApplicationClass.closeModel()
at ModelCenterTest.QW2Tests.cleanTheMess() in c:\hudson\workspace\MC_Build\ModelCenter\src\ModelCenterTest\ModelCenterTest\QW2Tests.cs:line 41
]]></stack-trace>
                </failure>
              </test-case>
              <test-case name="ModelCenterTest.QW2Tests.testQWFileVars" executed="True" success="True" time="2.484" asserts="6"/>
              <test-case name="ModelCenterTest.QW2Tests.testRelativeoption" executed="True" success="True" time="1.813" asserts="28"/>
              <test-case name="ModelCenterTest.QW2Tests.testRunShare" executed="True" success="True" time="2.125" asserts="15"/>
            </results>
          </test-suite>
          <test-suite name="VisualTests" executed="True" success="False" time="262108.962" asserts="0">
            <results>
              <test-suite name="VisualTest_Priority_A" executed="True" success="False" time="236370.790" asserts="0">
                <results>
                  <test-case name="ModelCenterTest.VisualTests.TestCase0156" executed="True" success="False" time="186.188" asserts="0">
                    <failure>
                      <message><![CDATA[System.Runtime.InteropServices.COMException (0x800A03E8): Unknown runtime error
   at MSScriptControl.ScriptControlClass.AddCode(String Code)
   at ModelCenterTest.VisualTests.VisualTest_Priority_A(String file) in c:\hudson\workspace\MC_Build\ModelCenter\src\ModelCenterTest\ModelCenterTest\VisualTests.cs:line 136
Description: Unknown runtime error
Source: ModelCenter.exe was still active! Process(es) killed!
Line: 139
Text: 
Number: 1000]]></message>
                      <stack-trace><![CDATA[at ModelCenterTest.VisualTests.VisualTest_Priority_A(String file) in c:\hudson\workspace\MC_Build\ModelCenter\src\ModelCenterTest\ModelCenterTest\VisualTests.cs:line 151
]]></stack-trace>
                    </failure>
                  </test-case>
                  <test-case name="ModelCenterTest.VisualTests.TestCase0159" executed="True" success="False" time="324.188" asserts="0">
                    <failure>
                      <message><![CDATA[System.Runtime.InteropServices.COMException (0x800A01A8): Object required: 'mc'
   at MSScriptControl.ScriptControlClass.AddCode(String Code)
   at ModelCenterTest.VisualTests.VisualTest_Priority_A(String file) in c:\hudson\workspace\MC_Build\ModelCenter\src\ModelCenterTest\ModelCenterTest\VisualTests.cs:line 140
Description: Object required: 'mc'
Source: Microsoft VBScript runtime error
Line: 84
Text: 
Number: 424]]></message>
                      <stack-trace><![CDATA[at ModelCenterTest.VisualTests.VisualTest_Priority_A(String file) in c:\hudson\workspace\MC_Build\ModelCenter\src\ModelCenterTest\ModelCenterTest\VisualTests.cs:line 151
]]></stack-trace>
                    </failure>
                  </test-case>
                  <test-case name="ModelCenterTest.VisualTests.TestCase0233" executed="True" success="True" time="481.000" asserts="1"/>
                  <test-case name="ModelCenterTest.VisualTests.TestCase0256" executed="True" success="False" time="881.719" asserts="0">
                    <failure>
                      <message><![CDATA[System.Runtime.InteropServices.COMException (0x800A01A8): Object required: 'mc'
   at MSScriptControl.ScriptControlClass.AddCode(String Code)
   at ModelCenterTest.VisualTests.VisualTest_Priority_A(String file) in c:\hudson\workspace\MC_Build\ModelCenter\src\ModelCenterTest\ModelCenterTest\VisualTests.cs:line 140
Description: Object required: 'mc'
Source: Microsoft VBScript runtime error
Line: 93
Text: 
Number: 424]]></message>
                      <stack-trace><![CDATA[at ModelCenterTest.VisualTests.VisualTest_Priority_A(String file) in c:\hudson\workspace\MC_Build\ModelCenter\src\ModelCenterTest\ModelCenterTest\VisualTests.cs:line 151
]]></stack-trace>
                    </failure>
                  </test-case>
                  <test-case name="ModelCenterTest.VisualTests.TestCase0257" executed="True" success="False" time="173.125" asserts="0">
                    <failure>
                      <message><![CDATA[System.Runtime.InteropServices.COMException (0x800A01A8): Object required: 'mc'
   at MSScriptControl.ScriptControlClass.AddCode(String Code)
   at ModelCenterTest.VisualTests.VisualTest_Priority_A(String file) in c:\hudson\workspace\MC_Build\ModelCenter\src\ModelCenterTest\ModelCenterTest\VisualTests.cs:line 140
Description: Object required: 'mc'
Source: Microsoft VBScript runtime error
Line: 81
Text: 
Number: 424]]></message>
                      <stack-trace><![CDATA[at ModelCenterTest.VisualTests.VisualTest_Priority_A(String file) in c:\hudson\workspace\MC_Build\ModelCenter\src\ModelCenterTest\ModelCenterTest\VisualTests.cs:line 151
]]></stack-trace>
                    </failure>
                  </test-case>
                  <test-case name="ModelCenterTest.VisualTests.TestCase0291" executed="True" success="False" time="410.281" asserts="0">
                    <failure>
                      <message><![CDATA[System.Runtime.InteropServices.COMException (0x800A01A8): Object required: 'mc'
   at MSScriptControl.ScriptControlClass.AddCode(String Code)
   at ModelCenterTest.VisualTests.VisualTest_Priority_A(String file) in c:\hudson\workspace\MC_Build\ModelCenter\src\ModelCenterTest\ModelCenterTest\VisualTests.cs:line 140
Description: Object required: 'mc'
Source: Microsoft VBScript runtime error
Line: 85
Text: 
Number: 424]]></message>
                      <stack-trace><![CDATA[at ModelCenterTest.VisualTests.VisualTest_Priority_A(String file) in c:\hudson\workspace\MC_Build\ModelCenter\src\ModelCenterTest\ModelCenterTest\VisualTests.cs:line 151
]]></stack-trace>
                    </failure>
                  </test-case>
                  <test-case name="ModelCenterTest.VisualTests.TestCase0307" executed="True" success="False" time="173.406" asserts="0">
                    <failure>
                      <message><![CDATA[System.Runtime.InteropServices.COMException (0x800A01A8): Object required: 'mc'
   at MSScriptControl.ScriptControlClass.AddCode(String Code)
   at ModelCenterTest.VisualTests.VisualTest_Priority_A(String file) in c:\hudson\workspace\MC_Build\ModelCenter\src\ModelCenterTest\ModelCenterTest\VisualTests.cs:line 140
Description: Object required: 'mc'
Source: Microsoft VBScript runtime error
Line: 80
Text: 
Number: 424]]></message>
                      <stack-trace><![CDATA[at ModelCenterTest.VisualTests.VisualTest_Priority_A(String file) in c:\hudson\workspace\MC_Build\ModelCenter\src\ModelCenterTest\ModelCenterTest\VisualTests.cs:line 151
]]></stack-trace>
                    </failure>
                  </test-case>
                  <test-case name="ModelCenterTest.VisualTests.TestCase0311" executed="True" success="True" time="396.375" asserts="1"/>
                  <test-case name="ModelCenterTest.VisualTests.TestCase0375" executed="True" success="False" time="173.375" asserts="0">
                    <failure>
                      <message><![CDATA[System.Runtime.InteropServices.COMException (0x800A01A8): Object required: 'mc'
   at MSScriptControl.ScriptControlClass.AddCode(String Code)
   at ModelCenterTest.VisualTests.VisualTest_Priority_A(String file) in c:\hudson\workspace\MC_Build\ModelCenter\src\ModelCenterTest\ModelCenterTest\VisualTests.cs:line 140
Description: Object required: 'mc'
Source: Microsoft VBScript runtime error
Line: 82
Text: 
Number: 424]]></message>
                      <stack-trace><![CDATA[at ModelCenterTest.VisualTests.VisualTest_Priority_A(String file) in c:\hudson\workspace\MC_Build\ModelCenter\src\ModelCenterTest\ModelCenterTest\VisualTests.cs:line 151
]]></stack-trace>
                    </failure>
                  </test-case>
                  <test-case name="ModelCenterTest.VisualTests.TestCase0379" executed="True" success="False" time="246.953" asserts="0">
                    <failure>
                      <message><![CDATA[System.Runtime.InteropServices.COMException (0x800A01A8): Object required: 'mc'
   at MSScriptControl.ScriptControlClass.AddCode(String Code)
   at ModelCenterTest.VisualTests.VisualTest_Priority_A(String file) in c:\hudson\workspace\MC_Build\ModelCenter\src\ModelCenterTest\ModelCenterTest\VisualTests.cs:line 140
Description: Object required: 'mc'
Source: Microsoft VBScript runtime error
Line: 92
Text: 
Number: 424]]></message>
                      <stack-trace><![CDATA[at ModelCenterTest.VisualTests.VisualTest_Priority_A(String file) in c:\hudson\workspace\MC_Build\ModelCenter\src\ModelCenterTest\ModelCenterTest\VisualTests.cs:line 151
]]></stack-trace>
                    </failure>
                  </test-case>
                  <test-case name="ModelCenterTest.VisualTests.TestCase0469" executed="True" success="True" time="429.578" asserts="1"/>
                  <test-case name="ModelCenterTest.VisualTests.TestCase0470" executed="True" success="True" time="431.609" asserts="1"/>
                  <test-case name="ModelCenterTest.VisualTests.TestCase0475" executed="True" success="True" time="550.156" asserts="1"/>
                  <test-case name="ModelCenterTest.VisualTests.TestCase0493" executed="True" success="True" time="536.766" asserts="1"/>
                  <test-case name="ModelCenterTest.VisualTests.TestCase0582" executed="True" success="True" time="331.953" asserts="1"/>
                  <test-case name="ModelCenterTest.VisualTests.TestCase0620" executed="True" success="True" time="732.734" asserts="1"/>
                  <test-case name="ModelCenterTest.VisualTests.TestCase0638" executed="True" success="True" time="3229.078" asserts="1"/>
                  <test-case name="ModelCenterTest.VisualTests.TestCase0707" executed="True" success="False" time="173.109" asserts="0">
                    <failure>
                      <message><![CDATA[System.Runtime.InteropServices.COMException (0x800A01A8): Object required: 'mc'
   at MSScriptControl.ScriptControlClass.AddCode(String Code)
   at ModelCenterTest.VisualTests.VisualTest_Priority_A(String file) in c:\hudson\workspace\MC_Build\ModelCenter\src\ModelCenterTest\ModelCenterTest\VisualTests.cs:line 140
Description: Object required: 'mc'
Source: Microsoft VBScript runtime error
Line: 81
Text: 
Number: 424]]></message>
                      <stack-trace><![CDATA[at ModelCenterTest.VisualTests.VisualTest_Priority_A(String file) in c:\hudson\workspace\MC_Build\ModelCenter\src\ModelCenterTest\ModelCenterTest\VisualTests.cs:line 151
]]></stack-trace>
                    </failure>
                  </test-case>
                  <test-case name="ModelCenterTest.VisualTests.TestCase0708" executed="True" success="False" time="173.422" asserts="0">
                    <failure>
                      <message><![CDATA[System.Runtime.InteropServices.COMException (0x800A01A8): Object required: 'mc'
   at MSScriptControl.ScriptControlClass.AddCode(String Code)
   at ModelCenterTest.VisualTests.VisualTest_Priority_A(String file) in c:\hudson\workspace\MC_Build\ModelCenter\src\ModelCenterTest\ModelCenterTest\VisualTests.cs:line 140
Description: Object required: 'mc'
Source: Microsoft VBScript runtime error
Line: 80
Text: 
Number: 424]]></message>
                      <stack-trace><![CDATA[at ModelCenterTest.VisualTests.VisualTest_Priority_A(String file) in c:\hudson\workspace\MC_Build\ModelCenter\src\ModelCenterTest\ModelCenterTest\VisualTests.cs:line 151
]]></stack-trace>
                    </failure>
                  </test-case>
                  <test-case name="ModelCenterTest.VisualTests.TestCase0762" executed="True" success="False" time="185.656" asserts="0">
                    <failure>
                      <message><![CDATA[System.Runtime.InteropServices.COMException (0x800A01A8): Object required: 'mc'
   at MSScriptControl.ScriptControlClass.AddCode(String Code)
   at ModelCenterTest.VisualTests.VisualTest_Priority_A(String file) in c:\hudson\workspace\MC_Build\ModelCenter\src\ModelCenterTest\ModelCenterTest\VisualTests.cs:line 140
Description: Object required: 'mc'
Source: Microsoft VBScript runtime error
Line: 88
Text: 
Number: 424]]></message>
                      <stack-trace><![CDATA[at ModelCenterTest.VisualTests.VisualTest_Priority_A(String file) in c:\hudson\workspace\MC_Build\ModelCenter\src\ModelCenterTest\ModelCenterTest\VisualTests.cs:line 151
]]></stack-trace>
                    </failure>
                  </test-case>
                  <test-case name="ModelCenterTest.VisualTests.TestCase0763" executed="True" success="False" time="185.594" asserts="0">
                    <failure>
                      <message><![CDATA[System.Runtime.InteropServices.COMException (0x800A01A8): Object required: 'mc'
   at MSScriptControl.ScriptControlClass.AddCode(String Code)
   at ModelCenterTest.VisualTests.VisualTest_Priority_A(String file) in c:\hudson\workspace\MC_Build\ModelCenter\src\ModelCenterTest\ModelCenterTest\VisualTests.cs:line 140
Description: Object required: 'mc'
Source: Microsoft VBScript runtime error
Line: 87
Text: 
Number: 424]]></message>
                      <stack-trace><![CDATA[at ModelCenterTest.VisualTests.VisualTest_Priority_A(String file) in c:\hudson\workspace\MC_Build\ModelCenter\src\ModelCenterTest\ModelCenterTest\VisualTests.cs:line 151
]]></stack-trace>
                    </failure>
                  </test-case>
                  <test-case name="ModelCenterTest.VisualTests.TestCase0765" executed="True" success="False" time="185.141" asserts="0">
                    <failure>
                      <message><![CDATA[System.Runtime.InteropServices.COMException (0x800A01A8): Object required: 'mc'
   at MSScriptControl.ScriptControlClass.AddCode(String Code)
   at ModelCenterTest.VisualTests.VisualTest_Priority_A(String file) in c:\hudson\workspace\MC_Build\ModelCenter\src\ModelCenterTest\ModelCenterTest\VisualTests.cs:line 140
Description: Object required: 'mc'
Source: Microsoft VBScript runtime error
Line: 88
Text: 
Number: 424]]></message>
                      <stack-trace><![CDATA[at ModelCenterTest.VisualTests.VisualTest_Priority_A(String file) in c:\hudson\workspace\MC_Build\ModelCenter\src\ModelCenterTest\ModelCenterTest\VisualTests.cs:line 151
]]></stack-trace>
                    </failure>
                  </test-case>
                  <test-case name="ModelCenterTest.VisualTests.TestCase0766" executed="True" success="False" time="185.781" asserts="0">
                    <failure>
                      <message><![CDATA[System.Runtime.InteropServices.COMException (0x800A01A8): Object required: 'mc'
   at MSScriptControl.ScriptControlClass.AddCode(String Code)
   at ModelCenterTest.VisualTests.VisualTest_Priority_A(String file) in c:\hudson\workspace\MC_Build\ModelCenter\src\ModelCenterTest\ModelCenterTest\VisualTests.cs:line 140
Description: Object required: 'mc'
Source: Microsoft VBScript runtime error
Line: 88
Text: 
Number: 424]]></message>
                      <stack-trace><![CDATA[at ModelCenterTest.VisualTests.VisualTest_Priority_A(String file) in c:\hudson\workspace\MC_Build\ModelCenter\src\ModelCenterTest\ModelCenterTest\VisualTests.cs:line 151
]]></stack-trace>
                    </failure>
                  </test-case>
                  <test-case name="ModelCenterTest.VisualTests.TestCase0767" executed="True" success="False" time="185.766" asserts="0">
                    <failure>
                      <message><![CDATA[System.Runtime.InteropServices.COMException (0x800A01A8): Object required: 'mc'
   at MSScriptControl.ScriptControlClass.AddCode(String Code)
   at ModelCenterTest.VisualTests.VisualTest_Priority_A(String file) in c:\hudson\workspace\MC_Build\ModelCenter\src\ModelCenterTest\ModelCenterTest\VisualTests.cs:line 140
Description: Object required: 'mc'
Source: Microsoft VBScript runtime error
Line: 90
Text: 
Number: 424]]></message>
                      <stack-trace><![CDATA[at ModelCenterTest.VisualTests.VisualTest_Priority_A(String file) in c:\hudson\workspace\MC_Build\ModelCenter\src\ModelCenterTest\ModelCenterTest\VisualTests.cs:line 151
]]></stack-trace>
                    </failure>
                  </test-case>
                  <test-case name="ModelCenterTest.VisualTests.TestCase0770" executed="True" success="False" time="185.188" asserts="0">
                    <failure>
                      <message><![CDATA[System.Runtime.InteropServices.COMException (0x800A01A8): Object required: 'mc'
   at MSScriptControl.ScriptControlClass.AddCode(String Code)
   at ModelCenterTest.VisualTests.VisualTest_Priority_A(String file) in c:\hudson\workspace\MC_Build\ModelCenter\src\ModelCenterTest\ModelCenterTest\VisualTests.cs:line 140
Description: Object required: 'mc'
Source: Microsoft VBScript runtime error
Line: 89
Text: 
Number: 424]]></message>
                      <stack-trace><![CDATA[at ModelCenterTest.VisualTests.VisualTest_Priority_A(String file) in c:\hudson\workspace\MC_Build\ModelCenter\src\ModelCenterTest\ModelCenterTest\VisualTests.cs:line 151
]]></stack-trace>
                    </failure>
                  </test-case>
                  <test-case name="ModelCenterTest.VisualTests.TestCase0796" executed="True" success="False" time="172.766" asserts="0">
                    <failure>
                      <message><![CDATA[System.Runtime.InteropServices.COMException (0x800A01A8): Object required: 'mc'
   at MSScriptControl.ScriptControlClass.AddCode(String Code)
   at ModelCenterTest.VisualTests.VisualTest_Priority_A(String file) in c:\hudson\workspace\MC_Build\ModelCenter\src\ModelCenterTest\ModelCenterTest\VisualTests.cs:line 140
Description: Object required: 'mc'
Source: Microsoft VBScript runtime error
Line: 81
Text: 
Number: 424]]></message>
                      <stack-trace><![CDATA[at ModelCenterTest.VisualTests.VisualTest_Priority_A(String file) in c:\hudson\workspace\MC_Build\ModelCenter\src\ModelCenterTest\ModelCenterTest\VisualTests.cs:line 151
]]></stack-trace>
                    </failure>
                  </test-case>
                  <test-case name="ModelCenterTest.VisualTests.TestCase0817" executed="True" success="False" time="208375.696" asserts="0">
                    <failure>
                      <message><![CDATA[System.Runtime.InteropServices.COMException (0x800A03E8): Unknown runtime error
   at MSScriptControl.ScriptControlClass.AddCode(String Code)
   at ModelCenterTest.VisualTests.VisualTest_Priority_A(String file) in c:\hudson\workspace\MC_Build\ModelCenter\src\ModelCenterTest\ModelCenterTest\VisualTests.cs:line 140
Description: Unknown runtime error
Source: C:\scratch\TestCase0817_output.txt not found!
Line: 128
Text: 
Number: 1000]]></message>
                      <stack-trace><![CDATA[at ModelCenterTest.VisualTests.VisualTest_Priority_A(String file) in c:\hudson\workspace\MC_Build\ModelCenter\src\ModelCenterTest\ModelCenterTest\VisualTests.cs:line 151
]]></stack-trace>
                    </failure>
                  </test-case>
                  <test-case name="ModelCenterTest.VisualTests.TestCase0914" executed="True" success="False" time="305.453" asserts="0">
                    <failure>
                      <message><![CDATA[System.Runtime.InteropServices.COMException (0x800A01A8): Object required: 'mc'
   at MSScriptControl.ScriptControlClass.AddCode(String Code)
   at ModelCenterTest.VisualTests.VisualTest_Priority_A(String file) in c:\hudson\workspace\MC_Build\ModelCenter\src\ModelCenterTest\ModelCenterTest\VisualTests.cs:line 140
Description: Object required: 'mc'
Source: Microsoft VBScript runtime error
Line: 84
Text: 
Number: 424]]></message>
                      <stack-trace><![CDATA[at ModelCenterTest.VisualTests.VisualTest_Priority_A(String file) in c:\hudson\workspace\MC_Build\ModelCenter\src\ModelCenterTest\ModelCenterTest\VisualTests.cs:line 151
]]></stack-trace>
                    </failure>
                  </test-case>
                  <test-case name="ModelCenterTest.VisualTests.TestCase0920" executed="True" success="False" time="902.500" asserts="0">
                    <failure>
                      <message><![CDATA[System.Runtime.InteropServices.COMException (0x800A01A8): Object required: 'mc'
   at MSScriptControl.ScriptControlClass.AddCode(String Code)
   at ModelCenterTest.VisualTests.VisualTest_Priority_A(String file) in c:\hudson\workspace\MC_Build\ModelCenter\src\ModelCenterTest\ModelCenterTest\VisualTests.cs:line 140
Description: Object required: 'mc'
Source: Microsoft VBScript runtime error
Line: 95
Text: 
Number: 424]]></message>
                      <stack-trace><![CDATA[at ModelCenterTest.VisualTests.VisualTest_Priority_A(String file) in c:\hudson\workspace\MC_Build\ModelCenter\src\ModelCenterTest\ModelCenterTest\VisualTests.cs:line 151
]]></stack-trace>
                    </failure>
                  </test-case>
                  <test-case name="ModelCenterTest.VisualTests.TestCase0921" executed="True" success="True" time="1404.016" asserts="1"/>
                  <test-case name="ModelCenterTest.VisualTests.TestCase0922" executed="True" success="True" time="1713.953" asserts="1"/>
                  <test-case name="ModelCenterTest.VisualTests.TestCase0923" executed="True" success="False" time="1005.484" asserts="0">
                    <failure>
                      <message><![CDATA[System.Runtime.InteropServices.COMException (0x800A01A8): Object required: 'mc'
   at MSScriptControl.ScriptControlClass.AddCode(String Code)
   at ModelCenterTest.VisualTests.VisualTest_Priority_A(String file) in c:\hudson\workspace\MC_Build\ModelCenter\src\ModelCenterTest\ModelCenterTest\VisualTests.cs:line 140
Description: Object required: 'mc'
Source: Microsoft VBScript runtime error
Line: 100
Text: 
Number: 424]]></message>
                      <stack-trace><![CDATA[at ModelCenterTest.VisualTests.VisualTest_Priority_A(String file) in c:\hudson\workspace\MC_Build\ModelCenter\src\ModelCenterTest\ModelCenterTest\VisualTests.cs:line 151
]]></stack-trace>
                    </failure>
                  </test-case>
                  <test-case name="ModelCenterTest.VisualTests.TestCase0924" executed="True" success="True" time="1402.641" asserts="1"/>
                  <test-case name="ModelCenterTest.VisualTests.TestCase0928" executed="True" success="True" time="301.031" asserts="1"/>
                  <test-case name="ModelCenterTest.VisualTests.TestCase0931" executed="True" success="True" time="550.469" asserts="1"/>
                  <test-case name="ModelCenterTest.VisualTests.TestCase1048" executed="True" success="True" time="555.891" asserts="1"/>
                  <test-case name="ModelCenterTest.VisualTests.TestCase1071" executed="True" success="False" time="622.125" asserts="0">
                    <failure>
                      <message><![CDATA[System.Runtime.InteropServices.COMException (0x800A01A8): Object required: 'mc'
   at MSScriptControl.ScriptControlClass.AddCode(String Code)
   at ModelCenterTest.VisualTests.VisualTest_Priority_A(String file) in c:\hudson\workspace\MC_Build\ModelCenter\src\ModelCenterTest\ModelCenterTest\VisualTests.cs:line 140
Description: Object required: 'mc'
Source: Microsoft VBScript runtime error
Line: 107
Text: 
Number: 424]]></message>
                      <stack-trace><![CDATA[at ModelCenterTest.VisualTests.VisualTest_Priority_A(String file) in c:\hudson\workspace\MC_Build\ModelCenter\src\ModelCenterTest\ModelCenterTest\VisualTests.cs:line 151
]]></stack-trace>
                    </failure>
                  </test-case>
                  <test-case name="ModelCenterTest.VisualTests.TestCase1081" executed="True" success="True" time="220.875" asserts="1"/>
                  <test-case name="ModelCenterTest.VisualTests.Testcase1116" executed="True" success="True" time="3014.781" asserts="1"/>
                  <test-case name="ModelCenterTest.VisualTests.TestCase1159" executed="True" success="True" time="193.531" asserts="1"/>
                  <test-case name="ModelCenterTest.VisualTests.TestCase619" executed="True" success="False" time="325.625" asserts="0">
                    <failure>
                      <message><![CDATA[System.Runtime.InteropServices.COMException (0x800A01A8): Object required: 'mc'
   at MSScriptControl.ScriptControlClass.AddCode(String Code)
   at ModelCenterTest.VisualTests.VisualTest_Priority_A(String file) in c:\hudson\workspace\MC_Build\ModelCenter\src\ModelCenterTest\ModelCenterTest\VisualTests.cs:line 140
Description: Object required: 'mc'
Source: Microsoft VBScript runtime error
Line: 86
Text: 
Number: 424]]></message>
                      <stack-trace><![CDATA[at ModelCenterTest.VisualTests.VisualTest_Priority_A(String file) in c:\hudson\workspace\MC_Build\ModelCenter\src\ModelCenterTest\ModelCenterTest\VisualTests.cs:line 151
]]></stack-trace>
                    </failure>
                  </test-case>
                  <test-case name="ModelCenterTest.VisualTests.TestCaseIssue5865" executed="True" success="True" time="255.313" asserts="1"/>
                  <test-case name="ModelCenterTest.VisualTests.TestCaseIssue6116" executed="True" success="True" time="1719.656" asserts="1"/>
                  <test-case name="ModelCenterTest.VisualTests.TestCaseIssue6207" executed="True" success="True" time="473.406" asserts="1"/>
                  <test-case name="ModelCenterTest.VisualTests.TestCaseIssue6246" executed="True" success="True" time="529.797" asserts="1"/>
                  <test-case name="ModelCenterTest.VisualTests.TestCaseIssue6647" executed="True" success="False" time="172.672" asserts="0">
                    <failure>
                      <message><![CDATA[System.Runtime.InteropServices.COMException (0x800A01A8): Object required: 'mc'
   at MSScriptControl.ScriptControlClass.AddCode(String Code)
   at ModelCenterTest.VisualTests.VisualTest_Priority_A(String file) in c:\hudson\workspace\MC_Build\ModelCenter\src\ModelCenterTest\ModelCenterTest\VisualTests.cs:line 140
Description: Object required: 'mc'
Source: Microsoft VBScript runtime error
Line: 81
Text: 
Number: 424]]></message>
                      <stack-trace><![CDATA[at ModelCenterTest.VisualTests.VisualTest_Priority_A(String file) in c:\hudson\workspace\MC_Build\ModelCenter\src\ModelCenterTest\ModelCenterTest\VisualTests.cs:line 151
]]></stack-trace>
                    </failure>
                  </test-case>
                  <test-case name="ModelCenterTest.VisualTests.TestConverger" executed="True" success="False" time="252.844" asserts="0">
                    <failure>
                      <message><![CDATA[System.Runtime.InteropServices.COMException (0x800A01A8): Object required: 'mc'
   at MSScriptControl.ScriptControlClass.AddCode(String Code)
   at ModelCenterTest.VisualTests.VisualTest_Priority_A(String file) in c:\hudson\workspace\MC_Build\ModelCenter\src\ModelCenterTest\ModelCenterTest\VisualTests.cs:line 140
Description: Object required: 'mc'
Source: Microsoft VBScript runtime error
Line: 95
Text: 
Number: 424]]></message>
                      <stack-trace><![CDATA[at ModelCenterTest.VisualTests.VisualTest_Priority_A(String file) in c:\hudson\workspace\MC_Build\ModelCenter\src\ModelCenterTest\ModelCenterTest\VisualTests.cs:line 151
]]></stack-trace>
                    </failure>
                  </test-case>
                  <test-case name="ModelCenterTest.VisualTests.TestDarwin" executed="True" success="True" time="264.953" asserts="1"/>
                  <test-case name="ModelCenterTest.VisualTests.TestMatlab" executed="True" success="False" time="173.047" asserts="0">
                    <failure>
                      <message><![CDATA[System.Runtime.InteropServices.COMException (0x800A01A8): Object required: 'mc'
   at MSScriptControl.ScriptControlClass.AddCode(String Code)
   at ModelCenterTest.VisualTests.VisualTest_Priority_A(String file) in c:\hudson\workspace\MC_Build\ModelCenter\src\ModelCenterTest\ModelCenterTest\VisualTests.cs:line 140
Description: Object required: 'mc'
Source: Microsoft VBScript runtime error
Line: 86
Text: 
Number: 424]]></message>
                      <stack-trace><![CDATA[at ModelCenterTest.VisualTests.VisualTest_Priority_A(String file) in c:\hudson\workspace\MC_Build\ModelCenter\src\ModelCenterTest\ModelCenterTest\VisualTests.cs:line 151
]]></stack-trace>
                    </failure>
                  </test-case>
                  <test-case name="ModelCenterTest.VisualTests.TestPythonMD5" executed="True" success="False" time="128.125" asserts="0">
                    <failure>
                      <message><![CDATA[System.Runtime.InteropServices.COMException (0x800A03E8): variable "Model.Flite3DMesh_IN.Outputs.Geometry" does not exist
   at MSScriptControl.ScriptControlClass.AddCode(String Code)
   at ModelCenterTest.VisualTests.VisualTest_Priority_A(String file) in c:\hudson\workspace\MC_Build\ModelCenter\src\ModelCenterTest\ModelCenterTest\VisualTests.cs:line 140
Description: variable "Model.Flite3DMesh_IN.Outputs.Geometry" does not exist
Source: ModelCenter 9.1 BETA
Line: 113
Text: 
Number: 1000]]></message>
                      <stack-trace><![CDATA[at ModelCenterTest.VisualTests.VisualTest_Priority_A(String file) in c:\hudson\workspace\MC_Build\ModelCenter\src\ModelCenterTest\ModelCenterTest\VisualTests.cs:line 151
]]></stack-trace>
                    </failure>
                  </test-case>
                  <test-case name="ModelCenterTest.VisualTests.TestPythonMD5noDFT" executed="True" success="False" time="184.656" asserts="0">
                    <failure>
                      <message><![CDATA[System.Runtime.InteropServices.COMException (0x800A03E8): Unknown runtime error
   at MSScriptControl.ScriptControlClass.AddCode(String Code)
   at ModelCenterTest.VisualTests.VisualTest_Priority_A(String file) in c:\hudson\workspace\MC_Build\ModelCenter\src\ModelCenterTest\ModelCenterTest\VisualTests.cs:line 136
Description: Unknown runtime error
Source: ModelCenter.exe was still active! Process(es) killed!
Line: 139
Text: 
Number: 1000]]></message>
                      <stack-trace><![CDATA[at ModelCenterTest.VisualTests.VisualTest_Priority_A(String file) in c:\hudson\workspace\MC_Build\ModelCenter\src\ModelCenterTest\ModelCenterTest\VisualTests.cs:line 151
]]></stack-trace>
                    </failure>
                  </test-case>
                  <test-case name="ModelCenterTest.VisualTests.zzz_ExcelProcKiller" executed="True" success="True" time="0.406" asserts="1"/>
                </results>
              </test-suite>
              <test-suite name="VisualTest_Priority_B" executed="True" success="False" time="12800.563" asserts="0">
                <results>
                  <test-case name="ModelCenterTest.VisualTests.1_check_MC_process" executed="True" success="True" time="0.516" asserts="1"/>
                  <test-case name="ModelCenterTest.VisualTests.aaa_init_com_macro" executed="True" success="False" time="373.438" asserts="0">
                    <failure>
                      <message><![CDATA[System.Runtime.InteropServices.COMException (0x80004005): The script was aborted because execution exceeded the specified timeout period.
   at MSScriptControl.ScriptControlClass.AddCode(String Code)
   at ModelCenterTest.VisualTests.VisualTest_Priority_B(String file) in c:\hudson\workspace\MC_Build\ModelCenter\src\ModelCenterTest\ModelCenterTest\VisualTests.cs:line 69
Description: The script was aborted because execution exceeded the specified timeout period.
Source: ScriptControl
Line: 88
Text: 
Number: -2147467259]]></message>
                      <stack-trace><![CDATA[at ModelCenterTest.VisualTests.VisualTest_Priority_B(String file) in c:\hudson\workspace\MC_Build\ModelCenter\src\ModelCenterTest\ModelCenterTest\VisualTests.cs:line 79
]]></stack-trace>
                    </failure>
                  </test-case>
                  <test-case name="ModelCenterTest.VisualTests.bbb_init_javanpoly_api" executed="True" success="True" time="656.813" asserts="1"/>
                  <test-case name="ModelCenterTest.VisualTests.ComparisonListTest" executed="True" success="False" time="312.172" asserts="0">
                    <failure>
                      <message><![CDATA[System.Runtime.InteropServices.COMException (0x800A01A8): Object required
   at MSScriptControl.ScriptControlClass.AddCode(String Code)
   at ModelCenterTest.VisualTests.VisualTest_Priority_B(String file) in c:\hudson\workspace\MC_Build\ModelCenter\src\ModelCenterTest\ModelCenterTest\VisualTests.cs:line 69
Description: Object required
Source: Microsoft VBScript runtime error
Line: 117
Text: 
Number: 424]]></message>
                      <stack-trace><![CDATA[at ModelCenterTest.VisualTests.VisualTest_Priority_B(String file) in c:\hudson\workspace\MC_Build\ModelCenter\src\ModelCenterTest\ModelCenterTest\VisualTests.cs:line 79
]]></stack-trace>
                    </failure>
                  </test-case>
                  <test-case name="ModelCenterTest.VisualTests.japanesecharacters" executed="True" success="True" time="2.328" asserts="1"/>
                  <test-case name="ModelCenterTest.VisualTests.Test503Snap" executed="True" success="True" time="318.141" asserts="1"/>
                  <test-case name="ModelCenterTest.VisualTests.TestCase0471" executed="True" success="True" time="371.250" asserts="1"/>
                  <test-case name="ModelCenterTest.VisualTests.TestCase0472" executed="True" success="False" time="245.359" asserts="0">
                    <failure>
                      <message><![CDATA[System.Runtime.InteropServices.COMException (0x800A01A8): Object required: 'mc'
   at MSScriptControl.ScriptControlClass.AddCode(String Code)
   at ModelCenterTest.VisualTests.VisualTest_Priority_B(String file) in c:\hudson\workspace\MC_Build\ModelCenter\src\ModelCenterTest\ModelCenterTest\VisualTests.cs:line 69
Description: Object required: 'mc'
Source: Microsoft VBScript runtime error
Line: 87
Text: 
Number: 424]]></message>
                      <stack-trace><![CDATA[at ModelCenterTest.VisualTests.VisualTest_Priority_B(String file) in c:\hudson\workspace\MC_Build\ModelCenter\src\ModelCenterTest\ModelCenterTest\VisualTests.cs:line 79
]]></stack-trace>
                    </failure>
                  </test-case>
                  <test-case name="ModelCenterTest.VisualTests.TestCase0533" executed="True" success="False" time="173.000" asserts="0">
                    <failure>
                      <message><![CDATA[System.Runtime.InteropServices.COMException (0x800A01A8): Object required: 'mc'
   at MSScriptControl.ScriptControlClass.AddCode(String Code)
   at ModelCenterTest.VisualTests.VisualTest_Priority_B(String file) in c:\hudson\workspace\MC_Build\ModelCenter\src\ModelCenterTest\ModelCenterTest\VisualTests.cs:line 69
Description: Object required: 'mc'
Source: Microsoft VBScript runtime error
Line: 82
Text: 
Number: 424]]></message>
                      <stack-trace><![CDATA[at ModelCenterTest.VisualTests.VisualTest_Priority_B(String file) in c:\hudson\workspace\MC_Build\ModelCenter\src\ModelCenterTest\ModelCenterTest\VisualTests.cs:line 79
]]></stack-trace>
                    </failure>
                  </test-case>
                  <test-case name="ModelCenterTest.VisualTests.TestCase0794" executed="True" success="True" time="313.484" asserts="1"/>
                  <test-case name="ModelCenterTest.VisualTests.TestCase0940" executed="True" success="False" time="327.031" asserts="0">
                    <failure>
                      <message><![CDATA[System.Runtime.InteropServices.COMException (0x800A01A8): Object required: 'mc'
   at MSScriptControl.ScriptControlClass.AddCode(String Code)
   at ModelCenterTest.VisualTests.VisualTest_Priority_B(String file) in c:\hudson\workspace\MC_Build\ModelCenter\src\ModelCenterTest\ModelCenterTest\VisualTests.cs:line 69
Description: Object required: 'mc'
Source: Microsoft VBScript runtime error
Line: 82
Text: 
Number: 424]]></message>
                      <stack-trace><![CDATA[at ModelCenterTest.VisualTests.VisualTest_Priority_B(String file) in c:\hudson\workspace\MC_Build\ModelCenter\src\ModelCenterTest\ModelCenterTest\VisualTests.cs:line 79
]]></stack-trace>
                    </failure>
                  </test-case>
                  <test-case name="ModelCenterTest.VisualTests.TestCase1008" executed="True" success="True" time="1184.984" asserts="1"/>
                  <test-case name="ModelCenterTest.VisualTests.TestCase1012" executed="True" success="False" time="534.578" asserts="0">
                    <failure>
                      <message><![CDATA[System.Runtime.InteropServices.COMException (0x800A01A8): Object required: 'mc'
   at MSScriptControl.ScriptControlClass.AddCode(String Code)
   at ModelCenterTest.VisualTests.VisualTest_Priority_B(String file) in c:\hudson\workspace\MC_Build\ModelCenter\src\ModelCenterTest\ModelCenterTest\VisualTests.cs:line 69
Description: Object required: 'mc'
Source: Microsoft VBScript runtime error
Line: 91
Text: 
Number: 424]]></message>
                      <stack-trace><![CDATA[at ModelCenterTest.VisualTests.VisualTest_Priority_B(String file) in c:\hudson\workspace\MC_Build\ModelCenter\src\ModelCenterTest\ModelCenterTest\VisualTests.cs:line 79
]]></stack-trace>
                    </failure>
                  </test-case>
                  <test-case name="ModelCenterTest.VisualTests.TestCase1037" executed="True" success="False" time="390.953" asserts="0">
                    <failure>
                      <message><![CDATA[System.Runtime.InteropServices.COMException (0x80004005): The script was aborted because execution exceeded the specified timeout period.
   at MSScriptControl.ScriptControlClass.AddCode(String Code)
   at ModelCenterTest.VisualTests.VisualTest_Priority_B(String file) in c:\hudson\workspace\MC_Build\ModelCenter\src\ModelCenterTest\ModelCenterTest\VisualTests.cs:line 69
Description: The script was aborted because execution exceeded the specified timeout period.
Source: ScriptControl
Line: 94
Text: 
Number: -2147467259]]></message>
                      <stack-trace><![CDATA[at ModelCenterTest.VisualTests.VisualTest_Priority_B(String file) in c:\hudson\workspace\MC_Build\ModelCenter\src\ModelCenterTest\ModelCenterTest\VisualTests.cs:line 79
]]></stack-trace>
                    </failure>
                  </test-case>
                  <test-case name="ModelCenterTest.VisualTests.TestCase1040" executed="True" success="False" time="124.734" asserts="0">
                    <failure>
                      <message><![CDATA[System.Runtime.InteropServices.COMException (0x800A01A8): Object required: 'mc'
   at MSScriptControl.ScriptControlClass.AddCode(String Code)
   at ModelCenterTest.VisualTests.VisualTest_Priority_B(String file) in c:\hudson\workspace\MC_Build\ModelCenter\src\ModelCenterTest\ModelCenterTest\VisualTests.cs:line 69
Description: Object required: 'mc'
Source: Microsoft VBScript runtime error
Line: 82
Text: 
Number: 424]]></message>
                      <stack-trace><![CDATA[at ModelCenterTest.VisualTests.VisualTest_Priority_B(String file) in c:\hudson\workspace\MC_Build\ModelCenter\src\ModelCenterTest\ModelCenterTest\VisualTests.cs:line 79
]]></stack-trace>
                    </failure>
                  </test-case>
                  <test-case name="ModelCenterTest.VisualTests.TestCase1069" executed="True" success="False" time="313.078" asserts="0">
                    <failure>
                      <message><![CDATA[System.Runtime.InteropServices.COMException (0x80004005): The script was aborted because execution exceeded the specified timeout period.
   at MSScriptControl.ScriptControlClass.AddCode(String Code)
   at ModelCenterTest.VisualTests.VisualTest_Priority_B(String file) in c:\hudson\workspace\MC_Build\ModelCenter\src\ModelCenterTest\ModelCenterTest\VisualTests.cs:line 69
Description: The script was aborted because execution exceeded the specified timeout period.
Source: ScriptControl
Line: 86
Text: 
Number: -2147467259]]></message>
                      <stack-trace><![CDATA[at ModelCenterTest.VisualTests.VisualTest_Priority_B(String file) in c:\hudson\workspace\MC_Build\ModelCenter\src\ModelCenterTest\ModelCenterTest\VisualTests.cs:line 79
]]></stack-trace>
                    </failure>
                  </test-case>
                  <test-case name="ModelCenterTest.VisualTests.TestCase1084" executed="True" success="False" time="662.797" asserts="0">
                    <failure>
                      <message><![CDATA[System.Runtime.InteropServices.COMException (0x800A01A8): Object required: 'mc'
   at MSScriptControl.ScriptControlClass.AddCode(String Code)
   at ModelCenterTest.VisualTests.VisualTest_Priority_B(String file) in c:\hudson\workspace\MC_Build\ModelCenter\src\ModelCenterTest\ModelCenterTest\VisualTests.cs:line 69
Description: Object required: 'mc'
Source: Microsoft VBScript runtime error
Line: 112
Text: 
Number: 424]]></message>
                      <stack-trace><![CDATA[at ModelCenterTest.VisualTests.VisualTest_Priority_B(String file) in c:\hudson\workspace\MC_Build\ModelCenter\src\ModelCenterTest\ModelCenterTest\VisualTests.cs:line 79
]]></stack-trace>
                    </failure>
                  </test-case>
                  <test-case name="ModelCenterTest.VisualTests.TestCase1096" executed="True" success="False" time="116.125" asserts="0">
                    <failure>
                      <message><![CDATA[System.NotSupportedException: Object doesn't support this property or method
   at MSScriptControl.ScriptControlClass.AddCode(String Code)
   at ModelCenterTest.VisualTests.VisualTest_Priority_B(String file) in c:\hudson\workspace\MC_Build\ModelCenter\src\ModelCenterTest\ModelCenterTest\VisualTests.cs:line 69
Description: Object doesn't support this property or method
Source: Microsoft VBScript runtime error
Line: 118
Text: 
Number: 438]]></message>
                      <stack-trace><![CDATA[at ModelCenterTest.VisualTests.VisualTest_Priority_B(String file) in c:\hudson\workspace\MC_Build\ModelCenter\src\ModelCenterTest\ModelCenterTest\VisualTests.cs:line 79
]]></stack-trace>
                    </failure>
                  </test-case>
                  <test-case name="ModelCenterTest.VisualTests.TestCase1157" executed="True" success="True" time="413.391" asserts="1"/>
                  <test-case name="ModelCenterTest.VisualTests.TestCase1234" executed="True" success="True" time="885.109" asserts="1"/>
                  <test-case name="ModelCenterTest.VisualTests.TestCase6439" executed="True" success="False" time="564.781" asserts="0">
                    <failure>
                      <message><![CDATA[System.Runtime.InteropServices.COMException (0x80004005): The script was aborted because execution exceeded the specified timeout period.
   at MSScriptControl.ScriptControlClass.AddCode(String Code)
   at ModelCenterTest.VisualTests.VisualTest_Priority_B(String file) in c:\hudson\workspace\MC_Build\ModelCenter\src\ModelCenterTest\ModelCenterTest\VisualTests.cs:line 69
Description: The script was aborted because execution exceeded the specified timeout period.
Source: ScriptControl
Line: 92
Text: 
Number: -2147467259]]></message>
                      <stack-trace><![CDATA[at ModelCenterTest.VisualTests.VisualTest_Priority_B(String file) in c:\hudson\workspace\MC_Build\ModelCenter\src\ModelCenterTest\ModelCenterTest\VisualTests.cs:line 79
]]></stack-trace>
                    </failure>
                  </test-case>
                  <test-case name="ModelCenterTest.VisualTests.TestCase8035" executed="True" success="False" time="173.734" asserts="0">
                    <failure>
                      <message><![CDATA[System.Runtime.InteropServices.COMException (0x800A01A8): Object required: 'mc'
   at MSScriptControl.ScriptControlClass.AddCode(String Code)
   at ModelCenterTest.VisualTests.VisualTest_Priority_B(String file) in c:\hudson\workspace\MC_Build\ModelCenter\src\ModelCenterTest\ModelCenterTest\VisualTests.cs:line 69
Description: Object required: 'mc'
Source: Microsoft VBScript runtime error
Line: 85
Text: 
Number: 424]]></message>
                      <stack-trace><![CDATA[at ModelCenterTest.VisualTests.VisualTest_Priority_B(String file) in c:\hudson\workspace\MC_Build\ModelCenter\src\ModelCenterTest\ModelCenterTest\VisualTests.cs:line 79
]]></stack-trace>
                    </failure>
                  </test-case>
                  <test-case name="ModelCenterTest.VisualTests.TestCaseIssue2941" executed="True" success="True" time="613.750" asserts="1"/>
                  <test-case name="ModelCenterTest.VisualTests.TestCaseIssue4264" executed="True" success="False" time="328.313" asserts="0">
                    <failure>
                      <message><![CDATA[System.Runtime.InteropServices.COMException (0x800A01A8): Object required: 'mc'
   at MSScriptControl.ScriptControlClass.AddCode(String Code)
   at ModelCenterTest.VisualTests.VisualTest_Priority_B(String file) in c:\hudson\workspace\MC_Build\ModelCenter\src\ModelCenterTest\ModelCenterTest\VisualTests.cs:line 69
Description: Object required: 'mc'
Source: Microsoft VBScript runtime error
Line: 84
Text: 
Number: 424]]></message>
                      <stack-trace><![CDATA[at ModelCenterTest.VisualTests.VisualTest_Priority_B(String file) in c:\hudson\workspace\MC_Build\ModelCenter\src\ModelCenterTest\ModelCenterTest\VisualTests.cs:line 79
]]></stack-trace>
                    </failure>
                  </test-case>
                  <test-case name="ModelCenterTest.VisualTests.TestCaseIssue5856" executed="True" success="False" time="327.625" asserts="0">
                    <failure>
                      <message><![CDATA[System.Runtime.InteropServices.COMException (0x800A01A8): Object required: 'mc'
   at MSScriptControl.ScriptControlClass.AddCode(String Code)
   at ModelCenterTest.VisualTests.VisualTest_Priority_B(String file) in c:\hudson\workspace\MC_Build\ModelCenter\src\ModelCenterTest\ModelCenterTest\VisualTests.cs:line 69
Description: Object required: 'mc'
Source: Microsoft VBScript runtime error
Line: 86
Text: 
Number: 424]]></message>
                      <stack-trace><![CDATA[at ModelCenterTest.VisualTests.VisualTest_Priority_B(String file) in c:\hudson\workspace\MC_Build\ModelCenter\src\ModelCenterTest\ModelCenterTest\VisualTests.cs:line 79
]]></stack-trace>
                    </failure>
                  </test-case>
                  <test-case name="ModelCenterTest.VisualTests.TestCaseIssue6035" executed="True" success="True" time="660.047" asserts="1"/>
                  <test-case name="ModelCenterTest.VisualTests.TestCaseIssue6156" executed="True" success="True" time="835.281" asserts="1"/>
                  <test-case name="ModelCenterTest.VisualTests.TestCaseIssue6187" executed="True" success="False" time="368.469" asserts="0">
                    <failure>
                      <message><![CDATA[System.Runtime.InteropServices.COMException (0x80004005): The script was aborted because execution exceeded the specified timeout period.
   at MSScriptControl.ScriptControlClass.AddCode(String Code)
   at ModelCenterTest.VisualTests.VisualTest_Priority_B(String file) in c:\hudson\workspace\MC_Build\ModelCenter\src\ModelCenterTest\ModelCenterTest\VisualTests.cs:line 69
Description: The script was aborted because execution exceeded the specified timeout period.
Source: ScriptControl
Line: 90
Text: 
Number: -2147467259]]></message>
                      <stack-trace><![CDATA[at ModelCenterTest.VisualTests.VisualTest_Priority_B(String file) in c:\hudson\workspace\MC_Build\ModelCenter\src\ModelCenterTest\ModelCenterTest\VisualTests.cs:line 79
]]></stack-trace>
                    </failure>
                  </test-case>
                  <test-case name="ModelCenterTest.VisualTests.TestCaseIssue6191" executed="True" success="False" time="365.406" asserts="0">
                    <failure>
                      <message><![CDATA[System.Runtime.InteropServices.COMException (0x80004005): The script was aborted because execution exceeded the specified timeout period.
   at MSScriptControl.ScriptControlClass.AddCode(String Code)
   at ModelCenterTest.VisualTests.VisualTest_Priority_B(String file) in c:\hudson\workspace\MC_Build\ModelCenter\src\ModelCenterTest\ModelCenterTest\VisualTests.cs:line 69
Description: The script was aborted because execution exceeded the specified timeout period.
Source: ScriptControl
Line: 89
Text: 
Number: -2147467259]]></message>
                      <stack-trace><![CDATA[at ModelCenterTest.VisualTests.VisualTest_Priority_B(String file) in c:\hudson\workspace\MC_Build\ModelCenter\src\ModelCenterTest\ModelCenterTest\VisualTests.cs:line 79
]]></stack-trace>
                    </failure>
                  </test-case>
                  <test-case name="ModelCenterTest.VisualTests.TestCaseIssue6215" executed="True" success="False" time="365.844" asserts="0">
                    <failure>
                      <message><![CDATA[System.Runtime.InteropServices.COMException (0x80004005): The script was aborted because execution exceeded the specified timeout period.
   at MSScriptControl.ScriptControlClass.AddCode(String Code)
   at ModelCenterTest.VisualTests.VisualTest_Priority_B(String file) in c:\hudson\workspace\MC_Build\ModelCenter\src\ModelCenterTest\ModelCenterTest\VisualTests.cs:line 69
Description: The script was aborted because execution exceeded the specified timeout period.
Source: ScriptControl
Line: 91
Text: 
Number: -2147467259]]></message>
                      <stack-trace><![CDATA[at ModelCenterTest.VisualTests.VisualTest_Priority_B(String file) in c:\hudson\workspace\MC_Build\ModelCenter\src\ModelCenterTest\ModelCenterTest\VisualTests.cs:line 79
]]></stack-trace>
                    </failure>
                  </test-case>
                  <test-case name="ModelCenterTest.VisualTests.TestCaseIssue6230" executed="True" success="True" time="477.984" asserts="1"/>
                </results>
              </test-suite>
              <test-suite name="VisualTest_Priority_C" executed="True" success="False" time="8511.391" asserts="0">
                <results>
                  <test-case name="ModelCenterTest.VisualTests.DataExpTest1" executed="True" success="True" time="786.766" asserts="1"/>
                  <test-case name="ModelCenterTest.VisualTests.DataExpTest2" executed="True" success="True" time="732.563" asserts="1"/>
                  <test-case name="ModelCenterTest.VisualTests.DataExpTest3" executed="True" success="True" time="1255.359" asserts="1"/>
                  <test-case name="ModelCenterTest.VisualTests.DataExpTest5" executed="True" success="False" time="883.203" asserts="0">
                    <failure>
                      <message><![CDATA[System.Runtime.InteropServices.COMException (0x800A01A8): Object required: 'mc'
   at MSScriptControl.ScriptControlClass.AddCode(String Code)
   at ModelCenterTest.VisualTests.VisualTest_Priority_C(String file) in c:\hudson\workspace\MC_Build\ModelCenter\src\ModelCenterTest\ModelCenterTest\VisualTests.cs:line 215
Description: Object required: 'mc'
Source: Microsoft VBScript runtime error
Line: 127
Text: 
Number: 424]]></message>
                      <stack-trace><![CDATA[at ModelCenterTest.VisualTests.VisualTest_Priority_C(String file) in c:\hudson\workspace\MC_Build\ModelCenter\src\ModelCenterTest\ModelCenterTest\VisualTests.cs:line 226
]]></stack-trace>
                    </failure>
                  </test-case>
                  <test-case name="ModelCenterTest.VisualTests.DataExpTest6" executed="True" success="False" time="929.406" asserts="0">
                    <failure>
                      <message><![CDATA[System.Runtime.InteropServices.COMException (0x800A01A8): Object required: 'mc'
   at MSScriptControl.ScriptControlClass.AddCode(String Code)
   at ModelCenterTest.VisualTests.VisualTest_Priority_C(String file) in c:\hudson\workspace\MC_Build\ModelCenter\src\ModelCenterTest\ModelCenterTest\VisualTests.cs:line 215
Description: Object required: 'mc'
Source: Microsoft VBScript runtime error
Line: 165
Text: 
Number: 424]]></message>
                      <stack-trace><![CDATA[at ModelCenterTest.VisualTests.VisualTest_Priority_C(String file) in c:\hudson\workspace\MC_Build\ModelCenter\src\ModelCenterTest\ModelCenterTest\VisualTests.cs:line 226
]]></stack-trace>
                    </failure>
                  </test-case>
                  <test-case name="ModelCenterTest.VisualTests.DataExpTest7" executed="True" success="True" time="976.422" asserts="1"/>
                  <test-case name="ModelCenterTest.VisualTests.DataExpTest9" executed="True" success="True" time="1252.109" asserts="1"/>
                  <test-case name="ModelCenterTest.VisualTests.TestCase0474" executed="True" success="True" time="255.625" asserts="1"/>
                  <test-case name="ModelCenterTest.VisualTests.TestCase1059" executed="True" success="False" time="433.609" asserts="0">
                    <failure>
                      <message><![CDATA[System.Runtime.InteropServices.COMException (0x800A01A8): Object required: 'mc'
   at MSScriptControl.ScriptControlClass.AddCode(String Code)
   at ModelCenterTest.VisualTests.VisualTest_Priority_C(String file) in c:\hudson\workspace\MC_Build\ModelCenter\src\ModelCenterTest\ModelCenterTest\VisualTests.cs:line 215
Description: Object required: 'mc'
Source: Microsoft VBScript runtime error
Line: 95
Text: 
Number: 424]]></message>
                      <stack-trace><![CDATA[at ModelCenterTest.VisualTests.VisualTest_Priority_C(String file) in c:\hudson\workspace\MC_Build\ModelCenter\src\ModelCenterTest\ModelCenterTest\VisualTests.cs:line 226
]]></stack-trace>
                    </failure>
                  </test-case>
                  <test-case name="ModelCenterTest.VisualTests.TestCaseIssue4807" executed="True" success="False" time="556.672" asserts="0">
                    <failure>
                      <message><![CDATA[System.Runtime.InteropServices.COMException (0x800A01A8): Object required: 'mc'
   at MSScriptControl.ScriptControlClass.AddCode(String Code)
   at ModelCenterTest.VisualTests.VisualTest_Priority_C(String file) in c:\hudson\workspace\MC_Build\ModelCenter\src\ModelCenterTest\ModelCenterTest\VisualTests.cs:line 215
Description: Object required: 'mc'
Source: Microsoft VBScript runtime error
Line: 118
Text: 
Number: 424]]></message>
                      <stack-trace><![CDATA[at ModelCenterTest.VisualTests.VisualTest_Priority_C(String file) in c:\hudson\workspace\MC_Build\ModelCenter\src\ModelCenterTest\ModelCenterTest\VisualTests.cs:line 226
]]></stack-trace>
                    </failure>
                  </test-case>
                  <test-case name="ModelCenterTest.VisualTests.TestCaseIssue6349" executed="True" success="False" time="449.656" asserts="0">
                    <failure>
                      <message><![CDATA[System.Runtime.InteropServices.COMException (0x800A01A8): Object required: 'mc'
   at MSScriptControl.ScriptControlClass.AddCode(String Code)
   at ModelCenterTest.VisualTests.VisualTest_Priority_C(String file) in c:\hudson\workspace\MC_Build\ModelCenter\src\ModelCenterTest\ModelCenterTest\VisualTests.cs:line 215
Description: Object required: 'mc'
Source: Microsoft VBScript runtime error
Line: 104
Text: 
Number: 424]]></message>
                      <stack-trace><![CDATA[at ModelCenterTest.VisualTests.VisualTest_Priority_C(String file) in c:\hudson\workspace\MC_Build\ModelCenter\src\ModelCenterTest\ModelCenterTest\VisualTests.cs:line 226
]]></stack-trace>
                    </failure>
                  </test-case>
                </results>
              </test-suite>
              <test-suite name="VisualTest_TestComponentPlugIns" executed="True" success="False" time="4426.047" asserts="0">
                <results>
                  <test-case name="ModelCenterTest.VisualTests.TestCase0728" executed="True" success="False" time="173.250" asserts="0">
                    <failure>
                      <message><![CDATA[System.Runtime.InteropServices.COMException (0x800A01A8): Object required: 'mc'
   at MSScriptControl.ScriptControlClass.AddCode(String Code)
   at ModelCenterTest.VisualTests.VisualTest_TestComponentPlugIns(String file) in c:\hudson\workspace\MC_Build\ModelCenter\src\ModelCenterTest\ModelCenterTest\VisualTests.cs:line 347
Description: Object required: 'mc'
Source: Microsoft VBScript runtime error
Line: 81
Text: 
Number: 424]]></message>
                      <stack-trace><![CDATA[at ModelCenterTest.VisualTests.VisualTest_TestComponentPlugIns(String file) in c:\hudson\workspace\MC_Build\ModelCenter\src\ModelCenterTest\ModelCenterTest\VisualTests.cs:line 358
]]></stack-trace>
                    </failure>
                  </test-case>
                  <test-case name="ModelCenterTest.VisualTests.TestCase0746" executed="True" success="True" time="402.047" asserts="1"/>
                  <test-case name="ModelCenterTest.VisualTests.TestCase1032" executed="True" success="True" time="737.750" asserts="1"/>
                  <test-case name="ModelCenterTest.VisualTests.TestCase1033" executed="True" success="True" time="860.781" asserts="1"/>
                  <test-case name="ModelCenterTest.VisualTests.TestCase1043" executed="True" success="True" time="357.859" asserts="1"/>
                  <test-case name="ModelCenterTest.VisualTests.TestCase1044" executed="True" success="True" time="311.391" asserts="1"/>
                  <test-case name="ModelCenterTest.VisualTests.TestCase1064" executed="True" success="True" time="848.828" asserts="1"/>
                  <test-case name="ModelCenterTest.VisualTests.TestCaseIssue6199" executed="True" success="True" time="469.516" asserts="1"/>
                  <test-case name="ModelCenterTest.VisualTests.TestCaseIssue6209" executed="True" success="True" time="264.625" asserts="1"/>
                </results>
              </test-suite>
            </results>
          </test-suite>
        </results>
      </test-suite>
    </results>
  </test-suite>
</test-results>