<?xml version="1.0" encoding="UTF-8" ?>
<testsuite errors="1" failures="0" hostname="kasparov" name="fr.imag.adele.cadse.test.basictests.bug1.Bug1_ts_execution" tests="1" time="5.155" timestamp="2010-06-26T06:38:02">
  <properties>
    <property name="test.display" value=":10" />
    <property name="java.runtime.name" value="Java(TM) SE Runtime Environment" />
    <property name="sun.boot.library.path" value="/opt/sun-jdk-1.6.0.20/jre/lib/amd64" />
    <property name="java.vm.version" value="16.3-b01" />
    <property name="java.vm.vendor" value="Sun Microsystems Inc." />
    <property name="java.vendor.url" value="http://java.sun.com/" />
    <property name="path.separator" value=":" />
    <property name="java.vm.name" value="Java HotSpot(TM) 64-Bit Server VM" />
    <property name="file.encoding.pkg" value="sun.io" />
    <property name="user.country" value="FR" />
    <property name="sun.java.launcher" value="SUN_STANDARD" />
    <property name="sun.os.patch.level" value="unknown" />
    <property name="testPlatformPath" value="/home2/hudson/home/jobs/HandTest/workspace/handtest/target" />
    <property name="java.vm.specification.name" value="Java Virtual Machine Specification" />
    <property name="user.dir" value="/home2/hudson/home/jobs/HandTest/workspace" />
    <property name="java.runtime.version" value="1.6.0_20-b02" />
    <property name="java.awt.graphicsenv" value="sun.awt.X11GraphicsEnvironment" />
    <property name="java.endorsed.dirs" value="/opt/sun-jdk-1.6.0.20/jre/lib/endorsed" />
    <property name="os.arch" value="amd64" />
    <property name="java.io.tmpdir" value="/tmp" />
    <property name="line.separator" value="
" />
    <property name="java.vm.specification.vendor" value="Sun Microsystems Inc." />
    <property name="os.name" value="Linux" />
    <property name="classworlds.conf" value="/usr/share/maven-bin-2.2//bin/m2.conf" />
    <property name="sun.jnu.encoding" value="UTF-8" />
    <property name="java.library.path" value="/opt/sun-jdk-1.6.0.20/jre/lib/amd64/server:/opt/sun-jdk-1.6.0.20/jre/lib/amd64:/opt/sun-jdk-1.6.0.20/jre/../lib/amd64:/usr/java/packages/lib/amd64:/usr/lib64:/lib64:/lib:/usr/lib" />
    <property name="java.specification.name" value="Java Platform API Specification" />
    <property name="java.class.version" value="50.0" />
    <property name="sun.management.compiler" value="HotSpot 64-Bit Server Compiler" />
    <property name="testClass" value="fr.imag.adele.cadse.testplatform.tests_basictests.Bug1" />
    <property name="test.junit.port" value="5597" />
    <property name="os.version" value="2.6.31-gentoo-r6" />
    <property name="user.home" value="/home2/hudson" />
    <property name="user.timezone" value="Europe/Brussels" />
    <property name="java.awt.printerjob" value="sun.print.PSPrinterJob" />
    <property name="file.encoding" value="UTF-8" />
    <property name="java.specification.version" value="1.6" />
    <property name="java.class.path" value="/usr/share/maven-bin-2.2//boot/classworlds-1.1.jar" />
    <property name="user.name" value="hudson" />
    <property name="testPlatformPath.eclipse" value="/home2/hudson/home/jobs/HandTest/workspace/platform-test-galileo/eclipse" />
    <property name="java.vm.specification.version" value="1.0" />
    <property name="java.home" value="/opt/sun-jdk-1.6.0.20/jre" />
    <property name="sun.arch.data.model" value="64" />
    <property name="user.language" value="fr" />
    <property name="java.specification.vendor" value="Sun Microsystems Inc." />
    <property name="java.vm.info" value="mixed mode" />
    <property name="java.version" value="1.6.0_20" />
    <property name="securerandom.source" value="file:/dev/./urandom" />
    <property name="java.ext.dirs" value="/opt/sun-jdk-1.6.0.20/jre/lib/ext:/usr/java/packages/lib/ext" />
    <property name="sun.boot.class.path" value="/opt/sun-jdk-1.6.0.20/jre/lib/resources.jar:/opt/sun-jdk-1.6.0.20/jre/lib/rt.jar:/opt/sun-jdk-1.6.0.20/jre/lib/sunrsasign.jar:/opt/sun-jdk-1.6.0.20/jre/lib/jsse.jar:/opt/sun-jdk-1.6.0.20/jre/lib/jce.jar:/opt/sun-jdk-1.6.0.20/jre/lib/charsets.jar:/opt/sun-jdk-1.6.0.20/jre/classes" />
    <property name="java.vendor" value="Sun Microsystems Inc." />
    <property name="maven.home" value="/usr/share/maven-bin-2.2" />
    <property name="file.separator" value="/" />
    <property name="testPlatformPath.report" value="/home2/hudson/home/jobs/HandTest/workspace/handtest/target/test-reports" />
    <property name="java.vendor.url.bug" value="http://java.sun.com/cgi-bin/bugreport.cgi" />
    <property name="sun.io.unicode.encoding" value="UnicodeLittle" />
    <property name="sun.cpu.endian" value="little" />
    <property name="sun.cpu.isalist" value="" />
  </properties>
  <testcase classname="fr.imag.adele.cadse.test.basictests.bug1.Bug1_tc_execution" id="test_execution" name="test_execution" time="5.143">
    <error message="org.eclipse.swtbot.swt.finder.exceptions.WidgetNotFoundException: Can&apos;t close shell by clicking on Finish (Can&apos;t close shell : button Finish is not enabled.). Shell closed by clicking on Cancel
	at fr.imag.adele.graphictests.gtworkbench_part.GTShell.close(GTShell.java:325)
	at fr.imag.adele.graphictests.gtworkbench_part.GTShell.close(GTShell.java:186)
	at fr.imag.adele.graphictests.gtworkbench_part.GTShell.close(GTShell.java:151)
	at fr.imag.adele.graphictests.cadse.test.GTCadseHelperMethods.createBasicAttribute(GTCadseHelperMethods.java:296)
	at fr.imag.adele.graphictests.cadse.test.GTCadseHelperMethods.createInteger(GTCadseHelperMethods.java:233)
	at fr.imag.adele.cadse.test.basictests.bug1.Bug1_tc_execution.test_execution(Bug1_tc_execution.java:28)
	at sun.reflect.NativeMethodAccessorImpl.invoke0(Native Method)
	at sun.reflect.NativeMethodAccessorImpl.invoke(NativeMethodAccessorImpl.java:39)
	at sun.reflect.DelegatingMethodAccessorImpl.invoke(DelegatingMethodAccessorImpl.java:25)
	at java.lang.reflect.Method.invoke(Method.java:597)
	at org.junit.runners.model.FrameworkMethod$1.runReflectiveCall(FrameworkMethod.java:44)
	at org.junit.internal.runners.model.ReflectiveCallable.run(ReflectiveCallable.java:15)
	at org.junit.runners.model.FrameworkMethod.invokeExplosively(FrameworkMethod.java:41)
	at org.junit.internal.runners.statements.InvokeMethod.evaluate(InvokeMethod.java:20)
	at org.junit.internal.runners.statements.RunBefores.evaluate(RunBefores.java:28)
	at org.junit.internal.runners.statements.RunAfters.evaluate(RunAfters.java:31)
	at org.junit.runners.BlockJUnit4ClassRunner.runChild(BlockJUnit4ClassRunner.java:73)
	at org.junit.runners.BlockJUnit4ClassRunner.runChild(BlockJUnit4ClassRunner.java:46)
	at org.junit.runners.ParentRunner.runChildren(ParentRunner.java:180)
	at org.junit.runners.ParentRunner.access$000(ParentRunner.java:41)
	at org.junit.runners.ParentRunner$1.evaluate(ParentRunner.java:173)
	at org.junit.internal.runners.statements.RunBefores.evaluate(RunBefores.java:28)
	at org.junit.internal.runners.statements.RunAfters.evaluate(RunAfters.java:31)
	at org.junit.runners.ParentRunner.run(ParentRunner.java:220)
	at org.junit.runners.Suite.runChild(Suite.java:115)
	at org.junit.runners.Suite.runChild(Suite.java:23)
	at org.junit.runners.ParentRunner.runChildren(ParentRunner.java:180)
	at org.junit.runners.ParentRunner.access$000(ParentRunner.java:41)
	at org.junit.runners.ParentRunner$1.evaluate(ParentRunner.java:173)
	at org.junit.internal.runners.statements.RunBefores.evaluate(RunBefores.java:28)
	at org.junit.internal.runners.statements.RunAfters.evaluate(RunAfters.java:31)
	at org.junit.runners.ParentRunner.run(ParentRunner.java:220)
	at org.eclipse.jdt.internal.junit4.runner.JUnit4TestReference.run(JUnit4TestReference.java:46)
	at org.eclipse.jdt.internal.junit.runner.TestExecution.run(TestExecution.java:38)
	at org.eclipse.jdt.internal.junit.runner.RemoteTestRunner.runTests(RemoteTestRunner.java:467)
	at org.eclipse.jdt.internal.junit.runner.RemoteTestRunner.runTests(RemoteTestRunner.java:683)
	at org.eclipse.jdt.internal.junit.runner.RemoteTestRunner.run(RemoteTestRunner.java:390)
	at org.eclipse.pde.internal.junit.runtime.RemotePluginTestRunner.main(RemotePluginTestRunner.java:62)
	at org.eclipse.pde.internal.junit.runtime.NonUIThreadTestApplication.runTests(NonUIThreadTestApplication.java:23)
	at org.eclipse.ui.internal.testing.WorkbenchTestable$1.run(WorkbenchTestable.java:71)
	at java.lang.Thread.run(Thread.java:619)

" type="java.lang.Exception">java.lang.Exception: org.eclipse.swtbot.swt.finder.exceptions.WidgetNotFoundException: Can&apos;t close shell by clicking on Finish (Can&apos;t close shell : button Finish is not enabled.). Shell closed by clicking on Cancel
	at fr.imag.adele.graphictests.gtworkbench_part.GTShell.close(GTShell.java:325)
	at fr.imag.adele.graphictests.gtworkbench_part.GTShell.close(GTShell.java:186)
	at fr.imag.adele.graphictests.gtworkbench_part.GTShell.close(GTShell.java:151)
	at fr.imag.adele.graphictests.cadse.test.GTCadseHelperMethods.createBasicAttribute(GTCadseHelperMethods.java:296)
	at fr.imag.adele.graphictests.cadse.test.GTCadseHelperMethods.createInteger(GTCadseHelperMethods.java:233)
	at fr.imag.adele.cadse.test.basictests.bug1.Bug1_tc_execution.test_execution(Bug1_tc_execution.java:28)
	at org.eclipse.jdt.internal.junit4.runner.JUnit4TestReference.run(JUnit4TestReference.java:46)
	at org.eclipse.jdt.internal.junit.runner.TestExecution.run(TestExecution.java:38)
	at org.eclipse.jdt.internal.junit.runner.RemoteTestRunner.runTests(RemoteTestRunner.java:467)
	at org.eclipse.jdt.internal.junit.runner.RemoteTestRunner.runTests(RemoteTestRunner.java:683)
	at org.eclipse.jdt.internal.junit.runner.RemoteTestRunner.run(RemoteTestRunner.java:390)
	at org.eclipse.pde.internal.junit.runtime.RemotePluginTestRunner.main(RemotePluginTestRunner.java:62)
	at org.eclipse.pde.internal.junit.runtime.NonUIThreadTestApplication.runTests(NonUIThreadTestApplication.java:23)
	at org.eclipse.ui.internal.testing.WorkbenchTestable$1.run(WorkbenchTestable.java:71)
	at java.lang.Thread.run(Thread.java:619)


	at fr.imag.adele.cadse.platform.PDETestListener.testFailed(PDETestListener.java:238)
	at org.eclipse.jdt.internal.junit.model.RemoteTestRunnerClient$7.run(RemoteTestRunnerClient.java:523)
	at org.eclipse.core.runtime.SafeRunner.run(SafeRunner.java:42)
	at org.eclipse.jdt.internal.junit.model.RemoteTestRunnerClient.notifyTestFailed(RemoteTestRunnerClient.java:521)
	at org.eclipse.jdt.internal.junit.model.RemoteTestRunnerClient.access$16(RemoteTestRunnerClient.java:516)
	at org.eclipse.jdt.internal.junit.model.RemoteTestRunnerClient$TraceProcessingState.readMessage(RemoteTestRunnerClient.java:168)
	at org.eclipse.jdt.internal.junit.model.RemoteTestRunnerClient.receiveMessage(RemoteTestRunnerClient.java:346)
	at org.eclipse.jdt.internal.junit.model.RemoteTestRunnerClient.access$26(RemoteTestRunnerClient.java:345)
	at org.eclipse.jdt.internal.junit.model.RemoteTestRunnerClient$ServerConnection.run(RemoteTestRunnerClient.java:265)
</error>
  </testcase>
</testsuite>
