[INFO] 
[INFO] --- maven-resources-plugin:2.6:resources (default-resources) @ qatNavegador ---
[INFO] Using 'UTF-8' encoding to copy filtered resources.
[INFO] Copying 2 resources
[INFO] 
[INFO] --- maven-compiler-plugin:3.1:compile (default-compile) @ qatNavegador ---
[INFO] Nothing to compile - all classes are up to date
[INFO] 
[INFO] --- maven-resources-plugin:2.6:testResources (default-testResources) @ qatNavegador ---
[INFO] Using 'UTF-8' encoding to copy filtered resources.
[INFO] skip non existing resourceDirectory /var/lib/jenkins/jobs/Moodle/workspace/qatNavegador/src/test/resources
[INFO] 
[INFO] --- maven-compiler-plugin:3.1:testCompile (default-testCompile) @ qatNavegador ---
[INFO] Changes detected - recompiling the module!
[INFO] Compiling 107 source files to /var/lib/jenkins/jobs/Moodle/workspace/qatNavegador/target/test-classes
[INFO] -------------------------------------------------------------
[ERROR] COMPILATION ERROR : 
[INFO] -------------------------------------------------------------
[ERROR] /var/lib/jenkins/jobs/Moodle/workspace/qatNavegador/src/test/java/comPageObjectsTestSaviaDigital/Login.java:[15,32] package testlink.api.java.client does not exist
[ERROR] /var/lib/jenkins/jobs/Moodle/workspace/qatNavegador/src/test/java/comPageObjectsTestSaviaDigital/Login.java:[16,32] package testlink.api.java.client does not exist
[ERROR] /var/lib/jenkins/jobs/Moodle/workspace/qatNavegador/src/test/java/comPageObjectsTestSaviaDigital/Login.java:[124,136] package testlink.api.java.client does not exist
[ERROR] /var/lib/jenkins/jobs/Moodle/workspace/qatNavegador/src/test/java/comPageObjectsTestSaviaDigital/Login.java:[76,29] cannot find symbol
  symbol:   variable TestLinkAPIResults
  location: class comPageObjectsTestSaviaDigital.Login
[ERROR] /var/lib/jenkins/jobs/Moodle/workspace/qatNavegador/src/test/java/comPageObjectsTestSaviaDigital/Login.java:[79,31] cannot find symbol
  symbol:   variable TestLinkAPIResults
  location: class comPageObjectsTestSaviaDigital.Login
[ERROR] /var/lib/jenkins/jobs/Moodle/workspace/qatNavegador/src/test/java/comPageObjectsTestSaviaDigital/Login.java:[128,9] cannot find symbol
  symbol:   class TestLinkAPIClient
  location: class comPageObjectsTestSaviaDigital.Login
[ERROR] /var/lib/jenkins/jobs/Moodle/workspace/qatNavegador/src/test/java/comPageObjectsTestSaviaDigital/Login.java:[128,51] cannot find symbol
  symbol:   class TestLinkAPIClient
  location: class comPageObjectsTestSaviaDigital.Login
[INFO] 7 errors 
[INFO] -------------------------------------------------------------
[INFO] ------------------------------------------------------------------------
[INFO] BUILD FAILURE
[INFO] ------------------------------------------------------------------------
[INFO] Total time: 15.057 s
[INFO] Finished at: 2016-08-11T08:43:03+02:00
[INFO] Final Memory: 20M/188M
[INFO] ------------------------------------------------------------------------
[ERROR] Failed to execute goal org.apache.maven.plugins:maven-compiler-plugin:3.1:testCompile (default-testCompile) on project qatNavegador: Compilation failure: Compilation failure:
[ERROR] /var/lib/jenkins/jobs/Moodle/workspace/qatNavegador/src/test/java/comPageObjectsTestSaviaDigital/Login.java:[15,32] package testlink.api.java.client does not exist
[ERROR] /var/lib/jenkins/jobs/Moodle/workspace/qatNavegador/src/test/java/comPageObjectsTestSaviaDigital/Login.java:[16,32] package testlink.api.java.client does not exist
[ERROR] /var/lib/jenkins/jobs/Moodle/workspace/qatNavegador/src/test/java/comPageObjectsTestSaviaDigital/Login.java:[124,136] package testlink.api.java.client does not exist
[ERROR] /var/lib/jenkins/jobs/Moodle/workspace/qatNavegador/src/test/java/comPageObjectsTestSaviaDigital/Login.java:[76,29] cannot find symbol
[ERROR] symbol:   variable TestLinkAPIResults
[ERROR] location: class comPageObjectsTestSaviaDigital.Login
[ERROR] /var/lib/jenkins/jobs/Moodle/workspace/qatNavegador/src/test/java/comPageObjectsTestSaviaDigital/Login.java:[79,31] cannot find symbol
[ERROR] symbol:   variable TestLinkAPIResults
[ERROR] location: class comPageObjectsTestSaviaDigital.Login
[ERROR] /var/lib/jenkins/jobs/Moodle/workspace/qatNavegador/src/test/java/comPageObjectsTestSaviaDigital/Login.java:[128,9] cannot find symbol
[ERROR] symbol:   class TestLinkAPIClient
[ERROR] location: class comPageObjectsTestSaviaDigital.Login
[ERROR] /var/lib/jenkins/jobs/Moodle/workspace/qatNavegador/src/test/java/comPageObjectsTestSaviaDigital/Login.java:[128,51] cannot find symbol
[ERROR] symbol:   class TestLinkAPIClient
[ERROR] location: class comPageObjectsTestSaviaDigital.Login
[ERROR] -> [Help 1]
[ERROR] 
[ERROR] To see the full stack trace of the errors, re-run Maven with the -e switch.
[ERROR] Re-run Maven using the -X switch to enable full debug logging.
[ERROR] 
[ERROR] For more information about the errors and possible solutions, please read the following articles:
[ERROR] [Help 1] http://cwiki.apache.org/confluence/display/MAVEN/MojoFailureException
Merging build environment variables with data retrieved from TestLink.

Preparing TestLink client API.
Using TestLink URL: http://testlink.gesm.net/lib/api/xmlrpc/v1/xmlrpc.php

Found 1 automated test cases in TestLink.

Sorting automated test cases by TestLink test plan execution order.

Executing single Build Steps.

Executing iterative Build Steps.

Looking for the test results of TestLink test cases.

Found 1 test result(s).

Executing iterative Build Steps.

Looking for the test results of TestLink test cases.

Looking for test results in TestNG suites by its name.

Found 1 test result(s).

Xvfb stopping
Finished: SUCCESS