Stage "Results" skipped due to earlier failure(s)
[Pipeline] }
[Pipeline] // stage
[Pipeline] stage
[Pipeline] { (Declarative: Post Actions)
[Pipeline] echo
Error when executing always post condition:
hudson.remoting.ChannelClosedException: Channel "unknown": Remote call on daybreakk failed. The channel is closing down or has closed down
    at hudson.remoting.Channel.call(Channel.java:948)
    at hudson.FilePath.act(FilePath.java:1070)
    at hudson.FilePath.act(FilePath.java:1059)
    at hudson.FilePath.mkdirs(FilePath.java:1244)
    at org.jenkinsci.plugins.durabletask.FileMonitoringTask$FileMonitoringController.<init>(FileMonitoringTask.java:154)
    at org.jenkinsci.plugins.durabletask.BourneShellScript$ShellController.<init>(BourneShellScript.java:198)
    at org.jenkinsci.plugins.durabletask.BourneShellScript$ShellController.<init>(BourneShellScript.java:190)
    at org.jenkinsci.plugins.durabletask.BourneShellScript.launchWithCookie(BourneShellScript.java:111)
    at org.jenkinsci.plugins.durabletask.FileMonitoringTask.launch(FileMonitoringTask.java:86)
    at org.jenkinsci.plugins.workflow.steps.durable_task.DurableTaskStep$Execution.start(DurableTaskStep.java:182)
    at org.jenkinsci.plugins.workflow.cps.DSL.invokeStep(DSL.java:229)
    at org.jenkinsci.plugins.workflow.cps.DSL.invokeMethod(DSL.java:153)
    at org.jenkinsci.plugins.workflow.cps.CpsScript.invokeMethod(CpsScript.java:122)
    at org.codehaus.groovy.runtime.callsite.PogoMetaClassSite.call(PogoMetaClassSite.java:48)
    at org.codehaus.groovy.runtime.callsite.CallSiteArray.defaultCall(CallSiteArray.java:48)
    at org.codehaus.groovy.runtime.callsite.AbstractCallSite.call(AbstractCallSite.java:113)
    at com.cloudbees.groovy.cps.sandbox.DefaultInvoker.methodCall(DefaultInvoker.java:20)
    at global.removeDir(/var/jenkins/jobs/rndtest_glimpse_oiio/branches/develop/builds/308/libs/AL/vars/global.groovy:55)
    at doCleanUp.call(/var/jenkins/jobs/rndtest_glimpse_oiio/branches/develop/builds/308/libs/AL/vars/doCleanUp.groovy:12)
    at runALPipeline.call(/var/jenkins/jobs/rndtest_glimpse_oiio/branches/develop/builds/308/libs/AL/vars/runALPipeline.groovy:242)
    at org.jenkinsci.plugins.pipeline.modeldefinition.ModelInterpreter.delegateAndExecute(jar:file:/var/jenkins/plugins/pipeline-model-definition/WEB-INF/lib/pipeline-model-definition.jar!/org/jenkinsci/plugins/pipeline/modeldefinition/ModelInterpreter.groovy:133)
    at org.jenkinsci.plugins.pipeline.modeldefinition.ModelInterpreter.runPostConditions(jar:file:/var/jenkins/plugins/pipeline-model-definition/WEB-INF/lib/pipeline-model-definition.jar!/org/jenkinsci/plugins/pipeline/modeldefinition/ModelInterpreter.groovy:745)
    at org.jenkinsci.plugins.pipeline.modeldefinition.ModelInterpreter.catchRequiredContextForNode(jar:file:/var/jenkins/plugins/pipeline-model-definition/WEB-INF/lib/pipeline-model-definition.jar!/org/jenkinsci/plugins/pipeline/modeldefinition/ModelInterpreter.groovy:393)
    at org.jenkinsci.plugins.pipeline.modeldefinition.ModelInterpreter.catchRequiredContextForNode(jar:file:/var/jenkins/plugins/pipeline-model-definition/WEB-INF/lib/pipeline-model-definition.jar!/org/jenkinsci/plugins/pipeline/modeldefinition/ModelInterpreter.groovy:391)
    at org.jenkinsci.plugins.pipeline.modeldefinition.ModelInterpreter.runPostConditions(jar:file:/var/jenkins/plugins/pipeline-model-definition/WEB-INF/lib/pipeline-model-definition.jar!/org/jenkinsci/plugins/pipeline/modeldefinition/ModelInterpreter.groovy:744)
    at com.cloudbees.groovy.cps.CpsDefaultGroovyMethods.each(CpsDefaultGroovyMethods:2030)
    at com.cloudbees.groovy.cps.CpsDefaultGroovyMethods.each(CpsDefaultGroovyMethods:2015)
    at com.cloudbees.groovy.cps.CpsDefaultGroovyMethods.each(CpsDefaultGroovyMethods:2056)
    at org.jenkinsci.plugins.pipeline.modeldefinition.ModelInterpreter.runPostConditions(jar:file:/var/jenkins/plugins/pipeline-model-definition/WEB-INF/lib/pipeline-model-definition.jar!/org/jenkinsci/plugins/pipeline/modeldefinition/ModelInterpreter.groovy:740)
    at org.jenkinsci.plugins.pipeline.modeldefinition.ModelInterpreter.executePostBuild(jar:file:/var/jenkins/plugins/pipeline-model-definition/WEB-INF/lib/pipeline-model-definition.jar!/org/jenkinsci/plugins/pipeline/modeldefinition/ModelInterpreter.groovy:719)
    at ___cps.transform___(Native Method)
    at com.cloudbees.groovy.cps.impl.ContinuationGroup.methodCall(ContinuationGroup.java:57)
    at com.cloudbees.groovy.cps.impl.FunctionCallBlock$ContinuationImpl.dispatchOrArg(FunctionCallBlock.java:109)
    at com.cloudbees.groovy.cps.impl.FunctionCallBlock$ContinuationImpl.fixArg(FunctionCallBlock.java:82)
    at sun.reflect.GeneratedMethodAccessor481.invoke(Unknown Source)
    at sun.reflect.DelegatingMethodAccessorImpl.invoke(DelegatingMethodAccessorImpl.java:43)
    at java.lang.reflect.Method.invoke(Method.java:497)
    at com.cloudbees.groovy.cps.impl.ContinuationPtr$ContinuationImpl.receive(ContinuationPtr.java:72)
    at com.cloudbees.groovy.cps.impl.FunctionCallBlock$ContinuationImpl.dispatchOrArg(FunctionCallBlock.java:103)
    at com.cloudbees.groovy.cps.impl.FunctionCallBlock$ContinuationImpl.fixArg(FunctionCallBlock.java:82)
    at sun.reflect.GeneratedMethodAccessor481.invoke(Unknown Source)
    at sun.reflect.DelegatingMethodAccessorImpl.invoke(DelegatingMethodAccessorImpl.java:43)
    at java.lang.reflect.Method.invoke(Method.java:497)
    at com.cloudbees.groovy.cps.impl.ContinuationPtr$ContinuationImpl.receive(ContinuationPtr.java:72)
    at com.cloudbees.groovy.cps.impl.ContinuationGroup.methodCall(ContinuationGroup.java:60)
    at com.cloudbees.groovy.cps.impl.FunctionCallBlock$ContinuationImpl.dispatchOrArg(FunctionCallBlock.java:109)
    at com.cloudbees.groovy.cps.impl.FunctionCallBlock$ContinuationImpl.fixArg(FunctionCallBlock.java:82)
    at sun.reflect.GeneratedMethodAccessor481.invoke(Unknown Source)
    at sun.reflect.DelegatingMethodAccessorImpl.invoke(DelegatingMethodAccessorImpl.java:43)
    at java.lang.reflect.Method.invoke(Method.java:497)
    at com.cloudbees.groovy.cps.impl.ContinuationPtr$ContinuationImpl.receive(ContinuationPtr.java:72)
    at com.cloudbees.groovy.cps.impl.ConstantBlock.eval(ConstantBlock.java:21)
    at com.cloudbees.groovy.cps.Next.step(Next.java:83)
    at com.cloudbees.groovy.cps.Continuable$1.call(Continuable.java:174)
    at com.cloudbees.groovy.cps.Continuable$1.call(Continuable.java:163)
    at org.codehaus.groovy.runtime.GroovyCategorySupport$ThreadCategoryInfo.use(GroovyCategorySupport.java:122)
    at org.codehaus.groovy.runtime.GroovyCategorySupport.use(GroovyCategorySupport.java:261)
    at com.cloudbees.groovy.cps.Continuable.run0(Continuable.java:163)
    at org.jenkinsci.plugins.workflow.cps.SandboxContinuable.access$101(SandboxContinuable.java:34)
    at org.jenkinsci.plugins.workflow.cps.SandboxContinuable.lambda$run0$0(SandboxContinuable.java:59)
    at org.jenkinsci.plugins.workflow.cps.SandboxContinuable$$Lambda$205/1281920299.call(Unknown Source)
    at org.jenkinsci.plugins.scriptsecurity.sandbox.groovy.GroovySandbox.runInSandbox(GroovySandbox.java:108)
    at org.jenkinsci.plugins.workflow.cps.SandboxContinuable.run0(SandboxContinuable.java:58)
    at org.jenkinsci.plugins.workflow.cps.CpsThread.runNextChunk(CpsThread.java:174)
    at org.jenkinsci.plugins.workflow.cps.CpsThreadGroup.run(CpsThreadGroup.java:332)
    at org.jenkinsci.plugins.workflow.cps.CpsThreadGroup.access$200(CpsThreadGroup.java:83)
    at org.jenkinsci.plugins.workflow.cps.CpsThreadGroup$2.call(CpsThreadGroup.java:244)
    at org.jenkinsci.plugins.workflow.cps.CpsThreadGroup$2.call(CpsThreadGroup.java:232)
    at org.jenkinsci.plugins.workflow.cps.CpsVmExecutorService$2.call(CpsVmExecutorService.java:64)
    at java.util.concurrent.FutureTask.run(FutureTask.java:266)
    at hudson.remoting.SingleLaneExecutorService$1.run(SingleLaneExecutorService.java:131)
    at jenkins.util.ContextResettingExecutorService$1.run(ContextResettingExecutorService.java:28)
    at jenkins.security.ImpersonatingExecutorService$1.run(ImpersonatingExecutorService.java:59)
    at java.util.concurrent.Executors$RunnableAdapter.call(Executors.java:511)
    at java.util.concurrent.FutureTask.run(FutureTask.java:266)
    at java.util.concurrent.ThreadPoolExecutor.runWorker(ThreadPoolExecutor.java:1142)
    at java.util.concurrent.ThreadPoolExecutor$Worker.run(ThreadPoolExecutor.java:617)
    at java.lang.Thread.run(Thread.java:745)
Caused by: java.io.IOException
    at hudson.remoting.Channel.close(Channel.java:1447)
    at hudson.remoting.Channel.close(Channel.java:1403)
    at hudson.slaves.SlaveComputer.closeChannel(SlaveComputer.java:821)
    at hudson.slaves.SlaveComputer.access$800(SlaveComputer.java:105)
    at hudson.slaves.SlaveComputer$3.run(SlaveComputer.java:737)
    ... 7 more

18:11:39 [DEBUG]  Deleting /tmp/jenkins-rndtest_glimpse_oiio-develop-308/packages
[Pipeline] sh
18:11:39 ERROR: Issue with creating launcher for agent daybreakk. The agent has not been fully initialized yet
18:11:39 ERROR: Issue with creating launcher for agent daybreakk. The agent has not been fully initialized yet
[Pipeline] echo
18:11:39 [ERROR]  Found status to be FAILURE
[Pipeline] fileExists
Error when executing failure post condition:
hudson.remoting.ChannelClosedException: Channel "unknown": Remote call on daybreakk failed. The channel is closing down or has closed down
    at hudson.remoting.Channel.call(Channel.java:948)
    at hudson.FilePath.act(FilePath.java:1070)
    at hudson.FilePath.act(FilePath.java:1059)
    at hudson.FilePath.exists(FilePath.java:1579)
    at org.jenkinsci.plugins.workflow.steps.FileExistsStep$Execution.run(FileExistsStep.java:84)
    at org.jenkinsci.plugins.workflow.steps.FileExistsStep$Execution.run(FileExistsStep.java:70)
    at org.jenkinsci.plugins.workflow.steps.SynchronousNonBlockingStepExecution$1$1.call(SynchronousNonBlockingStepExecution.java:50)
    at hudson.security.ACL.impersonate(ACL.java:290)
    at org.jenkinsci.plugins.workflow.steps.SynchronousNonBlockingStepExecution$1.run(SynchronousNonBlockingStepExecution.java:47)
    at java.util.concurrent.Executors$RunnableAdapter.call(Executors.java:511)
    at java.util.concurrent.FutureTask.run(FutureTask.java:266)
    at java.util.concurrent.ThreadPoolExecutor.runWorker(ThreadPoolExecutor.java:1142)
    at java.util.concurrent.ThreadPoolExecutor$Worker.run(ThreadPoolExecutor.java:617)
    at java.lang.Thread.run(Thread.java:745)
Caused by: java.io.IOException
    at hudson.remoting.Channel.close(Channel.java:1447)
    at hudson.remoting.Channel.close(Channel.java:1403)
    at hudson.slaves.SlaveComputer.closeChannel(SlaveComputer.java:821)
    at hudson.slaves.SlaveComputer.access$800(SlaveComputer.java:105)
    at hudson.slaves.SlaveComputer$3.run(SlaveComputer.java:737)
    at jenkins.util.ContextResettingExecutorService$1.run(ContextResettingExecutorService.java:28)
    at jenkins.security.ImpersonatingExecutorService$1.run(ImpersonatingExecutorService.java:59)
    ... 5 more

[Pipeline] }
[Pipeline] // stage
[Pipeline] }
[Pipeline] // ansiColor
[Pipeline] }
[Pipeline] // timestamps
[Pipeline] }
[Pipeline] // timeout
[Pipeline] }
[Pipeline] // withEnv
[Pipeline] }
[Pipeline] // withEnv
[Pipeline] }
[Pipeline] // node
[Pipeline] End of Pipeline

GitHub has been notified of this commit’s build result

ERROR: rndtest_glimpseMaya » develop #238 completed with status ABORTED (propagate: false to ignore)
Finished: FAILURE
