
make demo-jdk11 -e PLUGIN_NAME=credentials -e TEST_JDK_HOME=/Library/Java/JavaVirtualMachines/jdk-11.0.1.jdk/Contents/Home/
echo "Using JAVA_HOME for tests /Library/Java/JavaVirtualMachines/jdk-11.0.1.jdk/Contents/Home/"
Using JAVA_HOME for tests /Library/Java/JavaVirtualMachines/jdk-11.0.1.jdk/Contents/Home/
# TODO Cleanup when/if the JAXB bundling issue is resolved.
# https://issues.jenkins-ci.org/browse/JENKINS-52186
java -jar plugins-compat-tester-cli/target/plugins-compat-tester-cli.jar \
	     -reportFile /Users/kevinearls/sources/jenkinsci/forks/plugin-compat-tester/out/pct-report.xml \
	     -workDirectory /Users/kevinearls/sources/jenkinsci/forks/plugin-compat-tester/work -skipTestCache true \
	     -mvn /Users/kevinearls/tools/maven//bin/mvn -war tmp/jenkins-war-2.150.war \
	     -testJDKHome /Library/Java/JavaVirtualMachines/jdk-11.0.1.jdk/Contents/Home/ \
	     -testJavaArgs "-p /Users/kevinearls/sources/jenkinsci/forks/plugin-compat-tester/tmp/jaxb-api-2.3.0.jar:/Users/kevinearls/sources/jenkinsci/forks/plugin-compat-tester/tmp/javax.activation-1.2.0.jar --add-modules java.xml.bind,java.activation -cp /Users/kevinearls/sources/jenkinsci/forks/plugin-compat-tester/tmp/jaxb-impl-2.3.0.1.jar:/Users/kevinearls/sources/jenkinsci/forks/plugin-compat-tester/tmp/jaxb-core-2.3.0.1.jar" \
	     -includePlugins credentials
Checking tmp/jenkins-war-2.150.war for plugin split metadataâ€¦
found splits: [maven-plugin 1.296 1.296, subversion 1.310 1.0, cvs 1.340 0.1, ant 1.430 1.0, javadoc 1.430 1.0, external-monitor-job 1.467 1.0, ldap 1.467 1.0, pam-auth 1.467 1.0, mailer 1.493 1.2, matrix-auth 1.535 1.0.2, windows-slaves 1.547 1.0, antisamy-markup-formatter 1.553 1.0, matrix-project 1.561 1.0, junit 1.577 1.0, bouncycastle-api 2.16 2.16.0, command-launcher 2.86 1.0, jdk-tool 2.112 1.0]
found split cycles: [script-security bouncycastle-api, script-security matrix-auth, script-security windows-slaves, script-security matrix-project, script-security command-launcher, credentials matrix-auth, credentials windows-slaves, script-security antisamy-markup-formatter]
11:12:54.502 [main] DEBUG org.reflections.Reflections - going to scan these urls:
jar:file:/Users/kevinearls/sources/jenkinsci/forks/plugin-compat-tester/plugins-compat-tester-cli/target/plugins-compat-tester-cli.jar!/
11:12:54.651 [main] INFO  org.reflections.Reflections - Reflections took 140 ms to scan 1 urls, producing 38 keys and 76 values 
Hook: org.jenkins.tools.test.hook.SkipUIHelperPlugins
Hook: org.jenkins.tools.test.hook.DeclarativePipelineHook
Hook: org.jenkins.tools.test.hook.BlueOceanHook
Hook: org.jenkins.tools.test.hook.StructsHook
11:12:54.665 [main] DEBUG org.reflections.Reflections - going to scan these urls:
jar:file:/Users/kevinearls/sources/jenkinsci/forks/plugin-compat-tester/plugins-compat-tester-cli/target/plugins-compat-tester-cli.jar!/
11:12:54.737 [main] INFO  org.reflections.Reflections - Reflections took 71 ms to scan 1 urls, producing 38 keys and 76 values 
Hook: org.jenkins.tools.test.hook.TransformPom
Loaded TransformPom
11:12:54.739 [main] DEBUG org.reflections.Reflections - going to scan these urls:
jar:file:/Users/kevinearls/sources/jenkinsci/forks/plugin-compat-tester/plugins-compat-tester-cli/target/plugins-compat-tester-cli.jar!/
11:12:54.793 [main] INFO  org.reflections.Reflections - Reflections took 54 ms to scan 1 urls, producing 38 keys and 76 values 
Hook: org.jenkins.tools.test.hook.MultiParentCompileHook
Loaded multi-parent compile hook
Scanned contents of tmp/jenkins-war-2.150.war: {"id":"default","core":{"name":"core","version":"2.150","url":"https://foobar"},"plugins":{}}
WAR file does not contain plugin info, will try to extract it from UC for included plugins
Adding credentials to the test scope
WARNING: An illegal reflective access operation has occurred
WARNING: Illegal reflective access by com.thoughtworks.xstream.core.util.Fields (file:/Users/kevinearls/sources/jenkinsci/forks/plugin-compat-tester/plugins-compat-tester-cli/target/plugins-compat-tester-cli.jar) to field java.util.TreeMap.comparator
WARNING: Please consider reporting this to the maintainers of com.thoughtworks.xstream.core.util.Fields
WARNING: Use --illegal-access=warn to enable warnings of further illegal reflective access operations
WARNING: All illegal access operations will be denied in a future release
Using custom Test JDK home: /Library/Java/JavaVirtualMachines/jdk-11.0.1.jdk/Contents/Home
Starting plugin tests on core coordinates : MavenCoordinates[groupId=org.jenkins-ci.plugins, artifactId=plugin, version=2.150]
detected parent POM org.jenkins-ci.plugins:plugin:3.1






#############################################
#############################################
##
## Starting to test plugin credentials v2.1.18
## against MavenCoordinates[groupId=org.jenkins-ci.plugins, artifactId=plugin, version=2.150]
##
#############################################
#############################################






Processing org.jenkins.tools.test.hook.DeclarativePipelineHook
Hook not triggered.  Continuing.
Processing org.jenkins.tools.test.hook.BlueOceanHook
Hook not triggered.  Continuing.
Processing org.jenkins.tools.test.hook.StructsHook
Hook not triggered.  Continuing.
Deleting working directory /Users/kevinearls/sources/jenkinsci/forks/plugin-compat-tester/work/credentials
Created plugin checkout dir : /Users/kevinearls/sources/jenkinsci/forks/plugin-compat-tester/work/credentials
Checking out from SCM connection URL : scm:git:git://github.com/jenkinsci/credentials-plugin.git (credentials-2.1.18)
[INFO] Executing: /bin/sh -c cd '/Users/kevinearls/sources/jenkinsci/forks/plugin-compat-tester/work' && 'git' 'clone' 'git://github.com/jenkinsci/credentials-plugin.git' '/Users/kevinearls/sources/jenkinsci/forks/plugin-compat-tester/work/credentials'
[INFO] Working directory: /Users/kevinearls/sources/jenkinsci/forks/plugin-compat-tester/work
[INFO] Executing: /bin/sh -c cd '/Users/kevinearls/sources/jenkinsci/forks/plugin-compat-tester/work/credentials' && 'git' 'fetch' 'git://github.com/jenkinsci/credentials-plugin.git'
[INFO] Working directory: /Users/kevinearls/sources/jenkinsci/forks/plugin-compat-tester/work/credentials
[INFO] Executing: /bin/sh -c cd '/Users/kevinearls/sources/jenkinsci/forks/plugin-compat-tester/work/credentials' && 'git' 'checkout' 'credentials-2.1.18'
[INFO] Working directory: /Users/kevinearls/sources/jenkinsci/forks/plugin-compat-tester/work/credentials
[INFO] Executing: /bin/sh -c cd '/Users/kevinearls/sources/jenkinsci/forks/plugin-compat-tester/work/credentials' && 'git' 'ls-files'
[INFO] Working directory: /Users/kevinearls/sources/jenkinsci/forks/plugin-compat-tester/work/credentials
Processing org.jenkins.tools.test.hook.MultiParentCompileHook
Hook not triggered.  Continuing.
running [/Users/kevinearls/tools/maven/bin/mvn, --batch-mode, --show-version, --define=argLine=-p /Users/kevinearls/sources/jenkinsci/forks/plugin-compat-tester/tmp/jaxb-api-2.3.0.jar:/Users/kevinearls/sources/jenkinsci/forks/plugin-compat-tester/tmp/javax.activation-1.2.0.jar --add-modules java.xml.bind,java.activation -cp /Users/kevinearls/sources/jenkinsci/forks/plugin-compat-tester/tmp/jaxb-impl-2.3.0.1.jar:/Users/kevinearls/sources/jenkinsci/forks/plugin-compat-tester/tmp/jaxb-core-2.3.0.1.jar, --define=failIfNoTests=false, --define=jvm=/Library/Java/JavaVirtualMachines/jdk-11.0.1.jdk/Contents/Home/bin/java, clean, process-test-classes, -Dmaven.javadoc.skip] in /Users/kevinearls/sources/jenkinsci/forks/plugin-compat-tester/work/credentials >> /Users/kevinearls/sources/jenkinsci/forks/plugin-compat-tester/out/logs/credentials/v2.1.18_against_org.jenkins-ci.plugins_plugin_2.150.log
OpenJDK 64-Bit Server VM warning: Ignoring option MaxPermSize; support was removed in 8.0
Apache Maven 3.6.0 (97c98ec64a1fdfee7767ce5ffb20918da4f719f3; 2018-10-24T20:41:47+02:00)
Maven home: /Users/kevinearls/tools/maven
Java version: 11.0.1, vendor: Oracle Corporation, runtime: /Library/Java/JavaVirtualMachines/jdk-11.0.1.jdk/Contents/Home
Default locale: en_FR, platform encoding: UTF-8
OS name: "mac os x", version: "10.14.1", arch: "x86_64", family: "mac"
[INFO] Scanning for projects...
[INFO] 
[INFO] -----------------< org.jenkins-ci.plugins:credentials >-----------------
[INFO] Building Credentials Plugin 2.1.18
[INFO] --------------------------------[ hpi ]---------------------------------
[INFO] 
[INFO] --- maven-clean-plugin:3.0.0:clean (default-clean) @ credentials ---
[INFO] 
[INFO] --- maven-hpi-plugin:2.1:validate (default-validate) @ credentials ---
[INFO] 
[INFO] --- maven-enforcer-plugin:3.0.0-M1:display-info (display-info) @ credentials ---
[INFO] Maven Version: 3.6.0
[INFO] JDK Version: 11.0.1 normalized as: 11.0.1
[INFO] OS Info: Arch: x86_64 Family: mac Name: mac os x Version: 10.14.1
[INFO] 
[INFO] --- maven-enforcer-plugin:3.0.0-M1:enforce (display-info) @ credentials ---
[INFO] Ignoring requireUpperBoundDeps in com.google.guava:guava
[INFO] Ignoring requireUpperBoundDeps in com.google.code.findbugs:jsr305
[INFO] 
[INFO] --- maven-localizer-plugin:1.24:generate (default) @ credentials ---
[INFO] 
[INFO] --- antlr4-maven-plugin:4.5:antlr4 (default) @ credentials ---
[INFO] ANTLR 4: Processing source directory /Users/kevinearls/sources/jenkinsci/forks/plugin-compat-tester/work/credentials/src/main/antlr4
[INFO] Processing grammar: com/cloudbees/plugins/credentials/matchers/CQL.g4
[INFO] 
[INFO] >>> maven-javadoc-plugin:2.10.4:javadoc (default) > generate-sources @ credentials >>>
[INFO] 
[INFO] --- maven-hpi-plugin:2.1:validate (default-validate) @ credentials ---
[INFO] 
[INFO] --- maven-enforcer-plugin:3.0.0-M1:display-info (display-info) @ credentials ---
[INFO] Maven Version: 3.6.0
[INFO] JDK Version: 11.0.1 normalized as: 11.0.1
[INFO] OS Info: Arch: x86_64 Family: mac Name: mac os x Version: 10.14.1
[INFO] 
[INFO] --- maven-enforcer-plugin:3.0.0-M1:enforce (display-info) @ credentials ---
[INFO] Ignoring requireUpperBoundDeps in com.google.guava:guava
[INFO] Ignoring requireUpperBoundDeps in com.google.code.findbugs:jsr305
[INFO] 
[INFO] --- maven-localizer-plugin:1.24:generate (default) @ credentials ---
[INFO] 
[INFO] --- antlr4-maven-plugin:4.5:antlr4 (default) @ credentials ---
[INFO] ANTLR 4: Processing source directory /Users/kevinearls/sources/jenkinsci/forks/plugin-compat-tester/work/credentials/src/main/antlr4
[INFO] Processing grammar: com/cloudbees/plugins/credentials/matchers/CQL.g4
[INFO] 
[INFO] <<< maven-javadoc-plugin:2.10.4:javadoc (default) < generate-sources @ credentials <<<
[INFO] 
[INFO] 
[INFO] --- maven-javadoc-plugin:2.10.4:javadoc (default) @ credentials ---
[INFO] Skipping javadoc generation
[INFO] 
[INFO] --- maven-hpi-plugin:2.1:generate-taglib-interface (default) @ credentials ---
[INFO] lib/CredentialsTagLib.java
[INFO] lib/CredentialsTagLib.gdsl
[INFO] 
[INFO] --- maven-resources-plugin:3.0.2:resources (default-resources) @ credentials ---
[INFO] Using 'UTF-8' encoding to copy filtered resources.
[INFO] Copying 246 resources
[INFO] 
[INFO] --- maven-compiler-plugin:3.6.1:compile (default-compile) @ credentials ---
[INFO] Changes detected - recompiling the module!
[INFO] Compiling 110 source files to /Users/kevinearls/sources/jenkinsci/forks/plugin-compat-tester/work/credentials/target/classes
[INFO] /Users/kevinearls/sources/jenkinsci/forks/plugin-compat-tester/work/credentials/src/main/java/com/cloudbees/plugins/credentials/CredentialsStore.java: Some input files use or override a deprecated API.
[INFO] /Users/kevinearls/sources/jenkinsci/forks/plugin-compat-tester/work/credentials/src/main/java/com/cloudbees/plugins/credentials/CredentialsStore.java: Recompile with -Xlint:deprecation for details.
[INFO] -------------------------------------------------------------
[ERROR] COMPILATION ERROR : 
[INFO] -------------------------------------------------------------
[ERROR] Failed to load existing service definition files: java.nio.file.NoSuchFileException: /Users/kevinearls/sources/jenkinsci/forks/plugin-compat-tester/work/credentials/target/classes/META-INF/services/org.kohsuke.args4j.spi.OptionHandler
[ERROR] java.nio.file.NoSuchFileException: /Users/kevinearls/sources/jenkinsci/forks/plugin-compat-tester/work/credentials/target/classes/META-INF/exposed.stapler-beans
  	at java.base/sun.nio.fs.UnixException.translateToIOException(UnixException.java:92)
  	at java.base/sun.nio.fs.UnixException.rethrowAsIOException(UnixException.java:111)
  	at java.base/sun.nio.fs.UnixException.rethrowAsIOException(UnixException.java:116)
  	at java.base/sun.nio.fs.UnixFileSystemProvider.newByteChannel(UnixFileSystemProvider.java:215)
  	at java.base/java.nio.file.Files.newByteChannel(Files.java:370)
  	at java.base/java.nio.file.Files.newByteChannel(Files.java:421)
  	at java.base/java.nio.file.spi.FileSystemProvider.newInputStream(FileSystemProvider.java:420)
  	at java.base/java.nio.file.Files.newInputStream(Files.java:155)
  	at jdk.compiler/com.sun.tools.javac.file.PathFileObject.openInputStream(PathFileObject.java:456)
  	at java.compiler@11.0.1/javax.tools.ForwardingFileObject.openInputStream(ForwardingFileObject.java:74)
  	at org.kohsuke.stapler.jsr269.ExportedBeanAnnotationProcessor.scanExisting(ExportedBeanAnnotationProcessor.java:142)
  	at org.kohsuke.stapler.jsr269.ExportedBeanAnnotationProcessor.process(ExportedBeanAnnotationProcessor.java:61)
  	at jdk.compiler/com.sun.tools.javac.processing.JavacProcessingEnvironment.callProcessor(JavacProcessingEnvironment.java:972)
  	at jdk.compiler/com.sun.tools.javac.processing.JavacProcessingEnvironment.discoverAndRunProcs(JavacProcessingEnvironment.java:888)
  	at jdk.compiler/com.sun.tools.javac.processing.JavacProcessingEnvironment$Round.run(JavacProcessingEnvironment.java:1214)
  	at jdk.compiler/com.sun.tools.javac.processing.JavacProcessingEnvironment.doProcessing(JavacProcessingEnvironment.java:1326)
  	at jdk.compiler/com.sun.tools.javac.main.JavaCompiler.processAnnotations(JavaCompiler.java:1258)
  	at jdk.compiler/com.sun.tools.javac.main.JavaCompiler.compile(JavaCompiler.java:936)
  	at jdk.compiler/com.sun.tools.javac.api.JavacTaskImpl.lambda$doCall$0(JavacTaskImpl.java:104)
  	at jdk.compiler/com.sun.tools.javac.api.JavacTaskImpl.handleExceptions(JavacTaskImpl.java:147)
  	at jdk.compiler/com.sun.tools.javac.api.JavacTaskImpl.doCall(JavacTaskImpl.java:100)
  	at jdk.compiler/com.sun.tools.javac.api.JavacTaskImpl.call(JavacTaskImpl.java:94)
  	at org.codehaus.plexus.compiler.javac.JavaxToolsCompiler.compileInProcess(JavaxToolsCompiler.java:126)
  	at org.codehaus.plexus.compiler.javac.JavacCompiler.performCompile(JavacCompiler.java:174)
  	at org.apache.maven.plugin.compiler.AbstractCompilerMojo.execute(AbstractCompilerMojo.java:943)
  	at org.apache.maven.plugin.compiler.CompilerMojo.execute(CompilerMojo.java:137)
  	at org.apache.maven.plugin.DefaultBuildPluginManager.executeMojo(DefaultBuildPluginManager.java:137)
  	at org.apache.maven.lifecycle.internal.MojoExecutor.execute(MojoExecutor.java:210)
  	at org.apache.maven.lifecycle.internal.MojoExecutor.execute(MojoExecutor.java:156)
  	at org.apache.maven.lifecycle.internal.MojoExecutor.execute(MojoExecutor.java:148)
  	at org.apache.maven.lifecycle.internal.LifecycleModuleBuilder.buildProject(LifecycleModuleBuilder.java:117)
  	at org.apache.maven.lifecycle.internal.LifecycleModuleBuilder.buildProject(LifecycleModuleBuilder.java:81)
  	at org.apache.maven.lifecycle.internal.builder.singlethreaded.SingleThreadedBuilder.build(SingleThreadedBuilder.java:56)
  	at org.apache.maven.lifecycle.internal.LifecycleStarter.execute(LifecycleStarter.java:128)
  	at org.apache.maven.DefaultMaven.doExecute(DefaultMaven.java:305)
  	at org.apache.maven.DefaultMaven.doExecute(DefaultMaven.java:192)
  	at org.apache.maven.DefaultMaven.execute(DefaultMaven.java:105)
  	at org.apache.maven.cli.MavenCli.execute(MavenCli.java:956)
  	at org.apache.maven.cli.MavenCli.doMain(MavenCli.java:288)
  	at org.apache.maven.cli.MavenCli.main(MavenCli.java:192)
  	at java.base/jdk.internal.reflect.NativeMethodAccessorImpl.invoke0(Native Method)
  	at java.base/jdk.internal.reflect.NativeMethodAccessorImpl.invoke(NativeMethodAccessorImpl.java:62)
  	at java.base/jdk.internal.reflect.DelegatingMethodAccessorImpl.invoke(DelegatingMethodAccessorImpl.java:43)
  	at java.base/java.lang.reflect.Method.invoke(Method.java:566)
  	at org.codehaus.plexus.classworlds.launcher.Launcher.launchEnhanced(Launcher.java:289)
  	at org.codehaus.plexus.classworlds.launcher.Launcher.launch(Launcher.java:229)
  	at org.codehaus.plexus.classworlds.launcher.Launcher.mainWithExitCode(Launcher.java:415)
  	at org.codehaus.plexus.classworlds.launcher.Launcher.main(Launcher.java:356)
[ERROR] java.nio.file.NoSuchFileException: /Users/kevinearls/sources/jenkinsci/forks/plugin-compat-tester/work/credentials/target/classes/META-INF/annotations/org.jenkinsci.Symbol
[ERROR] java.nio.file.NoSuchFileException: /Users/kevinearls/sources/jenkinsci/forks/plugin-compat-tester/work/credentials/target/classes/META-INF/annotations/hudson.init.Initializer
[ERROR] java.nio.file.NoSuchFileException: /Users/kevinearls/sources/jenkinsci/forks/plugin-compat-tester/work/credentials/target/classes/META-INF/annotations/hudson.cli.declarative.CLIResolver
[ERROR] java.nio.file.NoSuchFileException: /Users/kevinearls/sources/jenkinsci/forks/plugin-compat-tester/work/credentials/target/classes/META-INF/annotations/org.kohsuke.accmod.Restricted
[ERROR] java.nio.file.NoSuchFileException: /Users/kevinearls/sources/jenkinsci/forks/plugin-compat-tester/work/credentials/target/classes/META-INF/annotations/org.kohsuke.stapler.export.ExportedBean
[ERROR] java.nio.file.NoSuchFileException: /Users/kevinearls/sources/jenkinsci/forks/plugin-compat-tester/work/credentials/target/classes/META-INF/annotations/hudson.Extension
[INFO] 8 errors 
[INFO] -------------------------------------------------------------
[INFO] ------------------------------------------------------------------------
[INFO] BUILD FAILURE
[INFO] ------------------------------------------------------------------------
[INFO] Total time:  9.923 s
[INFO] Finished at: 2018-12-12T11:13:21+01:00
[INFO] ------------------------------------------------------------------------
[ERROR] Failed to execute goal org.apache.maven.plugins:maven-compiler-plugin:3.6.1:compile (default-compile) on project credentials: Compilation failure: Compilation failure: 
[ERROR] Failed to load existing service definition files: java.nio.file.NoSuchFileException: /Users/kevinearls/sources/jenkinsci/forks/plugin-compat-tester/work/credentials/target/classes/META-INF/services/org.kohsuke.args4j.spi.OptionHandler
[ERROR] java.nio.file.NoSuchFileException: /Users/kevinearls/sources/jenkinsci/forks/plugin-compat-tester/work/credentials/target/classes/META-INF/exposed.stapler-beans
[ERROR]   	at java.base/sun.nio.fs.UnixException.translateToIOException(UnixException.java:92)
[ERROR]   	at java.base/sun.nio.fs.UnixException.rethrowAsIOException(UnixException.java:111)
[ERROR]   	at java.base/sun.nio.fs.UnixException.rethrowAsIOException(UnixException.java:116)
[ERROR]   	at java.base/sun.nio.fs.UnixFileSystemProvider.newByteChannel(UnixFileSystemProvider.java:215)
[ERROR]   	at java.base/java.nio.file.Files.newByteChannel(Files.java:370)
[ERROR]   	at java.base/java.nio.file.Files.newByteChannel(Files.java:421)
[ERROR]   	at java.base/java.nio.file.spi.FileSystemProvider.newInputStream(FileSystemProvider.java:420)
[ERROR]   	at java.base/java.nio.file.Files.newInputStream(Files.java:155)
[ERROR]   	at jdk.compiler/com.sun.tools.javac.file.PathFileObject.openInputStream(PathFileObject.java:456)
[ERROR]   	at java.compiler@11.0.1/javax.tools.ForwardingFileObject.openInputStream(ForwardingFileObject.java:74)
[ERROR]   	at org.kohsuke.stapler.jsr269.ExportedBeanAnnotationProcessor.scanExisting(ExportedBeanAnnotationProcessor.java:142)
[ERROR]   	at org.kohsuke.stapler.jsr269.ExportedBeanAnnotationProcessor.process(ExportedBeanAnnotationProcessor.java:61)
[ERROR]   	at jdk.compiler/com.sun.tools.javac.processing.JavacProcessingEnvironment.callProcessor(JavacProcessingEnvironment.java:972)
[ERROR]   	at jdk.compiler/com.sun.tools.javac.processing.JavacProcessingEnvironment.discoverAndRunProcs(JavacProcessingEnvironment.java:888)
[ERROR]   	at jdk.compiler/com.sun.tools.javac.processing.JavacProcessingEnvironment$Round.run(JavacProcessingEnvironment.java:1214)
[ERROR]   	at jdk.compiler/com.sun.tools.javac.processing.JavacProcessingEnvironment.doProcessing(JavacProcessingEnvironment.java:1326)
[ERROR]   	at jdk.compiler/com.sun.tools.javac.main.JavaCompiler.processAnnotations(JavaCompiler.java:1258)
[ERROR]   	at jdk.compiler/com.sun.tools.javac.main.JavaCompiler.compile(JavaCompiler.java:936)
[ERROR]   	at jdk.compiler/com.sun.tools.javac.api.JavacTaskImpl.lambda$doCall$0(JavacTaskImpl.java:104)
[ERROR]   	at jdk.compiler/com.sun.tools.javac.api.JavacTaskImpl.handleExceptions(JavacTaskImpl.java:147)
[ERROR]   	at jdk.compiler/com.sun.tools.javac.api.JavacTaskImpl.doCall(JavacTaskImpl.java:100)
[ERROR]   	at jdk.compiler/com.sun.tools.javac.api.JavacTaskImpl.call(JavacTaskImpl.java:94)
[ERROR]   	at org.codehaus.plexus.compiler.javac.JavaxToolsCompiler.compileInProcess(JavaxToolsCompiler.java:126)
[ERROR]   	at org.codehaus.plexus.compiler.javac.JavacCompiler.performCompile(JavacCompiler.java:174)
[ERROR]   	at org.apache.maven.plugin.compiler.AbstractCompilerMojo.execute(AbstractCompilerMojo.java:943)
[ERROR]   	at org.apache.maven.plugin.compiler.CompilerMojo.execute(CompilerMojo.java:137)
[ERROR]   	at org.apache.maven.plugin.DefaultBuildPluginManager.executeMojo(DefaultBuildPluginManager.java:137)
[ERROR]   	at org.apache.maven.lifecycle.internal.MojoExecutor.execute(MojoExecutor.java:210)
[ERROR]   	at org.apache.maven.lifecycle.internal.MojoExecutor.execute(MojoExecutor.java:156)
[ERROR]   	at org.apache.maven.lifecycle.internal.MojoExecutor.execute(MojoExecutor.java:148)
[ERROR]   	at org.apache.maven.lifecycle.internal.LifecycleModuleBuilder.buildProject(LifecycleModuleBuilder.java:117)
[ERROR]   	at org.apache.maven.lifecycle.internal.LifecycleModuleBuilder.buildProject(LifecycleModuleBuilder.java:81)
[ERROR]   	at org.apache.maven.lifecycle.internal.builder.singlethreaded.SingleThreadedBuilder.build(SingleThreadedBuilder.java:56)
[ERROR]   	at org.apache.maven.lifecycle.internal.LifecycleStarter.execute(LifecycleStarter.java:128)
[ERROR]   	at org.apache.maven.DefaultMaven.doExecute(DefaultMaven.java:305)
[ERROR]   	at org.apache.maven.DefaultMaven.doExecute(DefaultMaven.java:192)
[ERROR]   	at org.apache.maven.DefaultMaven.execute(DefaultMaven.java:105)
[ERROR]   	at org.apache.maven.cli.MavenCli.execute(MavenCli.java:956)
[ERROR]   	at org.apache.maven.cli.MavenCli.doMain(MavenCli.java:288)
[ERROR]   	at org.apache.maven.cli.MavenCli.main(MavenCli.java:192)
[ERROR]   	at java.base/jdk.internal.reflect.NativeMethodAccessorImpl.invoke0(Native Method)
[ERROR]   	at java.base/jdk.internal.reflect.NativeMethodAccessorImpl.invoke(NativeMethodAccessorImpl.java:62)
[ERROR]   	at java.base/jdk.internal.reflect.DelegatingMethodAccessorImpl.invoke(DelegatingMethodAccessorImpl.java:43)
[ERROR]   	at java.base/java.lang.reflect.Method.invoke(Method.java:566)
[ERROR]   	at org.codehaus.plexus.classworlds.launcher.Launcher.launchEnhanced(Launcher.java:289)
[ERROR]   	at org.codehaus.plexus.classworlds.launcher.Launcher.launch(Launcher.java:229)
[ERROR]   	at org.codehaus.plexus.classworlds.launcher.Launcher.mainWithExitCode(Launcher.java:415)
[ERROR]   	at org.codehaus.plexus.classworlds.launcher.Launcher.main(Launcher.java:356)
[ERROR] java.nio.file.NoSuchFileException: /Users/kevinearls/sources/jenkinsci/forks/plugin-compat-tester/work/credentials/target/classes/META-INF/annotations/org.jenkinsci.Symbol
[ERROR] java.nio.file.NoSuchFileException: /Users/kevinearls/sources/jenkinsci/forks/plugin-compat-tester/work/credentials/target/classes/META-INF/annotations/hudson.init.Initializer
[ERROR] java.nio.file.NoSuchFileException: /Users/kevinearls/sources/jenkinsci/forks/plugin-compat-tester/work/credentials/target/classes/META-INF/annotations/hudson.cli.declarative.CLIResolver
[ERROR] java.nio.file.NoSuchFileException: /Users/kevinearls/sources/jenkinsci/forks/plugin-compat-tester/work/credentials/target/classes/META-INF/annotations/org.kohsuke.accmod.Restricted
[ERROR] java.nio.file.NoSuchFileException: /Users/kevinearls/sources/jenkinsci/forks/plugin-compat-tester/work/credentials/target/classes/META-INF/annotations/org.kohsuke.stapler.export.ExportedBean
[ERROR] java.nio.file.NoSuchFileException: /Users/kevinearls/sources/jenkinsci/forks/plugin-compat-tester/work/credentials/target/classes/META-INF/annotations/hudson.Extension
[ERROR] -> [Help 1]
[ERROR] 
[ERROR] To see the full stack trace of the errors, re-run Maven with the -e switch.
[ERROR] Re-run Maven using the -X switch to enable full debug logging.
[ERROR] 
[ERROR] For more information about the errors and possible solutions, please read the following articles:
[ERROR] [Help 1] http://cwiki.apache.org/confluence/display/MAVEN/MojoFailureException
succeeded artifactIds: [maven-clean-plugin, maven-hpi-plugin, maven-enforcer-plugin, maven-enforcer-plugin, maven-localizer-plugin, antlr4-maven-plugin, maven-hpi-plugin, maven-enforcer-plugin, maven-enforcer-plugin, maven-localizer-plugin, antlr4-maven-plugin, maven-javadoc-plugin, maven-hpi-plugin, maven-resources-plugin]

