<testsuites><testsuite errors="0" name="nightRouting.nft" tests="37" time="56784.189" timestamp="2016-04-12 16:56:24.446000"><testcase name="AttributeCacheWarmUpCommand" time="42.922000000000004" /><testcase name="Bundles" time="14008.531" /><testcase name="CatalogAndPrices" time="4090.4410000000003" /><testcase name="CatsFromAtgData" time="112.465" /><testcase name="CatsFromCisData" time="34.192" /><testcase name="CleanQntRestrs" time="0.012" /><testcase name="Courier" time="775.8770000000001" /><testcase name="DeliverySetting" time="2.0620000000000003" /><testcase name="DirectCreditPayment" time="20238.703" /><testcase name="EmailNotification" time="0.46" /><testcase name="Empty" time="63.104000000000006" /><testcase name="Indexing" time="0.009000000000000001" /><testcase name="IndexingC" time="2844.574" /><testcase name="IndexingD" time="4312.557" /><testcase name="IndexingE" time="5491.512000000001" /><testcase name="IndexingF" time="10663.168" /><testcase name="IndexingSecondary" time="395.44100000000003" /><testcase name="LeadTimeAfterCourierSettingsUpdate" time="1768.875" /><testcase name="LeadTimeAfterIndexing" time="4047.338" /><testcase name="LeadTimeAfterPickupSettingsUpdate" time="0.001" /><testcase name="LeadTimeAterStoreStocks" time="3351.4170000000004" /><testcase name="PickUp" time="3067.7490000000003" /><testcase name="ProductIsNew" time="1328.756" /><testcase name="PromotionSupportLinks" time="0.006" /><testcase name="RegionConfigurationRepositoryInvalidation" time="0.1" /><testcase name="SAPGroups" time="1789.0790000000002" /><testcase name="ServiceGroups" time="1.372" /><testcase name="ServiceInfo" time="0.41300000000000003" /><testcase name="Services" time="170.61100000000002" /><testcase name="StoreConfigurationRepositoryInvalidation" time="0.221" /><testcase name="StoreStockCacheWarmUpCommand" time="33.839" /><testcase name="StoreStocks" time="115.14" /><testcase name="WarehouseStockCacheWarmUpCommand" time="27.243000000000002" /><testcase name="WarehouseStocks" time="378.719" /><testcase name="YRPromoCodesImport" time="0.56" /><testcase name="YandexReviewsImport" time="121.16" /><testcase name="ZeroStockCacheWarmUpCommand" time="79.678" /></testsuite><testsuite errors="0" name="nightRouting.uat" tests="37" time="12774.412" timestamp="2016-04-12 04:42:54.417000"><testcase name="AttributeCacheWarmUpCommand" time="35.794000000000004" /><testcase name="Bundles" time="406.20300000000003" /><testcase name="CatalogAndPrices" time="3948.453" /><testcase name="CatsFromAtgData" time="203.258" /><testcase name="CatsFromCisData" time="35.669000000000004" /><testcase name="CleanQntRestrs" time="2.279" /><testcase name="Courier" time="226.482" /><testcase name="DeliverySetting" time="386.17900000000003" /><testcase name="DirectCreditPayment" time="1788.133" /><testcase name="EmailNotification" time="1.5" /><testcase name="Empty" time="113.11" /><testcase name="Indexing" time="0.041" /><testcase name="IndexingC" time="1777.2" /><testcase name="IndexingD" time="1567.673" /><testcase name="IndexingE" time="1568.193" /><testcase name="IndexingF" time="1492.241" /><testcase name="IndexingSecondary" time="463.146" /><testcase name="LeadTimeAfterCourierSettingsUpdate" time="403.47200000000004" /><testcase name="LeadTimeAfterIndexing" time="753.676" /><testcase name="LeadTimeAfterPickupSettingsUpdate" time="786.065" /><testcase name="LeadTimeAterStoreStocks" time="803.138" /><testcase name="PickUp" time="413.07" /><testcase name="ProductIsNew" time="1332.29" /><testcase name="PromotionSupportLinks" time="0.001" /><testcase name="RegionConfigurationRepositoryInvalidation" time="0.04" /><testcase name="SAPGroups" time="2078.283" /><testcase name="ServiceGroups" time="1.699" /><testcase name="ServiceInfo" time="0.623" /><testcase name="Services" time="245.209" /><testcase name="StoreConfigurationRepositoryInvalidation" time="0.041" /><testcase name="StoreStockCacheWarmUpCommand" time="20.611" /><testcase name="StoreStocks" time="103.12" /><testcase name="WarehouseStockCacheWarmUpCommand" time="7.0280000000000005" /><testcase name="WarehouseStocks" time="117.31800000000001" /><testcase name="YRPromoCodesImport" time="0.10500000000000001" /><testcase name="YandexReviewsImport" time="13.891" /><testcase name="ZeroStockCacheWarmUpCommand" time="45.044000000000004" /></testsuite><testsuite errors="0" name="nightRouting.uat3" tests="38" time="12865.225" timestamp="2016-04-12 04:44:25.228000"><testcase name="AttributeCacheWarmUpCommand" time="44.456" /><testcase name="Bundles" time="166.42700000000002" /><testcase name="Catalog" time="3582.451" /><testcase name="CatsFromAtgData" time="197.44400000000002" /><testcase name="CatsFromCisData" time="47.459" /><testcase name="CleanQntRestrs" time="0.126" /><testcase name="Courier" time="3524.2490000000003" /><testcase name="DeliverySetting" time="351.2" /><testcase name="DirectCreditPayment" time="13.513" /><testcase name="EmailNotification" time="1.786" /><testcase name="Empty" time="107.964" /><testcase name="Indexing" time="0.024" /><testcase name="IndexingC" time="438.12100000000004" /><testcase name="IndexingD" time="382.545" /><testcase name="IndexingE" time="378.261" /><testcase name="IndexingF" time="378.274" /><testcase name="IndexingSecondary" time="429.642" /><testcase name="LeadTimeAfterCourierSettingsUpdate" time="1.6280000000000001" /><testcase name="LeadTimeAfterIndexing" time="20.039" /><testcase name="LeadTimeAfterPickupSettingsUpdate" time="26.13" /><testcase name="LeadTimeAterStoreStocks" time="38.669000000000004" /><testcase name="PickUp" time="336.041" /><testcase name="ProductIsNew" time="1199.403" /><testcase name="PromotionSupportLinks" time="0" /><testcase name="RegionConfigurationRepositoryInvalidation" time="0.08700000000000001" /><testcase name="SAPGroups" time="2733.1690000000003" /><testcase name="SAPPrice" time="4.3740000000000006" /><testcase name="ServiceGroups" time="1.592" /><testcase name="ServiceInfo" time="5.564" /><testcase name="Services" time="205.394" /><testcase name="StoreConfigurationRepositoryInvalidation" time="0.09" /><testcase name="StoreStockCacheWarmUpCommand" time="12.131" /><testcase name="StoreStocks" time="94.02900000000001" /><testcase name="WarehouseStockCacheWarmUpCommand" time="8.853" /><testcase name="WarehouseStocks" time="120.516" /><testcase name="YRPromoCodesImport" time="0.14700000000000002" /><testcase name="YandexReviewsImport" time="9.853" /><testcase name="ZeroStockCacheWarmUpCommand" time="25.459" /></testsuite><testsuite errors="0" name="nightRouting.uat4" tests="37" time="15220.499" timestamp="2016-04-12 05:23:40.503000"><testcase name="AttributeCacheWarmUpCommand" time="45.032000000000004" /><testcase name="Bundles" time="2286.5840000000003" /><testcase name="CatalogAndPrices" time="3442.7050000000004" /><testcase name="CatsFromAtgData" time="220.05700000000002" /><testcase name="CatsFromCisData" time="31.816000000000003" /><testcase name="CleanQntRestrs" time="0.11" /><testcase name="Courier" time="2834.8650000000002" /><testcase name="DeliverySetting" time="425.773" /><testcase name="DirectCreditPayment" time="2165.62" /><testcase name="EmailNotification" time="0.8240000000000001" /><testcase name="Empty" time="102.284" /><testcase name="Indexing" time="0.026000000000000002" /><testcase name="IndexingC" time="1729.1390000000001" /><testcase name="IndexingD" time="1561.067" /><testcase name="IndexingE" time="1580.258" /><testcase name="IndexingF" time="1667.98" /><testcase name="IndexingSecondary" time="439.168" /><testcase name="LeadTimeAfterCourierSettingsUpdate" time="228.791" /><testcase name="LeadTimeAfterIndexing" time="1068.673" /><testcase name="LeadTimeAfterPickupSettingsUpdate" time="1367.807" /><testcase name="LeadTimeAterStoreStocks" time="1101.665" /><testcase name="PickUp" time="30" /><testcase name="ProductIsNew" time="674.22" /><testcase name="PromotionSupportLinks" time="0.001" /><testcase name="RegionConfigurationRepositoryInvalidation" time="0.024" /><testcase name="SAPGroups" time="1613.902" /><testcase name="ServiceGroups" time="1.661" /><testcase name="ServiceInfo" time="1.0270000000000001" /><testcase name="Services" time="205.395" /><testcase name="StoreConfigurationRepositoryInvalidation" time="0.029" /><testcase name="StoreStockCacheWarmUpCommand" time="16.585" /><testcase name="StoreStocks" time="96.656" /><testcase name="WarehouseStockCacheWarmUpCommand" time="8.734" /><testcase name="WarehouseStocks" time="145.45000000000002" /><testcase name="YRPromoCodesImport" time="0.12200000000000001" /><testcase name="YandexReviewsImport" time="9.48" /><testcase name="ZeroStockCacheWarmUpCommand" time="39.737" /></testsuite></testsuites>