<?xml version="1.0" encoding="UTF-8"?>
<testsuites>
  <testsuite name="/home/tester/selenium-php-test/bootstrap/..//tests/Dedoles" tests="12" assertions="18" failures="2" skipped="0" errors="0" time="1092.439048">
    <testsuite name="Tests\Dedoles\DedolesDesktopTest" tests="6" assertions="9" failures="1" errors="0" time="550.890363" file="/home/tester/selenium-php-test/tests/Dedoles/DedolesDesktopTest.php">
      <testcase name="testRegularOrder with data set #1" class="Tests\Dedoles\DedolesDesktopTest" file="/home/tester/selenium-php-test/tests/Dedoles/DedolesDesktopTest.php" line="27" assertions="1" time="76.506116"/>
      <testcase name="testVoucherOrder with data set #1" class="Tests\Dedoles\DedolesDesktopTest" file="/home/tester/selenium-php-test/tests/Dedoles/DedolesDesktopTest.php" line="26" assertions="2" time="79.523200"/>
      <testcase name="testVoucherOrder with data set #0" class="Tests\Dedoles\DedolesDesktopTest" file="/home/tester/selenium-php-test/tests/Dedoles/DedolesDesktopTest.php" line="26" assertions="2" time="90.013841">
        <failure type="PHPUnit\Framework\ExpectationFailedException" message="Error Type:PHPUnit\Framework\ExpectationFailedException&#10;URL to screenshot:&#10;https://jenkins.ui42.sk/job/Dedoles%20ðŸŽ‰%20TESTER%20ðŸŽ‰%20TEST/ws/deploy_acceptance_test/DedolesDesktopTest/testVoucherOrdersk.png&#10;Last URL&#10;https://www.dedoles.sk/hotovo?vs=TEST354214&amp;t=MTMwYzdjOWI4MzA3ZjUzNjljOGFkOGExYTc5ZGFkODQ%3D&amp;voucher=TEST99&#10;Selected product:&#10;https://www.dedoles.sk/detske-vesele-ponozky-harry-potter-list-z-rokfortu#color=124073&#10;Selected Payment Type:&#10;prevod&#10;&#10;">Tests\Dedoles\DedolesDesktopTest::testVoucherOrder with data set #0 ('https://www.dedoles.sk', App\DataSet\TitleDataSet Object (...), App\DataSet\EshopDataSet Object (...))
Failed asserting that false is true.

/home/tester/selenium-php-test/app/Test/TestTrait/VoucherTestTrait.php:59
</failure>
      </testcase>
      <testcase name="testRegularOrder with data set #0" class="Tests\Dedoles\DedolesDesktopTest" file="/home/tester/selenium-php-test/tests/Dedoles/DedolesDesktopTest.php" line="27" assertions="1" time="92.590084"/>
      <testcase name="testRegularOrder with data set #2" class="Tests\Dedoles\DedolesDesktopTest" file="/home/tester/selenium-php-test/tests/Dedoles/DedolesDesktopTest.php" line="27" assertions="1" time="94.502138"/>
      <testcase name="testVoucherOrder with data set #2" class="Tests\Dedoles\DedolesDesktopTest" file="/home/tester/selenium-php-test/tests/Dedoles/DedolesDesktopTest.php" line="26" assertions="2" time="117.754984"/>
    </testsuite>
    <testsuite name="Tests\Dedoles\DedolesMobileTest" tests="6" assertions="9" failures="1" errors="0" time="541.548685" file="/home/tester/selenium-php-test/tests/Dedoles/DedolesMobileTest.php">
      <testcase name="testRegularOrder with data set #0" class="Tests\Dedoles\DedolesMobileTest" file="/home/tester/selenium-php-test/tests/Dedoles/DedolesMobileTest.php" line="27" assertions="1" time="101.614896"/>
      <testcase name="testRegularOrder with data set #1" class="Tests\Dedoles\DedolesMobileTest" file="/home/tester/selenium-php-test/tests/Dedoles/DedolesMobileTest.php" line="27" assertions="1" time="111.688529"/>
      <testcase name="testRegularOrder with data set #2" class="Tests\Dedoles\DedolesMobileTest" file="/home/tester/selenium-php-test/tests/Dedoles/DedolesMobileTest.php" line="27" assertions="1" time="71.991791"/>
      <testcase name="testVoucherOrder with data set #0" class="Tests\Dedoles\DedolesMobileTest" file="/home/tester/selenium-php-test/tests/Dedoles/DedolesMobileTest.php" line="26" assertions="2" time="84.826157">
        <failure type="PHPUnit\Framework\ExpectationFailedException" message="Error Type:PHPUnit\Framework\ExpectationFailedException&#10;URL to screenshot:&#10;https://jenkins.ui42.sk/job/Dedoles%20ðŸŽ‰%20TESTER%20ðŸŽ‰%20TEST/ws/deploy_acceptance_test/DedolesMobileTest/testVoucherOrdersk.png&#10;Last URL&#10;https://www.dedoles.sk/hotovo?vs=TEST354220&amp;t=NzQ3ZWMyMjUyMDAyOTc2M2VhYWU2ZmU3MjU5NzE1Mzk%3D&amp;voucher=TEST99&#10;Selected product:&#10;https://www.dedoles.sk/detske-vesele-ponozky-opice#color=124071&#10;Selected Payment Type:&#10;post&#10;&#10;">Tests\Dedoles\DedolesMobileTest::testVoucherOrder with data set #0 ('https://www.dedoles.sk', App\DataSet\TitleDataSet Object (...), App\DataSet\EshopDataSet Object (...))
Failed asserting that false is true.

/home/tester/selenium-php-test/app/Test/TestTrait/VoucherTestTrait.php:59
</failure>
      </testcase>
      <testcase name="testVoucherOrder with data set #2" class="Tests\Dedoles\DedolesMobileTest" file="/home/tester/selenium-php-test/tests/Dedoles/DedolesMobileTest.php" line="26" assertions="2" time="78.786043"/>
      <testcase name="testVoucherOrder with data set #1" class="Tests\Dedoles\DedolesMobileTest" file="/home/tester/selenium-php-test/tests/Dedoles/DedolesMobileTest.php" line="26" assertions="2" time="92.641269"/>
    </testsuite>
  </testsuite>
</testsuites>
