<?xml version="1.0" encoding="utf-8" standalone="no"?>
<test-run id="2" testcasecount="2" result="Failed" total="2" passed="1" failed="1" inconclusive="0" skipped="0" asserts="2" start-time="2015-06-03 08:36:03Z" end-time="2015-06-03 08:36:03Z" duration="0.094111">
  <environment nunit-version="3.0.5610.33198" clr-version="4.0.30319.18444" os-version="Microsoft Windows NT 6.1.7601 Service Pack 1" platform="Win32NT" cwd="C:\Program Files (x86)\NUnit.org\bin" machine-name="test" user="test" user-domain="test" culture="de-AT" uiculture="en-US" os-architecture="x64" />
  <test-suite type="Assembly" id="0-1003" name="nunit3tests.exe" fullname="D:\Dev\play\nunit3tests\bin\Debug\nunit3tests.exe" runstate="Runnable" testcasecount="2" result="Failed" site="Child" start-time="2015-06-03 08:36:03Z" end-time="2015-06-03 08:36:03Z" duration="0.065300" total="2" passed="1" failed="1" inconclusive="0" skipped="0" asserts="2">
    <properties>
      <property name="_PID" value="7916" />
      <property name="_APPDOMAIN" value="test-domain-" />
    </properties>
    <failure>
      <message>One or more child tests had errors</message>
    </failure>
    <test-suite type="TestSuite" id="0-1004" name="nunit3tests" fullname="nunit3tests" runstate="Runnable" testcasecount="2" result="Failed" site="Child" start-time="2015-06-03 08:36:03Z" end-time="2015-06-03 08:36:03Z" duration="0.061130" total="2" passed="1" failed="1" inconclusive="0" skipped="0" asserts="2">
      <failure>
        <message>One or more child tests had errors</message>
      </failure>
      <test-suite type="TestFixture" id="0-1000" name="Test" fullname="nunit3tests.Test" classname="nunit3tests.Test" runstate="Runnable" testcasecount="2" result="Failed" site="Child" start-time="2015-06-03 08:36:03Z" end-time="2015-06-03 08:36:03Z" duration="0.060104" total="2" passed="1" failed="1" inconclusive="0" skipped="0" asserts="2">
        <failure>
          <message>One or more child tests had errors</message>
        </failure>
        <test-case id="0-1001" name="Test1" fullname="nunit3tests.Test.Test1" methodname="Test1" classname="nunit3tests.Test" runstate="Runnable" seed="1998102471" result="Passed" start-time="2015-06-03 08:36:03Z" end-time="2015-06-03 08:36:03Z" duration="0.008515" asserts="1" />
        <test-case id="0-1002" name="Test2" fullname="nunit3tests.Test.Test2" methodname="Test2" classname="nunit3tests.Test" runstate="Runnable" seed="1801850340" result="Failed" start-time="2015-06-03 08:36:03Z" end-time="2015-06-03 08:36:03Z" duration="0.047108" asserts="1">
          <failure>
            <message>  Expected: 1
  But was:  2
</message>
            <stack-trace>at nunit3tests.Test.Test2() in d:\Dev\play\nunit3tests\Test.cs:line 22
</stack-trace>
          </failure>
        </test-case>
      </test-suite>
    </test-suite>
  </test-suite>
</test-run>