[2023-06-14T12:28:19.425Z] [htmlpublisher] Archiving HTML reports...[2023-06-14T12:28:19.430Z] [htmlpublisher] Archiving at PROJECT level /srv/dsadock/someteam-01/workspace/gate-on-failing-functional-tests/doxygen_output to /home/jenkinsstore/jenkins-scaled/someteam/jenkins/jobs/someproject/branches/feature-F.7era0f79rphf.nal-tests/htmlreports/Doxygen_20Documentation[2023-06-14T12:28:25.145Z] FATAL: HTML Publisher failure[2023-06-14T12:28:25.146Z] jenkins.util.io.CompositeIOException: Unable to delete '/home/jenkinsstore/jenkins-scaled/someteam/jenkins/jobs/someproject/branches/feature-F.7era0f79rphf.nal-tests/htmlreports/Doxygen_20Documentation'. Tried 3 times (of a maximum of 3) waiting 0.1 sec between attempts.[2023-06-14T12:28:25.146Z] 	at jenkins.util.io.PathRemover.forceRemoveRecursive(PathRemover.java:96)[2023-06-14T12:28:25.146Z] 	at hudson.Util.deleteRecursive(Util.java:320)[2023-06-14T12:28:25.146Z] 	at hudson.FilePath$DeleteRecursive.invoke(FilePath.java:1442)[2023-06-14T12:28:25.146Z] 	at hudson.FilePath$DeleteRecursive.invoke(FilePath.java:1437)[2023-06-14T12:28:25.146Z] 	at hudson.FilePath.act(FilePath.java:1198)[2023-06-14T12:28:25.146Z] 	at hudson.FilePath.act(FilePath.java:1181)[2023-06-14T12:28:25.146Z] 	at hudson.FilePath.deleteRecursive(FilePath.java:1434)[2023-06-14T12:28:25.146Z] 	at htmlpublisher.HtmlPublisher.publishReports(HtmlPublisher.java:239)[2023-06-14T12:28:25.146Z] 	at htmlpublisher.workflow.PublishHTMLStepExecution.run(PublishHTMLStepExecution.java:62)[2023-06-14T12:28:25.146Z] 	at htmlpublisher.workflow.PublishHTMLStepExecution.run(PublishHTMLStepExecution.java:44)[2023-06-14T12:28:25.146Z] 	at org.jenkinsci.plugins.workflow.steps.SynchronousNonBlockingStepExecution.lambda$start$0(SynchronousNonBlockingStepExecution.java:47)[2023-06-14T12:28:25.147Z] 	at java.base/java.util.concurrent.Executors$RunnableAdapter.call(Executors.java:515)[2023-06-14T12:28:25.147Z] 	at java.base/java.util.concurrent.FutureTask.run(FutureTask.java:264)[2023-06-14T12:28:25.147Z] 	at java.base/java.util.concurrent.ThreadPoolExecutor.runWorker(ThreadPoolExecutor.java:1128)[2023-06-14T12:28:25.147Z] 	at java.base/java.util.concurrent.ThreadPoolExecutor$Worker.run(ThreadPoolExecutor.java:628)[2023-06-14T12:28:25.147Z] 	at java.base/java.lang.Thread.run(Thread.java:829)[2023-06-14T12:28:25.147Z] 	Suppressed: jenkins.util.io.CompositeIOException: Unable to remove directory /home/jenkinsstore/jenkins-scaled/someteam/jenkins/jobs/someproject/branches/feature-F.7era0f79rphf.nal-tests/htmlreports/Doxygen_20Documentation/d5 with directory contents: [/home/jenkinsstore/jenkins-scaled/someteam/jenkins/jobs/someproject/branches/feature-F.7era0f79rphf.nal-tests/htmlreports/Doxygen_20Documentation/d5/dad, /home/jenkinsstore/jenkins-scaled/someteam/jenkins/jobs/someproject/branches/feature-F.7era0f79rphf.nal-tests/htmlreports/Doxygen_20Documentation/d5/dbe, /home/jenkinsstore/jenkins-scaled/someteam/jenkins/jobs/someproject/branches/feature-F.7era0f79rphf.nal-tests/htmlreports/Doxygen_20Documentation/d5/dbf, /home/jenkinsstore/jenkins-scaled/someteam/jenkins/jobs/someproject/branches/feature-F.7era0f79rphf.nal-tests/htmlreports/Doxygen_20Documentation/d5/dc4, /home/jenkinsstore/jenkins-scaled/someteam/jenkins/jobs/someproject/branches/feature-F.7era0f79rphf.nal-tests/htmlreports/Doxygen_20Documentation/d5/dc5, /home/jenkinsstore/jenkins-scaled/someteam/jenkins/jobs/someproject/branches/feature-F.7era0f79rphf.nal-tests/htmlreports/Doxygen_20Documentation/d5/dc8, /home/jenkinsstore/jenkins-scaled/someteam/jenkins/jobs/someproject/branches/feature-F.7era0f79rphf.nal-tests/htmlreports/Doxygen_20Documentation/d5/dc9, /home/jenkinsstore/jenkins-scaled/someteam/jenkins/jobs/someproject/branches/feature-F.7era0f79rphf.nal-tests/htmlreports/Doxygen_20Documentation/d5/dce, /home/jenkinsstore/jenkins-scaled/someteam/jenkins/jobs/someproject/branches/feature-F.7era0f79rphf.nal-tests/htmlreports/Doxygen_20Documentation/d5/dd1, /home/jenkinsstore/jenkins-scaled/someteam/jenkins/jobs/someproject/branches/feature-F.7era0f79rphf.nal-tests/htmlreports/Doxygen_20Documentation/d5/dd2, /home/jenkinsstore/jenkins-scaled/someteam/jenkins/jobs/someproject/branches/feature-F.7era0f79rphf.nal-tests/htmlreports/Doxygen_20Documentation/d5/dd4, /home/jenkinsstore/jenkins-scaled/someteam/jenkins/jobs/someproject/branches/feature-F.7era0f79rphf.nal-tests/htmlreports/Doxygen_20Documentation/d5/ddb, /home/jenkinsstore/jenkins-scaled/someteam/jenkins/jobs/someproject/branches/feature-F.7era0f79rphf.nal-tests/htmlreports/Doxygen_20Documentation/d5/ddd, /home/jenkinsstore/jenkins-scaled/someteam/jenkins/jobs/someproject/branches/feature-F.7era0f79rphf.nal-tests/htmlreports/Doxygen_20Documentation/d5/de1, /home/jenkinsstore/jenkins-scaled/someteam/jenkins/jobs/someproject/branches/feature-F.7era0f79rphf.nal-tests/htmlreports/Doxygen_20Documentation/d5/de4, /home/jenkinsstore/jenkins-scaled/someteam/jenkins/jobs/someproject/branches/feature-F.7era0f79rphf.nal-tests/htmlreports/Doxygen_20Documentation/d5/de5, /home/jenkinsstore/jenkins-scaled/someteam/jenkins/jobs/someproject/branches/feature-F.7era0f79rphf.nal-tests/htmlreports/Doxygen_20Documentation/d5/de8, /home/jenkinsstore/jenkins-scaled/someteam/jenkins/jobs/someproject/branches/feature-F.7era0f79rphf.nal-tests/htmlreports/Doxygen_20Documentation/d5/ded, /home/jenkinsstore/jenkins-scaled/someteam/jenkins/jobs/someproject/branches/feature-F.7era0f79rphf.nal-tests/htmlreports/Doxygen_20Documentation/d5/df4, /home/jenkinsstore/jenkins-scaled/someteam/jenkins/jobs/someproject/branches/feature-F.7era0f79rphf.nal-tests/htmlreports/Doxygen_20Documentation/d5/da8][2023-06-14T12:28:25.147Z] 		at jenkins.util.io.PathRemover.removeOrMakeRemovableThenRemove(PathRemover.java:247)[2023-06-14T12:28:25.147Z] 		at jenkins.util.io.PathRemover.tryRemoveFile(PathRemover.java:202)[2023-06-14T12:28:25.147Z] 		at jenkins.util.io.PathRemover.tryRemoveRecursive(PathRemover.java:213)[2023-06-14T12:28:25.147Z] 		at jenkins.util.io.PathRemover.tryRemoveDirectoryContents(PathRemover.java:223)[2023-06-14T12:28:25.147Z] 		at jenkins.util.io.PathRemover.tryRemoveRecursive(PathRemover.java:212)[2023-06-14T12:28:25.147Z] 		at jenkins.util.io.PathRemover.forceRemoveRecursive(PathRemover.java:93)[2023-06-14T12:28:25.147Z] 		... 15 more[2023-06-14T12:28:25.147Z] 		Suppressed: java.nio.file.DirectoryNotEmptyException: /home/jenkinsstore/jenkins-scaled/someteam/jenkins/jobs/someproject/branches/feature-F.7era0f79rphf.nal-tests/htmlreports/Doxygen_20Documentation/d5[2023-06-14T12:28:25.147Z] 			at java.base/sun.nio.fs.UnixFileSystemProvider.implDelete(UnixFileSystemProvider.java:247)[2023-06-14T12:28:25.147Z] 			at java.base/sun.nio.fs.AbstractFileSystemProvider.deleteIfExists(AbstractFileSystemProvider.java:110)[2023-06-14T12:28:25.147Z] 			at java.base/java.nio.file.Files.deleteIfExists(Files.java:1181)[2023-06-14T12:28:25.147Z] 			at jenkins.util.io.PathRemover.removeOrMakeRemovableThenRemove(PathRemover.java:234)[2023-06-14T12:28:25.147Z] 			... 20 more[2023-06-14T12:28:25.147Z] 		Suppressed: java.nio.file.DirectoryNotEmptyException: /home/jenkinsstore/jenkins-scaled/someteam/jenkins/jobs/someproject/branches/feature-F.7era0f79rphf.nal-tests/htmlreports/Doxygen_20Documentation/d5[2023-06-14T12:28:25.147Z] 			at java.base/sun.nio.fs.UnixFileSystemProvider.implDelete(UnixFileSystemProvider.java:247)[2023-06-14T12:28:25.147Z] 			at java.base/sun.nio.fs.AbstractFileSystemProvider.deleteIfExists(AbstractFileSystemProvider.java:110)[2023-06-14T12:28:25.147Z] 			at java.base/java.nio.file.Files.deleteIfExists(Files.java:1181)[2023-06-14T12:28:25.147Z] 			at jenkins.util.io.PathRemover.removeOrMakeRemovableThenRemove(PathRemover.java:238)[2023-06-14T12:28:25.147Z] 			... 20 more[2023-06-14T12:28:25.147Z] 	Suppressed: jenkins.util.io.CompositeIOException: Unable to remove directory /home/jenkinsstore/jenkins-scaled/someteam/jenkins/jobs/someproject/branches/feature-F.7era0f79rphf.nal-tests/htmlreports/Doxygen_20Documentation with directory contents: [/home/jenkinsstore/jenkins-scaled/someteam/jenkins/jobs/someproject/branches/feature-F.7era0f79rphf.nal-tests/htmlreports/Doxygen_20Documentation/d5][2023-06-14T12:28:25.147Z] 		at jenkins.util.io.PathRemover.removeOrMakeRemovableThenRemove(PathRemover.java:247)[2023-06-14T12:28:25.147Z] 		at jenkins.util.io.PathRemover.tryRemoveFile(PathRemover.java:202)[2023-06-14T12:28:25.147Z] 		at jenkins.util.io.PathRemover.tryRemoveRecursive(PathRemover.java:213)[2023-06-14T12:28:25.147Z] 		at jenkins.util.io.PathRemover.forceRemoveRecursive(PathRemover.java:93)[2023-06-14T12:28:25.147Z] 		... 15 more[2023-06-14T12:28:25.147Z] 		Suppressed: java.nio.file.DirectoryNotEmptyException: /home/jenkinsstore/jenkins-scaled/someteam/jenkins/jobs/someproject/branches/feature-F.7era0f79rphf.nal-tests/htmlreports/Doxygen_20Documentation[2023-06-14T12:28:25.147Z] 			at java.base/sun.nio.fs.UnixFileSystemProvider.implDelete(UnixFileSystemProvider.java:247)[2023-06-14T12:28:25.151Z] 			at java.base/sun.nio.fs.AbstractFileSystemProvider.deleteIfExists(AbstractFileSystemProvider.java:110)[2023-06-14T12:28:25.151Z] 			at java.base/java.nio.file.Files.deleteIfExists(Files.java:1181)[2023-06-14T12:28:25.151Z] 			at jenkins.util.io.PathRemover.removeOrMakeRemovableThenRemove(PathRemover.java:234)[2023-06-14T12:28:25.151Z] 			... 18 more[2023-06-14T12:28:25.151Z] 		Suppressed: java.nio.file.DirectoryNotEmptyException: /home/jenkinsstore/jenkins-scaled/someteam/jenkins/jobs/someproject/branches/feature-F.7era0f79rphf.nal-tests/htmlreports/Doxygen_20Documentation[2023-06-14T12:28:25.151Z] 			at java.base/sun.nio.fs.UnixFileSystemProvider.implDelete(UnixFileSystemProvider.java:247)[2023-06-14T12:28:25.151Z] 			at java.base/sun.nio.fs.AbstractFileSystemProvider.deleteIfExists(AbstractFileSystemProvider.java:110)[2023-06-14T12:28:25.151Z] 			at java.base/java.nio.file.Files.deleteIfExists(Files.java:1181)[2023-06-14T12:28:25.151Z] 			at jenkins.util.io.PathRemover.removeOrMakeRemovableThenRemove(PathRemover.java:238)[2023-06-14T12:28:25.151Z] 			... 18 more