<?xml version="1.0" encoding="utf-8" standalone="no"?>
<test-run id="2" testcasecount="8" result="Passed" total="0" passed="0" failed="0" inconclusive="0" skipped="0" asserts="0" engine-version="3.6.1.0" clr-version="4.0.30319.42000" start-time="2017-05-11 10:37:13Z" end-time="2017-05-11 10:37:13Z" duration="0.590253">
  <command-line><![CDATA[nunit3-console.exe  RegressionTests.dll -where class==RegressionTests.MISSING_CLASS]]></command-line>
  <filter>
    <class>RegressionTests.MISSING_CLASS</class>
  </filter>
  <test-suite type="Assembly" id="0-1010" name="RegressionTests.dll" fullname="D:\binaries\RegressionTests.dll" runstate="Runnable" testcasecount="8" result="Passed" start-time="2017-05-11 10:37:13Z" end-time="2017-05-11 10:37:13Z" duration="0.014366" total="0" passed="0" failed="0" warnings="0" inconclusive="0" skipped="0" asserts="0">
    <environment framework-version="3.6.1.0" clr-version="4.0.30319.42000" os-version="Microsoft Windows NT 6.1.7601 Service Pack 1" platform="Win32NT" cwd="D:\binaries" machine-name="TEST" user="test" user-domain="TEST" culture="en-US" uiculture="en-US" os-architecture="x64" />
    <settings>
      <setting name="DisposeRunners" value="True" />
      <setting name="WorkDirectory" value="D:\binaries" />
      <setting name="ImageRuntimeVersion" value="4.0.30319" />
      <setting name="ImageTargetFrameworkName" value=".NETFramework,Version=v4.5.1" />
      <setting name="ImageRequiresX86" value="False" />
      <setting name="ImageRequiresDefaultAppDomainAssemblyResolver" value="False" />
      <setting name="NumberOfTestWorkers" value="4" />
    </settings>
    <properties>
      <property name="_PID" value="16420" />
      <property name="_APPDOMAIN" value="domain-" />
    </properties>
  </test-suite>
</test-run>