[Pipeline] stage
[Pipeline] { (Declarative: Post Actions)
[Pipeline] xunit
INFO: Processing Custom Tool
Error when executing always post condition:
Also:   hudson.remoting.Channel$CallSiteStackTrace: Remote call to YoctoBuildNode
		at hudson.remoting.Channel.attachCallSiteStackTrace(Channel.java:1784)
		at hudson.remoting.UserRequest$ExceptionResponse.retrieve(UserRequest.java:356)
		at hudson.remoting.Channel.call(Channel.java:1000)
		at hudson.FilePath.act(FilePath.java:1192)
		at hudson.FilePath.act(FilePath.java:1181)
		at org.jenkinsci.plugins.xunit.XUnitProcessor.processTestsReport(XUnitProcessor.java:212)
		at org.jenkinsci.plugins.xunit.XUnitProcessor.process(XUnitProcessor.java:161)
		at org.jenkinsci.plugins.xunit.pipeline.XUnitResultsStepExecution.run(XUnitResultsStepExecution.java:93)
		at org.jenkinsci.plugins.xunit.pipeline.XUnitResultsStepExecution.run(XUnitResultsStepExecution.java:52)
		at org.jenkinsci.plugins.workflow.steps.SynchronousNonBlockingStepExecution.lambda$start$0(SynchronousNonBlockingStepExecution.java:47)
		at java.base/java.util.concurrent.Executors$RunnableAdapter.call(Executors.java:515)
java.lang.NoClassDefFoundError: org/jenkinsci/lib/dtkit/util/validator/ValidationService
	at org.jenkinsci.lib.dtkit.model.InputMetricXSL.validateInputFile(InputMetricXSL.java:234)
	at org.jenkinsci.plugins.xunit.service.XUnitValidationService.validateInputFile(XUnitValidationService.java:74)
	at org.jenkinsci.plugins.xunit.service.XUnitTransformerCallable.invoke(XUnitTransformerCallable.java:108)
	at org.jenkinsci.plugins.xunit.service.XUnitTransformerCallable.invoke(XUnitTransformerCallable.java:38)
	at hudson.FilePath$FileCallableWrapper.call(FilePath.java:3578)
	at hudson.remoting.UserRequest.perform(UserRequest.java:211)
	at hudson.remoting.UserRequest.perform(UserRequest.java:54)
	at hudson.remoting.Request$2.run(Request.java:377)
	at hudson.remoting.InterceptingExecutorService.lambda$wrap$0(InterceptingExecutorService.java:78)
Also:   org.jenkinsci.plugins.workflow.actions.ErrorAction$ErrorId: 2d5ba811-6ea2-4f3c-a6f9-da74649201b2
Caused: java.io.IOException: Remote call on YoctoBuildNode failed
	at hudson.remoting.Channel.call(Channel.java:1004)
	at hudson.FilePath.act(FilePath.java:1192)
	at hudson.FilePath.act(FilePath.java:1181)
	at org.jenkinsci.plugins.xunit.XUnitProcessor.processTestsReport(XUnitProcessor.java:212)
	at org.jenkinsci.plugins.xunit.XUnitProcessor.process(XUnitProcessor.java:161)
	at org.jenkinsci.plugins.xunit.pipeline.XUnitResultsStepExecution.run(XUnitResultsStepExecution.java:93)
	at org.jenkinsci.plugins.xunit.pipeline.XUnitResultsStepExecution.run(XUnitResultsStepExecution.java:52)
	at org.jenkinsci.plugins.workflow.steps.SynchronousNonBlockingStepExecution.lambda$start$0(SynchronousNonBlockingStepExecution.java:47)
	at java.base/java.util.concurrent.Executors$RunnableAdapter.call(Executors.java:515)
	at java.base/java.util.concurrent.FutureTask.run(FutureTask.java:264)
	at java.base/java.util.concurrent.ThreadPoolExecutor.runWorker(ThreadPoolExecutor.java:1128)
	at java.base/java.util.concurrent.ThreadPoolExecutor$Worker.run(ThreadPoolExecutor.java:628)
	at java.base/java.lang.Thread.run(Thread.java:829)

[Pipeline] office365ConnectorSend
[Pipeline] }
[Pipeline] // stage
[Pipeline] }
[Pipeline] // withEnv
[Pipeline] }
[Pipeline] // withEnv
[Pipeline] }
[Pipeline] // node
[Pipeline] End of Pipeline
Also:   hudson.remoting.Channel$CallSiteStackTrace: Remote call to YoctoBuildNode
		at hudson.remoting.Channel.attachCallSiteStackTrace(Channel.java:1784)
		at hudson.remoting.UserRequest$ExceptionResponse.retrieve(UserRequest.java:356)
		at hudson.remoting.Channel.call(Channel.java:1000)
		at hudson.FilePath.act(FilePath.java:1192)
		at hudson.FilePath.act(FilePath.java:1181)
		at org.jenkinsci.plugins.xunit.XUnitProcessor.processTestsReport(XUnitProcessor.java:212)
		at org.jenkinsci.plugins.xunit.XUnitProcessor.process(XUnitProcessor.java:161)
		at org.jenkinsci.plugins.xunit.pipeline.XUnitResultsStepExecution.run(XUnitResultsStepExecution.java:93)
		at org.jenkinsci.plugins.xunit.pipeline.XUnitResultsStepExecution.run(XUnitResultsStepExecution.java:52)
		at org.jenkinsci.plugins.workflow.steps.SynchronousNonBlockingStepExecution.lambda$start$0(SynchronousNonBlockingStepExecution.java:47)
		at java.base/java.util.concurrent.Executors$RunnableAdapter.call(Executors.java:515)
java.lang.NoClassDefFoundError: org/jenkinsci/lib/dtkit/util/validator/ValidationService
	at org.jenkinsci.lib.dtkit.model.InputMetricXSL.validateInputFile(InputMetricXSL.java:234)
	at org.jenkinsci.plugins.xunit.service.XUnitValidationService.validateInputFile(XUnitValidationService.java:74)
	at org.jenkinsci.plugins.xunit.service.XUnitTransformerCallable.invoke(XUnitTransformerCallable.java:108)
	at org.jenkinsci.plugins.xunit.service.XUnitTransformerCallable.invoke(XUnitTransformerCallable.java:38)
	at hudson.FilePath$FileCallableWrapper.call(FilePath.java:3578)
	at hudson.remoting.UserRequest.perform(UserRequest.java:211)
	at hudson.remoting.UserRequest.perform(UserRequest.java:54)
	at hudson.remoting.Request$2.run(Request.java:377)
	at hudson.remoting.InterceptingExecutorService.lambda$wrap$0(InterceptingExecutorService.java:78)
Also:   org.jenkinsci.plugins.workflow.actions.ErrorAction$ErrorId: 2d5ba811-6ea2-4f3c-a6f9-da74649201b2
Caused: java.io.IOException: Remote call on YoctoBuildNode failed
	at hudson.remoting.Channel.call(Channel.java:1004)
	at hudson.FilePath.act(FilePath.java:1192)
	at hudson.FilePath.act(FilePath.java:1181)
	at org.jenkinsci.plugins.xunit.XUnitProcessor.processTestsReport(XUnitProcessor.java:212)
	at org.jenkinsci.plugins.xunit.XUnitProcessor.process(XUnitProcessor.java:161)
	at org.jenkinsci.plugins.xunit.pipeline.XUnitResultsStepExecution.run(XUnitResultsStepExecution.java:93)
	at org.jenkinsci.plugins.xunit.pipeline.XUnitResultsStepExecution.run(XUnitResultsStepExecution.java:52)
	at org.jenkinsci.plugins.workflow.steps.SynchronousNonBlockingStepExecution.lambda$start$0(SynchronousNonBlockingStepExecution.java:47)
	at java.base/java.util.concurrent.Executors$RunnableAdapter.call(Executors.java:515)
	at java.base/java.util.concurrent.FutureTask.run(FutureTask.java:264)
	at java.base/java.util.concurrent.ThreadPoolExecutor.runWorker(ThreadPoolExecutor.java:1128)
	at java.base/java.util.concurrent.ThreadPoolExecutor$Worker.run(ThreadPoolExecutor.java:628)
	at java.base/java.lang.Thread.run(Thread.java:829)
Finished: FAILURE
